[2025-06-12T18:35:21.011+0000] {processor.py:161} INFO - Started process (PID=118) to work on /home/airflow/.local/lib/python3.8/site-packages/airflow/example_dags/example_dynamic_task_mapping.py
[2025-06-12T18:35:21.014+0000] {processor.py:830} INFO - Processing file /home/airflow/.local/lib/python3.8/site-packages/airflow/example_dags/example_dynamic_task_mapping.py for tasks to queue
[2025-06-12T18:35:21.019+0000] {logging_mixin.py:188} INFO - [2025-06-12T18:35:21.018+0000] {dagbag.py:538} INFO - Filling up the DagBag from /home/airflow/.local/lib/python3.8/site-packages/airflow/example_dags/example_dynamic_task_mapping.py
[2025-06-12T18:35:21.036+0000] {processor.py:840} INFO - DAG(s) 'example_dynamic_task_mapping' retrieved from /home/airflow/.local/lib/python3.8/site-packages/airflow/example_dags/example_dynamic_task_mapping.py
[2025-06-12T18:35:21.306+0000] {logging_mixin.py:188} INFO - [2025-06-12T18:35:21.305+0000] {dag.py:3036} INFO - Sync 1 DAGs
[2025-06-12T18:35:21.368+0000] {logging_mixin.py:188} INFO - [2025-06-12T18:35:21.367+0000] {dag.py:3823} INFO - Setting next_dagrun for example_dynamic_task_mapping to 2022-03-04 00:00:00+00:00, run_after=2022-03-05 00:00:00+00:00
[2025-06-12T18:35:21.975+0000] {processor.py:183} INFO - Processing /home/airflow/.local/lib/python3.8/site-packages/airflow/example_dags/example_dynamic_task_mapping.py took 0.972 seconds
[2025-06-12T18:35:52.278+0000] {processor.py:161} INFO - Started process (PID=173) to work on /home/airflow/.local/lib/python3.8/site-packages/airflow/example_dags/example_dynamic_task_mapping.py
[2025-06-12T18:35:52.290+0000] {processor.py:830} INFO - Processing file /home/airflow/.local/lib/python3.8/site-packages/airflow/example_dags/example_dynamic_task_mapping.py for tasks to queue
[2025-06-12T18:35:52.303+0000] {logging_mixin.py:188} INFO - [2025-06-12T18:35:52.301+0000] {dagbag.py:538} INFO - Filling up the DagBag from /home/airflow/.local/lib/python3.8/site-packages/airflow/example_dags/example_dynamic_task_mapping.py
[2025-06-12T18:35:52.331+0000] {processor.py:840} INFO - DAG(s) 'example_dynamic_task_mapping' retrieved from /home/airflow/.local/lib/python3.8/site-packages/airflow/example_dags/example_dynamic_task_mapping.py
[2025-06-12T18:35:52.401+0000] {logging_mixin.py:188} INFO - [2025-06-12T18:35:52.401+0000] {dag.py:3036} INFO - Sync 1 DAGs
[2025-06-12T18:35:52.474+0000] {logging_mixin.py:188} INFO - [2025-06-12T18:35:52.474+0000] {dag.py:3823} INFO - Setting next_dagrun for example_dynamic_task_mapping to 2022-03-04 00:00:00+00:00, run_after=2022-03-05 00:00:00+00:00
[2025-06-12T18:35:52.533+0000] {processor.py:183} INFO - Processing /home/airflow/.local/lib/python3.8/site-packages/airflow/example_dags/example_dynamic_task_mapping.py took 0.284 seconds
[2025-06-12T18:36:23.368+0000] {processor.py:161} INFO - Started process (PID=228) to work on /home/airflow/.local/lib/python3.8/site-packages/airflow/example_dags/example_dynamic_task_mapping.py
[2025-06-12T18:36:23.370+0000] {processor.py:830} INFO - Processing file /home/airflow/.local/lib/python3.8/site-packages/airflow/example_dags/example_dynamic_task_mapping.py for tasks to queue
[2025-06-12T18:36:23.373+0000] {logging_mixin.py:188} INFO - [2025-06-12T18:36:23.373+0000] {dagbag.py:538} INFO - Filling up the DagBag from /home/airflow/.local/lib/python3.8/site-packages/airflow/example_dags/example_dynamic_task_mapping.py
[2025-06-12T18:36:23.386+0000] {processor.py:840} INFO - DAG(s) 'example_dynamic_task_mapping' retrieved from /home/airflow/.local/lib/python3.8/site-packages/airflow/example_dags/example_dynamic_task_mapping.py
[2025-06-12T18:36:23.409+0000] {logging_mixin.py:188} INFO - [2025-06-12T18:36:23.409+0000] {dag.py:3036} INFO - Sync 1 DAGs
[2025-06-12T18:36:23.447+0000] {logging_mixin.py:188} INFO - [2025-06-12T18:36:23.446+0000] {dag.py:3823} INFO - Setting next_dagrun for example_dynamic_task_mapping to 2022-03-04 00:00:00+00:00, run_after=2022-03-05 00:00:00+00:00
[2025-06-12T18:36:23.480+0000] {processor.py:183} INFO - Processing /home/airflow/.local/lib/python3.8/site-packages/airflow/example_dags/example_dynamic_task_mapping.py took 0.118 seconds
[2025-06-12T18:36:54.364+0000] {processor.py:161} INFO - Started process (PID=283) to work on /home/airflow/.local/lib/python3.8/site-packages/airflow/example_dags/example_dynamic_task_mapping.py
[2025-06-12T18:36:54.367+0000] {processor.py:830} INFO - Processing file /home/airflow/.local/lib/python3.8/site-packages/airflow/example_dags/example_dynamic_task_mapping.py for tasks to queue
[2025-06-12T18:36:54.370+0000] {logging_mixin.py:188} INFO - [2025-06-12T18:36:54.370+0000] {dagbag.py:538} INFO - Filling up the DagBag from /home/airflow/.local/lib/python3.8/site-packages/airflow/example_dags/example_dynamic_task_mapping.py
[2025-06-12T18:36:54.382+0000] {processor.py:840} INFO - DAG(s) 'example_dynamic_task_mapping' retrieved from /home/airflow/.local/lib/python3.8/site-packages/airflow/example_dags/example_dynamic_task_mapping.py
[2025-06-12T18:36:54.535+0000] {logging_mixin.py:188} INFO - [2025-06-12T18:36:54.535+0000] {dag.py:3036} INFO - Sync 1 DAGs
[2025-06-12T18:36:54.563+0000] {logging_mixin.py:188} INFO - [2025-06-12T18:36:54.563+0000] {dag.py:3823} INFO - Setting next_dagrun for example_dynamic_task_mapping to 2022-03-04 00:00:00+00:00, run_after=2022-03-05 00:00:00+00:00
[2025-06-12T18:36:54.602+0000] {processor.py:183} INFO - Processing /home/airflow/.local/lib/python3.8/site-packages/airflow/example_dags/example_dynamic_task_mapping.py took 0.244 seconds
[2025-06-12T18:37:24.736+0000] {processor.py:161} INFO - Started process (PID=338) to work on /home/airflow/.local/lib/python3.8/site-packages/airflow/example_dags/example_dynamic_task_mapping.py
[2025-06-12T18:37:24.738+0000] {processor.py:830} INFO - Processing file /home/airflow/.local/lib/python3.8/site-packages/airflow/example_dags/example_dynamic_task_mapping.py for tasks to queue
[2025-06-12T18:37:24.742+0000] {logging_mixin.py:188} INFO - [2025-06-12T18:37:24.741+0000] {dagbag.py:538} INFO - Filling up the DagBag from /home/airflow/.local/lib/python3.8/site-packages/airflow/example_dags/example_dynamic_task_mapping.py
[2025-06-12T18:37:24.753+0000] {processor.py:840} INFO - DAG(s) 'example_dynamic_task_mapping' retrieved from /home/airflow/.local/lib/python3.8/site-packages/airflow/example_dags/example_dynamic_task_mapping.py
[2025-06-12T18:37:24.793+0000] {logging_mixin.py:188} INFO - [2025-06-12T18:37:24.792+0000] {dag.py:3036} INFO - Sync 1 DAGs
[2025-06-12T18:37:24.826+0000] {logging_mixin.py:188} INFO - [2025-06-12T18:37:24.826+0000] {dag.py:3823} INFO - Setting next_dagrun for example_dynamic_task_mapping to 2022-03-04 00:00:00+00:00, run_after=2022-03-05 00:00:00+00:00
[2025-06-12T18:37:24.858+0000] {processor.py:183} INFO - Processing /home/airflow/.local/lib/python3.8/site-packages/airflow/example_dags/example_dynamic_task_mapping.py took 0.129 seconds
[2025-06-12T18:37:55.557+0000] {processor.py:161} INFO - Started process (PID=393) to work on /home/airflow/.local/lib/python3.8/site-packages/airflow/example_dags/example_dynamic_task_mapping.py
[2025-06-12T18:37:55.561+0000] {processor.py:830} INFO - Processing file /home/airflow/.local/lib/python3.8/site-packages/airflow/example_dags/example_dynamic_task_mapping.py for tasks to queue
[2025-06-12T18:37:55.575+0000] {logging_mixin.py:188} INFO - [2025-06-12T18:37:55.573+0000] {dagbag.py:538} INFO - Filling up the DagBag from /home/airflow/.local/lib/python3.8/site-packages/airflow/example_dags/example_dynamic_task_mapping.py
[2025-06-12T18:37:55.604+0000] {processor.py:840} INFO - DAG(s) 'example_dynamic_task_mapping' retrieved from /home/airflow/.local/lib/python3.8/site-packages/airflow/example_dags/example_dynamic_task_mapping.py
[2025-06-12T18:37:55.648+0000] {logging_mixin.py:188} INFO - [2025-06-12T18:37:55.648+0000] {dag.py:3036} INFO - Sync 1 DAGs
[2025-06-12T18:37:55.684+0000] {logging_mixin.py:188} INFO - [2025-06-12T18:37:55.683+0000] {dag.py:3823} INFO - Setting next_dagrun for example_dynamic_task_mapping to 2022-03-04 00:00:00+00:00, run_after=2022-03-05 00:00:00+00:00
[2025-06-12T18:37:55.718+0000] {processor.py:183} INFO - Processing /home/airflow/.local/lib/python3.8/site-packages/airflow/example_dags/example_dynamic_task_mapping.py took 0.172 seconds
[2025-06-12T18:38:26.470+0000] {processor.py:161} INFO - Started process (PID=448) to work on /home/airflow/.local/lib/python3.8/site-packages/airflow/example_dags/example_dynamic_task_mapping.py
[2025-06-12T18:38:26.472+0000] {processor.py:830} INFO - Processing file /home/airflow/.local/lib/python3.8/site-packages/airflow/example_dags/example_dynamic_task_mapping.py for tasks to queue
[2025-06-12T18:38:26.476+0000] {logging_mixin.py:188} INFO - [2025-06-12T18:38:26.475+0000] {dagbag.py:538} INFO - Filling up the DagBag from /home/airflow/.local/lib/python3.8/site-packages/airflow/example_dags/example_dynamic_task_mapping.py
[2025-06-12T18:38:26.488+0000] {processor.py:840} INFO - DAG(s) 'example_dynamic_task_mapping' retrieved from /home/airflow/.local/lib/python3.8/site-packages/airflow/example_dags/example_dynamic_task_mapping.py
[2025-06-12T18:38:26.525+0000] {logging_mixin.py:188} INFO - [2025-06-12T18:38:26.525+0000] {dag.py:3036} INFO - Sync 1 DAGs
[2025-06-12T18:38:26.566+0000] {logging_mixin.py:188} INFO - [2025-06-12T18:38:26.566+0000] {dag.py:3823} INFO - Setting next_dagrun for example_dynamic_task_mapping to 2022-03-04 00:00:00+00:00, run_after=2022-03-05 00:00:00+00:00
[2025-06-12T18:38:26.605+0000] {processor.py:183} INFO - Processing /home/airflow/.local/lib/python3.8/site-packages/airflow/example_dags/example_dynamic_task_mapping.py took 0.140 seconds
[2025-06-12T18:38:57.261+0000] {processor.py:161} INFO - Started process (PID=501) to work on /home/airflow/.local/lib/python3.8/site-packages/airflow/example_dags/example_dynamic_task_mapping.py
[2025-06-12T18:38:57.264+0000] {processor.py:830} INFO - Processing file /home/airflow/.local/lib/python3.8/site-packages/airflow/example_dags/example_dynamic_task_mapping.py for tasks to queue
[2025-06-12T18:38:57.268+0000] {logging_mixin.py:188} INFO - [2025-06-12T18:38:57.268+0000] {dagbag.py:538} INFO - Filling up the DagBag from /home/airflow/.local/lib/python3.8/site-packages/airflow/example_dags/example_dynamic_task_mapping.py
[2025-06-12T18:38:57.279+0000] {processor.py:840} INFO - DAG(s) 'example_dynamic_task_mapping' retrieved from /home/airflow/.local/lib/python3.8/site-packages/airflow/example_dags/example_dynamic_task_mapping.py
[2025-06-12T18:38:57.323+0000] {logging_mixin.py:188} INFO - [2025-06-12T18:38:57.322+0000] {dag.py:3036} INFO - Sync 1 DAGs
[2025-06-12T18:38:57.380+0000] {logging_mixin.py:188} INFO - [2025-06-12T18:38:57.380+0000] {dag.py:3823} INFO - Setting next_dagrun for example_dynamic_task_mapping to 2022-03-04 00:00:00+00:00, run_after=2022-03-05 00:00:00+00:00
[2025-06-12T18:38:57.434+0000] {processor.py:183} INFO - Processing /home/airflow/.local/lib/python3.8/site-packages/airflow/example_dags/example_dynamic_task_mapping.py took 0.179 seconds
[2025-06-12T18:39:27.968+0000] {processor.py:161} INFO - Started process (PID=556) to work on /home/airflow/.local/lib/python3.8/site-packages/airflow/example_dags/example_dynamic_task_mapping.py
[2025-06-12T18:39:27.970+0000] {processor.py:830} INFO - Processing file /home/airflow/.local/lib/python3.8/site-packages/airflow/example_dags/example_dynamic_task_mapping.py for tasks to queue
[2025-06-12T18:39:27.976+0000] {logging_mixin.py:188} INFO - [2025-06-12T18:39:27.975+0000] {dagbag.py:538} INFO - Filling up the DagBag from /home/airflow/.local/lib/python3.8/site-packages/airflow/example_dags/example_dynamic_task_mapping.py
[2025-06-12T18:39:27.991+0000] {processor.py:840} INFO - DAG(s) 'example_dynamic_task_mapping' retrieved from /home/airflow/.local/lib/python3.8/site-packages/airflow/example_dags/example_dynamic_task_mapping.py
[2025-06-12T18:39:28.017+0000] {logging_mixin.py:188} INFO - [2025-06-12T18:39:28.017+0000] {dag.py:3036} INFO - Sync 1 DAGs
[2025-06-12T18:39:28.060+0000] {logging_mixin.py:188} INFO - [2025-06-12T18:39:28.060+0000] {dag.py:3823} INFO - Setting next_dagrun for example_dynamic_task_mapping to 2022-03-04 00:00:00+00:00, run_after=2022-03-05 00:00:00+00:00
[2025-06-12T18:39:28.093+0000] {processor.py:183} INFO - Processing /home/airflow/.local/lib/python3.8/site-packages/airflow/example_dags/example_dynamic_task_mapping.py took 0.131 seconds
[2025-06-12T18:39:58.324+0000] {processor.py:161} INFO - Started process (PID=611) to work on /home/airflow/.local/lib/python3.8/site-packages/airflow/example_dags/example_dynamic_task_mapping.py
[2025-06-12T18:39:58.327+0000] {processor.py:830} INFO - Processing file /home/airflow/.local/lib/python3.8/site-packages/airflow/example_dags/example_dynamic_task_mapping.py for tasks to queue
[2025-06-12T18:39:58.332+0000] {logging_mixin.py:188} INFO - [2025-06-12T18:39:58.331+0000] {dagbag.py:538} INFO - Filling up the DagBag from /home/airflow/.local/lib/python3.8/site-packages/airflow/example_dags/example_dynamic_task_mapping.py
[2025-06-12T18:39:58.342+0000] {processor.py:840} INFO - DAG(s) 'example_dynamic_task_mapping' retrieved from /home/airflow/.local/lib/python3.8/site-packages/airflow/example_dags/example_dynamic_task_mapping.py
[2025-06-12T18:39:58.518+0000] {logging_mixin.py:188} INFO - [2025-06-12T18:39:58.517+0000] {dag.py:3036} INFO - Sync 1 DAGs
[2025-06-12T18:39:58.549+0000] {logging_mixin.py:188} INFO - [2025-06-12T18:39:58.549+0000] {dag.py:3823} INFO - Setting next_dagrun for example_dynamic_task_mapping to 2022-03-04 00:00:00+00:00, run_after=2022-03-05 00:00:00+00:00
[2025-06-12T18:39:58.594+0000] {processor.py:183} INFO - Processing /home/airflow/.local/lib/python3.8/site-packages/airflow/example_dags/example_dynamic_task_mapping.py took 0.277 seconds
[2025-06-12T18:40:38.796+0000] {processor.py:161} INFO - Started process (PID=666) to work on /home/airflow/.local/lib/python3.8/site-packages/airflow/example_dags/example_dynamic_task_mapping.py
[2025-06-12T18:40:38.800+0000] {processor.py:830} INFO - Processing file /home/airflow/.local/lib/python3.8/site-packages/airflow/example_dags/example_dynamic_task_mapping.py for tasks to queue
[2025-06-12T18:40:38.806+0000] {logging_mixin.py:188} INFO - [2025-06-12T18:40:38.805+0000] {dagbag.py:538} INFO - Filling up the DagBag from /home/airflow/.local/lib/python3.8/site-packages/airflow/example_dags/example_dynamic_task_mapping.py
[2025-06-12T18:40:38.830+0000] {processor.py:840} INFO - DAG(s) 'example_dynamic_task_mapping' retrieved from /home/airflow/.local/lib/python3.8/site-packages/airflow/example_dags/example_dynamic_task_mapping.py
[2025-06-12T18:40:38.897+0000] {logging_mixin.py:188} INFO - [2025-06-12T18:40:38.897+0000] {dag.py:3036} INFO - Sync 1 DAGs
[2025-06-12T18:40:38.986+0000] {logging_mixin.py:188} INFO - [2025-06-12T18:40:38.985+0000] {dag.py:3823} INFO - Setting next_dagrun for example_dynamic_task_mapping to 2022-03-04 00:00:00+00:00, run_after=2022-03-05 00:00:00+00:00
[2025-06-12T18:40:39.037+0000] {processor.py:183} INFO - Processing /home/airflow/.local/lib/python3.8/site-packages/airflow/example_dags/example_dynamic_task_mapping.py took 0.250 seconds
[2025-06-12T18:46:19.085+0000] {processor.py:161} INFO - Started process (PID=725) to work on /home/airflow/.local/lib/python3.8/site-packages/airflow/example_dags/example_dynamic_task_mapping.py
[2025-06-12T18:46:19.088+0000] {processor.py:830} INFO - Processing file /home/airflow/.local/lib/python3.8/site-packages/airflow/example_dags/example_dynamic_task_mapping.py for tasks to queue
[2025-06-12T18:46:19.090+0000] {logging_mixin.py:188} INFO - [2025-06-12T18:46:19.089+0000] {dagbag.py:538} INFO - Filling up the DagBag from /home/airflow/.local/lib/python3.8/site-packages/airflow/example_dags/example_dynamic_task_mapping.py
[2025-06-12T18:46:19.110+0000] {processor.py:840} INFO - DAG(s) 'example_dynamic_task_mapping' retrieved from /home/airflow/.local/lib/python3.8/site-packages/airflow/example_dags/example_dynamic_task_mapping.py
[2025-06-12T18:46:19.277+0000] {logging_mixin.py:188} INFO - [2025-06-12T18:46:19.277+0000] {dag.py:3036} INFO - Sync 1 DAGs
[2025-06-12T18:46:19.308+0000] {logging_mixin.py:188} INFO - [2025-06-12T18:46:19.308+0000] {dag.py:3823} INFO - Setting next_dagrun for example_dynamic_task_mapping to 2022-03-04 00:00:00+00:00, run_after=2022-03-05 00:00:00+00:00
[2025-06-12T18:46:19.352+0000] {processor.py:183} INFO - Processing /home/airflow/.local/lib/python3.8/site-packages/airflow/example_dags/example_dynamic_task_mapping.py took 0.275 seconds
[2025-06-12T18:46:49.712+0000] {processor.py:161} INFO - Started process (PID=781) to work on /home/airflow/.local/lib/python3.8/site-packages/airflow/example_dags/example_dynamic_task_mapping.py
[2025-06-12T18:46:49.715+0000] {processor.py:830} INFO - Processing file /home/airflow/.local/lib/python3.8/site-packages/airflow/example_dags/example_dynamic_task_mapping.py for tasks to queue
[2025-06-12T18:46:49.718+0000] {logging_mixin.py:188} INFO - [2025-06-12T18:46:49.717+0000] {dagbag.py:538} INFO - Filling up the DagBag from /home/airflow/.local/lib/python3.8/site-packages/airflow/example_dags/example_dynamic_task_mapping.py
[2025-06-12T18:46:49.738+0000] {processor.py:840} INFO - DAG(s) 'example_dynamic_task_mapping' retrieved from /home/airflow/.local/lib/python3.8/site-packages/airflow/example_dags/example_dynamic_task_mapping.py
[2025-06-12T18:46:49.807+0000] {logging_mixin.py:188} INFO - [2025-06-12T18:46:49.806+0000] {dag.py:3036} INFO - Sync 1 DAGs
[2025-06-12T18:46:49.875+0000] {logging_mixin.py:188} INFO - [2025-06-12T18:46:49.874+0000] {dag.py:3823} INFO - Setting next_dagrun for example_dynamic_task_mapping to 2022-03-04 00:00:00+00:00, run_after=2022-03-05 00:00:00+00:00
[2025-06-12T18:46:49.927+0000] {processor.py:183} INFO - Processing /home/airflow/.local/lib/python3.8/site-packages/airflow/example_dags/example_dynamic_task_mapping.py took 0.222 seconds
[2025-06-12T18:47:20.067+0000] {processor.py:161} INFO - Started process (PID=836) to work on /home/airflow/.local/lib/python3.8/site-packages/airflow/example_dags/example_dynamic_task_mapping.py
[2025-06-12T18:47:20.069+0000] {processor.py:830} INFO - Processing file /home/airflow/.local/lib/python3.8/site-packages/airflow/example_dags/example_dynamic_task_mapping.py for tasks to queue
[2025-06-12T18:47:20.071+0000] {logging_mixin.py:188} INFO - [2025-06-12T18:47:20.071+0000] {dagbag.py:538} INFO - Filling up the DagBag from /home/airflow/.local/lib/python3.8/site-packages/airflow/example_dags/example_dynamic_task_mapping.py
[2025-06-12T18:47:20.085+0000] {processor.py:840} INFO - DAG(s) 'example_dynamic_task_mapping' retrieved from /home/airflow/.local/lib/python3.8/site-packages/airflow/example_dags/example_dynamic_task_mapping.py
[2025-06-12T18:47:20.120+0000] {logging_mixin.py:188} INFO - [2025-06-12T18:47:20.120+0000] {dag.py:3036} INFO - Sync 1 DAGs
[2025-06-12T18:47:20.151+0000] {logging_mixin.py:188} INFO - [2025-06-12T18:47:20.151+0000] {dag.py:3823} INFO - Setting next_dagrun for example_dynamic_task_mapping to 2022-03-04 00:00:00+00:00, run_after=2022-03-05 00:00:00+00:00
[2025-06-12T18:47:20.184+0000] {processor.py:183} INFO - Processing /home/airflow/.local/lib/python3.8/site-packages/airflow/example_dags/example_dynamic_task_mapping.py took 0.123 seconds
[2025-06-12T18:47:50.390+0000] {processor.py:161} INFO - Started process (PID=891) to work on /home/airflow/.local/lib/python3.8/site-packages/airflow/example_dags/example_dynamic_task_mapping.py
[2025-06-12T18:47:50.392+0000] {processor.py:830} INFO - Processing file /home/airflow/.local/lib/python3.8/site-packages/airflow/example_dags/example_dynamic_task_mapping.py for tasks to queue
[2025-06-12T18:47:50.395+0000] {logging_mixin.py:188} INFO - [2025-06-12T18:47:50.394+0000] {dagbag.py:538} INFO - Filling up the DagBag from /home/airflow/.local/lib/python3.8/site-packages/airflow/example_dags/example_dynamic_task_mapping.py
[2025-06-12T18:47:50.407+0000] {processor.py:840} INFO - DAG(s) 'example_dynamic_task_mapping' retrieved from /home/airflow/.local/lib/python3.8/site-packages/airflow/example_dags/example_dynamic_task_mapping.py
[2025-06-12T18:47:50.444+0000] {logging_mixin.py:188} INFO - [2025-06-12T18:47:50.444+0000] {dag.py:3036} INFO - Sync 1 DAGs
[2025-06-12T18:47:50.478+0000] {logging_mixin.py:188} INFO - [2025-06-12T18:47:50.477+0000] {dag.py:3823} INFO - Setting next_dagrun for example_dynamic_task_mapping to 2022-03-04 00:00:00+00:00, run_after=2022-03-05 00:00:00+00:00
[2025-06-12T18:47:50.507+0000] {processor.py:183} INFO - Processing /home/airflow/.local/lib/python3.8/site-packages/airflow/example_dags/example_dynamic_task_mapping.py took 0.123 seconds
[2025-06-12T18:48:23.130+0000] {processor.py:161} INFO - Started process (PID=946) to work on /home/airflow/.local/lib/python3.8/site-packages/airflow/example_dags/example_dynamic_task_mapping.py
[2025-06-12T18:48:23.132+0000] {processor.py:830} INFO - Processing file /home/airflow/.local/lib/python3.8/site-packages/airflow/example_dags/example_dynamic_task_mapping.py for tasks to queue
[2025-06-12T18:48:23.134+0000] {logging_mixin.py:188} INFO - [2025-06-12T18:48:23.134+0000] {dagbag.py:538} INFO - Filling up the DagBag from /home/airflow/.local/lib/python3.8/site-packages/airflow/example_dags/example_dynamic_task_mapping.py
[2025-06-12T18:48:23.147+0000] {processor.py:840} INFO - DAG(s) 'example_dynamic_task_mapping' retrieved from /home/airflow/.local/lib/python3.8/site-packages/airflow/example_dags/example_dynamic_task_mapping.py
[2025-06-12T18:48:23.182+0000] {logging_mixin.py:188} INFO - [2025-06-12T18:48:23.182+0000] {dag.py:3036} INFO - Sync 1 DAGs
[2025-06-12T18:48:23.217+0000] {logging_mixin.py:188} INFO - [2025-06-12T18:48:23.217+0000] {dag.py:3823} INFO - Setting next_dagrun for example_dynamic_task_mapping to 2022-03-04 00:00:00+00:00, run_after=2022-03-05 00:00:00+00:00
[2025-06-12T18:48:23.254+0000] {processor.py:183} INFO - Processing /home/airflow/.local/lib/python3.8/site-packages/airflow/example_dags/example_dynamic_task_mapping.py took 0.131 seconds
[2025-06-12T18:48:54.256+0000] {processor.py:161} INFO - Started process (PID=1001) to work on /home/airflow/.local/lib/python3.8/site-packages/airflow/example_dags/example_dynamic_task_mapping.py
[2025-06-12T18:48:54.261+0000] {processor.py:830} INFO - Processing file /home/airflow/.local/lib/python3.8/site-packages/airflow/example_dags/example_dynamic_task_mapping.py for tasks to queue
[2025-06-12T18:48:54.265+0000] {logging_mixin.py:188} INFO - [2025-06-12T18:48:54.264+0000] {dagbag.py:538} INFO - Filling up the DagBag from /home/airflow/.local/lib/python3.8/site-packages/airflow/example_dags/example_dynamic_task_mapping.py
[2025-06-12T18:48:54.278+0000] {processor.py:840} INFO - DAG(s) 'example_dynamic_task_mapping' retrieved from /home/airflow/.local/lib/python3.8/site-packages/airflow/example_dags/example_dynamic_task_mapping.py
[2025-06-12T18:48:54.316+0000] {logging_mixin.py:188} INFO - [2025-06-12T18:48:54.316+0000] {dag.py:3036} INFO - Sync 1 DAGs
[2025-06-12T18:48:54.347+0000] {logging_mixin.py:188} INFO - [2025-06-12T18:48:54.347+0000] {dag.py:3823} INFO - Setting next_dagrun for example_dynamic_task_mapping to 2022-03-04 00:00:00+00:00, run_after=2022-03-05 00:00:00+00:00
[2025-06-12T18:48:54.377+0000] {processor.py:183} INFO - Processing /home/airflow/.local/lib/python3.8/site-packages/airflow/example_dags/example_dynamic_task_mapping.py took 0.129 seconds
[2025-06-12T18:49:24.759+0000] {processor.py:161} INFO - Started process (PID=1054) to work on /home/airflow/.local/lib/python3.8/site-packages/airflow/example_dags/example_dynamic_task_mapping.py
[2025-06-12T18:49:24.761+0000] {processor.py:830} INFO - Processing file /home/airflow/.local/lib/python3.8/site-packages/airflow/example_dags/example_dynamic_task_mapping.py for tasks to queue
[2025-06-12T18:49:24.764+0000] {logging_mixin.py:188} INFO - [2025-06-12T18:49:24.763+0000] {dagbag.py:538} INFO - Filling up the DagBag from /home/airflow/.local/lib/python3.8/site-packages/airflow/example_dags/example_dynamic_task_mapping.py
[2025-06-12T18:49:24.778+0000] {processor.py:840} INFO - DAG(s) 'example_dynamic_task_mapping' retrieved from /home/airflow/.local/lib/python3.8/site-packages/airflow/example_dags/example_dynamic_task_mapping.py
[2025-06-12T18:49:24.813+0000] {logging_mixin.py:188} INFO - [2025-06-12T18:49:24.813+0000] {dag.py:3036} INFO - Sync 1 DAGs
[2025-06-12T18:49:24.848+0000] {logging_mixin.py:188} INFO - [2025-06-12T18:49:24.848+0000] {dag.py:3823} INFO - Setting next_dagrun for example_dynamic_task_mapping to 2022-03-04 00:00:00+00:00, run_after=2022-03-05 00:00:00+00:00
[2025-06-12T18:49:24.879+0000] {processor.py:183} INFO - Processing /home/airflow/.local/lib/python3.8/site-packages/airflow/example_dags/example_dynamic_task_mapping.py took 0.128 seconds
[2025-06-12T18:49:55.235+0000] {processor.py:161} INFO - Started process (PID=1109) to work on /home/airflow/.local/lib/python3.8/site-packages/airflow/example_dags/example_dynamic_task_mapping.py
[2025-06-12T18:49:55.237+0000] {processor.py:830} INFO - Processing file /home/airflow/.local/lib/python3.8/site-packages/airflow/example_dags/example_dynamic_task_mapping.py for tasks to queue
[2025-06-12T18:49:55.240+0000] {logging_mixin.py:188} INFO - [2025-06-12T18:49:55.239+0000] {dagbag.py:538} INFO - Filling up the DagBag from /home/airflow/.local/lib/python3.8/site-packages/airflow/example_dags/example_dynamic_task_mapping.py
[2025-06-12T18:49:55.254+0000] {processor.py:840} INFO - DAG(s) 'example_dynamic_task_mapping' retrieved from /home/airflow/.local/lib/python3.8/site-packages/airflow/example_dags/example_dynamic_task_mapping.py
[2025-06-12T18:49:55.295+0000] {logging_mixin.py:188} INFO - [2025-06-12T18:49:55.294+0000] {dag.py:3036} INFO - Sync 1 DAGs
[2025-06-12T18:49:55.329+0000] {logging_mixin.py:188} INFO - [2025-06-12T18:49:55.329+0000] {dag.py:3823} INFO - Setting next_dagrun for example_dynamic_task_mapping to 2022-03-04 00:00:00+00:00, run_after=2022-03-05 00:00:00+00:00
[2025-06-12T18:49:55.363+0000] {processor.py:183} INFO - Processing /home/airflow/.local/lib/python3.8/site-packages/airflow/example_dags/example_dynamic_task_mapping.py took 0.133 seconds
[2025-06-12T18:50:26.198+0000] {processor.py:161} INFO - Started process (PID=1164) to work on /home/airflow/.local/lib/python3.8/site-packages/airflow/example_dags/example_dynamic_task_mapping.py
[2025-06-12T18:50:26.200+0000] {processor.py:830} INFO - Processing file /home/airflow/.local/lib/python3.8/site-packages/airflow/example_dags/example_dynamic_task_mapping.py for tasks to queue
[2025-06-12T18:50:26.202+0000] {logging_mixin.py:188} INFO - [2025-06-12T18:50:26.201+0000] {dagbag.py:538} INFO - Filling up the DagBag from /home/airflow/.local/lib/python3.8/site-packages/airflow/example_dags/example_dynamic_task_mapping.py
[2025-06-12T18:50:26.216+0000] {processor.py:840} INFO - DAG(s) 'example_dynamic_task_mapping' retrieved from /home/airflow/.local/lib/python3.8/site-packages/airflow/example_dags/example_dynamic_task_mapping.py
[2025-06-12T18:50:26.259+0000] {logging_mixin.py:188} INFO - [2025-06-12T18:50:26.258+0000] {dag.py:3036} INFO - Sync 1 DAGs
[2025-06-12T18:50:26.291+0000] {logging_mixin.py:188} INFO - [2025-06-12T18:50:26.291+0000] {dag.py:3823} INFO - Setting next_dagrun for example_dynamic_task_mapping to 2022-03-04 00:00:00+00:00, run_after=2022-03-05 00:00:00+00:00
[2025-06-12T18:50:26.328+0000] {processor.py:183} INFO - Processing /home/airflow/.local/lib/python3.8/site-packages/airflow/example_dags/example_dynamic_task_mapping.py took 0.136 seconds
[2025-06-12T18:50:56.837+0000] {processor.py:161} INFO - Started process (PID=1220) to work on /home/airflow/.local/lib/python3.8/site-packages/airflow/example_dags/example_dynamic_task_mapping.py
[2025-06-12T18:50:56.839+0000] {processor.py:830} INFO - Processing file /home/airflow/.local/lib/python3.8/site-packages/airflow/example_dags/example_dynamic_task_mapping.py for tasks to queue
[2025-06-12T18:50:56.842+0000] {logging_mixin.py:188} INFO - [2025-06-12T18:50:56.841+0000] {dagbag.py:538} INFO - Filling up the DagBag from /home/airflow/.local/lib/python3.8/site-packages/airflow/example_dags/example_dynamic_task_mapping.py
[2025-06-12T18:50:56.858+0000] {processor.py:840} INFO - DAG(s) 'example_dynamic_task_mapping' retrieved from /home/airflow/.local/lib/python3.8/site-packages/airflow/example_dags/example_dynamic_task_mapping.py
[2025-06-12T18:50:56.893+0000] {logging_mixin.py:188} INFO - [2025-06-12T18:50:56.893+0000] {dag.py:3036} INFO - Sync 1 DAGs
[2025-06-12T18:50:56.923+0000] {logging_mixin.py:188} INFO - [2025-06-12T18:50:56.923+0000] {dag.py:3823} INFO - Setting next_dagrun for example_dynamic_task_mapping to 2022-03-04 00:00:00+00:00, run_after=2022-03-05 00:00:00+00:00
[2025-06-12T18:50:56.954+0000] {processor.py:183} INFO - Processing /home/airflow/.local/lib/python3.8/site-packages/airflow/example_dags/example_dynamic_task_mapping.py took 0.122 seconds
[2025-06-12T18:51:27.488+0000] {processor.py:161} INFO - Started process (PID=1275) to work on /home/airflow/.local/lib/python3.8/site-packages/airflow/example_dags/example_dynamic_task_mapping.py
[2025-06-12T18:51:27.491+0000] {processor.py:830} INFO - Processing file /home/airflow/.local/lib/python3.8/site-packages/airflow/example_dags/example_dynamic_task_mapping.py for tasks to queue
[2025-06-12T18:51:27.493+0000] {logging_mixin.py:188} INFO - [2025-06-12T18:51:27.492+0000] {dagbag.py:538} INFO - Filling up the DagBag from /home/airflow/.local/lib/python3.8/site-packages/airflow/example_dags/example_dynamic_task_mapping.py
[2025-06-12T18:51:27.506+0000] {processor.py:840} INFO - DAG(s) 'example_dynamic_task_mapping' retrieved from /home/airflow/.local/lib/python3.8/site-packages/airflow/example_dags/example_dynamic_task_mapping.py
[2025-06-12T18:51:27.545+0000] {logging_mixin.py:188} INFO - [2025-06-12T18:51:27.544+0000] {dag.py:3036} INFO - Sync 1 DAGs
[2025-06-12T18:51:27.577+0000] {logging_mixin.py:188} INFO - [2025-06-12T18:51:27.577+0000] {dag.py:3823} INFO - Setting next_dagrun for example_dynamic_task_mapping to 2022-03-04 00:00:00+00:00, run_after=2022-03-05 00:00:00+00:00
[2025-06-12T18:51:27.612+0000] {processor.py:183} INFO - Processing /home/airflow/.local/lib/python3.8/site-packages/airflow/example_dags/example_dynamic_task_mapping.py took 0.130 seconds
[2025-06-12T18:51:58.299+0000] {processor.py:161} INFO - Started process (PID=1330) to work on /home/airflow/.local/lib/python3.8/site-packages/airflow/example_dags/example_dynamic_task_mapping.py
[2025-06-12T18:51:58.301+0000] {processor.py:830} INFO - Processing file /home/airflow/.local/lib/python3.8/site-packages/airflow/example_dags/example_dynamic_task_mapping.py for tasks to queue
[2025-06-12T18:51:58.303+0000] {logging_mixin.py:188} INFO - [2025-06-12T18:51:58.302+0000] {dagbag.py:538} INFO - Filling up the DagBag from /home/airflow/.local/lib/python3.8/site-packages/airflow/example_dags/example_dynamic_task_mapping.py
[2025-06-12T18:51:58.316+0000] {processor.py:840} INFO - DAG(s) 'example_dynamic_task_mapping' retrieved from /home/airflow/.local/lib/python3.8/site-packages/airflow/example_dags/example_dynamic_task_mapping.py
[2025-06-12T18:51:58.351+0000] {logging_mixin.py:188} INFO - [2025-06-12T18:51:58.351+0000] {dag.py:3036} INFO - Sync 1 DAGs
[2025-06-12T18:51:58.384+0000] {logging_mixin.py:188} INFO - [2025-06-12T18:51:58.384+0000] {dag.py:3823} INFO - Setting next_dagrun for example_dynamic_task_mapping to 2022-03-04 00:00:00+00:00, run_after=2022-03-05 00:00:00+00:00
[2025-06-12T18:51:58.419+0000] {processor.py:183} INFO - Processing /home/airflow/.local/lib/python3.8/site-packages/airflow/example_dags/example_dynamic_task_mapping.py took 0.125 seconds
[2025-06-12T18:52:28.913+0000] {processor.py:161} INFO - Started process (PID=1386) to work on /home/airflow/.local/lib/python3.8/site-packages/airflow/example_dags/example_dynamic_task_mapping.py
[2025-06-12T18:52:28.915+0000] {processor.py:830} INFO - Processing file /home/airflow/.local/lib/python3.8/site-packages/airflow/example_dags/example_dynamic_task_mapping.py for tasks to queue
[2025-06-12T18:52:28.917+0000] {logging_mixin.py:188} INFO - [2025-06-12T18:52:28.916+0000] {dagbag.py:538} INFO - Filling up the DagBag from /home/airflow/.local/lib/python3.8/site-packages/airflow/example_dags/example_dynamic_task_mapping.py
[2025-06-12T18:52:28.932+0000] {processor.py:840} INFO - DAG(s) 'example_dynamic_task_mapping' retrieved from /home/airflow/.local/lib/python3.8/site-packages/airflow/example_dags/example_dynamic_task_mapping.py
[2025-06-12T18:52:28.966+0000] {logging_mixin.py:188} INFO - [2025-06-12T18:52:28.966+0000] {dag.py:3036} INFO - Sync 1 DAGs
[2025-06-12T18:52:29.003+0000] {logging_mixin.py:188} INFO - [2025-06-12T18:52:29.003+0000] {dag.py:3823} INFO - Setting next_dagrun for example_dynamic_task_mapping to 2022-03-04 00:00:00+00:00, run_after=2022-03-05 00:00:00+00:00
[2025-06-12T18:52:29.043+0000] {processor.py:183} INFO - Processing /home/airflow/.local/lib/python3.8/site-packages/airflow/example_dags/example_dynamic_task_mapping.py took 0.138 seconds
[2025-06-12T18:53:00.156+0000] {processor.py:161} INFO - Started process (PID=1441) to work on /home/airflow/.local/lib/python3.8/site-packages/airflow/example_dags/example_dynamic_task_mapping.py
[2025-06-12T18:53:00.159+0000] {processor.py:830} INFO - Processing file /home/airflow/.local/lib/python3.8/site-packages/airflow/example_dags/example_dynamic_task_mapping.py for tasks to queue
[2025-06-12T18:53:00.165+0000] {logging_mixin.py:188} INFO - [2025-06-12T18:53:00.164+0000] {dagbag.py:538} INFO - Filling up the DagBag from /home/airflow/.local/lib/python3.8/site-packages/airflow/example_dags/example_dynamic_task_mapping.py
[2025-06-12T18:53:00.184+0000] {processor.py:840} INFO - DAG(s) 'example_dynamic_task_mapping' retrieved from /home/airflow/.local/lib/python3.8/site-packages/airflow/example_dags/example_dynamic_task_mapping.py
[2025-06-12T18:53:00.246+0000] {logging_mixin.py:188} INFO - [2025-06-12T18:53:00.245+0000] {dag.py:3036} INFO - Sync 1 DAGs
[2025-06-12T18:53:00.328+0000] {logging_mixin.py:188} INFO - [2025-06-12T18:53:00.327+0000] {dag.py:3823} INFO - Setting next_dagrun for example_dynamic_task_mapping to 2022-03-04 00:00:00+00:00, run_after=2022-03-05 00:00:00+00:00
[2025-06-12T18:53:00.409+0000] {processor.py:183} INFO - Processing /home/airflow/.local/lib/python3.8/site-packages/airflow/example_dags/example_dynamic_task_mapping.py took 0.264 seconds
[2025-06-12T18:53:30.870+0000] {processor.py:161} INFO - Started process (PID=1496) to work on /home/airflow/.local/lib/python3.8/site-packages/airflow/example_dags/example_dynamic_task_mapping.py
[2025-06-12T18:53:30.872+0000] {processor.py:830} INFO - Processing file /home/airflow/.local/lib/python3.8/site-packages/airflow/example_dags/example_dynamic_task_mapping.py for tasks to queue
[2025-06-12T18:53:30.875+0000] {logging_mixin.py:188} INFO - [2025-06-12T18:53:30.874+0000] {dagbag.py:538} INFO - Filling up the DagBag from /home/airflow/.local/lib/python3.8/site-packages/airflow/example_dags/example_dynamic_task_mapping.py
[2025-06-12T18:53:30.891+0000] {processor.py:840} INFO - DAG(s) 'example_dynamic_task_mapping' retrieved from /home/airflow/.local/lib/python3.8/site-packages/airflow/example_dags/example_dynamic_task_mapping.py
[2025-06-12T18:53:30.941+0000] {logging_mixin.py:188} INFO - [2025-06-12T18:53:30.941+0000] {dag.py:3036} INFO - Sync 1 DAGs
[2025-06-12T18:53:30.979+0000] {logging_mixin.py:188} INFO - [2025-06-12T18:53:30.978+0000] {dag.py:3823} INFO - Setting next_dagrun for example_dynamic_task_mapping to 2022-03-04 00:00:00+00:00, run_after=2022-03-05 00:00:00+00:00
[2025-06-12T18:53:31.013+0000] {processor.py:183} INFO - Processing /home/airflow/.local/lib/python3.8/site-packages/airflow/example_dags/example_dynamic_task_mapping.py took 0.151 seconds
[2025-06-12T18:54:01.114+0000] {processor.py:161} INFO - Started process (PID=1552) to work on /home/airflow/.local/lib/python3.8/site-packages/airflow/example_dags/example_dynamic_task_mapping.py
[2025-06-12T18:54:01.116+0000] {processor.py:830} INFO - Processing file /home/airflow/.local/lib/python3.8/site-packages/airflow/example_dags/example_dynamic_task_mapping.py for tasks to queue
[2025-06-12T18:54:01.118+0000] {logging_mixin.py:188} INFO - [2025-06-12T18:54:01.118+0000] {dagbag.py:538} INFO - Filling up the DagBag from /home/airflow/.local/lib/python3.8/site-packages/airflow/example_dags/example_dynamic_task_mapping.py
[2025-06-12T18:54:01.129+0000] {processor.py:840} INFO - DAG(s) 'example_dynamic_task_mapping' retrieved from /home/airflow/.local/lib/python3.8/site-packages/airflow/example_dags/example_dynamic_task_mapping.py
[2025-06-12T18:54:01.165+0000] {logging_mixin.py:188} INFO - [2025-06-12T18:54:01.165+0000] {dag.py:3036} INFO - Sync 1 DAGs
[2025-06-12T18:54:01.199+0000] {logging_mixin.py:188} INFO - [2025-06-12T18:54:01.199+0000] {dag.py:3823} INFO - Setting next_dagrun for example_dynamic_task_mapping to 2022-03-04 00:00:00+00:00, run_after=2022-03-05 00:00:00+00:00
[2025-06-12T18:54:01.235+0000] {processor.py:183} INFO - Processing /home/airflow/.local/lib/python3.8/site-packages/airflow/example_dags/example_dynamic_task_mapping.py took 0.126 seconds
[2025-06-12T18:54:32.045+0000] {processor.py:161} INFO - Started process (PID=1607) to work on /home/airflow/.local/lib/python3.8/site-packages/airflow/example_dags/example_dynamic_task_mapping.py
[2025-06-12T18:54:32.048+0000] {processor.py:830} INFO - Processing file /home/airflow/.local/lib/python3.8/site-packages/airflow/example_dags/example_dynamic_task_mapping.py for tasks to queue
[2025-06-12T18:54:32.049+0000] {logging_mixin.py:188} INFO - [2025-06-12T18:54:32.049+0000] {dagbag.py:538} INFO - Filling up the DagBag from /home/airflow/.local/lib/python3.8/site-packages/airflow/example_dags/example_dynamic_task_mapping.py
[2025-06-12T18:54:32.062+0000] {processor.py:840} INFO - DAG(s) 'example_dynamic_task_mapping' retrieved from /home/airflow/.local/lib/python3.8/site-packages/airflow/example_dags/example_dynamic_task_mapping.py
[2025-06-12T18:54:32.095+0000] {logging_mixin.py:188} INFO - [2025-06-12T18:54:32.095+0000] {dag.py:3036} INFO - Sync 1 DAGs
[2025-06-12T18:54:32.128+0000] {logging_mixin.py:188} INFO - [2025-06-12T18:54:32.127+0000] {dag.py:3823} INFO - Setting next_dagrun for example_dynamic_task_mapping to 2022-03-04 00:00:00+00:00, run_after=2022-03-05 00:00:00+00:00
[2025-06-12T18:54:32.160+0000] {processor.py:183} INFO - Processing /home/airflow/.local/lib/python3.8/site-packages/airflow/example_dags/example_dynamic_task_mapping.py took 0.121 seconds
[2025-06-12T18:55:03.406+0000] {processor.py:161} INFO - Started process (PID=1662) to work on /home/airflow/.local/lib/python3.8/site-packages/airflow/example_dags/example_dynamic_task_mapping.py
[2025-06-12T18:55:03.409+0000] {processor.py:830} INFO - Processing file /home/airflow/.local/lib/python3.8/site-packages/airflow/example_dags/example_dynamic_task_mapping.py for tasks to queue
[2025-06-12T18:55:03.410+0000] {logging_mixin.py:188} INFO - [2025-06-12T18:55:03.410+0000] {dagbag.py:538} INFO - Filling up the DagBag from /home/airflow/.local/lib/python3.8/site-packages/airflow/example_dags/example_dynamic_task_mapping.py
[2025-06-12T18:55:03.424+0000] {processor.py:840} INFO - DAG(s) 'example_dynamic_task_mapping' retrieved from /home/airflow/.local/lib/python3.8/site-packages/airflow/example_dags/example_dynamic_task_mapping.py
[2025-06-12T18:55:03.460+0000] {logging_mixin.py:188} INFO - [2025-06-12T18:55:03.459+0000] {dag.py:3036} INFO - Sync 1 DAGs
[2025-06-12T18:55:03.493+0000] {logging_mixin.py:188} INFO - [2025-06-12T18:55:03.493+0000] {dag.py:3823} INFO - Setting next_dagrun for example_dynamic_task_mapping to 2022-03-04 00:00:00+00:00, run_after=2022-03-05 00:00:00+00:00
[2025-06-12T18:55:03.528+0000] {processor.py:183} INFO - Processing /home/airflow/.local/lib/python3.8/site-packages/airflow/example_dags/example_dynamic_task_mapping.py took 0.128 seconds
[2025-06-12T18:55:34.483+0000] {processor.py:161} INFO - Started process (PID=1717) to work on /home/airflow/.local/lib/python3.8/site-packages/airflow/example_dags/example_dynamic_task_mapping.py
[2025-06-12T18:55:34.486+0000] {processor.py:830} INFO - Processing file /home/airflow/.local/lib/python3.8/site-packages/airflow/example_dags/example_dynamic_task_mapping.py for tasks to queue
[2025-06-12T18:55:34.488+0000] {logging_mixin.py:188} INFO - [2025-06-12T18:55:34.487+0000] {dagbag.py:538} INFO - Filling up the DagBag from /home/airflow/.local/lib/python3.8/site-packages/airflow/example_dags/example_dynamic_task_mapping.py
[2025-06-12T18:55:34.504+0000] {processor.py:840} INFO - DAG(s) 'example_dynamic_task_mapping' retrieved from /home/airflow/.local/lib/python3.8/site-packages/airflow/example_dags/example_dynamic_task_mapping.py
[2025-06-12T18:55:34.551+0000] {logging_mixin.py:188} INFO - [2025-06-12T18:55:34.550+0000] {dag.py:3036} INFO - Sync 1 DAGs
[2025-06-12T18:55:34.584+0000] {logging_mixin.py:188} INFO - [2025-06-12T18:55:34.584+0000] {dag.py:3823} INFO - Setting next_dagrun for example_dynamic_task_mapping to 2022-03-04 00:00:00+00:00, run_after=2022-03-05 00:00:00+00:00
[2025-06-12T18:55:34.616+0000] {processor.py:183} INFO - Processing /home/airflow/.local/lib/python3.8/site-packages/airflow/example_dags/example_dynamic_task_mapping.py took 0.141 seconds
[2025-06-12T18:56:05.746+0000] {processor.py:161} INFO - Started process (PID=1772) to work on /home/airflow/.local/lib/python3.8/site-packages/airflow/example_dags/example_dynamic_task_mapping.py
[2025-06-12T18:56:05.748+0000] {processor.py:830} INFO - Processing file /home/airflow/.local/lib/python3.8/site-packages/airflow/example_dags/example_dynamic_task_mapping.py for tasks to queue
[2025-06-12T18:56:05.754+0000] {logging_mixin.py:188} INFO - [2025-06-12T18:56:05.753+0000] {dagbag.py:538} INFO - Filling up the DagBag from /home/airflow/.local/lib/python3.8/site-packages/airflow/example_dags/example_dynamic_task_mapping.py
[2025-06-12T18:56:05.768+0000] {processor.py:840} INFO - DAG(s) 'example_dynamic_task_mapping' retrieved from /home/airflow/.local/lib/python3.8/site-packages/airflow/example_dags/example_dynamic_task_mapping.py
[2025-06-12T18:56:05.805+0000] {logging_mixin.py:188} INFO - [2025-06-12T18:56:05.804+0000] {dag.py:3036} INFO - Sync 1 DAGs
[2025-06-12T18:56:05.836+0000] {logging_mixin.py:188} INFO - [2025-06-12T18:56:05.836+0000] {dag.py:3823} INFO - Setting next_dagrun for example_dynamic_task_mapping to 2022-03-04 00:00:00+00:00, run_after=2022-03-05 00:00:00+00:00
[2025-06-12T18:56:05.872+0000] {processor.py:183} INFO - Processing /home/airflow/.local/lib/python3.8/site-packages/airflow/example_dags/example_dynamic_task_mapping.py took 0.132 seconds
[2025-06-12T18:56:36.501+0000] {processor.py:161} INFO - Started process (PID=1827) to work on /home/airflow/.local/lib/python3.8/site-packages/airflow/example_dags/example_dynamic_task_mapping.py
[2025-06-12T18:56:36.503+0000] {processor.py:830} INFO - Processing file /home/airflow/.local/lib/python3.8/site-packages/airflow/example_dags/example_dynamic_task_mapping.py for tasks to queue
[2025-06-12T18:56:36.507+0000] {logging_mixin.py:188} INFO - [2025-06-12T18:56:36.506+0000] {dagbag.py:538} INFO - Filling up the DagBag from /home/airflow/.local/lib/python3.8/site-packages/airflow/example_dags/example_dynamic_task_mapping.py
[2025-06-12T18:56:36.527+0000] {processor.py:840} INFO - DAG(s) 'example_dynamic_task_mapping' retrieved from /home/airflow/.local/lib/python3.8/site-packages/airflow/example_dags/example_dynamic_task_mapping.py
[2025-06-12T18:56:36.586+0000] {logging_mixin.py:188} INFO - [2025-06-12T18:56:36.585+0000] {dag.py:3036} INFO - Sync 1 DAGs
[2025-06-12T18:56:36.631+0000] {logging_mixin.py:188} INFO - [2025-06-12T18:56:36.630+0000] {dag.py:3823} INFO - Setting next_dagrun for example_dynamic_task_mapping to 2022-03-04 00:00:00+00:00, run_after=2022-03-05 00:00:00+00:00
[2025-06-12T18:56:36.676+0000] {processor.py:183} INFO - Processing /home/airflow/.local/lib/python3.8/site-packages/airflow/example_dags/example_dynamic_task_mapping.py took 0.183 seconds
[2025-06-12T18:57:07.400+0000] {processor.py:161} INFO - Started process (PID=1882) to work on /home/airflow/.local/lib/python3.8/site-packages/airflow/example_dags/example_dynamic_task_mapping.py
[2025-06-12T18:57:07.402+0000] {processor.py:830} INFO - Processing file /home/airflow/.local/lib/python3.8/site-packages/airflow/example_dags/example_dynamic_task_mapping.py for tasks to queue
[2025-06-12T18:57:07.404+0000] {logging_mixin.py:188} INFO - [2025-06-12T18:57:07.403+0000] {dagbag.py:538} INFO - Filling up the DagBag from /home/airflow/.local/lib/python3.8/site-packages/airflow/example_dags/example_dynamic_task_mapping.py
[2025-06-12T18:57:07.420+0000] {processor.py:840} INFO - DAG(s) 'example_dynamic_task_mapping' retrieved from /home/airflow/.local/lib/python3.8/site-packages/airflow/example_dags/example_dynamic_task_mapping.py
[2025-06-12T18:57:07.468+0000] {logging_mixin.py:188} INFO - [2025-06-12T18:57:07.467+0000] {dag.py:3036} INFO - Sync 1 DAGs
[2025-06-12T18:57:07.506+0000] {logging_mixin.py:188} INFO - [2025-06-12T18:57:07.506+0000] {dag.py:3823} INFO - Setting next_dagrun for example_dynamic_task_mapping to 2022-03-04 00:00:00+00:00, run_after=2022-03-05 00:00:00+00:00
[2025-06-12T18:57:07.538+0000] {processor.py:183} INFO - Processing /home/airflow/.local/lib/python3.8/site-packages/airflow/example_dags/example_dynamic_task_mapping.py took 0.145 seconds
[2025-06-12T18:57:45.327+0000] {processor.py:161} INFO - Started process (PID=1937) to work on /home/airflow/.local/lib/python3.8/site-packages/airflow/example_dags/example_dynamic_task_mapping.py
[2025-06-12T18:57:45.329+0000] {processor.py:830} INFO - Processing file /home/airflow/.local/lib/python3.8/site-packages/airflow/example_dags/example_dynamic_task_mapping.py for tasks to queue
[2025-06-12T18:57:45.331+0000] {logging_mixin.py:188} INFO - [2025-06-12T18:57:45.331+0000] {dagbag.py:538} INFO - Filling up the DagBag from /home/airflow/.local/lib/python3.8/site-packages/airflow/example_dags/example_dynamic_task_mapping.py
[2025-06-12T18:57:45.345+0000] {processor.py:840} INFO - DAG(s) 'example_dynamic_task_mapping' retrieved from /home/airflow/.local/lib/python3.8/site-packages/airflow/example_dags/example_dynamic_task_mapping.py
[2025-06-12T18:57:45.381+0000] {logging_mixin.py:188} INFO - [2025-06-12T18:57:45.380+0000] {dag.py:3036} INFO - Sync 1 DAGs
[2025-06-12T18:57:45.417+0000] {logging_mixin.py:188} INFO - [2025-06-12T18:57:45.417+0000] {dag.py:3823} INFO - Setting next_dagrun for example_dynamic_task_mapping to 2022-03-04 00:00:00+00:00, run_after=2022-03-05 00:00:00+00:00
[2025-06-12T18:57:45.452+0000] {processor.py:183} INFO - Processing /home/airflow/.local/lib/python3.8/site-packages/airflow/example_dags/example_dynamic_task_mapping.py took 0.130 seconds
[2025-06-12T18:58:16.257+0000] {processor.py:161} INFO - Started process (PID=1993) to work on /home/airflow/.local/lib/python3.8/site-packages/airflow/example_dags/example_dynamic_task_mapping.py
[2025-06-12T18:58:16.259+0000] {processor.py:830} INFO - Processing file /home/airflow/.local/lib/python3.8/site-packages/airflow/example_dags/example_dynamic_task_mapping.py for tasks to queue
[2025-06-12T18:58:16.262+0000] {logging_mixin.py:188} INFO - [2025-06-12T18:58:16.262+0000] {dagbag.py:538} INFO - Filling up the DagBag from /home/airflow/.local/lib/python3.8/site-packages/airflow/example_dags/example_dynamic_task_mapping.py
[2025-06-12T18:58:16.276+0000] {processor.py:840} INFO - DAG(s) 'example_dynamic_task_mapping' retrieved from /home/airflow/.local/lib/python3.8/site-packages/airflow/example_dags/example_dynamic_task_mapping.py
[2025-06-12T18:58:16.320+0000] {logging_mixin.py:188} INFO - [2025-06-12T18:58:16.320+0000] {dag.py:3036} INFO - Sync 1 DAGs
[2025-06-12T18:58:16.363+0000] {logging_mixin.py:188} INFO - [2025-06-12T18:58:16.362+0000] {dag.py:3823} INFO - Setting next_dagrun for example_dynamic_task_mapping to 2022-03-04 00:00:00+00:00, run_after=2022-03-05 00:00:00+00:00
[2025-06-12T18:58:16.400+0000] {processor.py:183} INFO - Processing /home/airflow/.local/lib/python3.8/site-packages/airflow/example_dags/example_dynamic_task_mapping.py took 0.148 seconds
[2025-06-12T18:58:46.566+0000] {processor.py:161} INFO - Started process (PID=2048) to work on /home/airflow/.local/lib/python3.8/site-packages/airflow/example_dags/example_dynamic_task_mapping.py
[2025-06-12T18:58:46.567+0000] {processor.py:830} INFO - Processing file /home/airflow/.local/lib/python3.8/site-packages/airflow/example_dags/example_dynamic_task_mapping.py for tasks to queue
[2025-06-12T18:58:46.569+0000] {logging_mixin.py:188} INFO - [2025-06-12T18:58:46.568+0000] {dagbag.py:538} INFO - Filling up the DagBag from /home/airflow/.local/lib/python3.8/site-packages/airflow/example_dags/example_dynamic_task_mapping.py
[2025-06-12T18:58:46.581+0000] {processor.py:840} INFO - DAG(s) 'example_dynamic_task_mapping' retrieved from /home/airflow/.local/lib/python3.8/site-packages/airflow/example_dags/example_dynamic_task_mapping.py
[2025-06-12T18:58:46.617+0000] {logging_mixin.py:188} INFO - [2025-06-12T18:58:46.617+0000] {dag.py:3036} INFO - Sync 1 DAGs
[2025-06-12T18:58:46.652+0000] {logging_mixin.py:188} INFO - [2025-06-12T18:58:46.652+0000] {dag.py:3823} INFO - Setting next_dagrun for example_dynamic_task_mapping to 2022-03-04 00:00:00+00:00, run_after=2022-03-05 00:00:00+00:00
[2025-06-12T18:58:46.685+0000] {processor.py:183} INFO - Processing /home/airflow/.local/lib/python3.8/site-packages/airflow/example_dags/example_dynamic_task_mapping.py took 0.125 seconds
[2025-06-12T18:59:20.637+0000] {processor.py:161} INFO - Started process (PID=2109) to work on /home/airflow/.local/lib/python3.8/site-packages/airflow/example_dags/example_dynamic_task_mapping.py
[2025-06-12T18:59:20.641+0000] {processor.py:830} INFO - Processing file /home/airflow/.local/lib/python3.8/site-packages/airflow/example_dags/example_dynamic_task_mapping.py for tasks to queue
[2025-06-12T18:59:20.644+0000] {logging_mixin.py:188} INFO - [2025-06-12T18:59:20.643+0000] {dagbag.py:538} INFO - Filling up the DagBag from /home/airflow/.local/lib/python3.8/site-packages/airflow/example_dags/example_dynamic_task_mapping.py
[2025-06-12T18:59:20.664+0000] {processor.py:840} INFO - DAG(s) 'example_dynamic_task_mapping' retrieved from /home/airflow/.local/lib/python3.8/site-packages/airflow/example_dags/example_dynamic_task_mapping.py
[2025-06-12T18:59:20.728+0000] {logging_mixin.py:188} INFO - [2025-06-12T18:59:20.727+0000] {dag.py:3036} INFO - Sync 1 DAGs
[2025-06-12T18:59:20.777+0000] {logging_mixin.py:188} INFO - [2025-06-12T18:59:20.776+0000] {dag.py:3823} INFO - Setting next_dagrun for example_dynamic_task_mapping to 2022-03-04 00:00:00+00:00, run_after=2022-03-05 00:00:00+00:00
[2025-06-12T18:59:20.824+0000] {processor.py:183} INFO - Processing /home/airflow/.local/lib/python3.8/site-packages/airflow/example_dags/example_dynamic_task_mapping.py took 0.196 seconds
[2025-06-12T18:59:53.101+0000] {processor.py:161} INFO - Started process (PID=2164) to work on /home/airflow/.local/lib/python3.8/site-packages/airflow/example_dags/example_dynamic_task_mapping.py
[2025-06-12T18:59:53.105+0000] {processor.py:830} INFO - Processing file /home/airflow/.local/lib/python3.8/site-packages/airflow/example_dags/example_dynamic_task_mapping.py for tasks to queue
[2025-06-12T18:59:53.108+0000] {logging_mixin.py:188} INFO - [2025-06-12T18:59:53.107+0000] {dagbag.py:538} INFO - Filling up the DagBag from /home/airflow/.local/lib/python3.8/site-packages/airflow/example_dags/example_dynamic_task_mapping.py
[2025-06-12T18:59:53.132+0000] {processor.py:840} INFO - DAG(s) 'example_dynamic_task_mapping' retrieved from /home/airflow/.local/lib/python3.8/site-packages/airflow/example_dags/example_dynamic_task_mapping.py
[2025-06-12T18:59:53.187+0000] {logging_mixin.py:188} INFO - [2025-06-12T18:59:53.186+0000] {dag.py:3036} INFO - Sync 1 DAGs
[2025-06-12T18:59:53.239+0000] {logging_mixin.py:188} INFO - [2025-06-12T18:59:53.239+0000] {dag.py:3823} INFO - Setting next_dagrun for example_dynamic_task_mapping to 2022-03-04 00:00:00+00:00, run_after=2022-03-05 00:00:00+00:00
[2025-06-12T18:59:53.289+0000] {processor.py:183} INFO - Processing /home/airflow/.local/lib/python3.8/site-packages/airflow/example_dags/example_dynamic_task_mapping.py took 0.197 seconds
[2025-06-12T19:00:24.326+0000] {processor.py:161} INFO - Started process (PID=2220) to work on /home/airflow/.local/lib/python3.8/site-packages/airflow/example_dags/example_dynamic_task_mapping.py
[2025-06-12T19:00:24.330+0000] {processor.py:830} INFO - Processing file /home/airflow/.local/lib/python3.8/site-packages/airflow/example_dags/example_dynamic_task_mapping.py for tasks to queue
[2025-06-12T19:00:24.334+0000] {logging_mixin.py:188} INFO - [2025-06-12T19:00:24.333+0000] {dagbag.py:538} INFO - Filling up the DagBag from /home/airflow/.local/lib/python3.8/site-packages/airflow/example_dags/example_dynamic_task_mapping.py
[2025-06-12T19:00:24.356+0000] {processor.py:840} INFO - DAG(s) 'example_dynamic_task_mapping' retrieved from /home/airflow/.local/lib/python3.8/site-packages/airflow/example_dags/example_dynamic_task_mapping.py
[2025-06-12T19:00:24.428+0000] {logging_mixin.py:188} INFO - [2025-06-12T19:00:24.428+0000] {dag.py:3036} INFO - Sync 1 DAGs
[2025-06-12T19:00:24.488+0000] {logging_mixin.py:188} INFO - [2025-06-12T19:00:24.488+0000] {dag.py:3823} INFO - Setting next_dagrun for example_dynamic_task_mapping to 2022-03-04 00:00:00+00:00, run_after=2022-03-05 00:00:00+00:00
[2025-06-12T19:00:24.546+0000] {processor.py:183} INFO - Processing /home/airflow/.local/lib/python3.8/site-packages/airflow/example_dags/example_dynamic_task_mapping.py took 0.234 seconds
[2025-06-12T19:00:57.849+0000] {processor.py:161} INFO - Started process (PID=2275) to work on /home/airflow/.local/lib/python3.8/site-packages/airflow/example_dags/example_dynamic_task_mapping.py
[2025-06-12T19:00:57.854+0000] {processor.py:830} INFO - Processing file /home/airflow/.local/lib/python3.8/site-packages/airflow/example_dags/example_dynamic_task_mapping.py for tasks to queue
[2025-06-12T19:00:57.858+0000] {logging_mixin.py:188} INFO - [2025-06-12T19:00:57.857+0000] {dagbag.py:538} INFO - Filling up the DagBag from /home/airflow/.local/lib/python3.8/site-packages/airflow/example_dags/example_dynamic_task_mapping.py
[2025-06-12T19:00:57.888+0000] {processor.py:840} INFO - DAG(s) 'example_dynamic_task_mapping' retrieved from /home/airflow/.local/lib/python3.8/site-packages/airflow/example_dags/example_dynamic_task_mapping.py
[2025-06-12T19:00:58.053+0000] {logging_mixin.py:188} INFO - [2025-06-12T19:00:58.052+0000] {dag.py:3036} INFO - Sync 1 DAGs
[2025-06-12T19:00:58.120+0000] {logging_mixin.py:188} INFO - [2025-06-12T19:00:58.119+0000] {dag.py:3823} INFO - Setting next_dagrun for example_dynamic_task_mapping to 2022-03-04 00:00:00+00:00, run_after=2022-03-05 00:00:00+00:00
[2025-06-12T19:00:58.172+0000] {processor.py:183} INFO - Processing /home/airflow/.local/lib/python3.8/site-packages/airflow/example_dags/example_dynamic_task_mapping.py took 0.336 seconds
[2025-06-12T19:01:29.405+0000] {processor.py:161} INFO - Started process (PID=2330) to work on /home/airflow/.local/lib/python3.8/site-packages/airflow/example_dags/example_dynamic_task_mapping.py
[2025-06-12T19:01:29.409+0000] {processor.py:830} INFO - Processing file /home/airflow/.local/lib/python3.8/site-packages/airflow/example_dags/example_dynamic_task_mapping.py for tasks to queue
[2025-06-12T19:01:29.413+0000] {logging_mixin.py:188} INFO - [2025-06-12T19:01:29.412+0000] {dagbag.py:538} INFO - Filling up the DagBag from /home/airflow/.local/lib/python3.8/site-packages/airflow/example_dags/example_dynamic_task_mapping.py
[2025-06-12T19:01:29.441+0000] {processor.py:840} INFO - DAG(s) 'example_dynamic_task_mapping' retrieved from /home/airflow/.local/lib/python3.8/site-packages/airflow/example_dags/example_dynamic_task_mapping.py
[2025-06-12T19:01:29.515+0000] {logging_mixin.py:188} INFO - [2025-06-12T19:01:29.515+0000] {dag.py:3036} INFO - Sync 1 DAGs
[2025-06-12T19:01:29.603+0000] {logging_mixin.py:188} INFO - [2025-06-12T19:01:29.602+0000] {dag.py:3823} INFO - Setting next_dagrun for example_dynamic_task_mapping to 2022-03-04 00:00:00+00:00, run_after=2022-03-05 00:00:00+00:00
[2025-06-12T19:01:29.695+0000] {processor.py:183} INFO - Processing /home/airflow/.local/lib/python3.8/site-packages/airflow/example_dags/example_dynamic_task_mapping.py took 0.301 seconds
[2025-06-12T19:02:01.917+0000] {processor.py:161} INFO - Started process (PID=2386) to work on /home/airflow/.local/lib/python3.8/site-packages/airflow/example_dags/example_dynamic_task_mapping.py
[2025-06-12T19:02:01.920+0000] {processor.py:830} INFO - Processing file /home/airflow/.local/lib/python3.8/site-packages/airflow/example_dags/example_dynamic_task_mapping.py for tasks to queue
[2025-06-12T19:02:01.924+0000] {logging_mixin.py:188} INFO - [2025-06-12T19:02:01.923+0000] {dagbag.py:538} INFO - Filling up the DagBag from /home/airflow/.local/lib/python3.8/site-packages/airflow/example_dags/example_dynamic_task_mapping.py
[2025-06-12T19:02:01.950+0000] {processor.py:840} INFO - DAG(s) 'example_dynamic_task_mapping' retrieved from /home/airflow/.local/lib/python3.8/site-packages/airflow/example_dags/example_dynamic_task_mapping.py
[2025-06-12T19:02:02.016+0000] {logging_mixin.py:188} INFO - [2025-06-12T19:02:02.015+0000] {dag.py:3036} INFO - Sync 1 DAGs
[2025-06-12T19:02:02.073+0000] {logging_mixin.py:188} INFO - [2025-06-12T19:02:02.072+0000] {dag.py:3823} INFO - Setting next_dagrun for example_dynamic_task_mapping to 2022-03-04 00:00:00+00:00, run_after=2022-03-05 00:00:00+00:00
[2025-06-12T19:02:02.491+0000] {processor.py:183} INFO - Processing /home/airflow/.local/lib/python3.8/site-packages/airflow/example_dags/example_dynamic_task_mapping.py took 0.583 seconds
[2025-06-12T19:02:34.710+0000] {processor.py:161} INFO - Started process (PID=2444) to work on /home/airflow/.local/lib/python3.8/site-packages/airflow/example_dags/example_dynamic_task_mapping.py
[2025-06-12T19:02:34.714+0000] {processor.py:830} INFO - Processing file /home/airflow/.local/lib/python3.8/site-packages/airflow/example_dags/example_dynamic_task_mapping.py for tasks to queue
[2025-06-12T19:02:34.718+0000] {logging_mixin.py:188} INFO - [2025-06-12T19:02:34.717+0000] {dagbag.py:538} INFO - Filling up the DagBag from /home/airflow/.local/lib/python3.8/site-packages/airflow/example_dags/example_dynamic_task_mapping.py
[2025-06-12T19:02:34.741+0000] {processor.py:840} INFO - DAG(s) 'example_dynamic_task_mapping' retrieved from /home/airflow/.local/lib/python3.8/site-packages/airflow/example_dags/example_dynamic_task_mapping.py
[2025-06-12T19:02:34.806+0000] {logging_mixin.py:188} INFO - [2025-06-12T19:02:34.805+0000] {dag.py:3036} INFO - Sync 1 DAGs
[2025-06-12T19:02:34.880+0000] {logging_mixin.py:188} INFO - [2025-06-12T19:02:34.879+0000] {dag.py:3823} INFO - Setting next_dagrun for example_dynamic_task_mapping to 2022-03-04 00:00:00+00:00, run_after=2022-03-05 00:00:00+00:00
[2025-06-12T19:02:34.926+0000] {processor.py:183} INFO - Processing /home/airflow/.local/lib/python3.8/site-packages/airflow/example_dags/example_dynamic_task_mapping.py took 0.227 seconds
[2025-06-12T19:03:05.098+0000] {processor.py:161} INFO - Started process (PID=2497) to work on /home/airflow/.local/lib/python3.8/site-packages/airflow/example_dags/example_dynamic_task_mapping.py
[2025-06-12T19:03:05.102+0000] {processor.py:830} INFO - Processing file /home/airflow/.local/lib/python3.8/site-packages/airflow/example_dags/example_dynamic_task_mapping.py for tasks to queue
[2025-06-12T19:03:05.105+0000] {logging_mixin.py:188} INFO - [2025-06-12T19:03:05.104+0000] {dagbag.py:538} INFO - Filling up the DagBag from /home/airflow/.local/lib/python3.8/site-packages/airflow/example_dags/example_dynamic_task_mapping.py
[2025-06-12T19:03:05.129+0000] {processor.py:840} INFO - DAG(s) 'example_dynamic_task_mapping' retrieved from /home/airflow/.local/lib/python3.8/site-packages/airflow/example_dags/example_dynamic_task_mapping.py
[2025-06-12T19:03:05.199+0000] {logging_mixin.py:188} INFO - [2025-06-12T19:03:05.199+0000] {dag.py:3036} INFO - Sync 1 DAGs
[2025-06-12T19:03:05.264+0000] {logging_mixin.py:188} INFO - [2025-06-12T19:03:05.264+0000] {dag.py:3823} INFO - Setting next_dagrun for example_dynamic_task_mapping to 2022-03-04 00:00:00+00:00, run_after=2022-03-05 00:00:00+00:00
[2025-06-12T19:03:05.322+0000] {processor.py:183} INFO - Processing /home/airflow/.local/lib/python3.8/site-packages/airflow/example_dags/example_dynamic_task_mapping.py took 0.234 seconds
[2025-06-12T19:03:35.937+0000] {processor.py:161} INFO - Started process (PID=2552) to work on /home/airflow/.local/lib/python3.8/site-packages/airflow/example_dags/example_dynamic_task_mapping.py
[2025-06-12T19:03:35.940+0000] {processor.py:830} INFO - Processing file /home/airflow/.local/lib/python3.8/site-packages/airflow/example_dags/example_dynamic_task_mapping.py for tasks to queue
[2025-06-12T19:03:35.942+0000] {logging_mixin.py:188} INFO - [2025-06-12T19:03:35.942+0000] {dagbag.py:538} INFO - Filling up the DagBag from /home/airflow/.local/lib/python3.8/site-packages/airflow/example_dags/example_dynamic_task_mapping.py
[2025-06-12T19:03:35.962+0000] {processor.py:840} INFO - DAG(s) 'example_dynamic_task_mapping' retrieved from /home/airflow/.local/lib/python3.8/site-packages/airflow/example_dags/example_dynamic_task_mapping.py
[2025-06-12T19:03:36.018+0000] {logging_mixin.py:188} INFO - [2025-06-12T19:03:36.017+0000] {dag.py:3036} INFO - Sync 1 DAGs
[2025-06-12T19:03:36.085+0000] {logging_mixin.py:188} INFO - [2025-06-12T19:03:36.084+0000] {dag.py:3823} INFO - Setting next_dagrun for example_dynamic_task_mapping to 2022-03-04 00:00:00+00:00, run_after=2022-03-05 00:00:00+00:00
[2025-06-12T19:03:36.134+0000] {processor.py:183} INFO - Processing /home/airflow/.local/lib/python3.8/site-packages/airflow/example_dags/example_dynamic_task_mapping.py took 0.207 seconds
[2025-06-12T19:04:06.291+0000] {processor.py:161} INFO - Started process (PID=2607) to work on /home/airflow/.local/lib/python3.8/site-packages/airflow/example_dags/example_dynamic_task_mapping.py
[2025-06-12T19:04:06.294+0000] {processor.py:830} INFO - Processing file /home/airflow/.local/lib/python3.8/site-packages/airflow/example_dags/example_dynamic_task_mapping.py for tasks to queue
[2025-06-12T19:04:06.298+0000] {logging_mixin.py:188} INFO - [2025-06-12T19:04:06.297+0000] {dagbag.py:538} INFO - Filling up the DagBag from /home/airflow/.local/lib/python3.8/site-packages/airflow/example_dags/example_dynamic_task_mapping.py
[2025-06-12T19:04:06.321+0000] {processor.py:840} INFO - DAG(s) 'example_dynamic_task_mapping' retrieved from /home/airflow/.local/lib/python3.8/site-packages/airflow/example_dags/example_dynamic_task_mapping.py
[2025-06-12T19:04:06.383+0000] {logging_mixin.py:188} INFO - [2025-06-12T19:04:06.383+0000] {dag.py:3036} INFO - Sync 1 DAGs
[2025-06-12T19:04:06.431+0000] {logging_mixin.py:188} INFO - [2025-06-12T19:04:06.431+0000] {dag.py:3823} INFO - Setting next_dagrun for example_dynamic_task_mapping to 2022-03-04 00:00:00+00:00, run_after=2022-03-05 00:00:00+00:00
[2025-06-12T19:04:06.477+0000] {processor.py:183} INFO - Processing /home/airflow/.local/lib/python3.8/site-packages/airflow/example_dags/example_dynamic_task_mapping.py took 0.195 seconds
[2025-06-12T19:04:38.529+0000] {processor.py:161} INFO - Started process (PID=2663) to work on /home/airflow/.local/lib/python3.8/site-packages/airflow/example_dags/example_dynamic_task_mapping.py
[2025-06-12T19:04:38.533+0000] {processor.py:830} INFO - Processing file /home/airflow/.local/lib/python3.8/site-packages/airflow/example_dags/example_dynamic_task_mapping.py for tasks to queue
[2025-06-12T19:04:38.537+0000] {logging_mixin.py:188} INFO - [2025-06-12T19:04:38.536+0000] {dagbag.py:538} INFO - Filling up the DagBag from /home/airflow/.local/lib/python3.8/site-packages/airflow/example_dags/example_dynamic_task_mapping.py
[2025-06-12T19:04:38.558+0000] {processor.py:840} INFO - DAG(s) 'example_dynamic_task_mapping' retrieved from /home/airflow/.local/lib/python3.8/site-packages/airflow/example_dags/example_dynamic_task_mapping.py
[2025-06-12T19:04:38.614+0000] {logging_mixin.py:188} INFO - [2025-06-12T19:04:38.613+0000] {dag.py:3036} INFO - Sync 1 DAGs
[2025-06-12T19:04:38.991+0000] {logging_mixin.py:188} INFO - [2025-06-12T19:04:38.990+0000] {dag.py:3823} INFO - Setting next_dagrun for example_dynamic_task_mapping to 2022-03-04 00:00:00+00:00, run_after=2022-03-05 00:00:00+00:00
[2025-06-12T19:04:39.039+0000] {processor.py:183} INFO - Processing /home/airflow/.local/lib/python3.8/site-packages/airflow/example_dags/example_dynamic_task_mapping.py took 0.519 seconds
[2025-06-12T19:05:09.449+0000] {processor.py:161} INFO - Started process (PID=2719) to work on /home/airflow/.local/lib/python3.8/site-packages/airflow/example_dags/example_dynamic_task_mapping.py
[2025-06-12T19:05:09.453+0000] {processor.py:830} INFO - Processing file /home/airflow/.local/lib/python3.8/site-packages/airflow/example_dags/example_dynamic_task_mapping.py for tasks to queue
[2025-06-12T19:05:09.459+0000] {logging_mixin.py:188} INFO - [2025-06-12T19:05:09.458+0000] {dagbag.py:538} INFO - Filling up the DagBag from /home/airflow/.local/lib/python3.8/site-packages/airflow/example_dags/example_dynamic_task_mapping.py
[2025-06-12T19:05:09.480+0000] {processor.py:840} INFO - DAG(s) 'example_dynamic_task_mapping' retrieved from /home/airflow/.local/lib/python3.8/site-packages/airflow/example_dags/example_dynamic_task_mapping.py
[2025-06-12T19:05:09.574+0000] {logging_mixin.py:188} INFO - [2025-06-12T19:05:09.574+0000] {dag.py:3036} INFO - Sync 1 DAGs
[2025-06-12T19:05:09.650+0000] {logging_mixin.py:188} INFO - [2025-06-12T19:05:09.650+0000] {dag.py:3823} INFO - Setting next_dagrun for example_dynamic_task_mapping to 2022-03-04 00:00:00+00:00, run_after=2022-03-05 00:00:00+00:00
[2025-06-12T19:05:10.078+0000] {processor.py:183} INFO - Processing /home/airflow/.local/lib/python3.8/site-packages/airflow/example_dags/example_dynamic_task_mapping.py took 0.642 seconds
[2025-06-12T19:05:40.984+0000] {processor.py:161} INFO - Started process (PID=2775) to work on /home/airflow/.local/lib/python3.8/site-packages/airflow/example_dags/example_dynamic_task_mapping.py
[2025-06-12T19:05:40.987+0000] {processor.py:830} INFO - Processing file /home/airflow/.local/lib/python3.8/site-packages/airflow/example_dags/example_dynamic_task_mapping.py for tasks to queue
[2025-06-12T19:05:40.991+0000] {logging_mixin.py:188} INFO - [2025-06-12T19:05:40.990+0000] {dagbag.py:538} INFO - Filling up the DagBag from /home/airflow/.local/lib/python3.8/site-packages/airflow/example_dags/example_dynamic_task_mapping.py
[2025-06-12T19:05:41.017+0000] {processor.py:840} INFO - DAG(s) 'example_dynamic_task_mapping' retrieved from /home/airflow/.local/lib/python3.8/site-packages/airflow/example_dags/example_dynamic_task_mapping.py
[2025-06-12T19:05:41.081+0000] {logging_mixin.py:188} INFO - [2025-06-12T19:05:41.081+0000] {dag.py:3036} INFO - Sync 1 DAGs
[2025-06-12T19:05:41.158+0000] {logging_mixin.py:188} INFO - [2025-06-12T19:05:41.157+0000] {dag.py:3823} INFO - Setting next_dagrun for example_dynamic_task_mapping to 2022-03-04 00:00:00+00:00, run_after=2022-03-05 00:00:00+00:00
[2025-06-12T19:05:41.215+0000] {processor.py:183} INFO - Processing /home/airflow/.local/lib/python3.8/site-packages/airflow/example_dags/example_dynamic_task_mapping.py took 0.242 seconds
[2025-06-12T19:06:11.516+0000] {processor.py:161} INFO - Started process (PID=2830) to work on /home/airflow/.local/lib/python3.8/site-packages/airflow/example_dags/example_dynamic_task_mapping.py
[2025-06-12T19:06:11.519+0000] {processor.py:830} INFO - Processing file /home/airflow/.local/lib/python3.8/site-packages/airflow/example_dags/example_dynamic_task_mapping.py for tasks to queue
[2025-06-12T19:06:11.522+0000] {logging_mixin.py:188} INFO - [2025-06-12T19:06:11.521+0000] {dagbag.py:538} INFO - Filling up the DagBag from /home/airflow/.local/lib/python3.8/site-packages/airflow/example_dags/example_dynamic_task_mapping.py
[2025-06-12T19:06:11.542+0000] {processor.py:840} INFO - DAG(s) 'example_dynamic_task_mapping' retrieved from /home/airflow/.local/lib/python3.8/site-packages/airflow/example_dags/example_dynamic_task_mapping.py
[2025-06-12T19:06:11.605+0000] {logging_mixin.py:188} INFO - [2025-06-12T19:06:11.605+0000] {dag.py:3036} INFO - Sync 1 DAGs
[2025-06-12T19:06:11.665+0000] {logging_mixin.py:188} INFO - [2025-06-12T19:06:11.664+0000] {dag.py:3823} INFO - Setting next_dagrun for example_dynamic_task_mapping to 2022-03-04 00:00:00+00:00, run_after=2022-03-05 00:00:00+00:00
[2025-06-12T19:06:11.712+0000] {processor.py:183} INFO - Processing /home/airflow/.local/lib/python3.8/site-packages/airflow/example_dags/example_dynamic_task_mapping.py took 0.206 seconds
[2025-06-12T19:06:42.693+0000] {processor.py:161} INFO - Started process (PID=2885) to work on /home/airflow/.local/lib/python3.8/site-packages/airflow/example_dags/example_dynamic_task_mapping.py
[2025-06-12T19:06:42.697+0000] {processor.py:830} INFO - Processing file /home/airflow/.local/lib/python3.8/site-packages/airflow/example_dags/example_dynamic_task_mapping.py for tasks to queue
[2025-06-12T19:06:42.699+0000] {logging_mixin.py:188} INFO - [2025-06-12T19:06:42.699+0000] {dagbag.py:538} INFO - Filling up the DagBag from /home/airflow/.local/lib/python3.8/site-packages/airflow/example_dags/example_dynamic_task_mapping.py
[2025-06-12T19:06:43.079+0000] {processor.py:840} INFO - DAG(s) 'example_dynamic_task_mapping' retrieved from /home/airflow/.local/lib/python3.8/site-packages/airflow/example_dags/example_dynamic_task_mapping.py
[2025-06-12T19:06:43.123+0000] {logging_mixin.py:188} INFO - [2025-06-12T19:06:43.123+0000] {dag.py:3036} INFO - Sync 1 DAGs
[2025-06-12T19:06:43.174+0000] {logging_mixin.py:188} INFO - [2025-06-12T19:06:43.173+0000] {dag.py:3823} INFO - Setting next_dagrun for example_dynamic_task_mapping to 2022-03-04 00:00:00+00:00, run_after=2022-03-05 00:00:00+00:00
[2025-06-12T19:06:43.218+0000] {processor.py:183} INFO - Processing /home/airflow/.local/lib/python3.8/site-packages/airflow/example_dags/example_dynamic_task_mapping.py took 0.535 seconds
