[2025-06-12T18:35:01.778+0000] {processor.py:161} INFO - Started process (PID=79) to work on /home/airflow/.local/lib/python3.8/site-packages/airflow/example_dags/example_short_circuit_decorator.py
[2025-06-12T18:35:01.781+0000] {processor.py:830} INFO - Processing file /home/airflow/.local/lib/python3.8/site-packages/airflow/example_dags/example_short_circuit_decorator.py for tasks to queue
[2025-06-12T18:35:01.786+0000] {logging_mixin.py:188} INFO - [2025-06-12T18:35:01.786+0000] {dagbag.py:538} INFO - Filling up the DagBag from /home/airflow/.local/lib/python3.8/site-packages/airflow/example_dags/example_short_circuit_decorator.py
[2025-06-12T18:35:01.817+0000] {processor.py:840} INFO - DAG(s) 'example_short_circuit_decorator' retrieved from /home/airflow/.local/lib/python3.8/site-packages/airflow/example_dags/example_short_circuit_decorator.py
[2025-06-12T18:35:02.721+0000] {logging_mixin.py:188} INFO - [2025-06-12T18:35:02.720+0000] {dag.py:3036} INFO - Sync 1 DAGs
[2025-06-12T18:35:02.888+0000] {logging_mixin.py:188} INFO - [2025-06-12T18:35:02.887+0000] {dag.py:3823} INFO - Setting next_dagrun for example_short_circuit_decorator to 2025-06-11 00:00:00+00:00, run_after=2025-06-12 00:00:00+00:00
[2025-06-12T18:35:02.973+0000] {processor.py:183} INFO - Processing /home/airflow/.local/lib/python3.8/site-packages/airflow/example_dags/example_short_circuit_decorator.py took 1.210 seconds
[2025-06-12T18:35:33.635+0000] {processor.py:161} INFO - Started process (PID=134) to work on /home/airflow/.local/lib/python3.8/site-packages/airflow/example_dags/example_short_circuit_decorator.py
[2025-06-12T18:35:33.637+0000] {processor.py:830} INFO - Processing file /home/airflow/.local/lib/python3.8/site-packages/airflow/example_dags/example_short_circuit_decorator.py for tasks to queue
[2025-06-12T18:35:33.642+0000] {logging_mixin.py:188} INFO - [2025-06-12T18:35:33.641+0000] {dagbag.py:538} INFO - Filling up the DagBag from /home/airflow/.local/lib/python3.8/site-packages/airflow/example_dags/example_short_circuit_decorator.py
[2025-06-12T18:35:33.660+0000] {processor.py:840} INFO - DAG(s) 'example_short_circuit_decorator' retrieved from /home/airflow/.local/lib/python3.8/site-packages/airflow/example_dags/example_short_circuit_decorator.py
[2025-06-12T18:35:33.711+0000] {logging_mixin.py:188} INFO - [2025-06-12T18:35:33.711+0000] {dag.py:3036} INFO - Sync 1 DAGs
[2025-06-12T18:35:33.760+0000] {logging_mixin.py:188} INFO - [2025-06-12T18:35:33.760+0000] {dag.py:3823} INFO - Setting next_dagrun for example_short_circuit_decorator to 2025-06-11 00:00:00+00:00, run_after=2025-06-12 00:00:00+00:00
[2025-06-12T18:35:33.797+0000] {processor.py:183} INFO - Processing /home/airflow/.local/lib/python3.8/site-packages/airflow/example_dags/example_short_circuit_decorator.py took 0.169 seconds
[2025-06-12T18:36:04.041+0000] {processor.py:161} INFO - Started process (PID=187) to work on /home/airflow/.local/lib/python3.8/site-packages/airflow/example_dags/example_short_circuit_decorator.py
[2025-06-12T18:36:04.043+0000] {processor.py:830} INFO - Processing file /home/airflow/.local/lib/python3.8/site-packages/airflow/example_dags/example_short_circuit_decorator.py for tasks to queue
[2025-06-12T18:36:04.046+0000] {logging_mixin.py:188} INFO - [2025-06-12T18:36:04.046+0000] {dagbag.py:538} INFO - Filling up the DagBag from /home/airflow/.local/lib/python3.8/site-packages/airflow/example_dags/example_short_circuit_decorator.py
[2025-06-12T18:36:04.062+0000] {processor.py:840} INFO - DAG(s) 'example_short_circuit_decorator' retrieved from /home/airflow/.local/lib/python3.8/site-packages/airflow/example_dags/example_short_circuit_decorator.py
[2025-06-12T18:36:04.107+0000] {logging_mixin.py:188} INFO - [2025-06-12T18:36:04.106+0000] {dag.py:3036} INFO - Sync 1 DAGs
[2025-06-12T18:36:04.147+0000] {logging_mixin.py:188} INFO - [2025-06-12T18:36:04.147+0000] {dag.py:3823} INFO - Setting next_dagrun for example_short_circuit_decorator to 2025-06-11 00:00:00+00:00, run_after=2025-06-12 00:00:00+00:00
[2025-06-12T18:36:04.185+0000] {processor.py:183} INFO - Processing /home/airflow/.local/lib/python3.8/site-packages/airflow/example_dags/example_short_circuit_decorator.py took 0.151 seconds
[2025-06-12T18:36:34.926+0000] {processor.py:161} INFO - Started process (PID=242) to work on /home/airflow/.local/lib/python3.8/site-packages/airflow/example_dags/example_short_circuit_decorator.py
[2025-06-12T18:36:34.928+0000] {processor.py:830} INFO - Processing file /home/airflow/.local/lib/python3.8/site-packages/airflow/example_dags/example_short_circuit_decorator.py for tasks to queue
[2025-06-12T18:36:34.932+0000] {logging_mixin.py:188} INFO - [2025-06-12T18:36:34.931+0000] {dagbag.py:538} INFO - Filling up the DagBag from /home/airflow/.local/lib/python3.8/site-packages/airflow/example_dags/example_short_circuit_decorator.py
[2025-06-12T18:36:34.946+0000] {processor.py:840} INFO - DAG(s) 'example_short_circuit_decorator' retrieved from /home/airflow/.local/lib/python3.8/site-packages/airflow/example_dags/example_short_circuit_decorator.py
[2025-06-12T18:36:34.970+0000] {logging_mixin.py:188} INFO - [2025-06-12T18:36:34.970+0000] {dag.py:3036} INFO - Sync 1 DAGs
[2025-06-12T18:36:35.009+0000] {logging_mixin.py:188} INFO - [2025-06-12T18:36:35.008+0000] {dag.py:3823} INFO - Setting next_dagrun for example_short_circuit_decorator to 2025-06-11 00:00:00+00:00, run_after=2025-06-12 00:00:00+00:00
[2025-06-12T18:36:35.047+0000] {processor.py:183} INFO - Processing /home/airflow/.local/lib/python3.8/site-packages/airflow/example_dags/example_short_circuit_decorator.py took 0.126 seconds
[2025-06-12T18:37:06.397+0000] {processor.py:161} INFO - Started process (PID=297) to work on /home/airflow/.local/lib/python3.8/site-packages/airflow/example_dags/example_short_circuit_decorator.py
[2025-06-12T18:37:06.399+0000] {processor.py:830} INFO - Processing file /home/airflow/.local/lib/python3.8/site-packages/airflow/example_dags/example_short_circuit_decorator.py for tasks to queue
[2025-06-12T18:37:06.404+0000] {logging_mixin.py:188} INFO - [2025-06-12T18:37:06.403+0000] {dagbag.py:538} INFO - Filling up the DagBag from /home/airflow/.local/lib/python3.8/site-packages/airflow/example_dags/example_short_circuit_decorator.py
[2025-06-12T18:37:06.420+0000] {processor.py:840} INFO - DAG(s) 'example_short_circuit_decorator' retrieved from /home/airflow/.local/lib/python3.8/site-packages/airflow/example_dags/example_short_circuit_decorator.py
[2025-06-12T18:37:06.577+0000] {logging_mixin.py:188} INFO - [2025-06-12T18:37:06.577+0000] {dag.py:3036} INFO - Sync 1 DAGs
[2025-06-12T18:37:06.609+0000] {logging_mixin.py:188} INFO - [2025-06-12T18:37:06.609+0000] {dag.py:3823} INFO - Setting next_dagrun for example_short_circuit_decorator to 2025-06-11 00:00:00+00:00, run_after=2025-06-12 00:00:00+00:00
[2025-06-12T18:37:06.645+0000] {processor.py:183} INFO - Processing /home/airflow/.local/lib/python3.8/site-packages/airflow/example_dags/example_short_circuit_decorator.py took 0.254 seconds
[2025-06-12T18:37:37.607+0000] {processor.py:161} INFO - Started process (PID=352) to work on /home/airflow/.local/lib/python3.8/site-packages/airflow/example_dags/example_short_circuit_decorator.py
[2025-06-12T18:37:37.618+0000] {processor.py:830} INFO - Processing file /home/airflow/.local/lib/python3.8/site-packages/airflow/example_dags/example_short_circuit_decorator.py for tasks to queue
[2025-06-12T18:37:37.623+0000] {logging_mixin.py:188} INFO - [2025-06-12T18:37:37.622+0000] {dagbag.py:538} INFO - Filling up the DagBag from /home/airflow/.local/lib/python3.8/site-packages/airflow/example_dags/example_short_circuit_decorator.py
[2025-06-12T18:37:37.639+0000] {processor.py:840} INFO - DAG(s) 'example_short_circuit_decorator' retrieved from /home/airflow/.local/lib/python3.8/site-packages/airflow/example_dags/example_short_circuit_decorator.py
[2025-06-12T18:37:37.678+0000] {logging_mixin.py:188} INFO - [2025-06-12T18:37:37.678+0000] {dag.py:3036} INFO - Sync 1 DAGs
[2025-06-12T18:37:37.714+0000] {logging_mixin.py:188} INFO - [2025-06-12T18:37:37.714+0000] {dag.py:3823} INFO - Setting next_dagrun for example_short_circuit_decorator to 2025-06-11 00:00:00+00:00, run_after=2025-06-12 00:00:00+00:00
[2025-06-12T18:37:37.758+0000] {processor.py:183} INFO - Processing /home/airflow/.local/lib/python3.8/site-packages/airflow/example_dags/example_short_circuit_decorator.py took 0.191 seconds
[2025-06-12T18:38:07.944+0000] {processor.py:161} INFO - Started process (PID=407) to work on /home/airflow/.local/lib/python3.8/site-packages/airflow/example_dags/example_short_circuit_decorator.py
[2025-06-12T18:38:07.946+0000] {processor.py:830} INFO - Processing file /home/airflow/.local/lib/python3.8/site-packages/airflow/example_dags/example_short_circuit_decorator.py for tasks to queue
[2025-06-12T18:38:07.950+0000] {logging_mixin.py:188} INFO - [2025-06-12T18:38:07.949+0000] {dagbag.py:538} INFO - Filling up the DagBag from /home/airflow/.local/lib/python3.8/site-packages/airflow/example_dags/example_short_circuit_decorator.py
[2025-06-12T18:38:07.965+0000] {processor.py:840} INFO - DAG(s) 'example_short_circuit_decorator' retrieved from /home/airflow/.local/lib/python3.8/site-packages/airflow/example_dags/example_short_circuit_decorator.py
[2025-06-12T18:38:08.005+0000] {logging_mixin.py:188} INFO - [2025-06-12T18:38:08.005+0000] {dag.py:3036} INFO - Sync 1 DAGs
[2025-06-12T18:38:08.043+0000] {logging_mixin.py:188} INFO - [2025-06-12T18:38:08.042+0000] {dag.py:3823} INFO - Setting next_dagrun for example_short_circuit_decorator to 2025-06-11 00:00:00+00:00, run_after=2025-06-12 00:00:00+00:00
[2025-06-12T18:38:08.074+0000] {processor.py:183} INFO - Processing /home/airflow/.local/lib/python3.8/site-packages/airflow/example_dags/example_short_circuit_decorator.py took 0.135 seconds
[2025-06-12T18:38:38.928+0000] {processor.py:161} INFO - Started process (PID=462) to work on /home/airflow/.local/lib/python3.8/site-packages/airflow/example_dags/example_short_circuit_decorator.py
[2025-06-12T18:38:38.931+0000] {processor.py:830} INFO - Processing file /home/airflow/.local/lib/python3.8/site-packages/airflow/example_dags/example_short_circuit_decorator.py for tasks to queue
[2025-06-12T18:38:38.936+0000] {logging_mixin.py:188} INFO - [2025-06-12T18:38:38.935+0000] {dagbag.py:538} INFO - Filling up the DagBag from /home/airflow/.local/lib/python3.8/site-packages/airflow/example_dags/example_short_circuit_decorator.py
[2025-06-12T18:38:38.953+0000] {processor.py:840} INFO - DAG(s) 'example_short_circuit_decorator' retrieved from /home/airflow/.local/lib/python3.8/site-packages/airflow/example_dags/example_short_circuit_decorator.py
[2025-06-12T18:38:38.997+0000] {logging_mixin.py:188} INFO - [2025-06-12T18:38:38.996+0000] {dag.py:3036} INFO - Sync 1 DAGs
[2025-06-12T18:38:39.035+0000] {logging_mixin.py:188} INFO - [2025-06-12T18:38:39.035+0000] {dag.py:3823} INFO - Setting next_dagrun for example_short_circuit_decorator to 2025-06-11 00:00:00+00:00, run_after=2025-06-12 00:00:00+00:00
[2025-06-12T18:38:39.069+0000] {processor.py:183} INFO - Processing /home/airflow/.local/lib/python3.8/site-packages/airflow/example_dags/example_short_circuit_decorator.py took 0.147 seconds
[2025-06-12T18:39:09.821+0000] {processor.py:161} INFO - Started process (PID=517) to work on /home/airflow/.local/lib/python3.8/site-packages/airflow/example_dags/example_short_circuit_decorator.py
[2025-06-12T18:39:09.824+0000] {processor.py:830} INFO - Processing file /home/airflow/.local/lib/python3.8/site-packages/airflow/example_dags/example_short_circuit_decorator.py for tasks to queue
[2025-06-12T18:39:09.828+0000] {logging_mixin.py:188} INFO - [2025-06-12T18:39:09.828+0000] {dagbag.py:538} INFO - Filling up the DagBag from /home/airflow/.local/lib/python3.8/site-packages/airflow/example_dags/example_short_circuit_decorator.py
[2025-06-12T18:39:09.847+0000] {processor.py:840} INFO - DAG(s) 'example_short_circuit_decorator' retrieved from /home/airflow/.local/lib/python3.8/site-packages/airflow/example_dags/example_short_circuit_decorator.py
[2025-06-12T18:39:09.894+0000] {logging_mixin.py:188} INFO - [2025-06-12T18:39:09.894+0000] {dag.py:3036} INFO - Sync 1 DAGs
[2025-06-12T18:39:09.942+0000] {logging_mixin.py:188} INFO - [2025-06-12T18:39:09.941+0000] {dag.py:3823} INFO - Setting next_dagrun for example_short_circuit_decorator to 2025-06-11 00:00:00+00:00, run_after=2025-06-12 00:00:00+00:00
[2025-06-12T18:39:09.987+0000] {processor.py:183} INFO - Processing /home/airflow/.local/lib/python3.8/site-packages/airflow/example_dags/example_short_circuit_decorator.py took 0.173 seconds
[2025-06-12T18:39:40.107+0000] {processor.py:161} INFO - Started process (PID=572) to work on /home/airflow/.local/lib/python3.8/site-packages/airflow/example_dags/example_short_circuit_decorator.py
[2025-06-12T18:39:40.109+0000] {processor.py:830} INFO - Processing file /home/airflow/.local/lib/python3.8/site-packages/airflow/example_dags/example_short_circuit_decorator.py for tasks to queue
[2025-06-12T18:39:40.116+0000] {logging_mixin.py:188} INFO - [2025-06-12T18:39:40.115+0000] {dagbag.py:538} INFO - Filling up the DagBag from /home/airflow/.local/lib/python3.8/site-packages/airflow/example_dags/example_short_circuit_decorator.py
[2025-06-12T18:39:40.139+0000] {processor.py:840} INFO - DAG(s) 'example_short_circuit_decorator' retrieved from /home/airflow/.local/lib/python3.8/site-packages/airflow/example_dags/example_short_circuit_decorator.py
[2025-06-12T18:39:40.165+0000] {logging_mixin.py:188} INFO - [2025-06-12T18:39:40.164+0000] {dag.py:3036} INFO - Sync 1 DAGs
[2025-06-12T18:39:40.204+0000] {logging_mixin.py:188} INFO - [2025-06-12T18:39:40.203+0000] {dag.py:3823} INFO - Setting next_dagrun for example_short_circuit_decorator to 2025-06-11 00:00:00+00:00, run_after=2025-06-12 00:00:00+00:00
[2025-06-12T18:39:40.241+0000] {processor.py:183} INFO - Processing /home/airflow/.local/lib/python3.8/site-packages/airflow/example_dags/example_short_circuit_decorator.py took 0.141 seconds
[2025-06-12T18:40:10.933+0000] {processor.py:161} INFO - Started process (PID=627) to work on /home/airflow/.local/lib/python3.8/site-packages/airflow/example_dags/example_short_circuit_decorator.py
[2025-06-12T18:40:10.935+0000] {processor.py:830} INFO - Processing file /home/airflow/.local/lib/python3.8/site-packages/airflow/example_dags/example_short_circuit_decorator.py for tasks to queue
[2025-06-12T18:40:10.939+0000] {logging_mixin.py:188} INFO - [2025-06-12T18:40:10.938+0000] {dagbag.py:538} INFO - Filling up the DagBag from /home/airflow/.local/lib/python3.8/site-packages/airflow/example_dags/example_short_circuit_decorator.py
[2025-06-12T18:40:10.954+0000] {processor.py:840} INFO - DAG(s) 'example_short_circuit_decorator' retrieved from /home/airflow/.local/lib/python3.8/site-packages/airflow/example_dags/example_short_circuit_decorator.py
[2025-06-12T18:40:11.143+0000] {logging_mixin.py:188} INFO - [2025-06-12T18:40:11.143+0000] {dag.py:3036} INFO - Sync 1 DAGs
[2025-06-12T18:40:11.176+0000] {logging_mixin.py:188} INFO - [2025-06-12T18:40:11.176+0000] {dag.py:3823} INFO - Setting next_dagrun for example_short_circuit_decorator to 2025-06-11 00:00:00+00:00, run_after=2025-06-12 00:00:00+00:00
[2025-06-12T18:40:11.209+0000] {processor.py:183} INFO - Processing /home/airflow/.local/lib/python3.8/site-packages/airflow/example_dags/example_short_circuit_decorator.py took 0.283 seconds
[2025-06-12T18:46:12.656+0000] {processor.py:161} INFO - Started process (PID=692) to work on /home/airflow/.local/lib/python3.8/site-packages/airflow/example_dags/example_short_circuit_decorator.py
[2025-06-12T18:46:12.659+0000] {processor.py:830} INFO - Processing file /home/airflow/.local/lib/python3.8/site-packages/airflow/example_dags/example_short_circuit_decorator.py for tasks to queue
[2025-06-12T18:46:12.661+0000] {logging_mixin.py:188} INFO - [2025-06-12T18:46:12.661+0000] {dagbag.py:538} INFO - Filling up the DagBag from /home/airflow/.local/lib/python3.8/site-packages/airflow/example_dags/example_short_circuit_decorator.py
[2025-06-12T18:46:12.687+0000] {processor.py:840} INFO - DAG(s) 'example_short_circuit_decorator' retrieved from /home/airflow/.local/lib/python3.8/site-packages/airflow/example_dags/example_short_circuit_decorator.py
[2025-06-12T18:46:12.745+0000] {logging_mixin.py:188} INFO - [2025-06-12T18:46:12.745+0000] {dag.py:3036} INFO - Sync 1 DAGs
[2025-06-12T18:46:12.785+0000] {logging_mixin.py:188} INFO - [2025-06-12T18:46:12.784+0000] {dag.py:3823} INFO - Setting next_dagrun for example_short_circuit_decorator to 2025-06-11 00:00:00+00:00, run_after=2025-06-12 00:00:00+00:00
[2025-06-12T18:46:12.821+0000] {processor.py:183} INFO - Processing /home/airflow/.local/lib/python3.8/site-packages/airflow/example_dags/example_short_circuit_decorator.py took 0.173 seconds
[2025-06-12T18:46:43.247+0000] {processor.py:161} INFO - Started process (PID=748) to work on /home/airflow/.local/lib/python3.8/site-packages/airflow/example_dags/example_short_circuit_decorator.py
[2025-06-12T18:46:43.250+0000] {processor.py:830} INFO - Processing file /home/airflow/.local/lib/python3.8/site-packages/airflow/example_dags/example_short_circuit_decorator.py for tasks to queue
[2025-06-12T18:46:43.252+0000] {logging_mixin.py:188} INFO - [2025-06-12T18:46:43.251+0000] {dagbag.py:538} INFO - Filling up the DagBag from /home/airflow/.local/lib/python3.8/site-packages/airflow/example_dags/example_short_circuit_decorator.py
[2025-06-12T18:46:43.284+0000] {processor.py:840} INFO - DAG(s) 'example_short_circuit_decorator' retrieved from /home/airflow/.local/lib/python3.8/site-packages/airflow/example_dags/example_short_circuit_decorator.py
[2025-06-12T18:46:43.333+0000] {logging_mixin.py:188} INFO - [2025-06-12T18:46:43.333+0000] {dag.py:3036} INFO - Sync 1 DAGs
[2025-06-12T18:46:43.368+0000] {logging_mixin.py:188} INFO - [2025-06-12T18:46:43.368+0000] {dag.py:3823} INFO - Setting next_dagrun for example_short_circuit_decorator to 2025-06-11 00:00:00+00:00, run_after=2025-06-12 00:00:00+00:00
[2025-06-12T18:46:43.404+0000] {processor.py:183} INFO - Processing /home/airflow/.local/lib/python3.8/site-packages/airflow/example_dags/example_short_circuit_decorator.py took 0.162 seconds
[2025-06-12T18:47:14.259+0000] {processor.py:161} INFO - Started process (PID=801) to work on /home/airflow/.local/lib/python3.8/site-packages/airflow/example_dags/example_short_circuit_decorator.py
[2025-06-12T18:47:14.261+0000] {processor.py:830} INFO - Processing file /home/airflow/.local/lib/python3.8/site-packages/airflow/example_dags/example_short_circuit_decorator.py for tasks to queue
[2025-06-12T18:47:14.263+0000] {logging_mixin.py:188} INFO - [2025-06-12T18:47:14.263+0000] {dagbag.py:538} INFO - Filling up the DagBag from /home/airflow/.local/lib/python3.8/site-packages/airflow/example_dags/example_short_circuit_decorator.py
[2025-06-12T18:47:14.278+0000] {processor.py:840} INFO - DAG(s) 'example_short_circuit_decorator' retrieved from /home/airflow/.local/lib/python3.8/site-packages/airflow/example_dags/example_short_circuit_decorator.py
[2025-06-12T18:47:14.320+0000] {logging_mixin.py:188} INFO - [2025-06-12T18:47:14.319+0000] {dag.py:3036} INFO - Sync 1 DAGs
[2025-06-12T18:47:14.357+0000] {logging_mixin.py:188} INFO - [2025-06-12T18:47:14.357+0000] {dag.py:3823} INFO - Setting next_dagrun for example_short_circuit_decorator to 2025-06-11 00:00:00+00:00, run_after=2025-06-12 00:00:00+00:00
[2025-06-12T18:47:14.394+0000] {processor.py:183} INFO - Processing /home/airflow/.local/lib/python3.8/site-packages/airflow/example_dags/example_short_circuit_decorator.py took 0.140 seconds
[2025-06-12T18:47:44.515+0000] {processor.py:161} INFO - Started process (PID=856) to work on /home/airflow/.local/lib/python3.8/site-packages/airflow/example_dags/example_short_circuit_decorator.py
[2025-06-12T18:47:44.517+0000] {processor.py:830} INFO - Processing file /home/airflow/.local/lib/python3.8/site-packages/airflow/example_dags/example_short_circuit_decorator.py for tasks to queue
[2025-06-12T18:47:44.519+0000] {logging_mixin.py:188} INFO - [2025-06-12T18:47:44.518+0000] {dagbag.py:538} INFO - Filling up the DagBag from /home/airflow/.local/lib/python3.8/site-packages/airflow/example_dags/example_short_circuit_decorator.py
[2025-06-12T18:47:44.535+0000] {processor.py:840} INFO - DAG(s) 'example_short_circuit_decorator' retrieved from /home/airflow/.local/lib/python3.8/site-packages/airflow/example_dags/example_short_circuit_decorator.py
[2025-06-12T18:47:44.574+0000] {logging_mixin.py:188} INFO - [2025-06-12T18:47:44.573+0000] {dag.py:3036} INFO - Sync 1 DAGs
[2025-06-12T18:47:44.610+0000] {logging_mixin.py:188} INFO - [2025-06-12T18:47:44.610+0000] {dag.py:3823} INFO - Setting next_dagrun for example_short_circuit_decorator to 2025-06-11 00:00:00+00:00, run_after=2025-06-12 00:00:00+00:00
[2025-06-12T18:47:44.646+0000] {processor.py:183} INFO - Processing /home/airflow/.local/lib/python3.8/site-packages/airflow/example_dags/example_short_circuit_decorator.py took 0.137 seconds
[2025-06-12T18:48:15.894+0000] {processor.py:161} INFO - Started process (PID=911) to work on /home/airflow/.local/lib/python3.8/site-packages/airflow/example_dags/example_short_circuit_decorator.py
[2025-06-12T18:48:15.898+0000] {processor.py:830} INFO - Processing file /home/airflow/.local/lib/python3.8/site-packages/airflow/example_dags/example_short_circuit_decorator.py for tasks to queue
[2025-06-12T18:48:15.938+0000] {logging_mixin.py:188} INFO - [2025-06-12T18:48:15.936+0000] {dagbag.py:538} INFO - Filling up the DagBag from /home/airflow/.local/lib/python3.8/site-packages/airflow/example_dags/example_short_circuit_decorator.py
[2025-06-12T18:48:16.014+0000] {processor.py:840} INFO - DAG(s) 'example_short_circuit_decorator' retrieved from /home/airflow/.local/lib/python3.8/site-packages/airflow/example_dags/example_short_circuit_decorator.py
[2025-06-12T18:48:16.205+0000] {logging_mixin.py:188} INFO - [2025-06-12T18:48:16.204+0000] {dag.py:3036} INFO - Sync 1 DAGs
[2025-06-12T18:48:16.354+0000] {logging_mixin.py:188} INFO - [2025-06-12T18:48:16.353+0000] {dag.py:3823} INFO - Setting next_dagrun for example_short_circuit_decorator to 2025-06-11 00:00:00+00:00, run_after=2025-06-12 00:00:00+00:00
[2025-06-12T18:48:16.457+0000] {processor.py:183} INFO - Processing /home/airflow/.local/lib/python3.8/site-packages/airflow/example_dags/example_short_circuit_decorator.py took 0.593 seconds
[2025-06-12T18:48:46.561+0000] {processor.py:161} INFO - Started process (PID=966) to work on /home/airflow/.local/lib/python3.8/site-packages/airflow/example_dags/example_short_circuit_decorator.py
[2025-06-12T18:48:46.564+0000] {processor.py:830} INFO - Processing file /home/airflow/.local/lib/python3.8/site-packages/airflow/example_dags/example_short_circuit_decorator.py for tasks to queue
[2025-06-12T18:48:46.566+0000] {logging_mixin.py:188} INFO - [2025-06-12T18:48:46.565+0000] {dagbag.py:538} INFO - Filling up the DagBag from /home/airflow/.local/lib/python3.8/site-packages/airflow/example_dags/example_short_circuit_decorator.py
[2025-06-12T18:48:46.582+0000] {processor.py:840} INFO - DAG(s) 'example_short_circuit_decorator' retrieved from /home/airflow/.local/lib/python3.8/site-packages/airflow/example_dags/example_short_circuit_decorator.py
[2025-06-12T18:48:46.620+0000] {logging_mixin.py:188} INFO - [2025-06-12T18:48:46.619+0000] {dag.py:3036} INFO - Sync 1 DAGs
[2025-06-12T18:48:46.658+0000] {logging_mixin.py:188} INFO - [2025-06-12T18:48:46.658+0000] {dag.py:3823} INFO - Setting next_dagrun for example_short_circuit_decorator to 2025-06-11 00:00:00+00:00, run_after=2025-06-12 00:00:00+00:00
[2025-06-12T18:48:46.692+0000] {processor.py:183} INFO - Processing /home/airflow/.local/lib/python3.8/site-packages/airflow/example_dags/example_short_circuit_decorator.py took 0.136 seconds
[2025-06-12T18:49:16.869+0000] {processor.py:161} INFO - Started process (PID=1021) to work on /home/airflow/.local/lib/python3.8/site-packages/airflow/example_dags/example_short_circuit_decorator.py
[2025-06-12T18:49:16.871+0000] {processor.py:830} INFO - Processing file /home/airflow/.local/lib/python3.8/site-packages/airflow/example_dags/example_short_circuit_decorator.py for tasks to queue
[2025-06-12T18:49:16.873+0000] {logging_mixin.py:188} INFO - [2025-06-12T18:49:16.872+0000] {dagbag.py:538} INFO - Filling up the DagBag from /home/airflow/.local/lib/python3.8/site-packages/airflow/example_dags/example_short_circuit_decorator.py
[2025-06-12T18:49:16.889+0000] {processor.py:840} INFO - DAG(s) 'example_short_circuit_decorator' retrieved from /home/airflow/.local/lib/python3.8/site-packages/airflow/example_dags/example_short_circuit_decorator.py
[2025-06-12T18:49:16.927+0000] {logging_mixin.py:188} INFO - [2025-06-12T18:49:16.926+0000] {dag.py:3036} INFO - Sync 1 DAGs
[2025-06-12T18:49:16.970+0000] {logging_mixin.py:188} INFO - [2025-06-12T18:49:16.969+0000] {dag.py:3823} INFO - Setting next_dagrun for example_short_circuit_decorator to 2025-06-11 00:00:00+00:00, run_after=2025-06-12 00:00:00+00:00
[2025-06-12T18:49:17.019+0000] {processor.py:183} INFO - Processing /home/airflow/.local/lib/python3.8/site-packages/airflow/example_dags/example_short_circuit_decorator.py took 0.158 seconds
[2025-06-12T18:49:47.743+0000] {processor.py:161} INFO - Started process (PID=1076) to work on /home/airflow/.local/lib/python3.8/site-packages/airflow/example_dags/example_short_circuit_decorator.py
[2025-06-12T18:49:47.748+0000] {processor.py:830} INFO - Processing file /home/airflow/.local/lib/python3.8/site-packages/airflow/example_dags/example_short_circuit_decorator.py for tasks to queue
[2025-06-12T18:49:47.749+0000] {logging_mixin.py:188} INFO - [2025-06-12T18:49:47.749+0000] {dagbag.py:538} INFO - Filling up the DagBag from /home/airflow/.local/lib/python3.8/site-packages/airflow/example_dags/example_short_circuit_decorator.py
[2025-06-12T18:49:47.769+0000] {processor.py:840} INFO - DAG(s) 'example_short_circuit_decorator' retrieved from /home/airflow/.local/lib/python3.8/site-packages/airflow/example_dags/example_short_circuit_decorator.py
[2025-06-12T18:49:47.808+0000] {logging_mixin.py:188} INFO - [2025-06-12T18:49:47.808+0000] {dag.py:3036} INFO - Sync 1 DAGs
[2025-06-12T18:49:47.846+0000] {logging_mixin.py:188} INFO - [2025-06-12T18:49:47.846+0000] {dag.py:3823} INFO - Setting next_dagrun for example_short_circuit_decorator to 2025-06-11 00:00:00+00:00, run_after=2025-06-12 00:00:00+00:00
[2025-06-12T18:49:47.882+0000] {processor.py:183} INFO - Processing /home/airflow/.local/lib/python3.8/site-packages/airflow/example_dags/example_short_circuit_decorator.py took 0.145 seconds
[2025-06-12T18:50:18.349+0000] {processor.py:161} INFO - Started process (PID=1131) to work on /home/airflow/.local/lib/python3.8/site-packages/airflow/example_dags/example_short_circuit_decorator.py
[2025-06-12T18:50:18.351+0000] {processor.py:830} INFO - Processing file /home/airflow/.local/lib/python3.8/site-packages/airflow/example_dags/example_short_circuit_decorator.py for tasks to queue
[2025-06-12T18:50:18.353+0000] {logging_mixin.py:188} INFO - [2025-06-12T18:50:18.352+0000] {dagbag.py:538} INFO - Filling up the DagBag from /home/airflow/.local/lib/python3.8/site-packages/airflow/example_dags/example_short_circuit_decorator.py
[2025-06-12T18:50:18.371+0000] {processor.py:840} INFO - DAG(s) 'example_short_circuit_decorator' retrieved from /home/airflow/.local/lib/python3.8/site-packages/airflow/example_dags/example_short_circuit_decorator.py
[2025-06-12T18:50:18.413+0000] {logging_mixin.py:188} INFO - [2025-06-12T18:50:18.412+0000] {dag.py:3036} INFO - Sync 1 DAGs
[2025-06-12T18:50:18.451+0000] {logging_mixin.py:188} INFO - [2025-06-12T18:50:18.451+0000] {dag.py:3823} INFO - Setting next_dagrun for example_short_circuit_decorator to 2025-06-11 00:00:00+00:00, run_after=2025-06-12 00:00:00+00:00
[2025-06-12T18:50:18.483+0000] {processor.py:183} INFO - Processing /home/airflow/.local/lib/python3.8/site-packages/airflow/example_dags/example_short_circuit_decorator.py took 0.139 seconds
[2025-06-12T18:50:48.581+0000] {processor.py:161} INFO - Started process (PID=1187) to work on /home/airflow/.local/lib/python3.8/site-packages/airflow/example_dags/example_short_circuit_decorator.py
[2025-06-12T18:50:48.583+0000] {processor.py:830} INFO - Processing file /home/airflow/.local/lib/python3.8/site-packages/airflow/example_dags/example_short_circuit_decorator.py for tasks to queue
[2025-06-12T18:50:48.586+0000] {logging_mixin.py:188} INFO - [2025-06-12T18:50:48.585+0000] {dagbag.py:538} INFO - Filling up the DagBag from /home/airflow/.local/lib/python3.8/site-packages/airflow/example_dags/example_short_circuit_decorator.py
[2025-06-12T18:50:48.603+0000] {processor.py:840} INFO - DAG(s) 'example_short_circuit_decorator' retrieved from /home/airflow/.local/lib/python3.8/site-packages/airflow/example_dags/example_short_circuit_decorator.py
[2025-06-12T18:50:48.642+0000] {logging_mixin.py:188} INFO - [2025-06-12T18:50:48.641+0000] {dag.py:3036} INFO - Sync 1 DAGs
[2025-06-12T18:50:48.676+0000] {logging_mixin.py:188} INFO - [2025-06-12T18:50:48.676+0000] {dag.py:3823} INFO - Setting next_dagrun for example_short_circuit_decorator to 2025-06-11 00:00:00+00:00, run_after=2025-06-12 00:00:00+00:00
[2025-06-12T18:50:48.708+0000] {processor.py:183} INFO - Processing /home/airflow/.local/lib/python3.8/site-packages/airflow/example_dags/example_short_circuit_decorator.py took 0.134 seconds
[2025-06-12T18:51:18.974+0000] {processor.py:161} INFO - Started process (PID=1242) to work on /home/airflow/.local/lib/python3.8/site-packages/airflow/example_dags/example_short_circuit_decorator.py
[2025-06-12T18:51:18.980+0000] {processor.py:830} INFO - Processing file /home/airflow/.local/lib/python3.8/site-packages/airflow/example_dags/example_short_circuit_decorator.py for tasks to queue
[2025-06-12T18:51:18.985+0000] {logging_mixin.py:188} INFO - [2025-06-12T18:51:18.982+0000] {dagbag.py:538} INFO - Filling up the DagBag from /home/airflow/.local/lib/python3.8/site-packages/airflow/example_dags/example_short_circuit_decorator.py
[2025-06-12T18:51:19.032+0000] {processor.py:840} INFO - DAG(s) 'example_short_circuit_decorator' retrieved from /home/airflow/.local/lib/python3.8/site-packages/airflow/example_dags/example_short_circuit_decorator.py
[2025-06-12T18:51:19.079+0000] {logging_mixin.py:188} INFO - [2025-06-12T18:51:19.078+0000] {dag.py:3036} INFO - Sync 1 DAGs
[2025-06-12T18:51:19.109+0000] {logging_mixin.py:188} INFO - [2025-06-12T18:51:19.109+0000] {dag.py:3823} INFO - Setting next_dagrun for example_short_circuit_decorator to 2025-06-11 00:00:00+00:00, run_after=2025-06-12 00:00:00+00:00
[2025-06-12T18:51:19.150+0000] {processor.py:183} INFO - Processing /home/airflow/.local/lib/python3.8/site-packages/airflow/example_dags/example_short_circuit_decorator.py took 0.188 seconds
[2025-06-12T18:51:49.786+0000] {processor.py:161} INFO - Started process (PID=1297) to work on /home/airflow/.local/lib/python3.8/site-packages/airflow/example_dags/example_short_circuit_decorator.py
[2025-06-12T18:51:49.789+0000] {processor.py:830} INFO - Processing file /home/airflow/.local/lib/python3.8/site-packages/airflow/example_dags/example_short_circuit_decorator.py for tasks to queue
[2025-06-12T18:51:49.791+0000] {logging_mixin.py:188} INFO - [2025-06-12T18:51:49.790+0000] {dagbag.py:538} INFO - Filling up the DagBag from /home/airflow/.local/lib/python3.8/site-packages/airflow/example_dags/example_short_circuit_decorator.py
[2025-06-12T18:51:49.812+0000] {processor.py:840} INFO - DAG(s) 'example_short_circuit_decorator' retrieved from /home/airflow/.local/lib/python3.8/site-packages/airflow/example_dags/example_short_circuit_decorator.py
[2025-06-12T18:51:49.865+0000] {logging_mixin.py:188} INFO - [2025-06-12T18:51:49.864+0000] {dag.py:3036} INFO - Sync 1 DAGs
[2025-06-12T18:51:49.907+0000] {logging_mixin.py:188} INFO - [2025-06-12T18:51:49.907+0000] {dag.py:3823} INFO - Setting next_dagrun for example_short_circuit_decorator to 2025-06-11 00:00:00+00:00, run_after=2025-06-12 00:00:00+00:00
[2025-06-12T18:51:49.941+0000] {processor.py:183} INFO - Processing /home/airflow/.local/lib/python3.8/site-packages/airflow/example_dags/example_short_circuit_decorator.py took 0.162 seconds
[2025-06-12T18:52:21.742+0000] {processor.py:161} INFO - Started process (PID=1353) to work on /home/airflow/.local/lib/python3.8/site-packages/airflow/example_dags/example_short_circuit_decorator.py
[2025-06-12T18:52:21.771+0000] {processor.py:830} INFO - Processing file /home/airflow/.local/lib/python3.8/site-packages/airflow/example_dags/example_short_circuit_decorator.py for tasks to queue
[2025-06-12T18:52:21.792+0000] {logging_mixin.py:188} INFO - [2025-06-12T18:52:21.785+0000] {dagbag.py:538} INFO - Filling up the DagBag from /home/airflow/.local/lib/python3.8/site-packages/airflow/example_dags/example_short_circuit_decorator.py
[2025-06-12T18:52:21.888+0000] {processor.py:840} INFO - DAG(s) 'example_short_circuit_decorator' retrieved from /home/airflow/.local/lib/python3.8/site-packages/airflow/example_dags/example_short_circuit_decorator.py
[2025-06-12T18:52:22.067+0000] {logging_mixin.py:188} INFO - [2025-06-12T18:52:22.066+0000] {dag.py:3036} INFO - Sync 1 DAGs
[2025-06-12T18:52:22.134+0000] {logging_mixin.py:188} INFO - [2025-06-12T18:52:22.133+0000] {dag.py:3823} INFO - Setting next_dagrun for example_short_circuit_decorator to 2025-06-11 00:00:00+00:00, run_after=2025-06-12 00:00:00+00:00
[2025-06-12T18:52:22.209+0000] {processor.py:183} INFO - Processing /home/airflow/.local/lib/python3.8/site-packages/airflow/example_dags/example_short_circuit_decorator.py took 0.496 seconds
[2025-06-12T18:52:52.336+0000] {processor.py:161} INFO - Started process (PID=1408) to work on /home/airflow/.local/lib/python3.8/site-packages/airflow/example_dags/example_short_circuit_decorator.py
[2025-06-12T18:52:52.338+0000] {processor.py:830} INFO - Processing file /home/airflow/.local/lib/python3.8/site-packages/airflow/example_dags/example_short_circuit_decorator.py for tasks to queue
[2025-06-12T18:52:52.340+0000] {logging_mixin.py:188} INFO - [2025-06-12T18:52:52.339+0000] {dagbag.py:538} INFO - Filling up the DagBag from /home/airflow/.local/lib/python3.8/site-packages/airflow/example_dags/example_short_circuit_decorator.py
[2025-06-12T18:52:52.358+0000] {processor.py:840} INFO - DAG(s) 'example_short_circuit_decorator' retrieved from /home/airflow/.local/lib/python3.8/site-packages/airflow/example_dags/example_short_circuit_decorator.py
[2025-06-12T18:52:52.401+0000] {logging_mixin.py:188} INFO - [2025-06-12T18:52:52.400+0000] {dag.py:3036} INFO - Sync 1 DAGs
[2025-06-12T18:52:52.435+0000] {logging_mixin.py:188} INFO - [2025-06-12T18:52:52.435+0000] {dag.py:3823} INFO - Setting next_dagrun for example_short_circuit_decorator to 2025-06-11 00:00:00+00:00, run_after=2025-06-12 00:00:00+00:00
[2025-06-12T18:52:52.469+0000] {processor.py:183} INFO - Processing /home/airflow/.local/lib/python3.8/site-packages/airflow/example_dags/example_short_circuit_decorator.py took 0.139 seconds
[2025-06-12T18:53:23.297+0000] {processor.py:161} INFO - Started process (PID=1463) to work on /home/airflow/.local/lib/python3.8/site-packages/airflow/example_dags/example_short_circuit_decorator.py
[2025-06-12T18:53:23.299+0000] {processor.py:830} INFO - Processing file /home/airflow/.local/lib/python3.8/site-packages/airflow/example_dags/example_short_circuit_decorator.py for tasks to queue
[2025-06-12T18:53:23.301+0000] {logging_mixin.py:188} INFO - [2025-06-12T18:53:23.301+0000] {dagbag.py:538} INFO - Filling up the DagBag from /home/airflow/.local/lib/python3.8/site-packages/airflow/example_dags/example_short_circuit_decorator.py
[2025-06-12T18:53:23.318+0000] {processor.py:840} INFO - DAG(s) 'example_short_circuit_decorator' retrieved from /home/airflow/.local/lib/python3.8/site-packages/airflow/example_dags/example_short_circuit_decorator.py
[2025-06-12T18:53:23.357+0000] {logging_mixin.py:188} INFO - [2025-06-12T18:53:23.356+0000] {dag.py:3036} INFO - Sync 1 DAGs
[2025-06-12T18:53:23.388+0000] {logging_mixin.py:188} INFO - [2025-06-12T18:53:23.388+0000] {dag.py:3823} INFO - Setting next_dagrun for example_short_circuit_decorator to 2025-06-11 00:00:00+00:00, run_after=2025-06-12 00:00:00+00:00
[2025-06-12T18:53:23.423+0000] {processor.py:183} INFO - Processing /home/airflow/.local/lib/python3.8/site-packages/airflow/example_dags/example_short_circuit_decorator.py took 0.131 seconds
[2025-06-12T18:53:53.596+0000] {processor.py:161} INFO - Started process (PID=1519) to work on /home/airflow/.local/lib/python3.8/site-packages/airflow/example_dags/example_short_circuit_decorator.py
[2025-06-12T18:53:53.600+0000] {processor.py:830} INFO - Processing file /home/airflow/.local/lib/python3.8/site-packages/airflow/example_dags/example_short_circuit_decorator.py for tasks to queue
[2025-06-12T18:53:53.602+0000] {logging_mixin.py:188} INFO - [2025-06-12T18:53:53.601+0000] {dagbag.py:538} INFO - Filling up the DagBag from /home/airflow/.local/lib/python3.8/site-packages/airflow/example_dags/example_short_circuit_decorator.py
[2025-06-12T18:53:53.619+0000] {processor.py:840} INFO - DAG(s) 'example_short_circuit_decorator' retrieved from /home/airflow/.local/lib/python3.8/site-packages/airflow/example_dags/example_short_circuit_decorator.py
[2025-06-12T18:53:53.660+0000] {logging_mixin.py:188} INFO - [2025-06-12T18:53:53.660+0000] {dag.py:3036} INFO - Sync 1 DAGs
[2025-06-12T18:53:53.702+0000] {logging_mixin.py:188} INFO - [2025-06-12T18:53:53.701+0000] {dag.py:3823} INFO - Setting next_dagrun for example_short_circuit_decorator to 2025-06-11 00:00:00+00:00, run_after=2025-06-12 00:00:00+00:00
[2025-06-12T18:53:53.749+0000] {processor.py:183} INFO - Processing /home/airflow/.local/lib/python3.8/site-packages/airflow/example_dags/example_short_circuit_decorator.py took 0.158 seconds
[2025-06-12T18:54:24.209+0000] {processor.py:161} INFO - Started process (PID=1574) to work on /home/airflow/.local/lib/python3.8/site-packages/airflow/example_dags/example_short_circuit_decorator.py
[2025-06-12T18:54:24.211+0000] {processor.py:830} INFO - Processing file /home/airflow/.local/lib/python3.8/site-packages/airflow/example_dags/example_short_circuit_decorator.py for tasks to queue
[2025-06-12T18:54:24.213+0000] {logging_mixin.py:188} INFO - [2025-06-12T18:54:24.213+0000] {dagbag.py:538} INFO - Filling up the DagBag from /home/airflow/.local/lib/python3.8/site-packages/airflow/example_dags/example_short_circuit_decorator.py
[2025-06-12T18:54:24.233+0000] {processor.py:840} INFO - DAG(s) 'example_short_circuit_decorator' retrieved from /home/airflow/.local/lib/python3.8/site-packages/airflow/example_dags/example_short_circuit_decorator.py
[2025-06-12T18:54:24.279+0000] {logging_mixin.py:188} INFO - [2025-06-12T18:54:24.278+0000] {dag.py:3036} INFO - Sync 1 DAGs
[2025-06-12T18:54:24.317+0000] {logging_mixin.py:188} INFO - [2025-06-12T18:54:24.316+0000] {dag.py:3823} INFO - Setting next_dagrun for example_short_circuit_decorator to 2025-06-11 00:00:00+00:00, run_after=2025-06-12 00:00:00+00:00
[2025-06-12T18:54:24.354+0000] {processor.py:183} INFO - Processing /home/airflow/.local/lib/python3.8/site-packages/airflow/example_dags/example_short_circuit_decorator.py took 0.152 seconds
[2025-06-12T18:54:54.983+0000] {processor.py:161} INFO - Started process (PID=1629) to work on /home/airflow/.local/lib/python3.8/site-packages/airflow/example_dags/example_short_circuit_decorator.py
[2025-06-12T18:54:54.988+0000] {processor.py:830} INFO - Processing file /home/airflow/.local/lib/python3.8/site-packages/airflow/example_dags/example_short_circuit_decorator.py for tasks to queue
[2025-06-12T18:54:54.993+0000] {logging_mixin.py:188} INFO - [2025-06-12T18:54:54.992+0000] {dagbag.py:538} INFO - Filling up the DagBag from /home/airflow/.local/lib/python3.8/site-packages/airflow/example_dags/example_short_circuit_decorator.py
[2025-06-12T18:54:55.012+0000] {processor.py:840} INFO - DAG(s) 'example_short_circuit_decorator' retrieved from /home/airflow/.local/lib/python3.8/site-packages/airflow/example_dags/example_short_circuit_decorator.py
[2025-06-12T18:54:55.059+0000] {logging_mixin.py:188} INFO - [2025-06-12T18:54:55.059+0000] {dag.py:3036} INFO - Sync 1 DAGs
[2025-06-12T18:54:55.101+0000] {logging_mixin.py:188} INFO - [2025-06-12T18:54:55.101+0000] {dag.py:3823} INFO - Setting next_dagrun for example_short_circuit_decorator to 2025-06-11 00:00:00+00:00, run_after=2025-06-12 00:00:00+00:00
[2025-06-12T18:54:55.147+0000] {processor.py:183} INFO - Processing /home/airflow/.local/lib/python3.8/site-packages/airflow/example_dags/example_short_circuit_decorator.py took 0.167 seconds
[2025-06-12T18:55:25.216+0000] {processor.py:161} INFO - Started process (PID=1684) to work on /home/airflow/.local/lib/python3.8/site-packages/airflow/example_dags/example_short_circuit_decorator.py
[2025-06-12T18:55:25.218+0000] {processor.py:830} INFO - Processing file /home/airflow/.local/lib/python3.8/site-packages/airflow/example_dags/example_short_circuit_decorator.py for tasks to queue
[2025-06-12T18:55:25.219+0000] {logging_mixin.py:188} INFO - [2025-06-12T18:55:25.219+0000] {dagbag.py:538} INFO - Filling up the DagBag from /home/airflow/.local/lib/python3.8/site-packages/airflow/example_dags/example_short_circuit_decorator.py
[2025-06-12T18:55:25.235+0000] {processor.py:840} INFO - DAG(s) 'example_short_circuit_decorator' retrieved from /home/airflow/.local/lib/python3.8/site-packages/airflow/example_dags/example_short_circuit_decorator.py
[2025-06-12T18:55:25.285+0000] {logging_mixin.py:188} INFO - [2025-06-12T18:55:25.284+0000] {dag.py:3036} INFO - Sync 1 DAGs
[2025-06-12T18:55:25.328+0000] {logging_mixin.py:188} INFO - [2025-06-12T18:55:25.328+0000] {dag.py:3823} INFO - Setting next_dagrun for example_short_circuit_decorator to 2025-06-11 00:00:00+00:00, run_after=2025-06-12 00:00:00+00:00
[2025-06-12T18:55:25.361+0000] {processor.py:183} INFO - Processing /home/airflow/.local/lib/python3.8/site-packages/airflow/example_dags/example_short_circuit_decorator.py took 0.151 seconds
[2025-06-12T18:55:55.969+0000] {processor.py:161} INFO - Started process (PID=1739) to work on /home/airflow/.local/lib/python3.8/site-packages/airflow/example_dags/example_short_circuit_decorator.py
[2025-06-12T18:55:55.971+0000] {processor.py:830} INFO - Processing file /home/airflow/.local/lib/python3.8/site-packages/airflow/example_dags/example_short_circuit_decorator.py for tasks to queue
[2025-06-12T18:55:55.973+0000] {logging_mixin.py:188} INFO - [2025-06-12T18:55:55.973+0000] {dagbag.py:538} INFO - Filling up the DagBag from /home/airflow/.local/lib/python3.8/site-packages/airflow/example_dags/example_short_circuit_decorator.py
[2025-06-12T18:55:55.992+0000] {processor.py:840} INFO - DAG(s) 'example_short_circuit_decorator' retrieved from /home/airflow/.local/lib/python3.8/site-packages/airflow/example_dags/example_short_circuit_decorator.py
[2025-06-12T18:55:56.036+0000] {logging_mixin.py:188} INFO - [2025-06-12T18:55:56.036+0000] {dag.py:3036} INFO - Sync 1 DAGs
[2025-06-12T18:55:56.083+0000] {logging_mixin.py:188} INFO - [2025-06-12T18:55:56.083+0000] {dag.py:3823} INFO - Setting next_dagrun for example_short_circuit_decorator to 2025-06-11 00:00:00+00:00, run_after=2025-06-12 00:00:00+00:00
[2025-06-12T18:55:56.139+0000] {processor.py:183} INFO - Processing /home/airflow/.local/lib/python3.8/site-packages/airflow/example_dags/example_short_circuit_decorator.py took 0.176 seconds
[2025-06-12T18:56:26.584+0000] {processor.py:161} INFO - Started process (PID=1794) to work on /home/airflow/.local/lib/python3.8/site-packages/airflow/example_dags/example_short_circuit_decorator.py
[2025-06-12T18:56:26.586+0000] {processor.py:830} INFO - Processing file /home/airflow/.local/lib/python3.8/site-packages/airflow/example_dags/example_short_circuit_decorator.py for tasks to queue
[2025-06-12T18:56:26.588+0000] {logging_mixin.py:188} INFO - [2025-06-12T18:56:26.587+0000] {dagbag.py:538} INFO - Filling up the DagBag from /home/airflow/.local/lib/python3.8/site-packages/airflow/example_dags/example_short_circuit_decorator.py
[2025-06-12T18:56:26.605+0000] {processor.py:840} INFO - DAG(s) 'example_short_circuit_decorator' retrieved from /home/airflow/.local/lib/python3.8/site-packages/airflow/example_dags/example_short_circuit_decorator.py
[2025-06-12T18:56:26.643+0000] {logging_mixin.py:188} INFO - [2025-06-12T18:56:26.643+0000] {dag.py:3036} INFO - Sync 1 DAGs
[2025-06-12T18:56:26.677+0000] {logging_mixin.py:188} INFO - [2025-06-12T18:56:26.677+0000] {dag.py:3823} INFO - Setting next_dagrun for example_short_circuit_decorator to 2025-06-11 00:00:00+00:00, run_after=2025-06-12 00:00:00+00:00
[2025-06-12T18:56:26.714+0000] {processor.py:183} INFO - Processing /home/airflow/.local/lib/python3.8/site-packages/airflow/example_dags/example_short_circuit_decorator.py took 0.138 seconds
[2025-06-12T18:56:57.168+0000] {processor.py:161} INFO - Started process (PID=1849) to work on /home/airflow/.local/lib/python3.8/site-packages/airflow/example_dags/example_short_circuit_decorator.py
[2025-06-12T18:56:57.171+0000] {processor.py:830} INFO - Processing file /home/airflow/.local/lib/python3.8/site-packages/airflow/example_dags/example_short_circuit_decorator.py for tasks to queue
[2025-06-12T18:56:57.173+0000] {logging_mixin.py:188} INFO - [2025-06-12T18:56:57.172+0000] {dagbag.py:538} INFO - Filling up the DagBag from /home/airflow/.local/lib/python3.8/site-packages/airflow/example_dags/example_short_circuit_decorator.py
[2025-06-12T18:56:57.190+0000] {processor.py:840} INFO - DAG(s) 'example_short_circuit_decorator' retrieved from /home/airflow/.local/lib/python3.8/site-packages/airflow/example_dags/example_short_circuit_decorator.py
[2025-06-12T18:56:57.231+0000] {logging_mixin.py:188} INFO - [2025-06-12T18:56:57.230+0000] {dag.py:3036} INFO - Sync 1 DAGs
[2025-06-12T18:56:57.266+0000] {logging_mixin.py:188} INFO - [2025-06-12T18:56:57.266+0000] {dag.py:3823} INFO - Setting next_dagrun for example_short_circuit_decorator to 2025-06-11 00:00:00+00:00, run_after=2025-06-12 00:00:00+00:00
[2025-06-12T18:56:57.308+0000] {processor.py:183} INFO - Processing /home/airflow/.local/lib/python3.8/site-packages/airflow/example_dags/example_short_circuit_decorator.py took 0.145 seconds
[2025-06-12T18:57:39.882+0000] {processor.py:161} INFO - Started process (PID=1904) to work on /home/airflow/.local/lib/python3.8/site-packages/airflow/example_dags/example_short_circuit_decorator.py
[2025-06-12T18:57:39.886+0000] {processor.py:830} INFO - Processing file /home/airflow/.local/lib/python3.8/site-packages/airflow/example_dags/example_short_circuit_decorator.py for tasks to queue
[2025-06-12T18:57:39.889+0000] {logging_mixin.py:188} INFO - [2025-06-12T18:57:39.888+0000] {dagbag.py:538} INFO - Filling up the DagBag from /home/airflow/.local/lib/python3.8/site-packages/airflow/example_dags/example_short_circuit_decorator.py
[2025-06-12T18:57:39.914+0000] {processor.py:840} INFO - DAG(s) 'example_short_circuit_decorator' retrieved from /home/airflow/.local/lib/python3.8/site-packages/airflow/example_dags/example_short_circuit_decorator.py
[2025-06-12T18:57:40.097+0000] {logging_mixin.py:188} INFO - [2025-06-12T18:57:40.097+0000] {dag.py:3036} INFO - Sync 1 DAGs
[2025-06-12T18:57:40.137+0000] {logging_mixin.py:188} INFO - [2025-06-12T18:57:40.137+0000] {dag.py:3823} INFO - Setting next_dagrun for example_short_circuit_decorator to 2025-06-11 00:00:00+00:00, run_after=2025-06-12 00:00:00+00:00
[2025-06-12T18:57:40.181+0000] {processor.py:183} INFO - Processing /home/airflow/.local/lib/python3.8/site-packages/airflow/example_dags/example_short_circuit_decorator.py took 0.309 seconds
[2025-06-12T18:58:11.035+0000] {processor.py:161} INFO - Started process (PID=1960) to work on /home/airflow/.local/lib/python3.8/site-packages/airflow/example_dags/example_short_circuit_decorator.py
[2025-06-12T18:58:11.039+0000] {processor.py:830} INFO - Processing file /home/airflow/.local/lib/python3.8/site-packages/airflow/example_dags/example_short_circuit_decorator.py for tasks to queue
[2025-06-12T18:58:11.043+0000] {logging_mixin.py:188} INFO - [2025-06-12T18:58:11.042+0000] {dagbag.py:538} INFO - Filling up the DagBag from /home/airflow/.local/lib/python3.8/site-packages/airflow/example_dags/example_short_circuit_decorator.py
[2025-06-12T18:58:11.062+0000] {processor.py:840} INFO - DAG(s) 'example_short_circuit_decorator' retrieved from /home/airflow/.local/lib/python3.8/site-packages/airflow/example_dags/example_short_circuit_decorator.py
[2025-06-12T18:58:11.105+0000] {logging_mixin.py:188} INFO - [2025-06-12T18:58:11.105+0000] {dag.py:3036} INFO - Sync 1 DAGs
[2025-06-12T18:58:11.146+0000] {logging_mixin.py:188} INFO - [2025-06-12T18:58:11.146+0000] {dag.py:3823} INFO - Setting next_dagrun for example_short_circuit_decorator to 2025-06-11 00:00:00+00:00, run_after=2025-06-12 00:00:00+00:00
[2025-06-12T18:58:11.187+0000] {processor.py:183} INFO - Processing /home/airflow/.local/lib/python3.8/site-packages/airflow/example_dags/example_short_circuit_decorator.py took 0.160 seconds
[2025-06-12T18:58:41.417+0000] {processor.py:161} INFO - Started process (PID=2014) to work on /home/airflow/.local/lib/python3.8/site-packages/airflow/example_dags/example_short_circuit_decorator.py
[2025-06-12T18:58:41.419+0000] {processor.py:830} INFO - Processing file /home/airflow/.local/lib/python3.8/site-packages/airflow/example_dags/example_short_circuit_decorator.py for tasks to queue
[2025-06-12T18:58:41.420+0000] {logging_mixin.py:188} INFO - [2025-06-12T18:58:41.420+0000] {dagbag.py:538} INFO - Filling up the DagBag from /home/airflow/.local/lib/python3.8/site-packages/airflow/example_dags/example_short_circuit_decorator.py
[2025-06-12T18:58:41.436+0000] {processor.py:840} INFO - DAG(s) 'example_short_circuit_decorator' retrieved from /home/airflow/.local/lib/python3.8/site-packages/airflow/example_dags/example_short_circuit_decorator.py
[2025-06-12T18:58:41.483+0000] {logging_mixin.py:188} INFO - [2025-06-12T18:58:41.482+0000] {dag.py:3036} INFO - Sync 1 DAGs
[2025-06-12T18:58:41.537+0000] {logging_mixin.py:188} INFO - [2025-06-12T18:58:41.536+0000] {dag.py:3823} INFO - Setting next_dagrun for example_short_circuit_decorator to 2025-06-11 00:00:00+00:00, run_after=2025-06-12 00:00:00+00:00
[2025-06-12T18:58:41.574+0000] {processor.py:183} INFO - Processing /home/airflow/.local/lib/python3.8/site-packages/airflow/example_dags/example_short_circuit_decorator.py took 0.162 seconds
[2025-06-12T18:59:11.782+0000] {processor.py:161} INFO - Started process (PID=2068) to work on /home/airflow/.local/lib/python3.8/site-packages/airflow/example_dags/example_short_circuit_decorator.py
[2025-06-12T18:59:11.787+0000] {processor.py:830} INFO - Processing file /home/airflow/.local/lib/python3.8/site-packages/airflow/example_dags/example_short_circuit_decorator.py for tasks to queue
[2025-06-12T18:59:11.791+0000] {logging_mixin.py:188} INFO - [2025-06-12T18:59:11.789+0000] {dagbag.py:538} INFO - Filling up the DagBag from /home/airflow/.local/lib/python3.8/site-packages/airflow/example_dags/example_short_circuit_decorator.py
[2025-06-12T18:59:11.841+0000] {processor.py:840} INFO - DAG(s) 'example_short_circuit_decorator' retrieved from /home/airflow/.local/lib/python3.8/site-packages/airflow/example_dags/example_short_circuit_decorator.py
[2025-06-12T18:59:11.926+0000] {logging_mixin.py:188} INFO - [2025-06-12T18:59:11.926+0000] {dag.py:3036} INFO - Sync 1 DAGs
[2025-06-12T18:59:12.012+0000] {logging_mixin.py:188} INFO - [2025-06-12T18:59:12.010+0000] {dag.py:3823} INFO - Setting next_dagrun for example_short_circuit_decorator to 2025-06-11 00:00:00+00:00, run_after=2025-06-12 00:00:00+00:00
[2025-06-12T18:59:12.096+0000] {processor.py:183} INFO - Processing /home/airflow/.local/lib/python3.8/site-packages/airflow/example_dags/example_short_circuit_decorator.py took 0.325 seconds
[2025-06-12T18:59:42.409+0000] {processor.py:161} INFO - Started process (PID=2123) to work on /home/airflow/.local/lib/python3.8/site-packages/airflow/example_dags/example_short_circuit_decorator.py
[2025-06-12T18:59:42.416+0000] {processor.py:830} INFO - Processing file /home/airflow/.local/lib/python3.8/site-packages/airflow/example_dags/example_short_circuit_decorator.py for tasks to queue
[2025-06-12T18:59:42.420+0000] {logging_mixin.py:188} INFO - [2025-06-12T18:59:42.419+0000] {dagbag.py:538} INFO - Filling up the DagBag from /home/airflow/.local/lib/python3.8/site-packages/airflow/example_dags/example_short_circuit_decorator.py
[2025-06-12T18:59:42.458+0000] {processor.py:840} INFO - DAG(s) 'example_short_circuit_decorator' retrieved from /home/airflow/.local/lib/python3.8/site-packages/airflow/example_dags/example_short_circuit_decorator.py
[2025-06-12T18:59:42.546+0000] {logging_mixin.py:188} INFO - [2025-06-12T18:59:42.545+0000] {dag.py:3036} INFO - Sync 1 DAGs
[2025-06-12T18:59:42.635+0000] {logging_mixin.py:188} INFO - [2025-06-12T18:59:42.634+0000] {dag.py:3823} INFO - Setting next_dagrun for example_short_circuit_decorator to 2025-06-11 00:00:00+00:00, run_after=2025-06-12 00:00:00+00:00
[2025-06-12T18:59:42.720+0000] {processor.py:183} INFO - Processing /home/airflow/.local/lib/python3.8/site-packages/airflow/example_dags/example_short_circuit_decorator.py took 0.324 seconds
[2025-06-12T19:00:13.097+0000] {processor.py:161} INFO - Started process (PID=2178) to work on /home/airflow/.local/lib/python3.8/site-packages/airflow/example_dags/example_short_circuit_decorator.py
[2025-06-12T19:00:13.100+0000] {processor.py:830} INFO - Processing file /home/airflow/.local/lib/python3.8/site-packages/airflow/example_dags/example_short_circuit_decorator.py for tasks to queue
[2025-06-12T19:00:13.104+0000] {logging_mixin.py:188} INFO - [2025-06-12T19:00:13.102+0000] {dagbag.py:538} INFO - Filling up the DagBag from /home/airflow/.local/lib/python3.8/site-packages/airflow/example_dags/example_short_circuit_decorator.py
[2025-06-12T19:00:13.142+0000] {processor.py:840} INFO - DAG(s) 'example_short_circuit_decorator' retrieved from /home/airflow/.local/lib/python3.8/site-packages/airflow/example_dags/example_short_circuit_decorator.py
[2025-06-12T19:00:13.251+0000] {logging_mixin.py:188} INFO - [2025-06-12T19:00:13.250+0000] {dag.py:3036} INFO - Sync 1 DAGs
[2025-06-12T19:00:13.365+0000] {logging_mixin.py:188} INFO - [2025-06-12T19:00:13.364+0000] {dag.py:3823} INFO - Setting next_dagrun for example_short_circuit_decorator to 2025-06-11 00:00:00+00:00, run_after=2025-06-12 00:00:00+00:00
[2025-06-12T19:00:13.434+0000] {processor.py:183} INFO - Processing /home/airflow/.local/lib/python3.8/site-packages/airflow/example_dags/example_short_circuit_decorator.py took 0.361 seconds
[2025-06-12T19:00:43.713+0000] {processor.py:161} INFO - Started process (PID=2234) to work on /home/airflow/.local/lib/python3.8/site-packages/airflow/example_dags/example_short_circuit_decorator.py
[2025-06-12T19:00:43.717+0000] {processor.py:830} INFO - Processing file /home/airflow/.local/lib/python3.8/site-packages/airflow/example_dags/example_short_circuit_decorator.py for tasks to queue
[2025-06-12T19:00:43.721+0000] {logging_mixin.py:188} INFO - [2025-06-12T19:00:43.720+0000] {dagbag.py:538} INFO - Filling up the DagBag from /home/airflow/.local/lib/python3.8/site-packages/airflow/example_dags/example_short_circuit_decorator.py
[2025-06-12T19:00:43.753+0000] {processor.py:840} INFO - DAG(s) 'example_short_circuit_decorator' retrieved from /home/airflow/.local/lib/python3.8/site-packages/airflow/example_dags/example_short_circuit_decorator.py
[2025-06-12T19:00:43.824+0000] {logging_mixin.py:188} INFO - [2025-06-12T19:00:43.823+0000] {dag.py:3036} INFO - Sync 1 DAGs
[2025-06-12T19:00:43.900+0000] {logging_mixin.py:188} INFO - [2025-06-12T19:00:43.899+0000] {dag.py:3823} INFO - Setting next_dagrun for example_short_circuit_decorator to 2025-06-11 00:00:00+00:00, run_after=2025-06-12 00:00:00+00:00
[2025-06-12T19:00:43.954+0000] {processor.py:183} INFO - Processing /home/airflow/.local/lib/python3.8/site-packages/airflow/example_dags/example_short_circuit_decorator.py took 0.253 seconds
[2025-06-12T19:01:14.662+0000] {processor.py:161} INFO - Started process (PID=2289) to work on /home/airflow/.local/lib/python3.8/site-packages/airflow/example_dags/example_short_circuit_decorator.py
[2025-06-12T19:01:14.665+0000] {processor.py:830} INFO - Processing file /home/airflow/.local/lib/python3.8/site-packages/airflow/example_dags/example_short_circuit_decorator.py for tasks to queue
[2025-06-12T19:01:14.670+0000] {logging_mixin.py:188} INFO - [2025-06-12T19:01:14.668+0000] {dagbag.py:538} INFO - Filling up the DagBag from /home/airflow/.local/lib/python3.8/site-packages/airflow/example_dags/example_short_circuit_decorator.py
[2025-06-12T19:01:14.706+0000] {processor.py:840} INFO - DAG(s) 'example_short_circuit_decorator' retrieved from /home/airflow/.local/lib/python3.8/site-packages/airflow/example_dags/example_short_circuit_decorator.py
[2025-06-12T19:01:14.787+0000] {logging_mixin.py:188} INFO - [2025-06-12T19:01:14.786+0000] {dag.py:3036} INFO - Sync 1 DAGs
[2025-06-12T19:01:14.853+0000] {logging_mixin.py:188} INFO - [2025-06-12T19:01:14.852+0000] {dag.py:3823} INFO - Setting next_dagrun for example_short_circuit_decorator to 2025-06-11 00:00:00+00:00, run_after=2025-06-12 00:00:00+00:00
[2025-06-12T19:01:14.894+0000] {processor.py:183} INFO - Processing /home/airflow/.local/lib/python3.8/site-packages/airflow/example_dags/example_short_circuit_decorator.py took 0.243 seconds
[2025-06-12T19:01:45.781+0000] {processor.py:161} INFO - Started process (PID=2344) to work on /home/airflow/.local/lib/python3.8/site-packages/airflow/example_dags/example_short_circuit_decorator.py
[2025-06-12T19:01:45.786+0000] {processor.py:830} INFO - Processing file /home/airflow/.local/lib/python3.8/site-packages/airflow/example_dags/example_short_circuit_decorator.py for tasks to queue
[2025-06-12T19:01:45.789+0000] {logging_mixin.py:188} INFO - [2025-06-12T19:01:45.788+0000] {dagbag.py:538} INFO - Filling up the DagBag from /home/airflow/.local/lib/python3.8/site-packages/airflow/example_dags/example_short_circuit_decorator.py
[2025-06-12T19:01:45.817+0000] {processor.py:840} INFO - DAG(s) 'example_short_circuit_decorator' retrieved from /home/airflow/.local/lib/python3.8/site-packages/airflow/example_dags/example_short_circuit_decorator.py
[2025-06-12T19:01:45.892+0000] {logging_mixin.py:188} INFO - [2025-06-12T19:01:45.891+0000] {dag.py:3036} INFO - Sync 1 DAGs
[2025-06-12T19:01:45.950+0000] {logging_mixin.py:188} INFO - [2025-06-12T19:01:45.949+0000] {dag.py:3823} INFO - Setting next_dagrun for example_short_circuit_decorator to 2025-06-11 00:00:00+00:00, run_after=2025-06-12 00:00:00+00:00
[2025-06-12T19:01:46.002+0000] {processor.py:183} INFO - Processing /home/airflow/.local/lib/python3.8/site-packages/airflow/example_dags/example_short_circuit_decorator.py took 0.231 seconds
[2025-06-12T19:02:16.199+0000] {processor.py:161} INFO - Started process (PID=2400) to work on /home/airflow/.local/lib/python3.8/site-packages/airflow/example_dags/example_short_circuit_decorator.py
[2025-06-12T19:02:16.202+0000] {processor.py:830} INFO - Processing file /home/airflow/.local/lib/python3.8/site-packages/airflow/example_dags/example_short_circuit_decorator.py for tasks to queue
[2025-06-12T19:02:16.205+0000] {logging_mixin.py:188} INFO - [2025-06-12T19:02:16.204+0000] {dagbag.py:538} INFO - Filling up the DagBag from /home/airflow/.local/lib/python3.8/site-packages/airflow/example_dags/example_short_circuit_decorator.py
[2025-06-12T19:02:16.232+0000] {processor.py:840} INFO - DAG(s) 'example_short_circuit_decorator' retrieved from /home/airflow/.local/lib/python3.8/site-packages/airflow/example_dags/example_short_circuit_decorator.py
[2025-06-12T19:02:16.301+0000] {logging_mixin.py:188} INFO - [2025-06-12T19:02:16.300+0000] {dag.py:3036} INFO - Sync 1 DAGs
[2025-06-12T19:02:16.357+0000] {logging_mixin.py:188} INFO - [2025-06-12T19:02:16.356+0000] {dag.py:3823} INFO - Setting next_dagrun for example_short_circuit_decorator to 2025-06-11 00:00:00+00:00, run_after=2025-06-12 00:00:00+00:00
[2025-06-12T19:02:16.403+0000] {processor.py:183} INFO - Processing /home/airflow/.local/lib/python3.8/site-packages/airflow/example_dags/example_short_circuit_decorator.py took 0.212 seconds
[2025-06-12T19:02:46.884+0000] {processor.py:161} INFO - Started process (PID=2455) to work on /home/airflow/.local/lib/python3.8/site-packages/airflow/example_dags/example_short_circuit_decorator.py
[2025-06-12T19:02:46.889+0000] {processor.py:830} INFO - Processing file /home/airflow/.local/lib/python3.8/site-packages/airflow/example_dags/example_short_circuit_decorator.py for tasks to queue
[2025-06-12T19:02:46.893+0000] {logging_mixin.py:188} INFO - [2025-06-12T19:02:46.892+0000] {dagbag.py:538} INFO - Filling up the DagBag from /home/airflow/.local/lib/python3.8/site-packages/airflow/example_dags/example_short_circuit_decorator.py
[2025-06-12T19:02:46.930+0000] {processor.py:840} INFO - DAG(s) 'example_short_circuit_decorator' retrieved from /home/airflow/.local/lib/python3.8/site-packages/airflow/example_dags/example_short_circuit_decorator.py
[2025-06-12T19:02:47.023+0000] {logging_mixin.py:188} INFO - [2025-06-12T19:02:47.023+0000] {dag.py:3036} INFO - Sync 1 DAGs
[2025-06-12T19:02:47.092+0000] {logging_mixin.py:188} INFO - [2025-06-12T19:02:47.091+0000] {dag.py:3823} INFO - Setting next_dagrun for example_short_circuit_decorator to 2025-06-11 00:00:00+00:00, run_after=2025-06-12 00:00:00+00:00
[2025-06-12T19:02:47.640+0000] {processor.py:183} INFO - Processing /home/airflow/.local/lib/python3.8/site-packages/airflow/example_dags/example_short_circuit_decorator.py took 0.769 seconds
[2025-06-12T19:03:17.927+0000] {processor.py:161} INFO - Started process (PID=2510) to work on /home/airflow/.local/lib/python3.8/site-packages/airflow/example_dags/example_short_circuit_decorator.py
[2025-06-12T19:03:17.930+0000] {processor.py:830} INFO - Processing file /home/airflow/.local/lib/python3.8/site-packages/airflow/example_dags/example_short_circuit_decorator.py for tasks to queue
[2025-06-12T19:03:17.933+0000] {logging_mixin.py:188} INFO - [2025-06-12T19:03:17.932+0000] {dagbag.py:538} INFO - Filling up the DagBag from /home/airflow/.local/lib/python3.8/site-packages/airflow/example_dags/example_short_circuit_decorator.py
[2025-06-12T19:03:17.958+0000] {processor.py:840} INFO - DAG(s) 'example_short_circuit_decorator' retrieved from /home/airflow/.local/lib/python3.8/site-packages/airflow/example_dags/example_short_circuit_decorator.py
[2025-06-12T19:03:18.041+0000] {logging_mixin.py:188} INFO - [2025-06-12T19:03:18.040+0000] {dag.py:3036} INFO - Sync 1 DAGs
[2025-06-12T19:03:18.121+0000] {logging_mixin.py:188} INFO - [2025-06-12T19:03:18.120+0000] {dag.py:3823} INFO - Setting next_dagrun for example_short_circuit_decorator to 2025-06-11 00:00:00+00:00, run_after=2025-06-12 00:00:00+00:00
[2025-06-12T19:03:18.167+0000] {processor.py:183} INFO - Processing /home/airflow/.local/lib/python3.8/site-packages/airflow/example_dags/example_short_circuit_decorator.py took 0.250 seconds
[2025-06-12T19:03:48.381+0000] {processor.py:161} INFO - Started process (PID=2565) to work on /home/airflow/.local/lib/python3.8/site-packages/airflow/example_dags/example_short_circuit_decorator.py
[2025-06-12T19:03:48.387+0000] {processor.py:830} INFO - Processing file /home/airflow/.local/lib/python3.8/site-packages/airflow/example_dags/example_short_circuit_decorator.py for tasks to queue
[2025-06-12T19:03:48.393+0000] {logging_mixin.py:188} INFO - [2025-06-12T19:03:48.391+0000] {dagbag.py:538} INFO - Filling up the DagBag from /home/airflow/.local/lib/python3.8/site-packages/airflow/example_dags/example_short_circuit_decorator.py
[2025-06-12T19:03:48.432+0000] {processor.py:840} INFO - DAG(s) 'example_short_circuit_decorator' retrieved from /home/airflow/.local/lib/python3.8/site-packages/airflow/example_dags/example_short_circuit_decorator.py
[2025-06-12T19:03:48.499+0000] {logging_mixin.py:188} INFO - [2025-06-12T19:03:48.499+0000] {dag.py:3036} INFO - Sync 1 DAGs
[2025-06-12T19:03:48.555+0000] {logging_mixin.py:188} INFO - [2025-06-12T19:03:48.555+0000] {dag.py:3823} INFO - Setting next_dagrun for example_short_circuit_decorator to 2025-06-11 00:00:00+00:00, run_after=2025-06-12 00:00:00+00:00
[2025-06-12T19:03:48.620+0000] {processor.py:183} INFO - Processing /home/airflow/.local/lib/python3.8/site-packages/airflow/example_dags/example_short_circuit_decorator.py took 0.249 seconds
[2025-06-12T19:04:18.818+0000] {processor.py:161} INFO - Started process (PID=2620) to work on /home/airflow/.local/lib/python3.8/site-packages/airflow/example_dags/example_short_circuit_decorator.py
[2025-06-12T19:04:18.821+0000] {processor.py:830} INFO - Processing file /home/airflow/.local/lib/python3.8/site-packages/airflow/example_dags/example_short_circuit_decorator.py for tasks to queue
[2025-06-12T19:04:18.824+0000] {logging_mixin.py:188} INFO - [2025-06-12T19:04:18.823+0000] {dagbag.py:538} INFO - Filling up the DagBag from /home/airflow/.local/lib/python3.8/site-packages/airflow/example_dags/example_short_circuit_decorator.py
[2025-06-12T19:04:18.850+0000] {processor.py:840} INFO - DAG(s) 'example_short_circuit_decorator' retrieved from /home/airflow/.local/lib/python3.8/site-packages/airflow/example_dags/example_short_circuit_decorator.py
[2025-06-12T19:04:18.910+0000] {logging_mixin.py:188} INFO - [2025-06-12T19:04:18.909+0000] {dag.py:3036} INFO - Sync 1 DAGs
[2025-06-12T19:04:18.990+0000] {logging_mixin.py:188} INFO - [2025-06-12T19:04:18.990+0000] {dag.py:3823} INFO - Setting next_dagrun for example_short_circuit_decorator to 2025-06-11 00:00:00+00:00, run_after=2025-06-12 00:00:00+00:00
[2025-06-12T19:04:19.040+0000] {processor.py:183} INFO - Processing /home/airflow/.local/lib/python3.8/site-packages/airflow/example_dags/example_short_circuit_decorator.py took 0.231 seconds
[2025-06-12T19:04:49.457+0000] {processor.py:161} INFO - Started process (PID=2676) to work on /home/airflow/.local/lib/python3.8/site-packages/airflow/example_dags/example_short_circuit_decorator.py
[2025-06-12T19:04:49.462+0000] {processor.py:830} INFO - Processing file /home/airflow/.local/lib/python3.8/site-packages/airflow/example_dags/example_short_circuit_decorator.py for tasks to queue
[2025-06-12T19:04:49.464+0000] {logging_mixin.py:188} INFO - [2025-06-12T19:04:49.464+0000] {dagbag.py:538} INFO - Filling up the DagBag from /home/airflow/.local/lib/python3.8/site-packages/airflow/example_dags/example_short_circuit_decorator.py
[2025-06-12T19:04:49.507+0000] {processor.py:840} INFO - DAG(s) 'example_short_circuit_decorator' retrieved from /home/airflow/.local/lib/python3.8/site-packages/airflow/example_dags/example_short_circuit_decorator.py
[2025-06-12T19:04:49.598+0000] {logging_mixin.py:188} INFO - [2025-06-12T19:04:49.597+0000] {dag.py:3036} INFO - Sync 1 DAGs
[2025-06-12T19:04:49.681+0000] {logging_mixin.py:188} INFO - [2025-06-12T19:04:49.680+0000] {dag.py:3823} INFO - Setting next_dagrun for example_short_circuit_decorator to 2025-06-11 00:00:00+00:00, run_after=2025-06-12 00:00:00+00:00
[2025-06-12T19:04:49.744+0000] {processor.py:183} INFO - Processing /home/airflow/.local/lib/python3.8/site-packages/airflow/example_dags/example_short_circuit_decorator.py took 0.297 seconds
[2025-06-12T19:05:20.450+0000] {processor.py:161} INFO - Started process (PID=2732) to work on /home/airflow/.local/lib/python3.8/site-packages/airflow/example_dags/example_short_circuit_decorator.py
[2025-06-12T19:05:20.453+0000] {processor.py:830} INFO - Processing file /home/airflow/.local/lib/python3.8/site-packages/airflow/example_dags/example_short_circuit_decorator.py for tasks to queue
[2025-06-12T19:05:20.457+0000] {logging_mixin.py:188} INFO - [2025-06-12T19:05:20.456+0000] {dagbag.py:538} INFO - Filling up the DagBag from /home/airflow/.local/lib/python3.8/site-packages/airflow/example_dags/example_short_circuit_decorator.py
[2025-06-12T19:05:20.488+0000] {processor.py:840} INFO - DAG(s) 'example_short_circuit_decorator' retrieved from /home/airflow/.local/lib/python3.8/site-packages/airflow/example_dags/example_short_circuit_decorator.py
[2025-06-12T19:05:20.554+0000] {logging_mixin.py:188} INFO - [2025-06-12T19:05:20.554+0000] {dag.py:3036} INFO - Sync 1 DAGs
[2025-06-12T19:05:20.954+0000] {logging_mixin.py:188} INFO - [2025-06-12T19:05:20.953+0000] {dag.py:3823} INFO - Setting next_dagrun for example_short_circuit_decorator to 2025-06-11 00:00:00+00:00, run_after=2025-06-12 00:00:00+00:00
[2025-06-12T19:05:21.012+0000] {processor.py:183} INFO - Processing /home/airflow/.local/lib/python3.8/site-packages/airflow/example_dags/example_short_circuit_decorator.py took 0.570 seconds
[2025-06-12T19:05:51.711+0000] {processor.py:161} INFO - Started process (PID=2788) to work on /home/airflow/.local/lib/python3.8/site-packages/airflow/example_dags/example_short_circuit_decorator.py
[2025-06-12T19:05:51.716+0000] {processor.py:830} INFO - Processing file /home/airflow/.local/lib/python3.8/site-packages/airflow/example_dags/example_short_circuit_decorator.py for tasks to queue
[2025-06-12T19:05:51.720+0000] {logging_mixin.py:188} INFO - [2025-06-12T19:05:51.719+0000] {dagbag.py:538} INFO - Filling up the DagBag from /home/airflow/.local/lib/python3.8/site-packages/airflow/example_dags/example_short_circuit_decorator.py
[2025-06-12T19:05:51.748+0000] {processor.py:840} INFO - DAG(s) 'example_short_circuit_decorator' retrieved from /home/airflow/.local/lib/python3.8/site-packages/airflow/example_dags/example_short_circuit_decorator.py
[2025-06-12T19:05:51.815+0000] {logging_mixin.py:188} INFO - [2025-06-12T19:05:51.814+0000] {dag.py:3036} INFO - Sync 1 DAGs
[2025-06-12T19:05:51.882+0000] {logging_mixin.py:188} INFO - [2025-06-12T19:05:51.881+0000] {dag.py:3823} INFO - Setting next_dagrun for example_short_circuit_decorator to 2025-06-11 00:00:00+00:00, run_after=2025-06-12 00:00:00+00:00
[2025-06-12T19:05:52.384+0000] {processor.py:183} INFO - Processing /home/airflow/.local/lib/python3.8/site-packages/airflow/example_dags/example_short_circuit_decorator.py took 0.685 seconds
[2025-06-12T19:06:22.585+0000] {processor.py:161} INFO - Started process (PID=2843) to work on /home/airflow/.local/lib/python3.8/site-packages/airflow/example_dags/example_short_circuit_decorator.py
[2025-06-12T19:06:22.590+0000] {processor.py:830} INFO - Processing file /home/airflow/.local/lib/python3.8/site-packages/airflow/example_dags/example_short_circuit_decorator.py for tasks to queue
[2025-06-12T19:06:22.594+0000] {logging_mixin.py:188} INFO - [2025-06-12T19:06:22.593+0000] {dagbag.py:538} INFO - Filling up the DagBag from /home/airflow/.local/lib/python3.8/site-packages/airflow/example_dags/example_short_circuit_decorator.py
[2025-06-12T19:06:22.631+0000] {processor.py:840} INFO - DAG(s) 'example_short_circuit_decorator' retrieved from /home/airflow/.local/lib/python3.8/site-packages/airflow/example_dags/example_short_circuit_decorator.py
[2025-06-12T19:06:22.705+0000] {logging_mixin.py:188} INFO - [2025-06-12T19:06:22.705+0000] {dag.py:3036} INFO - Sync 1 DAGs
[2025-06-12T19:06:22.764+0000] {logging_mixin.py:188} INFO - [2025-06-12T19:06:22.763+0000] {dag.py:3823} INFO - Setting next_dagrun for example_short_circuit_decorator to 2025-06-11 00:00:00+00:00, run_after=2025-06-12 00:00:00+00:00
[2025-06-12T19:06:23.183+0000] {processor.py:183} INFO - Processing /home/airflow/.local/lib/python3.8/site-packages/airflow/example_dags/example_short_circuit_decorator.py took 0.611 seconds
[2025-06-12T19:06:53.629+0000] {processor.py:161} INFO - Started process (PID=2897) to work on /home/airflow/.local/lib/python3.8/site-packages/airflow/example_dags/example_short_circuit_decorator.py
[2025-06-12T19:06:53.632+0000] {processor.py:830} INFO - Processing file /home/airflow/.local/lib/python3.8/site-packages/airflow/example_dags/example_short_circuit_decorator.py for tasks to queue
[2025-06-12T19:06:53.635+0000] {logging_mixin.py:188} INFO - [2025-06-12T19:06:53.634+0000] {dagbag.py:538} INFO - Filling up the DagBag from /home/airflow/.local/lib/python3.8/site-packages/airflow/example_dags/example_short_circuit_decorator.py
[2025-06-12T19:06:53.664+0000] {processor.py:840} INFO - DAG(s) 'example_short_circuit_decorator' retrieved from /home/airflow/.local/lib/python3.8/site-packages/airflow/example_dags/example_short_circuit_decorator.py
[2025-06-12T19:06:53.831+0000] {logging_mixin.py:188} INFO - [2025-06-12T19:06:53.829+0000] {dag.py:3036} INFO - Sync 1 DAGs
[2025-06-12T19:06:53.909+0000] {logging_mixin.py:188} INFO - [2025-06-12T19:06:53.908+0000] {dag.py:3823} INFO - Setting next_dagrun for example_short_circuit_decorator to 2025-06-11 00:00:00+00:00, run_after=2025-06-12 00:00:00+00:00
[2025-06-12T19:06:53.974+0000] {processor.py:183} INFO - Processing /home/airflow/.local/lib/python3.8/site-packages/airflow/example_dags/example_short_circuit_decorator.py took 0.357 seconds
[2025-06-12T19:14:25.403+0000] {processor.py:161} INFO - Started process (PID=2918) to work on /home/airflow/.local/lib/python3.8/site-packages/airflow/example_dags/example_short_circuit_decorator.py
[2025-06-12T19:14:25.466+0000] {processor.py:830} INFO - Processing file /home/airflow/.local/lib/python3.8/site-packages/airflow/example_dags/example_short_circuit_decorator.py for tasks to queue
[2025-06-12T19:14:25.490+0000] {logging_mixin.py:188} INFO - [2025-06-12T19:14:25.486+0000] {dagbag.py:538} INFO - Filling up the DagBag from /home/airflow/.local/lib/python3.8/site-packages/airflow/example_dags/example_short_circuit_decorator.py
[2025-06-12T19:14:25.768+0000] {processor.py:840} INFO - DAG(s) 'example_short_circuit_decorator' retrieved from /home/airflow/.local/lib/python3.8/site-packages/airflow/example_dags/example_short_circuit_decorator.py
[2025-06-12T19:14:37.196+0000] {logging_mixin.py:188} INFO - [2025-06-12T19:14:37.159+0000] {process_utils.py:262} INFO - Waiting up to 5 seconds for processes to exit...
