[2025-06-12T18:35:17.125+0000] {processor.py:161} INFO - Started process (PID=106) to work on /home/airflow/.local/lib/python3.8/site-packages/airflow/example_dags/example_latest_only_with_trigger.py
[2025-06-12T18:35:17.127+0000] {processor.py:830} INFO - Processing file /home/airflow/.local/lib/python3.8/site-packages/airflow/example_dags/example_latest_only_with_trigger.py for tasks to queue
[2025-06-12T18:35:17.131+0000] {logging_mixin.py:188} INFO - [2025-06-12T18:35:17.130+0000] {dagbag.py:538} INFO - Filling up the DagBag from /home/airflow/.local/lib/python3.8/site-packages/airflow/example_dags/example_latest_only_with_trigger.py
[2025-06-12T18:35:17.144+0000] {processor.py:840} INFO - DAG(s) 'latest_only_with_trigger' retrieved from /home/airflow/.local/lib/python3.8/site-packages/airflow/example_dags/example_latest_only_with_trigger.py
[2025-06-12T18:35:17.483+0000] {logging_mixin.py:188} INFO - [2025-06-12T18:35:17.483+0000] {dag.py:3036} INFO - Sync 1 DAGs
[2025-06-12T18:35:17.549+0000] {logging_mixin.py:188} INFO - [2025-06-12T18:35:17.549+0000] {dag.py:3823} INFO - Setting next_dagrun for latest_only_with_trigger to 2025-06-12 12:00:00+00:00, run_after=2025-06-12 16:00:00+00:00
[2025-06-12T18:35:17.604+0000] {processor.py:183} INFO - Processing /home/airflow/.local/lib/python3.8/site-packages/airflow/example_dags/example_latest_only_with_trigger.py took 0.487 seconds
[2025-06-12T18:35:48.630+0000] {processor.py:161} INFO - Started process (PID=161) to work on /home/airflow/.local/lib/python3.8/site-packages/airflow/example_dags/example_latest_only_with_trigger.py
[2025-06-12T18:35:48.635+0000] {processor.py:830} INFO - Processing file /home/airflow/.local/lib/python3.8/site-packages/airflow/example_dags/example_latest_only_with_trigger.py for tasks to queue
[2025-06-12T18:35:48.648+0000] {logging_mixin.py:188} INFO - [2025-06-12T18:35:48.646+0000] {dagbag.py:538} INFO - Filling up the DagBag from /home/airflow/.local/lib/python3.8/site-packages/airflow/example_dags/example_latest_only_with_trigger.py
[2025-06-12T18:35:48.738+0000] {processor.py:840} INFO - DAG(s) 'latest_only_with_trigger' retrieved from /home/airflow/.local/lib/python3.8/site-packages/airflow/example_dags/example_latest_only_with_trigger.py
[2025-06-12T18:35:48.815+0000] {logging_mixin.py:188} INFO - [2025-06-12T18:35:48.815+0000] {dag.py:3036} INFO - Sync 1 DAGs
[2025-06-12T18:35:48.873+0000] {logging_mixin.py:188} INFO - [2025-06-12T18:35:48.873+0000] {dag.py:3823} INFO - Setting next_dagrun for latest_only_with_trigger to 2025-06-12 12:00:00+00:00, run_after=2025-06-12 16:00:00+00:00
[2025-06-12T18:35:48.922+0000] {processor.py:183} INFO - Processing /home/airflow/.local/lib/python3.8/site-packages/airflow/example_dags/example_latest_only_with_trigger.py took 0.305 seconds
[2025-06-12T18:36:19.193+0000] {processor.py:161} INFO - Started process (PID=216) to work on /home/airflow/.local/lib/python3.8/site-packages/airflow/example_dags/example_latest_only_with_trigger.py
[2025-06-12T18:36:19.195+0000] {processor.py:830} INFO - Processing file /home/airflow/.local/lib/python3.8/site-packages/airflow/example_dags/example_latest_only_with_trigger.py for tasks to queue
[2025-06-12T18:36:19.199+0000] {logging_mixin.py:188} INFO - [2025-06-12T18:36:19.198+0000] {dagbag.py:538} INFO - Filling up the DagBag from /home/airflow/.local/lib/python3.8/site-packages/airflow/example_dags/example_latest_only_with_trigger.py
[2025-06-12T18:36:19.212+0000] {processor.py:840} INFO - DAG(s) 'latest_only_with_trigger' retrieved from /home/airflow/.local/lib/python3.8/site-packages/airflow/example_dags/example_latest_only_with_trigger.py
[2025-06-12T18:36:19.237+0000] {logging_mixin.py:188} INFO - [2025-06-12T18:36:19.237+0000] {dag.py:3036} INFO - Sync 1 DAGs
[2025-06-12T18:36:19.274+0000] {logging_mixin.py:188} INFO - [2025-06-12T18:36:19.273+0000] {dag.py:3823} INFO - Setting next_dagrun for latest_only_with_trigger to 2025-06-12 12:00:00+00:00, run_after=2025-06-12 16:00:00+00:00
[2025-06-12T18:36:19.308+0000] {processor.py:183} INFO - Processing /home/airflow/.local/lib/python3.8/site-packages/airflow/example_dags/example_latest_only_with_trigger.py took 0.122 seconds
[2025-06-12T18:36:49.619+0000] {processor.py:161} INFO - Started process (PID=271) to work on /home/airflow/.local/lib/python3.8/site-packages/airflow/example_dags/example_latest_only_with_trigger.py
[2025-06-12T18:36:49.621+0000] {processor.py:830} INFO - Processing file /home/airflow/.local/lib/python3.8/site-packages/airflow/example_dags/example_latest_only_with_trigger.py for tasks to queue
[2025-06-12T18:36:49.625+0000] {logging_mixin.py:188} INFO - [2025-06-12T18:36:49.624+0000] {dagbag.py:538} INFO - Filling up the DagBag from /home/airflow/.local/lib/python3.8/site-packages/airflow/example_dags/example_latest_only_with_trigger.py
[2025-06-12T18:36:49.635+0000] {processor.py:840} INFO - DAG(s) 'latest_only_with_trigger' retrieved from /home/airflow/.local/lib/python3.8/site-packages/airflow/example_dags/example_latest_only_with_trigger.py
[2025-06-12T18:36:49.798+0000] {logging_mixin.py:188} INFO - [2025-06-12T18:36:49.797+0000] {dag.py:3036} INFO - Sync 1 DAGs
[2025-06-12T18:36:49.833+0000] {logging_mixin.py:188} INFO - [2025-06-12T18:36:49.832+0000] {dag.py:3823} INFO - Setting next_dagrun for latest_only_with_trigger to 2025-06-12 12:00:00+00:00, run_after=2025-06-12 16:00:00+00:00
[2025-06-12T18:36:49.865+0000] {processor.py:183} INFO - Processing /home/airflow/.local/lib/python3.8/site-packages/airflow/example_dags/example_latest_only_with_trigger.py took 0.252 seconds
[2025-06-12T18:37:20.238+0000] {processor.py:161} INFO - Started process (PID=326) to work on /home/airflow/.local/lib/python3.8/site-packages/airflow/example_dags/example_latest_only_with_trigger.py
[2025-06-12T18:37:20.240+0000] {processor.py:830} INFO - Processing file /home/airflow/.local/lib/python3.8/site-packages/airflow/example_dags/example_latest_only_with_trigger.py for tasks to queue
[2025-06-12T18:37:20.245+0000] {logging_mixin.py:188} INFO - [2025-06-12T18:37:20.244+0000] {dagbag.py:538} INFO - Filling up the DagBag from /home/airflow/.local/lib/python3.8/site-packages/airflow/example_dags/example_latest_only_with_trigger.py
[2025-06-12T18:37:20.257+0000] {processor.py:840} INFO - DAG(s) 'latest_only_with_trigger' retrieved from /home/airflow/.local/lib/python3.8/site-packages/airflow/example_dags/example_latest_only_with_trigger.py
[2025-06-12T18:37:20.309+0000] {logging_mixin.py:188} INFO - [2025-06-12T18:37:20.308+0000] {dag.py:3036} INFO - Sync 1 DAGs
[2025-06-12T18:37:20.345+0000] {logging_mixin.py:188} INFO - [2025-06-12T18:37:20.344+0000] {dag.py:3823} INFO - Setting next_dagrun for latest_only_with_trigger to 2025-06-12 12:00:00+00:00, run_after=2025-06-12 16:00:00+00:00
[2025-06-12T18:37:20.379+0000] {processor.py:183} INFO - Processing /home/airflow/.local/lib/python3.8/site-packages/airflow/example_dags/example_latest_only_with_trigger.py took 0.148 seconds
[2025-06-12T18:37:50.689+0000] {processor.py:161} INFO - Started process (PID=379) to work on /home/airflow/.local/lib/python3.8/site-packages/airflow/example_dags/example_latest_only_with_trigger.py
[2025-06-12T18:37:50.692+0000] {processor.py:830} INFO - Processing file /home/airflow/.local/lib/python3.8/site-packages/airflow/example_dags/example_latest_only_with_trigger.py for tasks to queue
[2025-06-12T18:37:50.698+0000] {logging_mixin.py:188} INFO - [2025-06-12T18:37:50.697+0000] {dagbag.py:538} INFO - Filling up the DagBag from /home/airflow/.local/lib/python3.8/site-packages/airflow/example_dags/example_latest_only_with_trigger.py
[2025-06-12T18:37:50.717+0000] {processor.py:840} INFO - DAG(s) 'latest_only_with_trigger' retrieved from /home/airflow/.local/lib/python3.8/site-packages/airflow/example_dags/example_latest_only_with_trigger.py
[2025-06-12T18:37:50.767+0000] {logging_mixin.py:188} INFO - [2025-06-12T18:37:50.767+0000] {dag.py:3036} INFO - Sync 1 DAGs
[2025-06-12T18:37:50.817+0000] {logging_mixin.py:188} INFO - [2025-06-12T18:37:50.817+0000] {dag.py:3823} INFO - Setting next_dagrun for latest_only_with_trigger to 2025-06-12 12:00:00+00:00, run_after=2025-06-12 16:00:00+00:00
[2025-06-12T18:37:50.866+0000] {processor.py:183} INFO - Processing /home/airflow/.local/lib/python3.8/site-packages/airflow/example_dags/example_latest_only_with_trigger.py took 0.185 seconds
[2025-06-12T18:38:21.784+0000] {processor.py:161} INFO - Started process (PID=434) to work on /home/airflow/.local/lib/python3.8/site-packages/airflow/example_dags/example_latest_only_with_trigger.py
[2025-06-12T18:38:21.788+0000] {processor.py:830} INFO - Processing file /home/airflow/.local/lib/python3.8/site-packages/airflow/example_dags/example_latest_only_with_trigger.py for tasks to queue
[2025-06-12T18:38:21.795+0000] {logging_mixin.py:188} INFO - [2025-06-12T18:38:21.794+0000] {dagbag.py:538} INFO - Filling up the DagBag from /home/airflow/.local/lib/python3.8/site-packages/airflow/example_dags/example_latest_only_with_trigger.py
[2025-06-12T18:38:21.822+0000] {processor.py:840} INFO - DAG(s) 'latest_only_with_trigger' retrieved from /home/airflow/.local/lib/python3.8/site-packages/airflow/example_dags/example_latest_only_with_trigger.py
[2025-06-12T18:38:21.892+0000] {logging_mixin.py:188} INFO - [2025-06-12T18:38:21.891+0000] {dag.py:3036} INFO - Sync 1 DAGs
[2025-06-12T18:38:21.958+0000] {logging_mixin.py:188} INFO - [2025-06-12T18:38:21.957+0000] {dag.py:3823} INFO - Setting next_dagrun for latest_only_with_trigger to 2025-06-12 12:00:00+00:00, run_after=2025-06-12 16:00:00+00:00
[2025-06-12T18:38:22.008+0000] {processor.py:183} INFO - Processing /home/airflow/.local/lib/python3.8/site-packages/airflow/example_dags/example_latest_only_with_trigger.py took 0.234 seconds
[2025-06-12T18:38:52.186+0000] {processor.py:161} INFO - Started process (PID=489) to work on /home/airflow/.local/lib/python3.8/site-packages/airflow/example_dags/example_latest_only_with_trigger.py
[2025-06-12T18:38:52.188+0000] {processor.py:830} INFO - Processing file /home/airflow/.local/lib/python3.8/site-packages/airflow/example_dags/example_latest_only_with_trigger.py for tasks to queue
[2025-06-12T18:38:52.191+0000] {logging_mixin.py:188} INFO - [2025-06-12T18:38:52.191+0000] {dagbag.py:538} INFO - Filling up the DagBag from /home/airflow/.local/lib/python3.8/site-packages/airflow/example_dags/example_latest_only_with_trigger.py
[2025-06-12T18:38:52.205+0000] {processor.py:840} INFO - DAG(s) 'latest_only_with_trigger' retrieved from /home/airflow/.local/lib/python3.8/site-packages/airflow/example_dags/example_latest_only_with_trigger.py
[2025-06-12T18:38:52.245+0000] {logging_mixin.py:188} INFO - [2025-06-12T18:38:52.244+0000] {dag.py:3036} INFO - Sync 1 DAGs
[2025-06-12T18:38:52.287+0000] {logging_mixin.py:188} INFO - [2025-06-12T18:38:52.287+0000] {dag.py:3823} INFO - Setting next_dagrun for latest_only_with_trigger to 2025-06-12 12:00:00+00:00, run_after=2025-06-12 16:00:00+00:00
[2025-06-12T18:38:52.321+0000] {processor.py:183} INFO - Processing /home/airflow/.local/lib/python3.8/site-packages/airflow/example_dags/example_latest_only_with_trigger.py took 0.142 seconds
[2025-06-12T18:39:22.872+0000] {processor.py:161} INFO - Started process (PID=544) to work on /home/airflow/.local/lib/python3.8/site-packages/airflow/example_dags/example_latest_only_with_trigger.py
[2025-06-12T18:39:22.874+0000] {processor.py:830} INFO - Processing file /home/airflow/.local/lib/python3.8/site-packages/airflow/example_dags/example_latest_only_with_trigger.py for tasks to queue
[2025-06-12T18:39:22.879+0000] {logging_mixin.py:188} INFO - [2025-06-12T18:39:22.878+0000] {dagbag.py:538} INFO - Filling up the DagBag from /home/airflow/.local/lib/python3.8/site-packages/airflow/example_dags/example_latest_only_with_trigger.py
[2025-06-12T18:39:22.892+0000] {processor.py:840} INFO - DAG(s) 'latest_only_with_trigger' retrieved from /home/airflow/.local/lib/python3.8/site-packages/airflow/example_dags/example_latest_only_with_trigger.py
[2025-06-12T18:39:22.928+0000] {logging_mixin.py:188} INFO - [2025-06-12T18:39:22.928+0000] {dag.py:3036} INFO - Sync 1 DAGs
[2025-06-12T18:39:22.968+0000] {logging_mixin.py:188} INFO - [2025-06-12T18:39:22.967+0000] {dag.py:3823} INFO - Setting next_dagrun for latest_only_with_trigger to 2025-06-12 12:00:00+00:00, run_after=2025-06-12 16:00:00+00:00
[2025-06-12T18:39:23.010+0000] {processor.py:183} INFO - Processing /home/airflow/.local/lib/python3.8/site-packages/airflow/example_dags/example_latest_only_with_trigger.py took 0.144 seconds
[2025-06-12T18:39:53.636+0000] {processor.py:161} INFO - Started process (PID=599) to work on /home/airflow/.local/lib/python3.8/site-packages/airflow/example_dags/example_latest_only_with_trigger.py
[2025-06-12T18:39:53.638+0000] {processor.py:830} INFO - Processing file /home/airflow/.local/lib/python3.8/site-packages/airflow/example_dags/example_latest_only_with_trigger.py for tasks to queue
[2025-06-12T18:39:53.643+0000] {logging_mixin.py:188} INFO - [2025-06-12T18:39:53.642+0000] {dagbag.py:538} INFO - Filling up the DagBag from /home/airflow/.local/lib/python3.8/site-packages/airflow/example_dags/example_latest_only_with_trigger.py
[2025-06-12T18:39:53.664+0000] {processor.py:840} INFO - DAG(s) 'latest_only_with_trigger' retrieved from /home/airflow/.local/lib/python3.8/site-packages/airflow/example_dags/example_latest_only_with_trigger.py
[2025-06-12T18:39:53.840+0000] {logging_mixin.py:188} INFO - [2025-06-12T18:39:53.840+0000] {dag.py:3036} INFO - Sync 1 DAGs
[2025-06-12T18:39:53.869+0000] {logging_mixin.py:188} INFO - [2025-06-12T18:39:53.869+0000] {dag.py:3823} INFO - Setting next_dagrun for latest_only_with_trigger to 2025-06-12 12:00:00+00:00, run_after=2025-06-12 16:00:00+00:00
[2025-06-12T18:39:53.903+0000] {processor.py:183} INFO - Processing /home/airflow/.local/lib/python3.8/site-packages/airflow/example_dags/example_latest_only_with_trigger.py took 0.272 seconds
[2025-06-12T18:40:37.173+0000] {processor.py:161} INFO - Started process (PID=654) to work on /home/airflow/.local/lib/python3.8/site-packages/airflow/example_dags/example_latest_only_with_trigger.py
[2025-06-12T18:40:37.178+0000] {processor.py:830} INFO - Processing file /home/airflow/.local/lib/python3.8/site-packages/airflow/example_dags/example_latest_only_with_trigger.py for tasks to queue
[2025-06-12T18:40:37.183+0000] {logging_mixin.py:188} INFO - [2025-06-12T18:40:37.182+0000] {dagbag.py:538} INFO - Filling up the DagBag from /home/airflow/.local/lib/python3.8/site-packages/airflow/example_dags/example_latest_only_with_trigger.py
[2025-06-12T18:40:37.199+0000] {processor.py:840} INFO - DAG(s) 'latest_only_with_trigger' retrieved from /home/airflow/.local/lib/python3.8/site-packages/airflow/example_dags/example_latest_only_with_trigger.py
[2025-06-12T18:40:37.261+0000] {logging_mixin.py:188} INFO - [2025-06-12T18:40:37.261+0000] {dag.py:3036} INFO - Sync 1 DAGs
[2025-06-12T18:40:37.373+0000] {logging_mixin.py:188} INFO - [2025-06-12T18:40:37.373+0000] {dag.py:3823} INFO - Setting next_dagrun for latest_only_with_trigger to 2025-06-12 12:00:00+00:00, run_after=2025-06-12 16:00:00+00:00
[2025-06-12T18:40:37.449+0000] {processor.py:183} INFO - Processing /home/airflow/.local/lib/python3.8/site-packages/airflow/example_dags/example_latest_only_with_trigger.py took 0.286 seconds
[2025-06-12T18:46:16.418+0000] {processor.py:161} INFO - Started process (PID=713) to work on /home/airflow/.local/lib/python3.8/site-packages/airflow/example_dags/example_latest_only_with_trigger.py
[2025-06-12T18:46:16.420+0000] {processor.py:830} INFO - Processing file /home/airflow/.local/lib/python3.8/site-packages/airflow/example_dags/example_latest_only_with_trigger.py for tasks to queue
[2025-06-12T18:46:16.423+0000] {logging_mixin.py:188} INFO - [2025-06-12T18:46:16.422+0000] {dagbag.py:538} INFO - Filling up the DagBag from /home/airflow/.local/lib/python3.8/site-packages/airflow/example_dags/example_latest_only_with_trigger.py
[2025-06-12T18:46:16.436+0000] {processor.py:840} INFO - DAG(s) 'latest_only_with_trigger' retrieved from /home/airflow/.local/lib/python3.8/site-packages/airflow/example_dags/example_latest_only_with_trigger.py
[2025-06-12T18:46:16.633+0000] {logging_mixin.py:188} INFO - [2025-06-12T18:46:16.633+0000] {dag.py:3036} INFO - Sync 1 DAGs
[2025-06-12T18:46:16.666+0000] {logging_mixin.py:188} INFO - [2025-06-12T18:46:16.665+0000] {dag.py:3823} INFO - Setting next_dagrun for latest_only_with_trigger to 2025-06-12 12:00:00+00:00, run_after=2025-06-12 16:00:00+00:00
[2025-06-12T18:46:16.700+0000] {processor.py:183} INFO - Processing /home/airflow/.local/lib/python3.8/site-packages/airflow/example_dags/example_latest_only_with_trigger.py took 0.289 seconds
[2025-06-12T18:46:47.051+0000] {processor.py:161} INFO - Started process (PID=769) to work on /home/airflow/.local/lib/python3.8/site-packages/airflow/example_dags/example_latest_only_with_trigger.py
[2025-06-12T18:46:47.054+0000] {processor.py:830} INFO - Processing file /home/airflow/.local/lib/python3.8/site-packages/airflow/example_dags/example_latest_only_with_trigger.py for tasks to queue
[2025-06-12T18:46:47.057+0000] {logging_mixin.py:188} INFO - [2025-06-12T18:46:47.056+0000] {dagbag.py:538} INFO - Filling up the DagBag from /home/airflow/.local/lib/python3.8/site-packages/airflow/example_dags/example_latest_only_with_trigger.py
[2025-06-12T18:46:47.074+0000] {processor.py:840} INFO - DAG(s) 'latest_only_with_trigger' retrieved from /home/airflow/.local/lib/python3.8/site-packages/airflow/example_dags/example_latest_only_with_trigger.py
[2025-06-12T18:46:47.126+0000] {logging_mixin.py:188} INFO - [2025-06-12T18:46:47.126+0000] {dag.py:3036} INFO - Sync 1 DAGs
[2025-06-12T18:46:47.221+0000] {logging_mixin.py:188} INFO - [2025-06-12T18:46:47.220+0000] {dag.py:3823} INFO - Setting next_dagrun for latest_only_with_trigger to 2025-06-12 12:00:00+00:00, run_after=2025-06-12 16:00:00+00:00
[2025-06-12T18:46:47.285+0000] {processor.py:183} INFO - Processing /home/airflow/.local/lib/python3.8/site-packages/airflow/example_dags/example_latest_only_with_trigger.py took 0.244 seconds
[2025-06-12T18:47:17.375+0000] {processor.py:161} INFO - Started process (PID=824) to work on /home/airflow/.local/lib/python3.8/site-packages/airflow/example_dags/example_latest_only_with_trigger.py
[2025-06-12T18:47:17.377+0000] {processor.py:830} INFO - Processing file /home/airflow/.local/lib/python3.8/site-packages/airflow/example_dags/example_latest_only_with_trigger.py for tasks to queue
[2025-06-12T18:47:17.379+0000] {logging_mixin.py:188} INFO - [2025-06-12T18:47:17.379+0000] {dagbag.py:538} INFO - Filling up the DagBag from /home/airflow/.local/lib/python3.8/site-packages/airflow/example_dags/example_latest_only_with_trigger.py
[2025-06-12T18:47:17.390+0000] {processor.py:840} INFO - DAG(s) 'latest_only_with_trigger' retrieved from /home/airflow/.local/lib/python3.8/site-packages/airflow/example_dags/example_latest_only_with_trigger.py
[2025-06-12T18:47:17.427+0000] {logging_mixin.py:188} INFO - [2025-06-12T18:47:17.427+0000] {dag.py:3036} INFO - Sync 1 DAGs
[2025-06-12T18:47:17.457+0000] {logging_mixin.py:188} INFO - [2025-06-12T18:47:17.457+0000] {dag.py:3823} INFO - Setting next_dagrun for latest_only_with_trigger to 2025-06-12 12:00:00+00:00, run_after=2025-06-12 16:00:00+00:00
[2025-06-12T18:47:17.491+0000] {processor.py:183} INFO - Processing /home/airflow/.local/lib/python3.8/site-packages/airflow/example_dags/example_latest_only_with_trigger.py took 0.121 seconds
[2025-06-12T18:47:48.343+0000] {processor.py:161} INFO - Started process (PID=879) to work on /home/airflow/.local/lib/python3.8/site-packages/airflow/example_dags/example_latest_only_with_trigger.py
[2025-06-12T18:47:48.345+0000] {processor.py:830} INFO - Processing file /home/airflow/.local/lib/python3.8/site-packages/airflow/example_dags/example_latest_only_with_trigger.py for tasks to queue
[2025-06-12T18:47:48.346+0000] {logging_mixin.py:188} INFO - [2025-06-12T18:47:48.346+0000] {dagbag.py:538} INFO - Filling up the DagBag from /home/airflow/.local/lib/python3.8/site-packages/airflow/example_dags/example_latest_only_with_trigger.py
[2025-06-12T18:47:48.357+0000] {processor.py:840} INFO - DAG(s) 'latest_only_with_trigger' retrieved from /home/airflow/.local/lib/python3.8/site-packages/airflow/example_dags/example_latest_only_with_trigger.py
[2025-06-12T18:47:48.393+0000] {logging_mixin.py:188} INFO - [2025-06-12T18:47:48.393+0000] {dag.py:3036} INFO - Sync 1 DAGs
[2025-06-12T18:47:48.429+0000] {logging_mixin.py:188} INFO - [2025-06-12T18:47:48.429+0000] {dag.py:3823} INFO - Setting next_dagrun for latest_only_with_trigger to 2025-06-12 12:00:00+00:00, run_after=2025-06-12 16:00:00+00:00
[2025-06-12T18:47:48.462+0000] {processor.py:183} INFO - Processing /home/airflow/.local/lib/python3.8/site-packages/airflow/example_dags/example_latest_only_with_trigger.py took 0.126 seconds
[2025-06-12T18:48:20.446+0000] {processor.py:161} INFO - Started process (PID=932) to work on /home/airflow/.local/lib/python3.8/site-packages/airflow/example_dags/example_latest_only_with_trigger.py
[2025-06-12T18:48:20.448+0000] {processor.py:830} INFO - Processing file /home/airflow/.local/lib/python3.8/site-packages/airflow/example_dags/example_latest_only_with_trigger.py for tasks to queue
[2025-06-12T18:48:20.450+0000] {logging_mixin.py:188} INFO - [2025-06-12T18:48:20.450+0000] {dagbag.py:538} INFO - Filling up the DagBag from /home/airflow/.local/lib/python3.8/site-packages/airflow/example_dags/example_latest_only_with_trigger.py
[2025-06-12T18:48:20.462+0000] {processor.py:840} INFO - DAG(s) 'latest_only_with_trigger' retrieved from /home/airflow/.local/lib/python3.8/site-packages/airflow/example_dags/example_latest_only_with_trigger.py
[2025-06-12T18:48:20.502+0000] {logging_mixin.py:188} INFO - [2025-06-12T18:48:20.501+0000] {dag.py:3036} INFO - Sync 1 DAGs
[2025-06-12T18:48:20.539+0000] {logging_mixin.py:188} INFO - [2025-06-12T18:48:20.538+0000] {dag.py:3823} INFO - Setting next_dagrun for latest_only_with_trigger to 2025-06-12 12:00:00+00:00, run_after=2025-06-12 16:00:00+00:00
[2025-06-12T18:48:20.573+0000] {processor.py:183} INFO - Processing /home/airflow/.local/lib/python3.8/site-packages/airflow/example_dags/example_latest_only_with_trigger.py took 0.134 seconds
[2025-06-12T18:48:50.798+0000] {processor.py:161} INFO - Started process (PID=987) to work on /home/airflow/.local/lib/python3.8/site-packages/airflow/example_dags/example_latest_only_with_trigger.py
[2025-06-12T18:48:50.800+0000] {processor.py:830} INFO - Processing file /home/airflow/.local/lib/python3.8/site-packages/airflow/example_dags/example_latest_only_with_trigger.py for tasks to queue
[2025-06-12T18:48:50.802+0000] {logging_mixin.py:188} INFO - [2025-06-12T18:48:50.802+0000] {dagbag.py:538} INFO - Filling up the DagBag from /home/airflow/.local/lib/python3.8/site-packages/airflow/example_dags/example_latest_only_with_trigger.py
[2025-06-12T18:48:50.815+0000] {processor.py:840} INFO - DAG(s) 'latest_only_with_trigger' retrieved from /home/airflow/.local/lib/python3.8/site-packages/airflow/example_dags/example_latest_only_with_trigger.py
[2025-06-12T18:48:50.856+0000] {logging_mixin.py:188} INFO - [2025-06-12T18:48:50.856+0000] {dag.py:3036} INFO - Sync 1 DAGs
[2025-06-12T18:48:50.886+0000] {logging_mixin.py:188} INFO - [2025-06-12T18:48:50.886+0000] {dag.py:3823} INFO - Setting next_dagrun for latest_only_with_trigger to 2025-06-12 12:00:00+00:00, run_after=2025-06-12 16:00:00+00:00
[2025-06-12T18:48:50.920+0000] {processor.py:183} INFO - Processing /home/airflow/.local/lib/python3.8/site-packages/airflow/example_dags/example_latest_only_with_trigger.py took 0.128 seconds
[2025-06-12T18:49:21.325+0000] {processor.py:161} INFO - Started process (PID=1042) to work on /home/airflow/.local/lib/python3.8/site-packages/airflow/example_dags/example_latest_only_with_trigger.py
[2025-06-12T18:49:21.327+0000] {processor.py:830} INFO - Processing file /home/airflow/.local/lib/python3.8/site-packages/airflow/example_dags/example_latest_only_with_trigger.py for tasks to queue
[2025-06-12T18:49:21.330+0000] {logging_mixin.py:188} INFO - [2025-06-12T18:49:21.329+0000] {dagbag.py:538} INFO - Filling up the DagBag from /home/airflow/.local/lib/python3.8/site-packages/airflow/example_dags/example_latest_only_with_trigger.py
[2025-06-12T18:49:21.342+0000] {processor.py:840} INFO - DAG(s) 'latest_only_with_trigger' retrieved from /home/airflow/.local/lib/python3.8/site-packages/airflow/example_dags/example_latest_only_with_trigger.py
[2025-06-12T18:49:21.379+0000] {logging_mixin.py:188} INFO - [2025-06-12T18:49:21.378+0000] {dag.py:3036} INFO - Sync 1 DAGs
[2025-06-12T18:49:21.416+0000] {logging_mixin.py:188} INFO - [2025-06-12T18:49:21.416+0000] {dag.py:3823} INFO - Setting next_dagrun for latest_only_with_trigger to 2025-06-12 12:00:00+00:00, run_after=2025-06-12 16:00:00+00:00
[2025-06-12T18:49:21.483+0000] {processor.py:183} INFO - Processing /home/airflow/.local/lib/python3.8/site-packages/airflow/example_dags/example_latest_only_with_trigger.py took 0.163 seconds
[2025-06-12T18:49:52.798+0000] {processor.py:161} INFO - Started process (PID=1097) to work on /home/airflow/.local/lib/python3.8/site-packages/airflow/example_dags/example_latest_only_with_trigger.py
[2025-06-12T18:49:52.800+0000] {processor.py:830} INFO - Processing file /home/airflow/.local/lib/python3.8/site-packages/airflow/example_dags/example_latest_only_with_trigger.py for tasks to queue
[2025-06-12T18:49:52.802+0000] {logging_mixin.py:188} INFO - [2025-06-12T18:49:52.801+0000] {dagbag.py:538} INFO - Filling up the DagBag from /home/airflow/.local/lib/python3.8/site-packages/airflow/example_dags/example_latest_only_with_trigger.py
[2025-06-12T18:49:52.815+0000] {processor.py:840} INFO - DAG(s) 'latest_only_with_trigger' retrieved from /home/airflow/.local/lib/python3.8/site-packages/airflow/example_dags/example_latest_only_with_trigger.py
[2025-06-12T18:49:52.859+0000] {logging_mixin.py:188} INFO - [2025-06-12T18:49:52.858+0000] {dag.py:3036} INFO - Sync 1 DAGs
[2025-06-12T18:49:52.907+0000] {logging_mixin.py:188} INFO - [2025-06-12T18:49:52.907+0000] {dag.py:3823} INFO - Setting next_dagrun for latest_only_with_trigger to 2025-06-12 12:00:00+00:00, run_after=2025-06-12 16:00:00+00:00
[2025-06-12T18:49:52.949+0000] {processor.py:183} INFO - Processing /home/airflow/.local/lib/python3.8/site-packages/airflow/example_dags/example_latest_only_with_trigger.py took 0.158 seconds
[2025-06-12T18:50:23.896+0000] {processor.py:161} INFO - Started process (PID=1152) to work on /home/airflow/.local/lib/python3.8/site-packages/airflow/example_dags/example_latest_only_with_trigger.py
[2025-06-12T18:50:23.900+0000] {processor.py:830} INFO - Processing file /home/airflow/.local/lib/python3.8/site-packages/airflow/example_dags/example_latest_only_with_trigger.py for tasks to queue
[2025-06-12T18:50:23.902+0000] {logging_mixin.py:188} INFO - [2025-06-12T18:50:23.901+0000] {dagbag.py:538} INFO - Filling up the DagBag from /home/airflow/.local/lib/python3.8/site-packages/airflow/example_dags/example_latest_only_with_trigger.py
[2025-06-12T18:50:23.916+0000] {processor.py:840} INFO - DAG(s) 'latest_only_with_trigger' retrieved from /home/airflow/.local/lib/python3.8/site-packages/airflow/example_dags/example_latest_only_with_trigger.py
[2025-06-12T18:50:23.967+0000] {logging_mixin.py:188} INFO - [2025-06-12T18:50:23.967+0000] {dag.py:3036} INFO - Sync 1 DAGs
[2025-06-12T18:50:24.007+0000] {logging_mixin.py:188} INFO - [2025-06-12T18:50:24.007+0000] {dag.py:3823} INFO - Setting next_dagrun for latest_only_with_trigger to 2025-06-12 12:00:00+00:00, run_after=2025-06-12 16:00:00+00:00
[2025-06-12T18:50:24.045+0000] {processor.py:183} INFO - Processing /home/airflow/.local/lib/python3.8/site-packages/airflow/example_dags/example_latest_only_with_trigger.py took 0.164 seconds
[2025-06-12T18:50:54.596+0000] {processor.py:161} INFO - Started process (PID=1208) to work on /home/airflow/.local/lib/python3.8/site-packages/airflow/example_dags/example_latest_only_with_trigger.py
[2025-06-12T18:50:54.598+0000] {processor.py:830} INFO - Processing file /home/airflow/.local/lib/python3.8/site-packages/airflow/example_dags/example_latest_only_with_trigger.py for tasks to queue
[2025-06-12T18:50:54.600+0000] {logging_mixin.py:188} INFO - [2025-06-12T18:50:54.599+0000] {dagbag.py:538} INFO - Filling up the DagBag from /home/airflow/.local/lib/python3.8/site-packages/airflow/example_dags/example_latest_only_with_trigger.py
[2025-06-12T18:50:54.615+0000] {processor.py:840} INFO - DAG(s) 'latest_only_with_trigger' retrieved from /home/airflow/.local/lib/python3.8/site-packages/airflow/example_dags/example_latest_only_with_trigger.py
[2025-06-12T18:50:54.651+0000] {logging_mixin.py:188} INFO - [2025-06-12T18:50:54.651+0000] {dag.py:3036} INFO - Sync 1 DAGs
[2025-06-12T18:50:54.684+0000] {logging_mixin.py:188} INFO - [2025-06-12T18:50:54.684+0000] {dag.py:3823} INFO - Setting next_dagrun for latest_only_with_trigger to 2025-06-12 12:00:00+00:00, run_after=2025-06-12 16:00:00+00:00
[2025-06-12T18:50:54.715+0000] {processor.py:183} INFO - Processing /home/airflow/.local/lib/python3.8/site-packages/airflow/example_dags/example_latest_only_with_trigger.py took 0.126 seconds
[2025-06-12T18:51:25.226+0000] {processor.py:161} INFO - Started process (PID=1263) to work on /home/airflow/.local/lib/python3.8/site-packages/airflow/example_dags/example_latest_only_with_trigger.py
[2025-06-12T18:51:25.229+0000] {processor.py:830} INFO - Processing file /home/airflow/.local/lib/python3.8/site-packages/airflow/example_dags/example_latest_only_with_trigger.py for tasks to queue
[2025-06-12T18:51:25.231+0000] {logging_mixin.py:188} INFO - [2025-06-12T18:51:25.230+0000] {dagbag.py:538} INFO - Filling up the DagBag from /home/airflow/.local/lib/python3.8/site-packages/airflow/example_dags/example_latest_only_with_trigger.py
[2025-06-12T18:51:25.240+0000] {processor.py:840} INFO - DAG(s) 'latest_only_with_trigger' retrieved from /home/airflow/.local/lib/python3.8/site-packages/airflow/example_dags/example_latest_only_with_trigger.py
[2025-06-12T18:51:25.281+0000] {logging_mixin.py:188} INFO - [2025-06-12T18:51:25.281+0000] {dag.py:3036} INFO - Sync 1 DAGs
[2025-06-12T18:51:25.320+0000] {logging_mixin.py:188} INFO - [2025-06-12T18:51:25.320+0000] {dag.py:3823} INFO - Setting next_dagrun for latest_only_with_trigger to 2025-06-12 12:00:00+00:00, run_after=2025-06-12 16:00:00+00:00
[2025-06-12T18:51:25.356+0000] {processor.py:183} INFO - Processing /home/airflow/.local/lib/python3.8/site-packages/airflow/example_dags/example_latest_only_with_trigger.py took 0.136 seconds
[2025-06-12T18:51:56.059+0000] {processor.py:161} INFO - Started process (PID=1318) to work on /home/airflow/.local/lib/python3.8/site-packages/airflow/example_dags/example_latest_only_with_trigger.py
[2025-06-12T18:51:56.061+0000] {processor.py:830} INFO - Processing file /home/airflow/.local/lib/python3.8/site-packages/airflow/example_dags/example_latest_only_with_trigger.py for tasks to queue
[2025-06-12T18:51:56.063+0000] {logging_mixin.py:188} INFO - [2025-06-12T18:51:56.062+0000] {dagbag.py:538} INFO - Filling up the DagBag from /home/airflow/.local/lib/python3.8/site-packages/airflow/example_dags/example_latest_only_with_trigger.py
[2025-06-12T18:51:56.075+0000] {processor.py:840} INFO - DAG(s) 'latest_only_with_trigger' retrieved from /home/airflow/.local/lib/python3.8/site-packages/airflow/example_dags/example_latest_only_with_trigger.py
[2025-06-12T18:51:56.113+0000] {logging_mixin.py:188} INFO - [2025-06-12T18:51:56.113+0000] {dag.py:3036} INFO - Sync 1 DAGs
[2025-06-12T18:51:56.147+0000] {logging_mixin.py:188} INFO - [2025-06-12T18:51:56.147+0000] {dag.py:3823} INFO - Setting next_dagrun for latest_only_with_trigger to 2025-06-12 12:00:00+00:00, run_after=2025-06-12 16:00:00+00:00
[2025-06-12T18:51:56.178+0000] {processor.py:183} INFO - Processing /home/airflow/.local/lib/python3.8/site-packages/airflow/example_dags/example_latest_only_with_trigger.py took 0.126 seconds
[2025-06-12T18:52:26.679+0000] {processor.py:161} INFO - Started process (PID=1374) to work on /home/airflow/.local/lib/python3.8/site-packages/airflow/example_dags/example_latest_only_with_trigger.py
[2025-06-12T18:52:26.681+0000] {processor.py:830} INFO - Processing file /home/airflow/.local/lib/python3.8/site-packages/airflow/example_dags/example_latest_only_with_trigger.py for tasks to queue
[2025-06-12T18:52:26.684+0000] {logging_mixin.py:188} INFO - [2025-06-12T18:52:26.683+0000] {dagbag.py:538} INFO - Filling up the DagBag from /home/airflow/.local/lib/python3.8/site-packages/airflow/example_dags/example_latest_only_with_trigger.py
[2025-06-12T18:52:26.695+0000] {processor.py:840} INFO - DAG(s) 'latest_only_with_trigger' retrieved from /home/airflow/.local/lib/python3.8/site-packages/airflow/example_dags/example_latest_only_with_trigger.py
[2025-06-12T18:52:26.740+0000] {logging_mixin.py:188} INFO - [2025-06-12T18:52:26.740+0000] {dag.py:3036} INFO - Sync 1 DAGs
[2025-06-12T18:52:26.774+0000] {logging_mixin.py:188} INFO - [2025-06-12T18:52:26.774+0000] {dag.py:3823} INFO - Setting next_dagrun for latest_only_with_trigger to 2025-06-12 12:00:00+00:00, run_after=2025-06-12 16:00:00+00:00
[2025-06-12T18:52:26.808+0000] {processor.py:183} INFO - Processing /home/airflow/.local/lib/python3.8/site-packages/airflow/example_dags/example_latest_only_with_trigger.py took 0.136 seconds
[2025-06-12T18:52:57.851+0000] {processor.py:161} INFO - Started process (PID=1429) to work on /home/airflow/.local/lib/python3.8/site-packages/airflow/example_dags/example_latest_only_with_trigger.py
[2025-06-12T18:52:57.854+0000] {processor.py:830} INFO - Processing file /home/airflow/.local/lib/python3.8/site-packages/airflow/example_dags/example_latest_only_with_trigger.py for tasks to queue
[2025-06-12T18:52:57.857+0000] {logging_mixin.py:188} INFO - [2025-06-12T18:52:57.856+0000] {dagbag.py:538} INFO - Filling up the DagBag from /home/airflow/.local/lib/python3.8/site-packages/airflow/example_dags/example_latest_only_with_trigger.py
[2025-06-12T18:52:57.882+0000] {processor.py:840} INFO - DAG(s) 'latest_only_with_trigger' retrieved from /home/airflow/.local/lib/python3.8/site-packages/airflow/example_dags/example_latest_only_with_trigger.py
[2025-06-12T18:52:57.939+0000] {logging_mixin.py:188} INFO - [2025-06-12T18:52:57.939+0000] {dag.py:3036} INFO - Sync 1 DAGs
[2025-06-12T18:52:57.982+0000] {logging_mixin.py:188} INFO - [2025-06-12T18:52:57.981+0000] {dag.py:3823} INFO - Setting next_dagrun for latest_only_with_trigger to 2025-06-12 12:00:00+00:00, run_after=2025-06-12 16:00:00+00:00
[2025-06-12T18:52:58.042+0000] {processor.py:183} INFO - Processing /home/airflow/.local/lib/python3.8/site-packages/airflow/example_dags/example_latest_only_with_trigger.py took 0.199 seconds
[2025-06-12T18:53:28.644+0000] {processor.py:161} INFO - Started process (PID=1484) to work on /home/airflow/.local/lib/python3.8/site-packages/airflow/example_dags/example_latest_only_with_trigger.py
[2025-06-12T18:53:28.647+0000] {processor.py:830} INFO - Processing file /home/airflow/.local/lib/python3.8/site-packages/airflow/example_dags/example_latest_only_with_trigger.py for tasks to queue
[2025-06-12T18:53:28.649+0000] {logging_mixin.py:188} INFO - [2025-06-12T18:53:28.648+0000] {dagbag.py:538} INFO - Filling up the DagBag from /home/airflow/.local/lib/python3.8/site-packages/airflow/example_dags/example_latest_only_with_trigger.py
[2025-06-12T18:53:28.662+0000] {processor.py:840} INFO - DAG(s) 'latest_only_with_trigger' retrieved from /home/airflow/.local/lib/python3.8/site-packages/airflow/example_dags/example_latest_only_with_trigger.py
[2025-06-12T18:53:28.700+0000] {logging_mixin.py:188} INFO - [2025-06-12T18:53:28.699+0000] {dag.py:3036} INFO - Sync 1 DAGs
[2025-06-12T18:53:28.732+0000] {logging_mixin.py:188} INFO - [2025-06-12T18:53:28.731+0000] {dag.py:3823} INFO - Setting next_dagrun for latest_only_with_trigger to 2025-06-12 12:00:00+00:00, run_after=2025-06-12 16:00:00+00:00
[2025-06-12T18:53:28.765+0000] {processor.py:183} INFO - Processing /home/airflow/.local/lib/python3.8/site-packages/airflow/example_dags/example_latest_only_with_trigger.py took 0.130 seconds
[2025-06-12T18:53:59.851+0000] {processor.py:161} INFO - Started process (PID=1540) to work on /home/airflow/.local/lib/python3.8/site-packages/airflow/example_dags/example_latest_only_with_trigger.py
[2025-06-12T18:53:59.855+0000] {processor.py:830} INFO - Processing file /home/airflow/.local/lib/python3.8/site-packages/airflow/example_dags/example_latest_only_with_trigger.py for tasks to queue
[2025-06-12T18:53:59.860+0000] {logging_mixin.py:188} INFO - [2025-06-12T18:53:59.859+0000] {dagbag.py:538} INFO - Filling up the DagBag from /home/airflow/.local/lib/python3.8/site-packages/airflow/example_dags/example_latest_only_with_trigger.py
[2025-06-12T18:53:59.881+0000] {processor.py:840} INFO - DAG(s) 'latest_only_with_trigger' retrieved from /home/airflow/.local/lib/python3.8/site-packages/airflow/example_dags/example_latest_only_with_trigger.py
[2025-06-12T18:53:59.919+0000] {logging_mixin.py:188} INFO - [2025-06-12T18:53:59.919+0000] {dag.py:3036} INFO - Sync 1 DAGs
[2025-06-12T18:53:59.954+0000] {logging_mixin.py:188} INFO - [2025-06-12T18:53:59.954+0000] {dag.py:3823} INFO - Setting next_dagrun for latest_only_with_trigger to 2025-06-12 12:00:00+00:00, run_after=2025-06-12 16:00:00+00:00
[2025-06-12T18:53:59.985+0000] {processor.py:183} INFO - Processing /home/airflow/.local/lib/python3.8/site-packages/airflow/example_dags/example_latest_only_with_trigger.py took 0.142 seconds
[2025-06-12T18:54:30.888+0000] {processor.py:161} INFO - Started process (PID=1595) to work on /home/airflow/.local/lib/python3.8/site-packages/airflow/example_dags/example_latest_only_with_trigger.py
[2025-06-12T18:54:30.891+0000] {processor.py:830} INFO - Processing file /home/airflow/.local/lib/python3.8/site-packages/airflow/example_dags/example_latest_only_with_trigger.py for tasks to queue
[2025-06-12T18:54:30.893+0000] {logging_mixin.py:188} INFO - [2025-06-12T18:54:30.892+0000] {dagbag.py:538} INFO - Filling up the DagBag from /home/airflow/.local/lib/python3.8/site-packages/airflow/example_dags/example_latest_only_with_trigger.py
[2025-06-12T18:54:30.903+0000] {processor.py:840} INFO - DAG(s) 'latest_only_with_trigger' retrieved from /home/airflow/.local/lib/python3.8/site-packages/airflow/example_dags/example_latest_only_with_trigger.py
[2025-06-12T18:54:30.940+0000] {logging_mixin.py:188} INFO - [2025-06-12T18:54:30.939+0000] {dag.py:3036} INFO - Sync 1 DAGs
[2025-06-12T18:54:30.972+0000] {logging_mixin.py:188} INFO - [2025-06-12T18:54:30.972+0000] {dag.py:3823} INFO - Setting next_dagrun for latest_only_with_trigger to 2025-06-12 12:00:00+00:00, run_after=2025-06-12 16:00:00+00:00
[2025-06-12T18:54:31.006+0000] {processor.py:183} INFO - Processing /home/airflow/.local/lib/python3.8/site-packages/airflow/example_dags/example_latest_only_with_trigger.py took 0.124 seconds
[2025-06-12T18:55:01.567+0000] {processor.py:161} INFO - Started process (PID=1650) to work on /home/airflow/.local/lib/python3.8/site-packages/airflow/example_dags/example_latest_only_with_trigger.py
[2025-06-12T18:55:01.570+0000] {processor.py:830} INFO - Processing file /home/airflow/.local/lib/python3.8/site-packages/airflow/example_dags/example_latest_only_with_trigger.py for tasks to queue
[2025-06-12T18:55:01.572+0000] {logging_mixin.py:188} INFO - [2025-06-12T18:55:01.571+0000] {dagbag.py:538} INFO - Filling up the DagBag from /home/airflow/.local/lib/python3.8/site-packages/airflow/example_dags/example_latest_only_with_trigger.py
[2025-06-12T18:55:01.587+0000] {processor.py:840} INFO - DAG(s) 'latest_only_with_trigger' retrieved from /home/airflow/.local/lib/python3.8/site-packages/airflow/example_dags/example_latest_only_with_trigger.py
[2025-06-12T18:55:01.626+0000] {logging_mixin.py:188} INFO - [2025-06-12T18:55:01.626+0000] {dag.py:3036} INFO - Sync 1 DAGs
[2025-06-12T18:55:01.722+0000] {logging_mixin.py:188} INFO - [2025-06-12T18:55:01.721+0000] {dag.py:3823} INFO - Setting next_dagrun for latest_only_with_trigger to 2025-06-12 12:00:00+00:00, run_after=2025-06-12 16:00:00+00:00
[2025-06-12T18:55:01.794+0000] {processor.py:183} INFO - Processing /home/airflow/.local/lib/python3.8/site-packages/airflow/example_dags/example_latest_only_with_trigger.py took 0.236 seconds
[2025-06-12T18:55:32.723+0000] {processor.py:161} INFO - Started process (PID=1705) to work on /home/airflow/.local/lib/python3.8/site-packages/airflow/example_dags/example_latest_only_with_trigger.py
[2025-06-12T18:55:32.726+0000] {processor.py:830} INFO - Processing file /home/airflow/.local/lib/python3.8/site-packages/airflow/example_dags/example_latest_only_with_trigger.py for tasks to queue
[2025-06-12T18:55:32.728+0000] {logging_mixin.py:188} INFO - [2025-06-12T18:55:32.728+0000] {dagbag.py:538} INFO - Filling up the DagBag from /home/airflow/.local/lib/python3.8/site-packages/airflow/example_dags/example_latest_only_with_trigger.py
[2025-06-12T18:55:32.747+0000] {processor.py:840} INFO - DAG(s) 'latest_only_with_trigger' retrieved from /home/airflow/.local/lib/python3.8/site-packages/airflow/example_dags/example_latest_only_with_trigger.py
[2025-06-12T18:55:32.792+0000] {logging_mixin.py:188} INFO - [2025-06-12T18:55:32.792+0000] {dag.py:3036} INFO - Sync 1 DAGs
[2025-06-12T18:55:32.829+0000] {logging_mixin.py:188} INFO - [2025-06-12T18:55:32.829+0000] {dag.py:3823} INFO - Setting next_dagrun for latest_only_with_trigger to 2025-06-12 12:00:00+00:00, run_after=2025-06-12 16:00:00+00:00
[2025-06-12T18:55:32.863+0000] {processor.py:183} INFO - Processing /home/airflow/.local/lib/python3.8/site-packages/airflow/example_dags/example_latest_only_with_trigger.py took 0.147 seconds
[2025-06-12T18:56:03.106+0000] {processor.py:161} INFO - Started process (PID=1759) to work on /home/airflow/.local/lib/python3.8/site-packages/airflow/example_dags/example_latest_only_with_trigger.py
[2025-06-12T18:56:03.108+0000] {processor.py:830} INFO - Processing file /home/airflow/.local/lib/python3.8/site-packages/airflow/example_dags/example_latest_only_with_trigger.py for tasks to queue
[2025-06-12T18:56:03.110+0000] {logging_mixin.py:188} INFO - [2025-06-12T18:56:03.109+0000] {dagbag.py:538} INFO - Filling up the DagBag from /home/airflow/.local/lib/python3.8/site-packages/airflow/example_dags/example_latest_only_with_trigger.py
[2025-06-12T18:56:03.123+0000] {processor.py:840} INFO - DAG(s) 'latest_only_with_trigger' retrieved from /home/airflow/.local/lib/python3.8/site-packages/airflow/example_dags/example_latest_only_with_trigger.py
[2025-06-12T18:56:03.158+0000] {logging_mixin.py:188} INFO - [2025-06-12T18:56:03.158+0000] {dag.py:3036} INFO - Sync 1 DAGs
[2025-06-12T18:56:03.193+0000] {logging_mixin.py:188} INFO - [2025-06-12T18:56:03.192+0000] {dag.py:3823} INFO - Setting next_dagrun for latest_only_with_trigger to 2025-06-12 12:00:00+00:00, run_after=2025-06-12 16:00:00+00:00
[2025-06-12T18:56:03.225+0000] {processor.py:183} INFO - Processing /home/airflow/.local/lib/python3.8/site-packages/airflow/example_dags/example_latest_only_with_trigger.py took 0.126 seconds
[2025-06-12T18:56:33.951+0000] {processor.py:161} INFO - Started process (PID=1814) to work on /home/airflow/.local/lib/python3.8/site-packages/airflow/example_dags/example_latest_only_with_trigger.py
[2025-06-12T18:56:33.953+0000] {processor.py:830} INFO - Processing file /home/airflow/.local/lib/python3.8/site-packages/airflow/example_dags/example_latest_only_with_trigger.py for tasks to queue
[2025-06-12T18:56:33.955+0000] {logging_mixin.py:188} INFO - [2025-06-12T18:56:33.955+0000] {dagbag.py:538} INFO - Filling up the DagBag from /home/airflow/.local/lib/python3.8/site-packages/airflow/example_dags/example_latest_only_with_trigger.py
[2025-06-12T18:56:33.968+0000] {processor.py:840} INFO - DAG(s) 'latest_only_with_trigger' retrieved from /home/airflow/.local/lib/python3.8/site-packages/airflow/example_dags/example_latest_only_with_trigger.py
[2025-06-12T18:56:34.007+0000] {logging_mixin.py:188} INFO - [2025-06-12T18:56:34.006+0000] {dag.py:3036} INFO - Sync 1 DAGs
[2025-06-12T18:56:34.040+0000] {logging_mixin.py:188} INFO - [2025-06-12T18:56:34.040+0000] {dag.py:3823} INFO - Setting next_dagrun for latest_only_with_trigger to 2025-06-12 12:00:00+00:00, run_after=2025-06-12 16:00:00+00:00
[2025-06-12T18:56:34.077+0000] {processor.py:183} INFO - Processing /home/airflow/.local/lib/python3.8/site-packages/airflow/example_dags/example_latest_only_with_trigger.py took 0.135 seconds
[2025-06-12T18:57:04.342+0000] {processor.py:161} INFO - Started process (PID=1869) to work on /home/airflow/.local/lib/python3.8/site-packages/airflow/example_dags/example_latest_only_with_trigger.py
[2025-06-12T18:57:04.344+0000] {processor.py:830} INFO - Processing file /home/airflow/.local/lib/python3.8/site-packages/airflow/example_dags/example_latest_only_with_trigger.py for tasks to queue
[2025-06-12T18:57:04.348+0000] {logging_mixin.py:188} INFO - [2025-06-12T18:57:04.347+0000] {dagbag.py:538} INFO - Filling up the DagBag from /home/airflow/.local/lib/python3.8/site-packages/airflow/example_dags/example_latest_only_with_trigger.py
[2025-06-12T18:57:04.361+0000] {processor.py:840} INFO - DAG(s) 'latest_only_with_trigger' retrieved from /home/airflow/.local/lib/python3.8/site-packages/airflow/example_dags/example_latest_only_with_trigger.py
[2025-06-12T18:57:04.406+0000] {logging_mixin.py:188} INFO - [2025-06-12T18:57:04.406+0000] {dag.py:3036} INFO - Sync 1 DAGs
[2025-06-12T18:57:04.449+0000] {logging_mixin.py:188} INFO - [2025-06-12T18:57:04.449+0000] {dag.py:3823} INFO - Setting next_dagrun for latest_only_with_trigger to 2025-06-12 12:00:00+00:00, run_after=2025-06-12 16:00:00+00:00
[2025-06-12T18:57:04.487+0000] {processor.py:183} INFO - Processing /home/airflow/.local/lib/python3.8/site-packages/airflow/example_dags/example_latest_only_with_trigger.py took 0.151 seconds
[2025-06-12T18:57:43.249+0000] {processor.py:161} INFO - Started process (PID=1925) to work on /home/airflow/.local/lib/python3.8/site-packages/airflow/example_dags/example_latest_only_with_trigger.py
[2025-06-12T18:57:43.251+0000] {processor.py:830} INFO - Processing file /home/airflow/.local/lib/python3.8/site-packages/airflow/example_dags/example_latest_only_with_trigger.py for tasks to queue
[2025-06-12T18:57:43.254+0000] {logging_mixin.py:188} INFO - [2025-06-12T18:57:43.253+0000] {dagbag.py:538} INFO - Filling up the DagBag from /home/airflow/.local/lib/python3.8/site-packages/airflow/example_dags/example_latest_only_with_trigger.py
[2025-06-12T18:57:43.267+0000] {processor.py:840} INFO - DAG(s) 'latest_only_with_trigger' retrieved from /home/airflow/.local/lib/python3.8/site-packages/airflow/example_dags/example_latest_only_with_trigger.py
[2025-06-12T18:57:43.307+0000] {logging_mixin.py:188} INFO - [2025-06-12T18:57:43.307+0000] {dag.py:3036} INFO - Sync 1 DAGs
[2025-06-12T18:57:43.344+0000] {logging_mixin.py:188} INFO - [2025-06-12T18:57:43.344+0000] {dag.py:3823} INFO - Setting next_dagrun for latest_only_with_trigger to 2025-06-12 12:00:00+00:00, run_after=2025-06-12 16:00:00+00:00
[2025-06-12T18:57:43.378+0000] {processor.py:183} INFO - Processing /home/airflow/.local/lib/python3.8/site-packages/airflow/example_dags/example_latest_only_with_trigger.py took 0.134 seconds
[2025-06-12T18:58:14.073+0000] {processor.py:161} INFO - Started process (PID=1981) to work on /home/airflow/.local/lib/python3.8/site-packages/airflow/example_dags/example_latest_only_with_trigger.py
[2025-06-12T18:58:14.075+0000] {processor.py:830} INFO - Processing file /home/airflow/.local/lib/python3.8/site-packages/airflow/example_dags/example_latest_only_with_trigger.py for tasks to queue
[2025-06-12T18:58:14.078+0000] {logging_mixin.py:188} INFO - [2025-06-12T18:58:14.077+0000] {dagbag.py:538} INFO - Filling up the DagBag from /home/airflow/.local/lib/python3.8/site-packages/airflow/example_dags/example_latest_only_with_trigger.py
[2025-06-12T18:58:14.091+0000] {processor.py:840} INFO - DAG(s) 'latest_only_with_trigger' retrieved from /home/airflow/.local/lib/python3.8/site-packages/airflow/example_dags/example_latest_only_with_trigger.py
[2025-06-12T18:58:14.133+0000] {logging_mixin.py:188} INFO - [2025-06-12T18:58:14.133+0000] {dag.py:3036} INFO - Sync 1 DAGs
[2025-06-12T18:58:14.169+0000] {logging_mixin.py:188} INFO - [2025-06-12T18:58:14.168+0000] {dag.py:3823} INFO - Setting next_dagrun for latest_only_with_trigger to 2025-06-12 12:00:00+00:00, run_after=2025-06-12 16:00:00+00:00
[2025-06-12T18:58:14.217+0000] {processor.py:183} INFO - Processing /home/airflow/.local/lib/python3.8/site-packages/airflow/example_dags/example_latest_only_with_trigger.py took 0.150 seconds
[2025-06-12T18:58:45.279+0000] {processor.py:161} INFO - Started process (PID=2036) to work on /home/airflow/.local/lib/python3.8/site-packages/airflow/example_dags/example_latest_only_with_trigger.py
[2025-06-12T18:58:45.281+0000] {processor.py:830} INFO - Processing file /home/airflow/.local/lib/python3.8/site-packages/airflow/example_dags/example_latest_only_with_trigger.py for tasks to queue
[2025-06-12T18:58:45.284+0000] {logging_mixin.py:188} INFO - [2025-06-12T18:58:45.283+0000] {dagbag.py:538} INFO - Filling up the DagBag from /home/airflow/.local/lib/python3.8/site-packages/airflow/example_dags/example_latest_only_with_trigger.py
[2025-06-12T18:58:45.296+0000] {processor.py:840} INFO - DAG(s) 'latest_only_with_trigger' retrieved from /home/airflow/.local/lib/python3.8/site-packages/airflow/example_dags/example_latest_only_with_trigger.py
[2025-06-12T18:58:45.352+0000] {logging_mixin.py:188} INFO - [2025-06-12T18:58:45.351+0000] {dag.py:3036} INFO - Sync 1 DAGs
[2025-06-12T18:58:45.394+0000] {logging_mixin.py:188} INFO - [2025-06-12T18:58:45.394+0000] {dag.py:3823} INFO - Setting next_dagrun for latest_only_with_trigger to 2025-06-12 12:00:00+00:00, run_after=2025-06-12 16:00:00+00:00
[2025-06-12T18:58:45.428+0000] {processor.py:183} INFO - Processing /home/airflow/.local/lib/python3.8/site-packages/airflow/example_dags/example_latest_only_with_trigger.py took 0.157 seconds
[2025-06-12T18:59:18.435+0000] {processor.py:161} INFO - Started process (PID=2091) to work on /home/airflow/.local/lib/python3.8/site-packages/airflow/example_dags/example_latest_only_with_trigger.py
[2025-06-12T18:59:18.439+0000] {processor.py:830} INFO - Processing file /home/airflow/.local/lib/python3.8/site-packages/airflow/example_dags/example_latest_only_with_trigger.py for tasks to queue
[2025-06-12T18:59:18.443+0000] {logging_mixin.py:188} INFO - [2025-06-12T18:59:18.441+0000] {dagbag.py:538} INFO - Filling up the DagBag from /home/airflow/.local/lib/python3.8/site-packages/airflow/example_dags/example_latest_only_with_trigger.py
[2025-06-12T18:59:18.467+0000] {processor.py:840} INFO - DAG(s) 'latest_only_with_trigger' retrieved from /home/airflow/.local/lib/python3.8/site-packages/airflow/example_dags/example_latest_only_with_trigger.py
[2025-06-12T18:59:18.538+0000] {logging_mixin.py:188} INFO - [2025-06-12T18:59:18.537+0000] {dag.py:3036} INFO - Sync 1 DAGs
[2025-06-12T18:59:18.665+0000] {logging_mixin.py:188} INFO - [2025-06-12T18:59:18.664+0000] {dag.py:3823} INFO - Setting next_dagrun for latest_only_with_trigger to 2025-06-12 12:00:00+00:00, run_after=2025-06-12 16:00:00+00:00
[2025-06-12T18:59:18.737+0000] {processor.py:183} INFO - Processing /home/airflow/.local/lib/python3.8/site-packages/airflow/example_dags/example_latest_only_with_trigger.py took 0.312 seconds
[2025-06-12T18:59:50.916+0000] {processor.py:161} INFO - Started process (PID=2152) to work on /home/airflow/.local/lib/python3.8/site-packages/airflow/example_dags/example_latest_only_with_trigger.py
[2025-06-12T18:59:50.920+0000] {processor.py:830} INFO - Processing file /home/airflow/.local/lib/python3.8/site-packages/airflow/example_dags/example_latest_only_with_trigger.py for tasks to queue
[2025-06-12T18:59:50.924+0000] {logging_mixin.py:188} INFO - [2025-06-12T18:59:50.923+0000] {dagbag.py:538} INFO - Filling up the DagBag from /home/airflow/.local/lib/python3.8/site-packages/airflow/example_dags/example_latest_only_with_trigger.py
[2025-06-12T18:59:50.946+0000] {processor.py:840} INFO - DAG(s) 'latest_only_with_trigger' retrieved from /home/airflow/.local/lib/python3.8/site-packages/airflow/example_dags/example_latest_only_with_trigger.py
[2025-06-12T18:59:51.013+0000] {logging_mixin.py:188} INFO - [2025-06-12T18:59:51.013+0000] {dag.py:3036} INFO - Sync 1 DAGs
[2025-06-12T18:59:51.075+0000] {logging_mixin.py:188} INFO - [2025-06-12T18:59:51.075+0000] {dag.py:3823} INFO - Setting next_dagrun for latest_only_with_trigger to 2025-06-12 12:00:00+00:00, run_after=2025-06-12 16:00:00+00:00
[2025-06-12T18:59:51.130+0000] {processor.py:183} INFO - Processing /home/airflow/.local/lib/python3.8/site-packages/airflow/example_dags/example_latest_only_with_trigger.py took 0.222 seconds
[2025-06-12T19:00:22.164+0000] {processor.py:161} INFO - Started process (PID=2208) to work on /home/airflow/.local/lib/python3.8/site-packages/airflow/example_dags/example_latest_only_with_trigger.py
[2025-06-12T19:00:22.169+0000] {processor.py:830} INFO - Processing file /home/airflow/.local/lib/python3.8/site-packages/airflow/example_dags/example_latest_only_with_trigger.py for tasks to queue
[2025-06-12T19:00:22.178+0000] {logging_mixin.py:188} INFO - [2025-06-12T19:00:22.176+0000] {dagbag.py:538} INFO - Filling up the DagBag from /home/airflow/.local/lib/python3.8/site-packages/airflow/example_dags/example_latest_only_with_trigger.py
[2025-06-12T19:00:22.223+0000] {processor.py:840} INFO - DAG(s) 'latest_only_with_trigger' retrieved from /home/airflow/.local/lib/python3.8/site-packages/airflow/example_dags/example_latest_only_with_trigger.py
[2025-06-12T19:00:22.312+0000] {logging_mixin.py:188} INFO - [2025-06-12T19:00:22.311+0000] {dag.py:3036} INFO - Sync 1 DAGs
[2025-06-12T19:00:22.378+0000] {logging_mixin.py:188} INFO - [2025-06-12T19:00:22.377+0000] {dag.py:3823} INFO - Setting next_dagrun for latest_only_with_trigger to 2025-06-12 12:00:00+00:00, run_after=2025-06-12 16:00:00+00:00
[2025-06-12T19:00:22.466+0000] {processor.py:183} INFO - Processing /home/airflow/.local/lib/python3.8/site-packages/airflow/example_dags/example_latest_only_with_trigger.py took 0.325 seconds
[2025-06-12T19:00:54.100+0000] {processor.py:161} INFO - Started process (PID=2263) to work on /home/airflow/.local/lib/python3.8/site-packages/airflow/example_dags/example_latest_only_with_trigger.py
[2025-06-12T19:00:54.107+0000] {processor.py:830} INFO - Processing file /home/airflow/.local/lib/python3.8/site-packages/airflow/example_dags/example_latest_only_with_trigger.py for tasks to queue
[2025-06-12T19:00:54.112+0000] {logging_mixin.py:188} INFO - [2025-06-12T19:00:54.110+0000] {dagbag.py:538} INFO - Filling up the DagBag from /home/airflow/.local/lib/python3.8/site-packages/airflow/example_dags/example_latest_only_with_trigger.py
[2025-06-12T19:00:54.157+0000] {processor.py:840} INFO - DAG(s) 'latest_only_with_trigger' retrieved from /home/airflow/.local/lib/python3.8/site-packages/airflow/example_dags/example_latest_only_with_trigger.py
[2025-06-12T19:00:54.539+0000] {logging_mixin.py:188} INFO - [2025-06-12T19:00:54.529+0000] {dag.py:3036} INFO - Sync 1 DAGs
[2025-06-12T19:00:54.671+0000] {logging_mixin.py:188} INFO - [2025-06-12T19:00:54.670+0000] {dag.py:3823} INFO - Setting next_dagrun for latest_only_with_trigger to 2025-06-12 12:00:00+00:00, run_after=2025-06-12 16:00:00+00:00
[2025-06-12T19:00:54.766+0000] {processor.py:183} INFO - Processing /home/airflow/.local/lib/python3.8/site-packages/airflow/example_dags/example_latest_only_with_trigger.py took 0.686 seconds
[2025-06-12T19:01:25.406+0000] {processor.py:161} INFO - Started process (PID=2316) to work on /home/airflow/.local/lib/python3.8/site-packages/airflow/example_dags/example_latest_only_with_trigger.py
[2025-06-12T19:01:25.412+0000] {processor.py:830} INFO - Processing file /home/airflow/.local/lib/python3.8/site-packages/airflow/example_dags/example_latest_only_with_trigger.py for tasks to queue
[2025-06-12T19:01:25.422+0000] {logging_mixin.py:188} INFO - [2025-06-12T19:01:25.420+0000] {dagbag.py:538} INFO - Filling up the DagBag from /home/airflow/.local/lib/python3.8/site-packages/airflow/example_dags/example_latest_only_with_trigger.py
[2025-06-12T19:01:25.450+0000] {processor.py:840} INFO - DAG(s) 'latest_only_with_trigger' retrieved from /home/airflow/.local/lib/python3.8/site-packages/airflow/example_dags/example_latest_only_with_trigger.py
[2025-06-12T19:01:25.534+0000] {logging_mixin.py:188} INFO - [2025-06-12T19:01:25.534+0000] {dag.py:3036} INFO - Sync 1 DAGs
[2025-06-12T19:01:25.594+0000] {logging_mixin.py:188} INFO - [2025-06-12T19:01:25.594+0000] {dag.py:3823} INFO - Setting next_dagrun for latest_only_with_trigger to 2025-06-12 12:00:00+00:00, run_after=2025-06-12 16:00:00+00:00
[2025-06-12T19:01:25.652+0000] {processor.py:183} INFO - Processing /home/airflow/.local/lib/python3.8/site-packages/airflow/example_dags/example_latest_only_with_trigger.py took 0.268 seconds
[2025-06-12T19:01:55.971+0000] {processor.py:161} INFO - Started process (PID=2372) to work on /home/airflow/.local/lib/python3.8/site-packages/airflow/example_dags/example_latest_only_with_trigger.py
[2025-06-12T19:01:55.975+0000] {processor.py:830} INFO - Processing file /home/airflow/.local/lib/python3.8/site-packages/airflow/example_dags/example_latest_only_with_trigger.py for tasks to queue
[2025-06-12T19:01:55.979+0000] {logging_mixin.py:188} INFO - [2025-06-12T19:01:55.978+0000] {dagbag.py:538} INFO - Filling up the DagBag from /home/airflow/.local/lib/python3.8/site-packages/airflow/example_dags/example_latest_only_with_trigger.py
[2025-06-12T19:01:56.006+0000] {processor.py:840} INFO - DAG(s) 'latest_only_with_trigger' retrieved from /home/airflow/.local/lib/python3.8/site-packages/airflow/example_dags/example_latest_only_with_trigger.py
[2025-06-12T19:01:56.086+0000] {logging_mixin.py:188} INFO - [2025-06-12T19:01:56.086+0000] {dag.py:3036} INFO - Sync 1 DAGs
[2025-06-12T19:01:56.157+0000] {logging_mixin.py:188} INFO - [2025-06-12T19:01:56.157+0000] {dag.py:3823} INFO - Setting next_dagrun for latest_only_with_trigger to 2025-06-12 12:00:00+00:00, run_after=2025-06-12 16:00:00+00:00
[2025-06-12T19:01:56.224+0000] {processor.py:183} INFO - Processing /home/airflow/.local/lib/python3.8/site-packages/airflow/example_dags/example_latest_only_with_trigger.py took 0.263 seconds
[2025-06-12T19:02:26.829+0000] {processor.py:161} INFO - Started process (PID=2427) to work on /home/airflow/.local/lib/python3.8/site-packages/airflow/example_dags/example_latest_only_with_trigger.py
[2025-06-12T19:02:26.832+0000] {processor.py:830} INFO - Processing file /home/airflow/.local/lib/python3.8/site-packages/airflow/example_dags/example_latest_only_with_trigger.py for tasks to queue
[2025-06-12T19:02:26.835+0000] {logging_mixin.py:188} INFO - [2025-06-12T19:02:26.834+0000] {dagbag.py:538} INFO - Filling up the DagBag from /home/airflow/.local/lib/python3.8/site-packages/airflow/example_dags/example_latest_only_with_trigger.py
[2025-06-12T19:02:26.854+0000] {processor.py:840} INFO - DAG(s) 'latest_only_with_trigger' retrieved from /home/airflow/.local/lib/python3.8/site-packages/airflow/example_dags/example_latest_only_with_trigger.py
[2025-06-12T19:02:26.928+0000] {logging_mixin.py:188} INFO - [2025-06-12T19:02:26.928+0000] {dag.py:3036} INFO - Sync 1 DAGs
[2025-06-12T19:02:26.977+0000] {logging_mixin.py:188} INFO - [2025-06-12T19:02:26.976+0000] {dag.py:3823} INFO - Setting next_dagrun for latest_only_with_trigger to 2025-06-12 12:00:00+00:00, run_after=2025-06-12 16:00:00+00:00
[2025-06-12T19:02:27.023+0000] {processor.py:183} INFO - Processing /home/airflow/.local/lib/python3.8/site-packages/airflow/example_dags/example_latest_only_with_trigger.py took 0.203 seconds
[2025-06-12T19:02:57.553+0000] {processor.py:161} INFO - Started process (PID=2482) to work on /home/airflow/.local/lib/python3.8/site-packages/airflow/example_dags/example_latest_only_with_trigger.py
[2025-06-12T19:02:57.556+0000] {processor.py:830} INFO - Processing file /home/airflow/.local/lib/python3.8/site-packages/airflow/example_dags/example_latest_only_with_trigger.py for tasks to queue
[2025-06-12T19:02:57.559+0000] {logging_mixin.py:188} INFO - [2025-06-12T19:02:57.558+0000] {dagbag.py:538} INFO - Filling up the DagBag from /home/airflow/.local/lib/python3.8/site-packages/airflow/example_dags/example_latest_only_with_trigger.py
[2025-06-12T19:02:57.581+0000] {processor.py:840} INFO - DAG(s) 'latest_only_with_trigger' retrieved from /home/airflow/.local/lib/python3.8/site-packages/airflow/example_dags/example_latest_only_with_trigger.py
[2025-06-12T19:02:57.656+0000] {logging_mixin.py:188} INFO - [2025-06-12T19:02:57.655+0000] {dag.py:3036} INFO - Sync 1 DAGs
[2025-06-12T19:02:57.717+0000] {logging_mixin.py:188} INFO - [2025-06-12T19:02:57.716+0000] {dag.py:3823} INFO - Setting next_dagrun for latest_only_with_trigger to 2025-06-12 12:00:00+00:00, run_after=2025-06-12 16:00:00+00:00
[2025-06-12T19:02:57.763+0000] {processor.py:183} INFO - Processing /home/airflow/.local/lib/python3.8/site-packages/airflow/example_dags/example_latest_only_with_trigger.py took 0.222 seconds
[2025-06-12T19:03:27.906+0000] {processor.py:161} INFO - Started process (PID=2536) to work on /home/airflow/.local/lib/python3.8/site-packages/airflow/example_dags/example_latest_only_with_trigger.py
[2025-06-12T19:03:27.910+0000] {processor.py:830} INFO - Processing file /home/airflow/.local/lib/python3.8/site-packages/airflow/example_dags/example_latest_only_with_trigger.py for tasks to queue
[2025-06-12T19:03:27.913+0000] {logging_mixin.py:188} INFO - [2025-06-12T19:03:27.912+0000] {dagbag.py:538} INFO - Filling up the DagBag from /home/airflow/.local/lib/python3.8/site-packages/airflow/example_dags/example_latest_only_with_trigger.py
[2025-06-12T19:03:27.934+0000] {processor.py:840} INFO - DAG(s) 'latest_only_with_trigger' retrieved from /home/airflow/.local/lib/python3.8/site-packages/airflow/example_dags/example_latest_only_with_trigger.py
[2025-06-12T19:03:27.995+0000] {logging_mixin.py:188} INFO - [2025-06-12T19:03:27.995+0000] {dag.py:3036} INFO - Sync 1 DAGs
[2025-06-12T19:03:28.489+0000] {logging_mixin.py:188} INFO - [2025-06-12T19:03:28.488+0000] {dag.py:3823} INFO - Setting next_dagrun for latest_only_with_trigger to 2025-06-12 12:00:00+00:00, run_after=2025-06-12 16:00:00+00:00
[2025-06-12T19:03:28.540+0000] {processor.py:183} INFO - Processing /home/airflow/.local/lib/python3.8/site-packages/airflow/example_dags/example_latest_only_with_trigger.py took 0.645 seconds
[2025-06-12T19:03:58.761+0000] {processor.py:161} INFO - Started process (PID=2591) to work on /home/airflow/.local/lib/python3.8/site-packages/airflow/example_dags/example_latest_only_with_trigger.py
[2025-06-12T19:03:58.764+0000] {processor.py:830} INFO - Processing file /home/airflow/.local/lib/python3.8/site-packages/airflow/example_dags/example_latest_only_with_trigger.py for tasks to queue
[2025-06-12T19:03:58.769+0000] {logging_mixin.py:188} INFO - [2025-06-12T19:03:58.767+0000] {dagbag.py:538} INFO - Filling up the DagBag from /home/airflow/.local/lib/python3.8/site-packages/airflow/example_dags/example_latest_only_with_trigger.py
[2025-06-12T19:03:58.793+0000] {processor.py:840} INFO - DAG(s) 'latest_only_with_trigger' retrieved from /home/airflow/.local/lib/python3.8/site-packages/airflow/example_dags/example_latest_only_with_trigger.py
[2025-06-12T19:03:58.870+0000] {logging_mixin.py:188} INFO - [2025-06-12T19:03:58.870+0000] {dag.py:3036} INFO - Sync 1 DAGs
[2025-06-12T19:03:58.941+0000] {logging_mixin.py:188} INFO - [2025-06-12T19:03:58.940+0000] {dag.py:3823} INFO - Setting next_dagrun for latest_only_with_trigger to 2025-06-12 12:00:00+00:00, run_after=2025-06-12 16:00:00+00:00
[2025-06-12T19:03:59.507+0000] {processor.py:183} INFO - Processing /home/airflow/.local/lib/python3.8/site-packages/airflow/example_dags/example_latest_only_with_trigger.py took 0.756 seconds
[2025-06-12T19:04:29.808+0000] {processor.py:161} INFO - Started process (PID=2647) to work on /home/airflow/.local/lib/python3.8/site-packages/airflow/example_dags/example_latest_only_with_trigger.py
[2025-06-12T19:04:29.813+0000] {processor.py:830} INFO - Processing file /home/airflow/.local/lib/python3.8/site-packages/airflow/example_dags/example_latest_only_with_trigger.py for tasks to queue
[2025-06-12T19:04:29.817+0000] {logging_mixin.py:188} INFO - [2025-06-12T19:04:29.815+0000] {dagbag.py:538} INFO - Filling up the DagBag from /home/airflow/.local/lib/python3.8/site-packages/airflow/example_dags/example_latest_only_with_trigger.py
[2025-06-12T19:04:29.840+0000] {processor.py:840} INFO - DAG(s) 'latest_only_with_trigger' retrieved from /home/airflow/.local/lib/python3.8/site-packages/airflow/example_dags/example_latest_only_with_trigger.py
[2025-06-12T19:04:29.946+0000] {logging_mixin.py:188} INFO - [2025-06-12T19:04:29.945+0000] {dag.py:3036} INFO - Sync 1 DAGs
[2025-06-12T19:04:30.034+0000] {logging_mixin.py:188} INFO - [2025-06-12T19:04:30.033+0000] {dag.py:3823} INFO - Setting next_dagrun for latest_only_with_trigger to 2025-06-12 12:00:00+00:00, run_after=2025-06-12 16:00:00+00:00
[2025-06-12T19:04:30.094+0000] {processor.py:183} INFO - Processing /home/airflow/.local/lib/python3.8/site-packages/airflow/example_dags/example_latest_only_with_trigger.py took 0.302 seconds
[2025-06-12T19:05:00.733+0000] {processor.py:161} INFO - Started process (PID=2703) to work on /home/airflow/.local/lib/python3.8/site-packages/airflow/example_dags/example_latest_only_with_trigger.py
[2025-06-12T19:05:00.737+0000] {processor.py:830} INFO - Processing file /home/airflow/.local/lib/python3.8/site-packages/airflow/example_dags/example_latest_only_with_trigger.py for tasks to queue
[2025-06-12T19:05:00.740+0000] {logging_mixin.py:188} INFO - [2025-06-12T19:05:00.740+0000] {dagbag.py:538} INFO - Filling up the DagBag from /home/airflow/.local/lib/python3.8/site-packages/airflow/example_dags/example_latest_only_with_trigger.py
[2025-06-12T19:05:00.770+0000] {processor.py:840} INFO - DAG(s) 'latest_only_with_trigger' retrieved from /home/airflow/.local/lib/python3.8/site-packages/airflow/example_dags/example_latest_only_with_trigger.py
[2025-06-12T19:05:00.850+0000] {logging_mixin.py:188} INFO - [2025-06-12T19:05:00.849+0000] {dag.py:3036} INFO - Sync 1 DAGs
[2025-06-12T19:05:00.933+0000] {logging_mixin.py:188} INFO - [2025-06-12T19:05:00.932+0000] {dag.py:3823} INFO - Setting next_dagrun for latest_only_with_trigger to 2025-06-12 12:00:00+00:00, run_after=2025-06-12 16:00:00+00:00
[2025-06-12T19:05:00.985+0000] {processor.py:183} INFO - Processing /home/airflow/.local/lib/python3.8/site-packages/airflow/example_dags/example_latest_only_with_trigger.py took 0.264 seconds
[2025-06-12T19:05:31.349+0000] {processor.py:161} INFO - Started process (PID=2759) to work on /home/airflow/.local/lib/python3.8/site-packages/airflow/example_dags/example_latest_only_with_trigger.py
[2025-06-12T19:05:31.354+0000] {processor.py:830} INFO - Processing file /home/airflow/.local/lib/python3.8/site-packages/airflow/example_dags/example_latest_only_with_trigger.py for tasks to queue
[2025-06-12T19:05:31.358+0000] {logging_mixin.py:188} INFO - [2025-06-12T19:05:31.357+0000] {dagbag.py:538} INFO - Filling up the DagBag from /home/airflow/.local/lib/python3.8/site-packages/airflow/example_dags/example_latest_only_with_trigger.py
[2025-06-12T19:05:31.393+0000] {processor.py:840} INFO - DAG(s) 'latest_only_with_trigger' retrieved from /home/airflow/.local/lib/python3.8/site-packages/airflow/example_dags/example_latest_only_with_trigger.py
[2025-06-12T19:05:31.467+0000] {logging_mixin.py:188} INFO - [2025-06-12T19:05:31.466+0000] {dag.py:3036} INFO - Sync 1 DAGs
[2025-06-12T19:05:31.527+0000] {logging_mixin.py:188} INFO - [2025-06-12T19:05:31.527+0000] {dag.py:3823} INFO - Setting next_dagrun for latest_only_with_trigger to 2025-06-12 12:00:00+00:00, run_after=2025-06-12 16:00:00+00:00
[2025-06-12T19:05:31.576+0000] {processor.py:183} INFO - Processing /home/airflow/.local/lib/python3.8/site-packages/airflow/example_dags/example_latest_only_with_trigger.py took 0.241 seconds
[2025-06-12T19:06:02.587+0000] {processor.py:161} INFO - Started process (PID=2814) to work on /home/airflow/.local/lib/python3.8/site-packages/airflow/example_dags/example_latest_only_with_trigger.py
[2025-06-12T19:06:02.591+0000] {processor.py:830} INFO - Processing file /home/airflow/.local/lib/python3.8/site-packages/airflow/example_dags/example_latest_only_with_trigger.py for tasks to queue
[2025-06-12T19:06:02.595+0000] {logging_mixin.py:188} INFO - [2025-06-12T19:06:02.594+0000] {dagbag.py:538} INFO - Filling up the DagBag from /home/airflow/.local/lib/python3.8/site-packages/airflow/example_dags/example_latest_only_with_trigger.py
[2025-06-12T19:06:02.615+0000] {processor.py:840} INFO - DAG(s) 'latest_only_with_trigger' retrieved from /home/airflow/.local/lib/python3.8/site-packages/airflow/example_dags/example_latest_only_with_trigger.py
[2025-06-12T19:06:03.095+0000] {logging_mixin.py:188} INFO - [2025-06-12T19:06:03.095+0000] {dag.py:3036} INFO - Sync 1 DAGs
[2025-06-12T19:06:03.134+0000] {logging_mixin.py:188} INFO - [2025-06-12T19:06:03.134+0000] {dag.py:3823} INFO - Setting next_dagrun for latest_only_with_trigger to 2025-06-12 12:00:00+00:00, run_after=2025-06-12 16:00:00+00:00
[2025-06-12T19:06:03.175+0000] {processor.py:183} INFO - Processing /home/airflow/.local/lib/python3.8/site-packages/airflow/example_dags/example_latest_only_with_trigger.py took 0.600 seconds
[2025-06-12T19:06:33.944+0000] {processor.py:161} INFO - Started process (PID=2869) to work on /home/airflow/.local/lib/python3.8/site-packages/airflow/example_dags/example_latest_only_with_trigger.py
[2025-06-12T19:06:33.947+0000] {processor.py:830} INFO - Processing file /home/airflow/.local/lib/python3.8/site-packages/airflow/example_dags/example_latest_only_with_trigger.py for tasks to queue
[2025-06-12T19:06:33.951+0000] {logging_mixin.py:188} INFO - [2025-06-12T19:06:33.950+0000] {dagbag.py:538} INFO - Filling up the DagBag from /home/airflow/.local/lib/python3.8/site-packages/airflow/example_dags/example_latest_only_with_trigger.py
[2025-06-12T19:06:33.972+0000] {processor.py:840} INFO - DAG(s) 'latest_only_with_trigger' retrieved from /home/airflow/.local/lib/python3.8/site-packages/airflow/example_dags/example_latest_only_with_trigger.py
[2025-06-12T19:06:34.037+0000] {logging_mixin.py:188} INFO - [2025-06-12T19:06:34.036+0000] {dag.py:3036} INFO - Sync 1 DAGs
[2025-06-12T19:06:34.550+0000] {logging_mixin.py:188} INFO - [2025-06-12T19:06:34.550+0000] {dag.py:3823} INFO - Setting next_dagrun for latest_only_with_trigger to 2025-06-12 12:00:00+00:00, run_after=2025-06-12 16:00:00+00:00
[2025-06-12T19:06:34.608+0000] {processor.py:183} INFO - Processing /home/airflow/.local/lib/python3.8/site-packages/airflow/example_dags/example_latest_only_with_trigger.py took 0.675 seconds
