[2025-06-12T18:35:03.238+0000] {processor.py:161} INFO - Started process (PID=81) to work on /home/airflow/.local/lib/python3.8/site-packages/airflow/example_dags/example_dag_decorator.py
[2025-06-12T18:35:03.263+0000] {processor.py:830} INFO - Processing file /home/airflow/.local/lib/python3.8/site-packages/airflow/example_dags/example_dag_decorator.py for tasks to queue
[2025-06-12T18:35:03.304+0000] {logging_mixin.py:188} INFO - [2025-06-12T18:35:03.301+0000] {dagbag.py:538} INFO - Filling up the DagBag from /home/airflow/.local/lib/python3.8/site-packages/airflow/example_dags/example_dag_decorator.py
[2025-06-12T18:35:04.604+0000] {processor.py:840} INFO - DAG(s) 'example_dag_decorator' retrieved from /home/airflow/.local/lib/python3.8/site-packages/airflow/example_dags/example_dag_decorator.py
[2025-06-12T18:35:05.020+0000] {logging_mixin.py:188} INFO - [2025-06-12T18:35:05.019+0000] {dag.py:3036} INFO - Sync 1 DAGs
[2025-06-12T18:35:05.115+0000] {logging_mixin.py:188} INFO - [2025-06-12T18:35:05.114+0000] {dag.py:3823} INFO - Setting next_dagrun for example_dag_decorator to None, run_after=None
[2025-06-12T18:35:05.218+0000] {processor.py:183} INFO - Processing /home/airflow/.local/lib/python3.8/site-packages/airflow/example_dags/example_dag_decorator.py took 2.072 seconds
[2025-06-12T18:35:37.435+0000] {processor.py:161} INFO - Started process (PID=136) to work on /home/airflow/.local/lib/python3.8/site-packages/airflow/example_dags/example_dag_decorator.py
[2025-06-12T18:35:37.452+0000] {processor.py:830} INFO - Processing file /home/airflow/.local/lib/python3.8/site-packages/airflow/example_dags/example_dag_decorator.py for tasks to queue
[2025-06-12T18:35:37.477+0000] {logging_mixin.py:188} INFO - [2025-06-12T18:35:37.475+0000] {dagbag.py:538} INFO - Filling up the DagBag from /home/airflow/.local/lib/python3.8/site-packages/airflow/example_dags/example_dag_decorator.py
[2025-06-12T18:35:38.466+0000] {processor.py:840} INFO - DAG(s) 'example_dag_decorator' retrieved from /home/airflow/.local/lib/python3.8/site-packages/airflow/example_dags/example_dag_decorator.py
[2025-06-12T18:35:39.529+0000] {logging_mixin.py:188} INFO - [2025-06-12T18:35:39.526+0000] {dag.py:3036} INFO - Sync 1 DAGs
[2025-06-12T18:35:39.622+0000] {logging_mixin.py:188} INFO - [2025-06-12T18:35:39.621+0000] {dag.py:3823} INFO - Setting next_dagrun for example_dag_decorator to None, run_after=None
[2025-06-12T18:35:40.628+0000] {processor.py:183} INFO - Processing /home/airflow/.local/lib/python3.8/site-packages/airflow/example_dags/example_dag_decorator.py took 3.232 seconds
[2025-06-12T18:36:11.329+0000] {processor.py:161} INFO - Started process (PID=189) to work on /home/airflow/.local/lib/python3.8/site-packages/airflow/example_dags/example_dag_decorator.py
[2025-06-12T18:36:11.331+0000] {processor.py:830} INFO - Processing file /home/airflow/.local/lib/python3.8/site-packages/airflow/example_dags/example_dag_decorator.py for tasks to queue
[2025-06-12T18:36:11.335+0000] {logging_mixin.py:188} INFO - [2025-06-12T18:36:11.334+0000] {dagbag.py:538} INFO - Filling up the DagBag from /home/airflow/.local/lib/python3.8/site-packages/airflow/example_dags/example_dag_decorator.py
[2025-06-12T18:36:11.654+0000] {processor.py:840} INFO - DAG(s) 'example_dag_decorator' retrieved from /home/airflow/.local/lib/python3.8/site-packages/airflow/example_dags/example_dag_decorator.py
[2025-06-12T18:36:11.676+0000] {logging_mixin.py:188} INFO - [2025-06-12T18:36:11.675+0000] {dag.py:3036} INFO - Sync 1 DAGs
[2025-06-12T18:36:11.695+0000] {logging_mixin.py:188} INFO - [2025-06-12T18:36:11.695+0000] {dag.py:3823} INFO - Setting next_dagrun for example_dag_decorator to None, run_after=None
[2025-06-12T18:36:11.729+0000] {processor.py:183} INFO - Processing /home/airflow/.local/lib/python3.8/site-packages/airflow/example_dags/example_dag_decorator.py took 0.406 seconds
[2025-06-12T18:36:42.182+0000] {processor.py:161} INFO - Started process (PID=244) to work on /home/airflow/.local/lib/python3.8/site-packages/airflow/example_dags/example_dag_decorator.py
[2025-06-12T18:36:42.184+0000] {processor.py:830} INFO - Processing file /home/airflow/.local/lib/python3.8/site-packages/airflow/example_dags/example_dag_decorator.py for tasks to queue
[2025-06-12T18:36:42.190+0000] {logging_mixin.py:188} INFO - [2025-06-12T18:36:42.189+0000] {dagbag.py:538} INFO - Filling up the DagBag from /home/airflow/.local/lib/python3.8/site-packages/airflow/example_dags/example_dag_decorator.py
[2025-06-12T18:36:42.836+0000] {processor.py:840} INFO - DAG(s) 'example_dag_decorator' retrieved from /home/airflow/.local/lib/python3.8/site-packages/airflow/example_dags/example_dag_decorator.py
[2025-06-12T18:36:43.000+0000] {logging_mixin.py:188} INFO - [2025-06-12T18:36:42.999+0000] {dag.py:3036} INFO - Sync 1 DAGs
[2025-06-12T18:36:43.016+0000] {logging_mixin.py:188} INFO - [2025-06-12T18:36:43.016+0000] {dag.py:3823} INFO - Setting next_dagrun for example_dag_decorator to None, run_after=None
[2025-06-12T18:36:43.053+0000] {processor.py:183} INFO - Processing /home/airflow/.local/lib/python3.8/site-packages/airflow/example_dags/example_dag_decorator.py took 0.882 seconds
[2025-06-12T18:37:13.414+0000] {processor.py:161} INFO - Started process (PID=301) to work on /home/airflow/.local/lib/python3.8/site-packages/airflow/example_dags/example_dag_decorator.py
[2025-06-12T18:37:13.428+0000] {processor.py:830} INFO - Processing file /home/airflow/.local/lib/python3.8/site-packages/airflow/example_dags/example_dag_decorator.py for tasks to queue
[2025-06-12T18:37:13.437+0000] {logging_mixin.py:188} INFO - [2025-06-12T18:37:13.435+0000] {dagbag.py:538} INFO - Filling up the DagBag from /home/airflow/.local/lib/python3.8/site-packages/airflow/example_dags/example_dag_decorator.py
[2025-06-12T18:37:13.915+0000] {processor.py:840} INFO - DAG(s) 'example_dag_decorator' retrieved from /home/airflow/.local/lib/python3.8/site-packages/airflow/example_dags/example_dag_decorator.py
[2025-06-12T18:37:14.163+0000] {logging_mixin.py:188} INFO - [2025-06-12T18:37:14.162+0000] {dag.py:3036} INFO - Sync 1 DAGs
[2025-06-12T18:37:14.180+0000] {logging_mixin.py:188} INFO - [2025-06-12T18:37:14.179+0000] {dag.py:3823} INFO - Setting next_dagrun for example_dag_decorator to None, run_after=None
[2025-06-12T18:37:14.226+0000] {processor.py:183} INFO - Processing /home/airflow/.local/lib/python3.8/site-packages/airflow/example_dags/example_dag_decorator.py took 0.834 seconds
[2025-06-12T18:37:45.219+0000] {processor.py:161} INFO - Started process (PID=356) to work on /home/airflow/.local/lib/python3.8/site-packages/airflow/example_dags/example_dag_decorator.py
[2025-06-12T18:37:45.222+0000] {processor.py:830} INFO - Processing file /home/airflow/.local/lib/python3.8/site-packages/airflow/example_dags/example_dag_decorator.py for tasks to queue
[2025-06-12T18:37:45.229+0000] {logging_mixin.py:188} INFO - [2025-06-12T18:37:45.227+0000] {dagbag.py:538} INFO - Filling up the DagBag from /home/airflow/.local/lib/python3.8/site-packages/airflow/example_dags/example_dag_decorator.py
[2025-06-12T18:37:45.472+0000] {processor.py:840} INFO - DAG(s) 'example_dag_decorator' retrieved from /home/airflow/.local/lib/python3.8/site-packages/airflow/example_dags/example_dag_decorator.py
[2025-06-12T18:37:45.744+0000] {logging_mixin.py:188} INFO - [2025-06-12T18:37:45.744+0000] {dag.py:3036} INFO - Sync 1 DAGs
[2025-06-12T18:37:45.763+0000] {logging_mixin.py:188} INFO - [2025-06-12T18:37:45.763+0000] {dag.py:3823} INFO - Setting next_dagrun for example_dag_decorator to None, run_after=None
[2025-06-12T18:37:45.796+0000] {processor.py:183} INFO - Processing /home/airflow/.local/lib/python3.8/site-packages/airflow/example_dags/example_dag_decorator.py took 0.586 seconds
[2025-06-12T18:38:15.946+0000] {processor.py:161} INFO - Started process (PID=419) to work on /home/airflow/.local/lib/python3.8/site-packages/airflow/example_dags/example_dag_decorator.py
[2025-06-12T18:38:15.950+0000] {processor.py:830} INFO - Processing file /home/airflow/.local/lib/python3.8/site-packages/airflow/example_dags/example_dag_decorator.py for tasks to queue
[2025-06-12T18:38:15.955+0000] {logging_mixin.py:188} INFO - [2025-06-12T18:38:15.954+0000] {dagbag.py:538} INFO - Filling up the DagBag from /home/airflow/.local/lib/python3.8/site-packages/airflow/example_dags/example_dag_decorator.py
[2025-06-12T18:38:16.402+0000] {processor.py:840} INFO - DAG(s) 'example_dag_decorator' retrieved from /home/airflow/.local/lib/python3.8/site-packages/airflow/example_dags/example_dag_decorator.py
[2025-06-12T18:38:16.794+0000] {logging_mixin.py:188} INFO - [2025-06-12T18:38:16.793+0000] {dag.py:3036} INFO - Sync 1 DAGs
[2025-06-12T18:38:16.817+0000] {logging_mixin.py:188} INFO - [2025-06-12T18:38:16.816+0000] {dag.py:3823} INFO - Setting next_dagrun for example_dag_decorator to None, run_after=None
[2025-06-12T18:38:16.880+0000] {processor.py:183} INFO - Processing /home/airflow/.local/lib/python3.8/site-packages/airflow/example_dags/example_dag_decorator.py took 0.943 seconds
[2025-06-12T18:38:46.956+0000] {processor.py:161} INFO - Started process (PID=476) to work on /home/airflow/.local/lib/python3.8/site-packages/airflow/example_dags/example_dag_decorator.py
[2025-06-12T18:38:46.958+0000] {processor.py:830} INFO - Processing file /home/airflow/.local/lib/python3.8/site-packages/airflow/example_dags/example_dag_decorator.py for tasks to queue
[2025-06-12T18:38:46.961+0000] {logging_mixin.py:188} INFO - [2025-06-12T18:38:46.961+0000] {dagbag.py:538} INFO - Filling up the DagBag from /home/airflow/.local/lib/python3.8/site-packages/airflow/example_dags/example_dag_decorator.py
[2025-06-12T18:38:47.163+0000] {processor.py:840} INFO - DAG(s) 'example_dag_decorator' retrieved from /home/airflow/.local/lib/python3.8/site-packages/airflow/example_dags/example_dag_decorator.py
[2025-06-12T18:38:47.516+0000] {logging_mixin.py:188} INFO - [2025-06-12T18:38:47.516+0000] {dag.py:3036} INFO - Sync 1 DAGs
[2025-06-12T18:38:47.531+0000] {logging_mixin.py:188} INFO - [2025-06-12T18:38:47.531+0000] {dag.py:3823} INFO - Setting next_dagrun for example_dag_decorator to None, run_after=None
[2025-06-12T18:38:47.565+0000] {processor.py:183} INFO - Processing /home/airflow/.local/lib/python3.8/site-packages/airflow/example_dags/example_dag_decorator.py took 0.615 seconds
[2025-06-12T18:39:18.167+0000] {processor.py:161} INFO - Started process (PID=531) to work on /home/airflow/.local/lib/python3.8/site-packages/airflow/example_dags/example_dag_decorator.py
[2025-06-12T18:39:18.170+0000] {processor.py:830} INFO - Processing file /home/airflow/.local/lib/python3.8/site-packages/airflow/example_dags/example_dag_decorator.py for tasks to queue
[2025-06-12T18:39:18.173+0000] {logging_mixin.py:188} INFO - [2025-06-12T18:39:18.172+0000] {dagbag.py:538} INFO - Filling up the DagBag from /home/airflow/.local/lib/python3.8/site-packages/airflow/example_dags/example_dag_decorator.py
[2025-06-12T18:39:18.422+0000] {processor.py:840} INFO - DAG(s) 'example_dag_decorator' retrieved from /home/airflow/.local/lib/python3.8/site-packages/airflow/example_dags/example_dag_decorator.py
[2025-06-12T18:39:18.474+0000] {logging_mixin.py:188} INFO - [2025-06-12T18:39:18.474+0000] {dag.py:3036} INFO - Sync 1 DAGs
[2025-06-12T18:39:18.492+0000] {logging_mixin.py:188} INFO - [2025-06-12T18:39:18.492+0000] {dag.py:3823} INFO - Setting next_dagrun for example_dag_decorator to None, run_after=None
[2025-06-12T18:39:18.530+0000] {processor.py:183} INFO - Processing /home/airflow/.local/lib/python3.8/site-packages/airflow/example_dags/example_dag_decorator.py took 0.371 seconds
[2025-06-12T18:39:49.042+0000] {processor.py:161} INFO - Started process (PID=586) to work on /home/airflow/.local/lib/python3.8/site-packages/airflow/example_dags/example_dag_decorator.py
[2025-06-12T18:39:49.044+0000] {processor.py:830} INFO - Processing file /home/airflow/.local/lib/python3.8/site-packages/airflow/example_dags/example_dag_decorator.py for tasks to queue
[2025-06-12T18:39:49.049+0000] {logging_mixin.py:188} INFO - [2025-06-12T18:39:49.048+0000] {dagbag.py:538} INFO - Filling up the DagBag from /home/airflow/.local/lib/python3.8/site-packages/airflow/example_dags/example_dag_decorator.py
[2025-06-12T18:39:49.258+0000] {processor.py:840} INFO - DAG(s) 'example_dag_decorator' retrieved from /home/airflow/.local/lib/python3.8/site-packages/airflow/example_dags/example_dag_decorator.py
[2025-06-12T18:39:49.524+0000] {logging_mixin.py:188} INFO - [2025-06-12T18:39:49.523+0000] {dag.py:3036} INFO - Sync 1 DAGs
[2025-06-12T18:39:49.564+0000] {logging_mixin.py:188} INFO - [2025-06-12T18:39:49.563+0000] {dag.py:3823} INFO - Setting next_dagrun for example_dag_decorator to None, run_after=None
[2025-06-12T18:39:49.597+0000] {processor.py:183} INFO - Processing /home/airflow/.local/lib/python3.8/site-packages/airflow/example_dags/example_dag_decorator.py took 0.563 seconds
[2025-06-12T18:40:31.381+0000] {processor.py:161} INFO - Started process (PID=631) to work on /home/airflow/.local/lib/python3.8/site-packages/airflow/example_dags/example_dag_decorator.py
[2025-06-12T18:40:31.384+0000] {processor.py:830} INFO - Processing file /home/airflow/.local/lib/python3.8/site-packages/airflow/example_dags/example_dag_decorator.py for tasks to queue
[2025-06-12T18:40:31.388+0000] {logging_mixin.py:188} INFO - [2025-06-12T18:40:31.388+0000] {dagbag.py:538} INFO - Filling up the DagBag from /home/airflow/.local/lib/python3.8/site-packages/airflow/example_dags/example_dag_decorator.py
[2025-06-12T18:40:31.301+0000] {processor.py:840} INFO - DAG(s) 'example_dag_decorator' retrieved from /home/airflow/.local/lib/python3.8/site-packages/airflow/example_dags/example_dag_decorator.py
[2025-06-12T18:40:32.035+0000] {logging_mixin.py:188} INFO - [2025-06-12T18:40:32.028+0000] {dag.py:3036} INFO - Sync 1 DAGs
[2025-06-12T18:40:32.071+0000] {logging_mixin.py:188} INFO - [2025-06-12T18:40:32.070+0000] {dag.py:3823} INFO - Setting next_dagrun for example_dag_decorator to None, run_after=None
[2025-06-12T18:40:32.160+0000] {processor.py:183} INFO - Processing /home/airflow/.local/lib/python3.8/site-packages/airflow/example_dags/example_dag_decorator.py took 1.418 seconds
[2025-06-12T18:46:12.912+0000] {processor.py:161} INFO - Started process (PID=694) to work on /home/airflow/.local/lib/python3.8/site-packages/airflow/example_dags/example_dag_decorator.py
[2025-06-12T18:46:12.915+0000] {processor.py:830} INFO - Processing file /home/airflow/.local/lib/python3.8/site-packages/airflow/example_dags/example_dag_decorator.py for tasks to queue
[2025-06-12T18:46:12.917+0000] {logging_mixin.py:188} INFO - [2025-06-12T18:46:12.916+0000] {dagbag.py:538} INFO - Filling up the DagBag from /home/airflow/.local/lib/python3.8/site-packages/airflow/example_dags/example_dag_decorator.py
[2025-06-12T18:46:13.296+0000] {processor.py:840} INFO - DAG(s) 'example_dag_decorator' retrieved from /home/airflow/.local/lib/python3.8/site-packages/airflow/example_dags/example_dag_decorator.py
[2025-06-12T18:46:13.708+0000] {logging_mixin.py:188} INFO - [2025-06-12T18:46:13.708+0000] {dag.py:3036} INFO - Sync 1 DAGs
[2025-06-12T18:46:13.736+0000] {logging_mixin.py:188} INFO - [2025-06-12T18:46:13.736+0000] {dag.py:3823} INFO - Setting next_dagrun for example_dag_decorator to None, run_after=None
[2025-06-12T18:46:13.789+0000] {processor.py:183} INFO - Processing /home/airflow/.local/lib/python3.8/site-packages/airflow/example_dags/example_dag_decorator.py took 0.884 seconds
[2025-06-12T18:46:43.914+0000] {processor.py:161} INFO - Started process (PID=751) to work on /home/airflow/.local/lib/python3.8/site-packages/airflow/example_dags/example_dag_decorator.py
[2025-06-12T18:46:43.917+0000] {processor.py:830} INFO - Processing file /home/airflow/.local/lib/python3.8/site-packages/airflow/example_dags/example_dag_decorator.py for tasks to queue
[2025-06-12T18:46:43.919+0000] {logging_mixin.py:188} INFO - [2025-06-12T18:46:43.918+0000] {dagbag.py:538} INFO - Filling up the DagBag from /home/airflow/.local/lib/python3.8/site-packages/airflow/example_dags/example_dag_decorator.py
[2025-06-12T18:46:44.208+0000] {processor.py:840} INFO - DAG(s) 'example_dag_decorator' retrieved from /home/airflow/.local/lib/python3.8/site-packages/airflow/example_dags/example_dag_decorator.py
[2025-06-12T18:46:44.489+0000] {logging_mixin.py:188} INFO - [2025-06-12T18:46:44.488+0000] {dag.py:3036} INFO - Sync 1 DAGs
[2025-06-12T18:46:44.510+0000] {logging_mixin.py:188} INFO - [2025-06-12T18:46:44.510+0000] {dag.py:3823} INFO - Setting next_dagrun for example_dag_decorator to None, run_after=None
[2025-06-12T18:46:44.548+0000] {processor.py:183} INFO - Processing /home/airflow/.local/lib/python3.8/site-packages/airflow/example_dags/example_dag_decorator.py took 0.640 seconds
[2025-06-12T18:47:14.614+0000] {processor.py:161} INFO - Started process (PID=805) to work on /home/airflow/.local/lib/python3.8/site-packages/airflow/example_dags/example_dag_decorator.py
[2025-06-12T18:47:14.616+0000] {processor.py:830} INFO - Processing file /home/airflow/.local/lib/python3.8/site-packages/airflow/example_dags/example_dag_decorator.py for tasks to queue
[2025-06-12T18:47:14.619+0000] {logging_mixin.py:188} INFO - [2025-06-12T18:47:14.618+0000] {dagbag.py:538} INFO - Filling up the DagBag from /home/airflow/.local/lib/python3.8/site-packages/airflow/example_dags/example_dag_decorator.py
[2025-06-12T18:47:14.805+0000] {processor.py:840} INFO - DAG(s) 'example_dag_decorator' retrieved from /home/airflow/.local/lib/python3.8/site-packages/airflow/example_dags/example_dag_decorator.py
[2025-06-12T18:47:14.992+0000] {logging_mixin.py:188} INFO - [2025-06-12T18:47:14.991+0000] {dag.py:3036} INFO - Sync 1 DAGs
[2025-06-12T18:47:15.022+0000] {logging_mixin.py:188} INFO - [2025-06-12T18:47:15.022+0000] {dag.py:3823} INFO - Setting next_dagrun for example_dag_decorator to None, run_after=None
[2025-06-12T18:47:15.066+0000] {processor.py:183} INFO - Processing /home/airflow/.local/lib/python3.8/site-packages/airflow/example_dags/example_dag_decorator.py took 0.458 seconds
[2025-06-12T18:47:45.761+0000] {processor.py:161} INFO - Started process (PID=859) to work on /home/airflow/.local/lib/python3.8/site-packages/airflow/example_dags/example_dag_decorator.py
[2025-06-12T18:47:45.764+0000] {processor.py:830} INFO - Processing file /home/airflow/.local/lib/python3.8/site-packages/airflow/example_dags/example_dag_decorator.py for tasks to queue
[2025-06-12T18:47:45.767+0000] {logging_mixin.py:188} INFO - [2025-06-12T18:47:45.766+0000] {dagbag.py:538} INFO - Filling up the DagBag from /home/airflow/.local/lib/python3.8/site-packages/airflow/example_dags/example_dag_decorator.py
[2025-06-12T18:47:45.948+0000] {processor.py:840} INFO - DAG(s) 'example_dag_decorator' retrieved from /home/airflow/.local/lib/python3.8/site-packages/airflow/example_dags/example_dag_decorator.py
[2025-06-12T18:47:46.155+0000] {logging_mixin.py:188} INFO - [2025-06-12T18:47:46.155+0000] {dag.py:3036} INFO - Sync 1 DAGs
[2025-06-12T18:47:46.169+0000] {logging_mixin.py:188} INFO - [2025-06-12T18:47:46.169+0000] {dag.py:3823} INFO - Setting next_dagrun for example_dag_decorator to None, run_after=None
[2025-06-12T18:47:46.204+0000] {processor.py:183} INFO - Processing /home/airflow/.local/lib/python3.8/site-packages/airflow/example_dags/example_dag_decorator.py took 0.448 seconds
[2025-06-12T18:48:17.454+0000] {processor.py:161} INFO - Started process (PID=914) to work on /home/airflow/.local/lib/python3.8/site-packages/airflow/example_dags/example_dag_decorator.py
[2025-06-12T18:48:17.465+0000] {processor.py:830} INFO - Processing file /home/airflow/.local/lib/python3.8/site-packages/airflow/example_dags/example_dag_decorator.py for tasks to queue
[2025-06-12T18:48:17.470+0000] {logging_mixin.py:188} INFO - [2025-06-12T18:48:17.469+0000] {dagbag.py:538} INFO - Filling up the DagBag from /home/airflow/.local/lib/python3.8/site-packages/airflow/example_dags/example_dag_decorator.py
[2025-06-12T18:48:18.467+0000] {processor.py:840} INFO - DAG(s) 'example_dag_decorator' retrieved from /home/airflow/.local/lib/python3.8/site-packages/airflow/example_dags/example_dag_decorator.py
[2025-06-12T18:48:18.856+0000] {logging_mixin.py:188} INFO - [2025-06-12T18:48:18.856+0000] {dag.py:3036} INFO - Sync 1 DAGs
[2025-06-12T18:48:18.872+0000] {logging_mixin.py:188} INFO - [2025-06-12T18:48:18.871+0000] {dag.py:3823} INFO - Setting next_dagrun for example_dag_decorator to None, run_after=None
[2025-06-12T18:48:18.910+0000] {processor.py:183} INFO - Processing /home/airflow/.local/lib/python3.8/site-packages/airflow/example_dags/example_dag_decorator.py took 1.467 seconds
[2025-06-12T18:48:48.988+0000] {processor.py:161} INFO - Started process (PID=971) to work on /home/airflow/.local/lib/python3.8/site-packages/airflow/example_dags/example_dag_decorator.py
[2025-06-12T18:48:48.990+0000] {processor.py:830} INFO - Processing file /home/airflow/.local/lib/python3.8/site-packages/airflow/example_dags/example_dag_decorator.py for tasks to queue
[2025-06-12T18:48:48.993+0000] {logging_mixin.py:188} INFO - [2025-06-12T18:48:48.992+0000] {dagbag.py:538} INFO - Filling up the DagBag from /home/airflow/.local/lib/python3.8/site-packages/airflow/example_dags/example_dag_decorator.py
[2025-06-12T18:48:49.220+0000] {processor.py:840} INFO - DAG(s) 'example_dag_decorator' retrieved from /home/airflow/.local/lib/python3.8/site-packages/airflow/example_dags/example_dag_decorator.py
[2025-06-12T18:48:49.445+0000] {logging_mixin.py:188} INFO - [2025-06-12T18:48:49.444+0000] {dag.py:3036} INFO - Sync 1 DAGs
[2025-06-12T18:48:49.459+0000] {logging_mixin.py:188} INFO - [2025-06-12T18:48:49.459+0000] {dag.py:3823} INFO - Setting next_dagrun for example_dag_decorator to None, run_after=None
[2025-06-12T18:48:49.492+0000] {processor.py:183} INFO - Processing /home/airflow/.local/lib/python3.8/site-packages/airflow/example_dags/example_dag_decorator.py took 0.513 seconds
[2025-06-12T18:49:19.603+0000] {processor.py:161} INFO - Started process (PID=1027) to work on /home/airflow/.local/lib/python3.8/site-packages/airflow/example_dags/example_dag_decorator.py
[2025-06-12T18:49:19.605+0000] {processor.py:830} INFO - Processing file /home/airflow/.local/lib/python3.8/site-packages/airflow/example_dags/example_dag_decorator.py for tasks to queue
[2025-06-12T18:49:19.608+0000] {logging_mixin.py:188} INFO - [2025-06-12T18:49:19.607+0000] {dagbag.py:538} INFO - Filling up the DagBag from /home/airflow/.local/lib/python3.8/site-packages/airflow/example_dags/example_dag_decorator.py
[2025-06-12T18:49:19.809+0000] {processor.py:840} INFO - DAG(s) 'example_dag_decorator' retrieved from /home/airflow/.local/lib/python3.8/site-packages/airflow/example_dags/example_dag_decorator.py
[2025-06-12T18:49:20.051+0000] {logging_mixin.py:188} INFO - [2025-06-12T18:49:20.051+0000] {dag.py:3036} INFO - Sync 1 DAGs
[2025-06-12T18:49:20.066+0000] {logging_mixin.py:188} INFO - [2025-06-12T18:49:20.066+0000] {dag.py:3823} INFO - Setting next_dagrun for example_dag_decorator to None, run_after=None
[2025-06-12T18:49:20.100+0000] {processor.py:183} INFO - Processing /home/airflow/.local/lib/python3.8/site-packages/airflow/example_dags/example_dag_decorator.py took 0.502 seconds
[2025-06-12T18:49:50.783+0000] {processor.py:161} INFO - Started process (PID=1083) to work on /home/airflow/.local/lib/python3.8/site-packages/airflow/example_dags/example_dag_decorator.py
[2025-06-12T18:49:50.785+0000] {processor.py:830} INFO - Processing file /home/airflow/.local/lib/python3.8/site-packages/airflow/example_dags/example_dag_decorator.py for tasks to queue
[2025-06-12T18:49:50.787+0000] {logging_mixin.py:188} INFO - [2025-06-12T18:49:50.787+0000] {dagbag.py:538} INFO - Filling up the DagBag from /home/airflow/.local/lib/python3.8/site-packages/airflow/example_dags/example_dag_decorator.py
[2025-06-12T18:49:51.042+0000] {processor.py:840} INFO - DAG(s) 'example_dag_decorator' retrieved from /home/airflow/.local/lib/python3.8/site-packages/airflow/example_dags/example_dag_decorator.py
[2025-06-12T18:49:51.403+0000] {logging_mixin.py:188} INFO - [2025-06-12T18:49:51.402+0000] {dag.py:3036} INFO - Sync 1 DAGs
[2025-06-12T18:49:51.421+0000] {logging_mixin.py:188} INFO - [2025-06-12T18:49:51.421+0000] {dag.py:3823} INFO - Setting next_dagrun for example_dag_decorator to None, run_after=None
[2025-06-12T18:49:51.476+0000] {processor.py:183} INFO - Processing /home/airflow/.local/lib/python3.8/site-packages/airflow/example_dags/example_dag_decorator.py took 0.703 seconds
[2025-06-12T18:50:21.584+0000] {processor.py:161} INFO - Started process (PID=1140) to work on /home/airflow/.local/lib/python3.8/site-packages/airflow/example_dags/example_dag_decorator.py
[2025-06-12T18:50:21.586+0000] {processor.py:830} INFO - Processing file /home/airflow/.local/lib/python3.8/site-packages/airflow/example_dags/example_dag_decorator.py for tasks to queue
[2025-06-12T18:50:21.588+0000] {logging_mixin.py:188} INFO - [2025-06-12T18:50:21.587+0000] {dagbag.py:538} INFO - Filling up the DagBag from /home/airflow/.local/lib/python3.8/site-packages/airflow/example_dags/example_dag_decorator.py
[2025-06-12T18:50:21.801+0000] {processor.py:840} INFO - DAG(s) 'example_dag_decorator' retrieved from /home/airflow/.local/lib/python3.8/site-packages/airflow/example_dags/example_dag_decorator.py
[2025-06-12T18:50:22.068+0000] {logging_mixin.py:188} INFO - [2025-06-12T18:50:22.067+0000] {dag.py:3036} INFO - Sync 1 DAGs
[2025-06-12T18:50:22.085+0000] {logging_mixin.py:188} INFO - [2025-06-12T18:50:22.085+0000] {dag.py:3823} INFO - Setting next_dagrun for example_dag_decorator to None, run_after=None
[2025-06-12T18:50:22.124+0000] {processor.py:183} INFO - Processing /home/airflow/.local/lib/python3.8/site-packages/airflow/example_dags/example_dag_decorator.py took 0.546 seconds
[2025-06-12T18:50:52.366+0000] {processor.py:161} INFO - Started process (PID=1199) to work on /home/airflow/.local/lib/python3.8/site-packages/airflow/example_dags/example_dag_decorator.py
[2025-06-12T18:50:52.369+0000] {processor.py:830} INFO - Processing file /home/airflow/.local/lib/python3.8/site-packages/airflow/example_dags/example_dag_decorator.py for tasks to queue
[2025-06-12T18:50:52.371+0000] {logging_mixin.py:188} INFO - [2025-06-12T18:50:52.370+0000] {dagbag.py:538} INFO - Filling up the DagBag from /home/airflow/.local/lib/python3.8/site-packages/airflow/example_dags/example_dag_decorator.py
[2025-06-12T18:50:52.580+0000] {processor.py:840} INFO - DAG(s) 'example_dag_decorator' retrieved from /home/airflow/.local/lib/python3.8/site-packages/airflow/example_dags/example_dag_decorator.py
[2025-06-12T18:50:52.821+0000] {logging_mixin.py:188} INFO - [2025-06-12T18:50:52.821+0000] {dag.py:3036} INFO - Sync 1 DAGs
[2025-06-12T18:50:52.837+0000] {logging_mixin.py:188} INFO - [2025-06-12T18:50:52.837+0000] {dag.py:3823} INFO - Setting next_dagrun for example_dag_decorator to None, run_after=None
[2025-06-12T18:50:52.869+0000] {processor.py:183} INFO - Processing /home/airflow/.local/lib/python3.8/site-packages/airflow/example_dags/example_dag_decorator.py took 0.510 seconds
[2025-06-12T18:51:23.004+0000] {processor.py:161} INFO - Started process (PID=1252) to work on /home/airflow/.local/lib/python3.8/site-packages/airflow/example_dags/example_dag_decorator.py
[2025-06-12T18:51:23.005+0000] {processor.py:830} INFO - Processing file /home/airflow/.local/lib/python3.8/site-packages/airflow/example_dags/example_dag_decorator.py for tasks to queue
[2025-06-12T18:51:23.007+0000] {logging_mixin.py:188} INFO - [2025-06-12T18:51:23.007+0000] {dagbag.py:538} INFO - Filling up the DagBag from /home/airflow/.local/lib/python3.8/site-packages/airflow/example_dags/example_dag_decorator.py
[2025-06-12T18:51:23.204+0000] {processor.py:840} INFO - DAG(s) 'example_dag_decorator' retrieved from /home/airflow/.local/lib/python3.8/site-packages/airflow/example_dags/example_dag_decorator.py
[2025-06-12T18:51:23.449+0000] {logging_mixin.py:188} INFO - [2025-06-12T18:51:23.448+0000] {dag.py:3036} INFO - Sync 1 DAGs
[2025-06-12T18:51:23.466+0000] {logging_mixin.py:188} INFO - [2025-06-12T18:51:23.465+0000] {dag.py:3823} INFO - Setting next_dagrun for example_dag_decorator to None, run_after=None
[2025-06-12T18:51:23.501+0000] {processor.py:183} INFO - Processing /home/airflow/.local/lib/python3.8/site-packages/airflow/example_dags/example_dag_decorator.py took 0.504 seconds
[2025-06-12T18:51:53.620+0000] {processor.py:161} INFO - Started process (PID=1307) to work on /home/airflow/.local/lib/python3.8/site-packages/airflow/example_dags/example_dag_decorator.py
[2025-06-12T18:51:53.622+0000] {processor.py:830} INFO - Processing file /home/airflow/.local/lib/python3.8/site-packages/airflow/example_dags/example_dag_decorator.py for tasks to queue
[2025-06-12T18:51:53.624+0000] {logging_mixin.py:188} INFO - [2025-06-12T18:51:53.624+0000] {dagbag.py:538} INFO - Filling up the DagBag from /home/airflow/.local/lib/python3.8/site-packages/airflow/example_dags/example_dag_decorator.py
[2025-06-12T18:51:53.824+0000] {processor.py:840} INFO - DAG(s) 'example_dag_decorator' retrieved from /home/airflow/.local/lib/python3.8/site-packages/airflow/example_dags/example_dag_decorator.py
[2025-06-12T18:51:54.113+0000] {logging_mixin.py:188} INFO - [2025-06-12T18:51:54.113+0000] {dag.py:3036} INFO - Sync 1 DAGs
[2025-06-12T18:51:54.132+0000] {logging_mixin.py:188} INFO - [2025-06-12T18:51:54.132+0000] {dag.py:3823} INFO - Setting next_dagrun for example_dag_decorator to None, run_after=None
[2025-06-12T18:51:54.173+0000] {processor.py:183} INFO - Processing /home/airflow/.local/lib/python3.8/site-packages/airflow/example_dags/example_dag_decorator.py took 0.558 seconds
[2025-06-12T18:52:24.441+0000] {processor.py:161} INFO - Started process (PID=1363) to work on /home/airflow/.local/lib/python3.8/site-packages/airflow/example_dags/example_dag_decorator.py
[2025-06-12T18:52:24.443+0000] {processor.py:830} INFO - Processing file /home/airflow/.local/lib/python3.8/site-packages/airflow/example_dags/example_dag_decorator.py for tasks to queue
[2025-06-12T18:52:24.445+0000] {logging_mixin.py:188} INFO - [2025-06-12T18:52:24.445+0000] {dagbag.py:538} INFO - Filling up the DagBag from /home/airflow/.local/lib/python3.8/site-packages/airflow/example_dags/example_dag_decorator.py
[2025-06-12T18:52:24.742+0000] {processor.py:840} INFO - DAG(s) 'example_dag_decorator' retrieved from /home/airflow/.local/lib/python3.8/site-packages/airflow/example_dags/example_dag_decorator.py
[2025-06-12T18:52:25.778+0000] {logging_mixin.py:188} INFO - [2025-06-12T18:52:25.777+0000] {dag.py:3036} INFO - Sync 1 DAGs
[2025-06-12T18:52:25.794+0000] {logging_mixin.py:188} INFO - [2025-06-12T18:52:25.793+0000] {dag.py:3823} INFO - Setting next_dagrun for example_dag_decorator to None, run_after=None
[2025-06-12T18:52:25.828+0000] {processor.py:183} INFO - Processing /home/airflow/.local/lib/python3.8/site-packages/airflow/example_dags/example_dag_decorator.py took 1.392 seconds
[2025-06-12T18:52:55.953+0000] {processor.py:161} INFO - Started process (PID=1420) to work on /home/airflow/.local/lib/python3.8/site-packages/airflow/example_dags/example_dag_decorator.py
[2025-06-12T18:52:55.955+0000] {processor.py:830} INFO - Processing file /home/airflow/.local/lib/python3.8/site-packages/airflow/example_dags/example_dag_decorator.py for tasks to queue
[2025-06-12T18:52:55.957+0000] {logging_mixin.py:188} INFO - [2025-06-12T18:52:55.956+0000] {dagbag.py:538} INFO - Filling up the DagBag from /home/airflow/.local/lib/python3.8/site-packages/airflow/example_dags/example_dag_decorator.py
[2025-06-12T18:52:56.187+0000] {processor.py:840} INFO - DAG(s) 'example_dag_decorator' retrieved from /home/airflow/.local/lib/python3.8/site-packages/airflow/example_dags/example_dag_decorator.py
[2025-06-12T18:52:56.502+0000] {logging_mixin.py:188} INFO - [2025-06-12T18:52:56.501+0000] {dag.py:3036} INFO - Sync 1 DAGs
[2025-06-12T18:52:57.087+0000] {logging_mixin.py:188} INFO - [2025-06-12T18:52:57.086+0000] {dag.py:3823} INFO - Setting next_dagrun for example_dag_decorator to None, run_after=None
[2025-06-12T18:52:57.153+0000] {processor.py:183} INFO - Processing /home/airflow/.local/lib/python3.8/site-packages/airflow/example_dags/example_dag_decorator.py took 1.208 seconds
[2025-06-12T18:53:27.462+0000] {processor.py:161} INFO - Started process (PID=1479) to work on /home/airflow/.local/lib/python3.8/site-packages/airflow/example_dags/example_dag_decorator.py
[2025-06-12T18:53:27.465+0000] {processor.py:830} INFO - Processing file /home/airflow/.local/lib/python3.8/site-packages/airflow/example_dags/example_dag_decorator.py for tasks to queue
[2025-06-12T18:53:27.467+0000] {logging_mixin.py:188} INFO - [2025-06-12T18:53:27.466+0000] {dagbag.py:538} INFO - Filling up the DagBag from /home/airflow/.local/lib/python3.8/site-packages/airflow/example_dags/example_dag_decorator.py
[2025-06-12T18:53:27.695+0000] {processor.py:840} INFO - DAG(s) 'example_dag_decorator' retrieved from /home/airflow/.local/lib/python3.8/site-packages/airflow/example_dags/example_dag_decorator.py
[2025-06-12T18:53:27.972+0000] {logging_mixin.py:188} INFO - [2025-06-12T18:53:27.972+0000] {dag.py:3036} INFO - Sync 1 DAGs
[2025-06-12T18:53:28.208+0000] {logging_mixin.py:188} INFO - [2025-06-12T18:53:28.208+0000] {dag.py:3823} INFO - Setting next_dagrun for example_dag_decorator to None, run_after=None
[2025-06-12T18:53:28.242+0000] {processor.py:183} INFO - Processing /home/airflow/.local/lib/python3.8/site-packages/airflow/example_dags/example_dag_decorator.py took 0.787 seconds
[2025-06-12T18:53:58.564+0000] {processor.py:161} INFO - Started process (PID=1535) to work on /home/airflow/.local/lib/python3.8/site-packages/airflow/example_dags/example_dag_decorator.py
[2025-06-12T18:53:58.567+0000] {processor.py:830} INFO - Processing file /home/airflow/.local/lib/python3.8/site-packages/airflow/example_dags/example_dag_decorator.py for tasks to queue
[2025-06-12T18:53:58.569+0000] {logging_mixin.py:188} INFO - [2025-06-12T18:53:58.568+0000] {dagbag.py:538} INFO - Filling up the DagBag from /home/airflow/.local/lib/python3.8/site-packages/airflow/example_dags/example_dag_decorator.py
[2025-06-12T18:53:58.802+0000] {processor.py:840} INFO - DAG(s) 'example_dag_decorator' retrieved from /home/airflow/.local/lib/python3.8/site-packages/airflow/example_dags/example_dag_decorator.py
[2025-06-12T18:53:59.178+0000] {logging_mixin.py:188} INFO - [2025-06-12T18:53:59.177+0000] {dag.py:3036} INFO - Sync 1 DAGs
[2025-06-12T18:53:59.200+0000] {logging_mixin.py:188} INFO - [2025-06-12T18:53:59.199+0000] {dag.py:3823} INFO - Setting next_dagrun for example_dag_decorator to None, run_after=None
[2025-06-12T18:53:59.479+0000] {processor.py:183} INFO - Processing /home/airflow/.local/lib/python3.8/site-packages/airflow/example_dags/example_dag_decorator.py took 0.921 seconds
[2025-06-12T18:54:30.265+0000] {processor.py:161} INFO - Started process (PID=1591) to work on /home/airflow/.local/lib/python3.8/site-packages/airflow/example_dags/example_dag_decorator.py
[2025-06-12T18:54:30.267+0000] {processor.py:830} INFO - Processing file /home/airflow/.local/lib/python3.8/site-packages/airflow/example_dags/example_dag_decorator.py for tasks to queue
[2025-06-12T18:54:30.269+0000] {logging_mixin.py:188} INFO - [2025-06-12T18:54:30.268+0000] {dagbag.py:538} INFO - Filling up the DagBag from /home/airflow/.local/lib/python3.8/site-packages/airflow/example_dags/example_dag_decorator.py
[2025-06-12T18:54:30.498+0000] {processor.py:840} INFO - DAG(s) 'example_dag_decorator' retrieved from /home/airflow/.local/lib/python3.8/site-packages/airflow/example_dags/example_dag_decorator.py
[2025-06-12T18:54:30.789+0000] {logging_mixin.py:188} INFO - [2025-06-12T18:54:30.789+0000] {dag.py:3036} INFO - Sync 1 DAGs
[2025-06-12T18:54:30.804+0000] {logging_mixin.py:188} INFO - [2025-06-12T18:54:30.804+0000] {dag.py:3823} INFO - Setting next_dagrun for example_dag_decorator to None, run_after=None
[2025-06-12T18:54:30.841+0000] {processor.py:183} INFO - Processing /home/airflow/.local/lib/python3.8/site-packages/airflow/example_dags/example_dag_decorator.py took 0.583 seconds
[2025-06-12T18:55:01.106+0000] {processor.py:161} INFO - Started process (PID=1648) to work on /home/airflow/.local/lib/python3.8/site-packages/airflow/example_dags/example_dag_decorator.py
[2025-06-12T18:55:01.109+0000] {processor.py:830} INFO - Processing file /home/airflow/.local/lib/python3.8/site-packages/airflow/example_dags/example_dag_decorator.py for tasks to queue
[2025-06-12T18:55:01.114+0000] {logging_mixin.py:188} INFO - [2025-06-12T18:55:01.112+0000] {dagbag.py:538} INFO - Filling up the DagBag from /home/airflow/.local/lib/python3.8/site-packages/airflow/example_dags/example_dag_decorator.py
[2025-06-12T18:55:01.475+0000] {processor.py:840} INFO - DAG(s) 'example_dag_decorator' retrieved from /home/airflow/.local/lib/python3.8/site-packages/airflow/example_dags/example_dag_decorator.py
[2025-06-12T18:55:02.138+0000] {logging_mixin.py:188} INFO - [2025-06-12T18:55:02.138+0000] {dag.py:3036} INFO - Sync 1 DAGs
[2025-06-12T18:55:02.152+0000] {logging_mixin.py:188} INFO - [2025-06-12T18:55:02.152+0000] {dag.py:3823} INFO - Setting next_dagrun for example_dag_decorator to None, run_after=None
[2025-06-12T18:55:02.190+0000] {processor.py:183} INFO - Processing /home/airflow/.local/lib/python3.8/site-packages/airflow/example_dags/example_dag_decorator.py took 1.093 seconds
[2025-06-12T18:55:32.720+0000] {processor.py:161} INFO - Started process (PID=1704) to work on /home/airflow/.local/lib/python3.8/site-packages/airflow/example_dags/example_dag_decorator.py
[2025-06-12T18:55:32.722+0000] {processor.py:830} INFO - Processing file /home/airflow/.local/lib/python3.8/site-packages/airflow/example_dags/example_dag_decorator.py for tasks to queue
[2025-06-12T18:55:32.725+0000] {logging_mixin.py:188} INFO - [2025-06-12T18:55:32.724+0000] {dagbag.py:538} INFO - Filling up the DagBag from /home/airflow/.local/lib/python3.8/site-packages/airflow/example_dags/example_dag_decorator.py
[2025-06-12T18:55:32.947+0000] {processor.py:840} INFO - DAG(s) 'example_dag_decorator' retrieved from /home/airflow/.local/lib/python3.8/site-packages/airflow/example_dags/example_dag_decorator.py
[2025-06-12T18:55:33.499+0000] {logging_mixin.py:188} INFO - [2025-06-12T18:55:33.499+0000] {dag.py:3036} INFO - Sync 1 DAGs
[2025-06-12T18:55:33.515+0000] {logging_mixin.py:188} INFO - [2025-06-12T18:55:33.515+0000] {dag.py:3823} INFO - Setting next_dagrun for example_dag_decorator to None, run_after=None
[2025-06-12T18:55:33.552+0000] {processor.py:183} INFO - Processing /home/airflow/.local/lib/python3.8/site-packages/airflow/example_dags/example_dag_decorator.py took 0.838 seconds
[2025-06-12T18:56:04.299+0000] {processor.py:161} INFO - Started process (PID=1761) to work on /home/airflow/.local/lib/python3.8/site-packages/airflow/example_dags/example_dag_decorator.py
[2025-06-12T18:56:04.301+0000] {processor.py:830} INFO - Processing file /home/airflow/.local/lib/python3.8/site-packages/airflow/example_dags/example_dag_decorator.py for tasks to queue
[2025-06-12T18:56:04.304+0000] {logging_mixin.py:188} INFO - [2025-06-12T18:56:04.303+0000] {dagbag.py:538} INFO - Filling up the DagBag from /home/airflow/.local/lib/python3.8/site-packages/airflow/example_dags/example_dag_decorator.py
[2025-06-12T18:56:04.533+0000] {processor.py:840} INFO - DAG(s) 'example_dag_decorator' retrieved from /home/airflow/.local/lib/python3.8/site-packages/airflow/example_dags/example_dag_decorator.py
[2025-06-12T18:56:04.999+0000] {logging_mixin.py:188} INFO - [2025-06-12T18:56:04.999+0000] {dag.py:3036} INFO - Sync 1 DAGs
[2025-06-12T18:56:05.014+0000] {logging_mixin.py:188} INFO - [2025-06-12T18:56:05.013+0000] {dag.py:3823} INFO - Setting next_dagrun for example_dag_decorator to None, run_after=None
[2025-06-12T18:56:05.050+0000] {processor.py:183} INFO - Processing /home/airflow/.local/lib/python3.8/site-packages/airflow/example_dags/example_dag_decorator.py took 0.758 seconds
[2025-06-12T18:56:35.267+0000] {processor.py:161} INFO - Started process (PID=1819) to work on /home/airflow/.local/lib/python3.8/site-packages/airflow/example_dags/example_dag_decorator.py
[2025-06-12T18:56:35.270+0000] {processor.py:830} INFO - Processing file /home/airflow/.local/lib/python3.8/site-packages/airflow/example_dags/example_dag_decorator.py for tasks to queue
[2025-06-12T18:56:35.272+0000] {logging_mixin.py:188} INFO - [2025-06-12T18:56:35.271+0000] {dagbag.py:538} INFO - Filling up the DagBag from /home/airflow/.local/lib/python3.8/site-packages/airflow/example_dags/example_dag_decorator.py
[2025-06-12T18:56:35.501+0000] {processor.py:840} INFO - DAG(s) 'example_dag_decorator' retrieved from /home/airflow/.local/lib/python3.8/site-packages/airflow/example_dags/example_dag_decorator.py
[2025-06-12T18:56:36.008+0000] {logging_mixin.py:188} INFO - [2025-06-12T18:56:36.007+0000] {dag.py:3036} INFO - Sync 1 DAGs
[2025-06-12T18:56:36.024+0000] {logging_mixin.py:188} INFO - [2025-06-12T18:56:36.023+0000] {dag.py:3823} INFO - Setting next_dagrun for example_dag_decorator to None, run_after=None
[2025-06-12T18:56:36.056+0000] {processor.py:183} INFO - Processing /home/airflow/.local/lib/python3.8/site-packages/airflow/example_dags/example_dag_decorator.py took 0.795 seconds
[2025-06-12T18:57:06.164+0000] {processor.py:161} INFO - Started process (PID=1876) to work on /home/airflow/.local/lib/python3.8/site-packages/airflow/example_dags/example_dag_decorator.py
[2025-06-12T18:57:06.168+0000] {processor.py:830} INFO - Processing file /home/airflow/.local/lib/python3.8/site-packages/airflow/example_dags/example_dag_decorator.py for tasks to queue
[2025-06-12T18:57:06.170+0000] {logging_mixin.py:188} INFO - [2025-06-12T18:57:06.170+0000] {dagbag.py:538} INFO - Filling up the DagBag from /home/airflow/.local/lib/python3.8/site-packages/airflow/example_dags/example_dag_decorator.py
[2025-06-12T18:57:06.463+0000] {processor.py:840} INFO - DAG(s) 'example_dag_decorator' retrieved from /home/airflow/.local/lib/python3.8/site-packages/airflow/example_dags/example_dag_decorator.py
[2025-06-12T18:57:06.753+0000] {logging_mixin.py:188} INFO - [2025-06-12T18:57:06.753+0000] {dag.py:3036} INFO - Sync 1 DAGs
[2025-06-12T18:57:07.076+0000] {logging_mixin.py:188} INFO - [2025-06-12T18:57:07.075+0000] {dag.py:3823} INFO - Setting next_dagrun for example_dag_decorator to None, run_after=None
[2025-06-12T18:57:07.118+0000] {processor.py:183} INFO - Processing /home/airflow/.local/lib/python3.8/site-packages/airflow/example_dags/example_dag_decorator.py took 0.960 seconds
[2025-06-12T18:57:40.300+0000] {processor.py:161} INFO - Started process (PID=1906) to work on /home/airflow/.local/lib/python3.8/site-packages/airflow/example_dags/example_dag_decorator.py
[2025-06-12T18:57:40.303+0000] {processor.py:830} INFO - Processing file /home/airflow/.local/lib/python3.8/site-packages/airflow/example_dags/example_dag_decorator.py for tasks to queue
[2025-06-12T18:57:40.306+0000] {logging_mixin.py:188} INFO - [2025-06-12T18:57:40.305+0000] {dagbag.py:538} INFO - Filling up the DagBag from /home/airflow/.local/lib/python3.8/site-packages/airflow/example_dags/example_dag_decorator.py
[2025-06-12T18:57:40.691+0000] {processor.py:840} INFO - DAG(s) 'example_dag_decorator' retrieved from /home/airflow/.local/lib/python3.8/site-packages/airflow/example_dags/example_dag_decorator.py
[2025-06-12T18:57:41.304+0000] {logging_mixin.py:188} INFO - [2025-06-12T18:57:41.304+0000] {dag.py:3036} INFO - Sync 1 DAGs
[2025-06-12T18:57:41.322+0000] {logging_mixin.py:188} INFO - [2025-06-12T18:57:41.322+0000] {dag.py:3823} INFO - Setting next_dagrun for example_dag_decorator to None, run_after=None
[2025-06-12T18:57:41.361+0000] {processor.py:183} INFO - Processing /home/airflow/.local/lib/python3.8/site-packages/airflow/example_dags/example_dag_decorator.py took 1.070 seconds
[2025-06-12T18:58:11.534+0000] {processor.py:161} INFO - Started process (PID=1964) to work on /home/airflow/.local/lib/python3.8/site-packages/airflow/example_dags/example_dag_decorator.py
[2025-06-12T18:58:11.537+0000] {processor.py:830} INFO - Processing file /home/airflow/.local/lib/python3.8/site-packages/airflow/example_dags/example_dag_decorator.py for tasks to queue
[2025-06-12T18:58:11.540+0000] {logging_mixin.py:188} INFO - [2025-06-12T18:58:11.539+0000] {dagbag.py:538} INFO - Filling up the DagBag from /home/airflow/.local/lib/python3.8/site-packages/airflow/example_dags/example_dag_decorator.py
[2025-06-12T18:58:11.804+0000] {processor.py:840} INFO - DAG(s) 'example_dag_decorator' retrieved from /home/airflow/.local/lib/python3.8/site-packages/airflow/example_dags/example_dag_decorator.py
[2025-06-12T18:58:12.426+0000] {logging_mixin.py:188} INFO - [2025-06-12T18:58:12.426+0000] {dag.py:3036} INFO - Sync 1 DAGs
[2025-06-12T18:58:12.447+0000] {logging_mixin.py:188} INFO - [2025-06-12T18:58:12.446+0000] {dag.py:3823} INFO - Setting next_dagrun for example_dag_decorator to None, run_after=None
[2025-06-12T18:58:12.488+0000] {processor.py:183} INFO - Processing /home/airflow/.local/lib/python3.8/site-packages/airflow/example_dags/example_dag_decorator.py took 0.963 seconds
[2025-06-12T18:58:42.626+0000] {processor.py:161} INFO - Started process (PID=2021) to work on /home/airflow/.local/lib/python3.8/site-packages/airflow/example_dags/example_dag_decorator.py
[2025-06-12T18:58:42.628+0000] {processor.py:830} INFO - Processing file /home/airflow/.local/lib/python3.8/site-packages/airflow/example_dags/example_dag_decorator.py for tasks to queue
[2025-06-12T18:58:42.631+0000] {logging_mixin.py:188} INFO - [2025-06-12T18:58:42.630+0000] {dagbag.py:538} INFO - Filling up the DagBag from /home/airflow/.local/lib/python3.8/site-packages/airflow/example_dags/example_dag_decorator.py
[2025-06-12T18:58:42.841+0000] {processor.py:840} INFO - DAG(s) 'example_dag_decorator' retrieved from /home/airflow/.local/lib/python3.8/site-packages/airflow/example_dags/example_dag_decorator.py
[2025-06-12T18:58:43.322+0000] {logging_mixin.py:188} INFO - [2025-06-12T18:58:43.322+0000] {dag.py:3036} INFO - Sync 1 DAGs
[2025-06-12T18:58:43.335+0000] {logging_mixin.py:188} INFO - [2025-06-12T18:58:43.335+0000] {dag.py:3823} INFO - Setting next_dagrun for example_dag_decorator to None, run_after=None
[2025-06-12T18:58:43.369+0000] {processor.py:183} INFO - Processing /home/airflow/.local/lib/python3.8/site-packages/airflow/example_dags/example_dag_decorator.py took 0.748 seconds
[2025-06-12T18:59:14.266+0000] {processor.py:161} INFO - Started process (PID=2076) to work on /home/airflow/.local/lib/python3.8/site-packages/airflow/example_dags/example_dag_decorator.py
[2025-06-12T18:59:14.270+0000] {processor.py:830} INFO - Processing file /home/airflow/.local/lib/python3.8/site-packages/airflow/example_dags/example_dag_decorator.py for tasks to queue
[2025-06-12T18:59:14.274+0000] {logging_mixin.py:188} INFO - [2025-06-12T18:59:14.272+0000] {dagbag.py:538} INFO - Filling up the DagBag from /home/airflow/.local/lib/python3.8/site-packages/airflow/example_dags/example_dag_decorator.py
[2025-06-12T18:59:14.617+0000] {processor.py:840} INFO - DAG(s) 'example_dag_decorator' retrieved from /home/airflow/.local/lib/python3.8/site-packages/airflow/example_dags/example_dag_decorator.py
[2025-06-12T18:59:15.351+0000] {logging_mixin.py:188} INFO - [2025-06-12T18:59:15.351+0000] {dag.py:3036} INFO - Sync 1 DAGs
[2025-06-12T18:59:15.378+0000] {logging_mixin.py:188} INFO - [2025-06-12T18:59:15.377+0000] {dag.py:3823} INFO - Setting next_dagrun for example_dag_decorator to None, run_after=None
[2025-06-12T18:59:15.437+0000] {processor.py:183} INFO - Processing /home/airflow/.local/lib/python3.8/site-packages/airflow/example_dags/example_dag_decorator.py took 1.180 seconds
[2025-06-12T18:59:45.919+0000] {processor.py:161} INFO - Started process (PID=2129) to work on /home/airflow/.local/lib/python3.8/site-packages/airflow/example_dags/example_dag_decorator.py
[2025-06-12T18:59:45.923+0000] {processor.py:830} INFO - Processing file /home/airflow/.local/lib/python3.8/site-packages/airflow/example_dags/example_dag_decorator.py for tasks to queue
[2025-06-12T18:59:45.926+0000] {logging_mixin.py:188} INFO - [2025-06-12T18:59:45.925+0000] {dagbag.py:538} INFO - Filling up the DagBag from /home/airflow/.local/lib/python3.8/site-packages/airflow/example_dags/example_dag_decorator.py
[2025-06-12T18:59:46.286+0000] {processor.py:840} INFO - DAG(s) 'example_dag_decorator' retrieved from /home/airflow/.local/lib/python3.8/site-packages/airflow/example_dags/example_dag_decorator.py
[2025-06-12T18:59:47.049+0000] {logging_mixin.py:188} INFO - [2025-06-12T18:59:47.048+0000] {dag.py:3036} INFO - Sync 1 DAGs
[2025-06-12T18:59:47.076+0000] {logging_mixin.py:188} INFO - [2025-06-12T18:59:47.076+0000] {dag.py:3823} INFO - Setting next_dagrun for example_dag_decorator to None, run_after=None
[2025-06-12T18:59:47.148+0000] {processor.py:183} INFO - Processing /home/airflow/.local/lib/python3.8/site-packages/airflow/example_dags/example_dag_decorator.py took 1.239 seconds
[2025-06-12T19:00:17.322+0000] {processor.py:161} INFO - Started process (PID=2185) to work on /home/airflow/.local/lib/python3.8/site-packages/airflow/example_dags/example_dag_decorator.py
[2025-06-12T19:00:17.325+0000] {processor.py:830} INFO - Processing file /home/airflow/.local/lib/python3.8/site-packages/airflow/example_dags/example_dag_decorator.py for tasks to queue
[2025-06-12T19:00:17.329+0000] {logging_mixin.py:188} INFO - [2025-06-12T19:00:17.328+0000] {dagbag.py:538} INFO - Filling up the DagBag from /home/airflow/.local/lib/python3.8/site-packages/airflow/example_dags/example_dag_decorator.py
[2025-06-12T19:00:17.682+0000] {processor.py:840} INFO - DAG(s) 'example_dag_decorator' retrieved from /home/airflow/.local/lib/python3.8/site-packages/airflow/example_dags/example_dag_decorator.py
[2025-06-12T19:00:18.501+0000] {logging_mixin.py:188} INFO - [2025-06-12T19:00:18.500+0000] {dag.py:3036} INFO - Sync 1 DAGs
[2025-06-12T19:00:18.524+0000] {logging_mixin.py:188} INFO - [2025-06-12T19:00:18.524+0000] {dag.py:3823} INFO - Setting next_dagrun for example_dag_decorator to None, run_after=None
[2025-06-12T19:00:18.570+0000] {processor.py:183} INFO - Processing /home/airflow/.local/lib/python3.8/site-packages/airflow/example_dags/example_dag_decorator.py took 1.257 seconds
[2025-06-12T19:00:48.971+0000] {processor.py:161} INFO - Started process (PID=2243) to work on /home/airflow/.local/lib/python3.8/site-packages/airflow/example_dags/example_dag_decorator.py
[2025-06-12T19:00:48.974+0000] {processor.py:830} INFO - Processing file /home/airflow/.local/lib/python3.8/site-packages/airflow/example_dags/example_dag_decorator.py for tasks to queue
[2025-06-12T19:00:48.978+0000] {logging_mixin.py:188} INFO - [2025-06-12T19:00:48.977+0000] {dagbag.py:538} INFO - Filling up the DagBag from /home/airflow/.local/lib/python3.8/site-packages/airflow/example_dags/example_dag_decorator.py
[2025-06-12T19:00:49.334+0000] {processor.py:840} INFO - DAG(s) 'example_dag_decorator' retrieved from /home/airflow/.local/lib/python3.8/site-packages/airflow/example_dags/example_dag_decorator.py
[2025-06-12T19:00:50.289+0000] {logging_mixin.py:188} INFO - [2025-06-12T19:00:50.289+0000] {dag.py:3036} INFO - Sync 1 DAGs
[2025-06-12T19:00:50.324+0000] {logging_mixin.py:188} INFO - [2025-06-12T19:00:50.324+0000] {dag.py:3823} INFO - Setting next_dagrun for example_dag_decorator to None, run_after=None
[2025-06-12T19:00:50.387+0000] {processor.py:183} INFO - Processing /home/airflow/.local/lib/python3.8/site-packages/airflow/example_dags/example_dag_decorator.py took 1.426 seconds
[2025-06-12T19:01:20.866+0000] {processor.py:161} INFO - Started process (PID=2308) to work on /home/airflow/.local/lib/python3.8/site-packages/airflow/example_dags/example_dag_decorator.py
[2025-06-12T19:01:20.870+0000] {processor.py:830} INFO - Processing file /home/airflow/.local/lib/python3.8/site-packages/airflow/example_dags/example_dag_decorator.py for tasks to queue
[2025-06-12T19:01:20.873+0000] {logging_mixin.py:188} INFO - [2025-06-12T19:01:20.872+0000] {dagbag.py:538} INFO - Filling up the DagBag from /home/airflow/.local/lib/python3.8/site-packages/airflow/example_dags/example_dag_decorator.py
[2025-06-12T19:01:21.653+0000] {processor.py:840} INFO - DAG(s) 'example_dag_decorator' retrieved from /home/airflow/.local/lib/python3.8/site-packages/airflow/example_dags/example_dag_decorator.py
[2025-06-12T19:01:22.057+0000] {logging_mixin.py:188} INFO - [2025-06-12T19:01:22.057+0000] {dag.py:3036} INFO - Sync 1 DAGs
[2025-06-12T19:01:22.078+0000] {logging_mixin.py:188} INFO - [2025-06-12T19:01:22.078+0000] {dag.py:3823} INFO - Setting next_dagrun for example_dag_decorator to None, run_after=None
[2025-06-12T19:01:22.126+0000] {processor.py:183} INFO - Processing /home/airflow/.local/lib/python3.8/site-packages/airflow/example_dags/example_dag_decorator.py took 1.271 seconds
[2025-06-12T19:01:52.455+0000] {processor.py:161} INFO - Started process (PID=2367) to work on /home/airflow/.local/lib/python3.8/site-packages/airflow/example_dags/example_dag_decorator.py
[2025-06-12T19:01:52.458+0000] {processor.py:830} INFO - Processing file /home/airflow/.local/lib/python3.8/site-packages/airflow/example_dags/example_dag_decorator.py for tasks to queue
[2025-06-12T19:01:52.461+0000] {logging_mixin.py:188} INFO - [2025-06-12T19:01:52.460+0000] {dagbag.py:538} INFO - Filling up the DagBag from /home/airflow/.local/lib/python3.8/site-packages/airflow/example_dags/example_dag_decorator.py
[2025-06-12T19:01:53.211+0000] {processor.py:840} INFO - DAG(s) 'example_dag_decorator' retrieved from /home/airflow/.local/lib/python3.8/site-packages/airflow/example_dags/example_dag_decorator.py
[2025-06-12T19:01:53.583+0000] {logging_mixin.py:188} INFO - [2025-06-12T19:01:53.582+0000] {dag.py:3036} INFO - Sync 1 DAGs
[2025-06-12T19:01:53.602+0000] {logging_mixin.py:188} INFO - [2025-06-12T19:01:53.601+0000] {dag.py:3823} INFO - Setting next_dagrun for example_dag_decorator to None, run_after=None
[2025-06-12T19:01:53.646+0000] {processor.py:183} INFO - Processing /home/airflow/.local/lib/python3.8/site-packages/airflow/example_dags/example_dag_decorator.py took 1.200 seconds
[2025-06-12T19:02:24.460+0000] {processor.py:161} INFO - Started process (PID=2423) to work on /home/airflow/.local/lib/python3.8/site-packages/airflow/example_dags/example_dag_decorator.py
[2025-06-12T19:02:24.464+0000] {processor.py:830} INFO - Processing file /home/airflow/.local/lib/python3.8/site-packages/airflow/example_dags/example_dag_decorator.py for tasks to queue
[2025-06-12T19:02:24.468+0000] {logging_mixin.py:188} INFO - [2025-06-12T19:02:24.466+0000] {dagbag.py:538} INFO - Filling up the DagBag from /home/airflow/.local/lib/python3.8/site-packages/airflow/example_dags/example_dag_decorator.py
[2025-06-12T19:02:24.829+0000] {processor.py:840} INFO - DAG(s) 'example_dag_decorator' retrieved from /home/airflow/.local/lib/python3.8/site-packages/airflow/example_dags/example_dag_decorator.py
[2025-06-12T19:02:25.590+0000] {logging_mixin.py:188} INFO - [2025-06-12T19:02:25.590+0000] {dag.py:3036} INFO - Sync 1 DAGs
[2025-06-12T19:02:25.616+0000] {logging_mixin.py:188} INFO - [2025-06-12T19:02:25.616+0000] {dag.py:3823} INFO - Setting next_dagrun for example_dag_decorator to None, run_after=None
[2025-06-12T19:02:25.664+0000] {processor.py:183} INFO - Processing /home/airflow/.local/lib/python3.8/site-packages/airflow/example_dags/example_dag_decorator.py took 1.219 seconds
[2025-06-12T19:02:56.497+0000] {processor.py:161} INFO - Started process (PID=2480) to work on /home/airflow/.local/lib/python3.8/site-packages/airflow/example_dags/example_dag_decorator.py
[2025-06-12T19:02:56.502+0000] {processor.py:830} INFO - Processing file /home/airflow/.local/lib/python3.8/site-packages/airflow/example_dags/example_dag_decorator.py for tasks to queue
[2025-06-12T19:02:56.507+0000] {logging_mixin.py:188} INFO - [2025-06-12T19:02:56.505+0000] {dagbag.py:538} INFO - Filling up the DagBag from /home/airflow/.local/lib/python3.8/site-packages/airflow/example_dags/example_dag_decorator.py
[2025-06-12T19:02:56.924+0000] {processor.py:840} INFO - DAG(s) 'example_dag_decorator' retrieved from /home/airflow/.local/lib/python3.8/site-packages/airflow/example_dags/example_dag_decorator.py
[2025-06-12T19:02:57.751+0000] {logging_mixin.py:188} INFO - [2025-06-12T19:02:57.750+0000] {dag.py:3036} INFO - Sync 1 DAGs
[2025-06-12T19:02:57.773+0000] {logging_mixin.py:188} INFO - [2025-06-12T19:02:57.773+0000] {dag.py:3823} INFO - Setting next_dagrun for example_dag_decorator to None, run_after=None
[2025-06-12T19:02:57.833+0000] {processor.py:183} INFO - Processing /home/airflow/.local/lib/python3.8/site-packages/airflow/example_dags/example_dag_decorator.py took 1.351 seconds
[2025-06-12T19:03:28.430+0000] {processor.py:161} INFO - Started process (PID=2537) to work on /home/airflow/.local/lib/python3.8/site-packages/airflow/example_dags/example_dag_decorator.py
[2025-06-12T19:03:28.434+0000] {processor.py:830} INFO - Processing file /home/airflow/.local/lib/python3.8/site-packages/airflow/example_dags/example_dag_decorator.py for tasks to queue
[2025-06-12T19:03:28.438+0000] {logging_mixin.py:188} INFO - [2025-06-12T19:03:28.437+0000] {dagbag.py:538} INFO - Filling up the DagBag from /home/airflow/.local/lib/python3.8/site-packages/airflow/example_dags/example_dag_decorator.py
[2025-06-12T19:03:28.817+0000] {processor.py:840} INFO - DAG(s) 'example_dag_decorator' retrieved from /home/airflow/.local/lib/python3.8/site-packages/airflow/example_dags/example_dag_decorator.py
[2025-06-12T19:03:29.641+0000] {logging_mixin.py:188} INFO - [2025-06-12T19:03:29.641+0000] {dag.py:3036} INFO - Sync 1 DAGs
[2025-06-12T19:03:29.675+0000] {logging_mixin.py:188} INFO - [2025-06-12T19:03:29.675+0000] {dag.py:3823} INFO - Setting next_dagrun for example_dag_decorator to None, run_after=None
[2025-06-12T19:03:29.724+0000] {processor.py:183} INFO - Processing /home/airflow/.local/lib/python3.8/site-packages/airflow/example_dags/example_dag_decorator.py took 1.306 seconds
[2025-06-12T19:04:00.059+0000] {processor.py:161} INFO - Started process (PID=2593) to work on /home/airflow/.local/lib/python3.8/site-packages/airflow/example_dags/example_dag_decorator.py
[2025-06-12T19:04:00.063+0000] {processor.py:830} INFO - Processing file /home/airflow/.local/lib/python3.8/site-packages/airflow/example_dags/example_dag_decorator.py for tasks to queue
[2025-06-12T19:04:00.068+0000] {logging_mixin.py:188} INFO - [2025-06-12T19:04:00.067+0000] {dagbag.py:538} INFO - Filling up the DagBag from /home/airflow/.local/lib/python3.8/site-packages/airflow/example_dags/example_dag_decorator.py
[2025-06-12T19:04:00.806+0000] {processor.py:840} INFO - DAG(s) 'example_dag_decorator' retrieved from /home/airflow/.local/lib/python3.8/site-packages/airflow/example_dags/example_dag_decorator.py
[2025-06-12T19:04:01.231+0000] {logging_mixin.py:188} INFO - [2025-06-12T19:04:01.231+0000] {dag.py:3036} INFO - Sync 1 DAGs
[2025-06-12T19:04:01.255+0000] {logging_mixin.py:188} INFO - [2025-06-12T19:04:01.255+0000] {dag.py:3823} INFO - Setting next_dagrun for example_dag_decorator to None, run_after=None
[2025-06-12T19:04:01.301+0000] {processor.py:183} INFO - Processing /home/airflow/.local/lib/python3.8/site-packages/airflow/example_dags/example_dag_decorator.py took 1.252 seconds
[2025-06-12T19:04:31.519+0000] {processor.py:161} INFO - Started process (PID=2649) to work on /home/airflow/.local/lib/python3.8/site-packages/airflow/example_dags/example_dag_decorator.py
[2025-06-12T19:04:31.523+0000] {processor.py:830} INFO - Processing file /home/airflow/.local/lib/python3.8/site-packages/airflow/example_dags/example_dag_decorator.py for tasks to queue
[2025-06-12T19:04:31.526+0000] {logging_mixin.py:188} INFO - [2025-06-12T19:04:31.525+0000] {dagbag.py:538} INFO - Filling up the DagBag from /home/airflow/.local/lib/python3.8/site-packages/airflow/example_dags/example_dag_decorator.py
[2025-06-12T19:04:32.235+0000] {processor.py:840} INFO - DAG(s) 'example_dag_decorator' retrieved from /home/airflow/.local/lib/python3.8/site-packages/airflow/example_dags/example_dag_decorator.py
[2025-06-12T19:04:32.640+0000] {logging_mixin.py:188} INFO - [2025-06-12T19:04:32.640+0000] {dag.py:3036} INFO - Sync 1 DAGs
[2025-06-12T19:04:32.660+0000] {logging_mixin.py:188} INFO - [2025-06-12T19:04:32.660+0000] {dag.py:3823} INFO - Setting next_dagrun for example_dag_decorator to None, run_after=None
[2025-06-12T19:04:32.706+0000] {processor.py:183} INFO - Processing /home/airflow/.local/lib/python3.8/site-packages/airflow/example_dags/example_dag_decorator.py took 1.197 seconds
[2025-06-12T19:05:03.186+0000] {processor.py:161} INFO - Started process (PID=2705) to work on /home/airflow/.local/lib/python3.8/site-packages/airflow/example_dags/example_dag_decorator.py
[2025-06-12T19:05:03.191+0000] {processor.py:830} INFO - Processing file /home/airflow/.local/lib/python3.8/site-packages/airflow/example_dags/example_dag_decorator.py for tasks to queue
[2025-06-12T19:05:03.195+0000] {logging_mixin.py:188} INFO - [2025-06-12T19:05:03.194+0000] {dagbag.py:538} INFO - Filling up the DagBag from /home/airflow/.local/lib/python3.8/site-packages/airflow/example_dags/example_dag_decorator.py
[2025-06-12T19:05:03.991+0000] {processor.py:840} INFO - DAG(s) 'example_dag_decorator' retrieved from /home/airflow/.local/lib/python3.8/site-packages/airflow/example_dags/example_dag_decorator.py
[2025-06-12T19:05:04.408+0000] {logging_mixin.py:188} INFO - [2025-06-12T19:05:04.407+0000] {dag.py:3036} INFO - Sync 1 DAGs
[2025-06-12T19:05:04.430+0000] {logging_mixin.py:188} INFO - [2025-06-12T19:05:04.430+0000] {dag.py:3823} INFO - Setting next_dagrun for example_dag_decorator to None, run_after=None
[2025-06-12T19:05:04.481+0000] {processor.py:183} INFO - Processing /home/airflow/.local/lib/python3.8/site-packages/airflow/example_dags/example_dag_decorator.py took 1.309 seconds
[2025-06-12T19:05:34.722+0000] {processor.py:161} INFO - Started process (PID=2764) to work on /home/airflow/.local/lib/python3.8/site-packages/airflow/example_dags/example_dag_decorator.py
[2025-06-12T19:05:34.726+0000] {processor.py:830} INFO - Processing file /home/airflow/.local/lib/python3.8/site-packages/airflow/example_dags/example_dag_decorator.py for tasks to queue
[2025-06-12T19:05:34.729+0000] {logging_mixin.py:188} INFO - [2025-06-12T19:05:34.728+0000] {dagbag.py:538} INFO - Filling up the DagBag from /home/airflow/.local/lib/python3.8/site-packages/airflow/example_dags/example_dag_decorator.py
[2025-06-12T19:05:35.137+0000] {processor.py:840} INFO - DAG(s) 'example_dag_decorator' retrieved from /home/airflow/.local/lib/python3.8/site-packages/airflow/example_dags/example_dag_decorator.py
[2025-06-12T19:05:36.223+0000] {logging_mixin.py:188} INFO - [2025-06-12T19:05:36.222+0000] {dag.py:3036} INFO - Sync 1 DAGs
[2025-06-12T19:05:36.263+0000] {logging_mixin.py:188} INFO - [2025-06-12T19:05:36.263+0000] {dag.py:3823} INFO - Setting next_dagrun for example_dag_decorator to None, run_after=None
[2025-06-12T19:05:36.878+0000] {processor.py:183} INFO - Processing /home/airflow/.local/lib/python3.8/site-packages/airflow/example_dags/example_dag_decorator.py took 2.167 seconds
[2025-06-12T19:06:07.183+0000] {processor.py:161} INFO - Started process (PID=2821) to work on /home/airflow/.local/lib/python3.8/site-packages/airflow/example_dags/example_dag_decorator.py
[2025-06-12T19:06:07.188+0000] {processor.py:830} INFO - Processing file /home/airflow/.local/lib/python3.8/site-packages/airflow/example_dags/example_dag_decorator.py for tasks to queue
[2025-06-12T19:06:07.191+0000] {logging_mixin.py:188} INFO - [2025-06-12T19:06:07.190+0000] {dagbag.py:538} INFO - Filling up the DagBag from /home/airflow/.local/lib/python3.8/site-packages/airflow/example_dags/example_dag_decorator.py
[2025-06-12T19:06:07.547+0000] {processor.py:840} INFO - DAG(s) 'example_dag_decorator' retrieved from /home/airflow/.local/lib/python3.8/site-packages/airflow/example_dags/example_dag_decorator.py
[2025-06-12T19:06:08.036+0000] {logging_mixin.py:188} INFO - [2025-06-12T19:06:08.036+0000] {dag.py:3036} INFO - Sync 1 DAGs
[2025-06-12T19:06:08.063+0000] {logging_mixin.py:188} INFO - [2025-06-12T19:06:08.063+0000] {dag.py:3823} INFO - Setting next_dagrun for example_dag_decorator to None, run_after=None
[2025-06-12T19:06:08.122+0000] {processor.py:183} INFO - Processing /home/airflow/.local/lib/python3.8/site-packages/airflow/example_dags/example_dag_decorator.py took 0.948 seconds
[2025-06-12T19:06:39.152+0000] {processor.py:161} INFO - Started process (PID=2876) to work on /home/airflow/.local/lib/python3.8/site-packages/airflow/example_dags/example_dag_decorator.py
[2025-06-12T19:06:39.155+0000] {processor.py:830} INFO - Processing file /home/airflow/.local/lib/python3.8/site-packages/airflow/example_dags/example_dag_decorator.py for tasks to queue
[2025-06-12T19:06:39.159+0000] {logging_mixin.py:188} INFO - [2025-06-12T19:06:39.158+0000] {dagbag.py:538} INFO - Filling up the DagBag from /home/airflow/.local/lib/python3.8/site-packages/airflow/example_dags/example_dag_decorator.py
[2025-06-12T19:06:39.965+0000] {processor.py:840} INFO - DAG(s) 'example_dag_decorator' retrieved from /home/airflow/.local/lib/python3.8/site-packages/airflow/example_dags/example_dag_decorator.py
[2025-06-12T19:06:40.405+0000] {logging_mixin.py:188} INFO - [2025-06-12T19:06:40.405+0000] {dag.py:3036} INFO - Sync 1 DAGs
[2025-06-12T19:06:40.427+0000] {logging_mixin.py:188} INFO - [2025-06-12T19:06:40.427+0000] {dag.py:3823} INFO - Setting next_dagrun for example_dag_decorator to None, run_after=None
[2025-06-12T19:06:40.476+0000] {processor.py:183} INFO - Processing /home/airflow/.local/lib/python3.8/site-packages/airflow/example_dags/example_dag_decorator.py took 1.336 seconds
