[2025-06-12T18:35:18.816+0000] {processor.py:161} INFO - Started process (PID=111) to work on /home/airflow/.local/lib/python3.8/site-packages/airflow/example_dags/example_python_operator.py
[2025-06-12T18:35:18.819+0000] {processor.py:830} INFO - Processing file /home/airflow/.local/lib/python3.8/site-packages/airflow/example_dags/example_python_operator.py for tasks to queue
[2025-06-12T18:35:18.822+0000] {logging_mixin.py:188} INFO - [2025-06-12T18:35:18.821+0000] {dagbag.py:538} INFO - Filling up the DagBag from /home/airflow/.local/lib/python3.8/site-packages/airflow/example_dags/example_python_operator.py
[2025-06-12T18:35:18.847+0000] {processor.py:840} INFO - DAG(s) 'example_python_operator' retrieved from /home/airflow/.local/lib/python3.8/site-packages/airflow/example_dags/example_python_operator.py
[2025-06-12T18:35:19.100+0000] {logging_mixin.py:188} INFO - [2025-06-12T18:35:19.100+0000] {dag.py:3036} INFO - Sync 1 DAGs
[2025-06-12T18:35:19.124+0000] {logging_mixin.py:188} INFO - [2025-06-12T18:35:19.123+0000] {dag.py:3823} INFO - Setting next_dagrun for example_python_operator to None, run_after=None
[2025-06-12T18:35:19.170+0000] {processor.py:183} INFO - Processing /home/airflow/.local/lib/python3.8/site-packages/airflow/example_dags/example_python_operator.py took 0.360 seconds
[2025-06-12T18:35:49.710+0000] {processor.py:161} INFO - Started process (PID=166) to work on /home/airflow/.local/lib/python3.8/site-packages/airflow/example_dags/example_python_operator.py
[2025-06-12T18:35:49.713+0000] {processor.py:830} INFO - Processing file /home/airflow/.local/lib/python3.8/site-packages/airflow/example_dags/example_python_operator.py for tasks to queue
[2025-06-12T18:35:49.716+0000] {logging_mixin.py:188} INFO - [2025-06-12T18:35:49.715+0000] {dagbag.py:538} INFO - Filling up the DagBag from /home/airflow/.local/lib/python3.8/site-packages/airflow/example_dags/example_python_operator.py
[2025-06-12T18:35:49.785+0000] {processor.py:840} INFO - DAG(s) 'example_python_operator' retrieved from /home/airflow/.local/lib/python3.8/site-packages/airflow/example_dags/example_python_operator.py
[2025-06-12T18:35:50.125+0000] {logging_mixin.py:188} INFO - [2025-06-12T18:35:50.124+0000] {dag.py:3036} INFO - Sync 1 DAGs
[2025-06-12T18:35:50.208+0000] {logging_mixin.py:188} INFO - [2025-06-12T18:35:50.208+0000] {dag.py:3823} INFO - Setting next_dagrun for example_python_operator to None, run_after=None
[2025-06-12T18:35:50.293+0000] {processor.py:183} INFO - Processing /home/airflow/.local/lib/python3.8/site-packages/airflow/example_dags/example_python_operator.py took 0.589 seconds
[2025-06-12T18:36:20.396+0000] {processor.py:161} INFO - Started process (PID=220) to work on /home/airflow/.local/lib/python3.8/site-packages/airflow/example_dags/example_python_operator.py
[2025-06-12T18:36:20.398+0000] {processor.py:830} INFO - Processing file /home/airflow/.local/lib/python3.8/site-packages/airflow/example_dags/example_python_operator.py for tasks to queue
[2025-06-12T18:36:20.401+0000] {logging_mixin.py:188} INFO - [2025-06-12T18:36:20.400+0000] {dagbag.py:538} INFO - Filling up the DagBag from /home/airflow/.local/lib/python3.8/site-packages/airflow/example_dags/example_python_operator.py
[2025-06-12T18:36:20.420+0000] {processor.py:840} INFO - DAG(s) 'example_python_operator' retrieved from /home/airflow/.local/lib/python3.8/site-packages/airflow/example_dags/example_python_operator.py
[2025-06-12T18:36:20.442+0000] {logging_mixin.py:188} INFO - [2025-06-12T18:36:20.442+0000] {dag.py:3036} INFO - Sync 1 DAGs
[2025-06-12T18:36:20.464+0000] {logging_mixin.py:188} INFO - [2025-06-12T18:36:20.463+0000] {dag.py:3823} INFO - Setting next_dagrun for example_python_operator to None, run_after=None
[2025-06-12T18:36:20.505+0000] {processor.py:183} INFO - Processing /home/airflow/.local/lib/python3.8/site-packages/airflow/example_dags/example_python_operator.py took 0.114 seconds
[2025-06-12T18:36:51.277+0000] {processor.py:161} INFO - Started process (PID=276) to work on /home/airflow/.local/lib/python3.8/site-packages/airflow/example_dags/example_python_operator.py
[2025-06-12T18:36:51.278+0000] {processor.py:830} INFO - Processing file /home/airflow/.local/lib/python3.8/site-packages/airflow/example_dags/example_python_operator.py for tasks to queue
[2025-06-12T18:36:51.282+0000] {logging_mixin.py:188} INFO - [2025-06-12T18:36:51.281+0000] {dagbag.py:538} INFO - Filling up the DagBag from /home/airflow/.local/lib/python3.8/site-packages/airflow/example_dags/example_python_operator.py
[2025-06-12T18:36:51.301+0000] {processor.py:840} INFO - DAG(s) 'example_python_operator' retrieved from /home/airflow/.local/lib/python3.8/site-packages/airflow/example_dags/example_python_operator.py
[2025-06-12T18:36:51.461+0000] {logging_mixin.py:188} INFO - [2025-06-12T18:36:51.461+0000] {dag.py:3036} INFO - Sync 1 DAGs
[2025-06-12T18:36:51.475+0000] {logging_mixin.py:188} INFO - [2025-06-12T18:36:51.475+0000] {dag.py:3823} INFO - Setting next_dagrun for example_python_operator to None, run_after=None
[2025-06-12T18:36:51.512+0000] {processor.py:183} INFO - Processing /home/airflow/.local/lib/python3.8/site-packages/airflow/example_dags/example_python_operator.py took 0.241 seconds
[2025-06-12T18:37:22.000+0000] {processor.py:161} INFO - Started process (PID=331) to work on /home/airflow/.local/lib/python3.8/site-packages/airflow/example_dags/example_python_operator.py
[2025-06-12T18:37:22.002+0000] {processor.py:830} INFO - Processing file /home/airflow/.local/lib/python3.8/site-packages/airflow/example_dags/example_python_operator.py for tasks to queue
[2025-06-12T18:37:22.006+0000] {logging_mixin.py:188} INFO - [2025-06-12T18:37:22.006+0000] {dagbag.py:538} INFO - Filling up the DagBag from /home/airflow/.local/lib/python3.8/site-packages/airflow/example_dags/example_python_operator.py
[2025-06-12T18:37:22.034+0000] {processor.py:840} INFO - DAG(s) 'example_python_operator' retrieved from /home/airflow/.local/lib/python3.8/site-packages/airflow/example_dags/example_python_operator.py
[2025-06-12T18:37:22.078+0000] {logging_mixin.py:188} INFO - [2025-06-12T18:37:22.078+0000] {dag.py:3036} INFO - Sync 1 DAGs
[2025-06-12T18:37:22.104+0000] {logging_mixin.py:188} INFO - [2025-06-12T18:37:22.103+0000] {dag.py:3823} INFO - Setting next_dagrun for example_python_operator to None, run_after=None
[2025-06-12T18:37:22.137+0000] {processor.py:183} INFO - Processing /home/airflow/.local/lib/python3.8/site-packages/airflow/example_dags/example_python_operator.py took 0.144 seconds
[2025-06-12T18:37:52.794+0000] {processor.py:161} INFO - Started process (PID=386) to work on /home/airflow/.local/lib/python3.8/site-packages/airflow/example_dags/example_python_operator.py
[2025-06-12T18:37:52.796+0000] {processor.py:830} INFO - Processing file /home/airflow/.local/lib/python3.8/site-packages/airflow/example_dags/example_python_operator.py for tasks to queue
[2025-06-12T18:37:52.801+0000] {logging_mixin.py:188} INFO - [2025-06-12T18:37:52.800+0000] {dagbag.py:538} INFO - Filling up the DagBag from /home/airflow/.local/lib/python3.8/site-packages/airflow/example_dags/example_python_operator.py
[2025-06-12T18:37:52.827+0000] {processor.py:840} INFO - DAG(s) 'example_python_operator' retrieved from /home/airflow/.local/lib/python3.8/site-packages/airflow/example_dags/example_python_operator.py
[2025-06-12T18:37:52.876+0000] {logging_mixin.py:188} INFO - [2025-06-12T18:37:52.875+0000] {dag.py:3036} INFO - Sync 1 DAGs
[2025-06-12T18:37:52.899+0000] {logging_mixin.py:188} INFO - [2025-06-12T18:37:52.899+0000] {dag.py:3823} INFO - Setting next_dagrun for example_python_operator to None, run_after=None
[2025-06-12T18:37:52.940+0000] {processor.py:183} INFO - Processing /home/airflow/.local/lib/python3.8/site-packages/airflow/example_dags/example_python_operator.py took 0.154 seconds
[2025-06-12T18:38:23.654+0000] {processor.py:161} INFO - Started process (PID=439) to work on /home/airflow/.local/lib/python3.8/site-packages/airflow/example_dags/example_python_operator.py
[2025-06-12T18:38:23.658+0000] {processor.py:830} INFO - Processing file /home/airflow/.local/lib/python3.8/site-packages/airflow/example_dags/example_python_operator.py for tasks to queue
[2025-06-12T18:38:23.663+0000] {logging_mixin.py:188} INFO - [2025-06-12T18:38:23.662+0000] {dagbag.py:538} INFO - Filling up the DagBag from /home/airflow/.local/lib/python3.8/site-packages/airflow/example_dags/example_python_operator.py
[2025-06-12T18:38:23.694+0000] {processor.py:840} INFO - DAG(s) 'example_python_operator' retrieved from /home/airflow/.local/lib/python3.8/site-packages/airflow/example_dags/example_python_operator.py
[2025-06-12T18:38:23.793+0000] {logging_mixin.py:188} INFO - [2025-06-12T18:38:23.792+0000] {dag.py:3036} INFO - Sync 1 DAGs
[2025-06-12T18:38:23.828+0000] {logging_mixin.py:188} INFO - [2025-06-12T18:38:23.828+0000] {dag.py:3823} INFO - Setting next_dagrun for example_python_operator to None, run_after=None
[2025-06-12T18:38:23.878+0000] {processor.py:183} INFO - Processing /home/airflow/.local/lib/python3.8/site-packages/airflow/example_dags/example_python_operator.py took 0.233 seconds
[2025-06-12T18:38:54.716+0000] {processor.py:161} INFO - Started process (PID=494) to work on /home/airflow/.local/lib/python3.8/site-packages/airflow/example_dags/example_python_operator.py
[2025-06-12T18:38:54.719+0000] {processor.py:830} INFO - Processing file /home/airflow/.local/lib/python3.8/site-packages/airflow/example_dags/example_python_operator.py for tasks to queue
[2025-06-12T18:38:54.722+0000] {logging_mixin.py:188} INFO - [2025-06-12T18:38:54.721+0000] {dagbag.py:538} INFO - Filling up the DagBag from /home/airflow/.local/lib/python3.8/site-packages/airflow/example_dags/example_python_operator.py
[2025-06-12T18:38:54.741+0000] {processor.py:840} INFO - DAG(s) 'example_python_operator' retrieved from /home/airflow/.local/lib/python3.8/site-packages/airflow/example_dags/example_python_operator.py
[2025-06-12T18:38:54.780+0000] {logging_mixin.py:188} INFO - [2025-06-12T18:38:54.779+0000] {dag.py:3036} INFO - Sync 1 DAGs
[2025-06-12T18:38:54.802+0000] {logging_mixin.py:188} INFO - [2025-06-12T18:38:54.801+0000] {dag.py:3823} INFO - Setting next_dagrun for example_python_operator to None, run_after=None
[2025-06-12T18:38:54.837+0000] {processor.py:183} INFO - Processing /home/airflow/.local/lib/python3.8/site-packages/airflow/example_dags/example_python_operator.py took 0.126 seconds
[2025-06-12T18:39:25.481+0000] {processor.py:161} INFO - Started process (PID=549) to work on /home/airflow/.local/lib/python3.8/site-packages/airflow/example_dags/example_python_operator.py
[2025-06-12T18:39:25.483+0000] {processor.py:830} INFO - Processing file /home/airflow/.local/lib/python3.8/site-packages/airflow/example_dags/example_python_operator.py for tasks to queue
[2025-06-12T18:39:25.487+0000] {logging_mixin.py:188} INFO - [2025-06-12T18:39:25.486+0000] {dagbag.py:538} INFO - Filling up the DagBag from /home/airflow/.local/lib/python3.8/site-packages/airflow/example_dags/example_python_operator.py
[2025-06-12T18:39:25.509+0000] {processor.py:840} INFO - DAG(s) 'example_python_operator' retrieved from /home/airflow/.local/lib/python3.8/site-packages/airflow/example_dags/example_python_operator.py
[2025-06-12T18:39:25.533+0000] {logging_mixin.py:188} INFO - [2025-06-12T18:39:25.532+0000] {dag.py:3036} INFO - Sync 1 DAGs
[2025-06-12T18:39:25.557+0000] {logging_mixin.py:188} INFO - [2025-06-12T18:39:25.556+0000] {dag.py:3823} INFO - Setting next_dagrun for example_python_operator to None, run_after=None
[2025-06-12T18:39:25.590+0000] {processor.py:183} INFO - Processing /home/airflow/.local/lib/python3.8/site-packages/airflow/example_dags/example_python_operator.py took 0.114 seconds
[2025-06-12T18:39:56.740+0000] {processor.py:161} INFO - Started process (PID=604) to work on /home/airflow/.local/lib/python3.8/site-packages/airflow/example_dags/example_python_operator.py
[2025-06-12T18:39:56.742+0000] {processor.py:830} INFO - Processing file /home/airflow/.local/lib/python3.8/site-packages/airflow/example_dags/example_python_operator.py for tasks to queue
[2025-06-12T18:39:56.747+0000] {logging_mixin.py:188} INFO - [2025-06-12T18:39:56.746+0000] {dagbag.py:538} INFO - Filling up the DagBag from /home/airflow/.local/lib/python3.8/site-packages/airflow/example_dags/example_python_operator.py
[2025-06-12T18:39:56.765+0000] {processor.py:840} INFO - DAG(s) 'example_python_operator' retrieved from /home/airflow/.local/lib/python3.8/site-packages/airflow/example_dags/example_python_operator.py
[2025-06-12T18:39:56.917+0000] {logging_mixin.py:188} INFO - [2025-06-12T18:39:56.916+0000] {dag.py:3036} INFO - Sync 1 DAGs
[2025-06-12T18:39:56.931+0000] {logging_mixin.py:188} INFO - [2025-06-12T18:39:56.930+0000] {dag.py:3823} INFO - Setting next_dagrun for example_python_operator to None, run_after=None
[2025-06-12T18:39:56.968+0000] {processor.py:183} INFO - Processing /home/airflow/.local/lib/python3.8/site-packages/airflow/example_dags/example_python_operator.py took 0.234 seconds
[2025-06-12T18:40:37.894+0000] {processor.py:161} INFO - Started process (PID=659) to work on /home/airflow/.local/lib/python3.8/site-packages/airflow/example_dags/example_python_operator.py
[2025-06-12T18:40:37.897+0000] {processor.py:830} INFO - Processing file /home/airflow/.local/lib/python3.8/site-packages/airflow/example_dags/example_python_operator.py for tasks to queue
[2025-06-12T18:40:37.901+0000] {logging_mixin.py:188} INFO - [2025-06-12T18:40:37.900+0000] {dagbag.py:538} INFO - Filling up the DagBag from /home/airflow/.local/lib/python3.8/site-packages/airflow/example_dags/example_python_operator.py
[2025-06-12T18:40:37.925+0000] {processor.py:840} INFO - DAG(s) 'example_python_operator' retrieved from /home/airflow/.local/lib/python3.8/site-packages/airflow/example_dags/example_python_operator.py
[2025-06-12T18:40:37.951+0000] {logging_mixin.py:188} INFO - [2025-06-12T18:40:37.951+0000] {dag.py:3036} INFO - Sync 1 DAGs
[2025-06-12T18:40:37.980+0000] {logging_mixin.py:188} INFO - [2025-06-12T18:40:37.979+0000] {dag.py:3823} INFO - Setting next_dagrun for example_python_operator to None, run_after=None
[2025-06-12T18:40:38.024+0000] {processor.py:183} INFO - Processing /home/airflow/.local/lib/python3.8/site-packages/airflow/example_dags/example_python_operator.py took 0.139 seconds
[2025-06-12T18:46:17.532+0000] {processor.py:161} INFO - Started process (PID=718) to work on /home/airflow/.local/lib/python3.8/site-packages/airflow/example_dags/example_python_operator.py
[2025-06-12T18:46:17.534+0000] {processor.py:830} INFO - Processing file /home/airflow/.local/lib/python3.8/site-packages/airflow/example_dags/example_python_operator.py for tasks to queue
[2025-06-12T18:46:17.536+0000] {logging_mixin.py:188} INFO - [2025-06-12T18:46:17.536+0000] {dagbag.py:538} INFO - Filling up the DagBag from /home/airflow/.local/lib/python3.8/site-packages/airflow/example_dags/example_python_operator.py
[2025-06-12T18:46:17.563+0000] {processor.py:840} INFO - DAG(s) 'example_python_operator' retrieved from /home/airflow/.local/lib/python3.8/site-packages/airflow/example_dags/example_python_operator.py
[2025-06-12T18:46:17.768+0000] {logging_mixin.py:188} INFO - [2025-06-12T18:46:17.768+0000] {dag.py:3036} INFO - Sync 1 DAGs
[2025-06-12T18:46:17.789+0000] {logging_mixin.py:188} INFO - [2025-06-12T18:46:17.788+0000] {dag.py:3823} INFO - Setting next_dagrun for example_python_operator to None, run_after=None
[2025-06-12T18:46:17.833+0000] {processor.py:183} INFO - Processing /home/airflow/.local/lib/python3.8/site-packages/airflow/example_dags/example_python_operator.py took 0.306 seconds
[2025-06-12T18:46:48.045+0000] {processor.py:161} INFO - Started process (PID=774) to work on /home/airflow/.local/lib/python3.8/site-packages/airflow/example_dags/example_python_operator.py
[2025-06-12T18:46:48.048+0000] {processor.py:830} INFO - Processing file /home/airflow/.local/lib/python3.8/site-packages/airflow/example_dags/example_python_operator.py for tasks to queue
[2025-06-12T18:46:48.051+0000] {logging_mixin.py:188} INFO - [2025-06-12T18:46:48.050+0000] {dagbag.py:538} INFO - Filling up the DagBag from /home/airflow/.local/lib/python3.8/site-packages/airflow/example_dags/example_python_operator.py
[2025-06-12T18:46:48.079+0000] {processor.py:840} INFO - DAG(s) 'example_python_operator' retrieved from /home/airflow/.local/lib/python3.8/site-packages/airflow/example_dags/example_python_operator.py
[2025-06-12T18:46:48.142+0000] {logging_mixin.py:188} INFO - [2025-06-12T18:46:48.142+0000] {dag.py:3036} INFO - Sync 1 DAGs
[2025-06-12T18:46:48.172+0000] {logging_mixin.py:188} INFO - [2025-06-12T18:46:48.172+0000] {dag.py:3823} INFO - Setting next_dagrun for example_python_operator to None, run_after=None
[2025-06-12T18:46:48.219+0000] {processor.py:183} INFO - Processing /home/airflow/.local/lib/python3.8/site-packages/airflow/example_dags/example_python_operator.py took 0.187 seconds
[2025-06-12T18:47:18.991+0000] {processor.py:161} INFO - Started process (PID=829) to work on /home/airflow/.local/lib/python3.8/site-packages/airflow/example_dags/example_python_operator.py
[2025-06-12T18:47:18.994+0000] {processor.py:830} INFO - Processing file /home/airflow/.local/lib/python3.8/site-packages/airflow/example_dags/example_python_operator.py for tasks to queue
[2025-06-12T18:47:18.997+0000] {logging_mixin.py:188} INFO - [2025-06-12T18:47:18.996+0000] {dagbag.py:538} INFO - Filling up the DagBag from /home/airflow/.local/lib/python3.8/site-packages/airflow/example_dags/example_python_operator.py
[2025-06-12T18:47:19.018+0000] {processor.py:840} INFO - DAG(s) 'example_python_operator' retrieved from /home/airflow/.local/lib/python3.8/site-packages/airflow/example_dags/example_python_operator.py
[2025-06-12T18:47:19.056+0000] {logging_mixin.py:188} INFO - [2025-06-12T18:47:19.055+0000] {dag.py:3036} INFO - Sync 1 DAGs
[2025-06-12T18:47:19.074+0000] {logging_mixin.py:188} INFO - [2025-06-12T18:47:19.074+0000] {dag.py:3823} INFO - Setting next_dagrun for example_python_operator to None, run_after=None
[2025-06-12T18:47:19.107+0000] {processor.py:183} INFO - Processing /home/airflow/.local/lib/python3.8/site-packages/airflow/example_dags/example_python_operator.py took 0.122 seconds
[2025-06-12T18:47:49.734+0000] {processor.py:161} INFO - Started process (PID=884) to work on /home/airflow/.local/lib/python3.8/site-packages/airflow/example_dags/example_python_operator.py
[2025-06-12T18:47:49.736+0000] {processor.py:830} INFO - Processing file /home/airflow/.local/lib/python3.8/site-packages/airflow/example_dags/example_python_operator.py for tasks to queue
[2025-06-12T18:47:49.738+0000] {logging_mixin.py:188} INFO - [2025-06-12T18:47:49.738+0000] {dagbag.py:538} INFO - Filling up the DagBag from /home/airflow/.local/lib/python3.8/site-packages/airflow/example_dags/example_python_operator.py
[2025-06-12T18:47:49.757+0000] {processor.py:840} INFO - DAG(s) 'example_python_operator' retrieved from /home/airflow/.local/lib/python3.8/site-packages/airflow/example_dags/example_python_operator.py
[2025-06-12T18:47:49.795+0000] {logging_mixin.py:188} INFO - [2025-06-12T18:47:49.795+0000] {dag.py:3036} INFO - Sync 1 DAGs
[2025-06-12T18:47:49.814+0000] {logging_mixin.py:188} INFO - [2025-06-12T18:47:49.813+0000] {dag.py:3823} INFO - Setting next_dagrun for example_python_operator to None, run_after=None
[2025-06-12T18:47:49.848+0000] {processor.py:183} INFO - Processing /home/airflow/.local/lib/python3.8/site-packages/airflow/example_dags/example_python_operator.py took 0.119 seconds
[2025-06-12T18:48:21.326+0000] {processor.py:161} INFO - Started process (PID=939) to work on /home/airflow/.local/lib/python3.8/site-packages/airflow/example_dags/example_python_operator.py
[2025-06-12T18:48:21.329+0000] {processor.py:830} INFO - Processing file /home/airflow/.local/lib/python3.8/site-packages/airflow/example_dags/example_python_operator.py for tasks to queue
[2025-06-12T18:48:21.331+0000] {logging_mixin.py:188} INFO - [2025-06-12T18:48:21.330+0000] {dagbag.py:538} INFO - Filling up the DagBag from /home/airflow/.local/lib/python3.8/site-packages/airflow/example_dags/example_python_operator.py
[2025-06-12T18:48:21.353+0000] {processor.py:840} INFO - DAG(s) 'example_python_operator' retrieved from /home/airflow/.local/lib/python3.8/site-packages/airflow/example_dags/example_python_operator.py
[2025-06-12T18:48:21.414+0000] {logging_mixin.py:188} INFO - [2025-06-12T18:48:21.414+0000] {dag.py:3036} INFO - Sync 1 DAGs
[2025-06-12T18:48:21.456+0000] {logging_mixin.py:188} INFO - [2025-06-12T18:48:21.456+0000] {dag.py:3823} INFO - Setting next_dagrun for example_python_operator to None, run_after=None
[2025-06-12T18:48:21.506+0000] {processor.py:183} INFO - Processing /home/airflow/.local/lib/python3.8/site-packages/airflow/example_dags/example_python_operator.py took 0.186 seconds
[2025-06-12T18:48:51.598+0000] {processor.py:161} INFO - Started process (PID=992) to work on /home/airflow/.local/lib/python3.8/site-packages/airflow/example_dags/example_python_operator.py
[2025-06-12T18:48:51.601+0000] {processor.py:830} INFO - Processing file /home/airflow/.local/lib/python3.8/site-packages/airflow/example_dags/example_python_operator.py for tasks to queue
[2025-06-12T18:48:51.603+0000] {logging_mixin.py:188} INFO - [2025-06-12T18:48:51.602+0000] {dagbag.py:538} INFO - Filling up the DagBag from /home/airflow/.local/lib/python3.8/site-packages/airflow/example_dags/example_python_operator.py
[2025-06-12T18:48:51.622+0000] {processor.py:840} INFO - DAG(s) 'example_python_operator' retrieved from /home/airflow/.local/lib/python3.8/site-packages/airflow/example_dags/example_python_operator.py
[2025-06-12T18:48:51.666+0000] {logging_mixin.py:188} INFO - [2025-06-12T18:48:51.665+0000] {dag.py:3036} INFO - Sync 1 DAGs
[2025-06-12T18:48:51.683+0000] {logging_mixin.py:188} INFO - [2025-06-12T18:48:51.683+0000] {dag.py:3823} INFO - Setting next_dagrun for example_python_operator to None, run_after=None
[2025-06-12T18:48:51.718+0000] {processor.py:183} INFO - Processing /home/airflow/.local/lib/python3.8/site-packages/airflow/example_dags/example_python_operator.py took 0.126 seconds
[2025-06-12T18:49:21.940+0000] {processor.py:161} INFO - Started process (PID=1047) to work on /home/airflow/.local/lib/python3.8/site-packages/airflow/example_dags/example_python_operator.py
[2025-06-12T18:49:21.942+0000] {processor.py:830} INFO - Processing file /home/airflow/.local/lib/python3.8/site-packages/airflow/example_dags/example_python_operator.py for tasks to queue
[2025-06-12T18:49:21.944+0000] {logging_mixin.py:188} INFO - [2025-06-12T18:49:21.943+0000] {dagbag.py:538} INFO - Filling up the DagBag from /home/airflow/.local/lib/python3.8/site-packages/airflow/example_dags/example_python_operator.py
[2025-06-12T18:49:21.960+0000] {processor.py:840} INFO - DAG(s) 'example_python_operator' retrieved from /home/airflow/.local/lib/python3.8/site-packages/airflow/example_dags/example_python_operator.py
[2025-06-12T18:49:21.997+0000] {logging_mixin.py:188} INFO - [2025-06-12T18:49:21.997+0000] {dag.py:3036} INFO - Sync 1 DAGs
[2025-06-12T18:49:22.017+0000] {logging_mixin.py:188} INFO - [2025-06-12T18:49:22.016+0000] {dag.py:3823} INFO - Setting next_dagrun for example_python_operator to None, run_after=None
[2025-06-12T18:49:22.051+0000] {processor.py:183} INFO - Processing /home/airflow/.local/lib/python3.8/site-packages/airflow/example_dags/example_python_operator.py took 0.117 seconds
[2025-06-12T18:49:53.447+0000] {processor.py:161} INFO - Started process (PID=1102) to work on /home/airflow/.local/lib/python3.8/site-packages/airflow/example_dags/example_python_operator.py
[2025-06-12T18:49:53.454+0000] {processor.py:830} INFO - Processing file /home/airflow/.local/lib/python3.8/site-packages/airflow/example_dags/example_python_operator.py for tasks to queue
[2025-06-12T18:49:53.459+0000] {logging_mixin.py:188} INFO - [2025-06-12T18:49:53.458+0000] {dagbag.py:538} INFO - Filling up the DagBag from /home/airflow/.local/lib/python3.8/site-packages/airflow/example_dags/example_python_operator.py
[2025-06-12T18:49:53.495+0000] {processor.py:840} INFO - DAG(s) 'example_python_operator' retrieved from /home/airflow/.local/lib/python3.8/site-packages/airflow/example_dags/example_python_operator.py
[2025-06-12T18:49:53.535+0000] {logging_mixin.py:188} INFO - [2025-06-12T18:49:53.535+0000] {dag.py:3036} INFO - Sync 1 DAGs
[2025-06-12T18:49:53.555+0000] {logging_mixin.py:188} INFO - [2025-06-12T18:49:53.555+0000] {dag.py:3823} INFO - Setting next_dagrun for example_python_operator to None, run_after=None
[2025-06-12T18:49:53.591+0000] {processor.py:183} INFO - Processing /home/airflow/.local/lib/python3.8/site-packages/airflow/example_dags/example_python_operator.py took 0.156 seconds
[2025-06-12T18:50:24.497+0000] {processor.py:161} INFO - Started process (PID=1157) to work on /home/airflow/.local/lib/python3.8/site-packages/airflow/example_dags/example_python_operator.py
[2025-06-12T18:50:24.499+0000] {processor.py:830} INFO - Processing file /home/airflow/.local/lib/python3.8/site-packages/airflow/example_dags/example_python_operator.py for tasks to queue
[2025-06-12T18:50:24.500+0000] {logging_mixin.py:188} INFO - [2025-06-12T18:50:24.500+0000] {dagbag.py:538} INFO - Filling up the DagBag from /home/airflow/.local/lib/python3.8/site-packages/airflow/example_dags/example_python_operator.py
[2025-06-12T18:50:24.521+0000] {processor.py:840} INFO - DAG(s) 'example_python_operator' retrieved from /home/airflow/.local/lib/python3.8/site-packages/airflow/example_dags/example_python_operator.py
[2025-06-12T18:50:24.557+0000] {logging_mixin.py:188} INFO - [2025-06-12T18:50:24.556+0000] {dag.py:3036} INFO - Sync 1 DAGs
[2025-06-12T18:50:24.573+0000] {logging_mixin.py:188} INFO - [2025-06-12T18:50:24.573+0000] {dag.py:3823} INFO - Setting next_dagrun for example_python_operator to None, run_after=None
[2025-06-12T18:50:24.605+0000] {processor.py:183} INFO - Processing /home/airflow/.local/lib/python3.8/site-packages/airflow/example_dags/example_python_operator.py took 0.113 seconds
[2025-06-12T18:50:55.156+0000] {processor.py:161} INFO - Started process (PID=1213) to work on /home/airflow/.local/lib/python3.8/site-packages/airflow/example_dags/example_python_operator.py
[2025-06-12T18:50:55.159+0000] {processor.py:830} INFO - Processing file /home/airflow/.local/lib/python3.8/site-packages/airflow/example_dags/example_python_operator.py for tasks to queue
[2025-06-12T18:50:55.161+0000] {logging_mixin.py:188} INFO - [2025-06-12T18:50:55.160+0000] {dagbag.py:538} INFO - Filling up the DagBag from /home/airflow/.local/lib/python3.8/site-packages/airflow/example_dags/example_python_operator.py
[2025-06-12T18:50:55.183+0000] {processor.py:840} INFO - DAG(s) 'example_python_operator' retrieved from /home/airflow/.local/lib/python3.8/site-packages/airflow/example_dags/example_python_operator.py
[2025-06-12T18:50:55.222+0000] {logging_mixin.py:188} INFO - [2025-06-12T18:50:55.221+0000] {dag.py:3036} INFO - Sync 1 DAGs
[2025-06-12T18:50:55.239+0000] {logging_mixin.py:188} INFO - [2025-06-12T18:50:55.238+0000] {dag.py:3823} INFO - Setting next_dagrun for example_python_operator to None, run_after=None
[2025-06-12T18:50:55.269+0000] {processor.py:183} INFO - Processing /home/airflow/.local/lib/python3.8/site-packages/airflow/example_dags/example_python_operator.py took 0.121 seconds
[2025-06-12T18:51:25.816+0000] {processor.py:161} INFO - Started process (PID=1268) to work on /home/airflow/.local/lib/python3.8/site-packages/airflow/example_dags/example_python_operator.py
[2025-06-12T18:51:25.818+0000] {processor.py:830} INFO - Processing file /home/airflow/.local/lib/python3.8/site-packages/airflow/example_dags/example_python_operator.py for tasks to queue
[2025-06-12T18:51:25.820+0000] {logging_mixin.py:188} INFO - [2025-06-12T18:51:25.819+0000] {dagbag.py:538} INFO - Filling up the DagBag from /home/airflow/.local/lib/python3.8/site-packages/airflow/example_dags/example_python_operator.py
[2025-06-12T18:51:25.842+0000] {processor.py:840} INFO - DAG(s) 'example_python_operator' retrieved from /home/airflow/.local/lib/python3.8/site-packages/airflow/example_dags/example_python_operator.py
[2025-06-12T18:51:25.879+0000] {logging_mixin.py:188} INFO - [2025-06-12T18:51:25.879+0000] {dag.py:3036} INFO - Sync 1 DAGs
[2025-06-12T18:51:25.899+0000] {logging_mixin.py:188} INFO - [2025-06-12T18:51:25.898+0000] {dag.py:3823} INFO - Setting next_dagrun for example_python_operator to None, run_after=None
[2025-06-12T18:51:25.938+0000] {processor.py:183} INFO - Processing /home/airflow/.local/lib/python3.8/site-packages/airflow/example_dags/example_python_operator.py took 0.128 seconds
[2025-06-12T18:51:56.620+0000] {processor.py:161} INFO - Started process (PID=1323) to work on /home/airflow/.local/lib/python3.8/site-packages/airflow/example_dags/example_python_operator.py
[2025-06-12T18:51:56.623+0000] {processor.py:830} INFO - Processing file /home/airflow/.local/lib/python3.8/site-packages/airflow/example_dags/example_python_operator.py for tasks to queue
[2025-06-12T18:51:56.625+0000] {logging_mixin.py:188} INFO - [2025-06-12T18:51:56.625+0000] {dagbag.py:538} INFO - Filling up the DagBag from /home/airflow/.local/lib/python3.8/site-packages/airflow/example_dags/example_python_operator.py
[2025-06-12T18:51:56.649+0000] {processor.py:840} INFO - DAG(s) 'example_python_operator' retrieved from /home/airflow/.local/lib/python3.8/site-packages/airflow/example_dags/example_python_operator.py
[2025-06-12T18:51:56.688+0000] {logging_mixin.py:188} INFO - [2025-06-12T18:51:56.687+0000] {dag.py:3036} INFO - Sync 1 DAGs
[2025-06-12T18:51:56.708+0000] {logging_mixin.py:188} INFO - [2025-06-12T18:51:56.707+0000] {dag.py:3823} INFO - Setting next_dagrun for example_python_operator to None, run_after=None
[2025-06-12T18:51:56.742+0000] {processor.py:183} INFO - Processing /home/airflow/.local/lib/python3.8/site-packages/airflow/example_dags/example_python_operator.py took 0.129 seconds
[2025-06-12T18:52:27.261+0000] {processor.py:161} INFO - Started process (PID=1379) to work on /home/airflow/.local/lib/python3.8/site-packages/airflow/example_dags/example_python_operator.py
[2025-06-12T18:52:27.263+0000] {processor.py:830} INFO - Processing file /home/airflow/.local/lib/python3.8/site-packages/airflow/example_dags/example_python_operator.py for tasks to queue
[2025-06-12T18:52:27.265+0000] {logging_mixin.py:188} INFO - [2025-06-12T18:52:27.264+0000] {dagbag.py:538} INFO - Filling up the DagBag from /home/airflow/.local/lib/python3.8/site-packages/airflow/example_dags/example_python_operator.py
[2025-06-12T18:52:27.282+0000] {processor.py:840} INFO - DAG(s) 'example_python_operator' retrieved from /home/airflow/.local/lib/python3.8/site-packages/airflow/example_dags/example_python_operator.py
[2025-06-12T18:52:27.319+0000] {logging_mixin.py:188} INFO - [2025-06-12T18:52:27.319+0000] {dag.py:3036} INFO - Sync 1 DAGs
[2025-06-12T18:52:27.337+0000] {logging_mixin.py:188} INFO - [2025-06-12T18:52:27.336+0000] {dag.py:3823} INFO - Setting next_dagrun for example_python_operator to None, run_after=None
[2025-06-12T18:52:27.369+0000] {processor.py:183} INFO - Processing /home/airflow/.local/lib/python3.8/site-packages/airflow/example_dags/example_python_operator.py took 0.112 seconds
[2025-06-12T18:52:58.603+0000] {processor.py:161} INFO - Started process (PID=1434) to work on /home/airflow/.local/lib/python3.8/site-packages/airflow/example_dags/example_python_operator.py
[2025-06-12T18:52:58.607+0000] {processor.py:830} INFO - Processing file /home/airflow/.local/lib/python3.8/site-packages/airflow/example_dags/example_python_operator.py for tasks to queue
[2025-06-12T18:52:58.610+0000] {logging_mixin.py:188} INFO - [2025-06-12T18:52:58.609+0000] {dagbag.py:538} INFO - Filling up the DagBag from /home/airflow/.local/lib/python3.8/site-packages/airflow/example_dags/example_python_operator.py
[2025-06-12T18:52:58.641+0000] {processor.py:840} INFO - DAG(s) 'example_python_operator' retrieved from /home/airflow/.local/lib/python3.8/site-packages/airflow/example_dags/example_python_operator.py
[2025-06-12T18:52:58.698+0000] {logging_mixin.py:188} INFO - [2025-06-12T18:52:58.698+0000] {dag.py:3036} INFO - Sync 1 DAGs
[2025-06-12T18:52:58.731+0000] {logging_mixin.py:188} INFO - [2025-06-12T18:52:58.730+0000] {dag.py:3823} INFO - Setting next_dagrun for example_python_operator to None, run_after=None
[2025-06-12T18:52:58.785+0000] {processor.py:183} INFO - Processing /home/airflow/.local/lib/python3.8/site-packages/airflow/example_dags/example_python_operator.py took 0.192 seconds
[2025-06-12T18:53:29.237+0000] {processor.py:161} INFO - Started process (PID=1489) to work on /home/airflow/.local/lib/python3.8/site-packages/airflow/example_dags/example_python_operator.py
[2025-06-12T18:53:29.239+0000] {processor.py:830} INFO - Processing file /home/airflow/.local/lib/python3.8/site-packages/airflow/example_dags/example_python_operator.py for tasks to queue
[2025-06-12T18:53:29.240+0000] {logging_mixin.py:188} INFO - [2025-06-12T18:53:29.240+0000] {dagbag.py:538} INFO - Filling up the DagBag from /home/airflow/.local/lib/python3.8/site-packages/airflow/example_dags/example_python_operator.py
[2025-06-12T18:53:29.261+0000] {processor.py:840} INFO - DAG(s) 'example_python_operator' retrieved from /home/airflow/.local/lib/python3.8/site-packages/airflow/example_dags/example_python_operator.py
[2025-06-12T18:53:29.301+0000] {logging_mixin.py:188} INFO - [2025-06-12T18:53:29.301+0000] {dag.py:3036} INFO - Sync 1 DAGs
[2025-06-12T18:53:29.320+0000] {logging_mixin.py:188} INFO - [2025-06-12T18:53:29.319+0000] {dag.py:3823} INFO - Setting next_dagrun for example_python_operator to None, run_after=None
[2025-06-12T18:53:29.353+0000] {processor.py:183} INFO - Processing /home/airflow/.local/lib/python3.8/site-packages/airflow/example_dags/example_python_operator.py took 0.122 seconds
[2025-06-12T18:54:00.401+0000] {processor.py:161} INFO - Started process (PID=1545) to work on /home/airflow/.local/lib/python3.8/site-packages/airflow/example_dags/example_python_operator.py
[2025-06-12T18:54:00.403+0000] {processor.py:830} INFO - Processing file /home/airflow/.local/lib/python3.8/site-packages/airflow/example_dags/example_python_operator.py for tasks to queue
[2025-06-12T18:54:00.406+0000] {logging_mixin.py:188} INFO - [2025-06-12T18:54:00.405+0000] {dagbag.py:538} INFO - Filling up the DagBag from /home/airflow/.local/lib/python3.8/site-packages/airflow/example_dags/example_python_operator.py
[2025-06-12T18:54:00.425+0000] {processor.py:840} INFO - DAG(s) 'example_python_operator' retrieved from /home/airflow/.local/lib/python3.8/site-packages/airflow/example_dags/example_python_operator.py
[2025-06-12T18:54:00.463+0000] {logging_mixin.py:188} INFO - [2025-06-12T18:54:00.462+0000] {dag.py:3036} INFO - Sync 1 DAGs
[2025-06-12T18:54:00.482+0000] {logging_mixin.py:188} INFO - [2025-06-12T18:54:00.482+0000] {dag.py:3823} INFO - Setting next_dagrun for example_python_operator to None, run_after=None
[2025-06-12T18:54:00.517+0000] {processor.py:183} INFO - Processing /home/airflow/.local/lib/python3.8/site-packages/airflow/example_dags/example_python_operator.py took 0.123 seconds
[2025-06-12T18:54:31.338+0000] {processor.py:161} INFO - Started process (PID=1600) to work on /home/airflow/.local/lib/python3.8/site-packages/airflow/example_dags/example_python_operator.py
[2025-06-12T18:54:31.341+0000] {processor.py:830} INFO - Processing file /home/airflow/.local/lib/python3.8/site-packages/airflow/example_dags/example_python_operator.py for tasks to queue
[2025-06-12T18:54:31.343+0000] {logging_mixin.py:188} INFO - [2025-06-12T18:54:31.342+0000] {dagbag.py:538} INFO - Filling up the DagBag from /home/airflow/.local/lib/python3.8/site-packages/airflow/example_dags/example_python_operator.py
[2025-06-12T18:54:31.361+0000] {processor.py:840} INFO - DAG(s) 'example_python_operator' retrieved from /home/airflow/.local/lib/python3.8/site-packages/airflow/example_dags/example_python_operator.py
[2025-06-12T18:54:31.410+0000] {logging_mixin.py:188} INFO - [2025-06-12T18:54:31.410+0000] {dag.py:3036} INFO - Sync 1 DAGs
[2025-06-12T18:54:31.432+0000] {logging_mixin.py:188} INFO - [2025-06-12T18:54:31.432+0000] {dag.py:3823} INFO - Setting next_dagrun for example_python_operator to None, run_after=None
[2025-06-12T18:54:31.464+0000] {processor.py:183} INFO - Processing /home/airflow/.local/lib/python3.8/site-packages/airflow/example_dags/example_python_operator.py took 0.132 seconds
[2025-06-12T18:55:02.549+0000] {processor.py:161} INFO - Started process (PID=1655) to work on /home/airflow/.local/lib/python3.8/site-packages/airflow/example_dags/example_python_operator.py
[2025-06-12T18:55:02.551+0000] {processor.py:830} INFO - Processing file /home/airflow/.local/lib/python3.8/site-packages/airflow/example_dags/example_python_operator.py for tasks to queue
[2025-06-12T18:55:02.554+0000] {logging_mixin.py:188} INFO - [2025-06-12T18:55:02.553+0000] {dagbag.py:538} INFO - Filling up the DagBag from /home/airflow/.local/lib/python3.8/site-packages/airflow/example_dags/example_python_operator.py
[2025-06-12T18:55:02.577+0000] {processor.py:840} INFO - DAG(s) 'example_python_operator' retrieved from /home/airflow/.local/lib/python3.8/site-packages/airflow/example_dags/example_python_operator.py
[2025-06-12T18:55:02.618+0000] {logging_mixin.py:188} INFO - [2025-06-12T18:55:02.618+0000] {dag.py:3036} INFO - Sync 1 DAGs
[2025-06-12T18:55:02.639+0000] {logging_mixin.py:188} INFO - [2025-06-12T18:55:02.638+0000] {dag.py:3823} INFO - Setting next_dagrun for example_python_operator to None, run_after=None
[2025-06-12T18:55:02.674+0000] {processor.py:183} INFO - Processing /home/airflow/.local/lib/python3.8/site-packages/airflow/example_dags/example_python_operator.py took 0.132 seconds
[2025-06-12T18:55:33.654+0000] {processor.py:161} INFO - Started process (PID=1710) to work on /home/airflow/.local/lib/python3.8/site-packages/airflow/example_dags/example_python_operator.py
[2025-06-12T18:55:33.656+0000] {processor.py:830} INFO - Processing file /home/airflow/.local/lib/python3.8/site-packages/airflow/example_dags/example_python_operator.py for tasks to queue
[2025-06-12T18:55:33.659+0000] {logging_mixin.py:188} INFO - [2025-06-12T18:55:33.658+0000] {dagbag.py:538} INFO - Filling up the DagBag from /home/airflow/.local/lib/python3.8/site-packages/airflow/example_dags/example_python_operator.py
[2025-06-12T18:55:33.681+0000] {processor.py:840} INFO - DAG(s) 'example_python_operator' retrieved from /home/airflow/.local/lib/python3.8/site-packages/airflow/example_dags/example_python_operator.py
[2025-06-12T18:55:33.729+0000] {logging_mixin.py:188} INFO - [2025-06-12T18:55:33.728+0000] {dag.py:3036} INFO - Sync 1 DAGs
[2025-06-12T18:55:33.750+0000] {logging_mixin.py:188} INFO - [2025-06-12T18:55:33.750+0000] {dag.py:3823} INFO - Setting next_dagrun for example_python_operator to None, run_after=None
[2025-06-12T18:55:33.798+0000] {processor.py:183} INFO - Processing /home/airflow/.local/lib/python3.8/site-packages/airflow/example_dags/example_python_operator.py took 0.152 seconds
[2025-06-12T18:56:04.926+0000] {processor.py:161} INFO - Started process (PID=1765) to work on /home/airflow/.local/lib/python3.8/site-packages/airflow/example_dags/example_python_operator.py
[2025-06-12T18:56:04.929+0000] {processor.py:830} INFO - Processing file /home/airflow/.local/lib/python3.8/site-packages/airflow/example_dags/example_python_operator.py for tasks to queue
[2025-06-12T18:56:04.932+0000] {logging_mixin.py:188} INFO - [2025-06-12T18:56:04.931+0000] {dagbag.py:538} INFO - Filling up the DagBag from /home/airflow/.local/lib/python3.8/site-packages/airflow/example_dags/example_python_operator.py
[2025-06-12T18:56:04.951+0000] {processor.py:840} INFO - DAG(s) 'example_python_operator' retrieved from /home/airflow/.local/lib/python3.8/site-packages/airflow/example_dags/example_python_operator.py
[2025-06-12T18:56:04.994+0000] {logging_mixin.py:188} INFO - [2025-06-12T18:56:04.993+0000] {dag.py:3036} INFO - Sync 1 DAGs
[2025-06-12T18:56:05.014+0000] {logging_mixin.py:188} INFO - [2025-06-12T18:56:05.014+0000] {dag.py:3823} INFO - Setting next_dagrun for example_python_operator to None, run_after=None
[2025-06-12T18:56:05.049+0000] {processor.py:183} INFO - Processing /home/airflow/.local/lib/python3.8/site-packages/airflow/example_dags/example_python_operator.py took 0.128 seconds
[2025-06-12T18:56:35.437+0000] {processor.py:161} INFO - Started process (PID=1820) to work on /home/airflow/.local/lib/python3.8/site-packages/airflow/example_dags/example_python_operator.py
[2025-06-12T18:56:35.439+0000] {processor.py:830} INFO - Processing file /home/airflow/.local/lib/python3.8/site-packages/airflow/example_dags/example_python_operator.py for tasks to queue
[2025-06-12T18:56:35.442+0000] {logging_mixin.py:188} INFO - [2025-06-12T18:56:35.441+0000] {dagbag.py:538} INFO - Filling up the DagBag from /home/airflow/.local/lib/python3.8/site-packages/airflow/example_dags/example_python_operator.py
[2025-06-12T18:56:35.467+0000] {processor.py:840} INFO - DAG(s) 'example_python_operator' retrieved from /home/airflow/.local/lib/python3.8/site-packages/airflow/example_dags/example_python_operator.py
[2025-06-12T18:56:35.511+0000] {logging_mixin.py:188} INFO - [2025-06-12T18:56:35.511+0000] {dag.py:3036} INFO - Sync 1 DAGs
[2025-06-12T18:56:35.536+0000] {logging_mixin.py:188} INFO - [2025-06-12T18:56:35.536+0000] {dag.py:3823} INFO - Setting next_dagrun for example_python_operator to None, run_after=None
[2025-06-12T18:56:35.574+0000] {processor.py:183} INFO - Processing /home/airflow/.local/lib/python3.8/site-packages/airflow/example_dags/example_python_operator.py took 0.144 seconds
[2025-06-12T18:57:05.827+0000] {processor.py:161} INFO - Started process (PID=1874) to work on /home/airflow/.local/lib/python3.8/site-packages/airflow/example_dags/example_python_operator.py
[2025-06-12T18:57:05.829+0000] {processor.py:830} INFO - Processing file /home/airflow/.local/lib/python3.8/site-packages/airflow/example_dags/example_python_operator.py for tasks to queue
[2025-06-12T18:57:05.834+0000] {logging_mixin.py:188} INFO - [2025-06-12T18:57:05.832+0000] {dagbag.py:538} INFO - Filling up the DagBag from /home/airflow/.local/lib/python3.8/site-packages/airflow/example_dags/example_python_operator.py
[2025-06-12T18:57:05.857+0000] {processor.py:840} INFO - DAG(s) 'example_python_operator' retrieved from /home/airflow/.local/lib/python3.8/site-packages/airflow/example_dags/example_python_operator.py
[2025-06-12T18:57:05.899+0000] {logging_mixin.py:188} INFO - [2025-06-12T18:57:05.899+0000] {dag.py:3036} INFO - Sync 1 DAGs
[2025-06-12T18:57:05.917+0000] {logging_mixin.py:188} INFO - [2025-06-12T18:57:05.917+0000] {dag.py:3823} INFO - Setting next_dagrun for example_python_operator to None, run_after=None
[2025-06-12T18:57:05.952+0000] {processor.py:183} INFO - Processing /home/airflow/.local/lib/python3.8/site-packages/airflow/example_dags/example_python_operator.py took 0.131 seconds
[2025-06-12T18:57:44.173+0000] {processor.py:161} INFO - Started process (PID=1930) to work on /home/airflow/.local/lib/python3.8/site-packages/airflow/example_dags/example_python_operator.py
[2025-06-12T18:57:44.176+0000] {processor.py:830} INFO - Processing file /home/airflow/.local/lib/python3.8/site-packages/airflow/example_dags/example_python_operator.py for tasks to queue
[2025-06-12T18:57:44.179+0000] {logging_mixin.py:188} INFO - [2025-06-12T18:57:44.178+0000] {dagbag.py:538} INFO - Filling up the DagBag from /home/airflow/.local/lib/python3.8/site-packages/airflow/example_dags/example_python_operator.py
[2025-06-12T18:57:44.217+0000] {processor.py:840} INFO - DAG(s) 'example_python_operator' retrieved from /home/airflow/.local/lib/python3.8/site-packages/airflow/example_dags/example_python_operator.py
[2025-06-12T18:57:44.283+0000] {logging_mixin.py:188} INFO - [2025-06-12T18:57:44.281+0000] {dag.py:3036} INFO - Sync 1 DAGs
[2025-06-12T18:57:44.324+0000] {logging_mixin.py:188} INFO - [2025-06-12T18:57:44.323+0000] {dag.py:3823} INFO - Setting next_dagrun for example_python_operator to None, run_after=None
[2025-06-12T18:57:44.397+0000] {processor.py:183} INFO - Processing /home/airflow/.local/lib/python3.8/site-packages/airflow/example_dags/example_python_operator.py took 0.232 seconds
[2025-06-12T18:58:15.044+0000] {processor.py:161} INFO - Started process (PID=1986) to work on /home/airflow/.local/lib/python3.8/site-packages/airflow/example_dags/example_python_operator.py
[2025-06-12T18:58:15.047+0000] {processor.py:830} INFO - Processing file /home/airflow/.local/lib/python3.8/site-packages/airflow/example_dags/example_python_operator.py for tasks to queue
[2025-06-12T18:58:15.051+0000] {logging_mixin.py:188} INFO - [2025-06-12T18:58:15.051+0000] {dagbag.py:538} INFO - Filling up the DagBag from /home/airflow/.local/lib/python3.8/site-packages/airflow/example_dags/example_python_operator.py
[2025-06-12T18:58:15.075+0000] {processor.py:840} INFO - DAG(s) 'example_python_operator' retrieved from /home/airflow/.local/lib/python3.8/site-packages/airflow/example_dags/example_python_operator.py
[2025-06-12T18:58:15.121+0000] {logging_mixin.py:188} INFO - [2025-06-12T18:58:15.120+0000] {dag.py:3036} INFO - Sync 1 DAGs
[2025-06-12T18:58:15.144+0000] {logging_mixin.py:188} INFO - [2025-06-12T18:58:15.143+0000] {dag.py:3823} INFO - Setting next_dagrun for example_python_operator to None, run_after=None
[2025-06-12T18:58:15.188+0000] {processor.py:183} INFO - Processing /home/airflow/.local/lib/python3.8/site-packages/airflow/example_dags/example_python_operator.py took 0.151 seconds
[2025-06-12T18:58:45.908+0000] {processor.py:161} INFO - Started process (PID=2041) to work on /home/airflow/.local/lib/python3.8/site-packages/airflow/example_dags/example_python_operator.py
[2025-06-12T18:58:45.911+0000] {processor.py:830} INFO - Processing file /home/airflow/.local/lib/python3.8/site-packages/airflow/example_dags/example_python_operator.py for tasks to queue
[2025-06-12T18:58:45.913+0000] {logging_mixin.py:188} INFO - [2025-06-12T18:58:45.912+0000] {dagbag.py:538} INFO - Filling up the DagBag from /home/airflow/.local/lib/python3.8/site-packages/airflow/example_dags/example_python_operator.py
[2025-06-12T18:58:45.931+0000] {processor.py:840} INFO - DAG(s) 'example_python_operator' retrieved from /home/airflow/.local/lib/python3.8/site-packages/airflow/example_dags/example_python_operator.py
[2025-06-12T18:58:45.970+0000] {logging_mixin.py:188} INFO - [2025-06-12T18:58:45.970+0000] {dag.py:3036} INFO - Sync 1 DAGs
[2025-06-12T18:58:45.989+0000] {logging_mixin.py:188} INFO - [2025-06-12T18:58:45.989+0000] {dag.py:3823} INFO - Setting next_dagrun for example_python_operator to None, run_after=None
[2025-06-12T18:58:46.023+0000] {processor.py:183} INFO - Processing /home/airflow/.local/lib/python3.8/site-packages/airflow/example_dags/example_python_operator.py took 0.121 seconds
[2025-06-12T18:59:19.394+0000] {processor.py:161} INFO - Started process (PID=2102) to work on /home/airflow/.local/lib/python3.8/site-packages/airflow/example_dags/example_python_operator.py
[2025-06-12T18:59:19.406+0000] {processor.py:830} INFO - Processing file /home/airflow/.local/lib/python3.8/site-packages/airflow/example_dags/example_python_operator.py for tasks to queue
[2025-06-12T18:59:19.414+0000] {logging_mixin.py:188} INFO - [2025-06-12T18:59:19.413+0000] {dagbag.py:538} INFO - Filling up the DagBag from /home/airflow/.local/lib/python3.8/site-packages/airflow/example_dags/example_python_operator.py
[2025-06-12T18:59:19.471+0000] {processor.py:840} INFO - DAG(s) 'example_python_operator' retrieved from /home/airflow/.local/lib/python3.8/site-packages/airflow/example_dags/example_python_operator.py
[2025-06-12T18:59:19.537+0000] {logging_mixin.py:188} INFO - [2025-06-12T18:59:19.537+0000] {dag.py:3036} INFO - Sync 1 DAGs
[2025-06-12T18:59:19.572+0000] {logging_mixin.py:188} INFO - [2025-06-12T18:59:19.572+0000] {dag.py:3823} INFO - Setting next_dagrun for example_python_operator to None, run_after=None
[2025-06-12T18:59:19.628+0000] {processor.py:183} INFO - Processing /home/airflow/.local/lib/python3.8/site-packages/airflow/example_dags/example_python_operator.py took 0.252 seconds
[2025-06-12T18:59:51.883+0000] {processor.py:161} INFO - Started process (PID=2157) to work on /home/airflow/.local/lib/python3.8/site-packages/airflow/example_dags/example_python_operator.py
[2025-06-12T18:59:51.887+0000] {processor.py:830} INFO - Processing file /home/airflow/.local/lib/python3.8/site-packages/airflow/example_dags/example_python_operator.py for tasks to queue
[2025-06-12T18:59:51.890+0000] {logging_mixin.py:188} INFO - [2025-06-12T18:59:51.889+0000] {dagbag.py:538} INFO - Filling up the DagBag from /home/airflow/.local/lib/python3.8/site-packages/airflow/example_dags/example_python_operator.py
[2025-06-12T18:59:51.940+0000] {processor.py:840} INFO - DAG(s) 'example_python_operator' retrieved from /home/airflow/.local/lib/python3.8/site-packages/airflow/example_dags/example_python_operator.py
[2025-06-12T18:59:52.011+0000] {logging_mixin.py:188} INFO - [2025-06-12T18:59:52.010+0000] {dag.py:3036} INFO - Sync 1 DAGs
[2025-06-12T18:59:52.055+0000] {logging_mixin.py:188} INFO - [2025-06-12T18:59:52.054+0000] {dag.py:3823} INFO - Setting next_dagrun for example_python_operator to None, run_after=None
[2025-06-12T18:59:52.146+0000] {processor.py:183} INFO - Processing /home/airflow/.local/lib/python3.8/site-packages/airflow/example_dags/example_python_operator.py took 0.272 seconds
[2025-06-12T19:00:22.988+0000] {processor.py:161} INFO - Started process (PID=2213) to work on /home/airflow/.local/lib/python3.8/site-packages/airflow/example_dags/example_python_operator.py
[2025-06-12T19:00:22.992+0000] {processor.py:830} INFO - Processing file /home/airflow/.local/lib/python3.8/site-packages/airflow/example_dags/example_python_operator.py for tasks to queue
[2025-06-12T19:00:22.995+0000] {logging_mixin.py:188} INFO - [2025-06-12T19:00:22.994+0000] {dagbag.py:538} INFO - Filling up the DagBag from /home/airflow/.local/lib/python3.8/site-packages/airflow/example_dags/example_python_operator.py
[2025-06-12T19:00:23.029+0000] {processor.py:840} INFO - DAG(s) 'example_python_operator' retrieved from /home/airflow/.local/lib/python3.8/site-packages/airflow/example_dags/example_python_operator.py
[2025-06-12T19:00:23.088+0000] {logging_mixin.py:188} INFO - [2025-06-12T19:00:23.088+0000] {dag.py:3036} INFO - Sync 1 DAGs
[2025-06-12T19:00:23.119+0000] {logging_mixin.py:188} INFO - [2025-06-12T19:00:23.119+0000] {dag.py:3823} INFO - Setting next_dagrun for example_python_operator to None, run_after=None
[2025-06-12T19:00:23.172+0000] {processor.py:183} INFO - Processing /home/airflow/.local/lib/python3.8/site-packages/airflow/example_dags/example_python_operator.py took 0.192 seconds
[2025-06-12T19:00:55.951+0000] {processor.py:161} INFO - Started process (PID=2268) to work on /home/airflow/.local/lib/python3.8/site-packages/airflow/example_dags/example_python_operator.py
[2025-06-12T19:00:55.955+0000] {processor.py:830} INFO - Processing file /home/airflow/.local/lib/python3.8/site-packages/airflow/example_dags/example_python_operator.py for tasks to queue
[2025-06-12T19:00:55.960+0000] {logging_mixin.py:188} INFO - [2025-06-12T19:00:55.958+0000] {dagbag.py:538} INFO - Filling up the DagBag from /home/airflow/.local/lib/python3.8/site-packages/airflow/example_dags/example_python_operator.py
[2025-06-12T19:00:56.006+0000] {processor.py:840} INFO - DAG(s) 'example_python_operator' retrieved from /home/airflow/.local/lib/python3.8/site-packages/airflow/example_dags/example_python_operator.py
[2025-06-12T19:00:56.085+0000] {logging_mixin.py:188} INFO - [2025-06-12T19:00:56.085+0000] {dag.py:3036} INFO - Sync 1 DAGs
[2025-06-12T19:00:56.124+0000] {logging_mixin.py:188} INFO - [2025-06-12T19:00:56.123+0000] {dag.py:3823} INFO - Setting next_dagrun for example_python_operator to None, run_after=None
[2025-06-12T19:00:56.183+0000] {processor.py:183} INFO - Processing /home/airflow/.local/lib/python3.8/site-packages/airflow/example_dags/example_python_operator.py took 0.255 seconds
[2025-06-12T19:01:27.901+0000] {processor.py:161} INFO - Started process (PID=2323) to work on /home/airflow/.local/lib/python3.8/site-packages/airflow/example_dags/example_python_operator.py
[2025-06-12T19:01:27.906+0000] {processor.py:830} INFO - Processing file /home/airflow/.local/lib/python3.8/site-packages/airflow/example_dags/example_python_operator.py for tasks to queue
[2025-06-12T19:01:27.910+0000] {logging_mixin.py:188} INFO - [2025-06-12T19:01:27.909+0000] {dagbag.py:538} INFO - Filling up the DagBag from /home/airflow/.local/lib/python3.8/site-packages/airflow/example_dags/example_python_operator.py
[2025-06-12T19:01:27.961+0000] {processor.py:840} INFO - DAG(s) 'example_python_operator' retrieved from /home/airflow/.local/lib/python3.8/site-packages/airflow/example_dags/example_python_operator.py
[2025-06-12T19:01:28.045+0000] {logging_mixin.py:188} INFO - [2025-06-12T19:01:28.045+0000] {dag.py:3036} INFO - Sync 1 DAGs
[2025-06-12T19:01:28.078+0000] {logging_mixin.py:188} INFO - [2025-06-12T19:01:28.078+0000] {dag.py:3823} INFO - Setting next_dagrun for example_python_operator to None, run_after=None
[2025-06-12T19:01:28.132+0000] {processor.py:183} INFO - Processing /home/airflow/.local/lib/python3.8/site-packages/airflow/example_dags/example_python_operator.py took 0.240 seconds
[2025-06-12T19:01:58.771+0000] {processor.py:161} INFO - Started process (PID=2377) to work on /home/airflow/.local/lib/python3.8/site-packages/airflow/example_dags/example_python_operator.py
[2025-06-12T19:01:58.774+0000] {processor.py:830} INFO - Processing file /home/airflow/.local/lib/python3.8/site-packages/airflow/example_dags/example_python_operator.py for tasks to queue
[2025-06-12T19:01:58.778+0000] {logging_mixin.py:188} INFO - [2025-06-12T19:01:58.777+0000] {dagbag.py:538} INFO - Filling up the DagBag from /home/airflow/.local/lib/python3.8/site-packages/airflow/example_dags/example_python_operator.py
[2025-06-12T19:01:58.814+0000] {processor.py:840} INFO - DAG(s) 'example_python_operator' retrieved from /home/airflow/.local/lib/python3.8/site-packages/airflow/example_dags/example_python_operator.py
[2025-06-12T19:01:58.885+0000] {logging_mixin.py:188} INFO - [2025-06-12T19:01:58.885+0000] {dag.py:3036} INFO - Sync 1 DAGs
[2025-06-12T19:01:58.917+0000] {logging_mixin.py:188} INFO - [2025-06-12T19:01:58.916+0000] {dag.py:3823} INFO - Setting next_dagrun for example_python_operator to None, run_after=None
[2025-06-12T19:01:59.012+0000] {processor.py:183} INFO - Processing /home/airflow/.local/lib/python3.8/site-packages/airflow/example_dags/example_python_operator.py took 0.250 seconds
[2025-06-12T19:02:29.590+0000] {processor.py:161} INFO - Started process (PID=2432) to work on /home/airflow/.local/lib/python3.8/site-packages/airflow/example_dags/example_python_operator.py
[2025-06-12T19:02:29.595+0000] {processor.py:830} INFO - Processing file /home/airflow/.local/lib/python3.8/site-packages/airflow/example_dags/example_python_operator.py for tasks to queue
[2025-06-12T19:02:29.599+0000] {logging_mixin.py:188} INFO - [2025-06-12T19:02:29.598+0000] {dagbag.py:538} INFO - Filling up the DagBag from /home/airflow/.local/lib/python3.8/site-packages/airflow/example_dags/example_python_operator.py
[2025-06-12T19:02:29.640+0000] {processor.py:840} INFO - DAG(s) 'example_python_operator' retrieved from /home/airflow/.local/lib/python3.8/site-packages/airflow/example_dags/example_python_operator.py
[2025-06-12T19:02:29.724+0000] {logging_mixin.py:188} INFO - [2025-06-12T19:02:29.723+0000] {dag.py:3036} INFO - Sync 1 DAGs
[2025-06-12T19:02:29.754+0000] {logging_mixin.py:188} INFO - [2025-06-12T19:02:29.754+0000] {dag.py:3823} INFO - Setting next_dagrun for example_python_operator to None, run_after=None
[2025-06-12T19:02:29.808+0000] {processor.py:183} INFO - Processing /home/airflow/.local/lib/python3.8/site-packages/airflow/example_dags/example_python_operator.py took 0.230 seconds
[2025-06-12T19:03:00.347+0000] {processor.py:161} INFO - Started process (PID=2487) to work on /home/airflow/.local/lib/python3.8/site-packages/airflow/example_dags/example_python_operator.py
[2025-06-12T19:03:00.351+0000] {processor.py:830} INFO - Processing file /home/airflow/.local/lib/python3.8/site-packages/airflow/example_dags/example_python_operator.py for tasks to queue
[2025-06-12T19:03:00.354+0000] {logging_mixin.py:188} INFO - [2025-06-12T19:03:00.353+0000] {dagbag.py:538} INFO - Filling up the DagBag from /home/airflow/.local/lib/python3.8/site-packages/airflow/example_dags/example_python_operator.py
[2025-06-12T19:03:00.422+0000] {processor.py:840} INFO - DAG(s) 'example_python_operator' retrieved from /home/airflow/.local/lib/python3.8/site-packages/airflow/example_dags/example_python_operator.py
[2025-06-12T19:03:00.519+0000] {logging_mixin.py:188} INFO - [2025-06-12T19:03:00.518+0000] {dag.py:3036} INFO - Sync 1 DAGs
[2025-06-12T19:03:00.562+0000] {logging_mixin.py:188} INFO - [2025-06-12T19:03:00.561+0000] {dag.py:3823} INFO - Setting next_dagrun for example_python_operator to None, run_after=None
[2025-06-12T19:03:00.619+0000] {processor.py:183} INFO - Processing /home/airflow/.local/lib/python3.8/site-packages/airflow/example_dags/example_python_operator.py took 0.282 seconds
[2025-06-12T19:03:30.941+0000] {processor.py:161} INFO - Started process (PID=2542) to work on /home/airflow/.local/lib/python3.8/site-packages/airflow/example_dags/example_python_operator.py
[2025-06-12T19:03:30.945+0000] {processor.py:830} INFO - Processing file /home/airflow/.local/lib/python3.8/site-packages/airflow/example_dags/example_python_operator.py for tasks to queue
[2025-06-12T19:03:30.949+0000] {logging_mixin.py:188} INFO - [2025-06-12T19:03:30.948+0000] {dagbag.py:538} INFO - Filling up the DagBag from /home/airflow/.local/lib/python3.8/site-packages/airflow/example_dags/example_python_operator.py
[2025-06-12T19:03:30.989+0000] {processor.py:840} INFO - DAG(s) 'example_python_operator' retrieved from /home/airflow/.local/lib/python3.8/site-packages/airflow/example_dags/example_python_operator.py
[2025-06-12T19:03:31.054+0000] {logging_mixin.py:188} INFO - [2025-06-12T19:03:31.054+0000] {dag.py:3036} INFO - Sync 1 DAGs
[2025-06-12T19:03:31.086+0000] {logging_mixin.py:188} INFO - [2025-06-12T19:03:31.086+0000] {dag.py:3823} INFO - Setting next_dagrun for example_python_operator to None, run_after=None
[2025-06-12T19:03:31.141+0000] {processor.py:183} INFO - Processing /home/airflow/.local/lib/python3.8/site-packages/airflow/example_dags/example_python_operator.py took 0.211 seconds
[2025-06-12T19:04:02.111+0000] {processor.py:161} INFO - Started process (PID=2597) to work on /home/airflow/.local/lib/python3.8/site-packages/airflow/example_dags/example_python_operator.py
[2025-06-12T19:04:02.114+0000] {processor.py:830} INFO - Processing file /home/airflow/.local/lib/python3.8/site-packages/airflow/example_dags/example_python_operator.py for tasks to queue
[2025-06-12T19:04:02.118+0000] {logging_mixin.py:188} INFO - [2025-06-12T19:04:02.116+0000] {dagbag.py:538} INFO - Filling up the DagBag from /home/airflow/.local/lib/python3.8/site-packages/airflow/example_dags/example_python_operator.py
[2025-06-12T19:04:02.148+0000] {processor.py:840} INFO - DAG(s) 'example_python_operator' retrieved from /home/airflow/.local/lib/python3.8/site-packages/airflow/example_dags/example_python_operator.py
[2025-06-12T19:04:02.207+0000] {logging_mixin.py:188} INFO - [2025-06-12T19:04:02.207+0000] {dag.py:3036} INFO - Sync 1 DAGs
[2025-06-12T19:04:02.243+0000] {logging_mixin.py:188} INFO - [2025-06-12T19:04:02.243+0000] {dag.py:3823} INFO - Setting next_dagrun for example_python_operator to None, run_after=None
[2025-06-12T19:04:02.624+0000] {processor.py:183} INFO - Processing /home/airflow/.local/lib/python3.8/site-packages/airflow/example_dags/example_python_operator.py took 0.522 seconds
[2025-06-12T19:04:33.171+0000] {processor.py:161} INFO - Started process (PID=2653) to work on /home/airflow/.local/lib/python3.8/site-packages/airflow/example_dags/example_python_operator.py
[2025-06-12T19:04:33.175+0000] {processor.py:830} INFO - Processing file /home/airflow/.local/lib/python3.8/site-packages/airflow/example_dags/example_python_operator.py for tasks to queue
[2025-06-12T19:04:33.178+0000] {logging_mixin.py:188} INFO - [2025-06-12T19:04:33.177+0000] {dagbag.py:538} INFO - Filling up the DagBag from /home/airflow/.local/lib/python3.8/site-packages/airflow/example_dags/example_python_operator.py
[2025-06-12T19:04:33.210+0000] {processor.py:840} INFO - DAG(s) 'example_python_operator' retrieved from /home/airflow/.local/lib/python3.8/site-packages/airflow/example_dags/example_python_operator.py
[2025-06-12T19:04:33.269+0000] {logging_mixin.py:188} INFO - [2025-06-12T19:04:33.268+0000] {dag.py:3036} INFO - Sync 1 DAGs
[2025-06-12T19:04:33.296+0000] {logging_mixin.py:188} INFO - [2025-06-12T19:04:33.296+0000] {dag.py:3823} INFO - Setting next_dagrun for example_python_operator to None, run_after=None
[2025-06-12T19:04:33.345+0000] {processor.py:183} INFO - Processing /home/airflow/.local/lib/python3.8/site-packages/airflow/example_dags/example_python_operator.py took 0.184 seconds
[2025-06-12T19:05:04.190+0000] {processor.py:161} INFO - Started process (PID=2709) to work on /home/airflow/.local/lib/python3.8/site-packages/airflow/example_dags/example_python_operator.py
[2025-06-12T19:05:04.194+0000] {processor.py:830} INFO - Processing file /home/airflow/.local/lib/python3.8/site-packages/airflow/example_dags/example_python_operator.py for tasks to queue
[2025-06-12T19:05:04.198+0000] {logging_mixin.py:188} INFO - [2025-06-12T19:05:04.197+0000] {dagbag.py:538} INFO - Filling up the DagBag from /home/airflow/.local/lib/python3.8/site-packages/airflow/example_dags/example_python_operator.py
[2025-06-12T19:05:04.232+0000] {processor.py:840} INFO - DAG(s) 'example_python_operator' retrieved from /home/airflow/.local/lib/python3.8/site-packages/airflow/example_dags/example_python_operator.py
[2025-06-12T19:05:04.300+0000] {logging_mixin.py:188} INFO - [2025-06-12T19:05:04.300+0000] {dag.py:3036} INFO - Sync 1 DAGs
[2025-06-12T19:05:04.327+0000] {logging_mixin.py:188} INFO - [2025-06-12T19:05:04.327+0000] {dag.py:3823} INFO - Setting next_dagrun for example_python_operator to None, run_after=None
[2025-06-12T19:05:04.375+0000] {processor.py:183} INFO - Processing /home/airflow/.local/lib/python3.8/site-packages/airflow/example_dags/example_python_operator.py took 0.197 seconds
[2025-06-12T19:05:34.725+0000] {processor.py:161} INFO - Started process (PID=2765) to work on /home/airflow/.local/lib/python3.8/site-packages/airflow/example_dags/example_python_operator.py
[2025-06-12T19:05:34.728+0000] {processor.py:830} INFO - Processing file /home/airflow/.local/lib/python3.8/site-packages/airflow/example_dags/example_python_operator.py for tasks to queue
[2025-06-12T19:05:34.732+0000] {logging_mixin.py:188} INFO - [2025-06-12T19:05:34.731+0000] {dagbag.py:538} INFO - Filling up the DagBag from /home/airflow/.local/lib/python3.8/site-packages/airflow/example_dags/example_python_operator.py
[2025-06-12T19:05:34.762+0000] {processor.py:840} INFO - DAG(s) 'example_python_operator' retrieved from /home/airflow/.local/lib/python3.8/site-packages/airflow/example_dags/example_python_operator.py
[2025-06-12T19:05:34.839+0000] {logging_mixin.py:188} INFO - [2025-06-12T19:05:34.839+0000] {dag.py:3036} INFO - Sync 1 DAGs
[2025-06-12T19:05:34.877+0000] {logging_mixin.py:188} INFO - [2025-06-12T19:05:34.877+0000] {dag.py:3823} INFO - Setting next_dagrun for example_python_operator to None, run_after=None
[2025-06-12T19:05:34.939+0000] {processor.py:183} INFO - Processing /home/airflow/.local/lib/python3.8/site-packages/airflow/example_dags/example_python_operator.py took 0.223 seconds
[2025-06-12T19:06:05.626+0000] {processor.py:161} INFO - Started process (PID=2819) to work on /home/airflow/.local/lib/python3.8/site-packages/airflow/example_dags/example_python_operator.py
[2025-06-12T19:06:05.629+0000] {processor.py:830} INFO - Processing file /home/airflow/.local/lib/python3.8/site-packages/airflow/example_dags/example_python_operator.py for tasks to queue
[2025-06-12T19:06:05.632+0000] {logging_mixin.py:188} INFO - [2025-06-12T19:06:05.631+0000] {dagbag.py:538} INFO - Filling up the DagBag from /home/airflow/.local/lib/python3.8/site-packages/airflow/example_dags/example_python_operator.py
[2025-06-12T19:06:05.662+0000] {processor.py:840} INFO - DAG(s) 'example_python_operator' retrieved from /home/airflow/.local/lib/python3.8/site-packages/airflow/example_dags/example_python_operator.py
[2025-06-12T19:06:05.722+0000] {logging_mixin.py:188} INFO - [2025-06-12T19:06:05.722+0000] {dag.py:3036} INFO - Sync 1 DAGs
[2025-06-12T19:06:05.749+0000] {logging_mixin.py:188} INFO - [2025-06-12T19:06:05.749+0000] {dag.py:3823} INFO - Setting next_dagrun for example_python_operator to None, run_after=None
[2025-06-12T19:06:05.799+0000] {processor.py:183} INFO - Processing /home/airflow/.local/lib/python3.8/site-packages/airflow/example_dags/example_python_operator.py took 0.183 seconds
[2025-06-12T19:06:36.892+0000] {processor.py:161} INFO - Started process (PID=2873) to work on /home/airflow/.local/lib/python3.8/site-packages/airflow/example_dags/example_python_operator.py
[2025-06-12T19:06:36.896+0000] {processor.py:830} INFO - Processing file /home/airflow/.local/lib/python3.8/site-packages/airflow/example_dags/example_python_operator.py for tasks to queue
[2025-06-12T19:06:36.899+0000] {logging_mixin.py:188} INFO - [2025-06-12T19:06:36.898+0000] {dagbag.py:538} INFO - Filling up the DagBag from /home/airflow/.local/lib/python3.8/site-packages/airflow/example_dags/example_python_operator.py
[2025-06-12T19:06:36.932+0000] {processor.py:840} INFO - DAG(s) 'example_python_operator' retrieved from /home/airflow/.local/lib/python3.8/site-packages/airflow/example_dags/example_python_operator.py
[2025-06-12T19:06:36.997+0000] {logging_mixin.py:188} INFO - [2025-06-12T19:06:36.997+0000] {dag.py:3036} INFO - Sync 1 DAGs
[2025-06-12T19:06:37.367+0000] {logging_mixin.py:188} INFO - [2025-06-12T19:06:37.366+0000] {dag.py:3823} INFO - Setting next_dagrun for example_python_operator to None, run_after=None
[2025-06-12T19:06:37.418+0000] {processor.py:183} INFO - Processing /home/airflow/.local/lib/python3.8/site-packages/airflow/example_dags/example_python_operator.py took 0.535 seconds
