[2025-06-12T18:35:19.307+0000] {processor.py:161} INFO - Started process (PID=112) to work on /home/airflow/.local/lib/python3.8/site-packages/airflow/example_dags/example_external_task_marker_dag.py
[2025-06-12T18:35:19.309+0000] {processor.py:830} INFO - Processing file /home/airflow/.local/lib/python3.8/site-packages/airflow/example_dags/example_external_task_marker_dag.py for tasks to queue
[2025-06-12T18:35:19.313+0000] {logging_mixin.py:188} INFO - [2025-06-12T18:35:19.313+0000] {dagbag.py:538} INFO - Filling up the DagBag from /home/airflow/.local/lib/python3.8/site-packages/airflow/example_dags/example_external_task_marker_dag.py
[2025-06-12T18:35:19.326+0000] {processor.py:840} INFO - DAG(s) 'example_external_task_marker_child', 'example_external_task_marker_parent' retrieved from /home/airflow/.local/lib/python3.8/site-packages/airflow/example_dags/example_external_task_marker_dag.py
[2025-06-12T18:35:19.626+0000] {logging_mixin.py:188} INFO - [2025-06-12T18:35:19.625+0000] {dag.py:3036} INFO - Sync 2 DAGs
[2025-06-12T18:35:19.650+0000] {logging_mixin.py:188} INFO - [2025-06-12T18:35:19.650+0000] {dag.py:3823} INFO - Setting next_dagrun for example_external_task_marker_child to None, run_after=None
[2025-06-12T18:35:19.655+0000] {logging_mixin.py:188} INFO - [2025-06-12T18:35:19.655+0000] {dag.py:3823} INFO - Setting next_dagrun for example_external_task_marker_parent to None, run_after=None
[2025-06-12T18:35:19.703+0000] {processor.py:183} INFO - Processing /home/airflow/.local/lib/python3.8/site-packages/airflow/example_dags/example_external_task_marker_dag.py took 0.411 seconds
[2025-06-12T18:35:50.400+0000] {processor.py:161} INFO - Started process (PID=167) to work on /home/airflow/.local/lib/python3.8/site-packages/airflow/example_dags/example_external_task_marker_dag.py
[2025-06-12T18:35:50.403+0000] {processor.py:830} INFO - Processing file /home/airflow/.local/lib/python3.8/site-packages/airflow/example_dags/example_external_task_marker_dag.py for tasks to queue
[2025-06-12T18:35:50.408+0000] {logging_mixin.py:188} INFO - [2025-06-12T18:35:50.407+0000] {dagbag.py:538} INFO - Filling up the DagBag from /home/airflow/.local/lib/python3.8/site-packages/airflow/example_dags/example_external_task_marker_dag.py
[2025-06-12T18:35:50.428+0000] {processor.py:840} INFO - DAG(s) 'example_external_task_marker_parent', 'example_external_task_marker_child' retrieved from /home/airflow/.local/lib/python3.8/site-packages/airflow/example_dags/example_external_task_marker_dag.py
[2025-06-12T18:35:50.557+0000] {logging_mixin.py:188} INFO - [2025-06-12T18:35:50.557+0000] {dag.py:3036} INFO - Sync 2 DAGs
[2025-06-12T18:35:50.587+0000] {logging_mixin.py:188} INFO - [2025-06-12T18:35:50.586+0000] {dag.py:3823} INFO - Setting next_dagrun for example_external_task_marker_child to None, run_after=None
[2025-06-12T18:35:50.599+0000] {logging_mixin.py:188} INFO - [2025-06-12T18:35:50.599+0000] {dag.py:3823} INFO - Setting next_dagrun for example_external_task_marker_parent to None, run_after=None
[2025-06-12T18:35:50.656+0000] {processor.py:183} INFO - Processing /home/airflow/.local/lib/python3.8/site-packages/airflow/example_dags/example_external_task_marker_dag.py took 0.267 seconds
[2025-06-12T18:36:20.774+0000] {processor.py:161} INFO - Started process (PID=222) to work on /home/airflow/.local/lib/python3.8/site-packages/airflow/example_dags/example_external_task_marker_dag.py
[2025-06-12T18:36:20.777+0000] {processor.py:830} INFO - Processing file /home/airflow/.local/lib/python3.8/site-packages/airflow/example_dags/example_external_task_marker_dag.py for tasks to queue
[2025-06-12T18:36:20.782+0000] {logging_mixin.py:188} INFO - [2025-06-12T18:36:20.781+0000] {dagbag.py:538} INFO - Filling up the DagBag from /home/airflow/.local/lib/python3.8/site-packages/airflow/example_dags/example_external_task_marker_dag.py
[2025-06-12T18:36:20.795+0000] {processor.py:840} INFO - DAG(s) 'example_external_task_marker_child', 'example_external_task_marker_parent' retrieved from /home/airflow/.local/lib/python3.8/site-packages/airflow/example_dags/example_external_task_marker_dag.py
[2025-06-12T18:36:20.823+0000] {logging_mixin.py:188} INFO - [2025-06-12T18:36:20.823+0000] {dag.py:3036} INFO - Sync 2 DAGs
[2025-06-12T18:36:20.846+0000] {logging_mixin.py:188} INFO - [2025-06-12T18:36:20.846+0000] {dag.py:3823} INFO - Setting next_dagrun for example_external_task_marker_child to None, run_after=None
[2025-06-12T18:36:20.852+0000] {logging_mixin.py:188} INFO - [2025-06-12T18:36:20.852+0000] {dag.py:3823} INFO - Setting next_dagrun for example_external_task_marker_parent to None, run_after=None
[2025-06-12T18:36:20.882+0000] {processor.py:183} INFO - Processing /home/airflow/.local/lib/python3.8/site-packages/airflow/example_dags/example_external_task_marker_dag.py took 0.115 seconds
[2025-06-12T18:36:51.339+0000] {processor.py:161} INFO - Started process (PID=277) to work on /home/airflow/.local/lib/python3.8/site-packages/airflow/example_dags/example_external_task_marker_dag.py
[2025-06-12T18:36:51.341+0000] {processor.py:830} INFO - Processing file /home/airflow/.local/lib/python3.8/site-packages/airflow/example_dags/example_external_task_marker_dag.py for tasks to queue
[2025-06-12T18:36:51.344+0000] {logging_mixin.py:188} INFO - [2025-06-12T18:36:51.343+0000] {dagbag.py:538} INFO - Filling up the DagBag from /home/airflow/.local/lib/python3.8/site-packages/airflow/example_dags/example_external_task_marker_dag.py
[2025-06-12T18:36:51.356+0000] {processor.py:840} INFO - DAG(s) 'example_external_task_marker_parent', 'example_external_task_marker_child' retrieved from /home/airflow/.local/lib/python3.8/site-packages/airflow/example_dags/example_external_task_marker_dag.py
[2025-06-12T18:36:51.552+0000] {logging_mixin.py:188} INFO - [2025-06-12T18:36:51.551+0000] {dag.py:3036} INFO - Sync 2 DAGs
[2025-06-12T18:36:51.571+0000] {logging_mixin.py:188} INFO - [2025-06-12T18:36:51.571+0000] {dag.py:3823} INFO - Setting next_dagrun for example_external_task_marker_child to None, run_after=None
[2025-06-12T18:36:51.577+0000] {logging_mixin.py:188} INFO - [2025-06-12T18:36:51.577+0000] {dag.py:3823} INFO - Setting next_dagrun for example_external_task_marker_parent to None, run_after=None
[2025-06-12T18:36:51.611+0000] {processor.py:183} INFO - Processing /home/airflow/.local/lib/python3.8/site-packages/airflow/example_dags/example_external_task_marker_dag.py took 0.278 seconds
[2025-06-12T18:37:22.038+0000] {processor.py:161} INFO - Started process (PID=332) to work on /home/airflow/.local/lib/python3.8/site-packages/airflow/example_dags/example_external_task_marker_dag.py
[2025-06-12T18:37:22.041+0000] {processor.py:830} INFO - Processing file /home/airflow/.local/lib/python3.8/site-packages/airflow/example_dags/example_external_task_marker_dag.py for tasks to queue
[2025-06-12T18:37:22.045+0000] {logging_mixin.py:188} INFO - [2025-06-12T18:37:22.045+0000] {dagbag.py:538} INFO - Filling up the DagBag from /home/airflow/.local/lib/python3.8/site-packages/airflow/example_dags/example_external_task_marker_dag.py
[2025-06-12T18:37:22.057+0000] {processor.py:840} INFO - DAG(s) 'example_external_task_marker_parent', 'example_external_task_marker_child' retrieved from /home/airflow/.local/lib/python3.8/site-packages/airflow/example_dags/example_external_task_marker_dag.py
[2025-06-12T18:37:22.107+0000] {logging_mixin.py:188} INFO - [2025-06-12T18:37:22.107+0000] {dag.py:3036} INFO - Sync 2 DAGs
[2025-06-12T18:37:22.127+0000] {logging_mixin.py:188} INFO - [2025-06-12T18:37:22.126+0000] {dag.py:3823} INFO - Setting next_dagrun for example_external_task_marker_child to None, run_after=None
[2025-06-12T18:37:22.132+0000] {logging_mixin.py:188} INFO - [2025-06-12T18:37:22.132+0000] {dag.py:3823} INFO - Setting next_dagrun for example_external_task_marker_parent to None, run_after=None
[2025-06-12T18:37:22.163+0000] {processor.py:183} INFO - Processing /home/airflow/.local/lib/python3.8/site-packages/airflow/example_dags/example_external_task_marker_dag.py took 0.131 seconds
[2025-06-12T18:37:52.861+0000] {processor.py:161} INFO - Started process (PID=387) to work on /home/airflow/.local/lib/python3.8/site-packages/airflow/example_dags/example_external_task_marker_dag.py
[2025-06-12T18:37:52.865+0000] {processor.py:830} INFO - Processing file /home/airflow/.local/lib/python3.8/site-packages/airflow/example_dags/example_external_task_marker_dag.py for tasks to queue
[2025-06-12T18:37:52.869+0000] {logging_mixin.py:188} INFO - [2025-06-12T18:37:52.868+0000] {dagbag.py:538} INFO - Filling up the DagBag from /home/airflow/.local/lib/python3.8/site-packages/airflow/example_dags/example_external_task_marker_dag.py
[2025-06-12T18:37:52.882+0000] {processor.py:840} INFO - DAG(s) 'example_external_task_marker_child', 'example_external_task_marker_parent' retrieved from /home/airflow/.local/lib/python3.8/site-packages/airflow/example_dags/example_external_task_marker_dag.py
[2025-06-12T18:37:52.932+0000] {logging_mixin.py:188} INFO - [2025-06-12T18:37:52.931+0000] {dag.py:3036} INFO - Sync 2 DAGs
[2025-06-12T18:37:52.962+0000] {logging_mixin.py:188} INFO - [2025-06-12T18:37:52.961+0000] {dag.py:3823} INFO - Setting next_dagrun for example_external_task_marker_child to None, run_after=None
[2025-06-12T18:37:52.971+0000] {logging_mixin.py:188} INFO - [2025-06-12T18:37:52.970+0000] {dag.py:3823} INFO - Setting next_dagrun for example_external_task_marker_parent to None, run_after=None
[2025-06-12T18:37:53.018+0000] {processor.py:183} INFO - Processing /home/airflow/.local/lib/python3.8/site-packages/airflow/example_dags/example_external_task_marker_dag.py took 0.163 seconds
[2025-06-12T18:38:23.714+0000] {processor.py:161} INFO - Started process (PID=440) to work on /home/airflow/.local/lib/python3.8/site-packages/airflow/example_dags/example_external_task_marker_dag.py
[2025-06-12T18:38:23.719+0000] {processor.py:830} INFO - Processing file /home/airflow/.local/lib/python3.8/site-packages/airflow/example_dags/example_external_task_marker_dag.py for tasks to queue
[2025-06-12T18:38:23.725+0000] {logging_mixin.py:188} INFO - [2025-06-12T18:38:23.724+0000] {dagbag.py:538} INFO - Filling up the DagBag from /home/airflow/.local/lib/python3.8/site-packages/airflow/example_dags/example_external_task_marker_dag.py
[2025-06-12T18:38:23.777+0000] {processor.py:840} INFO - DAG(s) 'example_external_task_marker_parent', 'example_external_task_marker_child' retrieved from /home/airflow/.local/lib/python3.8/site-packages/airflow/example_dags/example_external_task_marker_dag.py
[2025-06-12T18:38:23.852+0000] {logging_mixin.py:188} INFO - [2025-06-12T18:38:23.851+0000] {dag.py:3036} INFO - Sync 2 DAGs
[2025-06-12T18:38:23.909+0000] {logging_mixin.py:188} INFO - [2025-06-12T18:38:23.909+0000] {dag.py:3823} INFO - Setting next_dagrun for example_external_task_marker_child to None, run_after=None
[2025-06-12T18:38:23.922+0000] {logging_mixin.py:188} INFO - [2025-06-12T18:38:23.921+0000] {dag.py:3823} INFO - Setting next_dagrun for example_external_task_marker_parent to None, run_after=None
[2025-06-12T18:38:23.959+0000] {processor.py:183} INFO - Processing /home/airflow/.local/lib/python3.8/site-packages/airflow/example_dags/example_external_task_marker_dag.py took 0.253 seconds
[2025-06-12T18:38:54.750+0000] {processor.py:161} INFO - Started process (PID=495) to work on /home/airflow/.local/lib/python3.8/site-packages/airflow/example_dags/example_external_task_marker_dag.py
[2025-06-12T18:38:54.752+0000] {processor.py:830} INFO - Processing file /home/airflow/.local/lib/python3.8/site-packages/airflow/example_dags/example_external_task_marker_dag.py for tasks to queue
[2025-06-12T18:38:54.755+0000] {logging_mixin.py:188} INFO - [2025-06-12T18:38:54.755+0000] {dagbag.py:538} INFO - Filling up the DagBag from /home/airflow/.local/lib/python3.8/site-packages/airflow/example_dags/example_external_task_marker_dag.py
[2025-06-12T18:38:54.769+0000] {processor.py:840} INFO - DAG(s) 'example_external_task_marker_parent', 'example_external_task_marker_child' retrieved from /home/airflow/.local/lib/python3.8/site-packages/airflow/example_dags/example_external_task_marker_dag.py
[2025-06-12T18:38:54.811+0000] {logging_mixin.py:188} INFO - [2025-06-12T18:38:54.810+0000] {dag.py:3036} INFO - Sync 2 DAGs
[2025-06-12T18:38:54.832+0000] {logging_mixin.py:188} INFO - [2025-06-12T18:38:54.832+0000] {dag.py:3823} INFO - Setting next_dagrun for example_external_task_marker_child to None, run_after=None
[2025-06-12T18:38:54.838+0000] {logging_mixin.py:188} INFO - [2025-06-12T18:38:54.838+0000] {dag.py:3823} INFO - Setting next_dagrun for example_external_task_marker_parent to None, run_after=None
[2025-06-12T18:38:54.872+0000] {processor.py:183} INFO - Processing /home/airflow/.local/lib/python3.8/site-packages/airflow/example_dags/example_external_task_marker_dag.py took 0.129 seconds
[2025-06-12T18:39:25.665+0000] {processor.py:161} INFO - Started process (PID=550) to work on /home/airflow/.local/lib/python3.8/site-packages/airflow/example_dags/example_external_task_marker_dag.py
[2025-06-12T18:39:25.667+0000] {processor.py:830} INFO - Processing file /home/airflow/.local/lib/python3.8/site-packages/airflow/example_dags/example_external_task_marker_dag.py for tasks to queue
[2025-06-12T18:39:25.672+0000] {logging_mixin.py:188} INFO - [2025-06-12T18:39:25.671+0000] {dagbag.py:538} INFO - Filling up the DagBag from /home/airflow/.local/lib/python3.8/site-packages/airflow/example_dags/example_external_task_marker_dag.py
[2025-06-12T18:39:25.684+0000] {processor.py:840} INFO - DAG(s) 'example_external_task_marker_parent', 'example_external_task_marker_child' retrieved from /home/airflow/.local/lib/python3.8/site-packages/airflow/example_dags/example_external_task_marker_dag.py
[2025-06-12T18:39:25.715+0000] {logging_mixin.py:188} INFO - [2025-06-12T18:39:25.715+0000] {dag.py:3036} INFO - Sync 2 DAGs
[2025-06-12T18:39:25.738+0000] {logging_mixin.py:188} INFO - [2025-06-12T18:39:25.737+0000] {dag.py:3823} INFO - Setting next_dagrun for example_external_task_marker_child to None, run_after=None
[2025-06-12T18:39:25.747+0000] {logging_mixin.py:188} INFO - [2025-06-12T18:39:25.746+0000] {dag.py:3823} INFO - Setting next_dagrun for example_external_task_marker_parent to None, run_after=None
[2025-06-12T18:39:25.779+0000] {processor.py:183} INFO - Processing /home/airflow/.local/lib/python3.8/site-packages/airflow/example_dags/example_external_task_marker_dag.py took 0.122 seconds
[2025-06-12T18:39:57.046+0000] {processor.py:161} INFO - Started process (PID=605) to work on /home/airflow/.local/lib/python3.8/site-packages/airflow/example_dags/example_external_task_marker_dag.py
[2025-06-12T18:39:57.048+0000] {processor.py:830} INFO - Processing file /home/airflow/.local/lib/python3.8/site-packages/airflow/example_dags/example_external_task_marker_dag.py for tasks to queue
[2025-06-12T18:39:57.052+0000] {logging_mixin.py:188} INFO - [2025-06-12T18:39:57.052+0000] {dagbag.py:538} INFO - Filling up the DagBag from /home/airflow/.local/lib/python3.8/site-packages/airflow/example_dags/example_external_task_marker_dag.py
[2025-06-12T18:39:57.065+0000] {processor.py:840} INFO - DAG(s) 'example_external_task_marker_child', 'example_external_task_marker_parent' retrieved from /home/airflow/.local/lib/python3.8/site-packages/airflow/example_dags/example_external_task_marker_dag.py
[2025-06-12T18:39:57.373+0000] {logging_mixin.py:188} INFO - [2025-06-12T18:39:57.372+0000] {dag.py:3036} INFO - Sync 2 DAGs
[2025-06-12T18:39:57.392+0000] {logging_mixin.py:188} INFO - [2025-06-12T18:39:57.391+0000] {dag.py:3823} INFO - Setting next_dagrun for example_external_task_marker_child to None, run_after=None
[2025-06-12T18:39:57.401+0000] {logging_mixin.py:188} INFO - [2025-06-12T18:39:57.400+0000] {dag.py:3823} INFO - Setting next_dagrun for example_external_task_marker_parent to None, run_after=None
[2025-06-12T18:39:57.469+0000] {processor.py:183} INFO - Processing /home/airflow/.local/lib/python3.8/site-packages/airflow/example_dags/example_external_task_marker_dag.py took 0.432 seconds
[2025-06-12T18:40:38.010+0000] {processor.py:161} INFO - Started process (PID=660) to work on /home/airflow/.local/lib/python3.8/site-packages/airflow/example_dags/example_external_task_marker_dag.py
[2025-06-12T18:40:38.013+0000] {processor.py:830} INFO - Processing file /home/airflow/.local/lib/python3.8/site-packages/airflow/example_dags/example_external_task_marker_dag.py for tasks to queue
[2025-06-12T18:40:38.017+0000] {logging_mixin.py:188} INFO - [2025-06-12T18:40:38.016+0000] {dagbag.py:538} INFO - Filling up the DagBag from /home/airflow/.local/lib/python3.8/site-packages/airflow/example_dags/example_external_task_marker_dag.py
[2025-06-12T18:40:38.030+0000] {processor.py:840} INFO - DAG(s) 'example_external_task_marker_parent', 'example_external_task_marker_child' retrieved from /home/airflow/.local/lib/python3.8/site-packages/airflow/example_dags/example_external_task_marker_dag.py
[2025-06-12T18:40:38.062+0000] {logging_mixin.py:188} INFO - [2025-06-12T18:40:38.062+0000] {dag.py:3036} INFO - Sync 2 DAGs
[2025-06-12T18:40:38.092+0000] {logging_mixin.py:188} INFO - [2025-06-12T18:40:38.091+0000] {dag.py:3823} INFO - Setting next_dagrun for example_external_task_marker_child to None, run_after=None
[2025-06-12T18:40:38.101+0000] {logging_mixin.py:188} INFO - [2025-06-12T18:40:38.100+0000] {dag.py:3823} INFO - Setting next_dagrun for example_external_task_marker_parent to None, run_after=None
[2025-06-12T18:40:38.143+0000] {processor.py:183} INFO - Processing /home/airflow/.local/lib/python3.8/site-packages/airflow/example_dags/example_external_task_marker_dag.py took 0.139 seconds
[2025-06-12T18:46:17.923+0000] {processor.py:161} INFO - Started process (PID=719) to work on /home/airflow/.local/lib/python3.8/site-packages/airflow/example_dags/example_external_task_marker_dag.py
[2025-06-12T18:46:17.926+0000] {processor.py:830} INFO - Processing file /home/airflow/.local/lib/python3.8/site-packages/airflow/example_dags/example_external_task_marker_dag.py for tasks to queue
[2025-06-12T18:46:17.928+0000] {logging_mixin.py:188} INFO - [2025-06-12T18:46:17.927+0000] {dagbag.py:538} INFO - Filling up the DagBag from /home/airflow/.local/lib/python3.8/site-packages/airflow/example_dags/example_external_task_marker_dag.py
[2025-06-12T18:46:17.939+0000] {processor.py:840} INFO - DAG(s) 'example_external_task_marker_child', 'example_external_task_marker_parent' retrieved from /home/airflow/.local/lib/python3.8/site-packages/airflow/example_dags/example_external_task_marker_dag.py
[2025-06-12T18:46:18.141+0000] {logging_mixin.py:188} INFO - [2025-06-12T18:46:18.140+0000] {dag.py:3036} INFO - Sync 2 DAGs
[2025-06-12T18:46:18.159+0000] {logging_mixin.py:188} INFO - [2025-06-12T18:46:18.158+0000] {dag.py:3823} INFO - Setting next_dagrun for example_external_task_marker_child to None, run_after=None
[2025-06-12T18:46:18.165+0000] {logging_mixin.py:188} INFO - [2025-06-12T18:46:18.164+0000] {dag.py:3823} INFO - Setting next_dagrun for example_external_task_marker_parent to None, run_after=None
[2025-06-12T18:46:18.203+0000] {processor.py:183} INFO - Processing /home/airflow/.local/lib/python3.8/site-packages/airflow/example_dags/example_external_task_marker_dag.py took 0.287 seconds
[2025-06-12T18:46:48.332+0000] {processor.py:161} INFO - Started process (PID=775) to work on /home/airflow/.local/lib/python3.8/site-packages/airflow/example_dags/example_external_task_marker_dag.py
[2025-06-12T18:46:48.335+0000] {processor.py:830} INFO - Processing file /home/airflow/.local/lib/python3.8/site-packages/airflow/example_dags/example_external_task_marker_dag.py for tasks to queue
[2025-06-12T18:46:48.338+0000] {logging_mixin.py:188} INFO - [2025-06-12T18:46:48.337+0000] {dagbag.py:538} INFO - Filling up the DagBag from /home/airflow/.local/lib/python3.8/site-packages/airflow/example_dags/example_external_task_marker_dag.py
[2025-06-12T18:46:48.357+0000] {processor.py:840} INFO - DAG(s) 'example_external_task_marker_parent', 'example_external_task_marker_child' retrieved from /home/airflow/.local/lib/python3.8/site-packages/airflow/example_dags/example_external_task_marker_dag.py
[2025-06-12T18:46:48.416+0000] {logging_mixin.py:188} INFO - [2025-06-12T18:46:48.415+0000] {dag.py:3036} INFO - Sync 2 DAGs
[2025-06-12T18:46:48.454+0000] {logging_mixin.py:188} INFO - [2025-06-12T18:46:48.454+0000] {dag.py:3823} INFO - Setting next_dagrun for example_external_task_marker_child to None, run_after=None
[2025-06-12T18:46:48.463+0000] {logging_mixin.py:188} INFO - [2025-06-12T18:46:48.462+0000] {dag.py:3823} INFO - Setting next_dagrun for example_external_task_marker_parent to None, run_after=None
[2025-06-12T18:46:48.535+0000] {processor.py:183} INFO - Processing /home/airflow/.local/lib/python3.8/site-packages/airflow/example_dags/example_external_task_marker_dag.py took 0.211 seconds
[2025-06-12T18:47:18.991+0000] {processor.py:161} INFO - Started process (PID=830) to work on /home/airflow/.local/lib/python3.8/site-packages/airflow/example_dags/example_external_task_marker_dag.py
[2025-06-12T18:47:18.994+0000] {processor.py:830} INFO - Processing file /home/airflow/.local/lib/python3.8/site-packages/airflow/example_dags/example_external_task_marker_dag.py for tasks to queue
[2025-06-12T18:47:18.995+0000] {logging_mixin.py:188} INFO - [2025-06-12T18:47:18.995+0000] {dagbag.py:538} INFO - Filling up the DagBag from /home/airflow/.local/lib/python3.8/site-packages/airflow/example_dags/example_external_task_marker_dag.py
[2025-06-12T18:47:19.007+0000] {processor.py:840} INFO - DAG(s) 'example_external_task_marker_child', 'example_external_task_marker_parent' retrieved from /home/airflow/.local/lib/python3.8/site-packages/airflow/example_dags/example_external_task_marker_dag.py
[2025-06-12T18:47:19.047+0000] {logging_mixin.py:188} INFO - [2025-06-12T18:47:19.047+0000] {dag.py:3036} INFO - Sync 2 DAGs
[2025-06-12T18:47:19.065+0000] {logging_mixin.py:188} INFO - [2025-06-12T18:47:19.064+0000] {dag.py:3823} INFO - Setting next_dagrun for example_external_task_marker_child to None, run_after=None
[2025-06-12T18:47:19.070+0000] {logging_mixin.py:188} INFO - [2025-06-12T18:47:19.070+0000] {dag.py:3823} INFO - Setting next_dagrun for example_external_task_marker_parent to None, run_after=None
[2025-06-12T18:47:19.101+0000] {processor.py:183} INFO - Processing /home/airflow/.local/lib/python3.8/site-packages/airflow/example_dags/example_external_task_marker_dag.py took 0.114 seconds
[2025-06-12T18:47:49.771+0000] {processor.py:161} INFO - Started process (PID=885) to work on /home/airflow/.local/lib/python3.8/site-packages/airflow/example_dags/example_external_task_marker_dag.py
[2025-06-12T18:47:49.773+0000] {processor.py:830} INFO - Processing file /home/airflow/.local/lib/python3.8/site-packages/airflow/example_dags/example_external_task_marker_dag.py for tasks to queue
[2025-06-12T18:47:49.776+0000] {logging_mixin.py:188} INFO - [2025-06-12T18:47:49.775+0000] {dagbag.py:538} INFO - Filling up the DagBag from /home/airflow/.local/lib/python3.8/site-packages/airflow/example_dags/example_external_task_marker_dag.py
[2025-06-12T18:47:49.788+0000] {processor.py:840} INFO - DAG(s) 'example_external_task_marker_parent', 'example_external_task_marker_child' retrieved from /home/airflow/.local/lib/python3.8/site-packages/airflow/example_dags/example_external_task_marker_dag.py
[2025-06-12T18:47:49.831+0000] {logging_mixin.py:188} INFO - [2025-06-12T18:47:49.831+0000] {dag.py:3036} INFO - Sync 2 DAGs
[2025-06-12T18:47:49.850+0000] {logging_mixin.py:188} INFO - [2025-06-12T18:47:49.850+0000] {dag.py:3823} INFO - Setting next_dagrun for example_external_task_marker_child to None, run_after=None
[2025-06-12T18:47:49.856+0000] {logging_mixin.py:188} INFO - [2025-06-12T18:47:49.856+0000] {dag.py:3823} INFO - Setting next_dagrun for example_external_task_marker_parent to None, run_after=None
[2025-06-12T18:47:49.890+0000] {processor.py:183} INFO - Processing /home/airflow/.local/lib/python3.8/site-packages/airflow/example_dags/example_external_task_marker_dag.py took 0.125 seconds
[2025-06-12T18:48:21.562+0000] {processor.py:161} INFO - Started process (PID=940) to work on /home/airflow/.local/lib/python3.8/site-packages/airflow/example_dags/example_external_task_marker_dag.py
[2025-06-12T18:48:21.564+0000] {processor.py:830} INFO - Processing file /home/airflow/.local/lib/python3.8/site-packages/airflow/example_dags/example_external_task_marker_dag.py for tasks to queue
[2025-06-12T18:48:21.566+0000] {logging_mixin.py:188} INFO - [2025-06-12T18:48:21.566+0000] {dagbag.py:538} INFO - Filling up the DagBag from /home/airflow/.local/lib/python3.8/site-packages/airflow/example_dags/example_external_task_marker_dag.py
[2025-06-12T18:48:21.577+0000] {processor.py:840} INFO - DAG(s) 'example_external_task_marker_child', 'example_external_task_marker_parent' retrieved from /home/airflow/.local/lib/python3.8/site-packages/airflow/example_dags/example_external_task_marker_dag.py
[2025-06-12T18:48:21.623+0000] {logging_mixin.py:188} INFO - [2025-06-12T18:48:21.622+0000] {dag.py:3036} INFO - Sync 2 DAGs
[2025-06-12T18:48:21.648+0000] {logging_mixin.py:188} INFO - [2025-06-12T18:48:21.648+0000] {dag.py:3823} INFO - Setting next_dagrun for example_external_task_marker_child to None, run_after=None
[2025-06-12T18:48:21.654+0000] {logging_mixin.py:188} INFO - [2025-06-12T18:48:21.654+0000] {dag.py:3823} INFO - Setting next_dagrun for example_external_task_marker_parent to None, run_after=None
[2025-06-12T18:48:21.690+0000] {processor.py:183} INFO - Processing /home/airflow/.local/lib/python3.8/site-packages/airflow/example_dags/example_external_task_marker_dag.py took 0.134 seconds
[2025-06-12T18:48:51.784+0000] {processor.py:161} INFO - Started process (PID=993) to work on /home/airflow/.local/lib/python3.8/site-packages/airflow/example_dags/example_external_task_marker_dag.py
[2025-06-12T18:48:51.787+0000] {processor.py:830} INFO - Processing file /home/airflow/.local/lib/python3.8/site-packages/airflow/example_dags/example_external_task_marker_dag.py for tasks to queue
[2025-06-12T18:48:51.789+0000] {logging_mixin.py:188} INFO - [2025-06-12T18:48:51.788+0000] {dagbag.py:538} INFO - Filling up the DagBag from /home/airflow/.local/lib/python3.8/site-packages/airflow/example_dags/example_external_task_marker_dag.py
[2025-06-12T18:48:51.800+0000] {processor.py:840} INFO - DAG(s) 'example_external_task_marker_parent', 'example_external_task_marker_child' retrieved from /home/airflow/.local/lib/python3.8/site-packages/airflow/example_dags/example_external_task_marker_dag.py
[2025-06-12T18:48:51.843+0000] {logging_mixin.py:188} INFO - [2025-06-12T18:48:51.843+0000] {dag.py:3036} INFO - Sync 2 DAGs
[2025-06-12T18:48:51.865+0000] {logging_mixin.py:188} INFO - [2025-06-12T18:48:51.864+0000] {dag.py:3823} INFO - Setting next_dagrun for example_external_task_marker_child to None, run_after=None
[2025-06-12T18:48:51.871+0000] {logging_mixin.py:188} INFO - [2025-06-12T18:48:51.871+0000] {dag.py:3823} INFO - Setting next_dagrun for example_external_task_marker_parent to None, run_after=None
[2025-06-12T18:48:51.903+0000] {processor.py:183} INFO - Processing /home/airflow/.local/lib/python3.8/site-packages/airflow/example_dags/example_external_task_marker_dag.py took 0.124 seconds
[2025-06-12T18:49:22.118+0000] {processor.py:161} INFO - Started process (PID=1048) to work on /home/airflow/.local/lib/python3.8/site-packages/airflow/example_dags/example_external_task_marker_dag.py
[2025-06-12T18:49:22.120+0000] {processor.py:830} INFO - Processing file /home/airflow/.local/lib/python3.8/site-packages/airflow/example_dags/example_external_task_marker_dag.py for tasks to queue
[2025-06-12T18:49:22.121+0000] {logging_mixin.py:188} INFO - [2025-06-12T18:49:22.121+0000] {dagbag.py:538} INFO - Filling up the DagBag from /home/airflow/.local/lib/python3.8/site-packages/airflow/example_dags/example_external_task_marker_dag.py
[2025-06-12T18:49:22.132+0000] {processor.py:840} INFO - DAG(s) 'example_external_task_marker_child', 'example_external_task_marker_parent' retrieved from /home/airflow/.local/lib/python3.8/site-packages/airflow/example_dags/example_external_task_marker_dag.py
[2025-06-12T18:49:22.173+0000] {logging_mixin.py:188} INFO - [2025-06-12T18:49:22.173+0000] {dag.py:3036} INFO - Sync 2 DAGs
[2025-06-12T18:49:22.192+0000] {logging_mixin.py:188} INFO - [2025-06-12T18:49:22.192+0000] {dag.py:3823} INFO - Setting next_dagrun for example_external_task_marker_child to None, run_after=None
[2025-06-12T18:49:22.198+0000] {logging_mixin.py:188} INFO - [2025-06-12T18:49:22.197+0000] {dag.py:3823} INFO - Setting next_dagrun for example_external_task_marker_parent to None, run_after=None
[2025-06-12T18:49:22.227+0000] {processor.py:183} INFO - Processing /home/airflow/.local/lib/python3.8/site-packages/airflow/example_dags/example_external_task_marker_dag.py took 0.116 seconds
[2025-06-12T18:49:53.504+0000] {processor.py:161} INFO - Started process (PID=1103) to work on /home/airflow/.local/lib/python3.8/site-packages/airflow/example_dags/example_external_task_marker_dag.py
[2025-06-12T18:49:53.507+0000] {processor.py:830} INFO - Processing file /home/airflow/.local/lib/python3.8/site-packages/airflow/example_dags/example_external_task_marker_dag.py for tasks to queue
[2025-06-12T18:49:53.510+0000] {logging_mixin.py:188} INFO - [2025-06-12T18:49:53.509+0000] {dagbag.py:538} INFO - Filling up the DagBag from /home/airflow/.local/lib/python3.8/site-packages/airflow/example_dags/example_external_task_marker_dag.py
[2025-06-12T18:49:53.523+0000] {processor.py:840} INFO - DAG(s) 'example_external_task_marker_child', 'example_external_task_marker_parent' retrieved from /home/airflow/.local/lib/python3.8/site-packages/airflow/example_dags/example_external_task_marker_dag.py
[2025-06-12T18:49:53.572+0000] {logging_mixin.py:188} INFO - [2025-06-12T18:49:53.572+0000] {dag.py:3036} INFO - Sync 2 DAGs
[2025-06-12T18:49:53.597+0000] {logging_mixin.py:188} INFO - [2025-06-12T18:49:53.597+0000] {dag.py:3823} INFO - Setting next_dagrun for example_external_task_marker_child to None, run_after=None
[2025-06-12T18:49:53.604+0000] {logging_mixin.py:188} INFO - [2025-06-12T18:49:53.604+0000] {dag.py:3823} INFO - Setting next_dagrun for example_external_task_marker_parent to None, run_after=None
[2025-06-12T18:49:53.638+0000] {processor.py:183} INFO - Processing /home/airflow/.local/lib/python3.8/site-packages/airflow/example_dags/example_external_task_marker_dag.py took 0.139 seconds
[2025-06-12T18:50:24.532+0000] {processor.py:161} INFO - Started process (PID=1158) to work on /home/airflow/.local/lib/python3.8/site-packages/airflow/example_dags/example_external_task_marker_dag.py
[2025-06-12T18:50:24.534+0000] {processor.py:830} INFO - Processing file /home/airflow/.local/lib/python3.8/site-packages/airflow/example_dags/example_external_task_marker_dag.py for tasks to queue
[2025-06-12T18:50:24.536+0000] {logging_mixin.py:188} INFO - [2025-06-12T18:50:24.535+0000] {dagbag.py:538} INFO - Filling up the DagBag from /home/airflow/.local/lib/python3.8/site-packages/airflow/example_dags/example_external_task_marker_dag.py
[2025-06-12T18:50:24.546+0000] {processor.py:840} INFO - DAG(s) 'example_external_task_marker_child', 'example_external_task_marker_parent' retrieved from /home/airflow/.local/lib/python3.8/site-packages/airflow/example_dags/example_external_task_marker_dag.py
[2025-06-12T18:50:24.588+0000] {logging_mixin.py:188} INFO - [2025-06-12T18:50:24.587+0000] {dag.py:3036} INFO - Sync 2 DAGs
[2025-06-12T18:50:24.608+0000] {logging_mixin.py:188} INFO - [2025-06-12T18:50:24.607+0000] {dag.py:3823} INFO - Setting next_dagrun for example_external_task_marker_child to None, run_after=None
[2025-06-12T18:50:24.615+0000] {logging_mixin.py:188} INFO - [2025-06-12T18:50:24.614+0000] {dag.py:3823} INFO - Setting next_dagrun for example_external_task_marker_parent to None, run_after=None
[2025-06-12T18:50:24.649+0000] {processor.py:183} INFO - Processing /home/airflow/.local/lib/python3.8/site-packages/airflow/example_dags/example_external_task_marker_dag.py took 0.122 seconds
[2025-06-12T18:50:55.192+0000] {processor.py:161} INFO - Started process (PID=1214) to work on /home/airflow/.local/lib/python3.8/site-packages/airflow/example_dags/example_external_task_marker_dag.py
[2025-06-12T18:50:55.194+0000] {processor.py:830} INFO - Processing file /home/airflow/.local/lib/python3.8/site-packages/airflow/example_dags/example_external_task_marker_dag.py for tasks to queue
[2025-06-12T18:50:55.196+0000] {logging_mixin.py:188} INFO - [2025-06-12T18:50:55.196+0000] {dagbag.py:538} INFO - Filling up the DagBag from /home/airflow/.local/lib/python3.8/site-packages/airflow/example_dags/example_external_task_marker_dag.py
[2025-06-12T18:50:55.206+0000] {processor.py:840} INFO - DAG(s) 'example_external_task_marker_parent', 'example_external_task_marker_child' retrieved from /home/airflow/.local/lib/python3.8/site-packages/airflow/example_dags/example_external_task_marker_dag.py
[2025-06-12T18:50:55.250+0000] {logging_mixin.py:188} INFO - [2025-06-12T18:50:55.249+0000] {dag.py:3036} INFO - Sync 2 DAGs
[2025-06-12T18:50:55.269+0000] {logging_mixin.py:188} INFO - [2025-06-12T18:50:55.269+0000] {dag.py:3823} INFO - Setting next_dagrun for example_external_task_marker_child to None, run_after=None
[2025-06-12T18:50:55.275+0000] {logging_mixin.py:188} INFO - [2025-06-12T18:50:55.275+0000] {dag.py:3823} INFO - Setting next_dagrun for example_external_task_marker_parent to None, run_after=None
[2025-06-12T18:50:55.308+0000] {processor.py:183} INFO - Processing /home/airflow/.local/lib/python3.8/site-packages/airflow/example_dags/example_external_task_marker_dag.py took 0.122 seconds
[2025-06-12T18:51:25.856+0000] {processor.py:161} INFO - Started process (PID=1269) to work on /home/airflow/.local/lib/python3.8/site-packages/airflow/example_dags/example_external_task_marker_dag.py
[2025-06-12T18:51:25.858+0000] {processor.py:830} INFO - Processing file /home/airflow/.local/lib/python3.8/site-packages/airflow/example_dags/example_external_task_marker_dag.py for tasks to queue
[2025-06-12T18:51:25.860+0000] {logging_mixin.py:188} INFO - [2025-06-12T18:51:25.859+0000] {dagbag.py:538} INFO - Filling up the DagBag from /home/airflow/.local/lib/python3.8/site-packages/airflow/example_dags/example_external_task_marker_dag.py
[2025-06-12T18:51:25.873+0000] {processor.py:840} INFO - DAG(s) 'example_external_task_marker_child', 'example_external_task_marker_parent' retrieved from /home/airflow/.local/lib/python3.8/site-packages/airflow/example_dags/example_external_task_marker_dag.py
[2025-06-12T18:51:25.924+0000] {logging_mixin.py:188} INFO - [2025-06-12T18:51:25.924+0000] {dag.py:3036} INFO - Sync 2 DAGs
[2025-06-12T18:51:25.944+0000] {logging_mixin.py:188} INFO - [2025-06-12T18:51:25.944+0000] {dag.py:3823} INFO - Setting next_dagrun for example_external_task_marker_child to None, run_after=None
[2025-06-12T18:51:25.951+0000] {logging_mixin.py:188} INFO - [2025-06-12T18:51:25.950+0000] {dag.py:3823} INFO - Setting next_dagrun for example_external_task_marker_parent to None, run_after=None
[2025-06-12T18:51:25.986+0000] {processor.py:183} INFO - Processing /home/airflow/.local/lib/python3.8/site-packages/airflow/example_dags/example_external_task_marker_dag.py took 0.140 seconds
[2025-06-12T18:51:56.649+0000] {processor.py:161} INFO - Started process (PID=1324) to work on /home/airflow/.local/lib/python3.8/site-packages/airflow/example_dags/example_external_task_marker_dag.py
[2025-06-12T18:51:56.651+0000] {processor.py:830} INFO - Processing file /home/airflow/.local/lib/python3.8/site-packages/airflow/example_dags/example_external_task_marker_dag.py for tasks to queue
[2025-06-12T18:51:56.653+0000] {logging_mixin.py:188} INFO - [2025-06-12T18:51:56.653+0000] {dagbag.py:538} INFO - Filling up the DagBag from /home/airflow/.local/lib/python3.8/site-packages/airflow/example_dags/example_external_task_marker_dag.py
[2025-06-12T18:51:56.664+0000] {processor.py:840} INFO - DAG(s) 'example_external_task_marker_child', 'example_external_task_marker_parent' retrieved from /home/airflow/.local/lib/python3.8/site-packages/airflow/example_dags/example_external_task_marker_dag.py
[2025-06-12T18:51:56.709+0000] {logging_mixin.py:188} INFO - [2025-06-12T18:51:56.709+0000] {dag.py:3036} INFO - Sync 2 DAGs
[2025-06-12T18:51:56.728+0000] {logging_mixin.py:188} INFO - [2025-06-12T18:51:56.728+0000] {dag.py:3823} INFO - Setting next_dagrun for example_external_task_marker_child to None, run_after=None
[2025-06-12T18:51:56.733+0000] {logging_mixin.py:188} INFO - [2025-06-12T18:51:56.733+0000] {dag.py:3823} INFO - Setting next_dagrun for example_external_task_marker_parent to None, run_after=None
[2025-06-12T18:51:56.765+0000] {processor.py:183} INFO - Processing /home/airflow/.local/lib/python3.8/site-packages/airflow/example_dags/example_external_task_marker_dag.py took 0.121 seconds
[2025-06-12T18:52:27.286+0000] {processor.py:161} INFO - Started process (PID=1380) to work on /home/airflow/.local/lib/python3.8/site-packages/airflow/example_dags/example_external_task_marker_dag.py
[2025-06-12T18:52:27.288+0000] {processor.py:830} INFO - Processing file /home/airflow/.local/lib/python3.8/site-packages/airflow/example_dags/example_external_task_marker_dag.py for tasks to queue
[2025-06-12T18:52:27.290+0000] {logging_mixin.py:188} INFO - [2025-06-12T18:52:27.290+0000] {dagbag.py:538} INFO - Filling up the DagBag from /home/airflow/.local/lib/python3.8/site-packages/airflow/example_dags/example_external_task_marker_dag.py
[2025-06-12T18:52:27.302+0000] {processor.py:840} INFO - DAG(s) 'example_external_task_marker_parent', 'example_external_task_marker_child' retrieved from /home/airflow/.local/lib/python3.8/site-packages/airflow/example_dags/example_external_task_marker_dag.py
[2025-06-12T18:52:27.343+0000] {logging_mixin.py:188} INFO - [2025-06-12T18:52:27.342+0000] {dag.py:3036} INFO - Sync 2 DAGs
[2025-06-12T18:52:27.360+0000] {logging_mixin.py:188} INFO - [2025-06-12T18:52:27.360+0000] {dag.py:3823} INFO - Setting next_dagrun for example_external_task_marker_child to None, run_after=None
[2025-06-12T18:52:27.365+0000] {logging_mixin.py:188} INFO - [2025-06-12T18:52:27.365+0000] {dag.py:3823} INFO - Setting next_dagrun for example_external_task_marker_parent to None, run_after=None
[2025-06-12T18:52:27.400+0000] {processor.py:183} INFO - Processing /home/airflow/.local/lib/python3.8/site-packages/airflow/example_dags/example_external_task_marker_dag.py took 0.119 seconds
[2025-06-12T18:52:58.878+0000] {processor.py:161} INFO - Started process (PID=1435) to work on /home/airflow/.local/lib/python3.8/site-packages/airflow/example_dags/example_external_task_marker_dag.py
[2025-06-12T18:52:58.881+0000] {processor.py:830} INFO - Processing file /home/airflow/.local/lib/python3.8/site-packages/airflow/example_dags/example_external_task_marker_dag.py for tasks to queue
[2025-06-12T18:52:58.883+0000] {logging_mixin.py:188} INFO - [2025-06-12T18:52:58.882+0000] {dagbag.py:538} INFO - Filling up the DagBag from /home/airflow/.local/lib/python3.8/site-packages/airflow/example_dags/example_external_task_marker_dag.py
[2025-06-12T18:52:58.895+0000] {processor.py:840} INFO - DAG(s) 'example_external_task_marker_parent', 'example_external_task_marker_child' retrieved from /home/airflow/.local/lib/python3.8/site-packages/airflow/example_dags/example_external_task_marker_dag.py
[2025-06-12T18:52:58.950+0000] {logging_mixin.py:188} INFO - [2025-06-12T18:52:58.950+0000] {dag.py:3036} INFO - Sync 2 DAGs
[2025-06-12T18:52:58.975+0000] {logging_mixin.py:188} INFO - [2025-06-12T18:52:58.975+0000] {dag.py:3823} INFO - Setting next_dagrun for example_external_task_marker_child to None, run_after=None
[2025-06-12T18:52:58.981+0000] {logging_mixin.py:188} INFO - [2025-06-12T18:52:58.981+0000] {dag.py:3823} INFO - Setting next_dagrun for example_external_task_marker_parent to None, run_after=None
[2025-06-12T18:52:59.021+0000] {processor.py:183} INFO - Processing /home/airflow/.local/lib/python3.8/site-packages/airflow/example_dags/example_external_task_marker_dag.py took 0.149 seconds
[2025-06-12T18:53:29.425+0000] {processor.py:161} INFO - Started process (PID=1490) to work on /home/airflow/.local/lib/python3.8/site-packages/airflow/example_dags/example_external_task_marker_dag.py
[2025-06-12T18:53:29.429+0000] {processor.py:830} INFO - Processing file /home/airflow/.local/lib/python3.8/site-packages/airflow/example_dags/example_external_task_marker_dag.py for tasks to queue
[2025-06-12T18:53:29.430+0000] {logging_mixin.py:188} INFO - [2025-06-12T18:53:29.430+0000] {dagbag.py:538} INFO - Filling up the DagBag from /home/airflow/.local/lib/python3.8/site-packages/airflow/example_dags/example_external_task_marker_dag.py
[2025-06-12T18:53:29.441+0000] {processor.py:840} INFO - DAG(s) 'example_external_task_marker_child', 'example_external_task_marker_parent' retrieved from /home/airflow/.local/lib/python3.8/site-packages/airflow/example_dags/example_external_task_marker_dag.py
[2025-06-12T18:53:29.491+0000] {logging_mixin.py:188} INFO - [2025-06-12T18:53:29.491+0000] {dag.py:3036} INFO - Sync 2 DAGs
[2025-06-12T18:53:29.513+0000] {logging_mixin.py:188} INFO - [2025-06-12T18:53:29.512+0000] {dag.py:3823} INFO - Setting next_dagrun for example_external_task_marker_child to None, run_after=None
[2025-06-12T18:53:29.521+0000] {logging_mixin.py:188} INFO - [2025-06-12T18:53:29.521+0000] {dag.py:3823} INFO - Setting next_dagrun for example_external_task_marker_parent to None, run_after=None
[2025-06-12T18:53:29.553+0000] {processor.py:183} INFO - Processing /home/airflow/.local/lib/python3.8/site-packages/airflow/example_dags/example_external_task_marker_dag.py took 0.134 seconds
[2025-06-12T18:54:00.465+0000] {processor.py:161} INFO - Started process (PID=1546) to work on /home/airflow/.local/lib/python3.8/site-packages/airflow/example_dags/example_external_task_marker_dag.py
[2025-06-12T18:54:00.468+0000] {processor.py:830} INFO - Processing file /home/airflow/.local/lib/python3.8/site-packages/airflow/example_dags/example_external_task_marker_dag.py for tasks to queue
[2025-06-12T18:54:00.470+0000] {logging_mixin.py:188} INFO - [2025-06-12T18:54:00.470+0000] {dagbag.py:538} INFO - Filling up the DagBag from /home/airflow/.local/lib/python3.8/site-packages/airflow/example_dags/example_external_task_marker_dag.py
[2025-06-12T18:54:00.482+0000] {processor.py:840} INFO - DAG(s) 'example_external_task_marker_child', 'example_external_task_marker_parent' retrieved from /home/airflow/.local/lib/python3.8/site-packages/airflow/example_dags/example_external_task_marker_dag.py
[2025-06-12T18:54:00.528+0000] {logging_mixin.py:188} INFO - [2025-06-12T18:54:00.527+0000] {dag.py:3036} INFO - Sync 2 DAGs
[2025-06-12T18:54:00.550+0000] {logging_mixin.py:188} INFO - [2025-06-12T18:54:00.550+0000] {dag.py:3823} INFO - Setting next_dagrun for example_external_task_marker_child to None, run_after=None
[2025-06-12T18:54:00.557+0000] {logging_mixin.py:188} INFO - [2025-06-12T18:54:00.557+0000] {dag.py:3823} INFO - Setting next_dagrun for example_external_task_marker_parent to None, run_after=None
[2025-06-12T18:54:00.592+0000] {processor.py:183} INFO - Processing /home/airflow/.local/lib/python3.8/site-packages/airflow/example_dags/example_external_task_marker_dag.py took 0.132 seconds
[2025-06-12T18:54:31.441+0000] {processor.py:161} INFO - Started process (PID=1601) to work on /home/airflow/.local/lib/python3.8/site-packages/airflow/example_dags/example_external_task_marker_dag.py
[2025-06-12T18:54:31.443+0000] {processor.py:830} INFO - Processing file /home/airflow/.local/lib/python3.8/site-packages/airflow/example_dags/example_external_task_marker_dag.py for tasks to queue
[2025-06-12T18:54:31.445+0000] {logging_mixin.py:188} INFO - [2025-06-12T18:54:31.444+0000] {dagbag.py:538} INFO - Filling up the DagBag from /home/airflow/.local/lib/python3.8/site-packages/airflow/example_dags/example_external_task_marker_dag.py
[2025-06-12T18:54:31.455+0000] {processor.py:840} INFO - DAG(s) 'example_external_task_marker_child', 'example_external_task_marker_parent' retrieved from /home/airflow/.local/lib/python3.8/site-packages/airflow/example_dags/example_external_task_marker_dag.py
[2025-06-12T18:54:31.498+0000] {logging_mixin.py:188} INFO - [2025-06-12T18:54:31.497+0000] {dag.py:3036} INFO - Sync 2 DAGs
[2025-06-12T18:54:31.516+0000] {logging_mixin.py:188} INFO - [2025-06-12T18:54:31.516+0000] {dag.py:3823} INFO - Setting next_dagrun for example_external_task_marker_child to None, run_after=None
[2025-06-12T18:54:31.522+0000] {logging_mixin.py:188} INFO - [2025-06-12T18:54:31.522+0000] {dag.py:3823} INFO - Setting next_dagrun for example_external_task_marker_parent to None, run_after=None
[2025-06-12T18:54:31.551+0000] {processor.py:183} INFO - Processing /home/airflow/.local/lib/python3.8/site-packages/airflow/example_dags/example_external_task_marker_dag.py took 0.115 seconds
[2025-06-12T18:55:02.746+0000] {processor.py:161} INFO - Started process (PID=1656) to work on /home/airflow/.local/lib/python3.8/site-packages/airflow/example_dags/example_external_task_marker_dag.py
[2025-06-12T18:55:02.748+0000] {processor.py:830} INFO - Processing file /home/airflow/.local/lib/python3.8/site-packages/airflow/example_dags/example_external_task_marker_dag.py for tasks to queue
[2025-06-12T18:55:02.750+0000] {logging_mixin.py:188} INFO - [2025-06-12T18:55:02.749+0000] {dagbag.py:538} INFO - Filling up the DagBag from /home/airflow/.local/lib/python3.8/site-packages/airflow/example_dags/example_external_task_marker_dag.py
[2025-06-12T18:55:02.762+0000] {processor.py:840} INFO - DAG(s) 'example_external_task_marker_child', 'example_external_task_marker_parent' retrieved from /home/airflow/.local/lib/python3.8/site-packages/airflow/example_dags/example_external_task_marker_dag.py
[2025-06-12T18:55:02.806+0000] {logging_mixin.py:188} INFO - [2025-06-12T18:55:02.806+0000] {dag.py:3036} INFO - Sync 2 DAGs
[2025-06-12T18:55:02.825+0000] {logging_mixin.py:188} INFO - [2025-06-12T18:55:02.825+0000] {dag.py:3823} INFO - Setting next_dagrun for example_external_task_marker_child to None, run_after=None
[2025-06-12T18:55:02.831+0000] {logging_mixin.py:188} INFO - [2025-06-12T18:55:02.831+0000] {dag.py:3823} INFO - Setting next_dagrun for example_external_task_marker_parent to None, run_after=None
[2025-06-12T18:55:02.863+0000] {processor.py:183} INFO - Processing /home/airflow/.local/lib/python3.8/site-packages/airflow/example_dags/example_external_task_marker_dag.py took 0.123 seconds
[2025-06-12T18:55:33.827+0000] {processor.py:161} INFO - Started process (PID=1711) to work on /home/airflow/.local/lib/python3.8/site-packages/airflow/example_dags/example_external_task_marker_dag.py
[2025-06-12T18:55:33.829+0000] {processor.py:830} INFO - Processing file /home/airflow/.local/lib/python3.8/site-packages/airflow/example_dags/example_external_task_marker_dag.py for tasks to queue
[2025-06-12T18:55:33.832+0000] {logging_mixin.py:188} INFO - [2025-06-12T18:55:33.831+0000] {dagbag.py:538} INFO - Filling up the DagBag from /home/airflow/.local/lib/python3.8/site-packages/airflow/example_dags/example_external_task_marker_dag.py
[2025-06-12T18:55:33.846+0000] {processor.py:840} INFO - DAG(s) 'example_external_task_marker_parent', 'example_external_task_marker_child' retrieved from /home/airflow/.local/lib/python3.8/site-packages/airflow/example_dags/example_external_task_marker_dag.py
[2025-06-12T18:55:33.890+0000] {logging_mixin.py:188} INFO - [2025-06-12T18:55:33.890+0000] {dag.py:3036} INFO - Sync 2 DAGs
[2025-06-12T18:55:33.911+0000] {logging_mixin.py:188} INFO - [2025-06-12T18:55:33.910+0000] {dag.py:3823} INFO - Setting next_dagrun for example_external_task_marker_child to None, run_after=None
[2025-06-12T18:55:33.919+0000] {logging_mixin.py:188} INFO - [2025-06-12T18:55:33.919+0000] {dag.py:3823} INFO - Setting next_dagrun for example_external_task_marker_parent to None, run_after=None
[2025-06-12T18:55:33.961+0000] {processor.py:183} INFO - Processing /home/airflow/.local/lib/python3.8/site-packages/airflow/example_dags/example_external_task_marker_dag.py took 0.141 seconds
[2025-06-12T18:56:05.120+0000] {processor.py:161} INFO - Started process (PID=1766) to work on /home/airflow/.local/lib/python3.8/site-packages/airflow/example_dags/example_external_task_marker_dag.py
[2025-06-12T18:56:05.123+0000] {processor.py:830} INFO - Processing file /home/airflow/.local/lib/python3.8/site-packages/airflow/example_dags/example_external_task_marker_dag.py for tasks to queue
[2025-06-12T18:56:05.125+0000] {logging_mixin.py:188} INFO - [2025-06-12T18:56:05.124+0000] {dagbag.py:538} INFO - Filling up the DagBag from /home/airflow/.local/lib/python3.8/site-packages/airflow/example_dags/example_external_task_marker_dag.py
[2025-06-12T18:56:05.136+0000] {processor.py:840} INFO - DAG(s) 'example_external_task_marker_parent', 'example_external_task_marker_child' retrieved from /home/airflow/.local/lib/python3.8/site-packages/airflow/example_dags/example_external_task_marker_dag.py
[2025-06-12T18:56:05.179+0000] {logging_mixin.py:188} INFO - [2025-06-12T18:56:05.179+0000] {dag.py:3036} INFO - Sync 2 DAGs
[2025-06-12T18:56:05.197+0000] {logging_mixin.py:188} INFO - [2025-06-12T18:56:05.197+0000] {dag.py:3823} INFO - Setting next_dagrun for example_external_task_marker_child to None, run_after=None
[2025-06-12T18:56:05.202+0000] {logging_mixin.py:188} INFO - [2025-06-12T18:56:05.202+0000] {dag.py:3823} INFO - Setting next_dagrun for example_external_task_marker_parent to None, run_after=None
[2025-06-12T18:56:05.231+0000] {processor.py:183} INFO - Processing /home/airflow/.local/lib/python3.8/site-packages/airflow/example_dags/example_external_task_marker_dag.py took 0.115 seconds
[2025-06-12T18:56:35.634+0000] {processor.py:161} INFO - Started process (PID=1821) to work on /home/airflow/.local/lib/python3.8/site-packages/airflow/example_dags/example_external_task_marker_dag.py
[2025-06-12T18:56:35.636+0000] {processor.py:830} INFO - Processing file /home/airflow/.local/lib/python3.8/site-packages/airflow/example_dags/example_external_task_marker_dag.py for tasks to queue
[2025-06-12T18:56:35.639+0000] {logging_mixin.py:188} INFO - [2025-06-12T18:56:35.638+0000] {dagbag.py:538} INFO - Filling up the DagBag from /home/airflow/.local/lib/python3.8/site-packages/airflow/example_dags/example_external_task_marker_dag.py
[2025-06-12T18:56:35.650+0000] {processor.py:840} INFO - DAG(s) 'example_external_task_marker_child', 'example_external_task_marker_parent' retrieved from /home/airflow/.local/lib/python3.8/site-packages/airflow/example_dags/example_external_task_marker_dag.py
[2025-06-12T18:56:35.696+0000] {logging_mixin.py:188} INFO - [2025-06-12T18:56:35.696+0000] {dag.py:3036} INFO - Sync 2 DAGs
[2025-06-12T18:56:35.719+0000] {logging_mixin.py:188} INFO - [2025-06-12T18:56:35.718+0000] {dag.py:3823} INFO - Setting next_dagrun for example_external_task_marker_child to None, run_after=None
[2025-06-12T18:56:35.726+0000] {logging_mixin.py:188} INFO - [2025-06-12T18:56:35.725+0000] {dag.py:3823} INFO - Setting next_dagrun for example_external_task_marker_parent to None, run_after=None
[2025-06-12T18:56:35.757+0000] {processor.py:183} INFO - Processing /home/airflow/.local/lib/python3.8/site-packages/airflow/example_dags/example_external_task_marker_dag.py took 0.130 seconds
[2025-06-12T18:57:05.971+0000] {processor.py:161} INFO - Started process (PID=1875) to work on /home/airflow/.local/lib/python3.8/site-packages/airflow/example_dags/example_external_task_marker_dag.py
[2025-06-12T18:57:05.973+0000] {processor.py:830} INFO - Processing file /home/airflow/.local/lib/python3.8/site-packages/airflow/example_dags/example_external_task_marker_dag.py for tasks to queue
[2025-06-12T18:57:05.975+0000] {logging_mixin.py:188} INFO - [2025-06-12T18:57:05.975+0000] {dagbag.py:538} INFO - Filling up the DagBag from /home/airflow/.local/lib/python3.8/site-packages/airflow/example_dags/example_external_task_marker_dag.py
[2025-06-12T18:57:05.989+0000] {processor.py:840} INFO - DAG(s) 'example_external_task_marker_parent', 'example_external_task_marker_child' retrieved from /home/airflow/.local/lib/python3.8/site-packages/airflow/example_dags/example_external_task_marker_dag.py
[2025-06-12T18:57:06.035+0000] {logging_mixin.py:188} INFO - [2025-06-12T18:57:06.035+0000] {dag.py:3036} INFO - Sync 2 DAGs
[2025-06-12T18:57:06.053+0000] {logging_mixin.py:188} INFO - [2025-06-12T18:57:06.052+0000] {dag.py:3823} INFO - Setting next_dagrun for example_external_task_marker_child to None, run_after=None
[2025-06-12T18:57:06.059+0000] {logging_mixin.py:188} INFO - [2025-06-12T18:57:06.058+0000] {dag.py:3823} INFO - Setting next_dagrun for example_external_task_marker_parent to None, run_after=None
[2025-06-12T18:57:06.090+0000] {processor.py:183} INFO - Processing /home/airflow/.local/lib/python3.8/site-packages/airflow/example_dags/example_external_task_marker_dag.py took 0.124 seconds
[2025-06-12T18:57:44.479+0000] {processor.py:161} INFO - Started process (PID=1931) to work on /home/airflow/.local/lib/python3.8/site-packages/airflow/example_dags/example_external_task_marker_dag.py
[2025-06-12T18:57:44.481+0000] {processor.py:830} INFO - Processing file /home/airflow/.local/lib/python3.8/site-packages/airflow/example_dags/example_external_task_marker_dag.py for tasks to queue
[2025-06-12T18:57:44.483+0000] {logging_mixin.py:188} INFO - [2025-06-12T18:57:44.483+0000] {dagbag.py:538} INFO - Filling up the DagBag from /home/airflow/.local/lib/python3.8/site-packages/airflow/example_dags/example_external_task_marker_dag.py
[2025-06-12T18:57:44.498+0000] {processor.py:840} INFO - DAG(s) 'example_external_task_marker_child', 'example_external_task_marker_parent' retrieved from /home/airflow/.local/lib/python3.8/site-packages/airflow/example_dags/example_external_task_marker_dag.py
[2025-06-12T18:57:44.552+0000] {logging_mixin.py:188} INFO - [2025-06-12T18:57:44.552+0000] {dag.py:3036} INFO - Sync 2 DAGs
[2025-06-12T18:57:44.586+0000] {logging_mixin.py:188} INFO - [2025-06-12T18:57:44.585+0000] {dag.py:3823} INFO - Setting next_dagrun for example_external_task_marker_child to None, run_after=None
[2025-06-12T18:57:44.607+0000] {logging_mixin.py:188} INFO - [2025-06-12T18:57:44.605+0000] {dag.py:3823} INFO - Setting next_dagrun for example_external_task_marker_parent to None, run_after=None
[2025-06-12T18:57:44.678+0000] {processor.py:183} INFO - Processing /home/airflow/.local/lib/python3.8/site-packages/airflow/example_dags/example_external_task_marker_dag.py took 0.205 seconds
[2025-06-12T18:58:15.278+0000] {processor.py:161} INFO - Started process (PID=1987) to work on /home/airflow/.local/lib/python3.8/site-packages/airflow/example_dags/example_external_task_marker_dag.py
[2025-06-12T18:58:15.280+0000] {processor.py:830} INFO - Processing file /home/airflow/.local/lib/python3.8/site-packages/airflow/example_dags/example_external_task_marker_dag.py for tasks to queue
[2025-06-12T18:58:15.282+0000] {logging_mixin.py:188} INFO - [2025-06-12T18:58:15.282+0000] {dagbag.py:538} INFO - Filling up the DagBag from /home/airflow/.local/lib/python3.8/site-packages/airflow/example_dags/example_external_task_marker_dag.py
[2025-06-12T18:58:15.296+0000] {processor.py:840} INFO - DAG(s) 'example_external_task_marker_parent', 'example_external_task_marker_child' retrieved from /home/airflow/.local/lib/python3.8/site-packages/airflow/example_dags/example_external_task_marker_dag.py
[2025-06-12T18:58:15.340+0000] {logging_mixin.py:188} INFO - [2025-06-12T18:58:15.340+0000] {dag.py:3036} INFO - Sync 2 DAGs
[2025-06-12T18:58:15.364+0000] {logging_mixin.py:188} INFO - [2025-06-12T18:58:15.363+0000] {dag.py:3823} INFO - Setting next_dagrun for example_external_task_marker_child to None, run_after=None
[2025-06-12T18:58:15.372+0000] {logging_mixin.py:188} INFO - [2025-06-12T18:58:15.372+0000] {dag.py:3823} INFO - Setting next_dagrun for example_external_task_marker_parent to None, run_after=None
[2025-06-12T18:58:15.410+0000] {processor.py:183} INFO - Processing /home/airflow/.local/lib/python3.8/site-packages/airflow/example_dags/example_external_task_marker_dag.py took 0.153 seconds
[2025-06-12T18:58:45.943+0000] {processor.py:161} INFO - Started process (PID=2042) to work on /home/airflow/.local/lib/python3.8/site-packages/airflow/example_dags/example_external_task_marker_dag.py
[2025-06-12T18:58:45.945+0000] {processor.py:830} INFO - Processing file /home/airflow/.local/lib/python3.8/site-packages/airflow/example_dags/example_external_task_marker_dag.py for tasks to queue
[2025-06-12T18:58:45.947+0000] {logging_mixin.py:188} INFO - [2025-06-12T18:58:45.947+0000] {dagbag.py:538} INFO - Filling up the DagBag from /home/airflow/.local/lib/python3.8/site-packages/airflow/example_dags/example_external_task_marker_dag.py
[2025-06-12T18:58:45.958+0000] {processor.py:840} INFO - DAG(s) 'example_external_task_marker_parent', 'example_external_task_marker_child' retrieved from /home/airflow/.local/lib/python3.8/site-packages/airflow/example_dags/example_external_task_marker_dag.py
[2025-06-12T18:58:46.001+0000] {logging_mixin.py:188} INFO - [2025-06-12T18:58:46.000+0000] {dag.py:3036} INFO - Sync 2 DAGs
[2025-06-12T18:58:46.021+0000] {logging_mixin.py:188} INFO - [2025-06-12T18:58:46.020+0000] {dag.py:3823} INFO - Setting next_dagrun for example_external_task_marker_child to None, run_after=None
[2025-06-12T18:58:46.027+0000] {logging_mixin.py:188} INFO - [2025-06-12T18:58:46.026+0000] {dag.py:3823} INFO - Setting next_dagrun for example_external_task_marker_parent to None, run_after=None
[2025-06-12T18:58:46.058+0000] {processor.py:183} INFO - Processing /home/airflow/.local/lib/python3.8/site-packages/airflow/example_dags/example_external_task_marker_dag.py took 0.121 seconds
[2025-06-12T18:59:19.518+0000] {processor.py:161} INFO - Started process (PID=2103) to work on /home/airflow/.local/lib/python3.8/site-packages/airflow/example_dags/example_external_task_marker_dag.py
[2025-06-12T18:59:19.522+0000] {processor.py:830} INFO - Processing file /home/airflow/.local/lib/python3.8/site-packages/airflow/example_dags/example_external_task_marker_dag.py for tasks to queue
[2025-06-12T18:59:19.525+0000] {logging_mixin.py:188} INFO - [2025-06-12T18:59:19.524+0000] {dagbag.py:538} INFO - Filling up the DagBag from /home/airflow/.local/lib/python3.8/site-packages/airflow/example_dags/example_external_task_marker_dag.py
[2025-06-12T18:59:19.544+0000] {processor.py:840} INFO - DAG(s) 'example_external_task_marker_parent', 'example_external_task_marker_child' retrieved from /home/airflow/.local/lib/python3.8/site-packages/airflow/example_dags/example_external_task_marker_dag.py
[2025-06-12T18:59:19.619+0000] {logging_mixin.py:188} INFO - [2025-06-12T18:59:19.618+0000] {dag.py:3036} INFO - Sync 2 DAGs
[2025-06-12T18:59:19.675+0000] {logging_mixin.py:188} INFO - [2025-06-12T18:59:19.674+0000] {dag.py:3823} INFO - Setting next_dagrun for example_external_task_marker_child to None, run_after=None
[2025-06-12T18:59:19.706+0000] {logging_mixin.py:188} INFO - [2025-06-12T18:59:19.706+0000] {dag.py:3823} INFO - Setting next_dagrun for example_external_task_marker_parent to None, run_after=None
[2025-06-12T18:59:19.762+0000] {processor.py:183} INFO - Processing /home/airflow/.local/lib/python3.8/site-packages/airflow/example_dags/example_external_task_marker_dag.py took 0.257 seconds
[2025-06-12T18:59:51.974+0000] {processor.py:161} INFO - Started process (PID=2158) to work on /home/airflow/.local/lib/python3.8/site-packages/airflow/example_dags/example_external_task_marker_dag.py
[2025-06-12T18:59:51.978+0000] {processor.py:830} INFO - Processing file /home/airflow/.local/lib/python3.8/site-packages/airflow/example_dags/example_external_task_marker_dag.py for tasks to queue
[2025-06-12T18:59:51.981+0000] {logging_mixin.py:188} INFO - [2025-06-12T18:59:51.980+0000] {dagbag.py:538} INFO - Filling up the DagBag from /home/airflow/.local/lib/python3.8/site-packages/airflow/example_dags/example_external_task_marker_dag.py
[2025-06-12T18:59:52.008+0000] {processor.py:840} INFO - DAG(s) 'example_external_task_marker_parent', 'example_external_task_marker_child' retrieved from /home/airflow/.local/lib/python3.8/site-packages/airflow/example_dags/example_external_task_marker_dag.py
[2025-06-12T18:59:52.116+0000] {logging_mixin.py:188} INFO - [2025-06-12T18:59:52.115+0000] {dag.py:3036} INFO - Sync 2 DAGs
[2025-06-12T18:59:52.165+0000] {logging_mixin.py:188} INFO - [2025-06-12T18:59:52.165+0000] {dag.py:3823} INFO - Setting next_dagrun for example_external_task_marker_child to None, run_after=None
[2025-06-12T18:59:52.177+0000] {logging_mixin.py:188} INFO - [2025-06-12T18:59:52.176+0000] {dag.py:3823} INFO - Setting next_dagrun for example_external_task_marker_parent to None, run_after=None
[2025-06-12T18:59:52.264+0000] {processor.py:183} INFO - Processing /home/airflow/.local/lib/python3.8/site-packages/airflow/example_dags/example_external_task_marker_dag.py took 0.302 seconds
[2025-06-12T19:00:23.164+0000] {processor.py:161} INFO - Started process (PID=2214) to work on /home/airflow/.local/lib/python3.8/site-packages/airflow/example_dags/example_external_task_marker_dag.py
[2025-06-12T19:00:23.170+0000] {processor.py:830} INFO - Processing file /home/airflow/.local/lib/python3.8/site-packages/airflow/example_dags/example_external_task_marker_dag.py for tasks to queue
[2025-06-12T19:00:23.173+0000] {logging_mixin.py:188} INFO - [2025-06-12T19:00:23.172+0000] {dagbag.py:538} INFO - Filling up the DagBag from /home/airflow/.local/lib/python3.8/site-packages/airflow/example_dags/example_external_task_marker_dag.py
[2025-06-12T19:00:23.193+0000] {processor.py:840} INFO - DAG(s) 'example_external_task_marker_child', 'example_external_task_marker_parent' retrieved from /home/airflow/.local/lib/python3.8/site-packages/airflow/example_dags/example_external_task_marker_dag.py
[2025-06-12T19:00:23.262+0000] {logging_mixin.py:188} INFO - [2025-06-12T19:00:23.261+0000] {dag.py:3036} INFO - Sync 2 DAGs
[2025-06-12T19:00:23.294+0000] {logging_mixin.py:188} INFO - [2025-06-12T19:00:23.293+0000] {dag.py:3823} INFO - Setting next_dagrun for example_external_task_marker_child to None, run_after=None
[2025-06-12T19:00:23.305+0000] {logging_mixin.py:188} INFO - [2025-06-12T19:00:23.304+0000] {dag.py:3823} INFO - Setting next_dagrun for example_external_task_marker_parent to None, run_after=None
[2025-06-12T19:00:23.352+0000] {processor.py:183} INFO - Processing /home/airflow/.local/lib/python3.8/site-packages/airflow/example_dags/example_external_task_marker_dag.py took 0.199 seconds
[2025-06-12T19:00:56.345+0000] {processor.py:161} INFO - Started process (PID=2269) to work on /home/airflow/.local/lib/python3.8/site-packages/airflow/example_dags/example_external_task_marker_dag.py
[2025-06-12T19:00:56.348+0000] {processor.py:830} INFO - Processing file /home/airflow/.local/lib/python3.8/site-packages/airflow/example_dags/example_external_task_marker_dag.py for tasks to queue
[2025-06-12T19:00:56.351+0000] {logging_mixin.py:188} INFO - [2025-06-12T19:00:56.350+0000] {dagbag.py:538} INFO - Filling up the DagBag from /home/airflow/.local/lib/python3.8/site-packages/airflow/example_dags/example_external_task_marker_dag.py
[2025-06-12T19:00:56.369+0000] {processor.py:840} INFO - DAG(s) 'example_external_task_marker_child', 'example_external_task_marker_parent' retrieved from /home/airflow/.local/lib/python3.8/site-packages/airflow/example_dags/example_external_task_marker_dag.py
[2025-06-12T19:00:56.462+0000] {logging_mixin.py:188} INFO - [2025-06-12T19:00:56.462+0000] {dag.py:3036} INFO - Sync 2 DAGs
[2025-06-12T19:00:56.495+0000] {logging_mixin.py:188} INFO - [2025-06-12T19:00:56.495+0000] {dag.py:3823} INFO - Setting next_dagrun for example_external_task_marker_child to None, run_after=None
[2025-06-12T19:00:56.505+0000] {logging_mixin.py:188} INFO - [2025-06-12T19:00:56.504+0000] {dag.py:3823} INFO - Setting next_dagrun for example_external_task_marker_parent to None, run_after=None
[2025-06-12T19:00:56.551+0000] {processor.py:183} INFO - Processing /home/airflow/.local/lib/python3.8/site-packages/airflow/example_dags/example_external_task_marker_dag.py took 0.217 seconds
[2025-06-12T19:01:28.232+0000] {processor.py:161} INFO - Started process (PID=2324) to work on /home/airflow/.local/lib/python3.8/site-packages/airflow/example_dags/example_external_task_marker_dag.py
[2025-06-12T19:01:28.235+0000] {processor.py:830} INFO - Processing file /home/airflow/.local/lib/python3.8/site-packages/airflow/example_dags/example_external_task_marker_dag.py for tasks to queue
[2025-06-12T19:01:28.239+0000] {logging_mixin.py:188} INFO - [2025-06-12T19:01:28.238+0000] {dagbag.py:538} INFO - Filling up the DagBag from /home/airflow/.local/lib/python3.8/site-packages/airflow/example_dags/example_external_task_marker_dag.py
[2025-06-12T19:01:28.262+0000] {processor.py:840} INFO - DAG(s) 'example_external_task_marker_child', 'example_external_task_marker_parent' retrieved from /home/airflow/.local/lib/python3.8/site-packages/airflow/example_dags/example_external_task_marker_dag.py
[2025-06-12T19:01:28.350+0000] {logging_mixin.py:188} INFO - [2025-06-12T19:01:28.350+0000] {dag.py:3036} INFO - Sync 2 DAGs
[2025-06-12T19:01:28.385+0000] {logging_mixin.py:188} INFO - [2025-06-12T19:01:28.385+0000] {dag.py:3823} INFO - Setting next_dagrun for example_external_task_marker_child to None, run_after=None
[2025-06-12T19:01:28.396+0000] {logging_mixin.py:188} INFO - [2025-06-12T19:01:28.395+0000] {dag.py:3823} INFO - Setting next_dagrun for example_external_task_marker_parent to None, run_after=None
[2025-06-12T19:01:28.444+0000] {processor.py:183} INFO - Processing /home/airflow/.local/lib/python3.8/site-packages/airflow/example_dags/example_external_task_marker_dag.py took 0.224 seconds
[2025-06-12T19:01:59.138+0000] {processor.py:161} INFO - Started process (PID=2378) to work on /home/airflow/.local/lib/python3.8/site-packages/airflow/example_dags/example_external_task_marker_dag.py
[2025-06-12T19:01:59.141+0000] {processor.py:830} INFO - Processing file /home/airflow/.local/lib/python3.8/site-packages/airflow/example_dags/example_external_task_marker_dag.py for tasks to queue
[2025-06-12T19:01:59.145+0000] {logging_mixin.py:188} INFO - [2025-06-12T19:01:59.144+0000] {dagbag.py:538} INFO - Filling up the DagBag from /home/airflow/.local/lib/python3.8/site-packages/airflow/example_dags/example_external_task_marker_dag.py
[2025-06-12T19:01:59.169+0000] {processor.py:840} INFO - DAG(s) 'example_external_task_marker_parent', 'example_external_task_marker_child' retrieved from /home/airflow/.local/lib/python3.8/site-packages/airflow/example_dags/example_external_task_marker_dag.py
[2025-06-12T19:01:59.249+0000] {logging_mixin.py:188} INFO - [2025-06-12T19:01:59.248+0000] {dag.py:3036} INFO - Sync 2 DAGs
[2025-06-12T19:01:59.287+0000] {logging_mixin.py:188} INFO - [2025-06-12T19:01:59.287+0000] {dag.py:3823} INFO - Setting next_dagrun for example_external_task_marker_child to None, run_after=None
[2025-06-12T19:01:59.299+0000] {logging_mixin.py:188} INFO - [2025-06-12T19:01:59.298+0000] {dag.py:3823} INFO - Setting next_dagrun for example_external_task_marker_parent to None, run_after=None
[2025-06-12T19:01:59.354+0000] {processor.py:183} INFO - Processing /home/airflow/.local/lib/python3.8/site-packages/airflow/example_dags/example_external_task_marker_dag.py took 0.226 seconds
[2025-06-12T19:02:29.931+0000] {processor.py:161} INFO - Started process (PID=2433) to work on /home/airflow/.local/lib/python3.8/site-packages/airflow/example_dags/example_external_task_marker_dag.py
[2025-06-12T19:02:29.934+0000] {processor.py:830} INFO - Processing file /home/airflow/.local/lib/python3.8/site-packages/airflow/example_dags/example_external_task_marker_dag.py for tasks to queue
[2025-06-12T19:02:29.938+0000] {logging_mixin.py:188} INFO - [2025-06-12T19:02:29.937+0000] {dagbag.py:538} INFO - Filling up the DagBag from /home/airflow/.local/lib/python3.8/site-packages/airflow/example_dags/example_external_task_marker_dag.py
[2025-06-12T19:02:29.971+0000] {processor.py:840} INFO - DAG(s) 'example_external_task_marker_child', 'example_external_task_marker_parent' retrieved from /home/airflow/.local/lib/python3.8/site-packages/airflow/example_dags/example_external_task_marker_dag.py
[2025-06-12T19:02:30.043+0000] {logging_mixin.py:188} INFO - [2025-06-12T19:02:30.043+0000] {dag.py:3036} INFO - Sync 2 DAGs
[2025-06-12T19:02:30.075+0000] {logging_mixin.py:188} INFO - [2025-06-12T19:02:30.074+0000] {dag.py:3823} INFO - Setting next_dagrun for example_external_task_marker_child to None, run_after=None
[2025-06-12T19:02:30.084+0000] {logging_mixin.py:188} INFO - [2025-06-12T19:02:30.084+0000] {dag.py:3823} INFO - Setting next_dagrun for example_external_task_marker_parent to None, run_after=None
[2025-06-12T19:02:30.133+0000] {processor.py:183} INFO - Processing /home/airflow/.local/lib/python3.8/site-packages/airflow/example_dags/example_external_task_marker_dag.py took 0.211 seconds
[2025-06-12T19:03:00.732+0000] {processor.py:161} INFO - Started process (PID=2488) to work on /home/airflow/.local/lib/python3.8/site-packages/airflow/example_dags/example_external_task_marker_dag.py
[2025-06-12T19:03:00.736+0000] {processor.py:830} INFO - Processing file /home/airflow/.local/lib/python3.8/site-packages/airflow/example_dags/example_external_task_marker_dag.py for tasks to queue
[2025-06-12T19:03:00.740+0000] {logging_mixin.py:188} INFO - [2025-06-12T19:03:00.739+0000] {dagbag.py:538} INFO - Filling up the DagBag from /home/airflow/.local/lib/python3.8/site-packages/airflow/example_dags/example_external_task_marker_dag.py
[2025-06-12T19:03:00.760+0000] {processor.py:840} INFO - DAG(s) 'example_external_task_marker_child', 'example_external_task_marker_parent' retrieved from /home/airflow/.local/lib/python3.8/site-packages/airflow/example_dags/example_external_task_marker_dag.py
[2025-06-12T19:03:00.838+0000] {logging_mixin.py:188} INFO - [2025-06-12T19:03:00.838+0000] {dag.py:3036} INFO - Sync 2 DAGs
[2025-06-12T19:03:00.874+0000] {logging_mixin.py:188} INFO - [2025-06-12T19:03:00.873+0000] {dag.py:3823} INFO - Setting next_dagrun for example_external_task_marker_child to None, run_after=None
[2025-06-12T19:03:00.888+0000] {logging_mixin.py:188} INFO - [2025-06-12T19:03:00.887+0000] {dag.py:3823} INFO - Setting next_dagrun for example_external_task_marker_parent to None, run_after=None
[2025-06-12T19:03:00.944+0000] {processor.py:183} INFO - Processing /home/airflow/.local/lib/python3.8/site-packages/airflow/example_dags/example_external_task_marker_dag.py took 0.221 seconds
[2025-06-12T19:03:31.256+0000] {processor.py:161} INFO - Started process (PID=2543) to work on /home/airflow/.local/lib/python3.8/site-packages/airflow/example_dags/example_external_task_marker_dag.py
[2025-06-12T19:03:31.259+0000] {processor.py:830} INFO - Processing file /home/airflow/.local/lib/python3.8/site-packages/airflow/example_dags/example_external_task_marker_dag.py for tasks to queue
[2025-06-12T19:03:31.262+0000] {logging_mixin.py:188} INFO - [2025-06-12T19:03:31.261+0000] {dagbag.py:538} INFO - Filling up the DagBag from /home/airflow/.local/lib/python3.8/site-packages/airflow/example_dags/example_external_task_marker_dag.py
[2025-06-12T19:03:31.279+0000] {processor.py:840} INFO - DAG(s) 'example_external_task_marker_child', 'example_external_task_marker_parent' retrieved from /home/airflow/.local/lib/python3.8/site-packages/airflow/example_dags/example_external_task_marker_dag.py
[2025-06-12T19:03:31.347+0000] {logging_mixin.py:188} INFO - [2025-06-12T19:03:31.346+0000] {dag.py:3036} INFO - Sync 2 DAGs
[2025-06-12T19:03:31.380+0000] {logging_mixin.py:188} INFO - [2025-06-12T19:03:31.380+0000] {dag.py:3823} INFO - Setting next_dagrun for example_external_task_marker_child to None, run_after=None
[2025-06-12T19:03:31.390+0000] {logging_mixin.py:188} INFO - [2025-06-12T19:03:31.390+0000] {dag.py:3823} INFO - Setting next_dagrun for example_external_task_marker_parent to None, run_after=None
[2025-06-12T19:03:31.441+0000] {processor.py:183} INFO - Processing /home/airflow/.local/lib/python3.8/site-packages/airflow/example_dags/example_external_task_marker_dag.py took 0.193 seconds
[2025-06-12T19:04:02.195+0000] {processor.py:161} INFO - Started process (PID=2598) to work on /home/airflow/.local/lib/python3.8/site-packages/airflow/example_dags/example_external_task_marker_dag.py
[2025-06-12T19:04:02.198+0000] {processor.py:830} INFO - Processing file /home/airflow/.local/lib/python3.8/site-packages/airflow/example_dags/example_external_task_marker_dag.py for tasks to queue
[2025-06-12T19:04:02.200+0000] {logging_mixin.py:188} INFO - [2025-06-12T19:04:02.200+0000] {dagbag.py:538} INFO - Filling up the DagBag from /home/airflow/.local/lib/python3.8/site-packages/airflow/example_dags/example_external_task_marker_dag.py
[2025-06-12T19:04:02.220+0000] {processor.py:840} INFO - DAG(s) 'example_external_task_marker_child', 'example_external_task_marker_parent' retrieved from /home/airflow/.local/lib/python3.8/site-packages/airflow/example_dags/example_external_task_marker_dag.py
[2025-06-12T19:04:02.296+0000] {logging_mixin.py:188} INFO - [2025-06-12T19:04:02.296+0000] {dag.py:3036} INFO - Sync 2 DAGs
[2025-06-12T19:04:02.326+0000] {logging_mixin.py:188} INFO - [2025-06-12T19:04:02.326+0000] {dag.py:3823} INFO - Setting next_dagrun for example_external_task_marker_child to None, run_after=None
[2025-06-12T19:04:02.335+0000] {logging_mixin.py:188} INFO - [2025-06-12T19:04:02.334+0000] {dag.py:3823} INFO - Setting next_dagrun for example_external_task_marker_parent to None, run_after=None
[2025-06-12T19:04:02.384+0000] {processor.py:183} INFO - Processing /home/airflow/.local/lib/python3.8/site-packages/airflow/example_dags/example_external_task_marker_dag.py took 0.198 seconds
[2025-06-12T19:04:33.175+0000] {processor.py:161} INFO - Started process (PID=2654) to work on /home/airflow/.local/lib/python3.8/site-packages/airflow/example_dags/example_external_task_marker_dag.py
[2025-06-12T19:04:33.178+0000] {processor.py:830} INFO - Processing file /home/airflow/.local/lib/python3.8/site-packages/airflow/example_dags/example_external_task_marker_dag.py for tasks to queue
[2025-06-12T19:04:33.181+0000] {logging_mixin.py:188} INFO - [2025-06-12T19:04:33.180+0000] {dagbag.py:538} INFO - Filling up the DagBag from /home/airflow/.local/lib/python3.8/site-packages/airflow/example_dags/example_external_task_marker_dag.py
[2025-06-12T19:04:33.198+0000] {processor.py:840} INFO - DAG(s) 'example_external_task_marker_parent', 'example_external_task_marker_child' retrieved from /home/airflow/.local/lib/python3.8/site-packages/airflow/example_dags/example_external_task_marker_dag.py
[2025-06-12T19:04:33.263+0000] {logging_mixin.py:188} INFO - [2025-06-12T19:04:33.263+0000] {dag.py:3036} INFO - Sync 2 DAGs
[2025-06-12T19:04:33.293+0000] {logging_mixin.py:188} INFO - [2025-06-12T19:04:33.293+0000] {dag.py:3823} INFO - Setting next_dagrun for example_external_task_marker_child to None, run_after=None
[2025-06-12T19:04:33.302+0000] {logging_mixin.py:188} INFO - [2025-06-12T19:04:33.302+0000] {dag.py:3823} INFO - Setting next_dagrun for example_external_task_marker_parent to None, run_after=None
[2025-06-12T19:04:33.349+0000] {processor.py:183} INFO - Processing /home/airflow/.local/lib/python3.8/site-packages/airflow/example_dags/example_external_task_marker_dag.py took 0.183 seconds
[2025-06-12T19:05:04.462+0000] {processor.py:161} INFO - Started process (PID=2710) to work on /home/airflow/.local/lib/python3.8/site-packages/airflow/example_dags/example_external_task_marker_dag.py
[2025-06-12T19:05:04.467+0000] {processor.py:830} INFO - Processing file /home/airflow/.local/lib/python3.8/site-packages/airflow/example_dags/example_external_task_marker_dag.py for tasks to queue
[2025-06-12T19:05:04.470+0000] {logging_mixin.py:188} INFO - [2025-06-12T19:05:04.469+0000] {dagbag.py:538} INFO - Filling up the DagBag from /home/airflow/.local/lib/python3.8/site-packages/airflow/example_dags/example_external_task_marker_dag.py
[2025-06-12T19:05:04.492+0000] {processor.py:840} INFO - DAG(s) 'example_external_task_marker_parent', 'example_external_task_marker_child' retrieved from /home/airflow/.local/lib/python3.8/site-packages/airflow/example_dags/example_external_task_marker_dag.py
[2025-06-12T19:05:04.580+0000] {logging_mixin.py:188} INFO - [2025-06-12T19:05:04.579+0000] {dag.py:3036} INFO - Sync 2 DAGs
[2025-06-12T19:05:04.613+0000] {logging_mixin.py:188} INFO - [2025-06-12T19:05:04.612+0000] {dag.py:3823} INFO - Setting next_dagrun for example_external_task_marker_child to None, run_after=None
[2025-06-12T19:05:04.624+0000] {logging_mixin.py:188} INFO - [2025-06-12T19:05:04.623+0000] {dag.py:3823} INFO - Setting next_dagrun for example_external_task_marker_parent to None, run_after=None
[2025-06-12T19:05:04.673+0000] {processor.py:183} INFO - Processing /home/airflow/.local/lib/python3.8/site-packages/airflow/example_dags/example_external_task_marker_dag.py took 0.220 seconds
[2025-06-12T19:05:35.071+0000] {processor.py:161} INFO - Started process (PID=2766) to work on /home/airflow/.local/lib/python3.8/site-packages/airflow/example_dags/example_external_task_marker_dag.py
[2025-06-12T19:05:35.076+0000] {processor.py:830} INFO - Processing file /home/airflow/.local/lib/python3.8/site-packages/airflow/example_dags/example_external_task_marker_dag.py for tasks to queue
[2025-06-12T19:05:35.079+0000] {logging_mixin.py:188} INFO - [2025-06-12T19:05:35.078+0000] {dagbag.py:538} INFO - Filling up the DagBag from /home/airflow/.local/lib/python3.8/site-packages/airflow/example_dags/example_external_task_marker_dag.py
[2025-06-12T19:05:35.106+0000] {processor.py:840} INFO - DAG(s) 'example_external_task_marker_parent', 'example_external_task_marker_child' retrieved from /home/airflow/.local/lib/python3.8/site-packages/airflow/example_dags/example_external_task_marker_dag.py
[2025-06-12T19:05:35.236+0000] {logging_mixin.py:188} INFO - [2025-06-12T19:05:35.236+0000] {dag.py:3036} INFO - Sync 2 DAGs
[2025-06-12T19:05:35.293+0000] {logging_mixin.py:188} INFO - [2025-06-12T19:05:35.292+0000] {dag.py:3823} INFO - Setting next_dagrun for example_external_task_marker_child to None, run_after=None
[2025-06-12T19:05:35.308+0000] {logging_mixin.py:188} INFO - [2025-06-12T19:05:35.308+0000] {dag.py:3823} INFO - Setting next_dagrun for example_external_task_marker_parent to None, run_after=None
[2025-06-12T19:05:35.401+0000] {processor.py:183} INFO - Processing /home/airflow/.local/lib/python3.8/site-packages/airflow/example_dags/example_external_task_marker_dag.py took 0.342 seconds
[2025-06-12T19:06:05.896+0000] {processor.py:161} INFO - Started process (PID=2820) to work on /home/airflow/.local/lib/python3.8/site-packages/airflow/example_dags/example_external_task_marker_dag.py
[2025-06-12T19:06:05.902+0000] {processor.py:830} INFO - Processing file /home/airflow/.local/lib/python3.8/site-packages/airflow/example_dags/example_external_task_marker_dag.py for tasks to queue
[2025-06-12T19:06:05.907+0000] {logging_mixin.py:188} INFO - [2025-06-12T19:06:05.905+0000] {dagbag.py:538} INFO - Filling up the DagBag from /home/airflow/.local/lib/python3.8/site-packages/airflow/example_dags/example_external_task_marker_dag.py
[2025-06-12T19:06:05.927+0000] {processor.py:840} INFO - DAG(s) 'example_external_task_marker_child', 'example_external_task_marker_parent' retrieved from /home/airflow/.local/lib/python3.8/site-packages/airflow/example_dags/example_external_task_marker_dag.py
[2025-06-12T19:06:05.993+0000] {logging_mixin.py:188} INFO - [2025-06-12T19:06:05.992+0000] {dag.py:3036} INFO - Sync 2 DAGs
[2025-06-12T19:06:06.024+0000] {logging_mixin.py:188} INFO - [2025-06-12T19:06:06.024+0000] {dag.py:3823} INFO - Setting next_dagrun for example_external_task_marker_child to None, run_after=None
[2025-06-12T19:06:06.036+0000] {logging_mixin.py:188} INFO - [2025-06-12T19:06:06.035+0000] {dag.py:3823} INFO - Setting next_dagrun for example_external_task_marker_parent to None, run_after=None
[2025-06-12T19:06:06.078+0000] {processor.py:183} INFO - Processing /home/airflow/.local/lib/python3.8/site-packages/airflow/example_dags/example_external_task_marker_dag.py took 0.192 seconds
[2025-06-12T19:06:37.550+0000] {processor.py:161} INFO - Started process (PID=2875) to work on /home/airflow/.local/lib/python3.8/site-packages/airflow/example_dags/example_external_task_marker_dag.py
[2025-06-12T19:06:37.553+0000] {processor.py:830} INFO - Processing file /home/airflow/.local/lib/python3.8/site-packages/airflow/example_dags/example_external_task_marker_dag.py for tasks to queue
[2025-06-12T19:06:37.556+0000] {logging_mixin.py:188} INFO - [2025-06-12T19:06:37.555+0000] {dagbag.py:538} INFO - Filling up the DagBag from /home/airflow/.local/lib/python3.8/site-packages/airflow/example_dags/example_external_task_marker_dag.py
[2025-06-12T19:06:37.576+0000] {processor.py:840} INFO - DAG(s) 'example_external_task_marker_child', 'example_external_task_marker_parent' retrieved from /home/airflow/.local/lib/python3.8/site-packages/airflow/example_dags/example_external_task_marker_dag.py
[2025-06-12T19:06:37.643+0000] {logging_mixin.py:188} INFO - [2025-06-12T19:06:37.643+0000] {dag.py:3036} INFO - Sync 2 DAGs
[2025-06-12T19:06:37.998+0000] {logging_mixin.py:188} INFO - [2025-06-12T19:06:37.997+0000] {dag.py:3823} INFO - Setting next_dagrun for example_external_task_marker_child to None, run_after=None
[2025-06-12T19:06:38.007+0000] {logging_mixin.py:188} INFO - [2025-06-12T19:06:38.007+0000] {dag.py:3823} INFO - Setting next_dagrun for example_external_task_marker_parent to None, run_after=None
[2025-06-12T19:06:38.048+0000] {processor.py:183} INFO - Processing /home/airflow/.local/lib/python3.8/site-packages/airflow/example_dags/example_external_task_marker_dag.py took 0.512 seconds
