[2025-06-12T18:35:22.080+0000] {processor.py:161} INFO - Started process (PID=119) to work on /home/airflow/.local/lib/python3.8/site-packages/airflow/example_dags/example_branch_operator.py
[2025-06-12T18:35:22.082+0000] {processor.py:830} INFO - Processing file /home/airflow/.local/lib/python3.8/site-packages/airflow/example_dags/example_branch_operator.py for tasks to queue
[2025-06-12T18:35:22.086+0000] {logging_mixin.py:188} INFO - [2025-06-12T18:35:22.085+0000] {dagbag.py:538} INFO - Filling up the DagBag from /home/airflow/.local/lib/python3.8/site-packages/airflow/example_dags/example_branch_operator.py
[2025-06-12T18:35:22.127+0000] {processor.py:840} INFO - DAG(s) 'example_branch_operator' retrieved from /home/airflow/.local/lib/python3.8/site-packages/airflow/example_dags/example_branch_operator.py
[2025-06-12T18:35:22.405+0000] {logging_mixin.py:188} INFO - [2025-06-12T18:35:22.404+0000] {dag.py:3036} INFO - Sync 1 DAGs
[2025-06-12T18:35:22.480+0000] {logging_mixin.py:188} INFO - [2025-06-12T18:35:22.480+0000] {dag.py:3823} INFO - Setting next_dagrun for example_branch_operator to 2025-06-11 00:00:00+00:00, run_after=2025-06-12 00:00:00+00:00
[2025-06-12T18:35:22.524+0000] {processor.py:183} INFO - Processing /home/airflow/.local/lib/python3.8/site-packages/airflow/example_dags/example_branch_operator.py took 0.450 seconds
[2025-06-12T18:35:52.605+0000] {processor.py:161} INFO - Started process (PID=174) to work on /home/airflow/.local/lib/python3.8/site-packages/airflow/example_dags/example_branch_operator.py
[2025-06-12T18:35:52.607+0000] {processor.py:830} INFO - Processing file /home/airflow/.local/lib/python3.8/site-packages/airflow/example_dags/example_branch_operator.py for tasks to queue
[2025-06-12T18:35:52.610+0000] {logging_mixin.py:188} INFO - [2025-06-12T18:35:52.610+0000] {dagbag.py:538} INFO - Filling up the DagBag from /home/airflow/.local/lib/python3.8/site-packages/airflow/example_dags/example_branch_operator.py
[2025-06-12T18:35:52.644+0000] {processor.py:840} INFO - DAG(s) 'example_branch_operator' retrieved from /home/airflow/.local/lib/python3.8/site-packages/airflow/example_dags/example_branch_operator.py
[2025-06-12T18:35:52.707+0000] {logging_mixin.py:188} INFO - [2025-06-12T18:35:52.706+0000] {dag.py:3036} INFO - Sync 1 DAGs
[2025-06-12T18:35:52.753+0000] {logging_mixin.py:188} INFO - [2025-06-12T18:35:52.753+0000] {dag.py:3823} INFO - Setting next_dagrun for example_branch_operator to 2025-06-11 00:00:00+00:00, run_after=2025-06-12 00:00:00+00:00
[2025-06-12T18:35:52.793+0000] {processor.py:183} INFO - Processing /home/airflow/.local/lib/python3.8/site-packages/airflow/example_dags/example_branch_operator.py took 0.194 seconds
[2025-06-12T18:36:23.532+0000] {processor.py:161} INFO - Started process (PID=229) to work on /home/airflow/.local/lib/python3.8/site-packages/airflow/example_dags/example_branch_operator.py
[2025-06-12T18:36:23.534+0000] {processor.py:830} INFO - Processing file /home/airflow/.local/lib/python3.8/site-packages/airflow/example_dags/example_branch_operator.py for tasks to queue
[2025-06-12T18:36:23.538+0000] {logging_mixin.py:188} INFO - [2025-06-12T18:36:23.537+0000] {dagbag.py:538} INFO - Filling up the DagBag from /home/airflow/.local/lib/python3.8/site-packages/airflow/example_dags/example_branch_operator.py
[2025-06-12T18:36:23.564+0000] {processor.py:840} INFO - DAG(s) 'example_branch_operator' retrieved from /home/airflow/.local/lib/python3.8/site-packages/airflow/example_dags/example_branch_operator.py
[2025-06-12T18:36:23.589+0000] {logging_mixin.py:188} INFO - [2025-06-12T18:36:23.589+0000] {dag.py:3036} INFO - Sync 1 DAGs
[2025-06-12T18:36:23.630+0000] {logging_mixin.py:188} INFO - [2025-06-12T18:36:23.629+0000] {dag.py:3823} INFO - Setting next_dagrun for example_branch_operator to 2025-06-11 00:00:00+00:00, run_after=2025-06-12 00:00:00+00:00
[2025-06-12T18:36:23.667+0000] {processor.py:183} INFO - Processing /home/airflow/.local/lib/python3.8/site-packages/airflow/example_dags/example_branch_operator.py took 0.140 seconds
[2025-06-12T18:36:54.667+0000] {processor.py:161} INFO - Started process (PID=284) to work on /home/airflow/.local/lib/python3.8/site-packages/airflow/example_dags/example_branch_operator.py
[2025-06-12T18:36:54.669+0000] {processor.py:830} INFO - Processing file /home/airflow/.local/lib/python3.8/site-packages/airflow/example_dags/example_branch_operator.py for tasks to queue
[2025-06-12T18:36:54.673+0000] {logging_mixin.py:188} INFO - [2025-06-12T18:36:54.672+0000] {dagbag.py:538} INFO - Filling up the DagBag from /home/airflow/.local/lib/python3.8/site-packages/airflow/example_dags/example_branch_operator.py
[2025-06-12T18:36:54.700+0000] {processor.py:840} INFO - DAG(s) 'example_branch_operator' retrieved from /home/airflow/.local/lib/python3.8/site-packages/airflow/example_dags/example_branch_operator.py
[2025-06-12T18:36:54.901+0000] {logging_mixin.py:188} INFO - [2025-06-12T18:36:54.901+0000] {dag.py:3036} INFO - Sync 1 DAGs
[2025-06-12T18:36:54.933+0000] {logging_mixin.py:188} INFO - [2025-06-12T18:36:54.932+0000] {dag.py:3823} INFO - Setting next_dagrun for example_branch_operator to 2025-06-11 00:00:00+00:00, run_after=2025-06-12 00:00:00+00:00
[2025-06-12T18:36:54.968+0000] {processor.py:183} INFO - Processing /home/airflow/.local/lib/python3.8/site-packages/airflow/example_dags/example_branch_operator.py took 0.307 seconds
[2025-06-12T18:37:25.763+0000] {processor.py:161} INFO - Started process (PID=339) to work on /home/airflow/.local/lib/python3.8/site-packages/airflow/example_dags/example_branch_operator.py
[2025-06-12T18:37:25.765+0000] {processor.py:830} INFO - Processing file /home/airflow/.local/lib/python3.8/site-packages/airflow/example_dags/example_branch_operator.py for tasks to queue
[2025-06-12T18:37:25.769+0000] {logging_mixin.py:188} INFO - [2025-06-12T18:37:25.768+0000] {dagbag.py:538} INFO - Filling up the DagBag from /home/airflow/.local/lib/python3.8/site-packages/airflow/example_dags/example_branch_operator.py
[2025-06-12T18:37:25.798+0000] {processor.py:840} INFO - DAG(s) 'example_branch_operator' retrieved from /home/airflow/.local/lib/python3.8/site-packages/airflow/example_dags/example_branch_operator.py
[2025-06-12T18:37:25.842+0000] {logging_mixin.py:188} INFO - [2025-06-12T18:37:25.842+0000] {dag.py:3036} INFO - Sync 1 DAGs
[2025-06-12T18:37:25.873+0000] {logging_mixin.py:188} INFO - [2025-06-12T18:37:25.873+0000] {dag.py:3823} INFO - Setting next_dagrun for example_branch_operator to 2025-06-11 00:00:00+00:00, run_after=2025-06-12 00:00:00+00:00
[2025-06-12T18:37:25.907+0000] {processor.py:183} INFO - Processing /home/airflow/.local/lib/python3.8/site-packages/airflow/example_dags/example_branch_operator.py took 0.149 seconds
[2025-06-12T18:37:56.633+0000] {processor.py:161} INFO - Started process (PID=394) to work on /home/airflow/.local/lib/python3.8/site-packages/airflow/example_dags/example_branch_operator.py
[2025-06-12T18:37:56.635+0000] {processor.py:830} INFO - Processing file /home/airflow/.local/lib/python3.8/site-packages/airflow/example_dags/example_branch_operator.py for tasks to queue
[2025-06-12T18:37:56.638+0000] {logging_mixin.py:188} INFO - [2025-06-12T18:37:56.637+0000] {dagbag.py:538} INFO - Filling up the DagBag from /home/airflow/.local/lib/python3.8/site-packages/airflow/example_dags/example_branch_operator.py
[2025-06-12T18:37:56.667+0000] {processor.py:840} INFO - DAG(s) 'example_branch_operator' retrieved from /home/airflow/.local/lib/python3.8/site-packages/airflow/example_dags/example_branch_operator.py
[2025-06-12T18:37:56.718+0000] {logging_mixin.py:188} INFO - [2025-06-12T18:37:56.718+0000] {dag.py:3036} INFO - Sync 1 DAGs
[2025-06-12T18:37:56.752+0000] {logging_mixin.py:188} INFO - [2025-06-12T18:37:56.751+0000] {dag.py:3823} INFO - Setting next_dagrun for example_branch_operator to 2025-06-11 00:00:00+00:00, run_after=2025-06-12 00:00:00+00:00
[2025-06-12T18:37:56.786+0000] {processor.py:183} INFO - Processing /home/airflow/.local/lib/python3.8/site-packages/airflow/example_dags/example_branch_operator.py took 0.158 seconds
[2025-06-12T18:38:27.496+0000] {processor.py:161} INFO - Started process (PID=449) to work on /home/airflow/.local/lib/python3.8/site-packages/airflow/example_dags/example_branch_operator.py
[2025-06-12T18:38:27.499+0000] {processor.py:830} INFO - Processing file /home/airflow/.local/lib/python3.8/site-packages/airflow/example_dags/example_branch_operator.py for tasks to queue
[2025-06-12T18:38:27.508+0000] {logging_mixin.py:188} INFO - [2025-06-12T18:38:27.508+0000] {dagbag.py:538} INFO - Filling up the DagBag from /home/airflow/.local/lib/python3.8/site-packages/airflow/example_dags/example_branch_operator.py
[2025-06-12T18:38:27.553+0000] {processor.py:840} INFO - DAG(s) 'example_branch_operator' retrieved from /home/airflow/.local/lib/python3.8/site-packages/airflow/example_dags/example_branch_operator.py
[2025-06-12T18:38:27.612+0000] {logging_mixin.py:188} INFO - [2025-06-12T18:38:27.612+0000] {dag.py:3036} INFO - Sync 1 DAGs
[2025-06-12T18:38:27.647+0000] {logging_mixin.py:188} INFO - [2025-06-12T18:38:27.647+0000] {dag.py:3823} INFO - Setting next_dagrun for example_branch_operator to 2025-06-11 00:00:00+00:00, run_after=2025-06-12 00:00:00+00:00
[2025-06-12T18:38:27.680+0000] {processor.py:183} INFO - Processing /home/airflow/.local/lib/python3.8/site-packages/airflow/example_dags/example_branch_operator.py took 0.192 seconds
[2025-06-12T18:38:58.546+0000] {processor.py:161} INFO - Started process (PID=502) to work on /home/airflow/.local/lib/python3.8/site-packages/airflow/example_dags/example_branch_operator.py
[2025-06-12T18:38:58.549+0000] {processor.py:830} INFO - Processing file /home/airflow/.local/lib/python3.8/site-packages/airflow/example_dags/example_branch_operator.py for tasks to queue
[2025-06-12T18:38:58.554+0000] {logging_mixin.py:188} INFO - [2025-06-12T18:38:58.553+0000] {dagbag.py:538} INFO - Filling up the DagBag from /home/airflow/.local/lib/python3.8/site-packages/airflow/example_dags/example_branch_operator.py
[2025-06-12T18:38:58.584+0000] {processor.py:840} INFO - DAG(s) 'example_branch_operator' retrieved from /home/airflow/.local/lib/python3.8/site-packages/airflow/example_dags/example_branch_operator.py
[2025-06-12T18:38:58.642+0000] {logging_mixin.py:188} INFO - [2025-06-12T18:38:58.642+0000] {dag.py:3036} INFO - Sync 1 DAGs
[2025-06-12T18:38:58.683+0000] {logging_mixin.py:188} INFO - [2025-06-12T18:38:58.682+0000] {dag.py:3823} INFO - Setting next_dagrun for example_branch_operator to 2025-06-11 00:00:00+00:00, run_after=2025-06-12 00:00:00+00:00
[2025-06-12T18:38:58.720+0000] {processor.py:183} INFO - Processing /home/airflow/.local/lib/python3.8/site-packages/airflow/example_dags/example_branch_operator.py took 0.189 seconds
[2025-06-12T18:39:29.002+0000] {processor.py:161} INFO - Started process (PID=557) to work on /home/airflow/.local/lib/python3.8/site-packages/airflow/example_dags/example_branch_operator.py
[2025-06-12T18:39:29.005+0000] {processor.py:830} INFO - Processing file /home/airflow/.local/lib/python3.8/site-packages/airflow/example_dags/example_branch_operator.py for tasks to queue
[2025-06-12T18:39:29.009+0000] {logging_mixin.py:188} INFO - [2025-06-12T18:39:29.008+0000] {dagbag.py:538} INFO - Filling up the DagBag from /home/airflow/.local/lib/python3.8/site-packages/airflow/example_dags/example_branch_operator.py
[2025-06-12T18:39:29.042+0000] {processor.py:840} INFO - DAG(s) 'example_branch_operator' retrieved from /home/airflow/.local/lib/python3.8/site-packages/airflow/example_dags/example_branch_operator.py
[2025-06-12T18:39:29.070+0000] {logging_mixin.py:188} INFO - [2025-06-12T18:39:29.069+0000] {dag.py:3036} INFO - Sync 1 DAGs
[2025-06-12T18:39:29.136+0000] {logging_mixin.py:188} INFO - [2025-06-12T18:39:29.135+0000] {dag.py:3823} INFO - Setting next_dagrun for example_branch_operator to 2025-06-11 00:00:00+00:00, run_after=2025-06-12 00:00:00+00:00
[2025-06-12T18:39:29.197+0000] {processor.py:183} INFO - Processing /home/airflow/.local/lib/python3.8/site-packages/airflow/example_dags/example_branch_operator.py took 0.201 seconds
[2025-06-12T18:39:59.684+0000] {processor.py:161} INFO - Started process (PID=612) to work on /home/airflow/.local/lib/python3.8/site-packages/airflow/example_dags/example_branch_operator.py
[2025-06-12T18:39:59.686+0000] {processor.py:830} INFO - Processing file /home/airflow/.local/lib/python3.8/site-packages/airflow/example_dags/example_branch_operator.py for tasks to queue
[2025-06-12T18:39:59.691+0000] {logging_mixin.py:188} INFO - [2025-06-12T18:39:59.690+0000] {dagbag.py:538} INFO - Filling up the DagBag from /home/airflow/.local/lib/python3.8/site-packages/airflow/example_dags/example_branch_operator.py
[2025-06-12T18:39:59.722+0000] {processor.py:840} INFO - DAG(s) 'example_branch_operator' retrieved from /home/airflow/.local/lib/python3.8/site-packages/airflow/example_dags/example_branch_operator.py
[2025-06-12T18:39:59.993+0000] {logging_mixin.py:188} INFO - [2025-06-12T18:39:59.992+0000] {dag.py:3036} INFO - Sync 1 DAGs
[2025-06-12T18:40:00.032+0000] {logging_mixin.py:188} INFO - [2025-06-12T18:40:00.031+0000] {dag.py:3823} INFO - Setting next_dagrun for example_branch_operator to 2025-06-11 00:00:00+00:00, run_after=2025-06-12 00:00:00+00:00
[2025-06-12T18:40:00.072+0000] {processor.py:183} INFO - Processing /home/airflow/.local/lib/python3.8/site-packages/airflow/example_dags/example_branch_operator.py took 0.394 seconds
[2025-06-12T18:40:38.938+0000] {processor.py:161} INFO - Started process (PID=667) to work on /home/airflow/.local/lib/python3.8/site-packages/airflow/example_dags/example_branch_operator.py
[2025-06-12T18:40:38.943+0000] {processor.py:830} INFO - Processing file /home/airflow/.local/lib/python3.8/site-packages/airflow/example_dags/example_branch_operator.py for tasks to queue
[2025-06-12T18:40:38.951+0000] {logging_mixin.py:188} INFO - [2025-06-12T18:40:38.950+0000] {dagbag.py:538} INFO - Filling up the DagBag from /home/airflow/.local/lib/python3.8/site-packages/airflow/example_dags/example_branch_operator.py
[2025-06-12T18:40:39.011+0000] {processor.py:840} INFO - DAG(s) 'example_branch_operator' retrieved from /home/airflow/.local/lib/python3.8/site-packages/airflow/example_dags/example_branch_operator.py
[2025-06-12T18:40:39.051+0000] {logging_mixin.py:188} INFO - [2025-06-12T18:40:39.051+0000] {dag.py:3036} INFO - Sync 1 DAGs
[2025-06-12T18:40:39.113+0000] {logging_mixin.py:188} INFO - [2025-06-12T18:40:39.113+0000] {dag.py:3823} INFO - Setting next_dagrun for example_branch_operator to 2025-06-11 00:00:00+00:00, run_after=2025-06-12 00:00:00+00:00
[2025-06-12T18:40:39.163+0000] {processor.py:183} INFO - Processing /home/airflow/.local/lib/python3.8/site-packages/airflow/example_dags/example_branch_operator.py took 0.234 seconds
[2025-06-12T18:46:19.435+0000] {processor.py:161} INFO - Started process (PID=726) to work on /home/airflow/.local/lib/python3.8/site-packages/airflow/example_dags/example_branch_operator.py
[2025-06-12T18:46:19.438+0000] {processor.py:830} INFO - Processing file /home/airflow/.local/lib/python3.8/site-packages/airflow/example_dags/example_branch_operator.py for tasks to queue
[2025-06-12T18:46:19.440+0000] {logging_mixin.py:188} INFO - [2025-06-12T18:46:19.439+0000] {dagbag.py:538} INFO - Filling up the DagBag from /home/airflow/.local/lib/python3.8/site-packages/airflow/example_dags/example_branch_operator.py
[2025-06-12T18:46:19.465+0000] {processor.py:840} INFO - DAG(s) 'example_branch_operator' retrieved from /home/airflow/.local/lib/python3.8/site-packages/airflow/example_dags/example_branch_operator.py
[2025-06-12T18:46:19.656+0000] {logging_mixin.py:188} INFO - [2025-06-12T18:46:19.655+0000] {dag.py:3036} INFO - Sync 1 DAGs
[2025-06-12T18:46:19.700+0000] {logging_mixin.py:188} INFO - [2025-06-12T18:46:19.700+0000] {dag.py:3823} INFO - Setting next_dagrun for example_branch_operator to 2025-06-11 00:00:00+00:00, run_after=2025-06-12 00:00:00+00:00
[2025-06-12T18:46:19.735+0000] {processor.py:183} INFO - Processing /home/airflow/.local/lib/python3.8/site-packages/airflow/example_dags/example_branch_operator.py took 0.305 seconds
[2025-06-12T18:46:50.035+0000] {processor.py:161} INFO - Started process (PID=782) to work on /home/airflow/.local/lib/python3.8/site-packages/airflow/example_dags/example_branch_operator.py
[2025-06-12T18:46:50.038+0000] {processor.py:830} INFO - Processing file /home/airflow/.local/lib/python3.8/site-packages/airflow/example_dags/example_branch_operator.py for tasks to queue
[2025-06-12T18:46:50.042+0000] {logging_mixin.py:188} INFO - [2025-06-12T18:46:50.041+0000] {dagbag.py:538} INFO - Filling up the DagBag from /home/airflow/.local/lib/python3.8/site-packages/airflow/example_dags/example_branch_operator.py
[2025-06-12T18:46:50.084+0000] {processor.py:840} INFO - DAG(s) 'example_branch_operator' retrieved from /home/airflow/.local/lib/python3.8/site-packages/airflow/example_dags/example_branch_operator.py
[2025-06-12T18:46:50.153+0000] {logging_mixin.py:188} INFO - [2025-06-12T18:46:50.152+0000] {dag.py:3036} INFO - Sync 1 DAGs
[2025-06-12T18:46:50.200+0000] {logging_mixin.py:188} INFO - [2025-06-12T18:46:50.199+0000] {dag.py:3823} INFO - Setting next_dagrun for example_branch_operator to 2025-06-11 00:00:00+00:00, run_after=2025-06-12 00:00:00+00:00
[2025-06-12T18:46:50.243+0000] {processor.py:183} INFO - Processing /home/airflow/.local/lib/python3.8/site-packages/airflow/example_dags/example_branch_operator.py took 0.216 seconds
[2025-06-12T18:47:21.092+0000] {processor.py:161} INFO - Started process (PID=837) to work on /home/airflow/.local/lib/python3.8/site-packages/airflow/example_dags/example_branch_operator.py
[2025-06-12T18:47:21.095+0000] {processor.py:830} INFO - Processing file /home/airflow/.local/lib/python3.8/site-packages/airflow/example_dags/example_branch_operator.py for tasks to queue
[2025-06-12T18:47:21.097+0000] {logging_mixin.py:188} INFO - [2025-06-12T18:47:21.096+0000] {dagbag.py:538} INFO - Filling up the DagBag from /home/airflow/.local/lib/python3.8/site-packages/airflow/example_dags/example_branch_operator.py
[2025-06-12T18:47:21.129+0000] {processor.py:840} INFO - DAG(s) 'example_branch_operator' retrieved from /home/airflow/.local/lib/python3.8/site-packages/airflow/example_dags/example_branch_operator.py
[2025-06-12T18:47:21.180+0000] {logging_mixin.py:188} INFO - [2025-06-12T18:47:21.180+0000] {dag.py:3036} INFO - Sync 1 DAGs
[2025-06-12T18:47:21.215+0000] {logging_mixin.py:188} INFO - [2025-06-12T18:47:21.215+0000] {dag.py:3823} INFO - Setting next_dagrun for example_branch_operator to 2025-06-11 00:00:00+00:00, run_after=2025-06-12 00:00:00+00:00
[2025-06-12T18:47:21.248+0000] {processor.py:183} INFO - Processing /home/airflow/.local/lib/python3.8/site-packages/airflow/example_dags/example_branch_operator.py took 0.165 seconds
[2025-06-12T18:47:51.500+0000] {processor.py:161} INFO - Started process (PID=892) to work on /home/airflow/.local/lib/python3.8/site-packages/airflow/example_dags/example_branch_operator.py
[2025-06-12T18:47:51.502+0000] {processor.py:830} INFO - Processing file /home/airflow/.local/lib/python3.8/site-packages/airflow/example_dags/example_branch_operator.py for tasks to queue
[2025-06-12T18:47:51.504+0000] {logging_mixin.py:188} INFO - [2025-06-12T18:47:51.504+0000] {dagbag.py:538} INFO - Filling up the DagBag from /home/airflow/.local/lib/python3.8/site-packages/airflow/example_dags/example_branch_operator.py
[2025-06-12T18:47:51.529+0000] {processor.py:840} INFO - DAG(s) 'example_branch_operator' retrieved from /home/airflow/.local/lib/python3.8/site-packages/airflow/example_dags/example_branch_operator.py
[2025-06-12T18:47:51.573+0000] {logging_mixin.py:188} INFO - [2025-06-12T18:47:51.573+0000] {dag.py:3036} INFO - Sync 1 DAGs
[2025-06-12T18:47:51.609+0000] {logging_mixin.py:188} INFO - [2025-06-12T18:47:51.609+0000] {dag.py:3823} INFO - Setting next_dagrun for example_branch_operator to 2025-06-11 00:00:00+00:00, run_after=2025-06-12 00:00:00+00:00
[2025-06-12T18:47:51.642+0000] {processor.py:183} INFO - Processing /home/airflow/.local/lib/python3.8/site-packages/airflow/example_dags/example_branch_operator.py took 0.148 seconds
[2025-06-12T18:48:23.331+0000] {processor.py:161} INFO - Started process (PID=947) to work on /home/airflow/.local/lib/python3.8/site-packages/airflow/example_dags/example_branch_operator.py
[2025-06-12T18:48:23.333+0000] {processor.py:830} INFO - Processing file /home/airflow/.local/lib/python3.8/site-packages/airflow/example_dags/example_branch_operator.py for tasks to queue
[2025-06-12T18:48:23.334+0000] {logging_mixin.py:188} INFO - [2025-06-12T18:48:23.334+0000] {dagbag.py:538} INFO - Filling up the DagBag from /home/airflow/.local/lib/python3.8/site-packages/airflow/example_dags/example_branch_operator.py
[2025-06-12T18:48:23.369+0000] {processor.py:840} INFO - DAG(s) 'example_branch_operator' retrieved from /home/airflow/.local/lib/python3.8/site-packages/airflow/example_dags/example_branch_operator.py
[2025-06-12T18:48:23.413+0000] {logging_mixin.py:188} INFO - [2025-06-12T18:48:23.412+0000] {dag.py:3036} INFO - Sync 1 DAGs
[2025-06-12T18:48:23.442+0000] {logging_mixin.py:188} INFO - [2025-06-12T18:48:23.442+0000] {dag.py:3823} INFO - Setting next_dagrun for example_branch_operator to 2025-06-11 00:00:00+00:00, run_after=2025-06-12 00:00:00+00:00
[2025-06-12T18:48:23.476+0000] {processor.py:183} INFO - Processing /home/airflow/.local/lib/python3.8/site-packages/airflow/example_dags/example_branch_operator.py took 0.151 seconds
[2025-06-12T18:48:54.628+0000] {processor.py:161} INFO - Started process (PID=1002) to work on /home/airflow/.local/lib/python3.8/site-packages/airflow/example_dags/example_branch_operator.py
[2025-06-12T18:48:54.630+0000] {processor.py:830} INFO - Processing file /home/airflow/.local/lib/python3.8/site-packages/airflow/example_dags/example_branch_operator.py for tasks to queue
[2025-06-12T18:48:54.632+0000] {logging_mixin.py:188} INFO - [2025-06-12T18:48:54.631+0000] {dagbag.py:538} INFO - Filling up the DagBag from /home/airflow/.local/lib/python3.8/site-packages/airflow/example_dags/example_branch_operator.py
[2025-06-12T18:48:54.664+0000] {processor.py:840} INFO - DAG(s) 'example_branch_operator' retrieved from /home/airflow/.local/lib/python3.8/site-packages/airflow/example_dags/example_branch_operator.py
[2025-06-12T18:48:54.712+0000] {logging_mixin.py:188} INFO - [2025-06-12T18:48:54.712+0000] {dag.py:3036} INFO - Sync 1 DAGs
[2025-06-12T18:48:54.753+0000] {logging_mixin.py:188} INFO - [2025-06-12T18:48:54.752+0000] {dag.py:3823} INFO - Setting next_dagrun for example_branch_operator to 2025-06-11 00:00:00+00:00, run_after=2025-06-12 00:00:00+00:00
[2025-06-12T18:48:54.792+0000] {processor.py:183} INFO - Processing /home/airflow/.local/lib/python3.8/site-packages/airflow/example_dags/example_branch_operator.py took 0.169 seconds
[2025-06-12T18:49:24.941+0000] {processor.py:161} INFO - Started process (PID=1056) to work on /home/airflow/.local/lib/python3.8/site-packages/airflow/example_dags/example_branch_operator.py
[2025-06-12T18:49:24.943+0000] {processor.py:830} INFO - Processing file /home/airflow/.local/lib/python3.8/site-packages/airflow/example_dags/example_branch_operator.py for tasks to queue
[2025-06-12T18:49:24.944+0000] {logging_mixin.py:188} INFO - [2025-06-12T18:49:24.944+0000] {dagbag.py:538} INFO - Filling up the DagBag from /home/airflow/.local/lib/python3.8/site-packages/airflow/example_dags/example_branch_operator.py
[2025-06-12T18:49:24.980+0000] {processor.py:840} INFO - DAG(s) 'example_branch_operator' retrieved from /home/airflow/.local/lib/python3.8/site-packages/airflow/example_dags/example_branch_operator.py
[2025-06-12T18:49:25.031+0000] {logging_mixin.py:188} INFO - [2025-06-12T18:49:25.030+0000] {dag.py:3036} INFO - Sync 1 DAGs
[2025-06-12T18:49:25.068+0000] {logging_mixin.py:188} INFO - [2025-06-12T18:49:25.067+0000] {dag.py:3823} INFO - Setting next_dagrun for example_branch_operator to 2025-06-11 00:00:00+00:00, run_after=2025-06-12 00:00:00+00:00
[2025-06-12T18:49:25.099+0000] {processor.py:183} INFO - Processing /home/airflow/.local/lib/python3.8/site-packages/airflow/example_dags/example_branch_operator.py took 0.165 seconds
[2025-06-12T18:49:55.238+0000] {processor.py:161} INFO - Started process (PID=1110) to work on /home/airflow/.local/lib/python3.8/site-packages/airflow/example_dags/example_branch_operator.py
[2025-06-12T18:49:55.241+0000] {processor.py:830} INFO - Processing file /home/airflow/.local/lib/python3.8/site-packages/airflow/example_dags/example_branch_operator.py for tasks to queue
[2025-06-12T18:49:55.243+0000] {logging_mixin.py:188} INFO - [2025-06-12T18:49:55.242+0000] {dagbag.py:538} INFO - Filling up the DagBag from /home/airflow/.local/lib/python3.8/site-packages/airflow/example_dags/example_branch_operator.py
[2025-06-12T18:49:55.274+0000] {processor.py:840} INFO - DAG(s) 'example_branch_operator' retrieved from /home/airflow/.local/lib/python3.8/site-packages/airflow/example_dags/example_branch_operator.py
[2025-06-12T18:49:55.321+0000] {logging_mixin.py:188} INFO - [2025-06-12T18:49:55.321+0000] {dag.py:3036} INFO - Sync 1 DAGs
[2025-06-12T18:49:55.356+0000] {logging_mixin.py:188} INFO - [2025-06-12T18:49:55.356+0000] {dag.py:3823} INFO - Setting next_dagrun for example_branch_operator to 2025-06-11 00:00:00+00:00, run_after=2025-06-12 00:00:00+00:00
[2025-06-12T18:49:55.392+0000] {processor.py:183} INFO - Processing /home/airflow/.local/lib/python3.8/site-packages/airflow/example_dags/example_branch_operator.py took 0.159 seconds
[2025-06-12T18:50:26.203+0000] {processor.py:161} INFO - Started process (PID=1165) to work on /home/airflow/.local/lib/python3.8/site-packages/airflow/example_dags/example_branch_operator.py
[2025-06-12T18:50:26.205+0000] {processor.py:830} INFO - Processing file /home/airflow/.local/lib/python3.8/site-packages/airflow/example_dags/example_branch_operator.py for tasks to queue
[2025-06-12T18:50:26.208+0000] {logging_mixin.py:188} INFO - [2025-06-12T18:50:26.207+0000] {dagbag.py:538} INFO - Filling up the DagBag from /home/airflow/.local/lib/python3.8/site-packages/airflow/example_dags/example_branch_operator.py
[2025-06-12T18:50:26.243+0000] {processor.py:840} INFO - DAG(s) 'example_branch_operator' retrieved from /home/airflow/.local/lib/python3.8/site-packages/airflow/example_dags/example_branch_operator.py
[2025-06-12T18:50:26.294+0000] {logging_mixin.py:188} INFO - [2025-06-12T18:50:26.293+0000] {dag.py:3036} INFO - Sync 1 DAGs
[2025-06-12T18:50:26.329+0000] {logging_mixin.py:188} INFO - [2025-06-12T18:50:26.329+0000] {dag.py:3823} INFO - Setting next_dagrun for example_branch_operator to 2025-06-11 00:00:00+00:00, run_after=2025-06-12 00:00:00+00:00
[2025-06-12T18:50:26.365+0000] {processor.py:183} INFO - Processing /home/airflow/.local/lib/python3.8/site-packages/airflow/example_dags/example_branch_operator.py took 0.169 seconds
[2025-06-12T18:50:56.843+0000] {processor.py:161} INFO - Started process (PID=1221) to work on /home/airflow/.local/lib/python3.8/site-packages/airflow/example_dags/example_branch_operator.py
[2025-06-12T18:50:56.844+0000] {processor.py:830} INFO - Processing file /home/airflow/.local/lib/python3.8/site-packages/airflow/example_dags/example_branch_operator.py for tasks to queue
[2025-06-12T18:50:56.847+0000] {logging_mixin.py:188} INFO - [2025-06-12T18:50:56.846+0000] {dagbag.py:538} INFO - Filling up the DagBag from /home/airflow/.local/lib/python3.8/site-packages/airflow/example_dags/example_branch_operator.py
[2025-06-12T18:50:56.879+0000] {processor.py:840} INFO - DAG(s) 'example_branch_operator' retrieved from /home/airflow/.local/lib/python3.8/site-packages/airflow/example_dags/example_branch_operator.py
[2025-06-12T18:50:56.919+0000] {logging_mixin.py:188} INFO - [2025-06-12T18:50:56.919+0000] {dag.py:3036} INFO - Sync 1 DAGs
[2025-06-12T18:50:56.951+0000] {logging_mixin.py:188} INFO - [2025-06-12T18:50:56.951+0000] {dag.py:3823} INFO - Setting next_dagrun for example_branch_operator to 2025-06-11 00:00:00+00:00, run_after=2025-06-12 00:00:00+00:00
[2025-06-12T18:50:56.988+0000] {processor.py:183} INFO - Processing /home/airflow/.local/lib/python3.8/site-packages/airflow/example_dags/example_branch_operator.py took 0.151 seconds
[2025-06-12T18:51:27.494+0000] {processor.py:161} INFO - Started process (PID=1276) to work on /home/airflow/.local/lib/python3.8/site-packages/airflow/example_dags/example_branch_operator.py
[2025-06-12T18:51:27.495+0000] {processor.py:830} INFO - Processing file /home/airflow/.local/lib/python3.8/site-packages/airflow/example_dags/example_branch_operator.py for tasks to queue
[2025-06-12T18:51:27.497+0000] {logging_mixin.py:188} INFO - [2025-06-12T18:51:27.497+0000] {dagbag.py:538} INFO - Filling up the DagBag from /home/airflow/.local/lib/python3.8/site-packages/airflow/example_dags/example_branch_operator.py
[2025-06-12T18:51:27.528+0000] {processor.py:840} INFO - DAG(s) 'example_branch_operator' retrieved from /home/airflow/.local/lib/python3.8/site-packages/airflow/example_dags/example_branch_operator.py
[2025-06-12T18:51:27.573+0000] {logging_mixin.py:188} INFO - [2025-06-12T18:51:27.572+0000] {dag.py:3036} INFO - Sync 1 DAGs
[2025-06-12T18:51:27.615+0000] {logging_mixin.py:188} INFO - [2025-06-12T18:51:27.614+0000] {dag.py:3823} INFO - Setting next_dagrun for example_branch_operator to 2025-06-11 00:00:00+00:00, run_after=2025-06-12 00:00:00+00:00
[2025-06-12T18:51:27.653+0000] {processor.py:183} INFO - Processing /home/airflow/.local/lib/python3.8/site-packages/airflow/example_dags/example_branch_operator.py took 0.165 seconds
[2025-06-12T18:51:58.304+0000] {processor.py:161} INFO - Started process (PID=1331) to work on /home/airflow/.local/lib/python3.8/site-packages/airflow/example_dags/example_branch_operator.py
[2025-06-12T18:51:58.307+0000] {processor.py:830} INFO - Processing file /home/airflow/.local/lib/python3.8/site-packages/airflow/example_dags/example_branch_operator.py for tasks to queue
[2025-06-12T18:51:58.309+0000] {logging_mixin.py:188} INFO - [2025-06-12T18:51:58.308+0000] {dagbag.py:538} INFO - Filling up the DagBag from /home/airflow/.local/lib/python3.8/site-packages/airflow/example_dags/example_branch_operator.py
[2025-06-12T18:51:58.338+0000] {processor.py:840} INFO - DAG(s) 'example_branch_operator' retrieved from /home/airflow/.local/lib/python3.8/site-packages/airflow/example_dags/example_branch_operator.py
[2025-06-12T18:51:58.384+0000] {logging_mixin.py:188} INFO - [2025-06-12T18:51:58.384+0000] {dag.py:3036} INFO - Sync 1 DAGs
[2025-06-12T18:51:58.420+0000] {logging_mixin.py:188} INFO - [2025-06-12T18:51:58.419+0000] {dag.py:3823} INFO - Setting next_dagrun for example_branch_operator to 2025-06-11 00:00:00+00:00, run_after=2025-06-12 00:00:00+00:00
[2025-06-12T18:51:58.455+0000] {processor.py:183} INFO - Processing /home/airflow/.local/lib/python3.8/site-packages/airflow/example_dags/example_branch_operator.py took 0.158 seconds
[2025-06-12T18:52:28.920+0000] {processor.py:161} INFO - Started process (PID=1387) to work on /home/airflow/.local/lib/python3.8/site-packages/airflow/example_dags/example_branch_operator.py
[2025-06-12T18:52:28.922+0000] {processor.py:830} INFO - Processing file /home/airflow/.local/lib/python3.8/site-packages/airflow/example_dags/example_branch_operator.py for tasks to queue
[2025-06-12T18:52:28.924+0000] {logging_mixin.py:188} INFO - [2025-06-12T18:52:28.924+0000] {dagbag.py:538} INFO - Filling up the DagBag from /home/airflow/.local/lib/python3.8/site-packages/airflow/example_dags/example_branch_operator.py
[2025-06-12T18:52:28.959+0000] {processor.py:840} INFO - DAG(s) 'example_branch_operator' retrieved from /home/airflow/.local/lib/python3.8/site-packages/airflow/example_dags/example_branch_operator.py
[2025-06-12T18:52:29.010+0000] {logging_mixin.py:188} INFO - [2025-06-12T18:52:29.010+0000] {dag.py:3036} INFO - Sync 1 DAGs
[2025-06-12T18:52:29.057+0000] {logging_mixin.py:188} INFO - [2025-06-12T18:52:29.056+0000] {dag.py:3823} INFO - Setting next_dagrun for example_branch_operator to 2025-06-11 00:00:00+00:00, run_after=2025-06-12 00:00:00+00:00
[2025-06-12T18:52:29.095+0000] {processor.py:183} INFO - Processing /home/airflow/.local/lib/python3.8/site-packages/airflow/example_dags/example_branch_operator.py took 0.183 seconds
[2025-06-12T18:53:00.162+0000] {processor.py:161} INFO - Started process (PID=1442) to work on /home/airflow/.local/lib/python3.8/site-packages/airflow/example_dags/example_branch_operator.py
[2025-06-12T18:53:00.166+0000] {processor.py:830} INFO - Processing file /home/airflow/.local/lib/python3.8/site-packages/airflow/example_dags/example_branch_operator.py for tasks to queue
[2025-06-12T18:53:00.170+0000] {logging_mixin.py:188} INFO - [2025-06-12T18:53:00.169+0000] {dagbag.py:538} INFO - Filling up the DagBag from /home/airflow/.local/lib/python3.8/site-packages/airflow/example_dags/example_branch_operator.py
[2025-06-12T18:53:00.225+0000] {processor.py:840} INFO - DAG(s) 'example_branch_operator' retrieved from /home/airflow/.local/lib/python3.8/site-packages/airflow/example_dags/example_branch_operator.py
[2025-06-12T18:53:00.342+0000] {logging_mixin.py:188} INFO - [2025-06-12T18:53:00.341+0000] {dag.py:3036} INFO - Sync 1 DAGs
[2025-06-12T18:53:00.427+0000] {logging_mixin.py:188} INFO - [2025-06-12T18:53:00.426+0000] {dag.py:3823} INFO - Setting next_dagrun for example_branch_operator to 2025-06-11 00:00:00+00:00, run_after=2025-06-12 00:00:00+00:00
[2025-06-12T18:53:00.506+0000] {processor.py:183} INFO - Processing /home/airflow/.local/lib/python3.8/site-packages/airflow/example_dags/example_branch_operator.py took 0.356 seconds
[2025-06-12T18:53:31.103+0000] {processor.py:161} INFO - Started process (PID=1497) to work on /home/airflow/.local/lib/python3.8/site-packages/airflow/example_dags/example_branch_operator.py
[2025-06-12T18:53:31.106+0000] {processor.py:830} INFO - Processing file /home/airflow/.local/lib/python3.8/site-packages/airflow/example_dags/example_branch_operator.py for tasks to queue
[2025-06-12T18:53:31.109+0000] {logging_mixin.py:188} INFO - [2025-06-12T18:53:31.108+0000] {dagbag.py:538} INFO - Filling up the DagBag from /home/airflow/.local/lib/python3.8/site-packages/airflow/example_dags/example_branch_operator.py
[2025-06-12T18:53:31.135+0000] {processor.py:840} INFO - DAG(s) 'example_branch_operator' retrieved from /home/airflow/.local/lib/python3.8/site-packages/airflow/example_dags/example_branch_operator.py
[2025-06-12T18:53:31.183+0000] {logging_mixin.py:188} INFO - [2025-06-12T18:53:31.183+0000] {dag.py:3036} INFO - Sync 1 DAGs
[2025-06-12T18:53:31.224+0000] {logging_mixin.py:188} INFO - [2025-06-12T18:53:31.223+0000] {dag.py:3823} INFO - Setting next_dagrun for example_branch_operator to 2025-06-11 00:00:00+00:00, run_after=2025-06-12 00:00:00+00:00
[2025-06-12T18:53:31.257+0000] {processor.py:183} INFO - Processing /home/airflow/.local/lib/python3.8/site-packages/airflow/example_dags/example_branch_operator.py took 0.158 seconds
[2025-06-12T18:54:02.153+0000] {processor.py:161} INFO - Started process (PID=1553) to work on /home/airflow/.local/lib/python3.8/site-packages/airflow/example_dags/example_branch_operator.py
[2025-06-12T18:54:02.156+0000] {processor.py:830} INFO - Processing file /home/airflow/.local/lib/python3.8/site-packages/airflow/example_dags/example_branch_operator.py for tasks to queue
[2025-06-12T18:54:02.157+0000] {logging_mixin.py:188} INFO - [2025-06-12T18:54:02.157+0000] {dagbag.py:538} INFO - Filling up the DagBag from /home/airflow/.local/lib/python3.8/site-packages/airflow/example_dags/example_branch_operator.py
[2025-06-12T18:54:02.185+0000] {processor.py:840} INFO - DAG(s) 'example_branch_operator' retrieved from /home/airflow/.local/lib/python3.8/site-packages/airflow/example_dags/example_branch_operator.py
[2025-06-12T18:54:02.235+0000] {logging_mixin.py:188} INFO - [2025-06-12T18:54:02.235+0000] {dag.py:3036} INFO - Sync 1 DAGs
[2025-06-12T18:54:02.273+0000] {logging_mixin.py:188} INFO - [2025-06-12T18:54:02.272+0000] {dag.py:3823} INFO - Setting next_dagrun for example_branch_operator to 2025-06-11 00:00:00+00:00, run_after=2025-06-12 00:00:00+00:00
[2025-06-12T18:54:02.313+0000] {processor.py:183} INFO - Processing /home/airflow/.local/lib/python3.8/site-packages/airflow/example_dags/example_branch_operator.py took 0.167 seconds
[2025-06-12T18:54:33.121+0000] {processor.py:161} INFO - Started process (PID=1608) to work on /home/airflow/.local/lib/python3.8/site-packages/airflow/example_dags/example_branch_operator.py
[2025-06-12T18:54:33.123+0000] {processor.py:830} INFO - Processing file /home/airflow/.local/lib/python3.8/site-packages/airflow/example_dags/example_branch_operator.py for tasks to queue
[2025-06-12T18:54:33.125+0000] {logging_mixin.py:188} INFO - [2025-06-12T18:54:33.124+0000] {dagbag.py:538} INFO - Filling up the DagBag from /home/airflow/.local/lib/python3.8/site-packages/airflow/example_dags/example_branch_operator.py
[2025-06-12T18:54:33.155+0000] {processor.py:840} INFO - DAG(s) 'example_branch_operator' retrieved from /home/airflow/.local/lib/python3.8/site-packages/airflow/example_dags/example_branch_operator.py
[2025-06-12T18:54:33.205+0000] {logging_mixin.py:188} INFO - [2025-06-12T18:54:33.205+0000] {dag.py:3036} INFO - Sync 1 DAGs
[2025-06-12T18:54:33.259+0000] {logging_mixin.py:188} INFO - [2025-06-12T18:54:33.258+0000] {dag.py:3823} INFO - Setting next_dagrun for example_branch_operator to 2025-06-11 00:00:00+00:00, run_after=2025-06-12 00:00:00+00:00
[2025-06-12T18:54:33.348+0000] {processor.py:183} INFO - Processing /home/airflow/.local/lib/python3.8/site-packages/airflow/example_dags/example_branch_operator.py took 0.234 seconds
[2025-06-12T18:55:03.543+0000] {processor.py:161} INFO - Started process (PID=1663) to work on /home/airflow/.local/lib/python3.8/site-packages/airflow/example_dags/example_branch_operator.py
[2025-06-12T18:55:03.546+0000] {processor.py:830} INFO - Processing file /home/airflow/.local/lib/python3.8/site-packages/airflow/example_dags/example_branch_operator.py for tasks to queue
[2025-06-12T18:55:03.548+0000] {logging_mixin.py:188} INFO - [2025-06-12T18:55:03.547+0000] {dagbag.py:538} INFO - Filling up the DagBag from /home/airflow/.local/lib/python3.8/site-packages/airflow/example_dags/example_branch_operator.py
[2025-06-12T18:55:03.583+0000] {processor.py:840} INFO - DAG(s) 'example_branch_operator' retrieved from /home/airflow/.local/lib/python3.8/site-packages/airflow/example_dags/example_branch_operator.py
[2025-06-12T18:55:03.631+0000] {logging_mixin.py:188} INFO - [2025-06-12T18:55:03.631+0000] {dag.py:3036} INFO - Sync 1 DAGs
[2025-06-12T18:55:03.674+0000] {logging_mixin.py:188} INFO - [2025-06-12T18:55:03.673+0000] {dag.py:3823} INFO - Setting next_dagrun for example_branch_operator to 2025-06-11 00:00:00+00:00, run_after=2025-06-12 00:00:00+00:00
[2025-06-12T18:55:03.715+0000] {processor.py:183} INFO - Processing /home/airflow/.local/lib/python3.8/site-packages/airflow/example_dags/example_branch_operator.py took 0.177 seconds
[2025-06-12T18:55:34.553+0000] {processor.py:161} INFO - Started process (PID=1718) to work on /home/airflow/.local/lib/python3.8/site-packages/airflow/example_dags/example_branch_operator.py
[2025-06-12T18:55:34.555+0000] {processor.py:830} INFO - Processing file /home/airflow/.local/lib/python3.8/site-packages/airflow/example_dags/example_branch_operator.py for tasks to queue
[2025-06-12T18:55:34.557+0000] {logging_mixin.py:188} INFO - [2025-06-12T18:55:34.557+0000] {dagbag.py:538} INFO - Filling up the DagBag from /home/airflow/.local/lib/python3.8/site-packages/airflow/example_dags/example_branch_operator.py
[2025-06-12T18:55:34.584+0000] {processor.py:840} INFO - DAG(s) 'example_branch_operator' retrieved from /home/airflow/.local/lib/python3.8/site-packages/airflow/example_dags/example_branch_operator.py
[2025-06-12T18:55:34.629+0000] {logging_mixin.py:188} INFO - [2025-06-12T18:55:34.628+0000] {dag.py:3036} INFO - Sync 1 DAGs
[2025-06-12T18:55:34.664+0000] {logging_mixin.py:188} INFO - [2025-06-12T18:55:34.664+0000] {dag.py:3823} INFO - Setting next_dagrun for example_branch_operator to 2025-06-11 00:00:00+00:00, run_after=2025-06-12 00:00:00+00:00
[2025-06-12T18:55:34.699+0000] {processor.py:183} INFO - Processing /home/airflow/.local/lib/python3.8/site-packages/airflow/example_dags/example_branch_operator.py took 0.152 seconds
[2025-06-12T18:56:05.878+0000] {processor.py:161} INFO - Started process (PID=1773) to work on /home/airflow/.local/lib/python3.8/site-packages/airflow/example_dags/example_branch_operator.py
[2025-06-12T18:56:05.881+0000] {processor.py:830} INFO - Processing file /home/airflow/.local/lib/python3.8/site-packages/airflow/example_dags/example_branch_operator.py for tasks to queue
[2025-06-12T18:56:05.883+0000] {logging_mixin.py:188} INFO - [2025-06-12T18:56:05.882+0000] {dagbag.py:538} INFO - Filling up the DagBag from /home/airflow/.local/lib/python3.8/site-packages/airflow/example_dags/example_branch_operator.py
[2025-06-12T18:56:05.911+0000] {processor.py:840} INFO - DAG(s) 'example_branch_operator' retrieved from /home/airflow/.local/lib/python3.8/site-packages/airflow/example_dags/example_branch_operator.py
[2025-06-12T18:56:05.953+0000] {logging_mixin.py:188} INFO - [2025-06-12T18:56:05.952+0000] {dag.py:3036} INFO - Sync 1 DAGs
[2025-06-12T18:56:05.990+0000] {logging_mixin.py:188} INFO - [2025-06-12T18:56:05.989+0000] {dag.py:3823} INFO - Setting next_dagrun for example_branch_operator to 2025-06-11 00:00:00+00:00, run_after=2025-06-12 00:00:00+00:00
[2025-06-12T18:56:06.023+0000] {processor.py:183} INFO - Processing /home/airflow/.local/lib/python3.8/site-packages/airflow/example_dags/example_branch_operator.py took 0.151 seconds
[2025-06-12T18:56:36.556+0000] {processor.py:161} INFO - Started process (PID=1828) to work on /home/airflow/.local/lib/python3.8/site-packages/airflow/example_dags/example_branch_operator.py
[2025-06-12T18:56:36.569+0000] {processor.py:830} INFO - Processing file /home/airflow/.local/lib/python3.8/site-packages/airflow/example_dags/example_branch_operator.py for tasks to queue
[2025-06-12T18:56:36.572+0000] {logging_mixin.py:188} INFO - [2025-06-12T18:56:36.572+0000] {dagbag.py:538} INFO - Filling up the DagBag from /home/airflow/.local/lib/python3.8/site-packages/airflow/example_dags/example_branch_operator.py
[2025-06-12T18:56:36.606+0000] {processor.py:840} INFO - DAG(s) 'example_branch_operator' retrieved from /home/airflow/.local/lib/python3.8/site-packages/airflow/example_dags/example_branch_operator.py
[2025-06-12T18:56:36.673+0000] {logging_mixin.py:188} INFO - [2025-06-12T18:56:36.673+0000] {dag.py:3036} INFO - Sync 1 DAGs
[2025-06-12T18:56:36.712+0000] {logging_mixin.py:188} INFO - [2025-06-12T18:56:36.712+0000] {dag.py:3823} INFO - Setting next_dagrun for example_branch_operator to 2025-06-11 00:00:00+00:00, run_after=2025-06-12 00:00:00+00:00
[2025-06-12T18:56:36.757+0000] {processor.py:183} INFO - Processing /home/airflow/.local/lib/python3.8/site-packages/airflow/example_dags/example_branch_operator.py took 0.213 seconds
[2025-06-12T18:57:07.404+0000] {processor.py:161} INFO - Started process (PID=1883) to work on /home/airflow/.local/lib/python3.8/site-packages/airflow/example_dags/example_branch_operator.py
[2025-06-12T18:57:07.406+0000] {processor.py:830} INFO - Processing file /home/airflow/.local/lib/python3.8/site-packages/airflow/example_dags/example_branch_operator.py for tasks to queue
[2025-06-12T18:57:07.408+0000] {logging_mixin.py:188} INFO - [2025-06-12T18:57:07.407+0000] {dagbag.py:538} INFO - Filling up the DagBag from /home/airflow/.local/lib/python3.8/site-packages/airflow/example_dags/example_branch_operator.py
[2025-06-12T18:57:07.449+0000] {processor.py:840} INFO - DAG(s) 'example_branch_operator' retrieved from /home/airflow/.local/lib/python3.8/site-packages/airflow/example_dags/example_branch_operator.py
[2025-06-12T18:57:07.503+0000] {logging_mixin.py:188} INFO - [2025-06-12T18:57:07.503+0000] {dag.py:3036} INFO - Sync 1 DAGs
[2025-06-12T18:57:07.537+0000] {logging_mixin.py:188} INFO - [2025-06-12T18:57:07.537+0000] {dag.py:3823} INFO - Setting next_dagrun for example_branch_operator to 2025-06-11 00:00:00+00:00, run_after=2025-06-12 00:00:00+00:00
[2025-06-12T18:57:07.574+0000] {processor.py:183} INFO - Processing /home/airflow/.local/lib/python3.8/site-packages/airflow/example_dags/example_branch_operator.py took 0.177 seconds
[2025-06-12T18:57:45.528+0000] {processor.py:161} INFO - Started process (PID=1938) to work on /home/airflow/.local/lib/python3.8/site-packages/airflow/example_dags/example_branch_operator.py
[2025-06-12T18:57:45.531+0000] {processor.py:830} INFO - Processing file /home/airflow/.local/lib/python3.8/site-packages/airflow/example_dags/example_branch_operator.py for tasks to queue
[2025-06-12T18:57:45.533+0000] {logging_mixin.py:188} INFO - [2025-06-12T18:57:45.532+0000] {dagbag.py:538} INFO - Filling up the DagBag from /home/airflow/.local/lib/python3.8/site-packages/airflow/example_dags/example_branch_operator.py
[2025-06-12T18:57:45.566+0000] {processor.py:840} INFO - DAG(s) 'example_branch_operator' retrieved from /home/airflow/.local/lib/python3.8/site-packages/airflow/example_dags/example_branch_operator.py
[2025-06-12T18:57:45.610+0000] {logging_mixin.py:188} INFO - [2025-06-12T18:57:45.610+0000] {dag.py:3036} INFO - Sync 1 DAGs
[2025-06-12T18:57:45.649+0000] {logging_mixin.py:188} INFO - [2025-06-12T18:57:45.648+0000] {dag.py:3823} INFO - Setting next_dagrun for example_branch_operator to 2025-06-11 00:00:00+00:00, run_after=2025-06-12 00:00:00+00:00
[2025-06-12T18:57:45.681+0000] {processor.py:183} INFO - Processing /home/airflow/.local/lib/python3.8/site-packages/airflow/example_dags/example_branch_operator.py took 0.159 seconds
[2025-06-12T18:58:16.490+0000] {processor.py:161} INFO - Started process (PID=1994) to work on /home/airflow/.local/lib/python3.8/site-packages/airflow/example_dags/example_branch_operator.py
[2025-06-12T18:58:16.493+0000] {processor.py:830} INFO - Processing file /home/airflow/.local/lib/python3.8/site-packages/airflow/example_dags/example_branch_operator.py for tasks to queue
[2025-06-12T18:58:16.497+0000] {logging_mixin.py:188} INFO - [2025-06-12T18:58:16.496+0000] {dagbag.py:538} INFO - Filling up the DagBag from /home/airflow/.local/lib/python3.8/site-packages/airflow/example_dags/example_branch_operator.py
[2025-06-12T18:58:16.551+0000] {processor.py:840} INFO - DAG(s) 'example_branch_operator' retrieved from /home/airflow/.local/lib/python3.8/site-packages/airflow/example_dags/example_branch_operator.py
[2025-06-12T18:58:16.617+0000] {logging_mixin.py:188} INFO - [2025-06-12T18:58:16.617+0000] {dag.py:3036} INFO - Sync 1 DAGs
[2025-06-12T18:58:16.680+0000] {logging_mixin.py:188} INFO - [2025-06-12T18:58:16.679+0000] {dag.py:3823} INFO - Setting next_dagrun for example_branch_operator to 2025-06-11 00:00:00+00:00, run_after=2025-06-12 00:00:00+00:00
[2025-06-12T18:58:16.731+0000] {processor.py:183} INFO - Processing /home/airflow/.local/lib/python3.8/site-packages/airflow/example_dags/example_branch_operator.py took 0.249 seconds
[2025-06-12T18:58:46.981+0000] {processor.py:161} INFO - Started process (PID=2050) to work on /home/airflow/.local/lib/python3.8/site-packages/airflow/example_dags/example_branch_operator.py
[2025-06-12T18:58:46.983+0000] {processor.py:830} INFO - Processing file /home/airflow/.local/lib/python3.8/site-packages/airflow/example_dags/example_branch_operator.py for tasks to queue
[2025-06-12T18:58:46.986+0000] {logging_mixin.py:188} INFO - [2025-06-12T18:58:46.985+0000] {dagbag.py:538} INFO - Filling up the DagBag from /home/airflow/.local/lib/python3.8/site-packages/airflow/example_dags/example_branch_operator.py
[2025-06-12T18:58:47.023+0000] {processor.py:840} INFO - DAG(s) 'example_branch_operator' retrieved from /home/airflow/.local/lib/python3.8/site-packages/airflow/example_dags/example_branch_operator.py
[2025-06-12T18:58:47.078+0000] {logging_mixin.py:188} INFO - [2025-06-12T18:58:47.077+0000] {dag.py:3036} INFO - Sync 1 DAGs
[2025-06-12T18:58:47.111+0000] {logging_mixin.py:188} INFO - [2025-06-12T18:58:47.111+0000] {dag.py:3823} INFO - Setting next_dagrun for example_branch_operator to 2025-06-11 00:00:00+00:00, run_after=2025-06-12 00:00:00+00:00
[2025-06-12T18:58:47.145+0000] {processor.py:183} INFO - Processing /home/airflow/.local/lib/python3.8/site-packages/airflow/example_dags/example_branch_operator.py took 0.172 seconds
[2025-06-12T18:59:20.752+0000] {processor.py:161} INFO - Started process (PID=2110) to work on /home/airflow/.local/lib/python3.8/site-packages/airflow/example_dags/example_branch_operator.py
[2025-06-12T18:59:20.755+0000] {processor.py:830} INFO - Processing file /home/airflow/.local/lib/python3.8/site-packages/airflow/example_dags/example_branch_operator.py for tasks to queue
[2025-06-12T18:59:20.758+0000] {logging_mixin.py:188} INFO - [2025-06-12T18:59:20.758+0000] {dagbag.py:538} INFO - Filling up the DagBag from /home/airflow/.local/lib/python3.8/site-packages/airflow/example_dags/example_branch_operator.py
[2025-06-12T18:59:20.803+0000] {processor.py:840} INFO - DAG(s) 'example_branch_operator' retrieved from /home/airflow/.local/lib/python3.8/site-packages/airflow/example_dags/example_branch_operator.py
[2025-06-12T18:59:20.875+0000] {logging_mixin.py:188} INFO - [2025-06-12T18:59:20.875+0000] {dag.py:3036} INFO - Sync 1 DAGs
[2025-06-12T18:59:20.934+0000] {logging_mixin.py:188} INFO - [2025-06-12T18:59:20.934+0000] {dag.py:3823} INFO - Setting next_dagrun for example_branch_operator to 2025-06-11 00:00:00+00:00, run_after=2025-06-12 00:00:00+00:00
[2025-06-12T18:59:20.982+0000] {processor.py:183} INFO - Processing /home/airflow/.local/lib/python3.8/site-packages/airflow/example_dags/example_branch_operator.py took 0.239 seconds
[2025-06-12T18:59:53.254+0000] {processor.py:161} INFO - Started process (PID=2165) to work on /home/airflow/.local/lib/python3.8/site-packages/airflow/example_dags/example_branch_operator.py
[2025-06-12T18:59:53.258+0000] {processor.py:830} INFO - Processing file /home/airflow/.local/lib/python3.8/site-packages/airflow/example_dags/example_branch_operator.py for tasks to queue
[2025-06-12T18:59:53.261+0000] {logging_mixin.py:188} INFO - [2025-06-12T18:59:53.260+0000] {dagbag.py:538} INFO - Filling up the DagBag from /home/airflow/.local/lib/python3.8/site-packages/airflow/example_dags/example_branch_operator.py
[2025-06-12T18:59:53.313+0000] {processor.py:840} INFO - DAG(s) 'example_branch_operator' retrieved from /home/airflow/.local/lib/python3.8/site-packages/airflow/example_dags/example_branch_operator.py
[2025-06-12T18:59:53.402+0000] {logging_mixin.py:188} INFO - [2025-06-12T18:59:53.401+0000] {dag.py:3036} INFO - Sync 1 DAGs
[2025-06-12T18:59:53.477+0000] {logging_mixin.py:188} INFO - [2025-06-12T18:59:53.476+0000] {dag.py:3823} INFO - Setting next_dagrun for example_branch_operator to 2025-06-11 00:00:00+00:00, run_after=2025-06-12 00:00:00+00:00
[2025-06-12T18:59:53.537+0000] {processor.py:183} INFO - Processing /home/airflow/.local/lib/python3.8/site-packages/airflow/example_dags/example_branch_operator.py took 0.292 seconds
[2025-06-12T19:00:24.449+0000] {processor.py:161} INFO - Started process (PID=2221) to work on /home/airflow/.local/lib/python3.8/site-packages/airflow/example_dags/example_branch_operator.py
[2025-06-12T19:00:24.453+0000] {processor.py:830} INFO - Processing file /home/airflow/.local/lib/python3.8/site-packages/airflow/example_dags/example_branch_operator.py for tasks to queue
[2025-06-12T19:00:24.456+0000] {logging_mixin.py:188} INFO - [2025-06-12T19:00:24.455+0000] {dagbag.py:538} INFO - Filling up the DagBag from /home/airflow/.local/lib/python3.8/site-packages/airflow/example_dags/example_branch_operator.py
[2025-06-12T19:00:24.523+0000] {processor.py:840} INFO - DAG(s) 'example_branch_operator' retrieved from /home/airflow/.local/lib/python3.8/site-packages/airflow/example_dags/example_branch_operator.py
[2025-06-12T19:00:24.647+0000] {logging_mixin.py:188} INFO - [2025-06-12T19:00:24.646+0000] {dag.py:3036} INFO - Sync 1 DAGs
[2025-06-12T19:00:24.732+0000] {logging_mixin.py:188} INFO - [2025-06-12T19:00:24.731+0000] {dag.py:3823} INFO - Setting next_dagrun for example_branch_operator to 2025-06-11 00:00:00+00:00, run_after=2025-06-12 00:00:00+00:00
[2025-06-12T19:00:24.804+0000] {processor.py:183} INFO - Processing /home/airflow/.local/lib/python3.8/site-packages/airflow/example_dags/example_branch_operator.py took 0.366 seconds
[2025-06-12T19:00:58.269+0000] {processor.py:161} INFO - Started process (PID=2276) to work on /home/airflow/.local/lib/python3.8/site-packages/airflow/example_dags/example_branch_operator.py
[2025-06-12T19:00:58.273+0000] {processor.py:830} INFO - Processing file /home/airflow/.local/lib/python3.8/site-packages/airflow/example_dags/example_branch_operator.py for tasks to queue
[2025-06-12T19:00:58.276+0000] {logging_mixin.py:188} INFO - [2025-06-12T19:00:58.275+0000] {dagbag.py:538} INFO - Filling up the DagBag from /home/airflow/.local/lib/python3.8/site-packages/airflow/example_dags/example_branch_operator.py
[2025-06-12T19:00:58.341+0000] {processor.py:840} INFO - DAG(s) 'example_branch_operator' retrieved from /home/airflow/.local/lib/python3.8/site-packages/airflow/example_dags/example_branch_operator.py
[2025-06-12T19:00:58.448+0000] {logging_mixin.py:188} INFO - [2025-06-12T19:00:58.447+0000] {dag.py:3036} INFO - Sync 1 DAGs
[2025-06-12T19:00:58.536+0000] {logging_mixin.py:188} INFO - [2025-06-12T19:00:58.536+0000] {dag.py:3823} INFO - Setting next_dagrun for example_branch_operator to 2025-06-11 00:00:00+00:00, run_after=2025-06-12 00:00:00+00:00
[2025-06-12T19:00:58.595+0000] {processor.py:183} INFO - Processing /home/airflow/.local/lib/python3.8/site-packages/airflow/example_dags/example_branch_operator.py took 0.336 seconds
[2025-06-12T19:01:29.503+0000] {processor.py:161} INFO - Started process (PID=2331) to work on /home/airflow/.local/lib/python3.8/site-packages/airflow/example_dags/example_branch_operator.py
[2025-06-12T19:01:29.507+0000] {processor.py:830} INFO - Processing file /home/airflow/.local/lib/python3.8/site-packages/airflow/example_dags/example_branch_operator.py for tasks to queue
[2025-06-12T19:01:29.511+0000] {logging_mixin.py:188} INFO - [2025-06-12T19:01:29.510+0000] {dagbag.py:538} INFO - Filling up the DagBag from /home/airflow/.local/lib/python3.8/site-packages/airflow/example_dags/example_branch_operator.py
[2025-06-12T19:01:29.589+0000] {processor.py:840} INFO - DAG(s) 'example_branch_operator' retrieved from /home/airflow/.local/lib/python3.8/site-packages/airflow/example_dags/example_branch_operator.py
[2025-06-12T19:01:29.716+0000] {logging_mixin.py:188} INFO - [2025-06-12T19:01:29.715+0000] {dag.py:3036} INFO - Sync 1 DAGs
[2025-06-12T19:01:29.786+0000] {logging_mixin.py:188} INFO - [2025-06-12T19:01:29.786+0000] {dag.py:3823} INFO - Setting next_dagrun for example_branch_operator to 2025-06-11 00:00:00+00:00, run_after=2025-06-12 00:00:00+00:00
[2025-06-12T19:01:29.871+0000] {processor.py:183} INFO - Processing /home/airflow/.local/lib/python3.8/site-packages/airflow/example_dags/example_branch_operator.py took 0.383 seconds
[2025-06-12T19:02:02.350+0000] {processor.py:161} INFO - Started process (PID=2387) to work on /home/airflow/.local/lib/python3.8/site-packages/airflow/example_dags/example_branch_operator.py
[2025-06-12T19:02:02.354+0000] {processor.py:830} INFO - Processing file /home/airflow/.local/lib/python3.8/site-packages/airflow/example_dags/example_branch_operator.py for tasks to queue
[2025-06-12T19:02:02.356+0000] {logging_mixin.py:188} INFO - [2025-06-12T19:02:02.356+0000] {dagbag.py:538} INFO - Filling up the DagBag from /home/airflow/.local/lib/python3.8/site-packages/airflow/example_dags/example_branch_operator.py
[2025-06-12T19:02:02.414+0000] {processor.py:840} INFO - DAG(s) 'example_branch_operator' retrieved from /home/airflow/.local/lib/python3.8/site-packages/airflow/example_dags/example_branch_operator.py
[2025-06-12T19:02:02.493+0000] {logging_mixin.py:188} INFO - [2025-06-12T19:02:02.492+0000] {dag.py:3036} INFO - Sync 1 DAGs
[2025-06-12T19:02:02.556+0000] {logging_mixin.py:188} INFO - [2025-06-12T19:02:02.555+0000] {dag.py:3823} INFO - Setting next_dagrun for example_branch_operator to 2025-06-11 00:00:00+00:00, run_after=2025-06-12 00:00:00+00:00
[2025-06-12T19:02:02.612+0000] {processor.py:183} INFO - Processing /home/airflow/.local/lib/python3.8/site-packages/airflow/example_dags/example_branch_operator.py took 0.272 seconds
[2025-06-12T19:02:35.010+0000] {processor.py:161} INFO - Started process (PID=2445) to work on /home/airflow/.local/lib/python3.8/site-packages/airflow/example_dags/example_branch_operator.py
[2025-06-12T19:02:35.013+0000] {processor.py:830} INFO - Processing file /home/airflow/.local/lib/python3.8/site-packages/airflow/example_dags/example_branch_operator.py for tasks to queue
[2025-06-12T19:02:35.016+0000] {logging_mixin.py:188} INFO - [2025-06-12T19:02:35.015+0000] {dagbag.py:538} INFO - Filling up the DagBag from /home/airflow/.local/lib/python3.8/site-packages/airflow/example_dags/example_branch_operator.py
[2025-06-12T19:02:35.062+0000] {processor.py:840} INFO - DAG(s) 'example_branch_operator' retrieved from /home/airflow/.local/lib/python3.8/site-packages/airflow/example_dags/example_branch_operator.py
[2025-06-12T19:02:35.131+0000] {logging_mixin.py:188} INFO - [2025-06-12T19:02:35.131+0000] {dag.py:3036} INFO - Sync 1 DAGs
[2025-06-12T19:02:35.186+0000] {logging_mixin.py:188} INFO - [2025-06-12T19:02:35.185+0000] {dag.py:3823} INFO - Setting next_dagrun for example_branch_operator to 2025-06-11 00:00:00+00:00, run_after=2025-06-12 00:00:00+00:00
[2025-06-12T19:02:35.584+0000] {processor.py:183} INFO - Processing /home/airflow/.local/lib/python3.8/site-packages/airflow/example_dags/example_branch_operator.py took 0.583 seconds
[2025-06-12T19:03:06.446+0000] {processor.py:161} INFO - Started process (PID=2501) to work on /home/airflow/.local/lib/python3.8/site-packages/airflow/example_dags/example_branch_operator.py
[2025-06-12T19:03:06.450+0000] {processor.py:830} INFO - Processing file /home/airflow/.local/lib/python3.8/site-packages/airflow/example_dags/example_branch_operator.py for tasks to queue
[2025-06-12T19:03:06.453+0000] {logging_mixin.py:188} INFO - [2025-06-12T19:03:06.452+0000] {dagbag.py:538} INFO - Filling up the DagBag from /home/airflow/.local/lib/python3.8/site-packages/airflow/example_dags/example_branch_operator.py
[2025-06-12T19:03:06.516+0000] {processor.py:840} INFO - DAG(s) 'example_branch_operator' retrieved from /home/airflow/.local/lib/python3.8/site-packages/airflow/example_dags/example_branch_operator.py
[2025-06-12T19:03:06.592+0000] {logging_mixin.py:188} INFO - [2025-06-12T19:03:06.591+0000] {dag.py:3036} INFO - Sync 1 DAGs
[2025-06-12T19:03:06.653+0000] {logging_mixin.py:188} INFO - [2025-06-12T19:03:06.652+0000] {dag.py:3823} INFO - Setting next_dagrun for example_branch_operator to 2025-06-11 00:00:00+00:00, run_after=2025-06-12 00:00:00+00:00
[2025-06-12T19:03:06.703+0000] {processor.py:183} INFO - Processing /home/airflow/.local/lib/python3.8/site-packages/airflow/example_dags/example_branch_operator.py took 0.267 seconds
[2025-06-12T19:03:37.329+0000] {processor.py:161} INFO - Started process (PID=2554) to work on /home/airflow/.local/lib/python3.8/site-packages/airflow/example_dags/example_branch_operator.py
[2025-06-12T19:03:37.333+0000] {processor.py:830} INFO - Processing file /home/airflow/.local/lib/python3.8/site-packages/airflow/example_dags/example_branch_operator.py for tasks to queue
[2025-06-12T19:03:37.336+0000] {logging_mixin.py:188} INFO - [2025-06-12T19:03:37.336+0000] {dagbag.py:538} INFO - Filling up the DagBag from /home/airflow/.local/lib/python3.8/site-packages/airflow/example_dags/example_branch_operator.py
[2025-06-12T19:03:37.415+0000] {processor.py:840} INFO - DAG(s) 'example_branch_operator' retrieved from /home/airflow/.local/lib/python3.8/site-packages/airflow/example_dags/example_branch_operator.py
[2025-06-12T19:03:37.491+0000] {logging_mixin.py:188} INFO - [2025-06-12T19:03:37.491+0000] {dag.py:3036} INFO - Sync 1 DAGs
[2025-06-12T19:03:37.542+0000] {logging_mixin.py:188} INFO - [2025-06-12T19:03:37.542+0000] {dag.py:3823} INFO - Setting next_dagrun for example_branch_operator to 2025-06-11 00:00:00+00:00, run_after=2025-06-12 00:00:00+00:00
[2025-06-12T19:03:37.588+0000] {processor.py:183} INFO - Processing /home/airflow/.local/lib/python3.8/site-packages/airflow/example_dags/example_branch_operator.py took 0.270 seconds
[2025-06-12T19:04:07.887+0000] {processor.py:161} INFO - Started process (PID=2609) to work on /home/airflow/.local/lib/python3.8/site-packages/airflow/example_dags/example_branch_operator.py
[2025-06-12T19:04:07.890+0000] {processor.py:830} INFO - Processing file /home/airflow/.local/lib/python3.8/site-packages/airflow/example_dags/example_branch_operator.py for tasks to queue
[2025-06-12T19:04:07.894+0000] {logging_mixin.py:188} INFO - [2025-06-12T19:04:07.893+0000] {dagbag.py:538} INFO - Filling up the DagBag from /home/airflow/.local/lib/python3.8/site-packages/airflow/example_dags/example_branch_operator.py
[2025-06-12T19:04:07.962+0000] {processor.py:840} INFO - DAG(s) 'example_branch_operator' retrieved from /home/airflow/.local/lib/python3.8/site-packages/airflow/example_dags/example_branch_operator.py
[2025-06-12T19:04:08.047+0000] {logging_mixin.py:188} INFO - [2025-06-12T19:04:08.046+0000] {dag.py:3036} INFO - Sync 1 DAGs
[2025-06-12T19:04:08.120+0000] {logging_mixin.py:188} INFO - [2025-06-12T19:04:08.119+0000] {dag.py:3823} INFO - Setting next_dagrun for example_branch_operator to 2025-06-11 00:00:00+00:00, run_after=2025-06-12 00:00:00+00:00
[2025-06-12T19:04:08.170+0000] {processor.py:183} INFO - Processing /home/airflow/.local/lib/python3.8/site-packages/airflow/example_dags/example_branch_operator.py took 0.295 seconds
[2025-06-12T19:04:39.195+0000] {processor.py:161} INFO - Started process (PID=2665) to work on /home/airflow/.local/lib/python3.8/site-packages/airflow/example_dags/example_branch_operator.py
[2025-06-12T19:04:39.199+0000] {processor.py:830} INFO - Processing file /home/airflow/.local/lib/python3.8/site-packages/airflow/example_dags/example_branch_operator.py for tasks to queue
[2025-06-12T19:04:39.207+0000] {logging_mixin.py:188} INFO - [2025-06-12T19:04:39.206+0000] {dagbag.py:538} INFO - Filling up the DagBag from /home/airflow/.local/lib/python3.8/site-packages/airflow/example_dags/example_branch_operator.py
[2025-06-12T19:04:39.261+0000] {processor.py:840} INFO - DAG(s) 'example_branch_operator' retrieved from /home/airflow/.local/lib/python3.8/site-packages/airflow/example_dags/example_branch_operator.py
[2025-06-12T19:04:39.333+0000] {logging_mixin.py:188} INFO - [2025-06-12T19:04:39.332+0000] {dag.py:3036} INFO - Sync 1 DAGs
[2025-06-12T19:04:39.739+0000] {logging_mixin.py:188} INFO - [2025-06-12T19:04:39.739+0000] {dag.py:3823} INFO - Setting next_dagrun for example_branch_operator to 2025-06-11 00:00:00+00:00, run_after=2025-06-12 00:00:00+00:00
[2025-06-12T19:04:39.805+0000] {processor.py:183} INFO - Processing /home/airflow/.local/lib/python3.8/site-packages/airflow/example_dags/example_branch_operator.py took 0.621 seconds
[2025-06-12T19:05:10.225+0000] {processor.py:161} INFO - Started process (PID=2721) to work on /home/airflow/.local/lib/python3.8/site-packages/airflow/example_dags/example_branch_operator.py
[2025-06-12T19:05:10.228+0000] {processor.py:830} INFO - Processing file /home/airflow/.local/lib/python3.8/site-packages/airflow/example_dags/example_branch_operator.py for tasks to queue
[2025-06-12T19:05:10.231+0000] {logging_mixin.py:188} INFO - [2025-06-12T19:05:10.230+0000] {dagbag.py:538} INFO - Filling up the DagBag from /home/airflow/.local/lib/python3.8/site-packages/airflow/example_dags/example_branch_operator.py
[2025-06-12T19:05:10.272+0000] {processor.py:840} INFO - DAG(s) 'example_branch_operator' retrieved from /home/airflow/.local/lib/python3.8/site-packages/airflow/example_dags/example_branch_operator.py
[2025-06-12T19:05:10.347+0000] {logging_mixin.py:188} INFO - [2025-06-12T19:05:10.347+0000] {dag.py:3036} INFO - Sync 1 DAGs
[2025-06-12T19:05:10.791+0000] {logging_mixin.py:188} INFO - [2025-06-12T19:05:10.790+0000] {dag.py:3823} INFO - Setting next_dagrun for example_branch_operator to 2025-06-11 00:00:00+00:00, run_after=2025-06-12 00:00:00+00:00
[2025-06-12T19:05:10.833+0000] {processor.py:183} INFO - Processing /home/airflow/.local/lib/python3.8/site-packages/airflow/example_dags/example_branch_operator.py took 0.617 seconds
[2025-06-12T19:05:41.168+0000] {processor.py:161} INFO - Started process (PID=2776) to work on /home/airflow/.local/lib/python3.8/site-packages/airflow/example_dags/example_branch_operator.py
[2025-06-12T19:05:41.173+0000] {processor.py:830} INFO - Processing file /home/airflow/.local/lib/python3.8/site-packages/airflow/example_dags/example_branch_operator.py for tasks to queue
[2025-06-12T19:05:41.177+0000] {logging_mixin.py:188} INFO - [2025-06-12T19:05:41.176+0000] {dagbag.py:538} INFO - Filling up the DagBag from /home/airflow/.local/lib/python3.8/site-packages/airflow/example_dags/example_branch_operator.py
[2025-06-12T19:05:41.245+0000] {processor.py:840} INFO - DAG(s) 'example_branch_operator' retrieved from /home/airflow/.local/lib/python3.8/site-packages/airflow/example_dags/example_branch_operator.py
[2025-06-12T19:05:41.326+0000] {logging_mixin.py:188} INFO - [2025-06-12T19:05:41.326+0000] {dag.py:3036} INFO - Sync 1 DAGs
[2025-06-12T19:05:41.395+0000] {logging_mixin.py:188} INFO - [2025-06-12T19:05:41.393+0000] {dag.py:3823} INFO - Setting next_dagrun for example_branch_operator to 2025-06-11 00:00:00+00:00, run_after=2025-06-12 00:00:00+00:00
[2025-06-12T19:05:41.853+0000] {processor.py:183} INFO - Processing /home/airflow/.local/lib/python3.8/site-packages/airflow/example_dags/example_branch_operator.py took 0.697 seconds
[2025-06-12T19:06:12.290+0000] {processor.py:161} INFO - Started process (PID=2832) to work on /home/airflow/.local/lib/python3.8/site-packages/airflow/example_dags/example_branch_operator.py
[2025-06-12T19:06:12.293+0000] {processor.py:830} INFO - Processing file /home/airflow/.local/lib/python3.8/site-packages/airflow/example_dags/example_branch_operator.py for tasks to queue
[2025-06-12T19:06:12.296+0000] {logging_mixin.py:188} INFO - [2025-06-12T19:06:12.295+0000] {dagbag.py:538} INFO - Filling up the DagBag from /home/airflow/.local/lib/python3.8/site-packages/airflow/example_dags/example_branch_operator.py
[2025-06-12T19:06:12.346+0000] {processor.py:840} INFO - DAG(s) 'example_branch_operator' retrieved from /home/airflow/.local/lib/python3.8/site-packages/airflow/example_dags/example_branch_operator.py
[2025-06-12T19:06:12.445+0000] {logging_mixin.py:188} INFO - [2025-06-12T19:06:12.444+0000] {dag.py:3036} INFO - Sync 1 DAGs
[2025-06-12T19:06:12.519+0000] {logging_mixin.py:188} INFO - [2025-06-12T19:06:12.518+0000] {dag.py:3823} INFO - Setting next_dagrun for example_branch_operator to 2025-06-11 00:00:00+00:00, run_after=2025-06-12 00:00:00+00:00
[2025-06-12T19:06:12.586+0000] {processor.py:183} INFO - Processing /home/airflow/.local/lib/python3.8/site-packages/airflow/example_dags/example_branch_operator.py took 0.307 seconds
[2025-06-12T19:06:43.370+0000] {processor.py:161} INFO - Started process (PID=2886) to work on /home/airflow/.local/lib/python3.8/site-packages/airflow/example_dags/example_branch_operator.py
[2025-06-12T19:06:43.372+0000] {processor.py:830} INFO - Processing file /home/airflow/.local/lib/python3.8/site-packages/airflow/example_dags/example_branch_operator.py for tasks to queue
[2025-06-12T19:06:43.375+0000] {logging_mixin.py:188} INFO - [2025-06-12T19:06:43.375+0000] {dagbag.py:538} INFO - Filling up the DagBag from /home/airflow/.local/lib/python3.8/site-packages/airflow/example_dags/example_branch_operator.py
[2025-06-12T19:06:43.423+0000] {processor.py:840} INFO - DAG(s) 'example_branch_operator' retrieved from /home/airflow/.local/lib/python3.8/site-packages/airflow/example_dags/example_branch_operator.py
[2025-06-12T19:06:43.496+0000] {logging_mixin.py:188} INFO - [2025-06-12T19:06:43.495+0000] {dag.py:3036} INFO - Sync 1 DAGs
[2025-06-12T19:06:43.544+0000] {logging_mixin.py:188} INFO - [2025-06-12T19:06:43.543+0000] {dag.py:3823} INFO - Setting next_dagrun for example_branch_operator to 2025-06-11 00:00:00+00:00, run_after=2025-06-12 00:00:00+00:00
[2025-06-12T19:06:43.587+0000] {processor.py:183} INFO - Processing /home/airflow/.local/lib/python3.8/site-packages/airflow/example_dags/example_branch_operator.py took 0.227 seconds
