[2025-06-12T18:35:11.936+0000] {processor.py:161} INFO - Started process (PID=99) to work on /home/airflow/.local/lib/python3.8/site-packages/airflow/example_dags/example_python_decorator.py
[2025-06-12T18:35:11.938+0000] {processor.py:830} INFO - Processing file /home/airflow/.local/lib/python3.8/site-packages/airflow/example_dags/example_python_decorator.py for tasks to queue
[2025-06-12T18:35:11.945+0000] {logging_mixin.py:188} INFO - [2025-06-12T18:35:11.943+0000] {dagbag.py:538} INFO - Filling up the DagBag from /home/airflow/.local/lib/python3.8/site-packages/airflow/example_dags/example_python_decorator.py
[2025-06-12T18:35:12.032+0000] {processor.py:840} INFO - DAG(s) 'example_python_decorator' retrieved from /home/airflow/.local/lib/python3.8/site-packages/airflow/example_dags/example_python_decorator.py
[2025-06-12T18:35:14.540+0000] {logging_mixin.py:188} INFO - [2025-06-12T18:35:14.539+0000] {dag.py:3036} INFO - Sync 1 DAGs
[2025-06-12T18:35:14.596+0000] {logging_mixin.py:188} INFO - [2025-06-12T18:35:14.595+0000] {dag.py:3823} INFO - Setting next_dagrun for example_python_decorator to None, run_after=None
[2025-06-12T18:35:14.673+0000] {processor.py:183} INFO - Processing /home/airflow/.local/lib/python3.8/site-packages/airflow/example_dags/example_python_decorator.py took 2.745 seconds
[2025-06-12T18:35:44.983+0000] {processor.py:161} INFO - Started process (PID=154) to work on /home/airflow/.local/lib/python3.8/site-packages/airflow/example_dags/example_python_decorator.py
[2025-06-12T18:35:44.987+0000] {processor.py:830} INFO - Processing file /home/airflow/.local/lib/python3.8/site-packages/airflow/example_dags/example_python_decorator.py for tasks to queue
[2025-06-12T18:35:44.992+0000] {logging_mixin.py:188} INFO - [2025-06-12T18:35:44.992+0000] {dagbag.py:538} INFO - Filling up the DagBag from /home/airflow/.local/lib/python3.8/site-packages/airflow/example_dags/example_python_decorator.py
[2025-06-12T18:35:45.025+0000] {processor.py:840} INFO - DAG(s) 'example_python_decorator' retrieved from /home/airflow/.local/lib/python3.8/site-packages/airflow/example_dags/example_python_decorator.py
[2025-06-12T18:35:45.072+0000] {logging_mixin.py:188} INFO - [2025-06-12T18:35:45.072+0000] {dag.py:3036} INFO - Sync 1 DAGs
[2025-06-12T18:35:45.098+0000] {logging_mixin.py:188} INFO - [2025-06-12T18:35:45.097+0000] {dag.py:3823} INFO - Setting next_dagrun for example_python_decorator to None, run_after=None
[2025-06-12T18:35:45.137+0000] {processor.py:183} INFO - Processing /home/airflow/.local/lib/python3.8/site-packages/airflow/example_dags/example_python_decorator.py took 0.165 seconds
[2025-06-12T18:36:15.347+0000] {processor.py:161} INFO - Started process (PID=209) to work on /home/airflow/.local/lib/python3.8/site-packages/airflow/example_dags/example_python_decorator.py
[2025-06-12T18:36:15.349+0000] {processor.py:830} INFO - Processing file /home/airflow/.local/lib/python3.8/site-packages/airflow/example_dags/example_python_decorator.py for tasks to queue
[2025-06-12T18:36:15.354+0000] {logging_mixin.py:188} INFO - [2025-06-12T18:36:15.353+0000] {dagbag.py:538} INFO - Filling up the DagBag from /home/airflow/.local/lib/python3.8/site-packages/airflow/example_dags/example_python_decorator.py
[2025-06-12T18:36:15.390+0000] {processor.py:840} INFO - DAG(s) 'example_python_decorator' retrieved from /home/airflow/.local/lib/python3.8/site-packages/airflow/example_dags/example_python_decorator.py
[2025-06-12T18:36:15.420+0000] {logging_mixin.py:188} INFO - [2025-06-12T18:36:15.419+0000] {dag.py:3036} INFO - Sync 1 DAGs
[2025-06-12T18:36:15.448+0000] {logging_mixin.py:188} INFO - [2025-06-12T18:36:15.448+0000] {dag.py:3823} INFO - Setting next_dagrun for example_python_decorator to None, run_after=None
[2025-06-12T18:36:15.489+0000] {processor.py:183} INFO - Processing /home/airflow/.local/lib/python3.8/site-packages/airflow/example_dags/example_python_decorator.py took 0.148 seconds
[2025-06-12T18:36:45.583+0000] {processor.py:161} INFO - Started process (PID=262) to work on /home/airflow/.local/lib/python3.8/site-packages/airflow/example_dags/example_python_decorator.py
[2025-06-12T18:36:45.586+0000] {processor.py:830} INFO - Processing file /home/airflow/.local/lib/python3.8/site-packages/airflow/example_dags/example_python_decorator.py for tasks to queue
[2025-06-12T18:36:45.590+0000] {logging_mixin.py:188} INFO - [2025-06-12T18:36:45.589+0000] {dagbag.py:538} INFO - Filling up the DagBag from /home/airflow/.local/lib/python3.8/site-packages/airflow/example_dags/example_python_decorator.py
[2025-06-12T18:36:45.613+0000] {processor.py:840} INFO - DAG(s) 'example_python_decorator' retrieved from /home/airflow/.local/lib/python3.8/site-packages/airflow/example_dags/example_python_decorator.py
[2025-06-12T18:36:45.781+0000] {logging_mixin.py:188} INFO - [2025-06-12T18:36:45.781+0000] {dag.py:3036} INFO - Sync 1 DAGs
[2025-06-12T18:36:45.796+0000] {logging_mixin.py:188} INFO - [2025-06-12T18:36:45.796+0000] {dag.py:3823} INFO - Setting next_dagrun for example_python_decorator to None, run_after=None
[2025-06-12T18:36:45.833+0000] {processor.py:183} INFO - Processing /home/airflow/.local/lib/python3.8/site-packages/airflow/example_dags/example_python_decorator.py took 0.255 seconds
[2025-06-12T18:37:16.078+0000] {processor.py:161} INFO - Started process (PID=317) to work on /home/airflow/.local/lib/python3.8/site-packages/airflow/example_dags/example_python_decorator.py
[2025-06-12T18:37:16.080+0000] {processor.py:830} INFO - Processing file /home/airflow/.local/lib/python3.8/site-packages/airflow/example_dags/example_python_decorator.py for tasks to queue
[2025-06-12T18:37:16.085+0000] {logging_mixin.py:188} INFO - [2025-06-12T18:37:16.084+0000] {dagbag.py:538} INFO - Filling up the DagBag from /home/airflow/.local/lib/python3.8/site-packages/airflow/example_dags/example_python_decorator.py
[2025-06-12T18:37:16.109+0000] {processor.py:840} INFO - DAG(s) 'example_python_decorator' retrieved from /home/airflow/.local/lib/python3.8/site-packages/airflow/example_dags/example_python_decorator.py
[2025-06-12T18:37:16.158+0000] {logging_mixin.py:188} INFO - [2025-06-12T18:37:16.158+0000] {dag.py:3036} INFO - Sync 1 DAGs
[2025-06-12T18:37:16.175+0000] {logging_mixin.py:188} INFO - [2025-06-12T18:37:16.175+0000] {dag.py:3823} INFO - Setting next_dagrun for example_python_decorator to None, run_after=None
[2025-06-12T18:37:16.220+0000] {processor.py:183} INFO - Processing /home/airflow/.local/lib/python3.8/site-packages/airflow/example_dags/example_python_decorator.py took 0.153 seconds
[2025-06-12T18:37:46.431+0000] {processor.py:161} INFO - Started process (PID=372) to work on /home/airflow/.local/lib/python3.8/site-packages/airflow/example_dags/example_python_decorator.py
[2025-06-12T18:37:46.434+0000] {processor.py:830} INFO - Processing file /home/airflow/.local/lib/python3.8/site-packages/airflow/example_dags/example_python_decorator.py for tasks to queue
[2025-06-12T18:37:46.440+0000] {logging_mixin.py:188} INFO - [2025-06-12T18:37:46.439+0000] {dagbag.py:538} INFO - Filling up the DagBag from /home/airflow/.local/lib/python3.8/site-packages/airflow/example_dags/example_python_decorator.py
[2025-06-12T18:37:46.463+0000] {processor.py:840} INFO - DAG(s) 'example_python_decorator' retrieved from /home/airflow/.local/lib/python3.8/site-packages/airflow/example_dags/example_python_decorator.py
[2025-06-12T18:37:46.503+0000] {logging_mixin.py:188} INFO - [2025-06-12T18:37:46.503+0000] {dag.py:3036} INFO - Sync 1 DAGs
[2025-06-12T18:37:46.524+0000] {logging_mixin.py:188} INFO - [2025-06-12T18:37:46.523+0000] {dag.py:3823} INFO - Setting next_dagrun for example_python_decorator to None, run_after=None
[2025-06-12T18:37:46.564+0000] {processor.py:183} INFO - Processing /home/airflow/.local/lib/python3.8/site-packages/airflow/example_dags/example_python_decorator.py took 0.139 seconds
[2025-06-12T18:38:17.548+0000] {processor.py:161} INFO - Started process (PID=427) to work on /home/airflow/.local/lib/python3.8/site-packages/airflow/example_dags/example_python_decorator.py
[2025-06-12T18:38:17.552+0000] {processor.py:830} INFO - Processing file /home/airflow/.local/lib/python3.8/site-packages/airflow/example_dags/example_python_decorator.py for tasks to queue
[2025-06-12T18:38:17.557+0000] {logging_mixin.py:188} INFO - [2025-06-12T18:38:17.556+0000] {dagbag.py:538} INFO - Filling up the DagBag from /home/airflow/.local/lib/python3.8/site-packages/airflow/example_dags/example_python_decorator.py
[2025-06-12T18:38:17.581+0000] {processor.py:840} INFO - DAG(s) 'example_python_decorator' retrieved from /home/airflow/.local/lib/python3.8/site-packages/airflow/example_dags/example_python_decorator.py
[2025-06-12T18:38:17.622+0000] {logging_mixin.py:188} INFO - [2025-06-12T18:38:17.622+0000] {dag.py:3036} INFO - Sync 1 DAGs
[2025-06-12T18:38:17.646+0000] {logging_mixin.py:188} INFO - [2025-06-12T18:38:17.646+0000] {dag.py:3823} INFO - Setting next_dagrun for example_python_decorator to None, run_after=None
[2025-06-12T18:38:17.688+0000] {processor.py:183} INFO - Processing /home/airflow/.local/lib/python3.8/site-packages/airflow/example_dags/example_python_decorator.py took 0.150 seconds
[2025-06-12T18:38:48.307+0000] {processor.py:161} INFO - Started process (PID=482) to work on /home/airflow/.local/lib/python3.8/site-packages/airflow/example_dags/example_python_decorator.py
[2025-06-12T18:38:48.310+0000] {processor.py:830} INFO - Processing file /home/airflow/.local/lib/python3.8/site-packages/airflow/example_dags/example_python_decorator.py for tasks to queue
[2025-06-12T18:38:48.317+0000] {logging_mixin.py:188} INFO - [2025-06-12T18:38:48.316+0000] {dagbag.py:538} INFO - Filling up the DagBag from /home/airflow/.local/lib/python3.8/site-packages/airflow/example_dags/example_python_decorator.py
[2025-06-12T18:38:48.339+0000] {processor.py:840} INFO - DAG(s) 'example_python_decorator' retrieved from /home/airflow/.local/lib/python3.8/site-packages/airflow/example_dags/example_python_decorator.py
[2025-06-12T18:38:48.396+0000] {logging_mixin.py:188} INFO - [2025-06-12T18:38:48.396+0000] {dag.py:3036} INFO - Sync 1 DAGs
[2025-06-12T18:38:48.424+0000] {logging_mixin.py:188} INFO - [2025-06-12T18:38:48.424+0000] {dag.py:3823} INFO - Setting next_dagrun for example_python_decorator to None, run_after=None
[2025-06-12T18:38:48.471+0000] {processor.py:183} INFO - Processing /home/airflow/.local/lib/python3.8/site-packages/airflow/example_dags/example_python_decorator.py took 0.172 seconds
[2025-06-12T18:39:19.048+0000] {processor.py:161} INFO - Started process (PID=537) to work on /home/airflow/.local/lib/python3.8/site-packages/airflow/example_dags/example_python_decorator.py
[2025-06-12T18:39:19.050+0000] {processor.py:830} INFO - Processing file /home/airflow/.local/lib/python3.8/site-packages/airflow/example_dags/example_python_decorator.py for tasks to queue
[2025-06-12T18:39:19.054+0000] {logging_mixin.py:188} INFO - [2025-06-12T18:39:19.053+0000] {dagbag.py:538} INFO - Filling up the DagBag from /home/airflow/.local/lib/python3.8/site-packages/airflow/example_dags/example_python_decorator.py
[2025-06-12T18:39:19.083+0000] {processor.py:840} INFO - DAG(s) 'example_python_decorator' retrieved from /home/airflow/.local/lib/python3.8/site-packages/airflow/example_dags/example_python_decorator.py
[2025-06-12T18:39:19.126+0000] {logging_mixin.py:188} INFO - [2025-06-12T18:39:19.126+0000] {dag.py:3036} INFO - Sync 1 DAGs
[2025-06-12T18:39:19.152+0000] {logging_mixin.py:188} INFO - [2025-06-12T18:39:19.152+0000] {dag.py:3823} INFO - Setting next_dagrun for example_python_decorator to None, run_after=None
[2025-06-12T18:39:19.189+0000] {processor.py:183} INFO - Processing /home/airflow/.local/lib/python3.8/site-packages/airflow/example_dags/example_python_decorator.py took 0.150 seconds
[2025-06-12T18:39:50.325+0000] {processor.py:161} INFO - Started process (PID=592) to work on /home/airflow/.local/lib/python3.8/site-packages/airflow/example_dags/example_python_decorator.py
[2025-06-12T18:39:50.327+0000] {processor.py:830} INFO - Processing file /home/airflow/.local/lib/python3.8/site-packages/airflow/example_dags/example_python_decorator.py for tasks to queue
[2025-06-12T18:39:50.333+0000] {logging_mixin.py:188} INFO - [2025-06-12T18:39:50.332+0000] {dagbag.py:538} INFO - Filling up the DagBag from /home/airflow/.local/lib/python3.8/site-packages/airflow/example_dags/example_python_decorator.py
[2025-06-12T18:39:50.356+0000] {processor.py:840} INFO - DAG(s) 'example_python_decorator' retrieved from /home/airflow/.local/lib/python3.8/site-packages/airflow/example_dags/example_python_decorator.py
[2025-06-12T18:39:50.504+0000] {logging_mixin.py:188} INFO - [2025-06-12T18:39:50.503+0000] {dag.py:3036} INFO - Sync 1 DAGs
[2025-06-12T18:39:50.519+0000] {logging_mixin.py:188} INFO - [2025-06-12T18:39:50.518+0000] {dag.py:3823} INFO - Setting next_dagrun for example_python_decorator to None, run_after=None
[2025-06-12T18:39:50.556+0000] {processor.py:183} INFO - Processing /home/airflow/.local/lib/python3.8/site-packages/airflow/example_dags/example_python_decorator.py took 0.240 seconds
[2025-06-12T18:40:36.004+0000] {processor.py:161} INFO - Started process (PID=647) to work on /home/airflow/.local/lib/python3.8/site-packages/airflow/example_dags/example_python_decorator.py
[2025-06-12T18:40:36.008+0000] {processor.py:830} INFO - Processing file /home/airflow/.local/lib/python3.8/site-packages/airflow/example_dags/example_python_decorator.py for tasks to queue
[2025-06-12T18:40:36.014+0000] {logging_mixin.py:188} INFO - [2025-06-12T18:40:36.013+0000] {dagbag.py:538} INFO - Filling up the DagBag from /home/airflow/.local/lib/python3.8/site-packages/airflow/example_dags/example_python_decorator.py
[2025-06-12T18:40:36.055+0000] {processor.py:840} INFO - DAG(s) 'example_python_decorator' retrieved from /home/airflow/.local/lib/python3.8/site-packages/airflow/example_dags/example_python_decorator.py
[2025-06-12T18:40:36.221+0000] {logging_mixin.py:188} INFO - [2025-06-12T18:40:36.220+0000] {dag.py:3036} INFO - Sync 1 DAGs
[2025-06-12T18:40:36.255+0000] {logging_mixin.py:188} INFO - [2025-06-12T18:40:36.255+0000] {dag.py:3823} INFO - Setting next_dagrun for example_python_decorator to None, run_after=None
[2025-06-12T18:40:36.308+0000] {processor.py:183} INFO - Processing /home/airflow/.local/lib/python3.8/site-packages/airflow/example_dags/example_python_decorator.py took 0.314 seconds
[2025-06-12T18:46:15.131+0000] {processor.py:161} INFO - Started process (PID=706) to work on /home/airflow/.local/lib/python3.8/site-packages/airflow/example_dags/example_python_decorator.py
[2025-06-12T18:46:15.133+0000] {processor.py:830} INFO - Processing file /home/airflow/.local/lib/python3.8/site-packages/airflow/example_dags/example_python_decorator.py for tasks to queue
[2025-06-12T18:46:15.136+0000] {logging_mixin.py:188} INFO - [2025-06-12T18:46:15.135+0000] {dagbag.py:538} INFO - Filling up the DagBag from /home/airflow/.local/lib/python3.8/site-packages/airflow/example_dags/example_python_decorator.py
[2025-06-12T18:46:15.171+0000] {processor.py:840} INFO - DAG(s) 'example_python_decorator' retrieved from /home/airflow/.local/lib/python3.8/site-packages/airflow/example_dags/example_python_decorator.py
[2025-06-12T18:46:15.359+0000] {logging_mixin.py:188} INFO - [2025-06-12T18:46:15.359+0000] {dag.py:3036} INFO - Sync 1 DAGs
[2025-06-12T18:46:15.386+0000] {logging_mixin.py:188} INFO - [2025-06-12T18:46:15.386+0000] {dag.py:3823} INFO - Setting next_dagrun for example_python_decorator to None, run_after=None
[2025-06-12T18:46:15.423+0000] {processor.py:183} INFO - Processing /home/airflow/.local/lib/python3.8/site-packages/airflow/example_dags/example_python_decorator.py took 0.300 seconds
[2025-06-12T18:46:45.580+0000] {processor.py:161} INFO - Started process (PID=762) to work on /home/airflow/.local/lib/python3.8/site-packages/airflow/example_dags/example_python_decorator.py
[2025-06-12T18:46:45.583+0000] {processor.py:830} INFO - Processing file /home/airflow/.local/lib/python3.8/site-packages/airflow/example_dags/example_python_decorator.py for tasks to queue
[2025-06-12T18:46:45.586+0000] {logging_mixin.py:188} INFO - [2025-06-12T18:46:45.585+0000] {dagbag.py:538} INFO - Filling up the DagBag from /home/airflow/.local/lib/python3.8/site-packages/airflow/example_dags/example_python_decorator.py
[2025-06-12T18:46:45.629+0000] {processor.py:840} INFO - DAG(s) 'example_python_decorator' retrieved from /home/airflow/.local/lib/python3.8/site-packages/airflow/example_dags/example_python_decorator.py
[2025-06-12T18:46:45.678+0000] {logging_mixin.py:188} INFO - [2025-06-12T18:46:45.678+0000] {dag.py:3036} INFO - Sync 1 DAGs
[2025-06-12T18:46:45.699+0000] {logging_mixin.py:188} INFO - [2025-06-12T18:46:45.699+0000] {dag.py:3823} INFO - Setting next_dagrun for example_python_decorator to None, run_after=None
[2025-06-12T18:46:45.753+0000] {processor.py:183} INFO - Processing /home/airflow/.local/lib/python3.8/site-packages/airflow/example_dags/example_python_decorator.py took 0.180 seconds
[2025-06-12T18:47:16.512+0000] {processor.py:161} INFO - Started process (PID=817) to work on /home/airflow/.local/lib/python3.8/site-packages/airflow/example_dags/example_python_decorator.py
[2025-06-12T18:47:16.514+0000] {processor.py:830} INFO - Processing file /home/airflow/.local/lib/python3.8/site-packages/airflow/example_dags/example_python_decorator.py for tasks to queue
[2025-06-12T18:47:16.516+0000] {logging_mixin.py:188} INFO - [2025-06-12T18:47:16.516+0000] {dagbag.py:538} INFO - Filling up the DagBag from /home/airflow/.local/lib/python3.8/site-packages/airflow/example_dags/example_python_decorator.py
[2025-06-12T18:47:16.544+0000] {processor.py:840} INFO - DAG(s) 'example_python_decorator' retrieved from /home/airflow/.local/lib/python3.8/site-packages/airflow/example_dags/example_python_decorator.py
[2025-06-12T18:47:16.585+0000] {logging_mixin.py:188} INFO - [2025-06-12T18:47:16.584+0000] {dag.py:3036} INFO - Sync 1 DAGs
[2025-06-12T18:47:16.603+0000] {logging_mixin.py:188} INFO - [2025-06-12T18:47:16.602+0000] {dag.py:3823} INFO - Setting next_dagrun for example_python_decorator to None, run_after=None
[2025-06-12T18:47:16.635+0000] {processor.py:183} INFO - Processing /home/airflow/.local/lib/python3.8/site-packages/airflow/example_dags/example_python_decorator.py took 0.130 seconds
[2025-06-12T18:47:47.358+0000] {processor.py:161} INFO - Started process (PID=872) to work on /home/airflow/.local/lib/python3.8/site-packages/airflow/example_dags/example_python_decorator.py
[2025-06-12T18:47:47.360+0000] {processor.py:830} INFO - Processing file /home/airflow/.local/lib/python3.8/site-packages/airflow/example_dags/example_python_decorator.py for tasks to queue
[2025-06-12T18:47:47.362+0000] {logging_mixin.py:188} INFO - [2025-06-12T18:47:47.361+0000] {dagbag.py:538} INFO - Filling up the DagBag from /home/airflow/.local/lib/python3.8/site-packages/airflow/example_dags/example_python_decorator.py
[2025-06-12T18:47:47.383+0000] {processor.py:840} INFO - DAG(s) 'example_python_decorator' retrieved from /home/airflow/.local/lib/python3.8/site-packages/airflow/example_dags/example_python_decorator.py
[2025-06-12T18:47:47.420+0000] {logging_mixin.py:188} INFO - [2025-06-12T18:47:47.420+0000] {dag.py:3036} INFO - Sync 1 DAGs
[2025-06-12T18:47:47.441+0000] {logging_mixin.py:188} INFO - [2025-06-12T18:47:47.440+0000] {dag.py:3823} INFO - Setting next_dagrun for example_python_decorator to None, run_after=None
[2025-06-12T18:47:47.476+0000] {processor.py:183} INFO - Processing /home/airflow/.local/lib/python3.8/site-packages/airflow/example_dags/example_python_decorator.py took 0.123 seconds
[2025-06-12T18:48:19.620+0000] {processor.py:161} INFO - Started process (PID=925) to work on /home/airflow/.local/lib/python3.8/site-packages/airflow/example_dags/example_python_decorator.py
[2025-06-12T18:48:19.623+0000] {processor.py:830} INFO - Processing file /home/airflow/.local/lib/python3.8/site-packages/airflow/example_dags/example_python_decorator.py for tasks to queue
[2025-06-12T18:48:19.626+0000] {logging_mixin.py:188} INFO - [2025-06-12T18:48:19.625+0000] {dagbag.py:538} INFO - Filling up the DagBag from /home/airflow/.local/lib/python3.8/site-packages/airflow/example_dags/example_python_decorator.py
[2025-06-12T18:48:19.656+0000] {processor.py:840} INFO - DAG(s) 'example_python_decorator' retrieved from /home/airflow/.local/lib/python3.8/site-packages/airflow/example_dags/example_python_decorator.py
[2025-06-12T18:48:19.715+0000] {logging_mixin.py:188} INFO - [2025-06-12T18:48:19.714+0000] {dag.py:3036} INFO - Sync 1 DAGs
[2025-06-12T18:48:19.743+0000] {logging_mixin.py:188} INFO - [2025-06-12T18:48:19.742+0000] {dag.py:3823} INFO - Setting next_dagrun for example_python_decorator to None, run_after=None
[2025-06-12T18:48:19.793+0000] {processor.py:183} INFO - Processing /home/airflow/.local/lib/python3.8/site-packages/airflow/example_dags/example_python_decorator.py took 0.182 seconds
[2025-06-12T18:48:50.081+0000] {processor.py:161} INFO - Started process (PID=980) to work on /home/airflow/.local/lib/python3.8/site-packages/airflow/example_dags/example_python_decorator.py
[2025-06-12T18:48:50.083+0000] {processor.py:830} INFO - Processing file /home/airflow/.local/lib/python3.8/site-packages/airflow/example_dags/example_python_decorator.py for tasks to queue
[2025-06-12T18:48:50.086+0000] {logging_mixin.py:188} INFO - [2025-06-12T18:48:50.085+0000] {dagbag.py:538} INFO - Filling up the DagBag from /home/airflow/.local/lib/python3.8/site-packages/airflow/example_dags/example_python_decorator.py
[2025-06-12T18:48:50.114+0000] {processor.py:840} INFO - DAG(s) 'example_python_decorator' retrieved from /home/airflow/.local/lib/python3.8/site-packages/airflow/example_dags/example_python_decorator.py
[2025-06-12T18:48:50.150+0000] {logging_mixin.py:188} INFO - [2025-06-12T18:48:50.149+0000] {dag.py:3036} INFO - Sync 1 DAGs
[2025-06-12T18:48:50.167+0000] {logging_mixin.py:188} INFO - [2025-06-12T18:48:50.166+0000] {dag.py:3823} INFO - Setting next_dagrun for example_python_decorator to None, run_after=None
[2025-06-12T18:48:50.198+0000] {processor.py:183} INFO - Processing /home/airflow/.local/lib/python3.8/site-packages/airflow/example_dags/example_python_decorator.py took 0.122 seconds
[2025-06-12T18:49:20.698+0000] {processor.py:161} INFO - Started process (PID=1035) to work on /home/airflow/.local/lib/python3.8/site-packages/airflow/example_dags/example_python_decorator.py
[2025-06-12T18:49:20.701+0000] {processor.py:830} INFO - Processing file /home/airflow/.local/lib/python3.8/site-packages/airflow/example_dags/example_python_decorator.py for tasks to queue
[2025-06-12T18:49:20.703+0000] {logging_mixin.py:188} INFO - [2025-06-12T18:49:20.703+0000] {dagbag.py:538} INFO - Filling up the DagBag from /home/airflow/.local/lib/python3.8/site-packages/airflow/example_dags/example_python_decorator.py
[2025-06-12T18:49:20.727+0000] {processor.py:840} INFO - DAG(s) 'example_python_decorator' retrieved from /home/airflow/.local/lib/python3.8/site-packages/airflow/example_dags/example_python_decorator.py
[2025-06-12T18:49:20.766+0000] {logging_mixin.py:188} INFO - [2025-06-12T18:49:20.765+0000] {dag.py:3036} INFO - Sync 1 DAGs
[2025-06-12T18:49:20.784+0000] {logging_mixin.py:188} INFO - [2025-06-12T18:49:20.784+0000] {dag.py:3823} INFO - Setting next_dagrun for example_python_decorator to None, run_after=None
[2025-06-12T18:49:20.815+0000] {processor.py:183} INFO - Processing /home/airflow/.local/lib/python3.8/site-packages/airflow/example_dags/example_python_decorator.py took 0.124 seconds
[2025-06-12T18:49:51.827+0000] {processor.py:161} INFO - Started process (PID=1090) to work on /home/airflow/.local/lib/python3.8/site-packages/airflow/example_dags/example_python_decorator.py
[2025-06-12T18:49:51.829+0000] {processor.py:830} INFO - Processing file /home/airflow/.local/lib/python3.8/site-packages/airflow/example_dags/example_python_decorator.py for tasks to queue
[2025-06-12T18:49:51.831+0000] {logging_mixin.py:188} INFO - [2025-06-12T18:49:51.830+0000] {dagbag.py:538} INFO - Filling up the DagBag from /home/airflow/.local/lib/python3.8/site-packages/airflow/example_dags/example_python_decorator.py
[2025-06-12T18:49:51.863+0000] {processor.py:840} INFO - DAG(s) 'example_python_decorator' retrieved from /home/airflow/.local/lib/python3.8/site-packages/airflow/example_dags/example_python_decorator.py
[2025-06-12T18:49:51.913+0000] {logging_mixin.py:188} INFO - [2025-06-12T18:49:51.913+0000] {dag.py:3036} INFO - Sync 1 DAGs
[2025-06-12T18:49:51.935+0000] {logging_mixin.py:188} INFO - [2025-06-12T18:49:51.935+0000] {dag.py:3823} INFO - Setting next_dagrun for example_python_decorator to None, run_after=None
[2025-06-12T18:49:51.973+0000] {processor.py:183} INFO - Processing /home/airflow/.local/lib/python3.8/site-packages/airflow/example_dags/example_python_decorator.py took 0.152 seconds
[2025-06-12T18:50:22.184+0000] {processor.py:161} INFO - Started process (PID=1145) to work on /home/airflow/.local/lib/python3.8/site-packages/airflow/example_dags/example_python_decorator.py
[2025-06-12T18:50:22.186+0000] {processor.py:830} INFO - Processing file /home/airflow/.local/lib/python3.8/site-packages/airflow/example_dags/example_python_decorator.py for tasks to queue
[2025-06-12T18:50:22.189+0000] {logging_mixin.py:188} INFO - [2025-06-12T18:50:22.188+0000] {dagbag.py:538} INFO - Filling up the DagBag from /home/airflow/.local/lib/python3.8/site-packages/airflow/example_dags/example_python_decorator.py
[2025-06-12T18:50:22.217+0000] {processor.py:840} INFO - DAG(s) 'example_python_decorator' retrieved from /home/airflow/.local/lib/python3.8/site-packages/airflow/example_dags/example_python_decorator.py
[2025-06-12T18:50:22.257+0000] {logging_mixin.py:188} INFO - [2025-06-12T18:50:22.257+0000] {dag.py:3036} INFO - Sync 1 DAGs
[2025-06-12T18:50:22.273+0000] {logging_mixin.py:188} INFO - [2025-06-12T18:50:22.273+0000] {dag.py:3823} INFO - Setting next_dagrun for example_python_decorator to None, run_after=None
[2025-06-12T18:50:22.305+0000] {processor.py:183} INFO - Processing /home/airflow/.local/lib/python3.8/site-packages/airflow/example_dags/example_python_decorator.py took 0.126 seconds
[2025-06-12T18:50:52.582+0000] {processor.py:161} INFO - Started process (PID=1201) to work on /home/airflow/.local/lib/python3.8/site-packages/airflow/example_dags/example_python_decorator.py
[2025-06-12T18:50:52.584+0000] {processor.py:830} INFO - Processing file /home/airflow/.local/lib/python3.8/site-packages/airflow/example_dags/example_python_decorator.py for tasks to queue
[2025-06-12T18:50:52.586+0000] {logging_mixin.py:188} INFO - [2025-06-12T18:50:52.586+0000] {dagbag.py:538} INFO - Filling up the DagBag from /home/airflow/.local/lib/python3.8/site-packages/airflow/example_dags/example_python_decorator.py
[2025-06-12T18:50:52.608+0000] {processor.py:840} INFO - DAG(s) 'example_python_decorator' retrieved from /home/airflow/.local/lib/python3.8/site-packages/airflow/example_dags/example_python_decorator.py
[2025-06-12T18:50:52.647+0000] {logging_mixin.py:188} INFO - [2025-06-12T18:50:52.647+0000] {dag.py:3036} INFO - Sync 1 DAGs
[2025-06-12T18:50:52.664+0000] {logging_mixin.py:188} INFO - [2025-06-12T18:50:52.664+0000] {dag.py:3823} INFO - Setting next_dagrun for example_python_decorator to None, run_after=None
[2025-06-12T18:50:52.697+0000] {processor.py:183} INFO - Processing /home/airflow/.local/lib/python3.8/site-packages/airflow/example_dags/example_python_decorator.py took 0.119 seconds
[2025-06-12T18:51:23.563+0000] {processor.py:161} INFO - Started process (PID=1256) to work on /home/airflow/.local/lib/python3.8/site-packages/airflow/example_dags/example_python_decorator.py
[2025-06-12T18:51:23.565+0000] {processor.py:830} INFO - Processing file /home/airflow/.local/lib/python3.8/site-packages/airflow/example_dags/example_python_decorator.py for tasks to queue
[2025-06-12T18:51:23.567+0000] {logging_mixin.py:188} INFO - [2025-06-12T18:51:23.567+0000] {dagbag.py:538} INFO - Filling up the DagBag from /home/airflow/.local/lib/python3.8/site-packages/airflow/example_dags/example_python_decorator.py
[2025-06-12T18:51:23.588+0000] {processor.py:840} INFO - DAG(s) 'example_python_decorator' retrieved from /home/airflow/.local/lib/python3.8/site-packages/airflow/example_dags/example_python_decorator.py
[2025-06-12T18:51:23.624+0000] {logging_mixin.py:188} INFO - [2025-06-12T18:51:23.623+0000] {dag.py:3036} INFO - Sync 1 DAGs
[2025-06-12T18:51:23.640+0000] {logging_mixin.py:188} INFO - [2025-06-12T18:51:23.640+0000] {dag.py:3823} INFO - Setting next_dagrun for example_python_decorator to None, run_after=None
[2025-06-12T18:51:23.671+0000] {processor.py:183} INFO - Processing /home/airflow/.local/lib/python3.8/site-packages/airflow/example_dags/example_python_decorator.py took 0.114 seconds
[2025-06-12T18:51:54.212+0000] {processor.py:161} INFO - Started process (PID=1311) to work on /home/airflow/.local/lib/python3.8/site-packages/airflow/example_dags/example_python_decorator.py
[2025-06-12T18:51:54.214+0000] {processor.py:830} INFO - Processing file /home/airflow/.local/lib/python3.8/site-packages/airflow/example_dags/example_python_decorator.py for tasks to queue
[2025-06-12T18:51:54.216+0000] {logging_mixin.py:188} INFO - [2025-06-12T18:51:54.216+0000] {dagbag.py:538} INFO - Filling up the DagBag from /home/airflow/.local/lib/python3.8/site-packages/airflow/example_dags/example_python_decorator.py
[2025-06-12T18:51:54.236+0000] {processor.py:840} INFO - DAG(s) 'example_python_decorator' retrieved from /home/airflow/.local/lib/python3.8/site-packages/airflow/example_dags/example_python_decorator.py
[2025-06-12T18:51:54.276+0000] {logging_mixin.py:188} INFO - [2025-06-12T18:51:54.276+0000] {dag.py:3036} INFO - Sync 1 DAGs
[2025-06-12T18:51:54.295+0000] {logging_mixin.py:188} INFO - [2025-06-12T18:51:54.294+0000] {dag.py:3823} INFO - Setting next_dagrun for example_python_decorator to None, run_after=None
[2025-06-12T18:51:54.329+0000] {processor.py:183} INFO - Processing /home/airflow/.local/lib/python3.8/site-packages/airflow/example_dags/example_python_decorator.py took 0.121 seconds
[2025-06-12T18:52:25.809+0000] {processor.py:161} INFO - Started process (PID=1367) to work on /home/airflow/.local/lib/python3.8/site-packages/airflow/example_dags/example_python_decorator.py
[2025-06-12T18:52:25.810+0000] {processor.py:830} INFO - Processing file /home/airflow/.local/lib/python3.8/site-packages/airflow/example_dags/example_python_decorator.py for tasks to queue
[2025-06-12T18:52:25.813+0000] {logging_mixin.py:188} INFO - [2025-06-12T18:52:25.812+0000] {dagbag.py:538} INFO - Filling up the DagBag from /home/airflow/.local/lib/python3.8/site-packages/airflow/example_dags/example_python_decorator.py
[2025-06-12T18:52:25.841+0000] {processor.py:840} INFO - DAG(s) 'example_python_decorator' retrieved from /home/airflow/.local/lib/python3.8/site-packages/airflow/example_dags/example_python_decorator.py
[2025-06-12T18:52:25.885+0000] {logging_mixin.py:188} INFO - [2025-06-12T18:52:25.885+0000] {dag.py:3036} INFO - Sync 1 DAGs
[2025-06-12T18:52:25.908+0000] {logging_mixin.py:188} INFO - [2025-06-12T18:52:25.907+0000] {dag.py:3823} INFO - Setting next_dagrun for example_python_decorator to None, run_after=None
[2025-06-12T18:52:25.944+0000] {processor.py:183} INFO - Processing /home/airflow/.local/lib/python3.8/site-packages/airflow/example_dags/example_python_decorator.py took 0.141 seconds
[2025-06-12T18:52:56.240+0000] {processor.py:161} INFO - Started process (PID=1422) to work on /home/airflow/.local/lib/python3.8/site-packages/airflow/example_dags/example_python_decorator.py
[2025-06-12T18:52:56.242+0000] {processor.py:830} INFO - Processing file /home/airflow/.local/lib/python3.8/site-packages/airflow/example_dags/example_python_decorator.py for tasks to queue
[2025-06-12T18:52:56.245+0000] {logging_mixin.py:188} INFO - [2025-06-12T18:52:56.244+0000] {dagbag.py:538} INFO - Filling up the DagBag from /home/airflow/.local/lib/python3.8/site-packages/airflow/example_dags/example_python_decorator.py
[2025-06-12T18:52:56.277+0000] {processor.py:840} INFO - DAG(s) 'example_python_decorator' retrieved from /home/airflow/.local/lib/python3.8/site-packages/airflow/example_dags/example_python_decorator.py
[2025-06-12T18:52:56.333+0000] {logging_mixin.py:188} INFO - [2025-06-12T18:52:56.332+0000] {dag.py:3036} INFO - Sync 1 DAGs
[2025-06-12T18:52:56.367+0000] {logging_mixin.py:188} INFO - [2025-06-12T18:52:56.367+0000] {dag.py:3823} INFO - Setting next_dagrun for example_python_decorator to None, run_after=None
[2025-06-12T18:52:56.417+0000] {processor.py:183} INFO - Processing /home/airflow/.local/lib/python3.8/site-packages/airflow/example_dags/example_python_decorator.py took 0.185 seconds
[2025-06-12T18:53:26.838+0000] {processor.py:161} INFO - Started process (PID=1476) to work on /home/airflow/.local/lib/python3.8/site-packages/airflow/example_dags/example_python_decorator.py
[2025-06-12T18:53:26.841+0000] {processor.py:830} INFO - Processing file /home/airflow/.local/lib/python3.8/site-packages/airflow/example_dags/example_python_decorator.py for tasks to queue
[2025-06-12T18:53:26.842+0000] {logging_mixin.py:188} INFO - [2025-06-12T18:53:26.842+0000] {dagbag.py:538} INFO - Filling up the DagBag from /home/airflow/.local/lib/python3.8/site-packages/airflow/example_dags/example_python_decorator.py
[2025-06-12T18:53:26.865+0000] {processor.py:840} INFO - DAG(s) 'example_python_decorator' retrieved from /home/airflow/.local/lib/python3.8/site-packages/airflow/example_dags/example_python_decorator.py
[2025-06-12T18:53:26.919+0000] {logging_mixin.py:188} INFO - [2025-06-12T18:53:26.919+0000] {dag.py:3036} INFO - Sync 1 DAGs
[2025-06-12T18:53:26.939+0000] {logging_mixin.py:188} INFO - [2025-06-12T18:53:26.939+0000] {dag.py:3823} INFO - Setting next_dagrun for example_python_decorator to None, run_after=None
[2025-06-12T18:53:26.980+0000] {processor.py:183} INFO - Processing /home/airflow/.local/lib/python3.8/site-packages/airflow/example_dags/example_python_decorator.py took 0.148 seconds
[2025-06-12T18:53:57.156+0000] {processor.py:161} INFO - Started process (PID=1532) to work on /home/airflow/.local/lib/python3.8/site-packages/airflow/example_dags/example_python_decorator.py
[2025-06-12T18:53:57.159+0000] {processor.py:830} INFO - Processing file /home/airflow/.local/lib/python3.8/site-packages/airflow/example_dags/example_python_decorator.py for tasks to queue
[2025-06-12T18:53:57.161+0000] {logging_mixin.py:188} INFO - [2025-06-12T18:53:57.160+0000] {dagbag.py:538} INFO - Filling up the DagBag from /home/airflow/.local/lib/python3.8/site-packages/airflow/example_dags/example_python_decorator.py
[2025-06-12T18:53:57.182+0000] {processor.py:840} INFO - DAG(s) 'example_python_decorator' retrieved from /home/airflow/.local/lib/python3.8/site-packages/airflow/example_dags/example_python_decorator.py
[2025-06-12T18:53:57.223+0000] {logging_mixin.py:188} INFO - [2025-06-12T18:53:57.223+0000] {dag.py:3036} INFO - Sync 1 DAGs
[2025-06-12T18:53:57.242+0000] {logging_mixin.py:188} INFO - [2025-06-12T18:53:57.242+0000] {dag.py:3823} INFO - Setting next_dagrun for example_python_decorator to None, run_after=None
[2025-06-12T18:53:57.280+0000] {processor.py:183} INFO - Processing /home/airflow/.local/lib/python3.8/site-packages/airflow/example_dags/example_python_decorator.py took 0.131 seconds
[2025-06-12T18:54:27.794+0000] {processor.py:161} INFO - Started process (PID=1587) to work on /home/airflow/.local/lib/python3.8/site-packages/airflow/example_dags/example_python_decorator.py
[2025-06-12T18:54:27.798+0000] {processor.py:830} INFO - Processing file /home/airflow/.local/lib/python3.8/site-packages/airflow/example_dags/example_python_decorator.py for tasks to queue
[2025-06-12T18:54:27.804+0000] {logging_mixin.py:188} INFO - [2025-06-12T18:54:27.803+0000] {dagbag.py:538} INFO - Filling up the DagBag from /home/airflow/.local/lib/python3.8/site-packages/airflow/example_dags/example_python_decorator.py
[2025-06-12T18:54:27.851+0000] {processor.py:840} INFO - DAG(s) 'example_python_decorator' retrieved from /home/airflow/.local/lib/python3.8/site-packages/airflow/example_dags/example_python_decorator.py
[2025-06-12T18:54:27.915+0000] {logging_mixin.py:188} INFO - [2025-06-12T18:54:27.915+0000] {dag.py:3036} INFO - Sync 1 DAGs
[2025-06-12T18:54:27.934+0000] {logging_mixin.py:188} INFO - [2025-06-12T18:54:27.933+0000] {dag.py:3823} INFO - Setting next_dagrun for example_python_decorator to None, run_after=None
[2025-06-12T18:54:27.969+0000] {processor.py:183} INFO - Processing /home/airflow/.local/lib/python3.8/site-packages/airflow/example_dags/example_python_decorator.py took 0.182 seconds
[2025-06-12T18:54:59.077+0000] {processor.py:161} INFO - Started process (PID=1642) to work on /home/airflow/.local/lib/python3.8/site-packages/airflow/example_dags/example_python_decorator.py
[2025-06-12T18:54:59.079+0000] {processor.py:830} INFO - Processing file /home/airflow/.local/lib/python3.8/site-packages/airflow/example_dags/example_python_decorator.py for tasks to queue
[2025-06-12T18:54:59.081+0000] {logging_mixin.py:188} INFO - [2025-06-12T18:54:59.081+0000] {dagbag.py:538} INFO - Filling up the DagBag from /home/airflow/.local/lib/python3.8/site-packages/airflow/example_dags/example_python_decorator.py
[2025-06-12T18:54:59.118+0000] {processor.py:840} INFO - DAG(s) 'example_python_decorator' retrieved from /home/airflow/.local/lib/python3.8/site-packages/airflow/example_dags/example_python_decorator.py
[2025-06-12T18:54:59.177+0000] {logging_mixin.py:188} INFO - [2025-06-12T18:54:59.177+0000] {dag.py:3036} INFO - Sync 1 DAGs
[2025-06-12T18:54:59.201+0000] {logging_mixin.py:188} INFO - [2025-06-12T18:54:59.201+0000] {dag.py:3823} INFO - Setting next_dagrun for example_python_decorator to None, run_after=None
[2025-06-12T18:54:59.257+0000] {processor.py:183} INFO - Processing /home/airflow/.local/lib/python3.8/site-packages/airflow/example_dags/example_python_decorator.py took 0.191 seconds
[2025-06-12T18:55:29.924+0000] {processor.py:161} INFO - Started process (PID=1697) to work on /home/airflow/.local/lib/python3.8/site-packages/airflow/example_dags/example_python_decorator.py
[2025-06-12T18:55:29.926+0000] {processor.py:830} INFO - Processing file /home/airflow/.local/lib/python3.8/site-packages/airflow/example_dags/example_python_decorator.py for tasks to queue
[2025-06-12T18:55:29.928+0000] {logging_mixin.py:188} INFO - [2025-06-12T18:55:29.927+0000] {dagbag.py:538} INFO - Filling up the DagBag from /home/airflow/.local/lib/python3.8/site-packages/airflow/example_dags/example_python_decorator.py
[2025-06-12T18:55:29.952+0000] {processor.py:840} INFO - DAG(s) 'example_python_decorator' retrieved from /home/airflow/.local/lib/python3.8/site-packages/airflow/example_dags/example_python_decorator.py
[2025-06-12T18:55:29.996+0000] {logging_mixin.py:188} INFO - [2025-06-12T18:55:29.996+0000] {dag.py:3036} INFO - Sync 1 DAGs
[2025-06-12T18:55:30.015+0000] {logging_mixin.py:188} INFO - [2025-06-12T18:55:30.015+0000] {dag.py:3823} INFO - Setting next_dagrun for example_python_decorator to None, run_after=None
[2025-06-12T18:55:30.056+0000] {processor.py:183} INFO - Processing /home/airflow/.local/lib/python3.8/site-packages/airflow/example_dags/example_python_decorator.py took 0.138 seconds
[2025-06-12T18:56:00.289+0000] {processor.py:161} INFO - Started process (PID=1752) to work on /home/airflow/.local/lib/python3.8/site-packages/airflow/example_dags/example_python_decorator.py
[2025-06-12T18:56:00.293+0000] {processor.py:830} INFO - Processing file /home/airflow/.local/lib/python3.8/site-packages/airflow/example_dags/example_python_decorator.py for tasks to queue
[2025-06-12T18:56:00.295+0000] {logging_mixin.py:188} INFO - [2025-06-12T18:56:00.294+0000] {dagbag.py:538} INFO - Filling up the DagBag from /home/airflow/.local/lib/python3.8/site-packages/airflow/example_dags/example_python_decorator.py
[2025-06-12T18:56:00.321+0000] {processor.py:840} INFO - DAG(s) 'example_python_decorator' retrieved from /home/airflow/.local/lib/python3.8/site-packages/airflow/example_dags/example_python_decorator.py
[2025-06-12T18:56:00.363+0000] {logging_mixin.py:188} INFO - [2025-06-12T18:56:00.363+0000] {dag.py:3036} INFO - Sync 1 DAGs
[2025-06-12T18:56:00.385+0000] {logging_mixin.py:188} INFO - [2025-06-12T18:56:00.385+0000] {dag.py:3823} INFO - Setting next_dagrun for example_python_decorator to None, run_after=None
[2025-06-12T18:56:00.416+0000] {processor.py:183} INFO - Processing /home/airflow/.local/lib/python3.8/site-packages/airflow/example_dags/example_python_decorator.py took 0.133 seconds
[2025-06-12T18:56:31.082+0000] {processor.py:161} INFO - Started process (PID=1807) to work on /home/airflow/.local/lib/python3.8/site-packages/airflow/example_dags/example_python_decorator.py
[2025-06-12T18:56:31.085+0000] {processor.py:830} INFO - Processing file /home/airflow/.local/lib/python3.8/site-packages/airflow/example_dags/example_python_decorator.py for tasks to queue
[2025-06-12T18:56:31.088+0000] {logging_mixin.py:188} INFO - [2025-06-12T18:56:31.088+0000] {dagbag.py:538} INFO - Filling up the DagBag from /home/airflow/.local/lib/python3.8/site-packages/airflow/example_dags/example_python_decorator.py
[2025-06-12T18:56:31.122+0000] {processor.py:840} INFO - DAG(s) 'example_python_decorator' retrieved from /home/airflow/.local/lib/python3.8/site-packages/airflow/example_dags/example_python_decorator.py
[2025-06-12T18:56:31.184+0000] {logging_mixin.py:188} INFO - [2025-06-12T18:56:31.183+0000] {dag.py:3036} INFO - Sync 1 DAGs
[2025-06-12T18:56:31.213+0000] {logging_mixin.py:188} INFO - [2025-06-12T18:56:31.212+0000] {dag.py:3823} INFO - Setting next_dagrun for example_python_decorator to None, run_after=None
[2025-06-12T18:56:31.257+0000] {processor.py:183} INFO - Processing /home/airflow/.local/lib/python3.8/site-packages/airflow/example_dags/example_python_decorator.py took 0.181 seconds
[2025-06-12T18:57:01.345+0000] {processor.py:161} INFO - Started process (PID=1862) to work on /home/airflow/.local/lib/python3.8/site-packages/airflow/example_dags/example_python_decorator.py
[2025-06-12T18:57:01.347+0000] {processor.py:830} INFO - Processing file /home/airflow/.local/lib/python3.8/site-packages/airflow/example_dags/example_python_decorator.py for tasks to queue
[2025-06-12T18:57:01.349+0000] {logging_mixin.py:188} INFO - [2025-06-12T18:57:01.348+0000] {dagbag.py:538} INFO - Filling up the DagBag from /home/airflow/.local/lib/python3.8/site-packages/airflow/example_dags/example_python_decorator.py
[2025-06-12T18:57:01.372+0000] {processor.py:840} INFO - DAG(s) 'example_python_decorator' retrieved from /home/airflow/.local/lib/python3.8/site-packages/airflow/example_dags/example_python_decorator.py
[2025-06-12T18:57:01.412+0000] {logging_mixin.py:188} INFO - [2025-06-12T18:57:01.412+0000] {dag.py:3036} INFO - Sync 1 DAGs
[2025-06-12T18:57:01.430+0000] {logging_mixin.py:188} INFO - [2025-06-12T18:57:01.430+0000] {dag.py:3823} INFO - Setting next_dagrun for example_python_decorator to None, run_after=None
[2025-06-12T18:57:01.465+0000] {processor.py:183} INFO - Processing /home/airflow/.local/lib/python3.8/site-packages/airflow/example_dags/example_python_decorator.py took 0.126 seconds
[2025-06-12T18:57:42.390+0000] {processor.py:161} INFO - Started process (PID=1918) to work on /home/airflow/.local/lib/python3.8/site-packages/airflow/example_dags/example_python_decorator.py
[2025-06-12T18:57:42.392+0000] {processor.py:830} INFO - Processing file /home/airflow/.local/lib/python3.8/site-packages/airflow/example_dags/example_python_decorator.py for tasks to queue
[2025-06-12T18:57:42.394+0000] {logging_mixin.py:188} INFO - [2025-06-12T18:57:42.393+0000] {dagbag.py:538} INFO - Filling up the DagBag from /home/airflow/.local/lib/python3.8/site-packages/airflow/example_dags/example_python_decorator.py
[2025-06-12T18:57:42.429+0000] {processor.py:840} INFO - DAG(s) 'example_python_decorator' retrieved from /home/airflow/.local/lib/python3.8/site-packages/airflow/example_dags/example_python_decorator.py
[2025-06-12T18:57:42.486+0000] {logging_mixin.py:188} INFO - [2025-06-12T18:57:42.486+0000] {dag.py:3036} INFO - Sync 1 DAGs
[2025-06-12T18:57:42.517+0000] {logging_mixin.py:188} INFO - [2025-06-12T18:57:42.516+0000] {dag.py:3823} INFO - Setting next_dagrun for example_python_decorator to None, run_after=None
[2025-06-12T18:57:42.562+0000] {processor.py:183} INFO - Processing /home/airflow/.local/lib/python3.8/site-packages/airflow/example_dags/example_python_decorator.py took 0.181 seconds
[2025-06-12T18:58:13.106+0000] {processor.py:161} INFO - Started process (PID=1974) to work on /home/airflow/.local/lib/python3.8/site-packages/airflow/example_dags/example_python_decorator.py
[2025-06-12T18:58:13.108+0000] {processor.py:830} INFO - Processing file /home/airflow/.local/lib/python3.8/site-packages/airflow/example_dags/example_python_decorator.py for tasks to queue
[2025-06-12T18:58:13.110+0000] {logging_mixin.py:188} INFO - [2025-06-12T18:58:13.109+0000] {dagbag.py:538} INFO - Filling up the DagBag from /home/airflow/.local/lib/python3.8/site-packages/airflow/example_dags/example_python_decorator.py
[2025-06-12T18:58:13.136+0000] {processor.py:840} INFO - DAG(s) 'example_python_decorator' retrieved from /home/airflow/.local/lib/python3.8/site-packages/airflow/example_dags/example_python_decorator.py
[2025-06-12T18:58:13.180+0000] {logging_mixin.py:188} INFO - [2025-06-12T18:58:13.180+0000] {dag.py:3036} INFO - Sync 1 DAGs
[2025-06-12T18:58:13.203+0000] {logging_mixin.py:188} INFO - [2025-06-12T18:58:13.203+0000] {dag.py:3823} INFO - Setting next_dagrun for example_python_decorator to None, run_after=None
[2025-06-12T18:58:13.244+0000] {processor.py:183} INFO - Processing /home/airflow/.local/lib/python3.8/site-packages/airflow/example_dags/example_python_decorator.py took 0.144 seconds
[2025-06-12T18:58:44.451+0000] {processor.py:161} INFO - Started process (PID=2029) to work on /home/airflow/.local/lib/python3.8/site-packages/airflow/example_dags/example_python_decorator.py
[2025-06-12T18:58:44.454+0000] {processor.py:830} INFO - Processing file /home/airflow/.local/lib/python3.8/site-packages/airflow/example_dags/example_python_decorator.py for tasks to queue
[2025-06-12T18:58:44.456+0000] {logging_mixin.py:188} INFO - [2025-06-12T18:58:44.455+0000] {dagbag.py:538} INFO - Filling up the DagBag from /home/airflow/.local/lib/python3.8/site-packages/airflow/example_dags/example_python_decorator.py
[2025-06-12T18:58:44.480+0000] {processor.py:840} INFO - DAG(s) 'example_python_decorator' retrieved from /home/airflow/.local/lib/python3.8/site-packages/airflow/example_dags/example_python_decorator.py
[2025-06-12T18:58:44.519+0000] {logging_mixin.py:188} INFO - [2025-06-12T18:58:44.519+0000] {dag.py:3036} INFO - Sync 1 DAGs
[2025-06-12T18:58:44.537+0000] {logging_mixin.py:188} INFO - [2025-06-12T18:58:44.536+0000] {dag.py:3823} INFO - Setting next_dagrun for example_python_decorator to None, run_after=None
[2025-06-12T18:58:44.570+0000] {processor.py:183} INFO - Processing /home/airflow/.local/lib/python3.8/site-packages/airflow/example_dags/example_python_decorator.py took 0.125 seconds
[2025-06-12T18:59:17.156+0000] {processor.py:161} INFO - Started process (PID=2084) to work on /home/airflow/.local/lib/python3.8/site-packages/airflow/example_dags/example_python_decorator.py
[2025-06-12T18:59:17.159+0000] {processor.py:830} INFO - Processing file /home/airflow/.local/lib/python3.8/site-packages/airflow/example_dags/example_python_decorator.py for tasks to queue
[2025-06-12T18:59:17.162+0000] {logging_mixin.py:188} INFO - [2025-06-12T18:59:17.161+0000] {dagbag.py:538} INFO - Filling up the DagBag from /home/airflow/.local/lib/python3.8/site-packages/airflow/example_dags/example_python_decorator.py
[2025-06-12T18:59:17.201+0000] {processor.py:840} INFO - DAG(s) 'example_python_decorator' retrieved from /home/airflow/.local/lib/python3.8/site-packages/airflow/example_dags/example_python_decorator.py
[2025-06-12T18:59:17.262+0000] {logging_mixin.py:188} INFO - [2025-06-12T18:59:17.262+0000] {dag.py:3036} INFO - Sync 1 DAGs
[2025-06-12T18:59:17.294+0000] {logging_mixin.py:188} INFO - [2025-06-12T18:59:17.293+0000] {dag.py:3823} INFO - Setting next_dagrun for example_python_decorator to None, run_after=None
[2025-06-12T18:59:17.354+0000] {processor.py:183} INFO - Processing /home/airflow/.local/lib/python3.8/site-packages/airflow/example_dags/example_python_decorator.py took 0.208 seconds
[2025-06-12T18:59:48.880+0000] {processor.py:161} INFO - Started process (PID=2139) to work on /home/airflow/.local/lib/python3.8/site-packages/airflow/example_dags/example_python_decorator.py
[2025-06-12T18:59:48.883+0000] {processor.py:830} INFO - Processing file /home/airflow/.local/lib/python3.8/site-packages/airflow/example_dags/example_python_decorator.py for tasks to queue
[2025-06-12T18:59:48.887+0000] {logging_mixin.py:188} INFO - [2025-06-12T18:59:48.886+0000] {dagbag.py:538} INFO - Filling up the DagBag from /home/airflow/.local/lib/python3.8/site-packages/airflow/example_dags/example_python_decorator.py
[2025-06-12T18:59:48.932+0000] {processor.py:840} INFO - DAG(s) 'example_python_decorator' retrieved from /home/airflow/.local/lib/python3.8/site-packages/airflow/example_dags/example_python_decorator.py
[2025-06-12T18:59:49.007+0000] {logging_mixin.py:188} INFO - [2025-06-12T18:59:49.006+0000] {dag.py:3036} INFO - Sync 1 DAGs
[2025-06-12T18:59:49.047+0000] {logging_mixin.py:188} INFO - [2025-06-12T18:59:49.046+0000] {dag.py:3823} INFO - Setting next_dagrun for example_python_decorator to None, run_after=None
[2025-06-12T18:59:49.102+0000] {processor.py:183} INFO - Processing /home/airflow/.local/lib/python3.8/site-packages/airflow/example_dags/example_python_decorator.py took 0.234 seconds
[2025-06-12T19:00:19.831+0000] {processor.py:161} INFO - Started process (PID=2201) to work on /home/airflow/.local/lib/python3.8/site-packages/airflow/example_dags/example_python_decorator.py
[2025-06-12T19:00:19.837+0000] {processor.py:830} INFO - Processing file /home/airflow/.local/lib/python3.8/site-packages/airflow/example_dags/example_python_decorator.py for tasks to queue
[2025-06-12T19:00:19.841+0000] {logging_mixin.py:188} INFO - [2025-06-12T19:00:19.840+0000] {dagbag.py:538} INFO - Filling up the DagBag from /home/airflow/.local/lib/python3.8/site-packages/airflow/example_dags/example_python_decorator.py
[2025-06-12T19:00:19.889+0000] {processor.py:840} INFO - DAG(s) 'example_python_decorator' retrieved from /home/airflow/.local/lib/python3.8/site-packages/airflow/example_dags/example_python_decorator.py
[2025-06-12T19:00:19.972+0000] {logging_mixin.py:188} INFO - [2025-06-12T19:00:19.971+0000] {dag.py:3036} INFO - Sync 1 DAGs
[2025-06-12T19:00:20.028+0000] {logging_mixin.py:188} INFO - [2025-06-12T19:00:20.028+0000] {dag.py:3823} INFO - Setting next_dagrun for example_python_decorator to None, run_after=None
[2025-06-12T19:00:20.093+0000] {processor.py:183} INFO - Processing /home/airflow/.local/lib/python3.8/site-packages/airflow/example_dags/example_python_decorator.py took 0.280 seconds
[2025-06-12T19:00:50.393+0000] {processor.py:161} INFO - Started process (PID=2251) to work on /home/airflow/.local/lib/python3.8/site-packages/airflow/example_dags/example_python_decorator.py
[2025-06-12T19:00:50.396+0000] {processor.py:830} INFO - Processing file /home/airflow/.local/lib/python3.8/site-packages/airflow/example_dags/example_python_decorator.py for tasks to queue
[2025-06-12T19:00:50.399+0000] {logging_mixin.py:188} INFO - [2025-06-12T19:00:50.398+0000] {dagbag.py:538} INFO - Filling up the DagBag from /home/airflow/.local/lib/python3.8/site-packages/airflow/example_dags/example_python_decorator.py
[2025-06-12T19:00:50.444+0000] {processor.py:840} INFO - DAG(s) 'example_python_decorator' retrieved from /home/airflow/.local/lib/python3.8/site-packages/airflow/example_dags/example_python_decorator.py
[2025-06-12T19:00:50.510+0000] {logging_mixin.py:188} INFO - [2025-06-12T19:00:50.509+0000] {dag.py:3036} INFO - Sync 1 DAGs
[2025-06-12T19:00:50.542+0000] {logging_mixin.py:188} INFO - [2025-06-12T19:00:50.541+0000] {dag.py:3823} INFO - Setting next_dagrun for example_python_decorator to None, run_after=None
[2025-06-12T19:00:50.600+0000] {processor.py:183} INFO - Processing /home/airflow/.local/lib/python3.8/site-packages/airflow/example_dags/example_python_decorator.py took 0.218 seconds
[2025-06-12T19:01:20.878+0000] {processor.py:161} INFO - Started process (PID=2309) to work on /home/airflow/.local/lib/python3.8/site-packages/airflow/example_dags/example_python_decorator.py
[2025-06-12T19:01:20.882+0000] {processor.py:830} INFO - Processing file /home/airflow/.local/lib/python3.8/site-packages/airflow/example_dags/example_python_decorator.py for tasks to queue
[2025-06-12T19:01:20.885+0000] {logging_mixin.py:188} INFO - [2025-06-12T19:01:20.884+0000] {dagbag.py:538} INFO - Filling up the DagBag from /home/airflow/.local/lib/python3.8/site-packages/airflow/example_dags/example_python_decorator.py
[2025-06-12T19:01:20.919+0000] {processor.py:840} INFO - DAG(s) 'example_python_decorator' retrieved from /home/airflow/.local/lib/python3.8/site-packages/airflow/example_dags/example_python_decorator.py
[2025-06-12T19:01:20.995+0000] {logging_mixin.py:188} INFO - [2025-06-12T19:01:20.995+0000] {dag.py:3036} INFO - Sync 1 DAGs
[2025-06-12T19:01:21.023+0000] {logging_mixin.py:188} INFO - [2025-06-12T19:01:21.022+0000] {dag.py:3823} INFO - Setting next_dagrun for example_python_decorator to None, run_after=None
[2025-06-12T19:01:21.067+0000] {processor.py:183} INFO - Processing /home/airflow/.local/lib/python3.8/site-packages/airflow/example_dags/example_python_decorator.py took 0.197 seconds
[2025-06-12T19:01:51.375+0000] {processor.py:161} INFO - Started process (PID=2364) to work on /home/airflow/.local/lib/python3.8/site-packages/airflow/example_dags/example_python_decorator.py
[2025-06-12T19:01:51.379+0000] {processor.py:830} INFO - Processing file /home/airflow/.local/lib/python3.8/site-packages/airflow/example_dags/example_python_decorator.py for tasks to queue
[2025-06-12T19:01:51.381+0000] {logging_mixin.py:188} INFO - [2025-06-12T19:01:51.381+0000] {dagbag.py:538} INFO - Filling up the DagBag from /home/airflow/.local/lib/python3.8/site-packages/airflow/example_dags/example_python_decorator.py
[2025-06-12T19:01:51.415+0000] {processor.py:840} INFO - DAG(s) 'example_python_decorator' retrieved from /home/airflow/.local/lib/python3.8/site-packages/airflow/example_dags/example_python_decorator.py
[2025-06-12T19:01:51.478+0000] {logging_mixin.py:188} INFO - [2025-06-12T19:01:51.478+0000] {dag.py:3036} INFO - Sync 1 DAGs
[2025-06-12T19:01:51.512+0000] {logging_mixin.py:188} INFO - [2025-06-12T19:01:51.512+0000] {dag.py:3823} INFO - Setting next_dagrun for example_python_decorator to None, run_after=None
[2025-06-12T19:01:51.563+0000] {processor.py:183} INFO - Processing /home/airflow/.local/lib/python3.8/site-packages/airflow/example_dags/example_python_decorator.py took 0.197 seconds
[2025-06-12T19:02:21.742+0000] {processor.py:161} INFO - Started process (PID=2419) to work on /home/airflow/.local/lib/python3.8/site-packages/airflow/example_dags/example_python_decorator.py
[2025-06-12T19:02:21.745+0000] {processor.py:830} INFO - Processing file /home/airflow/.local/lib/python3.8/site-packages/airflow/example_dags/example_python_decorator.py for tasks to queue
[2025-06-12T19:02:21.748+0000] {logging_mixin.py:188} INFO - [2025-06-12T19:02:21.747+0000] {dagbag.py:538} INFO - Filling up the DagBag from /home/airflow/.local/lib/python3.8/site-packages/airflow/example_dags/example_python_decorator.py
[2025-06-12T19:02:21.785+0000] {processor.py:840} INFO - DAG(s) 'example_python_decorator' retrieved from /home/airflow/.local/lib/python3.8/site-packages/airflow/example_dags/example_python_decorator.py
[2025-06-12T19:02:21.848+0000] {logging_mixin.py:188} INFO - [2025-06-12T19:02:21.848+0000] {dag.py:3036} INFO - Sync 1 DAGs
[2025-06-12T19:02:21.876+0000] {logging_mixin.py:188} INFO - [2025-06-12T19:02:21.875+0000] {dag.py:3823} INFO - Setting next_dagrun for example_python_decorator to None, run_after=None
[2025-06-12T19:02:21.924+0000] {processor.py:183} INFO - Processing /home/airflow/.local/lib/python3.8/site-packages/airflow/example_dags/example_python_decorator.py took 0.191 seconds
[2025-06-12T19:02:52.514+0000] {processor.py:161} INFO - Started process (PID=2474) to work on /home/airflow/.local/lib/python3.8/site-packages/airflow/example_dags/example_python_decorator.py
[2025-06-12T19:02:52.518+0000] {processor.py:830} INFO - Processing file /home/airflow/.local/lib/python3.8/site-packages/airflow/example_dags/example_python_decorator.py for tasks to queue
[2025-06-12T19:02:52.521+0000] {logging_mixin.py:188} INFO - [2025-06-12T19:02:52.520+0000] {dagbag.py:538} INFO - Filling up the DagBag from /home/airflow/.local/lib/python3.8/site-packages/airflow/example_dags/example_python_decorator.py
[2025-06-12T19:02:52.572+0000] {processor.py:840} INFO - DAG(s) 'example_python_decorator' retrieved from /home/airflow/.local/lib/python3.8/site-packages/airflow/example_dags/example_python_decorator.py
[2025-06-12T19:02:52.636+0000] {logging_mixin.py:188} INFO - [2025-06-12T19:02:52.635+0000] {dag.py:3036} INFO - Sync 1 DAGs
[2025-06-12T19:02:52.670+0000] {logging_mixin.py:188} INFO - [2025-06-12T19:02:52.670+0000] {dag.py:3823} INFO - Setting next_dagrun for example_python_decorator to None, run_after=None
[2025-06-12T19:02:52.722+0000] {processor.py:183} INFO - Processing /home/airflow/.local/lib/python3.8/site-packages/airflow/example_dags/example_python_decorator.py took 0.217 seconds
[2025-06-12T19:03:23.268+0000] {processor.py:161} INFO - Started process (PID=2529) to work on /home/airflow/.local/lib/python3.8/site-packages/airflow/example_dags/example_python_decorator.py
[2025-06-12T19:03:23.271+0000] {processor.py:830} INFO - Processing file /home/airflow/.local/lib/python3.8/site-packages/airflow/example_dags/example_python_decorator.py for tasks to queue
[2025-06-12T19:03:23.274+0000] {logging_mixin.py:188} INFO - [2025-06-12T19:03:23.273+0000] {dagbag.py:538} INFO - Filling up the DagBag from /home/airflow/.local/lib/python3.8/site-packages/airflow/example_dags/example_python_decorator.py
[2025-06-12T19:03:23.317+0000] {processor.py:840} INFO - DAG(s) 'example_python_decorator' retrieved from /home/airflow/.local/lib/python3.8/site-packages/airflow/example_dags/example_python_decorator.py
[2025-06-12T19:03:23.383+0000] {logging_mixin.py:188} INFO - [2025-06-12T19:03:23.383+0000] {dag.py:3036} INFO - Sync 1 DAGs
[2025-06-12T19:03:23.413+0000] {logging_mixin.py:188} INFO - [2025-06-12T19:03:23.413+0000] {dag.py:3823} INFO - Setting next_dagrun for example_python_decorator to None, run_after=None
[2025-06-12T19:03:23.792+0000] {processor.py:183} INFO - Processing /home/airflow/.local/lib/python3.8/site-packages/airflow/example_dags/example_python_decorator.py took 0.534 seconds
[2025-06-12T19:03:53.995+0000] {processor.py:161} INFO - Started process (PID=2584) to work on /home/airflow/.local/lib/python3.8/site-packages/airflow/example_dags/example_python_decorator.py
[2025-06-12T19:03:53.998+0000] {processor.py:830} INFO - Processing file /home/airflow/.local/lib/python3.8/site-packages/airflow/example_dags/example_python_decorator.py for tasks to queue
[2025-06-12T19:03:54.001+0000] {logging_mixin.py:188} INFO - [2025-06-12T19:03:54.000+0000] {dagbag.py:538} INFO - Filling up the DagBag from /home/airflow/.local/lib/python3.8/site-packages/airflow/example_dags/example_python_decorator.py
[2025-06-12T19:03:54.041+0000] {processor.py:840} INFO - DAG(s) 'example_python_decorator' retrieved from /home/airflow/.local/lib/python3.8/site-packages/airflow/example_dags/example_python_decorator.py
[2025-06-12T19:03:54.103+0000] {logging_mixin.py:188} INFO - [2025-06-12T19:03:54.102+0000] {dag.py:3036} INFO - Sync 1 DAGs
[2025-06-12T19:03:54.133+0000] {logging_mixin.py:188} INFO - [2025-06-12T19:03:54.132+0000] {dag.py:3823} INFO - Setting next_dagrun for example_python_decorator to None, run_after=None
[2025-06-12T19:03:54.182+0000] {processor.py:183} INFO - Processing /home/airflow/.local/lib/python3.8/site-packages/airflow/example_dags/example_python_decorator.py took 0.196 seconds
[2025-06-12T19:04:24.388+0000] {processor.py:161} INFO - Started process (PID=2640) to work on /home/airflow/.local/lib/python3.8/site-packages/airflow/example_dags/example_python_decorator.py
[2025-06-12T19:04:24.391+0000] {processor.py:830} INFO - Processing file /home/airflow/.local/lib/python3.8/site-packages/airflow/example_dags/example_python_decorator.py for tasks to queue
[2025-06-12T19:04:24.394+0000] {logging_mixin.py:188} INFO - [2025-06-12T19:04:24.393+0000] {dagbag.py:538} INFO - Filling up the DagBag from /home/airflow/.local/lib/python3.8/site-packages/airflow/example_dags/example_python_decorator.py
[2025-06-12T19:04:24.436+0000] {processor.py:840} INFO - DAG(s) 'example_python_decorator' retrieved from /home/airflow/.local/lib/python3.8/site-packages/airflow/example_dags/example_python_decorator.py
[2025-06-12T19:04:24.503+0000] {logging_mixin.py:188} INFO - [2025-06-12T19:04:24.502+0000] {dag.py:3036} INFO - Sync 1 DAGs
[2025-06-12T19:04:24.541+0000] {logging_mixin.py:188} INFO - [2025-06-12T19:04:24.541+0000] {dag.py:3823} INFO - Setting next_dagrun for example_python_decorator to None, run_after=None
[2025-06-12T19:04:24.595+0000] {processor.py:183} INFO - Processing /home/airflow/.local/lib/python3.8/site-packages/airflow/example_dags/example_python_decorator.py took 0.216 seconds
[2025-06-12T19:04:54.741+0000] {processor.py:161} INFO - Started process (PID=2696) to work on /home/airflow/.local/lib/python3.8/site-packages/airflow/example_dags/example_python_decorator.py
[2025-06-12T19:04:54.745+0000] {processor.py:830} INFO - Processing file /home/airflow/.local/lib/python3.8/site-packages/airflow/example_dags/example_python_decorator.py for tasks to queue
[2025-06-12T19:04:54.751+0000] {logging_mixin.py:188} INFO - [2025-06-12T19:04:54.750+0000] {dagbag.py:538} INFO - Filling up the DagBag from /home/airflow/.local/lib/python3.8/site-packages/airflow/example_dags/example_python_decorator.py
[2025-06-12T19:04:54.794+0000] {processor.py:840} INFO - DAG(s) 'example_python_decorator' retrieved from /home/airflow/.local/lib/python3.8/site-packages/airflow/example_dags/example_python_decorator.py
[2025-06-12T19:04:54.871+0000] {logging_mixin.py:188} INFO - [2025-06-12T19:04:54.870+0000] {dag.py:3036} INFO - Sync 1 DAGs
[2025-06-12T19:04:54.904+0000] {logging_mixin.py:188} INFO - [2025-06-12T19:04:54.903+0000] {dag.py:3823} INFO - Setting next_dagrun for example_python_decorator to None, run_after=None
[2025-06-12T19:04:54.958+0000] {processor.py:183} INFO - Processing /home/airflow/.local/lib/python3.8/site-packages/airflow/example_dags/example_python_decorator.py took 0.228 seconds
[2025-06-12T19:05:26.444+0000] {processor.py:161} INFO - Started process (PID=2752) to work on /home/airflow/.local/lib/python3.8/site-packages/airflow/example_dags/example_python_decorator.py
[2025-06-12T19:05:26.447+0000] {processor.py:830} INFO - Processing file /home/airflow/.local/lib/python3.8/site-packages/airflow/example_dags/example_python_decorator.py for tasks to queue
[2025-06-12T19:05:26.451+0000] {logging_mixin.py:188} INFO - [2025-06-12T19:05:26.450+0000] {dagbag.py:538} INFO - Filling up the DagBag from /home/airflow/.local/lib/python3.8/site-packages/airflow/example_dags/example_python_decorator.py
[2025-06-12T19:05:26.492+0000] {processor.py:840} INFO - DAG(s) 'example_python_decorator' retrieved from /home/airflow/.local/lib/python3.8/site-packages/airflow/example_dags/example_python_decorator.py
[2025-06-12T19:05:26.566+0000] {logging_mixin.py:188} INFO - [2025-06-12T19:05:26.565+0000] {dag.py:3036} INFO - Sync 1 DAGs
[2025-06-12T19:05:26.600+0000] {logging_mixin.py:188} INFO - [2025-06-12T19:05:26.600+0000] {dag.py:3823} INFO - Setting next_dagrun for example_python_decorator to None, run_after=None
[2025-06-12T19:05:26.673+0000] {processor.py:183} INFO - Processing /home/airflow/.local/lib/python3.8/site-packages/airflow/example_dags/example_python_decorator.py took 0.239 seconds
[2025-06-12T19:05:57.061+0000] {processor.py:161} INFO - Started process (PID=2806) to work on /home/airflow/.local/lib/python3.8/site-packages/airflow/example_dags/example_python_decorator.py
[2025-06-12T19:05:57.064+0000] {processor.py:830} INFO - Processing file /home/airflow/.local/lib/python3.8/site-packages/airflow/example_dags/example_python_decorator.py for tasks to queue
[2025-06-12T19:05:57.067+0000] {logging_mixin.py:188} INFO - [2025-06-12T19:05:57.067+0000] {dagbag.py:538} INFO - Filling up the DagBag from /home/airflow/.local/lib/python3.8/site-packages/airflow/example_dags/example_python_decorator.py
[2025-06-12T19:05:57.112+0000] {processor.py:840} INFO - DAG(s) 'example_python_decorator' retrieved from /home/airflow/.local/lib/python3.8/site-packages/airflow/example_dags/example_python_decorator.py
[2025-06-12T19:05:57.182+0000] {logging_mixin.py:188} INFO - [2025-06-12T19:05:57.182+0000] {dag.py:3036} INFO - Sync 1 DAGs
[2025-06-12T19:05:57.553+0000] {logging_mixin.py:188} INFO - [2025-06-12T19:05:57.552+0000] {dag.py:3823} INFO - Setting next_dagrun for example_python_decorator to None, run_after=None
[2025-06-12T19:05:57.602+0000] {processor.py:183} INFO - Processing /home/airflow/.local/lib/python3.8/site-packages/airflow/example_dags/example_python_decorator.py took 0.552 seconds
[2025-06-12T19:06:28.117+0000] {processor.py:161} INFO - Started process (PID=2861) to work on /home/airflow/.local/lib/python3.8/site-packages/airflow/example_dags/example_python_decorator.py
[2025-06-12T19:06:28.120+0000] {processor.py:830} INFO - Processing file /home/airflow/.local/lib/python3.8/site-packages/airflow/example_dags/example_python_decorator.py for tasks to queue
[2025-06-12T19:06:28.123+0000] {logging_mixin.py:188} INFO - [2025-06-12T19:06:28.122+0000] {dagbag.py:538} INFO - Filling up the DagBag from /home/airflow/.local/lib/python3.8/site-packages/airflow/example_dags/example_python_decorator.py
[2025-06-12T19:06:28.166+0000] {processor.py:840} INFO - DAG(s) 'example_python_decorator' retrieved from /home/airflow/.local/lib/python3.8/site-packages/airflow/example_dags/example_python_decorator.py
[2025-06-12T19:06:28.236+0000] {logging_mixin.py:188} INFO - [2025-06-12T19:06:28.236+0000] {dag.py:3036} INFO - Sync 1 DAGs
[2025-06-12T19:06:28.604+0000] {logging_mixin.py:188} INFO - [2025-06-12T19:06:28.603+0000] {dag.py:3823} INFO - Setting next_dagrun for example_python_decorator to None, run_after=None
[2025-06-12T19:06:28.647+0000] {processor.py:183} INFO - Processing /home/airflow/.local/lib/python3.8/site-packages/airflow/example_dags/example_python_decorator.py took 0.538 seconds
