[2025-06-12T18:35:04.470+0000] {processor.py:161} INFO - Started process (PID=82) to work on /home/airflow/.local/lib/python3.8/site-packages/airflow/example_dags/example_sensor_decorator.py
[2025-06-12T18:35:04.501+0000] {processor.py:830} INFO - Processing file /home/airflow/.local/lib/python3.8/site-packages/airflow/example_dags/example_sensor_decorator.py for tasks to queue
[2025-06-12T18:35:04.539+0000] {logging_mixin.py:188} INFO - [2025-06-12T18:35:04.533+0000] {dagbag.py:538} INFO - Filling up the DagBag from /home/airflow/.local/lib/python3.8/site-packages/airflow/example_dags/example_sensor_decorator.py
[2025-06-12T18:35:04.595+0000] {processor.py:840} INFO - DAG(s) 'example_sensor_decorator' retrieved from /home/airflow/.local/lib/python3.8/site-packages/airflow/example_dags/example_sensor_decorator.py
[2025-06-12T18:35:05.064+0000] {logging_mixin.py:188} INFO - [2025-06-12T18:35:05.063+0000] {dag.py:3036} INFO - Sync 1 DAGs
[2025-06-12T18:35:05.153+0000] {logging_mixin.py:188} INFO - [2025-06-12T18:35:05.152+0000] {dag.py:3823} INFO - Setting next_dagrun for example_sensor_decorator to None, run_after=None
[2025-06-12T18:35:05.252+0000] {processor.py:183} INFO - Processing /home/airflow/.local/lib/python3.8/site-packages/airflow/example_dags/example_sensor_decorator.py took 0.856 seconds
[2025-06-12T18:35:41.084+0000] {processor.py:161} INFO - Started process (PID=137) to work on /home/airflow/.local/lib/python3.8/site-packages/airflow/example_dags/example_sensor_decorator.py
[2025-06-12T18:35:41.100+0000] {processor.py:830} INFO - Processing file /home/airflow/.local/lib/python3.8/site-packages/airflow/example_dags/example_sensor_decorator.py for tasks to queue
[2025-06-12T18:35:41.130+0000] {logging_mixin.py:188} INFO - [2025-06-12T18:35:41.124+0000] {dagbag.py:538} INFO - Filling up the DagBag from /home/airflow/.local/lib/python3.8/site-packages/airflow/example_dags/example_sensor_decorator.py
[2025-06-12T18:35:41.246+0000] {processor.py:840} INFO - DAG(s) 'example_sensor_decorator' retrieved from /home/airflow/.local/lib/python3.8/site-packages/airflow/example_dags/example_sensor_decorator.py
[2025-06-12T18:35:41.482+0000] {logging_mixin.py:188} INFO - [2025-06-12T18:35:41.482+0000] {dag.py:3036} INFO - Sync 1 DAGs
[2025-06-12T18:35:41.558+0000] {logging_mixin.py:188} INFO - [2025-06-12T18:35:41.557+0000] {dag.py:3823} INFO - Setting next_dagrun for example_sensor_decorator to None, run_after=None
[2025-06-12T18:35:41.612+0000] {processor.py:183} INFO - Processing /home/airflow/.local/lib/python3.8/site-packages/airflow/example_dags/example_sensor_decorator.py took 0.574 seconds
[2025-06-12T18:36:11.799+0000] {processor.py:161} INFO - Started process (PID=190) to work on /home/airflow/.local/lib/python3.8/site-packages/airflow/example_dags/example_sensor_decorator.py
[2025-06-12T18:36:11.801+0000] {processor.py:830} INFO - Processing file /home/airflow/.local/lib/python3.8/site-packages/airflow/example_dags/example_sensor_decorator.py for tasks to queue
[2025-06-12T18:36:11.804+0000] {logging_mixin.py:188} INFO - [2025-06-12T18:36:11.804+0000] {dagbag.py:538} INFO - Filling up the DagBag from /home/airflow/.local/lib/python3.8/site-packages/airflow/example_dags/example_sensor_decorator.py
[2025-06-12T18:36:11.816+0000] {processor.py:840} INFO - DAG(s) 'example_sensor_decorator' retrieved from /home/airflow/.local/lib/python3.8/site-packages/airflow/example_dags/example_sensor_decorator.py
[2025-06-12T18:36:11.840+0000] {logging_mixin.py:188} INFO - [2025-06-12T18:36:11.840+0000] {dag.py:3036} INFO - Sync 1 DAGs
[2025-06-12T18:36:11.860+0000] {logging_mixin.py:188} INFO - [2025-06-12T18:36:11.859+0000] {dag.py:3823} INFO - Setting next_dagrun for example_sensor_decorator to None, run_after=None
[2025-06-12T18:36:11.892+0000] {processor.py:183} INFO - Processing /home/airflow/.local/lib/python3.8/site-packages/airflow/example_dags/example_sensor_decorator.py took 0.098 seconds
[2025-06-12T18:36:42.185+0000] {processor.py:161} INFO - Started process (PID=245) to work on /home/airflow/.local/lib/python3.8/site-packages/airflow/example_dags/example_sensor_decorator.py
[2025-06-12T18:36:42.189+0000] {processor.py:830} INFO - Processing file /home/airflow/.local/lib/python3.8/site-packages/airflow/example_dags/example_sensor_decorator.py for tasks to queue
[2025-06-12T18:36:42.194+0000] {logging_mixin.py:188} INFO - [2025-06-12T18:36:42.193+0000] {dagbag.py:538} INFO - Filling up the DagBag from /home/airflow/.local/lib/python3.8/site-packages/airflow/example_dags/example_sensor_decorator.py
[2025-06-12T18:36:42.206+0000] {processor.py:840} INFO - DAG(s) 'example_sensor_decorator' retrieved from /home/airflow/.local/lib/python3.8/site-packages/airflow/example_dags/example_sensor_decorator.py
[2025-06-12T18:36:42.365+0000] {logging_mixin.py:188} INFO - [2025-06-12T18:36:42.364+0000] {dag.py:3036} INFO - Sync 1 DAGs
[2025-06-12T18:36:42.381+0000] {logging_mixin.py:188} INFO - [2025-06-12T18:36:42.380+0000] {dag.py:3823} INFO - Setting next_dagrun for example_sensor_decorator to None, run_after=None
[2025-06-12T18:36:42.445+0000] {processor.py:183} INFO - Processing /home/airflow/.local/lib/python3.8/site-packages/airflow/example_dags/example_sensor_decorator.py took 0.268 seconds
[2025-06-12T18:37:12.838+0000] {processor.py:161} INFO - Started process (PID=299) to work on /home/airflow/.local/lib/python3.8/site-packages/airflow/example_dags/example_sensor_decorator.py
[2025-06-12T18:37:12.844+0000] {processor.py:830} INFO - Processing file /home/airflow/.local/lib/python3.8/site-packages/airflow/example_dags/example_sensor_decorator.py for tasks to queue
[2025-06-12T18:37:12.853+0000] {logging_mixin.py:188} INFO - [2025-06-12T18:37:12.852+0000] {dagbag.py:538} INFO - Filling up the DagBag from /home/airflow/.local/lib/python3.8/site-packages/airflow/example_dags/example_sensor_decorator.py
[2025-06-12T18:37:12.890+0000] {processor.py:840} INFO - DAG(s) 'example_sensor_decorator' retrieved from /home/airflow/.local/lib/python3.8/site-packages/airflow/example_dags/example_sensor_decorator.py
[2025-06-12T18:37:12.987+0000] {logging_mixin.py:188} INFO - [2025-06-12T18:37:12.986+0000] {dag.py:3036} INFO - Sync 1 DAGs
[2025-06-12T18:37:13.044+0000] {logging_mixin.py:188} INFO - [2025-06-12T18:37:13.043+0000] {dag.py:3823} INFO - Setting next_dagrun for example_sensor_decorator to None, run_after=None
[2025-06-12T18:37:13.136+0000] {processor.py:183} INFO - Processing /home/airflow/.local/lib/python3.8/site-packages/airflow/example_dags/example_sensor_decorator.py took 0.308 seconds
[2025-06-12T18:37:43.898+0000] {processor.py:161} INFO - Started process (PID=354) to work on /home/airflow/.local/lib/python3.8/site-packages/airflow/example_dags/example_sensor_decorator.py
[2025-06-12T18:37:43.903+0000] {processor.py:830} INFO - Processing file /home/airflow/.local/lib/python3.8/site-packages/airflow/example_dags/example_sensor_decorator.py for tasks to queue
[2025-06-12T18:37:43.912+0000] {logging_mixin.py:188} INFO - [2025-06-12T18:37:43.911+0000] {dagbag.py:538} INFO - Filling up the DagBag from /home/airflow/.local/lib/python3.8/site-packages/airflow/example_dags/example_sensor_decorator.py
[2025-06-12T18:37:43.945+0000] {processor.py:840} INFO - DAG(s) 'example_sensor_decorator' retrieved from /home/airflow/.local/lib/python3.8/site-packages/airflow/example_dags/example_sensor_decorator.py
[2025-06-12T18:37:44.025+0000] {logging_mixin.py:188} INFO - [2025-06-12T18:37:44.025+0000] {dag.py:3036} INFO - Sync 1 DAGs
[2025-06-12T18:37:44.080+0000] {logging_mixin.py:188} INFO - [2025-06-12T18:37:44.079+0000] {dag.py:3823} INFO - Setting next_dagrun for example_sensor_decorator to None, run_after=None
[2025-06-12T18:37:44.131+0000] {processor.py:183} INFO - Processing /home/airflow/.local/lib/python3.8/site-packages/airflow/example_dags/example_sensor_decorator.py took 0.243 seconds
[2025-06-12T18:38:14.231+0000] {processor.py:161} INFO - Started process (PID=409) to work on /home/airflow/.local/lib/python3.8/site-packages/airflow/example_dags/example_sensor_decorator.py
[2025-06-12T18:38:14.234+0000] {processor.py:830} INFO - Processing file /home/airflow/.local/lib/python3.8/site-packages/airflow/example_dags/example_sensor_decorator.py for tasks to queue
[2025-06-12T18:38:14.241+0000] {logging_mixin.py:188} INFO - [2025-06-12T18:38:14.240+0000] {dagbag.py:538} INFO - Filling up the DagBag from /home/airflow/.local/lib/python3.8/site-packages/airflow/example_dags/example_sensor_decorator.py
[2025-06-12T18:38:14.259+0000] {processor.py:840} INFO - DAG(s) 'example_sensor_decorator' retrieved from /home/airflow/.local/lib/python3.8/site-packages/airflow/example_dags/example_sensor_decorator.py
[2025-06-12T18:38:14.312+0000] {logging_mixin.py:188} INFO - [2025-06-12T18:38:14.312+0000] {dag.py:3036} INFO - Sync 1 DAGs
[2025-06-12T18:38:14.342+0000] {logging_mixin.py:188} INFO - [2025-06-12T18:38:14.342+0000] {dag.py:3823} INFO - Setting next_dagrun for example_sensor_decorator to None, run_after=None
[2025-06-12T18:38:14.395+0000] {processor.py:183} INFO - Processing /home/airflow/.local/lib/python3.8/site-packages/airflow/example_dags/example_sensor_decorator.py took 0.172 seconds
[2025-06-12T18:38:45.185+0000] {processor.py:161} INFO - Started process (PID=464) to work on /home/airflow/.local/lib/python3.8/site-packages/airflow/example_dags/example_sensor_decorator.py
[2025-06-12T18:38:45.186+0000] {processor.py:830} INFO - Processing file /home/airflow/.local/lib/python3.8/site-packages/airflow/example_dags/example_sensor_decorator.py for tasks to queue
[2025-06-12T18:38:45.190+0000] {logging_mixin.py:188} INFO - [2025-06-12T18:38:45.190+0000] {dagbag.py:538} INFO - Filling up the DagBag from /home/airflow/.local/lib/python3.8/site-packages/airflow/example_dags/example_sensor_decorator.py
[2025-06-12T18:38:45.203+0000] {processor.py:840} INFO - DAG(s) 'example_sensor_decorator' retrieved from /home/airflow/.local/lib/python3.8/site-packages/airflow/example_dags/example_sensor_decorator.py
[2025-06-12T18:38:45.245+0000] {logging_mixin.py:188} INFO - [2025-06-12T18:38:45.244+0000] {dag.py:3036} INFO - Sync 1 DAGs
[2025-06-12T18:38:45.265+0000] {logging_mixin.py:188} INFO - [2025-06-12T18:38:45.265+0000] {dag.py:3823} INFO - Setting next_dagrun for example_sensor_decorator to None, run_after=None
[2025-06-12T18:38:45.298+0000] {processor.py:183} INFO - Processing /home/airflow/.local/lib/python3.8/site-packages/airflow/example_dags/example_sensor_decorator.py took 0.127 seconds
[2025-06-12T18:39:15.398+0000] {processor.py:161} INFO - Started process (PID=519) to work on /home/airflow/.local/lib/python3.8/site-packages/airflow/example_dags/example_sensor_decorator.py
[2025-06-12T18:39:15.401+0000] {processor.py:830} INFO - Processing file /home/airflow/.local/lib/python3.8/site-packages/airflow/example_dags/example_sensor_decorator.py for tasks to queue
[2025-06-12T18:39:15.404+0000] {logging_mixin.py:188} INFO - [2025-06-12T18:39:15.403+0000] {dagbag.py:538} INFO - Filling up the DagBag from /home/airflow/.local/lib/python3.8/site-packages/airflow/example_dags/example_sensor_decorator.py
[2025-06-12T18:39:15.418+0000] {processor.py:840} INFO - DAG(s) 'example_sensor_decorator' retrieved from /home/airflow/.local/lib/python3.8/site-packages/airflow/example_dags/example_sensor_decorator.py
[2025-06-12T18:39:15.460+0000] {logging_mixin.py:188} INFO - [2025-06-12T18:39:15.460+0000] {dag.py:3036} INFO - Sync 1 DAGs
[2025-06-12T18:39:15.484+0000] {logging_mixin.py:188} INFO - [2025-06-12T18:39:15.484+0000] {dag.py:3823} INFO - Setting next_dagrun for example_sensor_decorator to None, run_after=None
[2025-06-12T18:39:15.521+0000] {processor.py:183} INFO - Processing /home/airflow/.local/lib/python3.8/site-packages/airflow/example_dags/example_sensor_decorator.py took 0.131 seconds
[2025-06-12T18:39:46.358+0000] {processor.py:161} INFO - Started process (PID=574) to work on /home/airflow/.local/lib/python3.8/site-packages/airflow/example_dags/example_sensor_decorator.py
[2025-06-12T18:39:46.360+0000] {processor.py:830} INFO - Processing file /home/airflow/.local/lib/python3.8/site-packages/airflow/example_dags/example_sensor_decorator.py for tasks to queue
[2025-06-12T18:39:46.364+0000] {logging_mixin.py:188} INFO - [2025-06-12T18:39:46.363+0000] {dagbag.py:538} INFO - Filling up the DagBag from /home/airflow/.local/lib/python3.8/site-packages/airflow/example_dags/example_sensor_decorator.py
[2025-06-12T18:39:46.379+0000] {processor.py:840} INFO - DAG(s) 'example_sensor_decorator' retrieved from /home/airflow/.local/lib/python3.8/site-packages/airflow/example_dags/example_sensor_decorator.py
[2025-06-12T18:39:46.411+0000] {logging_mixin.py:188} INFO - [2025-06-12T18:39:46.410+0000] {dag.py:3036} INFO - Sync 1 DAGs
[2025-06-12T18:39:46.475+0000] {logging_mixin.py:188} INFO - [2025-06-12T18:39:46.474+0000] {dag.py:3823} INFO - Setting next_dagrun for example_sensor_decorator to None, run_after=None
[2025-06-12T18:39:46.537+0000] {processor.py:183} INFO - Processing /home/airflow/.local/lib/python3.8/site-packages/airflow/example_dags/example_sensor_decorator.py took 0.188 seconds
[2025-06-12T18:40:17.150+0000] {processor.py:161} INFO - Started process (PID=629) to work on /home/airflow/.local/lib/python3.8/site-packages/airflow/example_dags/example_sensor_decorator.py
[2025-06-12T18:40:17.156+0000] {processor.py:830} INFO - Processing file /home/airflow/.local/lib/python3.8/site-packages/airflow/example_dags/example_sensor_decorator.py for tasks to queue
[2025-06-12T18:40:17.184+0000] {logging_mixin.py:188} INFO - [2025-06-12T18:40:17.177+0000] {dagbag.py:538} INFO - Filling up the DagBag from /home/airflow/.local/lib/python3.8/site-packages/airflow/example_dags/example_sensor_decorator.py
[2025-06-12T18:40:17.221+0000] {processor.py:840} INFO - DAG(s) 'example_sensor_decorator' retrieved from /home/airflow/.local/lib/python3.8/site-packages/airflow/example_dags/example_sensor_decorator.py
[2025-06-12T18:40:31.147+0000] {logging_mixin.py:188} INFO - [2025-06-12T18:40:31.141+0000] {dag.py:3036} INFO - Sync 1 DAGs
[2025-06-12T18:40:31.173+0000] {logging_mixin.py:188} INFO - [2025-06-12T18:40:31.172+0000] {dag.py:3823} INFO - Setting next_dagrun for example_sensor_decorator to None, run_after=None
[2025-06-12T18:40:31.262+0000] {processor.py:183} INFO - Processing /home/airflow/.local/lib/python3.8/site-packages/airflow/example_dags/example_sensor_decorator.py took 14.144 seconds
[2025-06-12T18:46:13.223+0000] {processor.py:161} INFO - Started process (PID=695) to work on /home/airflow/.local/lib/python3.8/site-packages/airflow/example_dags/example_sensor_decorator.py
[2025-06-12T18:46:13.227+0000] {processor.py:830} INFO - Processing file /home/airflow/.local/lib/python3.8/site-packages/airflow/example_dags/example_sensor_decorator.py for tasks to queue
[2025-06-12T18:46:13.230+0000] {logging_mixin.py:188} INFO - [2025-06-12T18:46:13.229+0000] {dagbag.py:538} INFO - Filling up the DagBag from /home/airflow/.local/lib/python3.8/site-packages/airflow/example_dags/example_sensor_decorator.py
[2025-06-12T18:46:13.246+0000] {processor.py:840} INFO - DAG(s) 'example_sensor_decorator' retrieved from /home/airflow/.local/lib/python3.8/site-packages/airflow/example_dags/example_sensor_decorator.py
[2025-06-12T18:46:13.341+0000] {logging_mixin.py:188} INFO - [2025-06-12T18:46:13.341+0000] {dag.py:3036} INFO - Sync 1 DAGs
[2025-06-12T18:46:13.371+0000] {logging_mixin.py:188} INFO - [2025-06-12T18:46:13.370+0000] {dag.py:3823} INFO - Setting next_dagrun for example_sensor_decorator to None, run_after=None
[2025-06-12T18:46:13.427+0000] {processor.py:183} INFO - Processing /home/airflow/.local/lib/python3.8/site-packages/airflow/example_dags/example_sensor_decorator.py took 0.212 seconds
[2025-06-12T18:46:43.713+0000] {processor.py:161} INFO - Started process (PID=750) to work on /home/airflow/.local/lib/python3.8/site-packages/airflow/example_dags/example_sensor_decorator.py
[2025-06-12T18:46:43.715+0000] {processor.py:830} INFO - Processing file /home/airflow/.local/lib/python3.8/site-packages/airflow/example_dags/example_sensor_decorator.py for tasks to queue
[2025-06-12T18:46:43.717+0000] {logging_mixin.py:188} INFO - [2025-06-12T18:46:43.716+0000] {dagbag.py:538} INFO - Filling up the DagBag from /home/airflow/.local/lib/python3.8/site-packages/airflow/example_dags/example_sensor_decorator.py
[2025-06-12T18:46:43.729+0000] {processor.py:840} INFO - DAG(s) 'example_sensor_decorator' retrieved from /home/airflow/.local/lib/python3.8/site-packages/airflow/example_dags/example_sensor_decorator.py
[2025-06-12T18:46:43.778+0000] {logging_mixin.py:188} INFO - [2025-06-12T18:46:43.777+0000] {dag.py:3036} INFO - Sync 1 DAGs
[2025-06-12T18:46:43.800+0000] {logging_mixin.py:188} INFO - [2025-06-12T18:46:43.800+0000] {dag.py:3823} INFO - Setting next_dagrun for example_sensor_decorator to None, run_after=None
[2025-06-12T18:46:43.847+0000] {processor.py:183} INFO - Processing /home/airflow/.local/lib/python3.8/site-packages/airflow/example_dags/example_sensor_decorator.py took 0.140 seconds
[2025-06-12T18:47:14.451+0000] {processor.py:161} INFO - Started process (PID=803) to work on /home/airflow/.local/lib/python3.8/site-packages/airflow/example_dags/example_sensor_decorator.py
[2025-06-12T18:47:14.454+0000] {processor.py:830} INFO - Processing file /home/airflow/.local/lib/python3.8/site-packages/airflow/example_dags/example_sensor_decorator.py for tasks to queue
[2025-06-12T18:47:14.458+0000] {logging_mixin.py:188} INFO - [2025-06-12T18:47:14.457+0000] {dagbag.py:538} INFO - Filling up the DagBag from /home/airflow/.local/lib/python3.8/site-packages/airflow/example_dags/example_sensor_decorator.py
[2025-06-12T18:47:14.473+0000] {processor.py:840} INFO - DAG(s) 'example_sensor_decorator' retrieved from /home/airflow/.local/lib/python3.8/site-packages/airflow/example_dags/example_sensor_decorator.py
[2025-06-12T18:47:14.507+0000] {logging_mixin.py:188} INFO - [2025-06-12T18:47:14.507+0000] {dag.py:3036} INFO - Sync 1 DAGs
[2025-06-12T18:47:14.526+0000] {logging_mixin.py:188} INFO - [2025-06-12T18:47:14.526+0000] {dag.py:3823} INFO - Setting next_dagrun for example_sensor_decorator to None, run_after=None
[2025-06-12T18:47:14.556+0000] {processor.py:183} INFO - Processing /home/airflow/.local/lib/python3.8/site-packages/airflow/example_dags/example_sensor_decorator.py took 0.114 seconds
[2025-06-12T18:47:44.703+0000] {processor.py:161} INFO - Started process (PID=858) to work on /home/airflow/.local/lib/python3.8/site-packages/airflow/example_dags/example_sensor_decorator.py
[2025-06-12T18:47:44.706+0000] {processor.py:830} INFO - Processing file /home/airflow/.local/lib/python3.8/site-packages/airflow/example_dags/example_sensor_decorator.py for tasks to queue
[2025-06-12T18:47:44.709+0000] {logging_mixin.py:188} INFO - [2025-06-12T18:47:44.708+0000] {dagbag.py:538} INFO - Filling up the DagBag from /home/airflow/.local/lib/python3.8/site-packages/airflow/example_dags/example_sensor_decorator.py
[2025-06-12T18:47:44.720+0000] {processor.py:840} INFO - DAG(s) 'example_sensor_decorator' retrieved from /home/airflow/.local/lib/python3.8/site-packages/airflow/example_dags/example_sensor_decorator.py
[2025-06-12T18:47:44.759+0000] {logging_mixin.py:188} INFO - [2025-06-12T18:47:44.758+0000] {dag.py:3036} INFO - Sync 1 DAGs
[2025-06-12T18:47:44.777+0000] {logging_mixin.py:188} INFO - [2025-06-12T18:47:44.777+0000] {dag.py:3823} INFO - Setting next_dagrun for example_sensor_decorator to None, run_after=None
[2025-06-12T18:47:44.812+0000] {processor.py:183} INFO - Processing /home/airflow/.local/lib/python3.8/site-packages/airflow/example_dags/example_sensor_decorator.py took 0.116 seconds
[2025-06-12T18:48:16.667+0000] {processor.py:161} INFO - Started process (PID=913) to work on /home/airflow/.local/lib/python3.8/site-packages/airflow/example_dags/example_sensor_decorator.py
[2025-06-12T18:48:16.673+0000] {processor.py:830} INFO - Processing file /home/airflow/.local/lib/python3.8/site-packages/airflow/example_dags/example_sensor_decorator.py for tasks to queue
[2025-06-12T18:48:16.679+0000] {logging_mixin.py:188} INFO - [2025-06-12T18:48:16.675+0000] {dagbag.py:538} INFO - Filling up the DagBag from /home/airflow/.local/lib/python3.8/site-packages/airflow/example_dags/example_sensor_decorator.py
[2025-06-12T18:48:16.791+0000] {processor.py:840} INFO - DAG(s) 'example_sensor_decorator' retrieved from /home/airflow/.local/lib/python3.8/site-packages/airflow/example_dags/example_sensor_decorator.py
[2025-06-12T18:48:16.901+0000] {logging_mixin.py:188} INFO - [2025-06-12T18:48:16.900+0000] {dag.py:3036} INFO - Sync 1 DAGs
[2025-06-12T18:48:17.016+0000] {logging_mixin.py:188} INFO - [2025-06-12T18:48:17.015+0000] {dag.py:3823} INFO - Setting next_dagrun for example_sensor_decorator to None, run_after=None
[2025-06-12T18:48:17.226+0000] {processor.py:183} INFO - Processing /home/airflow/.local/lib/python3.8/site-packages/airflow/example_dags/example_sensor_decorator.py took 0.575 seconds
[2025-06-12T18:48:47.588+0000] {processor.py:161} INFO - Started process (PID=968) to work on /home/airflow/.local/lib/python3.8/site-packages/airflow/example_dags/example_sensor_decorator.py
[2025-06-12T18:48:47.590+0000] {processor.py:830} INFO - Processing file /home/airflow/.local/lib/python3.8/site-packages/airflow/example_dags/example_sensor_decorator.py for tasks to queue
[2025-06-12T18:48:47.592+0000] {logging_mixin.py:188} INFO - [2025-06-12T18:48:47.591+0000] {dagbag.py:538} INFO - Filling up the DagBag from /home/airflow/.local/lib/python3.8/site-packages/airflow/example_dags/example_sensor_decorator.py
[2025-06-12T18:48:47.605+0000] {processor.py:840} INFO - DAG(s) 'example_sensor_decorator' retrieved from /home/airflow/.local/lib/python3.8/site-packages/airflow/example_dags/example_sensor_decorator.py
[2025-06-12T18:48:47.644+0000] {logging_mixin.py:188} INFO - [2025-06-12T18:48:47.644+0000] {dag.py:3036} INFO - Sync 1 DAGs
[2025-06-12T18:48:47.667+0000] {logging_mixin.py:188} INFO - [2025-06-12T18:48:47.667+0000] {dag.py:3823} INFO - Setting next_dagrun for example_sensor_decorator to None, run_after=None
[2025-06-12T18:48:47.702+0000] {processor.py:183} INFO - Processing /home/airflow/.local/lib/python3.8/site-packages/airflow/example_dags/example_sensor_decorator.py took 0.120 seconds
[2025-06-12T18:49:17.896+0000] {processor.py:161} INFO - Started process (PID=1023) to work on /home/airflow/.local/lib/python3.8/site-packages/airflow/example_dags/example_sensor_decorator.py
[2025-06-12T18:49:17.898+0000] {processor.py:830} INFO - Processing file /home/airflow/.local/lib/python3.8/site-packages/airflow/example_dags/example_sensor_decorator.py for tasks to queue
[2025-06-12T18:49:17.901+0000] {logging_mixin.py:188} INFO - [2025-06-12T18:49:17.900+0000] {dagbag.py:538} INFO - Filling up the DagBag from /home/airflow/.local/lib/python3.8/site-packages/airflow/example_dags/example_sensor_decorator.py
[2025-06-12T18:49:17.916+0000] {processor.py:840} INFO - DAG(s) 'example_sensor_decorator' retrieved from /home/airflow/.local/lib/python3.8/site-packages/airflow/example_dags/example_sensor_decorator.py
[2025-06-12T18:49:17.961+0000] {logging_mixin.py:188} INFO - [2025-06-12T18:49:17.960+0000] {dag.py:3036} INFO - Sync 1 DAGs
[2025-06-12T18:49:17.985+0000] {logging_mixin.py:188} INFO - [2025-06-12T18:49:17.985+0000] {dag.py:3823} INFO - Setting next_dagrun for example_sensor_decorator to None, run_after=None
[2025-06-12T18:49:18.024+0000] {processor.py:183} INFO - Processing /home/airflow/.local/lib/python3.8/site-packages/airflow/example_dags/example_sensor_decorator.py took 0.134 seconds
[2025-06-12T18:49:48.791+0000] {processor.py:161} INFO - Started process (PID=1078) to work on /home/airflow/.local/lib/python3.8/site-packages/airflow/example_dags/example_sensor_decorator.py
[2025-06-12T18:49:48.793+0000] {processor.py:830} INFO - Processing file /home/airflow/.local/lib/python3.8/site-packages/airflow/example_dags/example_sensor_decorator.py for tasks to queue
[2025-06-12T18:49:48.797+0000] {logging_mixin.py:188} INFO - [2025-06-12T18:49:48.796+0000] {dagbag.py:538} INFO - Filling up the DagBag from /home/airflow/.local/lib/python3.8/site-packages/airflow/example_dags/example_sensor_decorator.py
[2025-06-12T18:49:48.813+0000] {processor.py:840} INFO - DAG(s) 'example_sensor_decorator' retrieved from /home/airflow/.local/lib/python3.8/site-packages/airflow/example_dags/example_sensor_decorator.py
[2025-06-12T18:49:48.861+0000] {logging_mixin.py:188} INFO - [2025-06-12T18:49:48.860+0000] {dag.py:3036} INFO - Sync 1 DAGs
[2025-06-12T18:49:48.881+0000] {logging_mixin.py:188} INFO - [2025-06-12T18:49:48.881+0000] {dag.py:3823} INFO - Setting next_dagrun for example_sensor_decorator to None, run_after=None
[2025-06-12T18:49:48.918+0000] {processor.py:183} INFO - Processing /home/airflow/.local/lib/python3.8/site-packages/airflow/example_dags/example_sensor_decorator.py took 0.135 seconds
[2025-06-12T18:50:19.376+0000] {processor.py:161} INFO - Started process (PID=1133) to work on /home/airflow/.local/lib/python3.8/site-packages/airflow/example_dags/example_sensor_decorator.py
[2025-06-12T18:50:19.379+0000] {processor.py:830} INFO - Processing file /home/airflow/.local/lib/python3.8/site-packages/airflow/example_dags/example_sensor_decorator.py for tasks to queue
[2025-06-12T18:50:19.380+0000] {logging_mixin.py:188} INFO - [2025-06-12T18:50:19.380+0000] {dagbag.py:538} INFO - Filling up the DagBag from /home/airflow/.local/lib/python3.8/site-packages/airflow/example_dags/example_sensor_decorator.py
[2025-06-12T18:50:19.391+0000] {processor.py:840} INFO - DAG(s) 'example_sensor_decorator' retrieved from /home/airflow/.local/lib/python3.8/site-packages/airflow/example_dags/example_sensor_decorator.py
[2025-06-12T18:50:19.433+0000] {logging_mixin.py:188} INFO - [2025-06-12T18:50:19.432+0000] {dag.py:3036} INFO - Sync 1 DAGs
[2025-06-12T18:50:19.453+0000] {logging_mixin.py:188} INFO - [2025-06-12T18:50:19.453+0000] {dag.py:3823} INFO - Setting next_dagrun for example_sensor_decorator to None, run_after=None
[2025-06-12T18:50:19.491+0000] {processor.py:183} INFO - Processing /home/airflow/.local/lib/python3.8/site-packages/airflow/example_dags/example_sensor_decorator.py took 0.121 seconds
[2025-06-12T18:50:49.600+0000] {processor.py:161} INFO - Started process (PID=1188) to work on /home/airflow/.local/lib/python3.8/site-packages/airflow/example_dags/example_sensor_decorator.py
[2025-06-12T18:50:49.602+0000] {processor.py:830} INFO - Processing file /home/airflow/.local/lib/python3.8/site-packages/airflow/example_dags/example_sensor_decorator.py for tasks to queue
[2025-06-12T18:50:49.604+0000] {logging_mixin.py:188} INFO - [2025-06-12T18:50:49.603+0000] {dagbag.py:538} INFO - Filling up the DagBag from /home/airflow/.local/lib/python3.8/site-packages/airflow/example_dags/example_sensor_decorator.py
[2025-06-12T18:50:49.617+0000] {processor.py:840} INFO - DAG(s) 'example_sensor_decorator' retrieved from /home/airflow/.local/lib/python3.8/site-packages/airflow/example_dags/example_sensor_decorator.py
[2025-06-12T18:50:49.657+0000] {logging_mixin.py:188} INFO - [2025-06-12T18:50:49.656+0000] {dag.py:3036} INFO - Sync 1 DAGs
[2025-06-12T18:50:49.676+0000] {logging_mixin.py:188} INFO - [2025-06-12T18:50:49.675+0000] {dag.py:3823} INFO - Setting next_dagrun for example_sensor_decorator to None, run_after=None
[2025-06-12T18:50:49.711+0000] {processor.py:183} INFO - Processing /home/airflow/.local/lib/python3.8/site-packages/airflow/example_dags/example_sensor_decorator.py took 0.118 seconds
[2025-06-12T18:51:19.970+0000] {processor.py:161} INFO - Started process (PID=1243) to work on /home/airflow/.local/lib/python3.8/site-packages/airflow/example_dags/example_sensor_decorator.py
[2025-06-12T18:51:19.972+0000] {processor.py:830} INFO - Processing file /home/airflow/.local/lib/python3.8/site-packages/airflow/example_dags/example_sensor_decorator.py for tasks to queue
[2025-06-12T18:51:19.974+0000] {logging_mixin.py:188} INFO - [2025-06-12T18:51:19.973+0000] {dagbag.py:538} INFO - Filling up the DagBag from /home/airflow/.local/lib/python3.8/site-packages/airflow/example_dags/example_sensor_decorator.py
[2025-06-12T18:51:19.984+0000] {processor.py:840} INFO - DAG(s) 'example_sensor_decorator' retrieved from /home/airflow/.local/lib/python3.8/site-packages/airflow/example_dags/example_sensor_decorator.py
[2025-06-12T18:51:20.021+0000] {logging_mixin.py:188} INFO - [2025-06-12T18:51:20.020+0000] {dag.py:3036} INFO - Sync 1 DAGs
[2025-06-12T18:51:20.038+0000] {logging_mixin.py:188} INFO - [2025-06-12T18:51:20.038+0000] {dag.py:3823} INFO - Setting next_dagrun for example_sensor_decorator to None, run_after=None
[2025-06-12T18:51:20.072+0000] {processor.py:183} INFO - Processing /home/airflow/.local/lib/python3.8/site-packages/airflow/example_dags/example_sensor_decorator.py took 0.107 seconds
[2025-06-12T18:51:50.810+0000] {processor.py:161} INFO - Started process (PID=1299) to work on /home/airflow/.local/lib/python3.8/site-packages/airflow/example_dags/example_sensor_decorator.py
[2025-06-12T18:51:50.812+0000] {processor.py:830} INFO - Processing file /home/airflow/.local/lib/python3.8/site-packages/airflow/example_dags/example_sensor_decorator.py for tasks to queue
[2025-06-12T18:51:50.813+0000] {logging_mixin.py:188} INFO - [2025-06-12T18:51:50.813+0000] {dagbag.py:538} INFO - Filling up the DagBag from /home/airflow/.local/lib/python3.8/site-packages/airflow/example_dags/example_sensor_decorator.py
[2025-06-12T18:51:50.826+0000] {processor.py:840} INFO - DAG(s) 'example_sensor_decorator' retrieved from /home/airflow/.local/lib/python3.8/site-packages/airflow/example_dags/example_sensor_decorator.py
[2025-06-12T18:51:50.861+0000] {logging_mixin.py:188} INFO - [2025-06-12T18:51:50.861+0000] {dag.py:3036} INFO - Sync 1 DAGs
[2025-06-12T18:51:50.878+0000] {logging_mixin.py:188} INFO - [2025-06-12T18:51:50.877+0000] {dag.py:3823} INFO - Setting next_dagrun for example_sensor_decorator to None, run_after=None
[2025-06-12T18:51:50.910+0000] {processor.py:183} INFO - Processing /home/airflow/.local/lib/python3.8/site-packages/airflow/example_dags/example_sensor_decorator.py took 0.106 seconds
[2025-06-12T18:52:22.334+0000] {processor.py:161} INFO - Started process (PID=1355) to work on /home/airflow/.local/lib/python3.8/site-packages/airflow/example_dags/example_sensor_decorator.py
[2025-06-12T18:52:22.336+0000] {processor.py:830} INFO - Processing file /home/airflow/.local/lib/python3.8/site-packages/airflow/example_dags/example_sensor_decorator.py for tasks to queue
[2025-06-12T18:52:22.340+0000] {logging_mixin.py:188} INFO - [2025-06-12T18:52:22.338+0000] {dagbag.py:538} INFO - Filling up the DagBag from /home/airflow/.local/lib/python3.8/site-packages/airflow/example_dags/example_sensor_decorator.py
[2025-06-12T18:52:22.360+0000] {processor.py:840} INFO - DAG(s) 'example_sensor_decorator' retrieved from /home/airflow/.local/lib/python3.8/site-packages/airflow/example_dags/example_sensor_decorator.py
[2025-06-12T18:52:22.674+0000] {logging_mixin.py:188} INFO - [2025-06-12T18:52:22.666+0000] {dag.py:3036} INFO - Sync 1 DAGs
[2025-06-12T18:52:22.724+0000] {logging_mixin.py:188} INFO - [2025-06-12T18:52:22.723+0000] {dag.py:3823} INFO - Setting next_dagrun for example_sensor_decorator to None, run_after=None
[2025-06-12T18:52:22.793+0000] {processor.py:183} INFO - Processing /home/airflow/.local/lib/python3.8/site-packages/airflow/example_dags/example_sensor_decorator.py took 0.468 seconds
[2025-06-12T18:52:53.560+0000] {processor.py:161} INFO - Started process (PID=1410) to work on /home/airflow/.local/lib/python3.8/site-packages/airflow/example_dags/example_sensor_decorator.py
[2025-06-12T18:52:53.562+0000] {processor.py:830} INFO - Processing file /home/airflow/.local/lib/python3.8/site-packages/airflow/example_dags/example_sensor_decorator.py for tasks to queue
[2025-06-12T18:52:53.564+0000] {logging_mixin.py:188} INFO - [2025-06-12T18:52:53.564+0000] {dagbag.py:538} INFO - Filling up the DagBag from /home/airflow/.local/lib/python3.8/site-packages/airflow/example_dags/example_sensor_decorator.py
[2025-06-12T18:52:53.577+0000] {processor.py:840} INFO - DAG(s) 'example_sensor_decorator' retrieved from /home/airflow/.local/lib/python3.8/site-packages/airflow/example_dags/example_sensor_decorator.py
[2025-06-12T18:52:53.612+0000] {logging_mixin.py:188} INFO - [2025-06-12T18:52:53.612+0000] {dag.py:3036} INFO - Sync 1 DAGs
[2025-06-12T18:52:53.629+0000] {logging_mixin.py:188} INFO - [2025-06-12T18:52:53.629+0000] {dag.py:3823} INFO - Setting next_dagrun for example_sensor_decorator to None, run_after=None
[2025-06-12T18:52:53.661+0000] {processor.py:183} INFO - Processing /home/airflow/.local/lib/python3.8/site-packages/airflow/example_dags/example_sensor_decorator.py took 0.107 seconds
[2025-06-12T18:53:24.504+0000] {processor.py:161} INFO - Started process (PID=1465) to work on /home/airflow/.local/lib/python3.8/site-packages/airflow/example_dags/example_sensor_decorator.py
[2025-06-12T18:53:24.506+0000] {processor.py:830} INFO - Processing file /home/airflow/.local/lib/python3.8/site-packages/airflow/example_dags/example_sensor_decorator.py for tasks to queue
[2025-06-12T18:53:24.508+0000] {logging_mixin.py:188} INFO - [2025-06-12T18:53:24.507+0000] {dagbag.py:538} INFO - Filling up the DagBag from /home/airflow/.local/lib/python3.8/site-packages/airflow/example_dags/example_sensor_decorator.py
[2025-06-12T18:53:24.521+0000] {processor.py:840} INFO - DAG(s) 'example_sensor_decorator' retrieved from /home/airflow/.local/lib/python3.8/site-packages/airflow/example_dags/example_sensor_decorator.py
[2025-06-12T18:53:24.563+0000] {logging_mixin.py:188} INFO - [2025-06-12T18:53:24.562+0000] {dag.py:3036} INFO - Sync 1 DAGs
[2025-06-12T18:53:24.583+0000] {logging_mixin.py:188} INFO - [2025-06-12T18:53:24.582+0000] {dag.py:3823} INFO - Setting next_dagrun for example_sensor_decorator to None, run_after=None
[2025-06-12T18:53:24.622+0000] {processor.py:183} INFO - Processing /home/airflow/.local/lib/python3.8/site-packages/airflow/example_dags/example_sensor_decorator.py took 0.125 seconds
[2025-06-12T18:53:54.835+0000] {processor.py:161} INFO - Started process (PID=1521) to work on /home/airflow/.local/lib/python3.8/site-packages/airflow/example_dags/example_sensor_decorator.py
[2025-06-12T18:53:54.837+0000] {processor.py:830} INFO - Processing file /home/airflow/.local/lib/python3.8/site-packages/airflow/example_dags/example_sensor_decorator.py for tasks to queue
[2025-06-12T18:53:54.840+0000] {logging_mixin.py:188} INFO - [2025-06-12T18:53:54.839+0000] {dagbag.py:538} INFO - Filling up the DagBag from /home/airflow/.local/lib/python3.8/site-packages/airflow/example_dags/example_sensor_decorator.py
[2025-06-12T18:53:54.851+0000] {processor.py:840} INFO - DAG(s) 'example_sensor_decorator' retrieved from /home/airflow/.local/lib/python3.8/site-packages/airflow/example_dags/example_sensor_decorator.py
[2025-06-12T18:53:54.894+0000] {logging_mixin.py:188} INFO - [2025-06-12T18:53:54.894+0000] {dag.py:3036} INFO - Sync 1 DAGs
[2025-06-12T18:53:54.916+0000] {logging_mixin.py:188} INFO - [2025-06-12T18:53:54.915+0000] {dag.py:3823} INFO - Setting next_dagrun for example_sensor_decorator to None, run_after=None
[2025-06-12T18:53:54.952+0000] {processor.py:183} INFO - Processing /home/airflow/.local/lib/python3.8/site-packages/airflow/example_dags/example_sensor_decorator.py took 0.123 seconds
[2025-06-12T18:54:25.452+0000] {processor.py:161} INFO - Started process (PID=1576) to work on /home/airflow/.local/lib/python3.8/site-packages/airflow/example_dags/example_sensor_decorator.py
[2025-06-12T18:54:25.454+0000] {processor.py:830} INFO - Processing file /home/airflow/.local/lib/python3.8/site-packages/airflow/example_dags/example_sensor_decorator.py for tasks to queue
[2025-06-12T18:54:25.457+0000] {logging_mixin.py:188} INFO - [2025-06-12T18:54:25.456+0000] {dagbag.py:538} INFO - Filling up the DagBag from /home/airflow/.local/lib/python3.8/site-packages/airflow/example_dags/example_sensor_decorator.py
[2025-06-12T18:54:25.472+0000] {processor.py:840} INFO - DAG(s) 'example_sensor_decorator' retrieved from /home/airflow/.local/lib/python3.8/site-packages/airflow/example_dags/example_sensor_decorator.py
[2025-06-12T18:54:25.515+0000] {logging_mixin.py:188} INFO - [2025-06-12T18:54:25.515+0000] {dag.py:3036} INFO - Sync 1 DAGs
[2025-06-12T18:54:25.566+0000] {logging_mixin.py:188} INFO - [2025-06-12T18:54:25.565+0000] {dag.py:3823} INFO - Setting next_dagrun for example_sensor_decorator to None, run_after=None
[2025-06-12T18:54:25.624+0000] {processor.py:183} INFO - Processing /home/airflow/.local/lib/python3.8/site-packages/airflow/example_dags/example_sensor_decorator.py took 0.178 seconds
[2025-06-12T18:54:56.243+0000] {processor.py:161} INFO - Started process (PID=1631) to work on /home/airflow/.local/lib/python3.8/site-packages/airflow/example_dags/example_sensor_decorator.py
[2025-06-12T18:54:56.245+0000] {processor.py:830} INFO - Processing file /home/airflow/.local/lib/python3.8/site-packages/airflow/example_dags/example_sensor_decorator.py for tasks to queue
[2025-06-12T18:54:56.248+0000] {logging_mixin.py:188} INFO - [2025-06-12T18:54:56.247+0000] {dagbag.py:538} INFO - Filling up the DagBag from /home/airflow/.local/lib/python3.8/site-packages/airflow/example_dags/example_sensor_decorator.py
[2025-06-12T18:54:56.263+0000] {processor.py:840} INFO - DAG(s) 'example_sensor_decorator' retrieved from /home/airflow/.local/lib/python3.8/site-packages/airflow/example_dags/example_sensor_decorator.py
[2025-06-12T18:54:56.311+0000] {logging_mixin.py:188} INFO - [2025-06-12T18:54:56.311+0000] {dag.py:3036} INFO - Sync 1 DAGs
[2025-06-12T18:54:56.335+0000] {logging_mixin.py:188} INFO - [2025-06-12T18:54:56.335+0000] {dag.py:3823} INFO - Setting next_dagrun for example_sensor_decorator to None, run_after=None
[2025-06-12T18:54:56.376+0000] {processor.py:183} INFO - Processing /home/airflow/.local/lib/python3.8/site-packages/airflow/example_dags/example_sensor_decorator.py took 0.142 seconds
[2025-06-12T18:55:26.443+0000] {processor.py:161} INFO - Started process (PID=1686) to work on /home/airflow/.local/lib/python3.8/site-packages/airflow/example_dags/example_sensor_decorator.py
[2025-06-12T18:55:26.445+0000] {processor.py:830} INFO - Processing file /home/airflow/.local/lib/python3.8/site-packages/airflow/example_dags/example_sensor_decorator.py for tasks to queue
[2025-06-12T18:55:26.447+0000] {logging_mixin.py:188} INFO - [2025-06-12T18:55:26.447+0000] {dagbag.py:538} INFO - Filling up the DagBag from /home/airflow/.local/lib/python3.8/site-packages/airflow/example_dags/example_sensor_decorator.py
[2025-06-12T18:55:26.458+0000] {processor.py:840} INFO - DAG(s) 'example_sensor_decorator' retrieved from /home/airflow/.local/lib/python3.8/site-packages/airflow/example_dags/example_sensor_decorator.py
[2025-06-12T18:55:26.510+0000] {logging_mixin.py:188} INFO - [2025-06-12T18:55:26.509+0000] {dag.py:3036} INFO - Sync 1 DAGs
[2025-06-12T18:55:26.529+0000] {logging_mixin.py:188} INFO - [2025-06-12T18:55:26.529+0000] {dag.py:3823} INFO - Setting next_dagrun for example_sensor_decorator to None, run_after=None
[2025-06-12T18:55:26.563+0000] {processor.py:183} INFO - Processing /home/airflow/.local/lib/python3.8/site-packages/airflow/example_dags/example_sensor_decorator.py took 0.125 seconds
[2025-06-12T18:55:57.235+0000] {processor.py:161} INFO - Started process (PID=1741) to work on /home/airflow/.local/lib/python3.8/site-packages/airflow/example_dags/example_sensor_decorator.py
[2025-06-12T18:55:57.237+0000] {processor.py:830} INFO - Processing file /home/airflow/.local/lib/python3.8/site-packages/airflow/example_dags/example_sensor_decorator.py for tasks to queue
[2025-06-12T18:55:57.239+0000] {logging_mixin.py:188} INFO - [2025-06-12T18:55:57.239+0000] {dagbag.py:538} INFO - Filling up the DagBag from /home/airflow/.local/lib/python3.8/site-packages/airflow/example_dags/example_sensor_decorator.py
[2025-06-12T18:55:57.251+0000] {processor.py:840} INFO - DAG(s) 'example_sensor_decorator' retrieved from /home/airflow/.local/lib/python3.8/site-packages/airflow/example_dags/example_sensor_decorator.py
[2025-06-12T18:55:57.293+0000] {logging_mixin.py:188} INFO - [2025-06-12T18:55:57.292+0000] {dag.py:3036} INFO - Sync 1 DAGs
[2025-06-12T18:55:57.313+0000] {logging_mixin.py:188} INFO - [2025-06-12T18:55:57.313+0000] {dag.py:3823} INFO - Setting next_dagrun for example_sensor_decorator to None, run_after=None
[2025-06-12T18:55:57.350+0000] {processor.py:183} INFO - Processing /home/airflow/.local/lib/python3.8/site-packages/airflow/example_dags/example_sensor_decorator.py took 0.121 seconds
[2025-06-12T18:56:27.889+0000] {processor.py:161} INFO - Started process (PID=1796) to work on /home/airflow/.local/lib/python3.8/site-packages/airflow/example_dags/example_sensor_decorator.py
[2025-06-12T18:56:27.893+0000] {processor.py:830} INFO - Processing file /home/airflow/.local/lib/python3.8/site-packages/airflow/example_dags/example_sensor_decorator.py for tasks to queue
[2025-06-12T18:56:27.897+0000] {logging_mixin.py:188} INFO - [2025-06-12T18:56:27.896+0000] {dagbag.py:538} INFO - Filling up the DagBag from /home/airflow/.local/lib/python3.8/site-packages/airflow/example_dags/example_sensor_decorator.py
[2025-06-12T18:56:27.911+0000] {processor.py:840} INFO - DAG(s) 'example_sensor_decorator' retrieved from /home/airflow/.local/lib/python3.8/site-packages/airflow/example_dags/example_sensor_decorator.py
[2025-06-12T18:56:27.949+0000] {logging_mixin.py:188} INFO - [2025-06-12T18:56:27.949+0000] {dag.py:3036} INFO - Sync 1 DAGs
[2025-06-12T18:56:27.967+0000] {logging_mixin.py:188} INFO - [2025-06-12T18:56:27.967+0000] {dag.py:3823} INFO - Setting next_dagrun for example_sensor_decorator to None, run_after=None
[2025-06-12T18:56:28.000+0000] {processor.py:183} INFO - Processing /home/airflow/.local/lib/python3.8/site-packages/airflow/example_dags/example_sensor_decorator.py took 0.119 seconds
[2025-06-12T18:56:58.405+0000] {processor.py:161} INFO - Started process (PID=1851) to work on /home/airflow/.local/lib/python3.8/site-packages/airflow/example_dags/example_sensor_decorator.py
[2025-06-12T18:56:58.407+0000] {processor.py:830} INFO - Processing file /home/airflow/.local/lib/python3.8/site-packages/airflow/example_dags/example_sensor_decorator.py for tasks to queue
[2025-06-12T18:56:58.410+0000] {logging_mixin.py:188} INFO - [2025-06-12T18:56:58.409+0000] {dagbag.py:538} INFO - Filling up the DagBag from /home/airflow/.local/lib/python3.8/site-packages/airflow/example_dags/example_sensor_decorator.py
[2025-06-12T18:56:58.423+0000] {processor.py:840} INFO - DAG(s) 'example_sensor_decorator' retrieved from /home/airflow/.local/lib/python3.8/site-packages/airflow/example_dags/example_sensor_decorator.py
[2025-06-12T18:56:58.468+0000] {logging_mixin.py:188} INFO - [2025-06-12T18:56:58.467+0000] {dag.py:3036} INFO - Sync 1 DAGs
[2025-06-12T18:56:58.492+0000] {logging_mixin.py:188} INFO - [2025-06-12T18:56:58.492+0000] {dag.py:3823} INFO - Setting next_dagrun for example_sensor_decorator to None, run_after=None
[2025-06-12T18:56:58.529+0000] {processor.py:183} INFO - Processing /home/airflow/.local/lib/python3.8/site-packages/airflow/example_dags/example_sensor_decorator.py took 0.132 seconds
[2025-06-12T18:57:40.708+0000] {processor.py:161} INFO - Started process (PID=1907) to work on /home/airflow/.local/lib/python3.8/site-packages/airflow/example_dags/example_sensor_decorator.py
[2025-06-12T18:57:40.711+0000] {processor.py:830} INFO - Processing file /home/airflow/.local/lib/python3.8/site-packages/airflow/example_dags/example_sensor_decorator.py for tasks to queue
[2025-06-12T18:57:40.713+0000] {logging_mixin.py:188} INFO - [2025-06-12T18:57:40.712+0000] {dagbag.py:538} INFO - Filling up the DagBag from /home/airflow/.local/lib/python3.8/site-packages/airflow/example_dags/example_sensor_decorator.py
[2025-06-12T18:57:40.733+0000] {processor.py:840} INFO - DAG(s) 'example_sensor_decorator' retrieved from /home/airflow/.local/lib/python3.8/site-packages/airflow/example_dags/example_sensor_decorator.py
[2025-06-12T18:57:40.783+0000] {logging_mixin.py:188} INFO - [2025-06-12T18:57:40.783+0000] {dag.py:3036} INFO - Sync 1 DAGs
[2025-06-12T18:57:40.805+0000] {logging_mixin.py:188} INFO - [2025-06-12T18:57:40.804+0000] {dag.py:3823} INFO - Setting next_dagrun for example_sensor_decorator to None, run_after=None
[2025-06-12T18:57:40.836+0000] {processor.py:183} INFO - Processing /home/airflow/.local/lib/python3.8/site-packages/airflow/example_dags/example_sensor_decorator.py took 0.145 seconds
[2025-06-12T18:58:11.260+0000] {processor.py:161} INFO - Started process (PID=1962) to work on /home/airflow/.local/lib/python3.8/site-packages/airflow/example_dags/example_sensor_decorator.py
[2025-06-12T18:58:11.263+0000] {processor.py:830} INFO - Processing file /home/airflow/.local/lib/python3.8/site-packages/airflow/example_dags/example_sensor_decorator.py for tasks to queue
[2025-06-12T18:58:11.265+0000] {logging_mixin.py:188} INFO - [2025-06-12T18:58:11.264+0000] {dagbag.py:538} INFO - Filling up the DagBag from /home/airflow/.local/lib/python3.8/site-packages/airflow/example_dags/example_sensor_decorator.py
[2025-06-12T18:58:11.276+0000] {processor.py:840} INFO - DAG(s) 'example_sensor_decorator' retrieved from /home/airflow/.local/lib/python3.8/site-packages/airflow/example_dags/example_sensor_decorator.py
[2025-06-12T18:58:11.319+0000] {logging_mixin.py:188} INFO - [2025-06-12T18:58:11.318+0000] {dag.py:3036} INFO - Sync 1 DAGs
[2025-06-12T18:58:11.339+0000] {logging_mixin.py:188} INFO - [2025-06-12T18:58:11.338+0000] {dag.py:3823} INFO - Setting next_dagrun for example_sensor_decorator to None, run_after=None
[2025-06-12T18:58:11.382+0000] {processor.py:183} INFO - Processing /home/airflow/.local/lib/python3.8/site-packages/airflow/example_dags/example_sensor_decorator.py took 0.127 seconds
[2025-06-12T18:58:41.886+0000] {processor.py:161} INFO - Started process (PID=2017) to work on /home/airflow/.local/lib/python3.8/site-packages/airflow/example_dags/example_sensor_decorator.py
[2025-06-12T18:58:41.888+0000] {processor.py:830} INFO - Processing file /home/airflow/.local/lib/python3.8/site-packages/airflow/example_dags/example_sensor_decorator.py for tasks to queue
[2025-06-12T18:58:41.891+0000] {logging_mixin.py:188} INFO - [2025-06-12T18:58:41.890+0000] {dagbag.py:538} INFO - Filling up the DagBag from /home/airflow/.local/lib/python3.8/site-packages/airflow/example_dags/example_sensor_decorator.py
[2025-06-12T18:58:41.904+0000] {processor.py:840} INFO - DAG(s) 'example_sensor_decorator' retrieved from /home/airflow/.local/lib/python3.8/site-packages/airflow/example_dags/example_sensor_decorator.py
[2025-06-12T18:58:41.957+0000] {logging_mixin.py:188} INFO - [2025-06-12T18:58:41.957+0000] {dag.py:3036} INFO - Sync 1 DAGs
[2025-06-12T18:58:41.981+0000] {logging_mixin.py:188} INFO - [2025-06-12T18:58:41.980+0000] {dag.py:3823} INFO - Setting next_dagrun for example_sensor_decorator to None, run_after=None
[2025-06-12T18:58:42.017+0000] {processor.py:183} INFO - Processing /home/airflow/.local/lib/python3.8/site-packages/airflow/example_dags/example_sensor_decorator.py took 0.139 seconds
[2025-06-12T18:59:12.627+0000] {processor.py:161} INFO - Started process (PID=2070) to work on /home/airflow/.local/lib/python3.8/site-packages/airflow/example_dags/example_sensor_decorator.py
[2025-06-12T18:59:12.631+0000] {processor.py:830} INFO - Processing file /home/airflow/.local/lib/python3.8/site-packages/airflow/example_dags/example_sensor_decorator.py for tasks to queue
[2025-06-12T18:59:12.634+0000] {logging_mixin.py:188} INFO - [2025-06-12T18:59:12.633+0000] {dagbag.py:538} INFO - Filling up the DagBag from /home/airflow/.local/lib/python3.8/site-packages/airflow/example_dags/example_sensor_decorator.py
[2025-06-12T18:59:12.654+0000] {processor.py:840} INFO - DAG(s) 'example_sensor_decorator' retrieved from /home/airflow/.local/lib/python3.8/site-packages/airflow/example_dags/example_sensor_decorator.py
[2025-06-12T18:59:12.716+0000] {logging_mixin.py:188} INFO - [2025-06-12T18:59:12.716+0000] {dag.py:3036} INFO - Sync 1 DAGs
[2025-06-12T18:59:12.753+0000] {logging_mixin.py:188} INFO - [2025-06-12T18:59:12.753+0000] {dag.py:3823} INFO - Setting next_dagrun for example_sensor_decorator to None, run_after=None
[2025-06-12T18:59:12.815+0000] {processor.py:183} INFO - Processing /home/airflow/.local/lib/python3.8/site-packages/airflow/example_dags/example_sensor_decorator.py took 0.198 seconds
[2025-06-12T18:59:43.305+0000] {processor.py:161} INFO - Started process (PID=2125) to work on /home/airflow/.local/lib/python3.8/site-packages/airflow/example_dags/example_sensor_decorator.py
[2025-06-12T18:59:43.309+0000] {processor.py:830} INFO - Processing file /home/airflow/.local/lib/python3.8/site-packages/airflow/example_dags/example_sensor_decorator.py for tasks to queue
[2025-06-12T18:59:43.312+0000] {logging_mixin.py:188} INFO - [2025-06-12T18:59:43.311+0000] {dagbag.py:538} INFO - Filling up the DagBag from /home/airflow/.local/lib/python3.8/site-packages/airflow/example_dags/example_sensor_decorator.py
[2025-06-12T18:59:43.335+0000] {processor.py:840} INFO - DAG(s) 'example_sensor_decorator' retrieved from /home/airflow/.local/lib/python3.8/site-packages/airflow/example_dags/example_sensor_decorator.py
[2025-06-12T18:59:43.410+0000] {logging_mixin.py:188} INFO - [2025-06-12T18:59:43.409+0000] {dag.py:3036} INFO - Sync 1 DAGs
[2025-06-12T18:59:43.440+0000] {logging_mixin.py:188} INFO - [2025-06-12T18:59:43.439+0000] {dag.py:3823} INFO - Setting next_dagrun for example_sensor_decorator to None, run_after=None
[2025-06-12T18:59:43.491+0000] {processor.py:183} INFO - Processing /home/airflow/.local/lib/python3.8/site-packages/airflow/example_dags/example_sensor_decorator.py took 0.199 seconds
[2025-06-12T19:00:14.014+0000] {processor.py:161} INFO - Started process (PID=2180) to work on /home/airflow/.local/lib/python3.8/site-packages/airflow/example_dags/example_sensor_decorator.py
[2025-06-12T19:00:14.019+0000] {processor.py:830} INFO - Processing file /home/airflow/.local/lib/python3.8/site-packages/airflow/example_dags/example_sensor_decorator.py for tasks to queue
[2025-06-12T19:00:14.023+0000] {logging_mixin.py:188} INFO - [2025-06-12T19:00:14.022+0000] {dagbag.py:538} INFO - Filling up the DagBag from /home/airflow/.local/lib/python3.8/site-packages/airflow/example_dags/example_sensor_decorator.py
[2025-06-12T19:00:14.052+0000] {processor.py:840} INFO - DAG(s) 'example_sensor_decorator' retrieved from /home/airflow/.local/lib/python3.8/site-packages/airflow/example_dags/example_sensor_decorator.py
[2025-06-12T19:00:14.179+0000] {logging_mixin.py:188} INFO - [2025-06-12T19:00:14.178+0000] {dag.py:3036} INFO - Sync 1 DAGs
[2025-06-12T19:00:14.233+0000] {logging_mixin.py:188} INFO - [2025-06-12T19:00:14.232+0000] {dag.py:3823} INFO - Setting next_dagrun for example_sensor_decorator to None, run_after=None
[2025-06-12T19:00:14.303+0000] {processor.py:183} INFO - Processing /home/airflow/.local/lib/python3.8/site-packages/airflow/example_dags/example_sensor_decorator.py took 0.302 seconds
[2025-06-12T19:00:44.545+0000] {processor.py:161} INFO - Started process (PID=2236) to work on /home/airflow/.local/lib/python3.8/site-packages/airflow/example_dags/example_sensor_decorator.py
[2025-06-12T19:00:44.550+0000] {processor.py:830} INFO - Processing file /home/airflow/.local/lib/python3.8/site-packages/airflow/example_dags/example_sensor_decorator.py for tasks to queue
[2025-06-12T19:00:44.555+0000] {logging_mixin.py:188} INFO - [2025-06-12T19:00:44.554+0000] {dagbag.py:538} INFO - Filling up the DagBag from /home/airflow/.local/lib/python3.8/site-packages/airflow/example_dags/example_sensor_decorator.py
[2025-06-12T19:00:44.576+0000] {processor.py:840} INFO - DAG(s) 'example_sensor_decorator' retrieved from /home/airflow/.local/lib/python3.8/site-packages/airflow/example_dags/example_sensor_decorator.py
[2025-06-12T19:00:44.660+0000] {logging_mixin.py:188} INFO - [2025-06-12T19:00:44.659+0000] {dag.py:3036} INFO - Sync 1 DAGs
[2025-06-12T19:00:44.698+0000] {logging_mixin.py:188} INFO - [2025-06-12T19:00:44.698+0000] {dag.py:3823} INFO - Setting next_dagrun for example_sensor_decorator to None, run_after=None
[2025-06-12T19:00:44.747+0000] {processor.py:183} INFO - Processing /home/airflow/.local/lib/python3.8/site-packages/airflow/example_dags/example_sensor_decorator.py took 0.215 seconds
[2025-06-12T19:01:15.011+0000] {processor.py:161} INFO - Started process (PID=2291) to work on /home/airflow/.local/lib/python3.8/site-packages/airflow/example_dags/example_sensor_decorator.py
[2025-06-12T19:01:15.015+0000] {processor.py:830} INFO - Processing file /home/airflow/.local/lib/python3.8/site-packages/airflow/example_dags/example_sensor_decorator.py for tasks to queue
[2025-06-12T19:01:15.018+0000] {logging_mixin.py:188} INFO - [2025-06-12T19:01:15.017+0000] {dagbag.py:538} INFO - Filling up the DagBag from /home/airflow/.local/lib/python3.8/site-packages/airflow/example_dags/example_sensor_decorator.py
[2025-06-12T19:01:15.039+0000] {processor.py:840} INFO - DAG(s) 'example_sensor_decorator' retrieved from /home/airflow/.local/lib/python3.8/site-packages/airflow/example_dags/example_sensor_decorator.py
[2025-06-12T19:01:15.096+0000] {logging_mixin.py:188} INFO - [2025-06-12T19:01:15.095+0000] {dag.py:3036} INFO - Sync 1 DAGs
[2025-06-12T19:01:15.125+0000] {logging_mixin.py:188} INFO - [2025-06-12T19:01:15.124+0000] {dag.py:3823} INFO - Setting next_dagrun for example_sensor_decorator to None, run_after=None
[2025-06-12T19:01:15.170+0000] {processor.py:183} INFO - Processing /home/airflow/.local/lib/python3.8/site-packages/airflow/example_dags/example_sensor_decorator.py took 0.170 seconds
[2025-06-12T19:01:46.140+0000] {processor.py:161} INFO - Started process (PID=2346) to work on /home/airflow/.local/lib/python3.8/site-packages/airflow/example_dags/example_sensor_decorator.py
[2025-06-12T19:01:46.144+0000] {processor.py:830} INFO - Processing file /home/airflow/.local/lib/python3.8/site-packages/airflow/example_dags/example_sensor_decorator.py for tasks to queue
[2025-06-12T19:01:46.148+0000] {logging_mixin.py:188} INFO - [2025-06-12T19:01:46.146+0000] {dagbag.py:538} INFO - Filling up the DagBag from /home/airflow/.local/lib/python3.8/site-packages/airflow/example_dags/example_sensor_decorator.py
[2025-06-12T19:01:46.174+0000] {processor.py:840} INFO - DAG(s) 'example_sensor_decorator' retrieved from /home/airflow/.local/lib/python3.8/site-packages/airflow/example_dags/example_sensor_decorator.py
[2025-06-12T19:01:46.246+0000] {logging_mixin.py:188} INFO - [2025-06-12T19:01:46.246+0000] {dag.py:3036} INFO - Sync 1 DAGs
[2025-06-12T19:01:46.283+0000] {logging_mixin.py:188} INFO - [2025-06-12T19:01:46.282+0000] {dag.py:3823} INFO - Setting next_dagrun for example_sensor_decorator to None, run_after=None
[2025-06-12T19:01:46.343+0000] {processor.py:183} INFO - Processing /home/airflow/.local/lib/python3.8/site-packages/airflow/example_dags/example_sensor_decorator.py took 0.215 seconds
[2025-06-12T19:02:16.514+0000] {processor.py:161} INFO - Started process (PID=2401) to work on /home/airflow/.local/lib/python3.8/site-packages/airflow/example_dags/example_sensor_decorator.py
[2025-06-12T19:02:16.518+0000] {processor.py:830} INFO - Processing file /home/airflow/.local/lib/python3.8/site-packages/airflow/example_dags/example_sensor_decorator.py for tasks to queue
[2025-06-12T19:02:16.523+0000] {logging_mixin.py:188} INFO - [2025-06-12T19:02:16.521+0000] {dagbag.py:538} INFO - Filling up the DagBag from /home/airflow/.local/lib/python3.8/site-packages/airflow/example_dags/example_sensor_decorator.py
[2025-06-12T19:02:16.551+0000] {processor.py:840} INFO - DAG(s) 'example_sensor_decorator' retrieved from /home/airflow/.local/lib/python3.8/site-packages/airflow/example_dags/example_sensor_decorator.py
[2025-06-12T19:02:16.610+0000] {logging_mixin.py:188} INFO - [2025-06-12T19:02:16.610+0000] {dag.py:3036} INFO - Sync 1 DAGs
[2025-06-12T19:02:16.643+0000] {logging_mixin.py:188} INFO - [2025-06-12T19:02:16.642+0000] {dag.py:3823} INFO - Setting next_dagrun for example_sensor_decorator to None, run_after=None
[2025-06-12T19:02:16.690+0000] {processor.py:183} INFO - Processing /home/airflow/.local/lib/python3.8/site-packages/airflow/example_dags/example_sensor_decorator.py took 0.186 seconds
[2025-06-12T19:02:47.790+0000] {processor.py:161} INFO - Started process (PID=2457) to work on /home/airflow/.local/lib/python3.8/site-packages/airflow/example_dags/example_sensor_decorator.py
[2025-06-12T19:02:47.793+0000] {processor.py:830} INFO - Processing file /home/airflow/.local/lib/python3.8/site-packages/airflow/example_dags/example_sensor_decorator.py for tasks to queue
[2025-06-12T19:02:47.799+0000] {logging_mixin.py:188} INFO - [2025-06-12T19:02:47.797+0000] {dagbag.py:538} INFO - Filling up the DagBag from /home/airflow/.local/lib/python3.8/site-packages/airflow/example_dags/example_sensor_decorator.py
[2025-06-12T19:02:47.825+0000] {processor.py:840} INFO - DAG(s) 'example_sensor_decorator' retrieved from /home/airflow/.local/lib/python3.8/site-packages/airflow/example_dags/example_sensor_decorator.py
[2025-06-12T19:02:47.894+0000] {logging_mixin.py:188} INFO - [2025-06-12T19:02:47.894+0000] {dag.py:3036} INFO - Sync 1 DAGs
[2025-06-12T19:02:47.926+0000] {logging_mixin.py:188} INFO - [2025-06-12T19:02:47.925+0000] {dag.py:3823} INFO - Setting next_dagrun for example_sensor_decorator to None, run_after=None
[2025-06-12T19:02:47.979+0000] {processor.py:183} INFO - Processing /home/airflow/.local/lib/python3.8/site-packages/airflow/example_dags/example_sensor_decorator.py took 0.200 seconds
[2025-06-12T19:03:18.283+0000] {processor.py:161} INFO - Started process (PID=2512) to work on /home/airflow/.local/lib/python3.8/site-packages/airflow/example_dags/example_sensor_decorator.py
[2025-06-12T19:03:18.287+0000] {processor.py:830} INFO - Processing file /home/airflow/.local/lib/python3.8/site-packages/airflow/example_dags/example_sensor_decorator.py for tasks to queue
[2025-06-12T19:03:18.291+0000] {logging_mixin.py:188} INFO - [2025-06-12T19:03:18.290+0000] {dagbag.py:538} INFO - Filling up the DagBag from /home/airflow/.local/lib/python3.8/site-packages/airflow/example_dags/example_sensor_decorator.py
[2025-06-12T19:03:18.316+0000] {processor.py:840} INFO - DAG(s) 'example_sensor_decorator' retrieved from /home/airflow/.local/lib/python3.8/site-packages/airflow/example_dags/example_sensor_decorator.py
[2025-06-12T19:03:18.383+0000] {logging_mixin.py:188} INFO - [2025-06-12T19:03:18.383+0000] {dag.py:3036} INFO - Sync 1 DAGs
[2025-06-12T19:03:18.425+0000] {logging_mixin.py:188} INFO - [2025-06-12T19:03:18.424+0000] {dag.py:3823} INFO - Setting next_dagrun for example_sensor_decorator to None, run_after=None
[2025-06-12T19:03:18.481+0000] {processor.py:183} INFO - Processing /home/airflow/.local/lib/python3.8/site-packages/airflow/example_dags/example_sensor_decorator.py took 0.207 seconds
[2025-06-12T19:03:48.760+0000] {processor.py:161} INFO - Started process (PID=2567) to work on /home/airflow/.local/lib/python3.8/site-packages/airflow/example_dags/example_sensor_decorator.py
[2025-06-12T19:03:48.764+0000] {processor.py:830} INFO - Processing file /home/airflow/.local/lib/python3.8/site-packages/airflow/example_dags/example_sensor_decorator.py for tasks to queue
[2025-06-12T19:03:48.768+0000] {logging_mixin.py:188} INFO - [2025-06-12T19:03:48.766+0000] {dagbag.py:538} INFO - Filling up the DagBag from /home/airflow/.local/lib/python3.8/site-packages/airflow/example_dags/example_sensor_decorator.py
[2025-06-12T19:03:48.885+0000] {processor.py:840} INFO - DAG(s) 'example_sensor_decorator' retrieved from /home/airflow/.local/lib/python3.8/site-packages/airflow/example_dags/example_sensor_decorator.py
[2025-06-12T19:03:48.954+0000] {logging_mixin.py:188} INFO - [2025-06-12T19:03:48.954+0000] {dag.py:3036} INFO - Sync 1 DAGs
[2025-06-12T19:03:48.983+0000] {logging_mixin.py:188} INFO - [2025-06-12T19:03:48.982+0000] {dag.py:3823} INFO - Setting next_dagrun for example_sensor_decorator to None, run_after=None
[2025-06-12T19:03:49.029+0000] {processor.py:183} INFO - Processing /home/airflow/.local/lib/python3.8/site-packages/airflow/example_dags/example_sensor_decorator.py took 0.280 seconds
[2025-06-12T19:04:19.165+0000] {processor.py:161} INFO - Started process (PID=2621) to work on /home/airflow/.local/lib/python3.8/site-packages/airflow/example_dags/example_sensor_decorator.py
[2025-06-12T19:04:19.169+0000] {processor.py:830} INFO - Processing file /home/airflow/.local/lib/python3.8/site-packages/airflow/example_dags/example_sensor_decorator.py for tasks to queue
[2025-06-12T19:04:19.173+0000] {logging_mixin.py:188} INFO - [2025-06-12T19:04:19.172+0000] {dagbag.py:538} INFO - Filling up the DagBag from /home/airflow/.local/lib/python3.8/site-packages/airflow/example_dags/example_sensor_decorator.py
[2025-06-12T19:04:19.190+0000] {processor.py:840} INFO - DAG(s) 'example_sensor_decorator' retrieved from /home/airflow/.local/lib/python3.8/site-packages/airflow/example_dags/example_sensor_decorator.py
[2025-06-12T19:04:19.256+0000] {logging_mixin.py:188} INFO - [2025-06-12T19:04:19.255+0000] {dag.py:3036} INFO - Sync 1 DAGs
[2025-06-12T19:04:19.291+0000] {logging_mixin.py:188} INFO - [2025-06-12T19:04:19.290+0000] {dag.py:3823} INFO - Setting next_dagrun for example_sensor_decorator to None, run_after=None
[2025-06-12T19:04:19.344+0000] {processor.py:183} INFO - Processing /home/airflow/.local/lib/python3.8/site-packages/airflow/example_dags/example_sensor_decorator.py took 0.192 seconds
[2025-06-12T19:04:49.493+0000] {processor.py:161} INFO - Started process (PID=2677) to work on /home/airflow/.local/lib/python3.8/site-packages/airflow/example_dags/example_sensor_decorator.py
[2025-06-12T19:04:49.497+0000] {processor.py:830} INFO - Processing file /home/airflow/.local/lib/python3.8/site-packages/airflow/example_dags/example_sensor_decorator.py for tasks to queue
[2025-06-12T19:04:49.501+0000] {logging_mixin.py:188} INFO - [2025-06-12T19:04:49.500+0000] {dagbag.py:538} INFO - Filling up the DagBag from /home/airflow/.local/lib/python3.8/site-packages/airflow/example_dags/example_sensor_decorator.py
[2025-06-12T19:04:49.528+0000] {processor.py:840} INFO - DAG(s) 'example_sensor_decorator' retrieved from /home/airflow/.local/lib/python3.8/site-packages/airflow/example_dags/example_sensor_decorator.py
[2025-06-12T19:04:49.605+0000] {logging_mixin.py:188} INFO - [2025-06-12T19:04:49.605+0000] {dag.py:3036} INFO - Sync 1 DAGs
[2025-06-12T19:04:49.653+0000] {logging_mixin.py:188} INFO - [2025-06-12T19:04:49.652+0000] {dag.py:3823} INFO - Setting next_dagrun for example_sensor_decorator to None, run_after=None
[2025-06-12T19:04:49.730+0000] {processor.py:183} INFO - Processing /home/airflow/.local/lib/python3.8/site-packages/airflow/example_dags/example_sensor_decorator.py took 0.250 seconds
[2025-06-12T19:05:21.134+0000] {processor.py:161} INFO - Started process (PID=2733) to work on /home/airflow/.local/lib/python3.8/site-packages/airflow/example_dags/example_sensor_decorator.py
[2025-06-12T19:05:21.137+0000] {processor.py:830} INFO - Processing file /home/airflow/.local/lib/python3.8/site-packages/airflow/example_dags/example_sensor_decorator.py for tasks to queue
[2025-06-12T19:05:21.141+0000] {logging_mixin.py:188} INFO - [2025-06-12T19:05:21.140+0000] {dagbag.py:538} INFO - Filling up the DagBag from /home/airflow/.local/lib/python3.8/site-packages/airflow/example_dags/example_sensor_decorator.py
[2025-06-12T19:05:21.160+0000] {processor.py:840} INFO - DAG(s) 'example_sensor_decorator' retrieved from /home/airflow/.local/lib/python3.8/site-packages/airflow/example_dags/example_sensor_decorator.py
[2025-06-12T19:05:21.220+0000] {logging_mixin.py:188} INFO - [2025-06-12T19:05:21.219+0000] {dag.py:3036} INFO - Sync 1 DAGs
[2025-06-12T19:05:21.625+0000] {logging_mixin.py:188} INFO - [2025-06-12T19:05:21.625+0000] {dag.py:3823} INFO - Setting next_dagrun for example_sensor_decorator to None, run_after=None
[2025-06-12T19:05:21.675+0000] {processor.py:183} INFO - Processing /home/airflow/.local/lib/python3.8/site-packages/airflow/example_dags/example_sensor_decorator.py took 0.553 seconds
[2025-06-12T19:05:51.855+0000] {processor.py:161} INFO - Started process (PID=2789) to work on /home/airflow/.local/lib/python3.8/site-packages/airflow/example_dags/example_sensor_decorator.py
[2025-06-12T19:05:51.860+0000] {processor.py:830} INFO - Processing file /home/airflow/.local/lib/python3.8/site-packages/airflow/example_dags/example_sensor_decorator.py for tasks to queue
[2025-06-12T19:05:51.863+0000] {logging_mixin.py:188} INFO - [2025-06-12T19:05:51.862+0000] {dagbag.py:538} INFO - Filling up the DagBag from /home/airflow/.local/lib/python3.8/site-packages/airflow/example_dags/example_sensor_decorator.py
[2025-06-12T19:05:51.893+0000] {processor.py:840} INFO - DAG(s) 'example_sensor_decorator' retrieved from /home/airflow/.local/lib/python3.8/site-packages/airflow/example_dags/example_sensor_decorator.py
[2025-06-12T19:05:51.957+0000] {logging_mixin.py:188} INFO - [2025-06-12T19:05:51.957+0000] {dag.py:3036} INFO - Sync 1 DAGs
[2025-06-12T19:05:51.986+0000] {logging_mixin.py:188} INFO - [2025-06-12T19:05:51.986+0000] {dag.py:3823} INFO - Setting next_dagrun for example_sensor_decorator to None, run_after=None
[2025-06-12T19:05:52.038+0000] {processor.py:183} INFO - Processing /home/airflow/.local/lib/python3.8/site-packages/airflow/example_dags/example_sensor_decorator.py took 0.196 seconds
[2025-06-12T19:06:22.221+0000] {processor.py:161} INFO - Started process (PID=2841) to work on /home/airflow/.local/lib/python3.8/site-packages/airflow/example_dags/example_sensor_decorator.py
[2025-06-12T19:06:22.224+0000] {processor.py:830} INFO - Processing file /home/airflow/.local/lib/python3.8/site-packages/airflow/example_dags/example_sensor_decorator.py for tasks to queue
[2025-06-12T19:06:22.228+0000] {logging_mixin.py:188} INFO - [2025-06-12T19:06:22.227+0000] {dagbag.py:538} INFO - Filling up the DagBag from /home/airflow/.local/lib/python3.8/site-packages/airflow/example_dags/example_sensor_decorator.py
[2025-06-12T19:06:22.248+0000] {processor.py:840} INFO - DAG(s) 'example_sensor_decorator' retrieved from /home/airflow/.local/lib/python3.8/site-packages/airflow/example_dags/example_sensor_decorator.py
[2025-06-12T19:06:22.364+0000] {logging_mixin.py:188} INFO - [2025-06-12T19:06:22.363+0000] {dag.py:3036} INFO - Sync 1 DAGs
[2025-06-12T19:06:22.395+0000] {logging_mixin.py:188} INFO - [2025-06-12T19:06:22.395+0000] {dag.py:3823} INFO - Setting next_dagrun for example_sensor_decorator to None, run_after=None
[2025-06-12T19:06:22.469+0000] {processor.py:183} INFO - Processing /home/airflow/.local/lib/python3.8/site-packages/airflow/example_dags/example_sensor_decorator.py took 0.259 seconds
[2025-06-12T19:06:52.616+0000] {processor.py:161} INFO - Started process (PID=2896) to work on /home/airflow/.local/lib/python3.8/site-packages/airflow/example_dags/example_sensor_decorator.py
[2025-06-12T19:06:52.619+0000] {processor.py:830} INFO - Processing file /home/airflow/.local/lib/python3.8/site-packages/airflow/example_dags/example_sensor_decorator.py for tasks to queue
[2025-06-12T19:06:52.623+0000] {logging_mixin.py:188} INFO - [2025-06-12T19:06:52.622+0000] {dagbag.py:538} INFO - Filling up the DagBag from /home/airflow/.local/lib/python3.8/site-packages/airflow/example_dags/example_sensor_decorator.py
[2025-06-12T19:06:52.650+0000] {processor.py:840} INFO - DAG(s) 'example_sensor_decorator' retrieved from /home/airflow/.local/lib/python3.8/site-packages/airflow/example_dags/example_sensor_decorator.py
[2025-06-12T19:06:52.723+0000] {logging_mixin.py:188} INFO - [2025-06-12T19:06:52.723+0000] {dag.py:3036} INFO - Sync 1 DAGs
[2025-06-12T19:06:52.753+0000] {logging_mixin.py:188} INFO - [2025-06-12T19:06:52.752+0000] {dag.py:3823} INFO - Setting next_dagrun for example_sensor_decorator to None, run_after=None
[2025-06-12T19:06:52.800+0000] {processor.py:183} INFO - Processing /home/airflow/.local/lib/python3.8/site-packages/airflow/example_dags/example_sensor_decorator.py took 0.200 seconds
