[2025-06-12T18:35:21.009+0000] {processor.py:161} INFO - Started process (PID=117) to work on /home/airflow/.local/lib/python3.8/site-packages/airflow/example_dags/example_complex.py
[2025-06-12T18:35:21.012+0000] {processor.py:830} INFO - Processing file /home/airflow/.local/lib/python3.8/site-packages/airflow/example_dags/example_complex.py for tasks to queue
[2025-06-12T18:35:21.017+0000] {logging_mixin.py:188} INFO - [2025-06-12T18:35:21.016+0000] {dagbag.py:538} INFO - Filling up the DagBag from /home/airflow/.local/lib/python3.8/site-packages/airflow/example_dags/example_complex.py
[2025-06-12T18:35:21.037+0000] {processor.py:840} INFO - DAG(s) 'example_complex' retrieved from /home/airflow/.local/lib/python3.8/site-packages/airflow/example_dags/example_complex.py
[2025-06-12T18:35:21.333+0000] {logging_mixin.py:188} INFO - [2025-06-12T18:35:21.332+0000] {dag.py:3036} INFO - Sync 1 DAGs
[2025-06-12T18:35:21.368+0000] {logging_mixin.py:188} INFO - [2025-06-12T18:35:21.368+0000] {dag.py:3823} INFO - Setting next_dagrun for example_complex to None, run_after=None
[2025-06-12T18:35:21.981+0000] {processor.py:183} INFO - Processing /home/airflow/.local/lib/python3.8/site-packages/airflow/example_dags/example_complex.py took 0.980 seconds
[2025-06-12T18:35:52.239+0000] {processor.py:161} INFO - Started process (PID=172) to work on /home/airflow/.local/lib/python3.8/site-packages/airflow/example_dags/example_complex.py
[2025-06-12T18:35:52.246+0000] {processor.py:830} INFO - Processing file /home/airflow/.local/lib/python3.8/site-packages/airflow/example_dags/example_complex.py for tasks to queue
[2025-06-12T18:35:52.259+0000] {logging_mixin.py:188} INFO - [2025-06-12T18:35:52.258+0000] {dagbag.py:538} INFO - Filling up the DagBag from /home/airflow/.local/lib/python3.8/site-packages/airflow/example_dags/example_complex.py
[2025-06-12T18:35:52.302+0000] {processor.py:840} INFO - DAG(s) 'example_complex' retrieved from /home/airflow/.local/lib/python3.8/site-packages/airflow/example_dags/example_complex.py
[2025-06-12T18:35:52.399+0000] {logging_mixin.py:188} INFO - [2025-06-12T18:35:52.398+0000] {dag.py:3036} INFO - Sync 1 DAGs
[2025-06-12T18:35:52.429+0000] {logging_mixin.py:188} INFO - [2025-06-12T18:35:52.428+0000] {dag.py:3823} INFO - Setting next_dagrun for example_complex to None, run_after=None
[2025-06-12T18:35:52.491+0000] {processor.py:183} INFO - Processing /home/airflow/.local/lib/python3.8/site-packages/airflow/example_dags/example_complex.py took 0.275 seconds
[2025-06-12T18:36:23.365+0000] {processor.py:161} INFO - Started process (PID=227) to work on /home/airflow/.local/lib/python3.8/site-packages/airflow/example_dags/example_complex.py
[2025-06-12T18:36:23.368+0000] {processor.py:830} INFO - Processing file /home/airflow/.local/lib/python3.8/site-packages/airflow/example_dags/example_complex.py for tasks to queue
[2025-06-12T18:36:23.371+0000] {logging_mixin.py:188} INFO - [2025-06-12T18:36:23.371+0000] {dagbag.py:538} INFO - Filling up the DagBag from /home/airflow/.local/lib/python3.8/site-packages/airflow/example_dags/example_complex.py
[2025-06-12T18:36:23.391+0000] {processor.py:840} INFO - DAG(s) 'example_complex' retrieved from /home/airflow/.local/lib/python3.8/site-packages/airflow/example_dags/example_complex.py
[2025-06-12T18:36:23.414+0000] {logging_mixin.py:188} INFO - [2025-06-12T18:36:23.414+0000] {dag.py:3036} INFO - Sync 1 DAGs
[2025-06-12T18:36:23.435+0000] {logging_mixin.py:188} INFO - [2025-06-12T18:36:23.435+0000] {dag.py:3823} INFO - Setting next_dagrun for example_complex to None, run_after=None
[2025-06-12T18:36:23.469+0000] {processor.py:183} INFO - Processing /home/airflow/.local/lib/python3.8/site-packages/airflow/example_dags/example_complex.py took 0.110 seconds
[2025-06-12T18:36:54.362+0000] {processor.py:161} INFO - Started process (PID=282) to work on /home/airflow/.local/lib/python3.8/site-packages/airflow/example_dags/example_complex.py
[2025-06-12T18:36:54.365+0000] {processor.py:830} INFO - Processing file /home/airflow/.local/lib/python3.8/site-packages/airflow/example_dags/example_complex.py for tasks to queue
[2025-06-12T18:36:54.368+0000] {logging_mixin.py:188} INFO - [2025-06-12T18:36:54.368+0000] {dagbag.py:538} INFO - Filling up the DagBag from /home/airflow/.local/lib/python3.8/site-packages/airflow/example_dags/example_complex.py
[2025-06-12T18:36:54.384+0000] {processor.py:840} INFO - DAG(s) 'example_complex' retrieved from /home/airflow/.local/lib/python3.8/site-packages/airflow/example_dags/example_complex.py
[2025-06-12T18:36:54.552+0000] {logging_mixin.py:188} INFO - [2025-06-12T18:36:54.552+0000] {dag.py:3036} INFO - Sync 1 DAGs
[2025-06-12T18:36:54.567+0000] {logging_mixin.py:188} INFO - [2025-06-12T18:36:54.567+0000] {dag.py:3823} INFO - Setting next_dagrun for example_complex to None, run_after=None
[2025-06-12T18:36:54.604+0000] {processor.py:183} INFO - Processing /home/airflow/.local/lib/python3.8/site-packages/airflow/example_dags/example_complex.py took 0.248 seconds
[2025-06-12T18:37:24.734+0000] {processor.py:161} INFO - Started process (PID=337) to work on /home/airflow/.local/lib/python3.8/site-packages/airflow/example_dags/example_complex.py
[2025-06-12T18:37:24.736+0000] {processor.py:830} INFO - Processing file /home/airflow/.local/lib/python3.8/site-packages/airflow/example_dags/example_complex.py for tasks to queue
[2025-06-12T18:37:24.740+0000] {logging_mixin.py:188} INFO - [2025-06-12T18:37:24.740+0000] {dagbag.py:538} INFO - Filling up the DagBag from /home/airflow/.local/lib/python3.8/site-packages/airflow/example_dags/example_complex.py
[2025-06-12T18:37:24.761+0000] {processor.py:840} INFO - DAG(s) 'example_complex' retrieved from /home/airflow/.local/lib/python3.8/site-packages/airflow/example_dags/example_complex.py
[2025-06-12T18:37:24.809+0000] {logging_mixin.py:188} INFO - [2025-06-12T18:37:24.809+0000] {dag.py:3036} INFO - Sync 1 DAGs
[2025-06-12T18:37:24.828+0000] {logging_mixin.py:188} INFO - [2025-06-12T18:37:24.827+0000] {dag.py:3823} INFO - Setting next_dagrun for example_complex to None, run_after=None
[2025-06-12T18:37:24.863+0000] {processor.py:183} INFO - Processing /home/airflow/.local/lib/python3.8/site-packages/airflow/example_dags/example_complex.py took 0.136 seconds
[2025-06-12T18:37:55.554+0000] {processor.py:161} INFO - Started process (PID=392) to work on /home/airflow/.local/lib/python3.8/site-packages/airflow/example_dags/example_complex.py
[2025-06-12T18:37:55.557+0000] {processor.py:830} INFO - Processing file /home/airflow/.local/lib/python3.8/site-packages/airflow/example_dags/example_complex.py for tasks to queue
[2025-06-12T18:37:55.564+0000] {logging_mixin.py:188} INFO - [2025-06-12T18:37:55.563+0000] {dagbag.py:538} INFO - Filling up the DagBag from /home/airflow/.local/lib/python3.8/site-packages/airflow/example_dags/example_complex.py
[2025-06-12T18:37:55.605+0000] {processor.py:840} INFO - DAG(s) 'example_complex' retrieved from /home/airflow/.local/lib/python3.8/site-packages/airflow/example_dags/example_complex.py
[2025-06-12T18:37:55.661+0000] {logging_mixin.py:188} INFO - [2025-06-12T18:37:55.661+0000] {dag.py:3036} INFO - Sync 1 DAGs
[2025-06-12T18:37:55.681+0000] {logging_mixin.py:188} INFO - [2025-06-12T18:37:55.680+0000] {dag.py:3823} INFO - Setting next_dagrun for example_complex to None, run_after=None
[2025-06-12T18:37:55.718+0000] {processor.py:183} INFO - Processing /home/airflow/.local/lib/python3.8/site-packages/airflow/example_dags/example_complex.py took 0.175 seconds
[2025-06-12T18:38:26.230+0000] {processor.py:161} INFO - Started process (PID=447) to work on /home/airflow/.local/lib/python3.8/site-packages/airflow/example_dags/example_complex.py
[2025-06-12T18:38:26.232+0000] {processor.py:830} INFO - Processing file /home/airflow/.local/lib/python3.8/site-packages/airflow/example_dags/example_complex.py for tasks to queue
[2025-06-12T18:38:26.236+0000] {logging_mixin.py:188} INFO - [2025-06-12T18:38:26.235+0000] {dagbag.py:538} INFO - Filling up the DagBag from /home/airflow/.local/lib/python3.8/site-packages/airflow/example_dags/example_complex.py
[2025-06-12T18:38:26.253+0000] {processor.py:840} INFO - DAG(s) 'example_complex' retrieved from /home/airflow/.local/lib/python3.8/site-packages/airflow/example_dags/example_complex.py
[2025-06-12T18:38:26.323+0000] {logging_mixin.py:188} INFO - [2025-06-12T18:38:26.322+0000] {dag.py:3036} INFO - Sync 1 DAGs
[2025-06-12T18:38:26.364+0000] {logging_mixin.py:188} INFO - [2025-06-12T18:38:26.363+0000] {dag.py:3823} INFO - Setting next_dagrun for example_complex to None, run_after=None
[2025-06-12T18:38:26.410+0000] {processor.py:183} INFO - Processing /home/airflow/.local/lib/python3.8/site-packages/airflow/example_dags/example_complex.py took 0.189 seconds
[2025-06-12T18:38:57.261+0000] {processor.py:161} INFO - Started process (PID=500) to work on /home/airflow/.local/lib/python3.8/site-packages/airflow/example_dags/example_complex.py
[2025-06-12T18:38:57.264+0000] {processor.py:830} INFO - Processing file /home/airflow/.local/lib/python3.8/site-packages/airflow/example_dags/example_complex.py for tasks to queue
[2025-06-12T18:38:57.268+0000] {logging_mixin.py:188} INFO - [2025-06-12T18:38:57.268+0000] {dagbag.py:538} INFO - Filling up the DagBag from /home/airflow/.local/lib/python3.8/site-packages/airflow/example_dags/example_complex.py
[2025-06-12T18:38:57.288+0000] {processor.py:840} INFO - DAG(s) 'example_complex' retrieved from /home/airflow/.local/lib/python3.8/site-packages/airflow/example_dags/example_complex.py
[2025-06-12T18:38:57.347+0000] {logging_mixin.py:188} INFO - [2025-06-12T18:38:57.346+0000] {dag.py:3036} INFO - Sync 1 DAGs
[2025-06-12T18:38:57.390+0000] {logging_mixin.py:188} INFO - [2025-06-12T18:38:57.389+0000] {dag.py:3823} INFO - Setting next_dagrun for example_complex to None, run_after=None
[2025-06-12T18:38:57.442+0000] {processor.py:183} INFO - Processing /home/airflow/.local/lib/python3.8/site-packages/airflow/example_dags/example_complex.py took 0.187 seconds
[2025-06-12T18:39:27.966+0000] {processor.py:161} INFO - Started process (PID=555) to work on /home/airflow/.local/lib/python3.8/site-packages/airflow/example_dags/example_complex.py
[2025-06-12T18:39:27.971+0000] {processor.py:830} INFO - Processing file /home/airflow/.local/lib/python3.8/site-packages/airflow/example_dags/example_complex.py for tasks to queue
[2025-06-12T18:39:27.976+0000] {logging_mixin.py:188} INFO - [2025-06-12T18:39:27.975+0000] {dagbag.py:538} INFO - Filling up the DagBag from /home/airflow/.local/lib/python3.8/site-packages/airflow/example_dags/example_complex.py
[2025-06-12T18:39:27.997+0000] {processor.py:840} INFO - DAG(s) 'example_complex' retrieved from /home/airflow/.local/lib/python3.8/site-packages/airflow/example_dags/example_complex.py
[2025-06-12T18:39:28.027+0000] {logging_mixin.py:188} INFO - [2025-06-12T18:39:28.026+0000] {dag.py:3036} INFO - Sync 1 DAGs
[2025-06-12T18:39:28.050+0000] {logging_mixin.py:188} INFO - [2025-06-12T18:39:28.050+0000] {dag.py:3823} INFO - Setting next_dagrun for example_complex to None, run_after=None
[2025-06-12T18:39:28.088+0000] {processor.py:183} INFO - Processing /home/airflow/.local/lib/python3.8/site-packages/airflow/example_dags/example_complex.py took 0.128 seconds
[2025-06-12T18:39:58.321+0000] {processor.py:161} INFO - Started process (PID=610) to work on /home/airflow/.local/lib/python3.8/site-packages/airflow/example_dags/example_complex.py
[2025-06-12T18:39:58.325+0000] {processor.py:830} INFO - Processing file /home/airflow/.local/lib/python3.8/site-packages/airflow/example_dags/example_complex.py for tasks to queue
[2025-06-12T18:39:58.329+0000] {logging_mixin.py:188} INFO - [2025-06-12T18:39:58.329+0000] {dagbag.py:538} INFO - Filling up the DagBag from /home/airflow/.local/lib/python3.8/site-packages/airflow/example_dags/example_complex.py
[2025-06-12T18:39:58.349+0000] {processor.py:840} INFO - DAG(s) 'example_complex' retrieved from /home/airflow/.local/lib/python3.8/site-packages/airflow/example_dags/example_complex.py
[2025-06-12T18:39:58.542+0000] {logging_mixin.py:188} INFO - [2025-06-12T18:39:58.542+0000] {dag.py:3036} INFO - Sync 1 DAGs
[2025-06-12T18:39:58.567+0000] {logging_mixin.py:188} INFO - [2025-06-12T18:39:58.567+0000] {dag.py:3823} INFO - Setting next_dagrun for example_complex to None, run_after=None
[2025-06-12T18:39:58.612+0000] {processor.py:183} INFO - Processing /home/airflow/.local/lib/python3.8/site-packages/airflow/example_dags/example_complex.py took 0.299 seconds
[2025-06-12T18:40:38.539+0000] {processor.py:161} INFO - Started process (PID=665) to work on /home/airflow/.local/lib/python3.8/site-packages/airflow/example_dags/example_complex.py
[2025-06-12T18:40:38.562+0000] {processor.py:830} INFO - Processing file /home/airflow/.local/lib/python3.8/site-packages/airflow/example_dags/example_complex.py for tasks to queue
[2025-06-12T18:40:38.573+0000] {logging_mixin.py:188} INFO - [2025-06-12T18:40:38.571+0000] {dagbag.py:538} INFO - Filling up the DagBag from /home/airflow/.local/lib/python3.8/site-packages/airflow/example_dags/example_complex.py
[2025-06-12T18:40:38.622+0000] {processor.py:840} INFO - DAG(s) 'example_complex' retrieved from /home/airflow/.local/lib/python3.8/site-packages/airflow/example_dags/example_complex.py
[2025-06-12T18:40:38.689+0000] {logging_mixin.py:188} INFO - [2025-06-12T18:40:38.688+0000] {dag.py:3036} INFO - Sync 1 DAGs
[2025-06-12T18:40:38.759+0000] {logging_mixin.py:188} INFO - [2025-06-12T18:40:38.758+0000] {dag.py:3823} INFO - Setting next_dagrun for example_complex to None, run_after=None
[2025-06-12T18:40:38.815+0000] {processor.py:183} INFO - Processing /home/airflow/.local/lib/python3.8/site-packages/airflow/example_dags/example_complex.py took 0.289 seconds
[2025-06-12T18:46:19.081+0000] {processor.py:161} INFO - Started process (PID=724) to work on /home/airflow/.local/lib/python3.8/site-packages/airflow/example_dags/example_complex.py
[2025-06-12T18:46:19.083+0000] {processor.py:830} INFO - Processing file /home/airflow/.local/lib/python3.8/site-packages/airflow/example_dags/example_complex.py for tasks to queue
[2025-06-12T18:46:19.085+0000] {logging_mixin.py:188} INFO - [2025-06-12T18:46:19.085+0000] {dagbag.py:538} INFO - Filling up the DagBag from /home/airflow/.local/lib/python3.8/site-packages/airflow/example_dags/example_complex.py
[2025-06-12T18:46:19.105+0000] {processor.py:840} INFO - DAG(s) 'example_complex' retrieved from /home/airflow/.local/lib/python3.8/site-packages/airflow/example_dags/example_complex.py
[2025-06-12T18:46:19.306+0000] {logging_mixin.py:188} INFO - [2025-06-12T18:46:19.306+0000] {dag.py:3036} INFO - Sync 1 DAGs
[2025-06-12T18:46:19.327+0000] {logging_mixin.py:188} INFO - [2025-06-12T18:46:19.326+0000] {dag.py:3823} INFO - Setting next_dagrun for example_complex to None, run_after=None
[2025-06-12T18:46:19.373+0000] {processor.py:183} INFO - Processing /home/airflow/.local/lib/python3.8/site-packages/airflow/example_dags/example_complex.py took 0.297 seconds
[2025-06-12T18:46:49.498+0000] {processor.py:161} INFO - Started process (PID=780) to work on /home/airflow/.local/lib/python3.8/site-packages/airflow/example_dags/example_complex.py
[2025-06-12T18:46:49.501+0000] {processor.py:830} INFO - Processing file /home/airflow/.local/lib/python3.8/site-packages/airflow/example_dags/example_complex.py for tasks to queue
[2025-06-12T18:46:49.505+0000] {logging_mixin.py:188} INFO - [2025-06-12T18:46:49.504+0000] {dagbag.py:538} INFO - Filling up the DagBag from /home/airflow/.local/lib/python3.8/site-packages/airflow/example_dags/example_complex.py
[2025-06-12T18:46:49.526+0000] {processor.py:840} INFO - DAG(s) 'example_complex' retrieved from /home/airflow/.local/lib/python3.8/site-packages/airflow/example_dags/example_complex.py
[2025-06-12T18:46:49.587+0000] {logging_mixin.py:188} INFO - [2025-06-12T18:46:49.587+0000] {dag.py:3036} INFO - Sync 1 DAGs
[2025-06-12T18:46:49.611+0000] {logging_mixin.py:188} INFO - [2025-06-12T18:46:49.611+0000] {dag.py:3823} INFO - Setting next_dagrun for example_complex to None, run_after=None
[2025-06-12T18:46:49.681+0000] {processor.py:183} INFO - Processing /home/airflow/.local/lib/python3.8/site-packages/airflow/example_dags/example_complex.py took 0.193 seconds
[2025-06-12T18:47:19.854+0000] {processor.py:161} INFO - Started process (PID=835) to work on /home/airflow/.local/lib/python3.8/site-packages/airflow/example_dags/example_complex.py
[2025-06-12T18:47:19.856+0000] {processor.py:830} INFO - Processing file /home/airflow/.local/lib/python3.8/site-packages/airflow/example_dags/example_complex.py for tasks to queue
[2025-06-12T18:47:19.858+0000] {logging_mixin.py:188} INFO - [2025-06-12T18:47:19.858+0000] {dagbag.py:538} INFO - Filling up the DagBag from /home/airflow/.local/lib/python3.8/site-packages/airflow/example_dags/example_complex.py
[2025-06-12T18:47:19.879+0000] {processor.py:840} INFO - DAG(s) 'example_complex' retrieved from /home/airflow/.local/lib/python3.8/site-packages/airflow/example_dags/example_complex.py
[2025-06-12T18:47:19.931+0000] {logging_mixin.py:188} INFO - [2025-06-12T18:47:19.931+0000] {dag.py:3036} INFO - Sync 1 DAGs
[2025-06-12T18:47:19.953+0000] {logging_mixin.py:188} INFO - [2025-06-12T18:47:19.953+0000] {dag.py:3823} INFO - Setting next_dagrun for example_complex to None, run_after=None
[2025-06-12T18:47:19.988+0000] {processor.py:183} INFO - Processing /home/airflow/.local/lib/python3.8/site-packages/airflow/example_dags/example_complex.py took 0.140 seconds
[2025-06-12T18:47:50.296+0000] {processor.py:161} INFO - Started process (PID=890) to work on /home/airflow/.local/lib/python3.8/site-packages/airflow/example_dags/example_complex.py
[2025-06-12T18:47:50.298+0000] {processor.py:830} INFO - Processing file /home/airflow/.local/lib/python3.8/site-packages/airflow/example_dags/example_complex.py for tasks to queue
[2025-06-12T18:47:50.300+0000] {logging_mixin.py:188} INFO - [2025-06-12T18:47:50.299+0000] {dagbag.py:538} INFO - Filling up the DagBag from /home/airflow/.local/lib/python3.8/site-packages/airflow/example_dags/example_complex.py
[2025-06-12T18:47:50.316+0000] {processor.py:840} INFO - DAG(s) 'example_complex' retrieved from /home/airflow/.local/lib/python3.8/site-packages/airflow/example_dags/example_complex.py
[2025-06-12T18:47:50.367+0000] {logging_mixin.py:188} INFO - [2025-06-12T18:47:50.366+0000] {dag.py:3036} INFO - Sync 1 DAGs
[2025-06-12T18:47:50.390+0000] {logging_mixin.py:188} INFO - [2025-06-12T18:47:50.389+0000] {dag.py:3823} INFO - Setting next_dagrun for example_complex to None, run_after=None
[2025-06-12T18:47:50.426+0000] {processor.py:183} INFO - Processing /home/airflow/.local/lib/python3.8/site-packages/airflow/example_dags/example_complex.py took 0.136 seconds
[2025-06-12T18:48:22.936+0000] {processor.py:161} INFO - Started process (PID=945) to work on /home/airflow/.local/lib/python3.8/site-packages/airflow/example_dags/example_complex.py
[2025-06-12T18:48:22.938+0000] {processor.py:830} INFO - Processing file /home/airflow/.local/lib/python3.8/site-packages/airflow/example_dags/example_complex.py for tasks to queue
[2025-06-12T18:48:22.940+0000] {logging_mixin.py:188} INFO - [2025-06-12T18:48:22.939+0000] {dagbag.py:538} INFO - Filling up the DagBag from /home/airflow/.local/lib/python3.8/site-packages/airflow/example_dags/example_complex.py
[2025-06-12T18:48:22.956+0000] {processor.py:840} INFO - DAG(s) 'example_complex' retrieved from /home/airflow/.local/lib/python3.8/site-packages/airflow/example_dags/example_complex.py
[2025-06-12T18:48:23.005+0000] {logging_mixin.py:188} INFO - [2025-06-12T18:48:23.004+0000] {dag.py:3036} INFO - Sync 1 DAGs
[2025-06-12T18:48:23.023+0000] {logging_mixin.py:188} INFO - [2025-06-12T18:48:23.022+0000] {dag.py:3823} INFO - Setting next_dagrun for example_complex to None, run_after=None
[2025-06-12T18:48:23.060+0000] {processor.py:183} INFO - Processing /home/airflow/.local/lib/python3.8/site-packages/airflow/example_dags/example_complex.py took 0.131 seconds
[2025-06-12T18:48:53.233+0000] {processor.py:161} INFO - Started process (PID=998) to work on /home/airflow/.local/lib/python3.8/site-packages/airflow/example_dags/example_complex.py
[2025-06-12T18:48:53.234+0000] {processor.py:830} INFO - Processing file /home/airflow/.local/lib/python3.8/site-packages/airflow/example_dags/example_complex.py for tasks to queue
[2025-06-12T18:48:53.236+0000] {logging_mixin.py:188} INFO - [2025-06-12T18:48:53.236+0000] {dagbag.py:538} INFO - Filling up the DagBag from /home/airflow/.local/lib/python3.8/site-packages/airflow/example_dags/example_complex.py
[2025-06-12T18:48:53.254+0000] {processor.py:840} INFO - DAG(s) 'example_complex' retrieved from /home/airflow/.local/lib/python3.8/site-packages/airflow/example_dags/example_complex.py
[2025-06-12T18:48:53.300+0000] {logging_mixin.py:188} INFO - [2025-06-12T18:48:53.300+0000] {dag.py:3036} INFO - Sync 1 DAGs
[2025-06-12T18:48:53.318+0000] {logging_mixin.py:188} INFO - [2025-06-12T18:48:53.318+0000] {dag.py:3823} INFO - Setting next_dagrun for example_complex to None, run_after=None
[2025-06-12T18:48:53.351+0000] {processor.py:183} INFO - Processing /home/airflow/.local/lib/python3.8/site-packages/airflow/example_dags/example_complex.py took 0.123 seconds
[2025-06-12T18:49:23.556+0000] {processor.py:161} INFO - Started process (PID=1053) to work on /home/airflow/.local/lib/python3.8/site-packages/airflow/example_dags/example_complex.py
[2025-06-12T18:49:23.558+0000] {processor.py:830} INFO - Processing file /home/airflow/.local/lib/python3.8/site-packages/airflow/example_dags/example_complex.py for tasks to queue
[2025-06-12T18:49:23.560+0000] {logging_mixin.py:188} INFO - [2025-06-12T18:49:23.559+0000] {dagbag.py:538} INFO - Filling up the DagBag from /home/airflow/.local/lib/python3.8/site-packages/airflow/example_dags/example_complex.py
[2025-06-12T18:49:23.577+0000] {processor.py:840} INFO - DAG(s) 'example_complex' retrieved from /home/airflow/.local/lib/python3.8/site-packages/airflow/example_dags/example_complex.py
[2025-06-12T18:49:23.627+0000] {logging_mixin.py:188} INFO - [2025-06-12T18:49:23.627+0000] {dag.py:3036} INFO - Sync 1 DAGs
[2025-06-12T18:49:23.649+0000] {logging_mixin.py:188} INFO - [2025-06-12T18:49:23.649+0000] {dag.py:3823} INFO - Setting next_dagrun for example_complex to None, run_after=None
[2025-06-12T18:49:23.682+0000] {processor.py:183} INFO - Processing /home/airflow/.local/lib/python3.8/site-packages/airflow/example_dags/example_complex.py took 0.132 seconds
[2025-06-12T18:49:54.149+0000] {processor.py:161} INFO - Started process (PID=1108) to work on /home/airflow/.local/lib/python3.8/site-packages/airflow/example_dags/example_complex.py
[2025-06-12T18:49:54.152+0000] {processor.py:830} INFO - Processing file /home/airflow/.local/lib/python3.8/site-packages/airflow/example_dags/example_complex.py for tasks to queue
[2025-06-12T18:49:54.154+0000] {logging_mixin.py:188} INFO - [2025-06-12T18:49:54.153+0000] {dagbag.py:538} INFO - Filling up the DagBag from /home/airflow/.local/lib/python3.8/site-packages/airflow/example_dags/example_complex.py
[2025-06-12T18:49:54.172+0000] {processor.py:840} INFO - DAG(s) 'example_complex' retrieved from /home/airflow/.local/lib/python3.8/site-packages/airflow/example_dags/example_complex.py
[2025-06-12T18:49:54.238+0000] {logging_mixin.py:188} INFO - [2025-06-12T18:49:54.238+0000] {dag.py:3036} INFO - Sync 1 DAGs
[2025-06-12T18:49:54.272+0000] {logging_mixin.py:188} INFO - [2025-06-12T18:49:54.271+0000] {dag.py:3823} INFO - Setting next_dagrun for example_complex to None, run_after=None
[2025-06-12T18:49:54.316+0000] {processor.py:183} INFO - Processing /home/airflow/.local/lib/python3.8/site-packages/airflow/example_dags/example_complex.py took 0.172 seconds
[2025-06-12T18:50:25.067+0000] {processor.py:161} INFO - Started process (PID=1163) to work on /home/airflow/.local/lib/python3.8/site-packages/airflow/example_dags/example_complex.py
[2025-06-12T18:50:25.069+0000] {processor.py:830} INFO - Processing file /home/airflow/.local/lib/python3.8/site-packages/airflow/example_dags/example_complex.py for tasks to queue
[2025-06-12T18:50:25.072+0000] {logging_mixin.py:188} INFO - [2025-06-12T18:50:25.071+0000] {dagbag.py:538} INFO - Filling up the DagBag from /home/airflow/.local/lib/python3.8/site-packages/airflow/example_dags/example_complex.py
[2025-06-12T18:50:25.096+0000] {processor.py:840} INFO - DAG(s) 'example_complex' retrieved from /home/airflow/.local/lib/python3.8/site-packages/airflow/example_dags/example_complex.py
[2025-06-12T18:50:25.162+0000] {logging_mixin.py:188} INFO - [2025-06-12T18:50:25.161+0000] {dag.py:3036} INFO - Sync 1 DAGs
[2025-06-12T18:50:25.186+0000] {logging_mixin.py:188} INFO - [2025-06-12T18:50:25.186+0000] {dag.py:3823} INFO - Setting next_dagrun for example_complex to None, run_after=None
[2025-06-12T18:50:25.222+0000] {processor.py:183} INFO - Processing /home/airflow/.local/lib/python3.8/site-packages/airflow/example_dags/example_complex.py took 0.161 seconds
[2025-06-12T18:50:55.735+0000] {processor.py:161} INFO - Started process (PID=1219) to work on /home/airflow/.local/lib/python3.8/site-packages/airflow/example_dags/example_complex.py
[2025-06-12T18:50:55.737+0000] {processor.py:830} INFO - Processing file /home/airflow/.local/lib/python3.8/site-packages/airflow/example_dags/example_complex.py for tasks to queue
[2025-06-12T18:50:55.738+0000] {logging_mixin.py:188} INFO - [2025-06-12T18:50:55.738+0000] {dagbag.py:538} INFO - Filling up the DagBag from /home/airflow/.local/lib/python3.8/site-packages/airflow/example_dags/example_complex.py
[2025-06-12T18:50:55.755+0000] {processor.py:840} INFO - DAG(s) 'example_complex' retrieved from /home/airflow/.local/lib/python3.8/site-packages/airflow/example_dags/example_complex.py
[2025-06-12T18:50:55.808+0000] {logging_mixin.py:188} INFO - [2025-06-12T18:50:55.808+0000] {dag.py:3036} INFO - Sync 1 DAGs
[2025-06-12T18:50:55.827+0000] {logging_mixin.py:188} INFO - [2025-06-12T18:50:55.827+0000] {dag.py:3823} INFO - Setting next_dagrun for example_complex to None, run_after=None
[2025-06-12T18:50:55.863+0000] {processor.py:183} INFO - Processing /home/airflow/.local/lib/python3.8/site-packages/airflow/example_dags/example_complex.py took 0.134 seconds
[2025-06-12T18:51:26.380+0000] {processor.py:161} INFO - Started process (PID=1274) to work on /home/airflow/.local/lib/python3.8/site-packages/airflow/example_dags/example_complex.py
[2025-06-12T18:51:26.383+0000] {processor.py:830} INFO - Processing file /home/airflow/.local/lib/python3.8/site-packages/airflow/example_dags/example_complex.py for tasks to queue
[2025-06-12T18:51:26.385+0000] {logging_mixin.py:188} INFO - [2025-06-12T18:51:26.384+0000] {dagbag.py:538} INFO - Filling up the DagBag from /home/airflow/.local/lib/python3.8/site-packages/airflow/example_dags/example_complex.py
[2025-06-12T18:51:26.401+0000] {processor.py:840} INFO - DAG(s) 'example_complex' retrieved from /home/airflow/.local/lib/python3.8/site-packages/airflow/example_dags/example_complex.py
[2025-06-12T18:51:26.460+0000] {logging_mixin.py:188} INFO - [2025-06-12T18:51:26.460+0000] {dag.py:3036} INFO - Sync 1 DAGs
[2025-06-12T18:51:26.479+0000] {logging_mixin.py:188} INFO - [2025-06-12T18:51:26.479+0000] {dag.py:3823} INFO - Setting next_dagrun for example_complex to None, run_after=None
[2025-06-12T18:51:26.512+0000] {processor.py:183} INFO - Processing /home/airflow/.local/lib/python3.8/site-packages/airflow/example_dags/example_complex.py took 0.138 seconds
[2025-06-12T18:51:57.210+0000] {processor.py:161} INFO - Started process (PID=1329) to work on /home/airflow/.local/lib/python3.8/site-packages/airflow/example_dags/example_complex.py
[2025-06-12T18:51:57.212+0000] {processor.py:830} INFO - Processing file /home/airflow/.local/lib/python3.8/site-packages/airflow/example_dags/example_complex.py for tasks to queue
[2025-06-12T18:51:57.214+0000] {logging_mixin.py:188} INFO - [2025-06-12T18:51:57.213+0000] {dagbag.py:538} INFO - Filling up the DagBag from /home/airflow/.local/lib/python3.8/site-packages/airflow/example_dags/example_complex.py
[2025-06-12T18:51:57.232+0000] {processor.py:840} INFO - DAG(s) 'example_complex' retrieved from /home/airflow/.local/lib/python3.8/site-packages/airflow/example_dags/example_complex.py
[2025-06-12T18:51:57.279+0000] {logging_mixin.py:188} INFO - [2025-06-12T18:51:57.278+0000] {dag.py:3036} INFO - Sync 1 DAGs
[2025-06-12T18:51:57.297+0000] {logging_mixin.py:188} INFO - [2025-06-12T18:51:57.297+0000] {dag.py:3823} INFO - Setting next_dagrun for example_complex to None, run_after=None
[2025-06-12T18:51:57.331+0000] {processor.py:183} INFO - Processing /home/airflow/.local/lib/python3.8/site-packages/airflow/example_dags/example_complex.py took 0.126 seconds
[2025-06-12T18:52:27.828+0000] {processor.py:161} INFO - Started process (PID=1385) to work on /home/airflow/.local/lib/python3.8/site-packages/airflow/example_dags/example_complex.py
[2025-06-12T18:52:27.830+0000] {processor.py:830} INFO - Processing file /home/airflow/.local/lib/python3.8/site-packages/airflow/example_dags/example_complex.py for tasks to queue
[2025-06-12T18:52:27.832+0000] {logging_mixin.py:188} INFO - [2025-06-12T18:52:27.832+0000] {dagbag.py:538} INFO - Filling up the DagBag from /home/airflow/.local/lib/python3.8/site-packages/airflow/example_dags/example_complex.py
[2025-06-12T18:52:27.851+0000] {processor.py:840} INFO - DAG(s) 'example_complex' retrieved from /home/airflow/.local/lib/python3.8/site-packages/airflow/example_dags/example_complex.py
[2025-06-12T18:52:27.896+0000] {logging_mixin.py:188} INFO - [2025-06-12T18:52:27.895+0000] {dag.py:3036} INFO - Sync 1 DAGs
[2025-06-12T18:52:27.913+0000] {logging_mixin.py:188} INFO - [2025-06-12T18:52:27.913+0000] {dag.py:3823} INFO - Setting next_dagrun for example_complex to None, run_after=None
[2025-06-12T18:52:27.945+0000] {processor.py:183} INFO - Processing /home/airflow/.local/lib/python3.8/site-packages/airflow/example_dags/example_complex.py took 0.124 seconds
[2025-06-12T18:52:59.844+0000] {processor.py:161} INFO - Started process (PID=1440) to work on /home/airflow/.local/lib/python3.8/site-packages/airflow/example_dags/example_complex.py
[2025-06-12T18:52:59.848+0000] {processor.py:830} INFO - Processing file /home/airflow/.local/lib/python3.8/site-packages/airflow/example_dags/example_complex.py for tasks to queue
[2025-06-12T18:52:59.851+0000] {logging_mixin.py:188} INFO - [2025-06-12T18:52:59.850+0000] {dagbag.py:538} INFO - Filling up the DagBag from /home/airflow/.local/lib/python3.8/site-packages/airflow/example_dags/example_complex.py
[2025-06-12T18:52:59.877+0000] {processor.py:840} INFO - DAG(s) 'example_complex' retrieved from /home/airflow/.local/lib/python3.8/site-packages/airflow/example_dags/example_complex.py
[2025-06-12T18:52:59.947+0000] {logging_mixin.py:188} INFO - [2025-06-12T18:52:59.946+0000] {dag.py:3036} INFO - Sync 1 DAGs
[2025-06-12T18:52:59.988+0000] {logging_mixin.py:188} INFO - [2025-06-12T18:52:59.987+0000] {dag.py:3823} INFO - Setting next_dagrun for example_complex to None, run_after=None
[2025-06-12T18:53:00.042+0000] {processor.py:183} INFO - Processing /home/airflow/.local/lib/python3.8/site-packages/airflow/example_dags/example_complex.py took 0.216 seconds
[2025-06-12T18:53:30.868+0000] {processor.py:161} INFO - Started process (PID=1495) to work on /home/airflow/.local/lib/python3.8/site-packages/airflow/example_dags/example_complex.py
[2025-06-12T18:53:30.871+0000] {processor.py:830} INFO - Processing file /home/airflow/.local/lib/python3.8/site-packages/airflow/example_dags/example_complex.py for tasks to queue
[2025-06-12T18:53:30.873+0000] {logging_mixin.py:188} INFO - [2025-06-12T18:53:30.872+0000] {dagbag.py:538} INFO - Filling up the DagBag from /home/airflow/.local/lib/python3.8/site-packages/airflow/example_dags/example_complex.py
[2025-06-12T18:53:30.909+0000] {processor.py:840} INFO - DAG(s) 'example_complex' retrieved from /home/airflow/.local/lib/python3.8/site-packages/airflow/example_dags/example_complex.py
[2025-06-12T18:53:30.968+0000] {logging_mixin.py:188} INFO - [2025-06-12T18:53:30.968+0000] {dag.py:3036} INFO - Sync 1 DAGs
[2025-06-12T18:53:30.987+0000] {logging_mixin.py:188} INFO - [2025-06-12T18:53:30.986+0000] {dag.py:3823} INFO - Setting next_dagrun for example_complex to None, run_after=None
[2025-06-12T18:53:31.029+0000] {processor.py:183} INFO - Processing /home/airflow/.local/lib/python3.8/site-packages/airflow/example_dags/example_complex.py took 0.169 seconds
[2025-06-12T18:54:01.113+0000] {processor.py:161} INFO - Started process (PID=1551) to work on /home/airflow/.local/lib/python3.8/site-packages/airflow/example_dags/example_complex.py
[2025-06-12T18:54:01.115+0000] {processor.py:830} INFO - Processing file /home/airflow/.local/lib/python3.8/site-packages/airflow/example_dags/example_complex.py for tasks to queue
[2025-06-12T18:54:01.117+0000] {logging_mixin.py:188} INFO - [2025-06-12T18:54:01.116+0000] {dagbag.py:538} INFO - Filling up the DagBag from /home/airflow/.local/lib/python3.8/site-packages/airflow/example_dags/example_complex.py
[2025-06-12T18:54:01.134+0000] {processor.py:840} INFO - DAG(s) 'example_complex' retrieved from /home/airflow/.local/lib/python3.8/site-packages/airflow/example_dags/example_complex.py
[2025-06-12T18:54:01.185+0000] {logging_mixin.py:188} INFO - [2025-06-12T18:54:01.184+0000] {dag.py:3036} INFO - Sync 1 DAGs
[2025-06-12T18:54:01.205+0000] {logging_mixin.py:188} INFO - [2025-06-12T18:54:01.205+0000] {dag.py:3823} INFO - Setting next_dagrun for example_complex to None, run_after=None
[2025-06-12T18:54:01.240+0000] {processor.py:183} INFO - Processing /home/airflow/.local/lib/python3.8/site-packages/airflow/example_dags/example_complex.py took 0.133 seconds
[2025-06-12T18:54:31.913+0000] {processor.py:161} INFO - Started process (PID=1606) to work on /home/airflow/.local/lib/python3.8/site-packages/airflow/example_dags/example_complex.py
[2025-06-12T18:54:31.915+0000] {processor.py:830} INFO - Processing file /home/airflow/.local/lib/python3.8/site-packages/airflow/example_dags/example_complex.py for tasks to queue
[2025-06-12T18:54:31.917+0000] {logging_mixin.py:188} INFO - [2025-06-12T18:54:31.917+0000] {dagbag.py:538} INFO - Filling up the DagBag from /home/airflow/.local/lib/python3.8/site-packages/airflow/example_dags/example_complex.py
[2025-06-12T18:54:31.934+0000] {processor.py:840} INFO - DAG(s) 'example_complex' retrieved from /home/airflow/.local/lib/python3.8/site-packages/airflow/example_dags/example_complex.py
[2025-06-12T18:54:31.990+0000] {logging_mixin.py:188} INFO - [2025-06-12T18:54:31.990+0000] {dag.py:3036} INFO - Sync 1 DAGs
[2025-06-12T18:54:32.014+0000] {logging_mixin.py:188} INFO - [2025-06-12T18:54:32.014+0000] {dag.py:3823} INFO - Setting next_dagrun for example_complex to None, run_after=None
[2025-06-12T18:54:32.047+0000] {processor.py:183} INFO - Processing /home/airflow/.local/lib/python3.8/site-packages/airflow/example_dags/example_complex.py took 0.139 seconds
[2025-06-12T18:55:03.364+0000] {processor.py:161} INFO - Started process (PID=1661) to work on /home/airflow/.local/lib/python3.8/site-packages/airflow/example_dags/example_complex.py
[2025-06-12T18:55:03.366+0000] {processor.py:830} INFO - Processing file /home/airflow/.local/lib/python3.8/site-packages/airflow/example_dags/example_complex.py for tasks to queue
[2025-06-12T18:55:03.370+0000] {logging_mixin.py:188} INFO - [2025-06-12T18:55:03.368+0000] {dagbag.py:538} INFO - Filling up the DagBag from /home/airflow/.local/lib/python3.8/site-packages/airflow/example_dags/example_complex.py
[2025-06-12T18:55:03.387+0000] {processor.py:840} INFO - DAG(s) 'example_complex' retrieved from /home/airflow/.local/lib/python3.8/site-packages/airflow/example_dags/example_complex.py
[2025-06-12T18:55:03.434+0000] {logging_mixin.py:188} INFO - [2025-06-12T18:55:03.434+0000] {dag.py:3036} INFO - Sync 1 DAGs
[2025-06-12T18:55:03.454+0000] {logging_mixin.py:188} INFO - [2025-06-12T18:55:03.454+0000] {dag.py:3823} INFO - Setting next_dagrun for example_complex to None, run_after=None
[2025-06-12T18:55:03.487+0000] {processor.py:183} INFO - Processing /home/airflow/.local/lib/python3.8/site-packages/airflow/example_dags/example_complex.py took 0.129 seconds
[2025-06-12T18:55:34.315+0000] {processor.py:161} INFO - Started process (PID=1716) to work on /home/airflow/.local/lib/python3.8/site-packages/airflow/example_dags/example_complex.py
[2025-06-12T18:55:34.317+0000] {processor.py:830} INFO - Processing file /home/airflow/.local/lib/python3.8/site-packages/airflow/example_dags/example_complex.py for tasks to queue
[2025-06-12T18:55:34.320+0000] {logging_mixin.py:188} INFO - [2025-06-12T18:55:34.319+0000] {dagbag.py:538} INFO - Filling up the DagBag from /home/airflow/.local/lib/python3.8/site-packages/airflow/example_dags/example_complex.py
[2025-06-12T18:55:34.343+0000] {processor.py:840} INFO - DAG(s) 'example_complex' retrieved from /home/airflow/.local/lib/python3.8/site-packages/airflow/example_dags/example_complex.py
[2025-06-12T18:55:34.402+0000] {logging_mixin.py:188} INFO - [2025-06-12T18:55:34.402+0000] {dag.py:3036} INFO - Sync 1 DAGs
[2025-06-12T18:55:34.424+0000] {logging_mixin.py:188} INFO - [2025-06-12T18:55:34.424+0000] {dag.py:3823} INFO - Setting next_dagrun for example_complex to None, run_after=None
[2025-06-12T18:55:34.473+0000] {processor.py:183} INFO - Processing /home/airflow/.local/lib/python3.8/site-packages/airflow/example_dags/example_complex.py took 0.165 seconds
[2025-06-12T18:56:05.696+0000] {processor.py:161} INFO - Started process (PID=1771) to work on /home/airflow/.local/lib/python3.8/site-packages/airflow/example_dags/example_complex.py
[2025-06-12T18:56:05.698+0000] {processor.py:830} INFO - Processing file /home/airflow/.local/lib/python3.8/site-packages/airflow/example_dags/example_complex.py for tasks to queue
[2025-06-12T18:56:05.700+0000] {logging_mixin.py:188} INFO - [2025-06-12T18:56:05.699+0000] {dagbag.py:538} INFO - Filling up the DagBag from /home/airflow/.local/lib/python3.8/site-packages/airflow/example_dags/example_complex.py
[2025-06-12T18:56:05.717+0000] {processor.py:840} INFO - DAG(s) 'example_complex' retrieved from /home/airflow/.local/lib/python3.8/site-packages/airflow/example_dags/example_complex.py
[2025-06-12T18:56:05.766+0000] {logging_mixin.py:188} INFO - [2025-06-12T18:56:05.766+0000] {dag.py:3036} INFO - Sync 1 DAGs
[2025-06-12T18:56:05.786+0000] {logging_mixin.py:188} INFO - [2025-06-12T18:56:05.785+0000] {dag.py:3823} INFO - Setting next_dagrun for example_complex to None, run_after=None
[2025-06-12T18:56:05.819+0000] {processor.py:183} INFO - Processing /home/airflow/.local/lib/python3.8/site-packages/airflow/example_dags/example_complex.py took 0.129 seconds
[2025-06-12T18:56:36.327+0000] {processor.py:161} INFO - Started process (PID=1826) to work on /home/airflow/.local/lib/python3.8/site-packages/airflow/example_dags/example_complex.py
[2025-06-12T18:56:36.329+0000] {processor.py:830} INFO - Processing file /home/airflow/.local/lib/python3.8/site-packages/airflow/example_dags/example_complex.py for tasks to queue
[2025-06-12T18:56:36.330+0000] {logging_mixin.py:188} INFO - [2025-06-12T18:56:36.330+0000] {dagbag.py:538} INFO - Filling up the DagBag from /home/airflow/.local/lib/python3.8/site-packages/airflow/example_dags/example_complex.py
[2025-06-12T18:56:36.347+0000] {processor.py:840} INFO - DAG(s) 'example_complex' retrieved from /home/airflow/.local/lib/python3.8/site-packages/airflow/example_dags/example_complex.py
[2025-06-12T18:56:36.401+0000] {logging_mixin.py:188} INFO - [2025-06-12T18:56:36.400+0000] {dag.py:3036} INFO - Sync 1 DAGs
[2025-06-12T18:56:36.419+0000] {logging_mixin.py:188} INFO - [2025-06-12T18:56:36.419+0000] {dag.py:3823} INFO - Setting next_dagrun for example_complex to None, run_after=None
[2025-06-12T18:56:36.471+0000] {processor.py:183} INFO - Processing /home/airflow/.local/lib/python3.8/site-packages/airflow/example_dags/example_complex.py took 0.150 seconds
[2025-06-12T18:57:07.195+0000] {processor.py:161} INFO - Started process (PID=1881) to work on /home/airflow/.local/lib/python3.8/site-packages/airflow/example_dags/example_complex.py
[2025-06-12T18:57:07.198+0000] {processor.py:830} INFO - Processing file /home/airflow/.local/lib/python3.8/site-packages/airflow/example_dags/example_complex.py for tasks to queue
[2025-06-12T18:57:07.200+0000] {logging_mixin.py:188} INFO - [2025-06-12T18:57:07.199+0000] {dagbag.py:538} INFO - Filling up the DagBag from /home/airflow/.local/lib/python3.8/site-packages/airflow/example_dags/example_complex.py
[2025-06-12T18:57:07.218+0000] {processor.py:840} INFO - DAG(s) 'example_complex' retrieved from /home/airflow/.local/lib/python3.8/site-packages/airflow/example_dags/example_complex.py
[2025-06-12T18:57:07.269+0000] {logging_mixin.py:188} INFO - [2025-06-12T18:57:07.269+0000] {dag.py:3036} INFO - Sync 1 DAGs
[2025-06-12T18:57:07.292+0000] {logging_mixin.py:188} INFO - [2025-06-12T18:57:07.291+0000] {dag.py:3823} INFO - Setting next_dagrun for example_complex to None, run_after=None
[2025-06-12T18:57:07.329+0000] {processor.py:183} INFO - Processing /home/airflow/.local/lib/python3.8/site-packages/airflow/example_dags/example_complex.py took 0.139 seconds
[2025-06-12T18:57:45.107+0000] {processor.py:161} INFO - Started process (PID=1936) to work on /home/airflow/.local/lib/python3.8/site-packages/airflow/example_dags/example_complex.py
[2025-06-12T18:57:45.109+0000] {processor.py:830} INFO - Processing file /home/airflow/.local/lib/python3.8/site-packages/airflow/example_dags/example_complex.py for tasks to queue
[2025-06-12T18:57:45.111+0000] {logging_mixin.py:188} INFO - [2025-06-12T18:57:45.111+0000] {dagbag.py:538} INFO - Filling up the DagBag from /home/airflow/.local/lib/python3.8/site-packages/airflow/example_dags/example_complex.py
[2025-06-12T18:57:45.128+0000] {processor.py:840} INFO - DAG(s) 'example_complex' retrieved from /home/airflow/.local/lib/python3.8/site-packages/airflow/example_dags/example_complex.py
[2025-06-12T18:57:45.178+0000] {logging_mixin.py:188} INFO - [2025-06-12T18:57:45.177+0000] {dag.py:3036} INFO - Sync 1 DAGs
[2025-06-12T18:57:45.207+0000] {logging_mixin.py:188} INFO - [2025-06-12T18:57:45.207+0000] {dag.py:3823} INFO - Setting next_dagrun for example_complex to None, run_after=None
[2025-06-12T18:57:45.260+0000] {processor.py:183} INFO - Processing /home/airflow/.local/lib/python3.8/site-packages/airflow/example_dags/example_complex.py took 0.168 seconds
[2025-06-12T18:58:16.041+0000] {processor.py:161} INFO - Started process (PID=1992) to work on /home/airflow/.local/lib/python3.8/site-packages/airflow/example_dags/example_complex.py
[2025-06-12T18:58:16.043+0000] {processor.py:830} INFO - Processing file /home/airflow/.local/lib/python3.8/site-packages/airflow/example_dags/example_complex.py for tasks to queue
[2025-06-12T18:58:16.046+0000] {logging_mixin.py:188} INFO - [2025-06-12T18:58:16.045+0000] {dagbag.py:538} INFO - Filling up the DagBag from /home/airflow/.local/lib/python3.8/site-packages/airflow/example_dags/example_complex.py
[2025-06-12T18:58:16.066+0000] {processor.py:840} INFO - DAG(s) 'example_complex' retrieved from /home/airflow/.local/lib/python3.8/site-packages/airflow/example_dags/example_complex.py
[2025-06-12T18:58:16.131+0000] {logging_mixin.py:188} INFO - [2025-06-12T18:58:16.131+0000] {dag.py:3036} INFO - Sync 1 DAGs
[2025-06-12T18:58:16.153+0000] {logging_mixin.py:188} INFO - [2025-06-12T18:58:16.152+0000] {dag.py:3823} INFO - Setting next_dagrun for example_complex to None, run_after=None
[2025-06-12T18:58:16.192+0000] {processor.py:183} INFO - Processing /home/airflow/.local/lib/python3.8/site-packages/airflow/example_dags/example_complex.py took 0.157 seconds
[2025-06-12T18:58:46.494+0000] {processor.py:161} INFO - Started process (PID=2047) to work on /home/airflow/.local/lib/python3.8/site-packages/airflow/example_dags/example_complex.py
[2025-06-12T18:58:46.496+0000] {processor.py:830} INFO - Processing file /home/airflow/.local/lib/python3.8/site-packages/airflow/example_dags/example_complex.py for tasks to queue
[2025-06-12T18:58:46.498+0000] {logging_mixin.py:188} INFO - [2025-06-12T18:58:46.497+0000] {dagbag.py:538} INFO - Filling up the DagBag from /home/airflow/.local/lib/python3.8/site-packages/airflow/example_dags/example_complex.py
[2025-06-12T18:58:46.516+0000] {processor.py:840} INFO - DAG(s) 'example_complex' retrieved from /home/airflow/.local/lib/python3.8/site-packages/airflow/example_dags/example_complex.py
[2025-06-12T18:58:46.564+0000] {logging_mixin.py:188} INFO - [2025-06-12T18:58:46.564+0000] {dag.py:3036} INFO - Sync 1 DAGs
[2025-06-12T18:58:46.586+0000] {logging_mixin.py:188} INFO - [2025-06-12T18:58:46.586+0000] {dag.py:3823} INFO - Setting next_dagrun for example_complex to None, run_after=None
[2025-06-12T18:58:46.620+0000] {processor.py:183} INFO - Processing /home/airflow/.local/lib/python3.8/site-packages/airflow/example_dags/example_complex.py took 0.133 seconds
[2025-06-12T18:59:20.408+0000] {processor.py:161} INFO - Started process (PID=2108) to work on /home/airflow/.local/lib/python3.8/site-packages/airflow/example_dags/example_complex.py
[2025-06-12T18:59:20.413+0000] {processor.py:830} INFO - Processing file /home/airflow/.local/lib/python3.8/site-packages/airflow/example_dags/example_complex.py for tasks to queue
[2025-06-12T18:59:20.417+0000] {logging_mixin.py:188} INFO - [2025-06-12T18:59:20.416+0000] {dagbag.py:538} INFO - Filling up the DagBag from /home/airflow/.local/lib/python3.8/site-packages/airflow/example_dags/example_complex.py
[2025-06-12T18:59:20.494+0000] {processor.py:840} INFO - DAG(s) 'example_complex' retrieved from /home/airflow/.local/lib/python3.8/site-packages/airflow/example_dags/example_complex.py
[2025-06-12T18:59:20.575+0000] {logging_mixin.py:188} INFO - [2025-06-12T18:59:20.574+0000] {dag.py:3036} INFO - Sync 1 DAGs
[2025-06-12T18:59:20.605+0000] {logging_mixin.py:188} INFO - [2025-06-12T18:59:20.605+0000] {dag.py:3823} INFO - Setting next_dagrun for example_complex to None, run_after=None
[2025-06-12T18:59:20.656+0000] {processor.py:183} INFO - Processing /home/airflow/.local/lib/python3.8/site-packages/airflow/example_dags/example_complex.py took 0.265 seconds
[2025-06-12T18:59:52.953+0000] {processor.py:161} INFO - Started process (PID=2163) to work on /home/airflow/.local/lib/python3.8/site-packages/airflow/example_dags/example_complex.py
[2025-06-12T18:59:52.957+0000] {processor.py:830} INFO - Processing file /home/airflow/.local/lib/python3.8/site-packages/airflow/example_dags/example_complex.py for tasks to queue
[2025-06-12T18:59:52.960+0000] {logging_mixin.py:188} INFO - [2025-06-12T18:59:52.959+0000] {dagbag.py:538} INFO - Filling up the DagBag from /home/airflow/.local/lib/python3.8/site-packages/airflow/example_dags/example_complex.py
[2025-06-12T18:59:52.997+0000] {processor.py:840} INFO - DAG(s) 'example_complex' retrieved from /home/airflow/.local/lib/python3.8/site-packages/airflow/example_dags/example_complex.py
[2025-06-12T18:59:53.087+0000] {logging_mixin.py:188} INFO - [2025-06-12T18:59:53.086+0000] {dag.py:3036} INFO - Sync 1 DAGs
[2025-06-12T18:59:53.116+0000] {logging_mixin.py:188} INFO - [2025-06-12T18:59:53.115+0000] {dag.py:3823} INFO - Setting next_dagrun for example_complex to None, run_after=None
[2025-06-12T18:59:53.164+0000] {processor.py:183} INFO - Processing /home/airflow/.local/lib/python3.8/site-packages/airflow/example_dags/example_complex.py took 0.222 seconds
[2025-06-12T19:00:24.029+0000] {processor.py:161} INFO - Started process (PID=2219) to work on /home/airflow/.local/lib/python3.8/site-packages/airflow/example_dags/example_complex.py
[2025-06-12T19:00:24.036+0000] {processor.py:830} INFO - Processing file /home/airflow/.local/lib/python3.8/site-packages/airflow/example_dags/example_complex.py for tasks to queue
[2025-06-12T19:00:24.041+0000] {logging_mixin.py:188} INFO - [2025-06-12T19:00:24.039+0000] {dagbag.py:538} INFO - Filling up the DagBag from /home/airflow/.local/lib/python3.8/site-packages/airflow/example_dags/example_complex.py
[2025-06-12T19:00:24.105+0000] {processor.py:840} INFO - DAG(s) 'example_complex' retrieved from /home/airflow/.local/lib/python3.8/site-packages/airflow/example_dags/example_complex.py
[2025-06-12T19:00:24.218+0000] {logging_mixin.py:188} INFO - [2025-06-12T19:00:24.218+0000] {dag.py:3036} INFO - Sync 1 DAGs
[2025-06-12T19:00:24.265+0000] {logging_mixin.py:188} INFO - [2025-06-12T19:00:24.265+0000] {dag.py:3823} INFO - Setting next_dagrun for example_complex to None, run_after=None
[2025-06-12T19:00:24.339+0000] {processor.py:183} INFO - Processing /home/airflow/.local/lib/python3.8/site-packages/airflow/example_dags/example_complex.py took 0.330 seconds
[2025-06-12T19:00:57.216+0000] {processor.py:161} INFO - Started process (PID=2274) to work on /home/airflow/.local/lib/python3.8/site-packages/airflow/example_dags/example_complex.py
[2025-06-12T19:00:57.220+0000] {processor.py:830} INFO - Processing file /home/airflow/.local/lib/python3.8/site-packages/airflow/example_dags/example_complex.py for tasks to queue
[2025-06-12T19:00:57.224+0000] {logging_mixin.py:188} INFO - [2025-06-12T19:00:57.223+0000] {dagbag.py:538} INFO - Filling up the DagBag from /home/airflow/.local/lib/python3.8/site-packages/airflow/example_dags/example_complex.py
[2025-06-12T19:00:57.271+0000] {processor.py:840} INFO - DAG(s) 'example_complex' retrieved from /home/airflow/.local/lib/python3.8/site-packages/airflow/example_dags/example_complex.py
[2025-06-12T19:00:57.496+0000] {logging_mixin.py:188} INFO - [2025-06-12T19:00:57.494+0000] {dag.py:3036} INFO - Sync 1 DAGs
[2025-06-12T19:00:57.588+0000] {logging_mixin.py:188} INFO - [2025-06-12T19:00:57.587+0000] {dag.py:3823} INFO - Setting next_dagrun for example_complex to None, run_after=None
[2025-06-12T19:00:57.687+0000] {processor.py:183} INFO - Processing /home/airflow/.local/lib/python3.8/site-packages/airflow/example_dags/example_complex.py took 0.485 seconds
[2025-06-12T19:01:29.130+0000] {processor.py:161} INFO - Started process (PID=2329) to work on /home/airflow/.local/lib/python3.8/site-packages/airflow/example_dags/example_complex.py
[2025-06-12T19:01:29.133+0000] {processor.py:830} INFO - Processing file /home/airflow/.local/lib/python3.8/site-packages/airflow/example_dags/example_complex.py for tasks to queue
[2025-06-12T19:01:29.137+0000] {logging_mixin.py:188} INFO - [2025-06-12T19:01:29.136+0000] {dagbag.py:538} INFO - Filling up the DagBag from /home/airflow/.local/lib/python3.8/site-packages/airflow/example_dags/example_complex.py
[2025-06-12T19:01:29.175+0000] {processor.py:840} INFO - DAG(s) 'example_complex' retrieved from /home/airflow/.local/lib/python3.8/site-packages/airflow/example_dags/example_complex.py
[2025-06-12T19:01:29.276+0000] {logging_mixin.py:188} INFO - [2025-06-12T19:01:29.276+0000] {dag.py:3036} INFO - Sync 1 DAGs
[2025-06-12T19:01:29.313+0000] {logging_mixin.py:188} INFO - [2025-06-12T19:01:29.313+0000] {dag.py:3823} INFO - Setting next_dagrun for example_complex to None, run_after=None
[2025-06-12T19:01:29.371+0000] {processor.py:183} INFO - Processing /home/airflow/.local/lib/python3.8/site-packages/airflow/example_dags/example_complex.py took 0.254 seconds
[2025-06-12T19:02:01.603+0000] {processor.py:161} INFO - Started process (PID=2385) to work on /home/airflow/.local/lib/python3.8/site-packages/airflow/example_dags/example_complex.py
[2025-06-12T19:02:01.606+0000] {processor.py:830} INFO - Processing file /home/airflow/.local/lib/python3.8/site-packages/airflow/example_dags/example_complex.py for tasks to queue
[2025-06-12T19:02:01.609+0000] {logging_mixin.py:188} INFO - [2025-06-12T19:02:01.608+0000] {dagbag.py:538} INFO - Filling up the DagBag from /home/airflow/.local/lib/python3.8/site-packages/airflow/example_dags/example_complex.py
[2025-06-12T19:02:01.643+0000] {processor.py:840} INFO - DAG(s) 'example_complex' retrieved from /home/airflow/.local/lib/python3.8/site-packages/airflow/example_dags/example_complex.py
[2025-06-12T19:02:01.731+0000] {logging_mixin.py:188} INFO - [2025-06-12T19:02:01.731+0000] {dag.py:3036} INFO - Sync 1 DAGs
[2025-06-12T19:02:01.764+0000] {logging_mixin.py:188} INFO - [2025-06-12T19:02:01.764+0000] {dag.py:3823} INFO - Setting next_dagrun for example_complex to None, run_after=None
[2025-06-12T19:02:01.821+0000] {processor.py:183} INFO - Processing /home/airflow/.local/lib/python3.8/site-packages/airflow/example_dags/example_complex.py took 0.235 seconds
[2025-06-12T19:02:32.775+0000] {processor.py:161} INFO - Started process (PID=2438) to work on /home/airflow/.local/lib/python3.8/site-packages/airflow/example_dags/example_complex.py
[2025-06-12T19:02:32.779+0000] {processor.py:830} INFO - Processing file /home/airflow/.local/lib/python3.8/site-packages/airflow/example_dags/example_complex.py for tasks to queue
[2025-06-12T19:02:32.782+0000] {logging_mixin.py:188} INFO - [2025-06-12T19:02:32.781+0000] {dagbag.py:538} INFO - Filling up the DagBag from /home/airflow/.local/lib/python3.8/site-packages/airflow/example_dags/example_complex.py
[2025-06-12T19:02:32.814+0000] {processor.py:840} INFO - DAG(s) 'example_complex' retrieved from /home/airflow/.local/lib/python3.8/site-packages/airflow/example_dags/example_complex.py
[2025-06-12T19:02:32.910+0000] {logging_mixin.py:188} INFO - [2025-06-12T19:02:32.910+0000] {dag.py:3036} INFO - Sync 1 DAGs
[2025-06-12T19:02:32.941+0000] {logging_mixin.py:188} INFO - [2025-06-12T19:02:32.941+0000] {dag.py:3823} INFO - Setting next_dagrun for example_complex to None, run_after=None
[2025-06-12T19:02:32.999+0000] {processor.py:183} INFO - Processing /home/airflow/.local/lib/python3.8/site-packages/airflow/example_dags/example_complex.py took 0.234 seconds
[2025-06-12T19:03:03.625+0000] {processor.py:161} INFO - Started process (PID=2493) to work on /home/airflow/.local/lib/python3.8/site-packages/airflow/example_dags/example_complex.py
[2025-06-12T19:03:03.629+0000] {processor.py:830} INFO - Processing file /home/airflow/.local/lib/python3.8/site-packages/airflow/example_dags/example_complex.py for tasks to queue
[2025-06-12T19:03:03.633+0000] {logging_mixin.py:188} INFO - [2025-06-12T19:03:03.632+0000] {dagbag.py:538} INFO - Filling up the DagBag from /home/airflow/.local/lib/python3.8/site-packages/airflow/example_dags/example_complex.py
[2025-06-12T19:03:03.660+0000] {processor.py:840} INFO - DAG(s) 'example_complex' retrieved from /home/airflow/.local/lib/python3.8/site-packages/airflow/example_dags/example_complex.py
[2025-06-12T19:03:03.734+0000] {logging_mixin.py:188} INFO - [2025-06-12T19:03:03.733+0000] {dag.py:3036} INFO - Sync 1 DAGs
[2025-06-12T19:03:03.763+0000] {logging_mixin.py:188} INFO - [2025-06-12T19:03:03.763+0000] {dag.py:3823} INFO - Setting next_dagrun for example_complex to None, run_after=None
[2025-06-12T19:03:03.810+0000] {processor.py:183} INFO - Processing /home/airflow/.local/lib/python3.8/site-packages/airflow/example_dags/example_complex.py took 0.194 seconds
[2025-06-12T19:03:34.081+0000] {processor.py:161} INFO - Started process (PID=2548) to work on /home/airflow/.local/lib/python3.8/site-packages/airflow/example_dags/example_complex.py
[2025-06-12T19:03:34.084+0000] {processor.py:830} INFO - Processing file /home/airflow/.local/lib/python3.8/site-packages/airflow/example_dags/example_complex.py for tasks to queue
[2025-06-12T19:03:34.087+0000] {logging_mixin.py:188} INFO - [2025-06-12T19:03:34.086+0000] {dagbag.py:538} INFO - Filling up the DagBag from /home/airflow/.local/lib/python3.8/site-packages/airflow/example_dags/example_complex.py
[2025-06-12T19:03:34.115+0000] {processor.py:840} INFO - DAG(s) 'example_complex' retrieved from /home/airflow/.local/lib/python3.8/site-packages/airflow/example_dags/example_complex.py
[2025-06-12T19:03:34.200+0000] {logging_mixin.py:188} INFO - [2025-06-12T19:03:34.200+0000] {dag.py:3036} INFO - Sync 1 DAGs
[2025-06-12T19:03:34.228+0000] {logging_mixin.py:188} INFO - [2025-06-12T19:03:34.228+0000] {dag.py:3823} INFO - Setting next_dagrun for example_complex to None, run_after=None
[2025-06-12T19:03:34.278+0000] {processor.py:183} INFO - Processing /home/airflow/.local/lib/python3.8/site-packages/airflow/example_dags/example_complex.py took 0.206 seconds
[2025-06-12T19:04:05.399+0000] {processor.py:161} INFO - Started process (PID=2603) to work on /home/airflow/.local/lib/python3.8/site-packages/airflow/example_dags/example_complex.py
[2025-06-12T19:04:05.403+0000] {processor.py:830} INFO - Processing file /home/airflow/.local/lib/python3.8/site-packages/airflow/example_dags/example_complex.py for tasks to queue
[2025-06-12T19:04:05.406+0000] {logging_mixin.py:188} INFO - [2025-06-12T19:04:05.405+0000] {dagbag.py:538} INFO - Filling up the DagBag from /home/airflow/.local/lib/python3.8/site-packages/airflow/example_dags/example_complex.py
[2025-06-12T19:04:05.436+0000] {processor.py:840} INFO - DAG(s) 'example_complex' retrieved from /home/airflow/.local/lib/python3.8/site-packages/airflow/example_dags/example_complex.py
[2025-06-12T19:04:05.516+0000] {logging_mixin.py:188} INFO - [2025-06-12T19:04:05.516+0000] {dag.py:3036} INFO - Sync 1 DAGs
[2025-06-12T19:04:05.548+0000] {logging_mixin.py:188} INFO - [2025-06-12T19:04:05.547+0000] {dag.py:3823} INFO - Setting next_dagrun for example_complex to None, run_after=None
[2025-06-12T19:04:05.597+0000] {processor.py:183} INFO - Processing /home/airflow/.local/lib/python3.8/site-packages/airflow/example_dags/example_complex.py took 0.208 seconds
[2025-06-12T19:04:37.300+0000] {processor.py:161} INFO - Started process (PID=2660) to work on /home/airflow/.local/lib/python3.8/site-packages/airflow/example_dags/example_complex.py
[2025-06-12T19:04:37.304+0000] {processor.py:830} INFO - Processing file /home/airflow/.local/lib/python3.8/site-packages/airflow/example_dags/example_complex.py for tasks to queue
[2025-06-12T19:04:37.310+0000] {logging_mixin.py:188} INFO - [2025-06-12T19:04:37.309+0000] {dagbag.py:538} INFO - Filling up the DagBag from /home/airflow/.local/lib/python3.8/site-packages/airflow/example_dags/example_complex.py
[2025-06-12T19:04:37.364+0000] {processor.py:840} INFO - DAG(s) 'example_complex' retrieved from /home/airflow/.local/lib/python3.8/site-packages/airflow/example_dags/example_complex.py
[2025-06-12T19:04:37.454+0000] {logging_mixin.py:188} INFO - [2025-06-12T19:04:37.454+0000] {dag.py:3036} INFO - Sync 1 DAGs
[2025-06-12T19:04:37.496+0000] {logging_mixin.py:188} INFO - [2025-06-12T19:04:37.495+0000] {dag.py:3823} INFO - Setting next_dagrun for example_complex to None, run_after=None
[2025-06-12T19:04:37.893+0000] {processor.py:183} INFO - Processing /home/airflow/.local/lib/python3.8/site-packages/airflow/example_dags/example_complex.py took 0.606 seconds
[2025-06-12T19:05:08.349+0000] {processor.py:161} INFO - Started process (PID=2716) to work on /home/airflow/.local/lib/python3.8/site-packages/airflow/example_dags/example_complex.py
[2025-06-12T19:05:08.353+0000] {processor.py:830} INFO - Processing file /home/airflow/.local/lib/python3.8/site-packages/airflow/example_dags/example_complex.py for tasks to queue
[2025-06-12T19:05:08.357+0000] {logging_mixin.py:188} INFO - [2025-06-12T19:05:08.356+0000] {dagbag.py:538} INFO - Filling up the DagBag from /home/airflow/.local/lib/python3.8/site-packages/airflow/example_dags/example_complex.py
[2025-06-12T19:05:08.389+0000] {processor.py:840} INFO - DAG(s) 'example_complex' retrieved from /home/airflow/.local/lib/python3.8/site-packages/airflow/example_dags/example_complex.py
[2025-06-12T19:05:08.480+0000] {logging_mixin.py:188} INFO - [2025-06-12T19:05:08.479+0000] {dag.py:3036} INFO - Sync 1 DAGs
[2025-06-12T19:05:08.521+0000] {logging_mixin.py:188} INFO - [2025-06-12T19:05:08.520+0000] {dag.py:3823} INFO - Setting next_dagrun for example_complex to None, run_after=None
[2025-06-12T19:05:08.585+0000] {processor.py:183} INFO - Processing /home/airflow/.local/lib/python3.8/site-packages/airflow/example_dags/example_complex.py took 0.255 seconds
[2025-06-12T19:05:39.457+0000] {processor.py:161} INFO - Started process (PID=2772) to work on /home/airflow/.local/lib/python3.8/site-packages/airflow/example_dags/example_complex.py
[2025-06-12T19:05:39.464+0000] {processor.py:830} INFO - Processing file /home/airflow/.local/lib/python3.8/site-packages/airflow/example_dags/example_complex.py for tasks to queue
[2025-06-12T19:05:39.469+0000] {logging_mixin.py:188} INFO - [2025-06-12T19:05:39.467+0000] {dagbag.py:538} INFO - Filling up the DagBag from /home/airflow/.local/lib/python3.8/site-packages/airflow/example_dags/example_complex.py
[2025-06-12T19:05:39.514+0000] {processor.py:840} INFO - DAG(s) 'example_complex' retrieved from /home/airflow/.local/lib/python3.8/site-packages/airflow/example_dags/example_complex.py
[2025-06-12T19:05:39.725+0000] {logging_mixin.py:188} INFO - [2025-06-12T19:05:39.724+0000] {dag.py:3036} INFO - Sync 1 DAGs
[2025-06-12T19:05:39.768+0000] {logging_mixin.py:188} INFO - [2025-06-12T19:05:39.768+0000] {dag.py:3823} INFO - Setting next_dagrun for example_complex to None, run_after=None
[2025-06-12T19:05:39.840+0000] {processor.py:183} INFO - Processing /home/airflow/.local/lib/python3.8/site-packages/airflow/example_dags/example_complex.py took 0.407 seconds
[2025-06-12T19:06:10.480+0000] {processor.py:161} INFO - Started process (PID=2827) to work on /home/airflow/.local/lib/python3.8/site-packages/airflow/example_dags/example_complex.py
[2025-06-12T19:06:10.485+0000] {processor.py:830} INFO - Processing file /home/airflow/.local/lib/python3.8/site-packages/airflow/example_dags/example_complex.py for tasks to queue
[2025-06-12T19:06:10.488+0000] {logging_mixin.py:188} INFO - [2025-06-12T19:06:10.487+0000] {dagbag.py:538} INFO - Filling up the DagBag from /home/airflow/.local/lib/python3.8/site-packages/airflow/example_dags/example_complex.py
[2025-06-12T19:06:10.527+0000] {processor.py:840} INFO - DAG(s) 'example_complex' retrieved from /home/airflow/.local/lib/python3.8/site-packages/airflow/example_dags/example_complex.py
[2025-06-12T19:06:10.612+0000] {logging_mixin.py:188} INFO - [2025-06-12T19:06:10.612+0000] {dag.py:3036} INFO - Sync 1 DAGs
[2025-06-12T19:06:10.648+0000] {logging_mixin.py:188} INFO - [2025-06-12T19:06:10.648+0000] {dag.py:3823} INFO - Setting next_dagrun for example_complex to None, run_after=None
[2025-06-12T19:06:10.699+0000] {processor.py:183} INFO - Processing /home/airflow/.local/lib/python3.8/site-packages/airflow/example_dags/example_complex.py took 0.231 seconds
[2025-06-12T19:06:41.956+0000] {processor.py:161} INFO - Started process (PID=2883) to work on /home/airflow/.local/lib/python3.8/site-packages/airflow/example_dags/example_complex.py
[2025-06-12T19:06:41.960+0000] {processor.py:830} INFO - Processing file /home/airflow/.local/lib/python3.8/site-packages/airflow/example_dags/example_complex.py for tasks to queue
[2025-06-12T19:06:41.965+0000] {logging_mixin.py:188} INFO - [2025-06-12T19:06:41.964+0000] {dagbag.py:538} INFO - Filling up the DagBag from /home/airflow/.local/lib/python3.8/site-packages/airflow/example_dags/example_complex.py
[2025-06-12T19:06:42.386+0000] {processor.py:840} INFO - DAG(s) 'example_complex' retrieved from /home/airflow/.local/lib/python3.8/site-packages/airflow/example_dags/example_complex.py
[2025-06-12T19:06:42.490+0000] {logging_mixin.py:188} INFO - [2025-06-12T19:06:42.490+0000] {dag.py:3036} INFO - Sync 1 DAGs
[2025-06-12T19:06:42.516+0000] {logging_mixin.py:188} INFO - [2025-06-12T19:06:42.515+0000] {dag.py:3823} INFO - Setting next_dagrun for example_complex to None, run_after=None
[2025-06-12T19:06:42.570+0000] {processor.py:183} INFO - Processing /home/airflow/.local/lib/python3.8/site-packages/airflow/example_dags/example_complex.py took 0.628 seconds
