[2025-06-12T18:35:23.651+0000] {processor.py:161} INFO - Started process (PID=123) to work on /home/airflow/.local/lib/python3.8/site-packages/airflow/example_dags/example_task_group_decorator.py
[2025-06-12T18:35:23.654+0000] {processor.py:830} INFO - Processing file /home/airflow/.local/lib/python3.8/site-packages/airflow/example_dags/example_task_group_decorator.py for tasks to queue
[2025-06-12T18:35:23.659+0000] {logging_mixin.py:188} INFO - [2025-06-12T18:35:23.658+0000] {dagbag.py:538} INFO - Filling up the DagBag from /home/airflow/.local/lib/python3.8/site-packages/airflow/example_dags/example_task_group_decorator.py
[2025-06-12T18:35:23.747+0000] {processor.py:840} INFO - DAG(s) 'example_task_group_decorator' retrieved from /home/airflow/.local/lib/python3.8/site-packages/airflow/example_dags/example_task_group_decorator.py
[2025-06-12T18:35:24.164+0000] {logging_mixin.py:188} INFO - [2025-06-12T18:35:24.163+0000] {dag.py:3036} INFO - Sync 1 DAGs
[2025-06-12T18:35:24.226+0000] {logging_mixin.py:188} INFO - [2025-06-12T18:35:24.225+0000] {dag.py:3823} INFO - Setting next_dagrun for example_task_group_decorator to 2025-06-11 00:00:00+00:00, run_after=2025-06-12 00:00:00+00:00
[2025-06-12T18:35:24.313+0000] {processor.py:183} INFO - Processing /home/airflow/.local/lib/python3.8/site-packages/airflow/example_dags/example_task_group_decorator.py took 0.670 seconds
[2025-06-12T18:35:54.415+0000] {processor.py:161} INFO - Started process (PID=180) to work on /home/airflow/.local/lib/python3.8/site-packages/airflow/example_dags/example_task_group_decorator.py
[2025-06-12T18:35:54.417+0000] {processor.py:830} INFO - Processing file /home/airflow/.local/lib/python3.8/site-packages/airflow/example_dags/example_task_group_decorator.py for tasks to queue
[2025-06-12T18:35:54.426+0000] {logging_mixin.py:188} INFO - [2025-06-12T18:35:54.424+0000] {dagbag.py:538} INFO - Filling up the DagBag from /home/airflow/.local/lib/python3.8/site-packages/airflow/example_dags/example_task_group_decorator.py
[2025-06-12T18:35:54.449+0000] {processor.py:840} INFO - DAG(s) 'example_task_group_decorator' retrieved from /home/airflow/.local/lib/python3.8/site-packages/airflow/example_dags/example_task_group_decorator.py
[2025-06-12T18:35:54.491+0000] {logging_mixin.py:188} INFO - [2025-06-12T18:35:54.491+0000] {dag.py:3036} INFO - Sync 1 DAGs
[2025-06-12T18:35:54.523+0000] {logging_mixin.py:188} INFO - [2025-06-12T18:35:54.522+0000] {dag.py:3823} INFO - Setting next_dagrun for example_task_group_decorator to 2025-06-11 00:00:00+00:00, run_after=2025-06-12 00:00:00+00:00
[2025-06-12T18:35:54.555+0000] {processor.py:183} INFO - Processing /home/airflow/.local/lib/python3.8/site-packages/airflow/example_dags/example_task_group_decorator.py took 0.147 seconds
[2025-06-12T18:36:25.059+0000] {processor.py:161} INFO - Started process (PID=235) to work on /home/airflow/.local/lib/python3.8/site-packages/airflow/example_dags/example_task_group_decorator.py
[2025-06-12T18:36:25.061+0000] {processor.py:830} INFO - Processing file /home/airflow/.local/lib/python3.8/site-packages/airflow/example_dags/example_task_group_decorator.py for tasks to queue
[2025-06-12T18:36:25.066+0000] {logging_mixin.py:188} INFO - [2025-06-12T18:36:25.065+0000] {dagbag.py:538} INFO - Filling up the DagBag from /home/airflow/.local/lib/python3.8/site-packages/airflow/example_dags/example_task_group_decorator.py
[2025-06-12T18:36:25.089+0000] {processor.py:840} INFO - DAG(s) 'example_task_group_decorator' retrieved from /home/airflow/.local/lib/python3.8/site-packages/airflow/example_dags/example_task_group_decorator.py
[2025-06-12T18:36:25.112+0000] {logging_mixin.py:188} INFO - [2025-06-12T18:36:25.111+0000] {dag.py:3036} INFO - Sync 1 DAGs
[2025-06-12T18:36:25.151+0000] {logging_mixin.py:188} INFO - [2025-06-12T18:36:25.150+0000] {dag.py:3823} INFO - Setting next_dagrun for example_task_group_decorator to 2025-06-11 00:00:00+00:00, run_after=2025-06-12 00:00:00+00:00
[2025-06-12T18:36:25.184+0000] {processor.py:183} INFO - Processing /home/airflow/.local/lib/python3.8/site-packages/airflow/example_dags/example_task_group_decorator.py took 0.130 seconds
[2025-06-12T18:36:55.929+0000] {processor.py:161} INFO - Started process (PID=289) to work on /home/airflow/.local/lib/python3.8/site-packages/airflow/example_dags/example_task_group_decorator.py
[2025-06-12T18:36:55.934+0000] {processor.py:830} INFO - Processing file /home/airflow/.local/lib/python3.8/site-packages/airflow/example_dags/example_task_group_decorator.py for tasks to queue
[2025-06-12T18:36:55.940+0000] {logging_mixin.py:188} INFO - [2025-06-12T18:36:55.939+0000] {dagbag.py:538} INFO - Filling up the DagBag from /home/airflow/.local/lib/python3.8/site-packages/airflow/example_dags/example_task_group_decorator.py
[2025-06-12T18:36:55.962+0000] {processor.py:840} INFO - DAG(s) 'example_task_group_decorator' retrieved from /home/airflow/.local/lib/python3.8/site-packages/airflow/example_dags/example_task_group_decorator.py
[2025-06-12T18:36:56.125+0000] {logging_mixin.py:188} INFO - [2025-06-12T18:36:56.124+0000] {dag.py:3036} INFO - Sync 1 DAGs
[2025-06-12T18:36:56.157+0000] {logging_mixin.py:188} INFO - [2025-06-12T18:36:56.157+0000] {dag.py:3823} INFO - Setting next_dagrun for example_task_group_decorator to 2025-06-11 00:00:00+00:00, run_after=2025-06-12 00:00:00+00:00
[2025-06-12T18:36:56.191+0000] {processor.py:183} INFO - Processing /home/airflow/.local/lib/python3.8/site-packages/airflow/example_dags/example_task_group_decorator.py took 0.269 seconds
[2025-06-12T18:37:26.480+0000] {processor.py:161} INFO - Started process (PID=346) to work on /home/airflow/.local/lib/python3.8/site-packages/airflow/example_dags/example_task_group_decorator.py
[2025-06-12T18:37:26.482+0000] {processor.py:830} INFO - Processing file /home/airflow/.local/lib/python3.8/site-packages/airflow/example_dags/example_task_group_decorator.py for tasks to queue
[2025-06-12T18:37:26.486+0000] {logging_mixin.py:188} INFO - [2025-06-12T18:37:26.485+0000] {dagbag.py:538} INFO - Filling up the DagBag from /home/airflow/.local/lib/python3.8/site-packages/airflow/example_dags/example_task_group_decorator.py
[2025-06-12T18:37:26.507+0000] {processor.py:840} INFO - DAG(s) 'example_task_group_decorator' retrieved from /home/airflow/.local/lib/python3.8/site-packages/airflow/example_dags/example_task_group_decorator.py
[2025-06-12T18:37:26.550+0000] {logging_mixin.py:188} INFO - [2025-06-12T18:37:26.549+0000] {dag.py:3036} INFO - Sync 1 DAGs
[2025-06-12T18:37:26.586+0000] {logging_mixin.py:188} INFO - [2025-06-12T18:37:26.585+0000] {dag.py:3823} INFO - Setting next_dagrun for example_task_group_decorator to 2025-06-11 00:00:00+00:00, run_after=2025-06-12 00:00:00+00:00
[2025-06-12T18:37:26.621+0000] {processor.py:183} INFO - Processing /home/airflow/.local/lib/python3.8/site-packages/airflow/example_dags/example_task_group_decorator.py took 0.146 seconds
[2025-06-12T18:37:57.208+0000] {processor.py:161} INFO - Started process (PID=401) to work on /home/airflow/.local/lib/python3.8/site-packages/airflow/example_dags/example_task_group_decorator.py
[2025-06-12T18:37:57.210+0000] {processor.py:830} INFO - Processing file /home/airflow/.local/lib/python3.8/site-packages/airflow/example_dags/example_task_group_decorator.py for tasks to queue
[2025-06-12T18:37:57.214+0000] {logging_mixin.py:188} INFO - [2025-06-12T18:37:57.213+0000] {dagbag.py:538} INFO - Filling up the DagBag from /home/airflow/.local/lib/python3.8/site-packages/airflow/example_dags/example_task_group_decorator.py
[2025-06-12T18:37:57.244+0000] {processor.py:840} INFO - DAG(s) 'example_task_group_decorator' retrieved from /home/airflow/.local/lib/python3.8/site-packages/airflow/example_dags/example_task_group_decorator.py
[2025-06-12T18:37:57.285+0000] {logging_mixin.py:188} INFO - [2025-06-12T18:37:57.285+0000] {dag.py:3036} INFO - Sync 1 DAGs
[2025-06-12T18:37:57.334+0000] {logging_mixin.py:188} INFO - [2025-06-12T18:37:57.333+0000] {dag.py:3823} INFO - Setting next_dagrun for example_task_group_decorator to 2025-06-11 00:00:00+00:00, run_after=2025-06-12 00:00:00+00:00
[2025-06-12T18:37:57.387+0000] {processor.py:183} INFO - Processing /home/airflow/.local/lib/python3.8/site-packages/airflow/example_dags/example_task_group_decorator.py took 0.186 seconds
[2025-06-12T18:38:27.937+0000] {processor.py:161} INFO - Started process (PID=453) to work on /home/airflow/.local/lib/python3.8/site-packages/airflow/example_dags/example_task_group_decorator.py
[2025-06-12T18:38:27.940+0000] {processor.py:830} INFO - Processing file /home/airflow/.local/lib/python3.8/site-packages/airflow/example_dags/example_task_group_decorator.py for tasks to queue
[2025-06-12T18:38:27.944+0000] {logging_mixin.py:188} INFO - [2025-06-12T18:38:27.943+0000] {dagbag.py:538} INFO - Filling up the DagBag from /home/airflow/.local/lib/python3.8/site-packages/airflow/example_dags/example_task_group_decorator.py
[2025-06-12T18:38:27.973+0000] {processor.py:840} INFO - DAG(s) 'example_task_group_decorator' retrieved from /home/airflow/.local/lib/python3.8/site-packages/airflow/example_dags/example_task_group_decorator.py
[2025-06-12T18:38:28.026+0000] {logging_mixin.py:188} INFO - [2025-06-12T18:38:28.025+0000] {dag.py:3036} INFO - Sync 1 DAGs
[2025-06-12T18:38:28.096+0000] {logging_mixin.py:188} INFO - [2025-06-12T18:38:28.095+0000] {dag.py:3823} INFO - Setting next_dagrun for example_task_group_decorator to 2025-06-11 00:00:00+00:00, run_after=2025-06-12 00:00:00+00:00
[2025-06-12T18:38:28.144+0000] {processor.py:183} INFO - Processing /home/airflow/.local/lib/python3.8/site-packages/airflow/example_dags/example_task_group_decorator.py took 0.214 seconds
[2025-06-12T18:38:58.964+0000] {processor.py:161} INFO - Started process (PID=506) to work on /home/airflow/.local/lib/python3.8/site-packages/airflow/example_dags/example_task_group_decorator.py
[2025-06-12T18:38:58.966+0000] {processor.py:830} INFO - Processing file /home/airflow/.local/lib/python3.8/site-packages/airflow/example_dags/example_task_group_decorator.py for tasks to queue
[2025-06-12T18:38:58.970+0000] {logging_mixin.py:188} INFO - [2025-06-12T18:38:58.969+0000] {dagbag.py:538} INFO - Filling up the DagBag from /home/airflow/.local/lib/python3.8/site-packages/airflow/example_dags/example_task_group_decorator.py
[2025-06-12T18:38:59.002+0000] {processor.py:840} INFO - DAG(s) 'example_task_group_decorator' retrieved from /home/airflow/.local/lib/python3.8/site-packages/airflow/example_dags/example_task_group_decorator.py
[2025-06-12T18:38:59.067+0000] {logging_mixin.py:188} INFO - [2025-06-12T18:38:59.066+0000] {dag.py:3036} INFO - Sync 1 DAGs
[2025-06-12T18:38:59.129+0000] {logging_mixin.py:188} INFO - [2025-06-12T18:38:59.128+0000] {dag.py:3823} INFO - Setting next_dagrun for example_task_group_decorator to 2025-06-11 00:00:00+00:00, run_after=2025-06-12 00:00:00+00:00
[2025-06-12T18:38:59.174+0000] {processor.py:183} INFO - Processing /home/airflow/.local/lib/python3.8/site-packages/airflow/example_dags/example_task_group_decorator.py took 0.217 seconds
[2025-06-12T18:39:29.435+0000] {processor.py:161} INFO - Started process (PID=561) to work on /home/airflow/.local/lib/python3.8/site-packages/airflow/example_dags/example_task_group_decorator.py
[2025-06-12T18:39:29.439+0000] {processor.py:830} INFO - Processing file /home/airflow/.local/lib/python3.8/site-packages/airflow/example_dags/example_task_group_decorator.py for tasks to queue
[2025-06-12T18:39:29.443+0000] {logging_mixin.py:188} INFO - [2025-06-12T18:39:29.442+0000] {dagbag.py:538} INFO - Filling up the DagBag from /home/airflow/.local/lib/python3.8/site-packages/airflow/example_dags/example_task_group_decorator.py
[2025-06-12T18:39:29.467+0000] {processor.py:840} INFO - DAG(s) 'example_task_group_decorator' retrieved from /home/airflow/.local/lib/python3.8/site-packages/airflow/example_dags/example_task_group_decorator.py
[2025-06-12T18:39:29.492+0000] {logging_mixin.py:188} INFO - [2025-06-12T18:39:29.492+0000] {dag.py:3036} INFO - Sync 1 DAGs
[2025-06-12T18:39:29.535+0000] {logging_mixin.py:188} INFO - [2025-06-12T18:39:29.534+0000] {dag.py:3823} INFO - Setting next_dagrun for example_task_group_decorator to 2025-06-11 00:00:00+00:00, run_after=2025-06-12 00:00:00+00:00
[2025-06-12T18:39:29.592+0000] {processor.py:183} INFO - Processing /home/airflow/.local/lib/python3.8/site-packages/airflow/example_dags/example_task_group_decorator.py took 0.162 seconds
[2025-06-12T18:40:00.521+0000] {processor.py:161} INFO - Started process (PID=616) to work on /home/airflow/.local/lib/python3.8/site-packages/airflow/example_dags/example_task_group_decorator.py
[2025-06-12T18:40:00.522+0000] {processor.py:830} INFO - Processing file /home/airflow/.local/lib/python3.8/site-packages/airflow/example_dags/example_task_group_decorator.py for tasks to queue
[2025-06-12T18:40:00.526+0000] {logging_mixin.py:188} INFO - [2025-06-12T18:40:00.525+0000] {dagbag.py:538} INFO - Filling up the DagBag from /home/airflow/.local/lib/python3.8/site-packages/airflow/example_dags/example_task_group_decorator.py
[2025-06-12T18:40:00.552+0000] {processor.py:840} INFO - DAG(s) 'example_task_group_decorator' retrieved from /home/airflow/.local/lib/python3.8/site-packages/airflow/example_dags/example_task_group_decorator.py
[2025-06-12T18:40:00.765+0000] {logging_mixin.py:188} INFO - [2025-06-12T18:40:00.764+0000] {dag.py:3036} INFO - Sync 1 DAGs
[2025-06-12T18:40:00.797+0000] {logging_mixin.py:188} INFO - [2025-06-12T18:40:00.796+0000] {dag.py:3823} INFO - Setting next_dagrun for example_task_group_decorator to 2025-06-11 00:00:00+00:00, run_after=2025-06-12 00:00:00+00:00
[2025-06-12T18:40:00.832+0000] {processor.py:183} INFO - Processing /home/airflow/.local/lib/python3.8/site-packages/airflow/example_dags/example_task_group_decorator.py took 0.316 seconds
[2025-06-12T18:40:39.533+0000] {processor.py:161} INFO - Started process (PID=671) to work on /home/airflow/.local/lib/python3.8/site-packages/airflow/example_dags/example_task_group_decorator.py
[2025-06-12T18:40:39.535+0000] {processor.py:830} INFO - Processing file /home/airflow/.local/lib/python3.8/site-packages/airflow/example_dags/example_task_group_decorator.py for tasks to queue
[2025-06-12T18:40:39.540+0000] {logging_mixin.py:188} INFO - [2025-06-12T18:40:39.539+0000] {dagbag.py:538} INFO - Filling up the DagBag from /home/airflow/.local/lib/python3.8/site-packages/airflow/example_dags/example_task_group_decorator.py
[2025-06-12T18:40:39.578+0000] {processor.py:840} INFO - DAG(s) 'example_task_group_decorator' retrieved from /home/airflow/.local/lib/python3.8/site-packages/airflow/example_dags/example_task_group_decorator.py
[2025-06-12T18:40:39.657+0000] {logging_mixin.py:188} INFO - [2025-06-12T18:40:39.656+0000] {dag.py:3036} INFO - Sync 1 DAGs
[2025-06-12T18:40:39.719+0000] {logging_mixin.py:188} INFO - [2025-06-12T18:40:39.719+0000] {dag.py:3823} INFO - Setting next_dagrun for example_task_group_decorator to 2025-06-11 00:00:00+00:00, run_after=2025-06-12 00:00:00+00:00
[2025-06-12T18:40:39.767+0000] {processor.py:183} INFO - Processing /home/airflow/.local/lib/python3.8/site-packages/airflow/example_dags/example_task_group_decorator.py took 0.243 seconds
[2025-06-12T18:46:20.207+0000] {processor.py:161} INFO - Started process (PID=730) to work on /home/airflow/.local/lib/python3.8/site-packages/airflow/example_dags/example_task_group_decorator.py
[2025-06-12T18:46:20.209+0000] {processor.py:830} INFO - Processing file /home/airflow/.local/lib/python3.8/site-packages/airflow/example_dags/example_task_group_decorator.py for tasks to queue
[2025-06-12T18:46:20.212+0000] {logging_mixin.py:188} INFO - [2025-06-12T18:46:20.211+0000] {dagbag.py:538} INFO - Filling up the DagBag from /home/airflow/.local/lib/python3.8/site-packages/airflow/example_dags/example_task_group_decorator.py
[2025-06-12T18:46:20.239+0000] {processor.py:840} INFO - DAG(s) 'example_task_group_decorator' retrieved from /home/airflow/.local/lib/python3.8/site-packages/airflow/example_dags/example_task_group_decorator.py
[2025-06-12T18:46:20.434+0000] {logging_mixin.py:188} INFO - [2025-06-12T18:46:20.434+0000] {dag.py:3036} INFO - Sync 1 DAGs
[2025-06-12T18:46:20.472+0000] {logging_mixin.py:188} INFO - [2025-06-12T18:46:20.472+0000] {dag.py:3823} INFO - Setting next_dagrun for example_task_group_decorator to 2025-06-11 00:00:00+00:00, run_after=2025-06-12 00:00:00+00:00
[2025-06-12T18:46:20.510+0000] {processor.py:183} INFO - Processing /home/airflow/.local/lib/python3.8/site-packages/airflow/example_dags/example_task_group_decorator.py took 0.311 seconds
[2025-06-12T18:46:50.885+0000] {processor.py:161} INFO - Started process (PID=786) to work on /home/airflow/.local/lib/python3.8/site-packages/airflow/example_dags/example_task_group_decorator.py
[2025-06-12T18:46:50.888+0000] {processor.py:830} INFO - Processing file /home/airflow/.local/lib/python3.8/site-packages/airflow/example_dags/example_task_group_decorator.py for tasks to queue
[2025-06-12T18:46:50.891+0000] {logging_mixin.py:188} INFO - [2025-06-12T18:46:50.891+0000] {dagbag.py:538} INFO - Filling up the DagBag from /home/airflow/.local/lib/python3.8/site-packages/airflow/example_dags/example_task_group_decorator.py
[2025-06-12T18:46:50.942+0000] {processor.py:840} INFO - DAG(s) 'example_task_group_decorator' retrieved from /home/airflow/.local/lib/python3.8/site-packages/airflow/example_dags/example_task_group_decorator.py
[2025-06-12T18:46:50.992+0000] {logging_mixin.py:188} INFO - [2025-06-12T18:46:50.992+0000] {dag.py:3036} INFO - Sync 1 DAGs
[2025-06-12T18:46:51.041+0000] {logging_mixin.py:188} INFO - [2025-06-12T18:46:51.041+0000] {dag.py:3823} INFO - Setting next_dagrun for example_task_group_decorator to 2025-06-11 00:00:00+00:00, run_after=2025-06-12 00:00:00+00:00
[2025-06-12T18:46:51.080+0000] {processor.py:183} INFO - Processing /home/airflow/.local/lib/python3.8/site-packages/airflow/example_dags/example_task_group_decorator.py took 0.203 seconds
[2025-06-12T18:47:21.500+0000] {processor.py:161} INFO - Started process (PID=841) to work on /home/airflow/.local/lib/python3.8/site-packages/airflow/example_dags/example_task_group_decorator.py
[2025-06-12T18:47:21.502+0000] {processor.py:830} INFO - Processing file /home/airflow/.local/lib/python3.8/site-packages/airflow/example_dags/example_task_group_decorator.py for tasks to queue
[2025-06-12T18:47:21.504+0000] {logging_mixin.py:188} INFO - [2025-06-12T18:47:21.503+0000] {dagbag.py:538} INFO - Filling up the DagBag from /home/airflow/.local/lib/python3.8/site-packages/airflow/example_dags/example_task_group_decorator.py
[2025-06-12T18:47:21.527+0000] {processor.py:840} INFO - DAG(s) 'example_task_group_decorator' retrieved from /home/airflow/.local/lib/python3.8/site-packages/airflow/example_dags/example_task_group_decorator.py
[2025-06-12T18:47:21.569+0000] {logging_mixin.py:188} INFO - [2025-06-12T18:47:21.568+0000] {dag.py:3036} INFO - Sync 1 DAGs
[2025-06-12T18:47:21.617+0000] {logging_mixin.py:188} INFO - [2025-06-12T18:47:21.616+0000] {dag.py:3823} INFO - Setting next_dagrun for example_task_group_decorator to 2025-06-11 00:00:00+00:00, run_after=2025-06-12 00:00:00+00:00
[2025-06-12T18:47:21.651+0000] {processor.py:183} INFO - Processing /home/airflow/.local/lib/python3.8/site-packages/airflow/example_dags/example_task_group_decorator.py took 0.156 seconds
[2025-06-12T18:47:51.864+0000] {processor.py:161} INFO - Started process (PID=896) to work on /home/airflow/.local/lib/python3.8/site-packages/airflow/example_dags/example_task_group_decorator.py
[2025-06-12T18:47:51.866+0000] {processor.py:830} INFO - Processing file /home/airflow/.local/lib/python3.8/site-packages/airflow/example_dags/example_task_group_decorator.py for tasks to queue
[2025-06-12T18:47:51.868+0000] {logging_mixin.py:188} INFO - [2025-06-12T18:47:51.867+0000] {dagbag.py:538} INFO - Filling up the DagBag from /home/airflow/.local/lib/python3.8/site-packages/airflow/example_dags/example_task_group_decorator.py
[2025-06-12T18:47:51.892+0000] {processor.py:840} INFO - DAG(s) 'example_task_group_decorator' retrieved from /home/airflow/.local/lib/python3.8/site-packages/airflow/example_dags/example_task_group_decorator.py
[2025-06-12T18:47:51.935+0000] {logging_mixin.py:188} INFO - [2025-06-12T18:47:51.935+0000] {dag.py:3036} INFO - Sync 1 DAGs
[2025-06-12T18:47:51.977+0000] {logging_mixin.py:188} INFO - [2025-06-12T18:47:51.977+0000] {dag.py:3823} INFO - Setting next_dagrun for example_task_group_decorator to 2025-06-11 00:00:00+00:00, run_after=2025-06-12 00:00:00+00:00
[2025-06-12T18:47:52.015+0000] {processor.py:183} INFO - Processing /home/airflow/.local/lib/python3.8/site-packages/airflow/example_dags/example_task_group_decorator.py took 0.156 seconds
[2025-06-12T18:48:23.714+0000] {processor.py:161} INFO - Started process (PID=951) to work on /home/airflow/.local/lib/python3.8/site-packages/airflow/example_dags/example_task_group_decorator.py
[2025-06-12T18:48:23.717+0000] {processor.py:830} INFO - Processing file /home/airflow/.local/lib/python3.8/site-packages/airflow/example_dags/example_task_group_decorator.py for tasks to queue
[2025-06-12T18:48:23.719+0000] {logging_mixin.py:188} INFO - [2025-06-12T18:48:23.718+0000] {dagbag.py:538} INFO - Filling up the DagBag from /home/airflow/.local/lib/python3.8/site-packages/airflow/example_dags/example_task_group_decorator.py
[2025-06-12T18:48:23.742+0000] {processor.py:840} INFO - DAG(s) 'example_task_group_decorator' retrieved from /home/airflow/.local/lib/python3.8/site-packages/airflow/example_dags/example_task_group_decorator.py
[2025-06-12T18:48:23.782+0000] {logging_mixin.py:188} INFO - [2025-06-12T18:48:23.781+0000] {dag.py:3036} INFO - Sync 1 DAGs
[2025-06-12T18:48:23.820+0000] {logging_mixin.py:188} INFO - [2025-06-12T18:48:23.820+0000] {dag.py:3823} INFO - Setting next_dagrun for example_task_group_decorator to 2025-06-11 00:00:00+00:00, run_after=2025-06-12 00:00:00+00:00
[2025-06-12T18:48:23.851+0000] {processor.py:183} INFO - Processing /home/airflow/.local/lib/python3.8/site-packages/airflow/example_dags/example_task_group_decorator.py took 0.143 seconds
[2025-06-12T18:48:55.013+0000] {processor.py:161} INFO - Started process (PID=1006) to work on /home/airflow/.local/lib/python3.8/site-packages/airflow/example_dags/example_task_group_decorator.py
[2025-06-12T18:48:55.015+0000] {processor.py:830} INFO - Processing file /home/airflow/.local/lib/python3.8/site-packages/airflow/example_dags/example_task_group_decorator.py for tasks to queue
[2025-06-12T18:48:55.018+0000] {logging_mixin.py:188} INFO - [2025-06-12T18:48:55.017+0000] {dagbag.py:538} INFO - Filling up the DagBag from /home/airflow/.local/lib/python3.8/site-packages/airflow/example_dags/example_task_group_decorator.py
[2025-06-12T18:48:55.044+0000] {processor.py:840} INFO - DAG(s) 'example_task_group_decorator' retrieved from /home/airflow/.local/lib/python3.8/site-packages/airflow/example_dags/example_task_group_decorator.py
[2025-06-12T18:48:55.086+0000] {logging_mixin.py:188} INFO - [2025-06-12T18:48:55.086+0000] {dag.py:3036} INFO - Sync 1 DAGs
[2025-06-12T18:48:55.120+0000] {logging_mixin.py:188} INFO - [2025-06-12T18:48:55.120+0000] {dag.py:3823} INFO - Setting next_dagrun for example_task_group_decorator to 2025-06-11 00:00:00+00:00, run_after=2025-06-12 00:00:00+00:00
[2025-06-12T18:48:55.155+0000] {processor.py:183} INFO - Processing /home/airflow/.local/lib/python3.8/site-packages/airflow/example_dags/example_task_group_decorator.py took 0.149 seconds
[2025-06-12T18:49:25.693+0000] {processor.py:161} INFO - Started process (PID=1061) to work on /home/airflow/.local/lib/python3.8/site-packages/airflow/example_dags/example_task_group_decorator.py
[2025-06-12T18:49:25.695+0000] {processor.py:830} INFO - Processing file /home/airflow/.local/lib/python3.8/site-packages/airflow/example_dags/example_task_group_decorator.py for tasks to queue
[2025-06-12T18:49:25.697+0000] {logging_mixin.py:188} INFO - [2025-06-12T18:49:25.697+0000] {dagbag.py:538} INFO - Filling up the DagBag from /home/airflow/.local/lib/python3.8/site-packages/airflow/example_dags/example_task_group_decorator.py
[2025-06-12T18:49:25.719+0000] {processor.py:840} INFO - DAG(s) 'example_task_group_decorator' retrieved from /home/airflow/.local/lib/python3.8/site-packages/airflow/example_dags/example_task_group_decorator.py
[2025-06-12T18:49:25.760+0000] {logging_mixin.py:188} INFO - [2025-06-12T18:49:25.759+0000] {dag.py:3036} INFO - Sync 1 DAGs
[2025-06-12T18:49:25.796+0000] {logging_mixin.py:188} INFO - [2025-06-12T18:49:25.796+0000] {dag.py:3823} INFO - Setting next_dagrun for example_task_group_decorator to 2025-06-11 00:00:00+00:00, run_after=2025-06-12 00:00:00+00:00
[2025-06-12T18:49:25.828+0000] {processor.py:183} INFO - Processing /home/airflow/.local/lib/python3.8/site-packages/airflow/example_dags/example_task_group_decorator.py took 0.140 seconds
[2025-06-12T18:49:56.021+0000] {processor.py:161} INFO - Started process (PID=1114) to work on /home/airflow/.local/lib/python3.8/site-packages/airflow/example_dags/example_task_group_decorator.py
[2025-06-12T18:49:56.023+0000] {processor.py:830} INFO - Processing file /home/airflow/.local/lib/python3.8/site-packages/airflow/example_dags/example_task_group_decorator.py for tasks to queue
[2025-06-12T18:49:56.026+0000] {logging_mixin.py:188} INFO - [2025-06-12T18:49:56.025+0000] {dagbag.py:538} INFO - Filling up the DagBag from /home/airflow/.local/lib/python3.8/site-packages/airflow/example_dags/example_task_group_decorator.py
[2025-06-12T18:49:56.054+0000] {processor.py:840} INFO - DAG(s) 'example_task_group_decorator' retrieved from /home/airflow/.local/lib/python3.8/site-packages/airflow/example_dags/example_task_group_decorator.py
[2025-06-12T18:49:56.103+0000] {logging_mixin.py:188} INFO - [2025-06-12T18:49:56.103+0000] {dag.py:3036} INFO - Sync 1 DAGs
[2025-06-12T18:49:56.148+0000] {logging_mixin.py:188} INFO - [2025-06-12T18:49:56.148+0000] {dag.py:3823} INFO - Setting next_dagrun for example_task_group_decorator to 2025-06-11 00:00:00+00:00, run_after=2025-06-12 00:00:00+00:00
[2025-06-12T18:49:56.183+0000] {processor.py:183} INFO - Processing /home/airflow/.local/lib/python3.8/site-packages/airflow/example_dags/example_task_group_decorator.py took 0.167 seconds
[2025-06-12T18:50:26.750+0000] {processor.py:161} INFO - Started process (PID=1170) to work on /home/airflow/.local/lib/python3.8/site-packages/airflow/example_dags/example_task_group_decorator.py
[2025-06-12T18:50:26.752+0000] {processor.py:830} INFO - Processing file /home/airflow/.local/lib/python3.8/site-packages/airflow/example_dags/example_task_group_decorator.py for tasks to queue
[2025-06-12T18:50:26.755+0000] {logging_mixin.py:188} INFO - [2025-06-12T18:50:26.754+0000] {dagbag.py:538} INFO - Filling up the DagBag from /home/airflow/.local/lib/python3.8/site-packages/airflow/example_dags/example_task_group_decorator.py
[2025-06-12T18:50:26.785+0000] {processor.py:840} INFO - DAG(s) 'example_task_group_decorator' retrieved from /home/airflow/.local/lib/python3.8/site-packages/airflow/example_dags/example_task_group_decorator.py
[2025-06-12T18:50:26.825+0000] {logging_mixin.py:188} INFO - [2025-06-12T18:50:26.825+0000] {dag.py:3036} INFO - Sync 1 DAGs
[2025-06-12T18:50:26.863+0000] {logging_mixin.py:188} INFO - [2025-06-12T18:50:26.862+0000] {dag.py:3823} INFO - Setting next_dagrun for example_task_group_decorator to 2025-06-11 00:00:00+00:00, run_after=2025-06-12 00:00:00+00:00
[2025-06-12T18:50:26.897+0000] {processor.py:183} INFO - Processing /home/airflow/.local/lib/python3.8/site-packages/airflow/example_dags/example_task_group_decorator.py took 0.153 seconds
[2025-06-12T18:50:57.322+0000] {processor.py:161} INFO - Started process (PID=1226) to work on /home/airflow/.local/lib/python3.8/site-packages/airflow/example_dags/example_task_group_decorator.py
[2025-06-12T18:50:57.325+0000] {processor.py:830} INFO - Processing file /home/airflow/.local/lib/python3.8/site-packages/airflow/example_dags/example_task_group_decorator.py for tasks to queue
[2025-06-12T18:50:57.326+0000] {logging_mixin.py:188} INFO - [2025-06-12T18:50:57.326+0000] {dagbag.py:538} INFO - Filling up the DagBag from /home/airflow/.local/lib/python3.8/site-packages/airflow/example_dags/example_task_group_decorator.py
[2025-06-12T18:50:57.351+0000] {processor.py:840} INFO - DAG(s) 'example_task_group_decorator' retrieved from /home/airflow/.local/lib/python3.8/site-packages/airflow/example_dags/example_task_group_decorator.py
[2025-06-12T18:50:57.389+0000] {logging_mixin.py:188} INFO - [2025-06-12T18:50:57.389+0000] {dag.py:3036} INFO - Sync 1 DAGs
[2025-06-12T18:50:57.426+0000] {logging_mixin.py:188} INFO - [2025-06-12T18:50:57.425+0000] {dag.py:3823} INFO - Setting next_dagrun for example_task_group_decorator to 2025-06-11 00:00:00+00:00, run_after=2025-06-12 00:00:00+00:00
[2025-06-12T18:50:57.457+0000] {processor.py:183} INFO - Processing /home/airflow/.local/lib/python3.8/site-packages/airflow/example_dags/example_task_group_decorator.py took 0.141 seconds
[2025-06-12T18:51:28.052+0000] {processor.py:161} INFO - Started process (PID=1282) to work on /home/airflow/.local/lib/python3.8/site-packages/airflow/example_dags/example_task_group_decorator.py
[2025-06-12T18:51:28.054+0000] {processor.py:830} INFO - Processing file /home/airflow/.local/lib/python3.8/site-packages/airflow/example_dags/example_task_group_decorator.py for tasks to queue
[2025-06-12T18:51:28.056+0000] {logging_mixin.py:188} INFO - [2025-06-12T18:51:28.056+0000] {dagbag.py:538} INFO - Filling up the DagBag from /home/airflow/.local/lib/python3.8/site-packages/airflow/example_dags/example_task_group_decorator.py
[2025-06-12T18:51:28.077+0000] {processor.py:840} INFO - DAG(s) 'example_task_group_decorator' retrieved from /home/airflow/.local/lib/python3.8/site-packages/airflow/example_dags/example_task_group_decorator.py
[2025-06-12T18:51:28.121+0000] {logging_mixin.py:188} INFO - [2025-06-12T18:51:28.121+0000] {dag.py:3036} INFO - Sync 1 DAGs
[2025-06-12T18:51:28.153+0000] {logging_mixin.py:188} INFO - [2025-06-12T18:51:28.153+0000] {dag.py:3823} INFO - Setting next_dagrun for example_task_group_decorator to 2025-06-11 00:00:00+00:00, run_after=2025-06-12 00:00:00+00:00
[2025-06-12T18:51:28.186+0000] {processor.py:183} INFO - Processing /home/airflow/.local/lib/python3.8/site-packages/airflow/example_dags/example_task_group_decorator.py took 0.140 seconds
[2025-06-12T18:51:58.715+0000] {processor.py:161} INFO - Started process (PID=1335) to work on /home/airflow/.local/lib/python3.8/site-packages/airflow/example_dags/example_task_group_decorator.py
[2025-06-12T18:51:58.717+0000] {processor.py:830} INFO - Processing file /home/airflow/.local/lib/python3.8/site-packages/airflow/example_dags/example_task_group_decorator.py for tasks to queue
[2025-06-12T18:51:58.718+0000] {logging_mixin.py:188} INFO - [2025-06-12T18:51:58.718+0000] {dagbag.py:538} INFO - Filling up the DagBag from /home/airflow/.local/lib/python3.8/site-packages/airflow/example_dags/example_task_group_decorator.py
[2025-06-12T18:51:58.741+0000] {processor.py:840} INFO - DAG(s) 'example_task_group_decorator' retrieved from /home/airflow/.local/lib/python3.8/site-packages/airflow/example_dags/example_task_group_decorator.py
[2025-06-12T18:51:58.779+0000] {logging_mixin.py:188} INFO - [2025-06-12T18:51:58.779+0000] {dag.py:3036} INFO - Sync 1 DAGs
[2025-06-12T18:51:58.816+0000] {logging_mixin.py:188} INFO - [2025-06-12T18:51:58.816+0000] {dag.py:3823} INFO - Setting next_dagrun for example_task_group_decorator to 2025-06-11 00:00:00+00:00, run_after=2025-06-12 00:00:00+00:00
[2025-06-12T18:51:58.848+0000] {processor.py:183} INFO - Processing /home/airflow/.local/lib/python3.8/site-packages/airflow/example_dags/example_task_group_decorator.py took 0.139 seconds
[2025-06-12T18:52:29.360+0000] {processor.py:161} INFO - Started process (PID=1391) to work on /home/airflow/.local/lib/python3.8/site-packages/airflow/example_dags/example_task_group_decorator.py
[2025-06-12T18:52:29.362+0000] {processor.py:830} INFO - Processing file /home/airflow/.local/lib/python3.8/site-packages/airflow/example_dags/example_task_group_decorator.py for tasks to queue
[2025-06-12T18:52:29.364+0000] {logging_mixin.py:188} INFO - [2025-06-12T18:52:29.364+0000] {dagbag.py:538} INFO - Filling up the DagBag from /home/airflow/.local/lib/python3.8/site-packages/airflow/example_dags/example_task_group_decorator.py
[2025-06-12T18:52:29.386+0000] {processor.py:840} INFO - DAG(s) 'example_task_group_decorator' retrieved from /home/airflow/.local/lib/python3.8/site-packages/airflow/example_dags/example_task_group_decorator.py
[2025-06-12T18:52:29.438+0000] {logging_mixin.py:188} INFO - [2025-06-12T18:52:29.437+0000] {dag.py:3036} INFO - Sync 1 DAGs
[2025-06-12T18:52:29.474+0000] {logging_mixin.py:188} INFO - [2025-06-12T18:52:29.474+0000] {dag.py:3823} INFO - Setting next_dagrun for example_task_group_decorator to 2025-06-11 00:00:00+00:00, run_after=2025-06-12 00:00:00+00:00
[2025-06-12T18:52:29.508+0000] {processor.py:183} INFO - Processing /home/airflow/.local/lib/python3.8/site-packages/airflow/example_dags/example_task_group_decorator.py took 0.153 seconds
[2025-06-12T18:53:00.988+0000] {processor.py:161} INFO - Started process (PID=1446) to work on /home/airflow/.local/lib/python3.8/site-packages/airflow/example_dags/example_task_group_decorator.py
[2025-06-12T18:53:00.992+0000] {processor.py:830} INFO - Processing file /home/airflow/.local/lib/python3.8/site-packages/airflow/example_dags/example_task_group_decorator.py for tasks to queue
[2025-06-12T18:53:00.995+0000] {logging_mixin.py:188} INFO - [2025-06-12T18:53:00.994+0000] {dagbag.py:538} INFO - Filling up the DagBag from /home/airflow/.local/lib/python3.8/site-packages/airflow/example_dags/example_task_group_decorator.py
[2025-06-12T18:53:01.042+0000] {processor.py:840} INFO - DAG(s) 'example_task_group_decorator' retrieved from /home/airflow/.local/lib/python3.8/site-packages/airflow/example_dags/example_task_group_decorator.py
[2025-06-12T18:53:01.123+0000] {logging_mixin.py:188} INFO - [2025-06-12T18:53:01.122+0000] {dag.py:3036} INFO - Sync 1 DAGs
[2025-06-12T18:53:01.195+0000] {logging_mixin.py:188} INFO - [2025-06-12T18:53:01.195+0000] {dag.py:3823} INFO - Setting next_dagrun for example_task_group_decorator to 2025-06-11 00:00:00+00:00, run_after=2025-06-12 00:00:00+00:00
[2025-06-12T18:53:01.246+0000] {processor.py:183} INFO - Processing /home/airflow/.local/lib/python3.8/site-packages/airflow/example_dags/example_task_group_decorator.py took 0.277 seconds
[2025-06-12T18:53:31.721+0000] {processor.py:161} INFO - Started process (PID=1501) to work on /home/airflow/.local/lib/python3.8/site-packages/airflow/example_dags/example_task_group_decorator.py
[2025-06-12T18:53:31.723+0000] {processor.py:830} INFO - Processing file /home/airflow/.local/lib/python3.8/site-packages/airflow/example_dags/example_task_group_decorator.py for tasks to queue
[2025-06-12T18:53:31.726+0000] {logging_mixin.py:188} INFO - [2025-06-12T18:53:31.725+0000] {dagbag.py:538} INFO - Filling up the DagBag from /home/airflow/.local/lib/python3.8/site-packages/airflow/example_dags/example_task_group_decorator.py
[2025-06-12T18:53:31.752+0000] {processor.py:840} INFO - DAG(s) 'example_task_group_decorator' retrieved from /home/airflow/.local/lib/python3.8/site-packages/airflow/example_dags/example_task_group_decorator.py
[2025-06-12T18:53:31.794+0000] {logging_mixin.py:188} INFO - [2025-06-12T18:53:31.794+0000] {dag.py:3036} INFO - Sync 1 DAGs
[2025-06-12T18:53:31.829+0000] {logging_mixin.py:188} INFO - [2025-06-12T18:53:31.829+0000] {dag.py:3823} INFO - Setting next_dagrun for example_task_group_decorator to 2025-06-11 00:00:00+00:00, run_after=2025-06-12 00:00:00+00:00
[2025-06-12T18:53:31.859+0000] {processor.py:183} INFO - Processing /home/airflow/.local/lib/python3.8/site-packages/airflow/example_dags/example_task_group_decorator.py took 0.145 seconds
[2025-06-12T18:54:02.539+0000] {processor.py:161} INFO - Started process (PID=1557) to work on /home/airflow/.local/lib/python3.8/site-packages/airflow/example_dags/example_task_group_decorator.py
[2025-06-12T18:54:02.541+0000] {processor.py:830} INFO - Processing file /home/airflow/.local/lib/python3.8/site-packages/airflow/example_dags/example_task_group_decorator.py for tasks to queue
[2025-06-12T18:54:02.543+0000] {logging_mixin.py:188} INFO - [2025-06-12T18:54:02.543+0000] {dagbag.py:538} INFO - Filling up the DagBag from /home/airflow/.local/lib/python3.8/site-packages/airflow/example_dags/example_task_group_decorator.py
[2025-06-12T18:54:02.569+0000] {processor.py:840} INFO - DAG(s) 'example_task_group_decorator' retrieved from /home/airflow/.local/lib/python3.8/site-packages/airflow/example_dags/example_task_group_decorator.py
[2025-06-12T18:54:02.615+0000] {logging_mixin.py:188} INFO - [2025-06-12T18:54:02.615+0000] {dag.py:3036} INFO - Sync 1 DAGs
[2025-06-12T18:54:02.663+0000] {logging_mixin.py:188} INFO - [2025-06-12T18:54:02.662+0000] {dag.py:3823} INFO - Setting next_dagrun for example_task_group_decorator to 2025-06-11 00:00:00+00:00, run_after=2025-06-12 00:00:00+00:00
[2025-06-12T18:54:02.697+0000] {processor.py:183} INFO - Processing /home/airflow/.local/lib/python3.8/site-packages/airflow/example_dags/example_task_group_decorator.py took 0.162 seconds
[2025-06-12T18:54:33.640+0000] {processor.py:161} INFO - Started process (PID=1612) to work on /home/airflow/.local/lib/python3.8/site-packages/airflow/example_dags/example_task_group_decorator.py
[2025-06-12T18:54:33.642+0000] {processor.py:830} INFO - Processing file /home/airflow/.local/lib/python3.8/site-packages/airflow/example_dags/example_task_group_decorator.py for tasks to queue
[2025-06-12T18:54:33.645+0000] {logging_mixin.py:188} INFO - [2025-06-12T18:54:33.644+0000] {dagbag.py:538} INFO - Filling up the DagBag from /home/airflow/.local/lib/python3.8/site-packages/airflow/example_dags/example_task_group_decorator.py
[2025-06-12T18:54:33.671+0000] {processor.py:840} INFO - DAG(s) 'example_task_group_decorator' retrieved from /home/airflow/.local/lib/python3.8/site-packages/airflow/example_dags/example_task_group_decorator.py
[2025-06-12T18:54:33.717+0000] {logging_mixin.py:188} INFO - [2025-06-12T18:54:33.716+0000] {dag.py:3036} INFO - Sync 1 DAGs
[2025-06-12T18:54:33.755+0000] {logging_mixin.py:188} INFO - [2025-06-12T18:54:33.755+0000] {dag.py:3823} INFO - Setting next_dagrun for example_task_group_decorator to 2025-06-11 00:00:00+00:00, run_after=2025-06-12 00:00:00+00:00
[2025-06-12T18:54:33.790+0000] {processor.py:183} INFO - Processing /home/airflow/.local/lib/python3.8/site-packages/airflow/example_dags/example_task_group_decorator.py took 0.158 seconds
[2025-06-12T18:55:04.001+0000] {processor.py:161} INFO - Started process (PID=1667) to work on /home/airflow/.local/lib/python3.8/site-packages/airflow/example_dags/example_task_group_decorator.py
[2025-06-12T18:55:04.005+0000] {processor.py:830} INFO - Processing file /home/airflow/.local/lib/python3.8/site-packages/airflow/example_dags/example_task_group_decorator.py for tasks to queue
[2025-06-12T18:55:04.008+0000] {logging_mixin.py:188} INFO - [2025-06-12T18:55:04.007+0000] {dagbag.py:538} INFO - Filling up the DagBag from /home/airflow/.local/lib/python3.8/site-packages/airflow/example_dags/example_task_group_decorator.py
[2025-06-12T18:55:04.036+0000] {processor.py:840} INFO - DAG(s) 'example_task_group_decorator' retrieved from /home/airflow/.local/lib/python3.8/site-packages/airflow/example_dags/example_task_group_decorator.py
[2025-06-12T18:55:04.094+0000] {logging_mixin.py:188} INFO - [2025-06-12T18:55:04.093+0000] {dag.py:3036} INFO - Sync 1 DAGs
[2025-06-12T18:55:04.130+0000] {logging_mixin.py:188} INFO - [2025-06-12T18:55:04.130+0000] {dag.py:3823} INFO - Setting next_dagrun for example_task_group_decorator to 2025-06-11 00:00:00+00:00, run_after=2025-06-12 00:00:00+00:00
[2025-06-12T18:55:04.172+0000] {processor.py:183} INFO - Processing /home/airflow/.local/lib/python3.8/site-packages/airflow/example_dags/example_task_group_decorator.py took 0.177 seconds
[2025-06-12T18:55:34.974+0000] {processor.py:161} INFO - Started process (PID=1722) to work on /home/airflow/.local/lib/python3.8/site-packages/airflow/example_dags/example_task_group_decorator.py
[2025-06-12T18:55:34.975+0000] {processor.py:830} INFO - Processing file /home/airflow/.local/lib/python3.8/site-packages/airflow/example_dags/example_task_group_decorator.py for tasks to queue
[2025-06-12T18:55:34.977+0000] {logging_mixin.py:188} INFO - [2025-06-12T18:55:34.976+0000] {dagbag.py:538} INFO - Filling up the DagBag from /home/airflow/.local/lib/python3.8/site-packages/airflow/example_dags/example_task_group_decorator.py
[2025-06-12T18:55:35.003+0000] {processor.py:840} INFO - DAG(s) 'example_task_group_decorator' retrieved from /home/airflow/.local/lib/python3.8/site-packages/airflow/example_dags/example_task_group_decorator.py
[2025-06-12T18:55:35.049+0000] {logging_mixin.py:188} INFO - [2025-06-12T18:55:35.049+0000] {dag.py:3036} INFO - Sync 1 DAGs
[2025-06-12T18:55:35.094+0000] {logging_mixin.py:188} INFO - [2025-06-12T18:55:35.093+0000] {dag.py:3823} INFO - Setting next_dagrun for example_task_group_decorator to 2025-06-11 00:00:00+00:00, run_after=2025-06-12 00:00:00+00:00
[2025-06-12T18:55:35.129+0000] {processor.py:183} INFO - Processing /home/airflow/.local/lib/python3.8/site-packages/airflow/example_dags/example_task_group_decorator.py took 0.161 seconds
[2025-06-12T18:56:06.281+0000] {processor.py:161} INFO - Started process (PID=1777) to work on /home/airflow/.local/lib/python3.8/site-packages/airflow/example_dags/example_task_group_decorator.py
[2025-06-12T18:56:06.283+0000] {processor.py:830} INFO - Processing file /home/airflow/.local/lib/python3.8/site-packages/airflow/example_dags/example_task_group_decorator.py for tasks to queue
[2025-06-12T18:56:06.285+0000] {logging_mixin.py:188} INFO - [2025-06-12T18:56:06.285+0000] {dagbag.py:538} INFO - Filling up the DagBag from /home/airflow/.local/lib/python3.8/site-packages/airflow/example_dags/example_task_group_decorator.py
[2025-06-12T18:56:06.309+0000] {processor.py:840} INFO - DAG(s) 'example_task_group_decorator' retrieved from /home/airflow/.local/lib/python3.8/site-packages/airflow/example_dags/example_task_group_decorator.py
[2025-06-12T18:56:06.350+0000] {logging_mixin.py:188} INFO - [2025-06-12T18:56:06.350+0000] {dag.py:3036} INFO - Sync 1 DAGs
[2025-06-12T18:56:06.400+0000] {logging_mixin.py:188} INFO - [2025-06-12T18:56:06.399+0000] {dag.py:3823} INFO - Setting next_dagrun for example_task_group_decorator to 2025-06-11 00:00:00+00:00, run_after=2025-06-12 00:00:00+00:00
[2025-06-12T18:56:06.476+0000] {processor.py:183} INFO - Processing /home/airflow/.local/lib/python3.8/site-packages/airflow/example_dags/example_task_group_decorator.py took 0.202 seconds
[2025-06-12T18:56:37.057+0000] {processor.py:161} INFO - Started process (PID=1832) to work on /home/airflow/.local/lib/python3.8/site-packages/airflow/example_dags/example_task_group_decorator.py
[2025-06-12T18:56:37.060+0000] {processor.py:830} INFO - Processing file /home/airflow/.local/lib/python3.8/site-packages/airflow/example_dags/example_task_group_decorator.py for tasks to queue
[2025-06-12T18:56:37.062+0000] {logging_mixin.py:188} INFO - [2025-06-12T18:56:37.061+0000] {dagbag.py:538} INFO - Filling up the DagBag from /home/airflow/.local/lib/python3.8/site-packages/airflow/example_dags/example_task_group_decorator.py
[2025-06-12T18:56:37.083+0000] {processor.py:840} INFO - DAG(s) 'example_task_group_decorator' retrieved from /home/airflow/.local/lib/python3.8/site-packages/airflow/example_dags/example_task_group_decorator.py
[2025-06-12T18:56:37.130+0000] {logging_mixin.py:188} INFO - [2025-06-12T18:56:37.130+0000] {dag.py:3036} INFO - Sync 1 DAGs
[2025-06-12T18:56:37.166+0000] {logging_mixin.py:188} INFO - [2025-06-12T18:56:37.166+0000] {dag.py:3823} INFO - Setting next_dagrun for example_task_group_decorator to 2025-06-11 00:00:00+00:00, run_after=2025-06-12 00:00:00+00:00
[2025-06-12T18:56:37.198+0000] {processor.py:183} INFO - Processing /home/airflow/.local/lib/python3.8/site-packages/airflow/example_dags/example_task_group_decorator.py took 0.147 seconds
[2025-06-12T18:57:07.836+0000] {processor.py:161} INFO - Started process (PID=1887) to work on /home/airflow/.local/lib/python3.8/site-packages/airflow/example_dags/example_task_group_decorator.py
[2025-06-12T18:57:07.838+0000] {processor.py:830} INFO - Processing file /home/airflow/.local/lib/python3.8/site-packages/airflow/example_dags/example_task_group_decorator.py for tasks to queue
[2025-06-12T18:57:07.839+0000] {logging_mixin.py:188} INFO - [2025-06-12T18:57:07.839+0000] {dagbag.py:538} INFO - Filling up the DagBag from /home/airflow/.local/lib/python3.8/site-packages/airflow/example_dags/example_task_group_decorator.py
[2025-06-12T18:57:07.862+0000] {processor.py:840} INFO - DAG(s) 'example_task_group_decorator' retrieved from /home/airflow/.local/lib/python3.8/site-packages/airflow/example_dags/example_task_group_decorator.py
[2025-06-12T18:57:07.912+0000] {logging_mixin.py:188} INFO - [2025-06-12T18:57:07.911+0000] {dag.py:3036} INFO - Sync 1 DAGs
[2025-06-12T18:57:07.944+0000] {logging_mixin.py:188} INFO - [2025-06-12T18:57:07.944+0000] {dag.py:3823} INFO - Setting next_dagrun for example_task_group_decorator to 2025-06-11 00:00:00+00:00, run_after=2025-06-12 00:00:00+00:00
[2025-06-12T18:57:07.983+0000] {processor.py:183} INFO - Processing /home/airflow/.local/lib/python3.8/site-packages/airflow/example_dags/example_task_group_decorator.py took 0.153 seconds
[2025-06-12T18:57:45.910+0000] {processor.py:161} INFO - Started process (PID=1942) to work on /home/airflow/.local/lib/python3.8/site-packages/airflow/example_dags/example_task_group_decorator.py
[2025-06-12T18:57:45.912+0000] {processor.py:830} INFO - Processing file /home/airflow/.local/lib/python3.8/site-packages/airflow/example_dags/example_task_group_decorator.py for tasks to queue
[2025-06-12T18:57:45.914+0000] {logging_mixin.py:188} INFO - [2025-06-12T18:57:45.913+0000] {dagbag.py:538} INFO - Filling up the DagBag from /home/airflow/.local/lib/python3.8/site-packages/airflow/example_dags/example_task_group_decorator.py
[2025-06-12T18:57:45.943+0000] {processor.py:840} INFO - DAG(s) 'example_task_group_decorator' retrieved from /home/airflow/.local/lib/python3.8/site-packages/airflow/example_dags/example_task_group_decorator.py
[2025-06-12T18:57:45.982+0000] {logging_mixin.py:188} INFO - [2025-06-12T18:57:45.982+0000] {dag.py:3036} INFO - Sync 1 DAGs
[2025-06-12T18:57:46.017+0000] {logging_mixin.py:188} INFO - [2025-06-12T18:57:46.017+0000] {dag.py:3823} INFO - Setting next_dagrun for example_task_group_decorator to 2025-06-11 00:00:00+00:00, run_after=2025-06-12 00:00:00+00:00
[2025-06-12T18:57:46.053+0000] {processor.py:183} INFO - Processing /home/airflow/.local/lib/python3.8/site-packages/airflow/example_dags/example_task_group_decorator.py took 0.150 seconds
[2025-06-12T18:58:16.973+0000] {processor.py:161} INFO - Started process (PID=1998) to work on /home/airflow/.local/lib/python3.8/site-packages/airflow/example_dags/example_task_group_decorator.py
[2025-06-12T18:58:16.976+0000] {processor.py:830} INFO - Processing file /home/airflow/.local/lib/python3.8/site-packages/airflow/example_dags/example_task_group_decorator.py for tasks to queue
[2025-06-12T18:58:16.979+0000] {logging_mixin.py:188} INFO - [2025-06-12T18:58:16.978+0000] {dagbag.py:538} INFO - Filling up the DagBag from /home/airflow/.local/lib/python3.8/site-packages/airflow/example_dags/example_task_group_decorator.py
[2025-06-12T18:58:17.010+0000] {processor.py:840} INFO - DAG(s) 'example_task_group_decorator' retrieved from /home/airflow/.local/lib/python3.8/site-packages/airflow/example_dags/example_task_group_decorator.py
[2025-06-12T18:58:17.080+0000] {logging_mixin.py:188} INFO - [2025-06-12T18:58:17.080+0000] {dag.py:3036} INFO - Sync 1 DAGs
[2025-06-12T18:58:17.125+0000] {logging_mixin.py:188} INFO - [2025-06-12T18:58:17.125+0000] {dag.py:3823} INFO - Setting next_dagrun for example_task_group_decorator to 2025-06-11 00:00:00+00:00, run_after=2025-06-12 00:00:00+00:00
[2025-06-12T18:58:17.172+0000] {processor.py:183} INFO - Processing /home/airflow/.local/lib/python3.8/site-packages/airflow/example_dags/example_task_group_decorator.py took 0.205 seconds
[2025-06-12T18:58:47.517+0000] {processor.py:161} INFO - Started process (PID=2054) to work on /home/airflow/.local/lib/python3.8/site-packages/airflow/example_dags/example_task_group_decorator.py
[2025-06-12T18:58:47.519+0000] {processor.py:830} INFO - Processing file /home/airflow/.local/lib/python3.8/site-packages/airflow/example_dags/example_task_group_decorator.py for tasks to queue
[2025-06-12T18:58:47.522+0000] {logging_mixin.py:188} INFO - [2025-06-12T18:58:47.521+0000] {dagbag.py:538} INFO - Filling up the DagBag from /home/airflow/.local/lib/python3.8/site-packages/airflow/example_dags/example_task_group_decorator.py
[2025-06-12T18:58:47.547+0000] {processor.py:840} INFO - DAG(s) 'example_task_group_decorator' retrieved from /home/airflow/.local/lib/python3.8/site-packages/airflow/example_dags/example_task_group_decorator.py
[2025-06-12T18:58:47.587+0000] {logging_mixin.py:188} INFO - [2025-06-12T18:58:47.587+0000] {dag.py:3036} INFO - Sync 1 DAGs
[2025-06-12T18:58:47.620+0000] {logging_mixin.py:188} INFO - [2025-06-12T18:58:47.620+0000] {dag.py:3823} INFO - Setting next_dagrun for example_task_group_decorator to 2025-06-11 00:00:00+00:00, run_after=2025-06-12 00:00:00+00:00
[2025-06-12T18:58:47.655+0000] {processor.py:183} INFO - Processing /home/airflow/.local/lib/python3.8/site-packages/airflow/example_dags/example_task_group_decorator.py took 0.145 seconds
[2025-06-12T18:59:21.349+0000] {processor.py:161} INFO - Started process (PID=2114) to work on /home/airflow/.local/lib/python3.8/site-packages/airflow/example_dags/example_task_group_decorator.py
[2025-06-12T18:59:21.352+0000] {processor.py:830} INFO - Processing file /home/airflow/.local/lib/python3.8/site-packages/airflow/example_dags/example_task_group_decorator.py for tasks to queue
[2025-06-12T18:59:21.355+0000] {logging_mixin.py:188} INFO - [2025-06-12T18:59:21.354+0000] {dagbag.py:538} INFO - Filling up the DagBag from /home/airflow/.local/lib/python3.8/site-packages/airflow/example_dags/example_task_group_decorator.py
[2025-06-12T18:59:21.394+0000] {processor.py:840} INFO - DAG(s) 'example_task_group_decorator' retrieved from /home/airflow/.local/lib/python3.8/site-packages/airflow/example_dags/example_task_group_decorator.py
[2025-06-12T18:59:21.464+0000] {logging_mixin.py:188} INFO - [2025-06-12T18:59:21.464+0000] {dag.py:3036} INFO - Sync 1 DAGs
[2025-06-12T18:59:21.514+0000] {logging_mixin.py:188} INFO - [2025-06-12T18:59:21.514+0000] {dag.py:3823} INFO - Setting next_dagrun for example_task_group_decorator to 2025-06-11 00:00:00+00:00, run_after=2025-06-12 00:00:00+00:00
[2025-06-12T18:59:21.561+0000] {processor.py:183} INFO - Processing /home/airflow/.local/lib/python3.8/site-packages/airflow/example_dags/example_task_group_decorator.py took 0.221 seconds
[2025-06-12T18:59:53.929+0000] {processor.py:161} INFO - Started process (PID=2169) to work on /home/airflow/.local/lib/python3.8/site-packages/airflow/example_dags/example_task_group_decorator.py
[2025-06-12T18:59:53.932+0000] {processor.py:830} INFO - Processing file /home/airflow/.local/lib/python3.8/site-packages/airflow/example_dags/example_task_group_decorator.py for tasks to queue
[2025-06-12T18:59:53.935+0000] {logging_mixin.py:188} INFO - [2025-06-12T18:59:53.935+0000] {dagbag.py:538} INFO - Filling up the DagBag from /home/airflow/.local/lib/python3.8/site-packages/airflow/example_dags/example_task_group_decorator.py
[2025-06-12T18:59:53.970+0000] {processor.py:840} INFO - DAG(s) 'example_task_group_decorator' retrieved from /home/airflow/.local/lib/python3.8/site-packages/airflow/example_dags/example_task_group_decorator.py
[2025-06-12T18:59:54.088+0000] {logging_mixin.py:188} INFO - [2025-06-12T18:59:54.087+0000] {dag.py:3036} INFO - Sync 1 DAGs
[2025-06-12T18:59:54.148+0000] {logging_mixin.py:188} INFO - [2025-06-12T18:59:54.148+0000] {dag.py:3823} INFO - Setting next_dagrun for example_task_group_decorator to 2025-06-11 00:00:00+00:00, run_after=2025-06-12 00:00:00+00:00
[2025-06-12T18:59:54.204+0000] {processor.py:183} INFO - Processing /home/airflow/.local/lib/python3.8/site-packages/airflow/example_dags/example_task_group_decorator.py took 0.284 seconds
[2025-06-12T19:00:25.301+0000] {processor.py:161} INFO - Started process (PID=2225) to work on /home/airflow/.local/lib/python3.8/site-packages/airflow/example_dags/example_task_group_decorator.py
[2025-06-12T19:00:25.304+0000] {processor.py:830} INFO - Processing file /home/airflow/.local/lib/python3.8/site-packages/airflow/example_dags/example_task_group_decorator.py for tasks to queue
[2025-06-12T19:00:25.308+0000] {logging_mixin.py:188} INFO - [2025-06-12T19:00:25.307+0000] {dagbag.py:538} INFO - Filling up the DagBag from /home/airflow/.local/lib/python3.8/site-packages/airflow/example_dags/example_task_group_decorator.py
[2025-06-12T19:00:25.360+0000] {processor.py:840} INFO - DAG(s) 'example_task_group_decorator' retrieved from /home/airflow/.local/lib/python3.8/site-packages/airflow/example_dags/example_task_group_decorator.py
[2025-06-12T19:00:25.443+0000] {logging_mixin.py:188} INFO - [2025-06-12T19:00:25.442+0000] {dag.py:3036} INFO - Sync 1 DAGs
[2025-06-12T19:00:25.497+0000] {logging_mixin.py:188} INFO - [2025-06-12T19:00:25.496+0000] {dag.py:3823} INFO - Setting next_dagrun for example_task_group_decorator to 2025-06-11 00:00:00+00:00, run_after=2025-06-12 00:00:00+00:00
[2025-06-12T19:00:25.551+0000] {processor.py:183} INFO - Processing /home/airflow/.local/lib/python3.8/site-packages/airflow/example_dags/example_task_group_decorator.py took 0.267 seconds
[2025-06-12T19:00:59.082+0000] {processor.py:161} INFO - Started process (PID=2280) to work on /home/airflow/.local/lib/python3.8/site-packages/airflow/example_dags/example_task_group_decorator.py
[2025-06-12T19:00:59.086+0000] {processor.py:830} INFO - Processing file /home/airflow/.local/lib/python3.8/site-packages/airflow/example_dags/example_task_group_decorator.py for tasks to queue
[2025-06-12T19:00:59.089+0000] {logging_mixin.py:188} INFO - [2025-06-12T19:00:59.088+0000] {dagbag.py:538} INFO - Filling up the DagBag from /home/airflow/.local/lib/python3.8/site-packages/airflow/example_dags/example_task_group_decorator.py
[2025-06-12T19:00:59.133+0000] {processor.py:840} INFO - DAG(s) 'example_task_group_decorator' retrieved from /home/airflow/.local/lib/python3.8/site-packages/airflow/example_dags/example_task_group_decorator.py
[2025-06-12T19:00:59.201+0000] {logging_mixin.py:188} INFO - [2025-06-12T19:00:59.200+0000] {dag.py:3036} INFO - Sync 1 DAGs
[2025-06-12T19:00:59.259+0000] {logging_mixin.py:188} INFO - [2025-06-12T19:00:59.258+0000] {dag.py:3823} INFO - Setting next_dagrun for example_task_group_decorator to 2025-06-11 00:00:00+00:00, run_after=2025-06-12 00:00:00+00:00
[2025-06-12T19:00:59.310+0000] {processor.py:183} INFO - Processing /home/airflow/.local/lib/python3.8/site-packages/airflow/example_dags/example_task_group_decorator.py took 0.239 seconds
[2025-06-12T19:01:30.297+0000] {processor.py:161} INFO - Started process (PID=2335) to work on /home/airflow/.local/lib/python3.8/site-packages/airflow/example_dags/example_task_group_decorator.py
[2025-06-12T19:01:30.302+0000] {processor.py:830} INFO - Processing file /home/airflow/.local/lib/python3.8/site-packages/airflow/example_dags/example_task_group_decorator.py for tasks to queue
[2025-06-12T19:01:30.306+0000] {logging_mixin.py:188} INFO - [2025-06-12T19:01:30.305+0000] {dagbag.py:538} INFO - Filling up the DagBag from /home/airflow/.local/lib/python3.8/site-packages/airflow/example_dags/example_task_group_decorator.py
[2025-06-12T19:01:30.351+0000] {processor.py:840} INFO - DAG(s) 'example_task_group_decorator' retrieved from /home/airflow/.local/lib/python3.8/site-packages/airflow/example_dags/example_task_group_decorator.py
[2025-06-12T19:01:30.423+0000] {logging_mixin.py:188} INFO - [2025-06-12T19:01:30.422+0000] {dag.py:3036} INFO - Sync 1 DAGs
[2025-06-12T19:01:30.480+0000] {logging_mixin.py:188} INFO - [2025-06-12T19:01:30.479+0000] {dag.py:3823} INFO - Setting next_dagrun for example_task_group_decorator to 2025-06-11 00:00:00+00:00, run_after=2025-06-12 00:00:00+00:00
[2025-06-12T19:01:30.528+0000] {processor.py:183} INFO - Processing /home/airflow/.local/lib/python3.8/site-packages/airflow/example_dags/example_task_group_decorator.py took 0.253 seconds
[2025-06-12T19:02:03.926+0000] {processor.py:161} INFO - Started process (PID=2394) to work on /home/airflow/.local/lib/python3.8/site-packages/airflow/example_dags/example_task_group_decorator.py
[2025-06-12T19:02:03.928+0000] {processor.py:830} INFO - Processing file /home/airflow/.local/lib/python3.8/site-packages/airflow/example_dags/example_task_group_decorator.py for tasks to queue
[2025-06-12T19:02:03.932+0000] {logging_mixin.py:188} INFO - [2025-06-12T19:02:03.931+0000] {dagbag.py:538} INFO - Filling up the DagBag from /home/airflow/.local/lib/python3.8/site-packages/airflow/example_dags/example_task_group_decorator.py
[2025-06-12T19:02:03.971+0000] {processor.py:840} INFO - DAG(s) 'example_task_group_decorator' retrieved from /home/airflow/.local/lib/python3.8/site-packages/airflow/example_dags/example_task_group_decorator.py
[2025-06-12T19:02:04.037+0000] {logging_mixin.py:188} INFO - [2025-06-12T19:02:04.037+0000] {dag.py:3036} INFO - Sync 1 DAGs
[2025-06-12T19:02:04.088+0000] {logging_mixin.py:188} INFO - [2025-06-12T19:02:04.087+0000] {dag.py:3823} INFO - Setting next_dagrun for example_task_group_decorator to 2025-06-11 00:00:00+00:00, run_after=2025-06-12 00:00:00+00:00
[2025-06-12T19:02:04.144+0000] {processor.py:183} INFO - Processing /home/airflow/.local/lib/python3.8/site-packages/airflow/example_dags/example_task_group_decorator.py took 0.228 seconds
[2025-06-12T19:02:36.047+0000] {processor.py:161} INFO - Started process (PID=2449) to work on /home/airflow/.local/lib/python3.8/site-packages/airflow/example_dags/example_task_group_decorator.py
[2025-06-12T19:02:36.050+0000] {processor.py:830} INFO - Processing file /home/airflow/.local/lib/python3.8/site-packages/airflow/example_dags/example_task_group_decorator.py for tasks to queue
[2025-06-12T19:02:36.055+0000] {logging_mixin.py:188} INFO - [2025-06-12T19:02:36.054+0000] {dagbag.py:538} INFO - Filling up the DagBag from /home/airflow/.local/lib/python3.8/site-packages/airflow/example_dags/example_task_group_decorator.py
[2025-06-12T19:02:36.103+0000] {processor.py:840} INFO - DAG(s) 'example_task_group_decorator' retrieved from /home/airflow/.local/lib/python3.8/site-packages/airflow/example_dags/example_task_group_decorator.py
[2025-06-12T19:02:36.177+0000] {logging_mixin.py:188} INFO - [2025-06-12T19:02:36.176+0000] {dag.py:3036} INFO - Sync 1 DAGs
[2025-06-12T19:02:36.228+0000] {logging_mixin.py:188} INFO - [2025-06-12T19:02:36.227+0000] {dag.py:3823} INFO - Setting next_dagrun for example_task_group_decorator to 2025-06-11 00:00:00+00:00, run_after=2025-06-12 00:00:00+00:00
[2025-06-12T19:02:36.276+0000] {processor.py:183} INFO - Processing /home/airflow/.local/lib/python3.8/site-packages/airflow/example_dags/example_task_group_decorator.py took 0.240 seconds
[2025-06-12T19:03:07.438+0000] {processor.py:161} INFO - Started process (PID=2504) to work on /home/airflow/.local/lib/python3.8/site-packages/airflow/example_dags/example_task_group_decorator.py
[2025-06-12T19:03:07.442+0000] {processor.py:830} INFO - Processing file /home/airflow/.local/lib/python3.8/site-packages/airflow/example_dags/example_task_group_decorator.py for tasks to queue
[2025-06-12T19:03:07.446+0000] {logging_mixin.py:188} INFO - [2025-06-12T19:03:07.445+0000] {dagbag.py:538} INFO - Filling up the DagBag from /home/airflow/.local/lib/python3.8/site-packages/airflow/example_dags/example_task_group_decorator.py
[2025-06-12T19:03:07.500+0000] {processor.py:840} INFO - DAG(s) 'example_task_group_decorator' retrieved from /home/airflow/.local/lib/python3.8/site-packages/airflow/example_dags/example_task_group_decorator.py
[2025-06-12T19:03:07.571+0000] {logging_mixin.py:188} INFO - [2025-06-12T19:03:07.570+0000] {dag.py:3036} INFO - Sync 1 DAGs
[2025-06-12T19:03:07.622+0000] {logging_mixin.py:188} INFO - [2025-06-12T19:03:07.621+0000] {dag.py:3823} INFO - Setting next_dagrun for example_task_group_decorator to 2025-06-11 00:00:00+00:00, run_after=2025-06-12 00:00:00+00:00
[2025-06-12T19:03:07.674+0000] {processor.py:183} INFO - Processing /home/airflow/.local/lib/python3.8/site-packages/airflow/example_dags/example_task_group_decorator.py took 0.247 seconds
[2025-06-12T19:03:37.968+0000] {processor.py:161} INFO - Started process (PID=2557) to work on /home/airflow/.local/lib/python3.8/site-packages/airflow/example_dags/example_task_group_decorator.py
[2025-06-12T19:03:37.971+0000] {processor.py:830} INFO - Processing file /home/airflow/.local/lib/python3.8/site-packages/airflow/example_dags/example_task_group_decorator.py for tasks to queue
[2025-06-12T19:03:37.975+0000] {logging_mixin.py:188} INFO - [2025-06-12T19:03:37.973+0000] {dagbag.py:538} INFO - Filling up the DagBag from /home/airflow/.local/lib/python3.8/site-packages/airflow/example_dags/example_task_group_decorator.py
[2025-06-12T19:03:38.022+0000] {processor.py:840} INFO - DAG(s) 'example_task_group_decorator' retrieved from /home/airflow/.local/lib/python3.8/site-packages/airflow/example_dags/example_task_group_decorator.py
[2025-06-12T19:03:38.118+0000] {logging_mixin.py:188} INFO - [2025-06-12T19:03:38.118+0000] {dag.py:3036} INFO - Sync 1 DAGs
[2025-06-12T19:03:38.174+0000] {logging_mixin.py:188} INFO - [2025-06-12T19:03:38.173+0000] {dag.py:3823} INFO - Setting next_dagrun for example_task_group_decorator to 2025-06-11 00:00:00+00:00, run_after=2025-06-12 00:00:00+00:00
[2025-06-12T19:03:38.220+0000] {processor.py:183} INFO - Processing /home/airflow/.local/lib/python3.8/site-packages/airflow/example_dags/example_task_group_decorator.py took 0.265 seconds
[2025-06-12T19:04:08.433+0000] {processor.py:161} INFO - Started process (PID=2613) to work on /home/airflow/.local/lib/python3.8/site-packages/airflow/example_dags/example_task_group_decorator.py
[2025-06-12T19:04:08.437+0000] {processor.py:830} INFO - Processing file /home/airflow/.local/lib/python3.8/site-packages/airflow/example_dags/example_task_group_decorator.py for tasks to queue
[2025-06-12T19:04:08.441+0000] {logging_mixin.py:188} INFO - [2025-06-12T19:04:08.440+0000] {dagbag.py:538} INFO - Filling up the DagBag from /home/airflow/.local/lib/python3.8/site-packages/airflow/example_dags/example_task_group_decorator.py
[2025-06-12T19:04:08.484+0000] {processor.py:840} INFO - DAG(s) 'example_task_group_decorator' retrieved from /home/airflow/.local/lib/python3.8/site-packages/airflow/example_dags/example_task_group_decorator.py
[2025-06-12T19:04:08.554+0000] {logging_mixin.py:188} INFO - [2025-06-12T19:04:08.554+0000] {dag.py:3036} INFO - Sync 1 DAGs
[2025-06-12T19:04:08.615+0000] {logging_mixin.py:188} INFO - [2025-06-12T19:04:08.615+0000] {dag.py:3823} INFO - Setting next_dagrun for example_task_group_decorator to 2025-06-11 00:00:00+00:00, run_after=2025-06-12 00:00:00+00:00
[2025-06-12T19:04:08.669+0000] {processor.py:183} INFO - Processing /home/airflow/.local/lib/python3.8/site-packages/airflow/example_dags/example_task_group_decorator.py took 0.249 seconds
[2025-06-12T19:04:40.028+0000] {processor.py:161} INFO - Started process (PID=2668) to work on /home/airflow/.local/lib/python3.8/site-packages/airflow/example_dags/example_task_group_decorator.py
[2025-06-12T19:04:40.032+0000] {processor.py:830} INFO - Processing file /home/airflow/.local/lib/python3.8/site-packages/airflow/example_dags/example_task_group_decorator.py for tasks to queue
[2025-06-12T19:04:40.036+0000] {logging_mixin.py:188} INFO - [2025-06-12T19:04:40.035+0000] {dagbag.py:538} INFO - Filling up the DagBag from /home/airflow/.local/lib/python3.8/site-packages/airflow/example_dags/example_task_group_decorator.py
[2025-06-12T19:04:40.076+0000] {processor.py:840} INFO - DAG(s) 'example_task_group_decorator' retrieved from /home/airflow/.local/lib/python3.8/site-packages/airflow/example_dags/example_task_group_decorator.py
[2025-06-12T19:04:40.150+0000] {logging_mixin.py:188} INFO - [2025-06-12T19:04:40.149+0000] {dag.py:3036} INFO - Sync 1 DAGs
[2025-06-12T19:04:40.540+0000] {logging_mixin.py:188} INFO - [2025-06-12T19:04:40.539+0000] {dag.py:3823} INFO - Setting next_dagrun for example_task_group_decorator to 2025-06-11 00:00:00+00:00, run_after=2025-06-12 00:00:00+00:00
[2025-06-12T19:04:40.591+0000] {processor.py:183} INFO - Processing /home/airflow/.local/lib/python3.8/site-packages/airflow/example_dags/example_task_group_decorator.py took 0.575 seconds
[2025-06-12T19:05:10.957+0000] {processor.py:161} INFO - Started process (PID=2724) to work on /home/airflow/.local/lib/python3.8/site-packages/airflow/example_dags/example_task_group_decorator.py
[2025-06-12T19:05:10.961+0000] {processor.py:830} INFO - Processing file /home/airflow/.local/lib/python3.8/site-packages/airflow/example_dags/example_task_group_decorator.py for tasks to queue
[2025-06-12T19:05:10.963+0000] {logging_mixin.py:188} INFO - [2025-06-12T19:05:10.963+0000] {dagbag.py:538} INFO - Filling up the DagBag from /home/airflow/.local/lib/python3.8/site-packages/airflow/example_dags/example_task_group_decorator.py
[2025-06-12T19:05:11.000+0000] {processor.py:840} INFO - DAG(s) 'example_task_group_decorator' retrieved from /home/airflow/.local/lib/python3.8/site-packages/airflow/example_dags/example_task_group_decorator.py
[2025-06-12T19:05:11.107+0000] {logging_mixin.py:188} INFO - [2025-06-12T19:05:11.106+0000] {dag.py:3036} INFO - Sync 1 DAGs
[2025-06-12T19:05:11.564+0000] {logging_mixin.py:188} INFO - [2025-06-12T19:05:11.563+0000] {dag.py:3823} INFO - Setting next_dagrun for example_task_group_decorator to 2025-06-11 00:00:00+00:00, run_after=2025-06-12 00:00:00+00:00
[2025-06-12T19:05:11.623+0000] {processor.py:183} INFO - Processing /home/airflow/.local/lib/python3.8/site-packages/airflow/example_dags/example_task_group_decorator.py took 0.676 seconds
[2025-06-12T19:05:42.310+0000] {processor.py:161} INFO - Started process (PID=2780) to work on /home/airflow/.local/lib/python3.8/site-packages/airflow/example_dags/example_task_group_decorator.py
[2025-06-12T19:05:42.314+0000] {processor.py:830} INFO - Processing file /home/airflow/.local/lib/python3.8/site-packages/airflow/example_dags/example_task_group_decorator.py for tasks to queue
[2025-06-12T19:05:42.318+0000] {logging_mixin.py:188} INFO - [2025-06-12T19:05:42.317+0000] {dagbag.py:538} INFO - Filling up the DagBag from /home/airflow/.local/lib/python3.8/site-packages/airflow/example_dags/example_task_group_decorator.py
[2025-06-12T19:05:42.356+0000] {processor.py:840} INFO - DAG(s) 'example_task_group_decorator' retrieved from /home/airflow/.local/lib/python3.8/site-packages/airflow/example_dags/example_task_group_decorator.py
[2025-06-12T19:05:42.428+0000] {logging_mixin.py:188} INFO - [2025-06-12T19:05:42.428+0000] {dag.py:3036} INFO - Sync 1 DAGs
[2025-06-12T19:05:42.489+0000] {logging_mixin.py:188} INFO - [2025-06-12T19:05:42.488+0000] {dag.py:3823} INFO - Setting next_dagrun for example_task_group_decorator to 2025-06-11 00:00:00+00:00, run_after=2025-06-12 00:00:00+00:00
[2025-06-12T19:05:42.566+0000] {processor.py:183} INFO - Processing /home/airflow/.local/lib/python3.8/site-packages/airflow/example_dags/example_task_group_decorator.py took 0.267 seconds
[2025-06-12T19:06:13.029+0000] {processor.py:161} INFO - Started process (PID=2835) to work on /home/airflow/.local/lib/python3.8/site-packages/airflow/example_dags/example_task_group_decorator.py
[2025-06-12T19:06:13.033+0000] {processor.py:830} INFO - Processing file /home/airflow/.local/lib/python3.8/site-packages/airflow/example_dags/example_task_group_decorator.py for tasks to queue
[2025-06-12T19:06:13.038+0000] {logging_mixin.py:188} INFO - [2025-06-12T19:06:13.036+0000] {dagbag.py:538} INFO - Filling up the DagBag from /home/airflow/.local/lib/python3.8/site-packages/airflow/example_dags/example_task_group_decorator.py
[2025-06-12T19:06:13.088+0000] {processor.py:840} INFO - DAG(s) 'example_task_group_decorator' retrieved from /home/airflow/.local/lib/python3.8/site-packages/airflow/example_dags/example_task_group_decorator.py
[2025-06-12T19:06:13.176+0000] {logging_mixin.py:188} INFO - [2025-06-12T19:06:13.176+0000] {dag.py:3036} INFO - Sync 1 DAGs
[2025-06-12T19:06:13.240+0000] {logging_mixin.py:188} INFO - [2025-06-12T19:06:13.240+0000] {dag.py:3823} INFO - Setting next_dagrun for example_task_group_decorator to 2025-06-11 00:00:00+00:00, run_after=2025-06-12 00:00:00+00:00
[2025-06-12T19:06:13.298+0000] {processor.py:183} INFO - Processing /home/airflow/.local/lib/python3.8/site-packages/airflow/example_dags/example_task_group_decorator.py took 0.282 seconds
[2025-06-12T19:06:44.288+0000] {processor.py:161} INFO - Started process (PID=2890) to work on /home/airflow/.local/lib/python3.8/site-packages/airflow/example_dags/example_task_group_decorator.py
[2025-06-12T19:06:44.292+0000] {processor.py:830} INFO - Processing file /home/airflow/.local/lib/python3.8/site-packages/airflow/example_dags/example_task_group_decorator.py for tasks to queue
[2025-06-12T19:06:44.295+0000] {logging_mixin.py:188} INFO - [2025-06-12T19:06:44.294+0000] {dagbag.py:538} INFO - Filling up the DagBag from /home/airflow/.local/lib/python3.8/site-packages/airflow/example_dags/example_task_group_decorator.py
[2025-06-12T19:06:44.332+0000] {processor.py:840} INFO - DAG(s) 'example_task_group_decorator' retrieved from /home/airflow/.local/lib/python3.8/site-packages/airflow/example_dags/example_task_group_decorator.py
[2025-06-12T19:06:44.404+0000] {logging_mixin.py:188} INFO - [2025-06-12T19:06:44.404+0000] {dag.py:3036} INFO - Sync 1 DAGs
[2025-06-12T19:06:44.459+0000] {logging_mixin.py:188} INFO - [2025-06-12T19:06:44.458+0000] {dag.py:3823} INFO - Setting next_dagrun for example_task_group_decorator to 2025-06-11 00:00:00+00:00, run_after=2025-06-12 00:00:00+00:00
[2025-06-12T19:06:44.515+0000] {processor.py:183} INFO - Processing /home/airflow/.local/lib/python3.8/site-packages/airflow/example_dags/example_task_group_decorator.py took 0.235 seconds
