[2025-06-12T18:35:05.446+0000] {processor.py:161} INFO - Started process (PID=83) to work on /home/airflow/.local/lib/python3.8/site-packages/airflow/example_dags/example_branch_python_dop_operator_3.py
[2025-06-12T18:35:05.449+0000] {processor.py:830} INFO - Processing file /home/airflow/.local/lib/python3.8/site-packages/airflow/example_dags/example_branch_python_dop_operator_3.py for tasks to queue
[2025-06-12T18:35:05.454+0000] {logging_mixin.py:188} INFO - [2025-06-12T18:35:05.452+0000] {dagbag.py:538} INFO - Filling up the DagBag from /home/airflow/.local/lib/python3.8/site-packages/airflow/example_dags/example_branch_python_dop_operator_3.py
[2025-06-12T18:35:05.509+0000] {processor.py:840} INFO - DAG(s) 'example_branch_dop_operator_v3' retrieved from /home/airflow/.local/lib/python3.8/site-packages/airflow/example_dags/example_branch_python_dop_operator_3.py
[2025-06-12T18:35:05.926+0000] {logging_mixin.py:188} INFO - [2025-06-12T18:35:05.926+0000] {dag.py:3036} INFO - Sync 1 DAGs
[2025-06-12T18:35:06.006+0000] {logging_mixin.py:188} INFO - [2025-06-12T18:35:06.006+0000] {dag.py:3823} INFO - Setting next_dagrun for example_branch_dop_operator_v3 to 2025-06-12 18:34:00+00:00, run_after=2025-06-12 18:35:00+00:00
[2025-06-12T18:35:06.077+0000] {processor.py:183} INFO - Processing /home/airflow/.local/lib/python3.8/site-packages/airflow/example_dags/example_branch_python_dop_operator_3.py took 0.666 seconds
[2025-06-12T18:35:41.690+0000] {processor.py:161} INFO - Started process (PID=138) to work on /home/airflow/.local/lib/python3.8/site-packages/airflow/example_dags/example_branch_python_dop_operator_3.py
[2025-06-12T18:35:41.693+0000] {processor.py:830} INFO - Processing file /home/airflow/.local/lib/python3.8/site-packages/airflow/example_dags/example_branch_python_dop_operator_3.py for tasks to queue
[2025-06-12T18:35:41.699+0000] {logging_mixin.py:188} INFO - [2025-06-12T18:35:41.698+0000] {dagbag.py:538} INFO - Filling up the DagBag from /home/airflow/.local/lib/python3.8/site-packages/airflow/example_dags/example_branch_python_dop_operator_3.py
[2025-06-12T18:35:41.748+0000] {processor.py:840} INFO - DAG(s) 'example_branch_dop_operator_v3' retrieved from /home/airflow/.local/lib/python3.8/site-packages/airflow/example_dags/example_branch_python_dop_operator_3.py
[2025-06-12T18:35:41.794+0000] {logging_mixin.py:188} INFO - [2025-06-12T18:35:41.794+0000] {dag.py:3036} INFO - Sync 1 DAGs
[2025-06-12T18:35:41.848+0000] {logging_mixin.py:188} INFO - [2025-06-12T18:35:41.847+0000] {dag.py:3823} INFO - Setting next_dagrun for example_branch_dop_operator_v3 to 2025-06-12 18:34:00+00:00, run_after=2025-06-12 18:35:00+00:00
[2025-06-12T18:35:41.881+0000] {processor.py:183} INFO - Processing /home/airflow/.local/lib/python3.8/site-packages/airflow/example_dags/example_branch_python_dop_operator_3.py took 0.198 seconds
[2025-06-12T18:36:11.966+0000] {processor.py:161} INFO - Started process (PID=191) to work on /home/airflow/.local/lib/python3.8/site-packages/airflow/example_dags/example_branch_python_dop_operator_3.py
[2025-06-12T18:36:11.968+0000] {processor.py:830} INFO - Processing file /home/airflow/.local/lib/python3.8/site-packages/airflow/example_dags/example_branch_python_dop_operator_3.py for tasks to queue
[2025-06-12T18:36:11.972+0000] {logging_mixin.py:188} INFO - [2025-06-12T18:36:11.971+0000] {dagbag.py:538} INFO - Filling up the DagBag from /home/airflow/.local/lib/python3.8/site-packages/airflow/example_dags/example_branch_python_dop_operator_3.py
[2025-06-12T18:36:11.991+0000] {processor.py:840} INFO - DAG(s) 'example_branch_dop_operator_v3' retrieved from /home/airflow/.local/lib/python3.8/site-packages/airflow/example_dags/example_branch_python_dop_operator_3.py
[2025-06-12T18:36:12.020+0000] {logging_mixin.py:188} INFO - [2025-06-12T18:36:12.019+0000] {dag.py:3036} INFO - Sync 1 DAGs
[2025-06-12T18:36:12.062+0000] {logging_mixin.py:188} INFO - [2025-06-12T18:36:12.062+0000] {dag.py:3823} INFO - Setting next_dagrun for example_branch_dop_operator_v3 to 2025-06-12 18:35:00+00:00, run_after=2025-06-12 18:36:00+00:00
[2025-06-12T18:36:12.096+0000] {processor.py:183} INFO - Processing /home/airflow/.local/lib/python3.8/site-packages/airflow/example_dags/example_branch_python_dop_operator_3.py took 0.137 seconds
[2025-06-12T18:36:42.516+0000] {processor.py:161} INFO - Started process (PID=246) to work on /home/airflow/.local/lib/python3.8/site-packages/airflow/example_dags/example_branch_python_dop_operator_3.py
[2025-06-12T18:36:42.518+0000] {processor.py:830} INFO - Processing file /home/airflow/.local/lib/python3.8/site-packages/airflow/example_dags/example_branch_python_dop_operator_3.py for tasks to queue
[2025-06-12T18:36:42.522+0000] {logging_mixin.py:188} INFO - [2025-06-12T18:36:42.521+0000] {dagbag.py:538} INFO - Filling up the DagBag from /home/airflow/.local/lib/python3.8/site-packages/airflow/example_dags/example_branch_python_dop_operator_3.py
[2025-06-12T18:36:42.546+0000] {processor.py:840} INFO - DAG(s) 'example_branch_dop_operator_v3' retrieved from /home/airflow/.local/lib/python3.8/site-packages/airflow/example_dags/example_branch_python_dop_operator_3.py
[2025-06-12T18:36:42.717+0000] {logging_mixin.py:188} INFO - [2025-06-12T18:36:42.717+0000] {dag.py:3036} INFO - Sync 1 DAGs
[2025-06-12T18:36:42.757+0000] {logging_mixin.py:188} INFO - [2025-06-12T18:36:42.756+0000] {dag.py:3823} INFO - Setting next_dagrun for example_branch_dop_operator_v3 to 2025-06-12 18:35:00+00:00, run_after=2025-06-12 18:36:00+00:00
[2025-06-12T18:36:42.792+0000] {processor.py:183} INFO - Processing /home/airflow/.local/lib/python3.8/site-packages/airflow/example_dags/example_branch_python_dop_operator_3.py took 0.282 seconds
[2025-06-12T18:37:13.079+0000] {processor.py:161} INFO - Started process (PID=300) to work on /home/airflow/.local/lib/python3.8/site-packages/airflow/example_dags/example_branch_python_dop_operator_3.py
[2025-06-12T18:37:13.090+0000] {processor.py:830} INFO - Processing file /home/airflow/.local/lib/python3.8/site-packages/airflow/example_dags/example_branch_python_dop_operator_3.py for tasks to queue
[2025-06-12T18:37:13.094+0000] {logging_mixin.py:188} INFO - [2025-06-12T18:37:13.093+0000] {dagbag.py:538} INFO - Filling up the DagBag from /home/airflow/.local/lib/python3.8/site-packages/airflow/example_dags/example_branch_python_dop_operator_3.py
[2025-06-12T18:37:13.133+0000] {processor.py:840} INFO - DAG(s) 'example_branch_dop_operator_v3' retrieved from /home/airflow/.local/lib/python3.8/site-packages/airflow/example_dags/example_branch_python_dop_operator_3.py
[2025-06-12T18:37:13.239+0000] {logging_mixin.py:188} INFO - [2025-06-12T18:37:13.238+0000] {dag.py:3036} INFO - Sync 1 DAGs
[2025-06-12T18:37:13.458+0000] {logging_mixin.py:188} INFO - [2025-06-12T18:37:13.457+0000] {dag.py:3823} INFO - Setting next_dagrun for example_branch_dop_operator_v3 to 2025-06-12 18:36:00+00:00, run_after=2025-06-12 18:37:00+00:00
[2025-06-12T18:37:13.572+0000] {processor.py:183} INFO - Processing /home/airflow/.local/lib/python3.8/site-packages/airflow/example_dags/example_branch_python_dop_operator_3.py took 0.529 seconds
[2025-06-12T18:37:43.928+0000] {processor.py:161} INFO - Started process (PID=355) to work on /home/airflow/.local/lib/python3.8/site-packages/airflow/example_dags/example_branch_python_dop_operator_3.py
[2025-06-12T18:37:43.936+0000] {processor.py:830} INFO - Processing file /home/airflow/.local/lib/python3.8/site-packages/airflow/example_dags/example_branch_python_dop_operator_3.py for tasks to queue
[2025-06-12T18:37:43.940+0000] {logging_mixin.py:188} INFO - [2025-06-12T18:37:43.940+0000] {dagbag.py:538} INFO - Filling up the DagBag from /home/airflow/.local/lib/python3.8/site-packages/airflow/example_dags/example_branch_python_dop_operator_3.py
[2025-06-12T18:37:43.977+0000] {processor.py:840} INFO - DAG(s) 'example_branch_dop_operator_v3' retrieved from /home/airflow/.local/lib/python3.8/site-packages/airflow/example_dags/example_branch_python_dop_operator_3.py
[2025-06-12T18:37:44.052+0000] {logging_mixin.py:188} INFO - [2025-06-12T18:37:44.052+0000] {dag.py:3036} INFO - Sync 1 DAGs
[2025-06-12T18:37:44.120+0000] {logging_mixin.py:188} INFO - [2025-06-12T18:37:44.120+0000] {dag.py:3823} INFO - Setting next_dagrun for example_branch_dop_operator_v3 to 2025-06-12 18:36:00+00:00, run_after=2025-06-12 18:37:00+00:00
[2025-06-12T18:37:44.157+0000] {processor.py:183} INFO - Processing /home/airflow/.local/lib/python3.8/site-packages/airflow/example_dags/example_branch_python_dop_operator_3.py took 0.249 seconds
[2025-06-12T18:38:14.487+0000] {processor.py:161} INFO - Started process (PID=410) to work on /home/airflow/.local/lib/python3.8/site-packages/airflow/example_dags/example_branch_python_dop_operator_3.py
[2025-06-12T18:38:14.490+0000] {processor.py:830} INFO - Processing file /home/airflow/.local/lib/python3.8/site-packages/airflow/example_dags/example_branch_python_dop_operator_3.py for tasks to queue
[2025-06-12T18:38:14.495+0000] {logging_mixin.py:188} INFO - [2025-06-12T18:38:14.494+0000] {dagbag.py:538} INFO - Filling up the DagBag from /home/airflow/.local/lib/python3.8/site-packages/airflow/example_dags/example_branch_python_dop_operator_3.py
[2025-06-12T18:38:14.521+0000] {processor.py:840} INFO - DAG(s) 'example_branch_dop_operator_v3' retrieved from /home/airflow/.local/lib/python3.8/site-packages/airflow/example_dags/example_branch_python_dop_operator_3.py
[2025-06-12T18:38:14.572+0000] {logging_mixin.py:188} INFO - [2025-06-12T18:38:14.571+0000] {dag.py:3036} INFO - Sync 1 DAGs
[2025-06-12T18:38:14.629+0000] {logging_mixin.py:188} INFO - [2025-06-12T18:38:14.629+0000] {dag.py:3823} INFO - Setting next_dagrun for example_branch_dop_operator_v3 to 2025-06-12 18:37:00+00:00, run_after=2025-06-12 18:38:00+00:00
[2025-06-12T18:38:14.688+0000] {processor.py:183} INFO - Processing /home/airflow/.local/lib/python3.8/site-packages/airflow/example_dags/example_branch_python_dop_operator_3.py took 0.208 seconds
[2025-06-12T18:38:45.185+0000] {processor.py:161} INFO - Started process (PID=465) to work on /home/airflow/.local/lib/python3.8/site-packages/airflow/example_dags/example_branch_python_dop_operator_3.py
[2025-06-12T18:38:45.186+0000] {processor.py:830} INFO - Processing file /home/airflow/.local/lib/python3.8/site-packages/airflow/example_dags/example_branch_python_dop_operator_3.py for tasks to queue
[2025-06-12T18:38:45.190+0000] {logging_mixin.py:188} INFO - [2025-06-12T18:38:45.189+0000] {dagbag.py:538} INFO - Filling up the DagBag from /home/airflow/.local/lib/python3.8/site-packages/airflow/example_dags/example_branch_python_dop_operator_3.py
[2025-06-12T18:38:45.206+0000] {processor.py:840} INFO - DAG(s) 'example_branch_dop_operator_v3' retrieved from /home/airflow/.local/lib/python3.8/site-packages/airflow/example_dags/example_branch_python_dop_operator_3.py
[2025-06-12T18:38:45.247+0000] {logging_mixin.py:188} INFO - [2025-06-12T18:38:45.246+0000] {dag.py:3036} INFO - Sync 1 DAGs
[2025-06-12T18:38:45.288+0000] {logging_mixin.py:188} INFO - [2025-06-12T18:38:45.288+0000] {dag.py:3823} INFO - Setting next_dagrun for example_branch_dop_operator_v3 to 2025-06-12 18:37:00+00:00, run_after=2025-06-12 18:38:00+00:00
[2025-06-12T18:38:45.322+0000] {processor.py:183} INFO - Processing /home/airflow/.local/lib/python3.8/site-packages/airflow/example_dags/example_branch_python_dop_operator_3.py took 0.149 seconds
[2025-06-12T18:39:15.400+0000] {processor.py:161} INFO - Started process (PID=520) to work on /home/airflow/.local/lib/python3.8/site-packages/airflow/example_dags/example_branch_python_dop_operator_3.py
[2025-06-12T18:39:15.403+0000] {processor.py:830} INFO - Processing file /home/airflow/.local/lib/python3.8/site-packages/airflow/example_dags/example_branch_python_dop_operator_3.py for tasks to queue
[2025-06-12T18:39:15.406+0000] {logging_mixin.py:188} INFO - [2025-06-12T18:39:15.406+0000] {dagbag.py:538} INFO - Filling up the DagBag from /home/airflow/.local/lib/python3.8/site-packages/airflow/example_dags/example_branch_python_dop_operator_3.py
[2025-06-12T18:39:15.430+0000] {processor.py:840} INFO - DAG(s) 'example_branch_dop_operator_v3' retrieved from /home/airflow/.local/lib/python3.8/site-packages/airflow/example_dags/example_branch_python_dop_operator_3.py
[2025-06-12T18:39:15.473+0000] {logging_mixin.py:188} INFO - [2025-06-12T18:39:15.473+0000] {dag.py:3036} INFO - Sync 1 DAGs
[2025-06-12T18:39:15.519+0000] {logging_mixin.py:188} INFO - [2025-06-12T18:39:15.519+0000] {dag.py:3823} INFO - Setting next_dagrun for example_branch_dop_operator_v3 to 2025-06-12 18:38:00+00:00, run_after=2025-06-12 18:39:00+00:00
[2025-06-12T18:39:15.562+0000] {processor.py:183} INFO - Processing /home/airflow/.local/lib/python3.8/site-packages/airflow/example_dags/example_branch_python_dop_operator_3.py took 0.170 seconds
[2025-06-12T18:39:46.363+0000] {processor.py:161} INFO - Started process (PID=575) to work on /home/airflow/.local/lib/python3.8/site-packages/airflow/example_dags/example_branch_python_dop_operator_3.py
[2025-06-12T18:39:46.365+0000] {processor.py:830} INFO - Processing file /home/airflow/.local/lib/python3.8/site-packages/airflow/example_dags/example_branch_python_dop_operator_3.py for tasks to queue
[2025-06-12T18:39:46.369+0000] {logging_mixin.py:188} INFO - [2025-06-12T18:39:46.368+0000] {dagbag.py:538} INFO - Filling up the DagBag from /home/airflow/.local/lib/python3.8/site-packages/airflow/example_dags/example_branch_python_dop_operator_3.py
[2025-06-12T18:39:46.387+0000] {processor.py:840} INFO - DAG(s) 'example_branch_dop_operator_v3' retrieved from /home/airflow/.local/lib/python3.8/site-packages/airflow/example_dags/example_branch_python_dop_operator_3.py
[2025-06-12T18:39:46.418+0000] {logging_mixin.py:188} INFO - [2025-06-12T18:39:46.417+0000] {dag.py:3036} INFO - Sync 1 DAGs
[2025-06-12T18:39:46.513+0000] {logging_mixin.py:188} INFO - [2025-06-12T18:39:46.513+0000] {dag.py:3823} INFO - Setting next_dagrun for example_branch_dop_operator_v3 to 2025-06-12 18:38:00+00:00, run_after=2025-06-12 18:39:00+00:00
[2025-06-12T18:39:46.557+0000] {processor.py:183} INFO - Processing /home/airflow/.local/lib/python3.8/site-packages/airflow/example_dags/example_branch_python_dop_operator_3.py took 0.203 seconds
[2025-06-12T18:40:31.170+0000] {processor.py:161} INFO - Started process (PID=630) to work on /home/airflow/.local/lib/python3.8/site-packages/airflow/example_dags/example_branch_python_dop_operator_3.py
[2025-06-12T18:40:31.174+0000] {processor.py:830} INFO - Processing file /home/airflow/.local/lib/python3.8/site-packages/airflow/example_dags/example_branch_python_dop_operator_3.py for tasks to queue
[2025-06-12T18:40:31.179+0000] {logging_mixin.py:188} INFO - [2025-06-12T18:40:31.178+0000] {dagbag.py:538} INFO - Filling up the DagBag from /home/airflow/.local/lib/python3.8/site-packages/airflow/example_dags/example_branch_python_dop_operator_3.py
[2025-06-12T18:40:31.224+0000] {processor.py:840} INFO - DAG(s) 'example_branch_dop_operator_v3' retrieved from /home/airflow/.local/lib/python3.8/site-packages/airflow/example_dags/example_branch_python_dop_operator_3.py
[2025-06-12T18:40:31.302+0000] {logging_mixin.py:188} INFO - [2025-06-12T18:40:31.295+0000] {dag.py:3036} INFO - Sync 1 DAGs
[2025-06-12T18:40:31.385+0000] {logging_mixin.py:188} INFO - [2025-06-12T18:40:31.385+0000] {dag.py:3823} INFO - Setting next_dagrun for example_branch_dop_operator_v3 to 2025-06-12 18:39:00+00:00, run_after=2025-06-12 18:40:00+00:00
[2025-06-12T18:40:31.448+0000] {processor.py:183} INFO - Processing /home/airflow/.local/lib/python3.8/site-packages/airflow/example_dags/example_branch_python_dop_operator_3.py took 0.918 seconds
[2025-06-12T18:46:13.504+0000] {processor.py:161} INFO - Started process (PID=696) to work on /home/airflow/.local/lib/python3.8/site-packages/airflow/example_dags/example_branch_python_dop_operator_3.py
[2025-06-12T18:46:13.507+0000] {processor.py:830} INFO - Processing file /home/airflow/.local/lib/python3.8/site-packages/airflow/example_dags/example_branch_python_dop_operator_3.py for tasks to queue
[2025-06-12T18:46:13.510+0000] {logging_mixin.py:188} INFO - [2025-06-12T18:46:13.509+0000] {dagbag.py:538} INFO - Filling up the DagBag from /home/airflow/.local/lib/python3.8/site-packages/airflow/example_dags/example_branch_python_dop_operator_3.py
[2025-06-12T18:46:13.535+0000] {processor.py:840} INFO - DAG(s) 'example_branch_dop_operator_v3' retrieved from /home/airflow/.local/lib/python3.8/site-packages/airflow/example_dags/example_branch_python_dop_operator_3.py
[2025-06-12T18:46:13.574+0000] {logging_mixin.py:188} INFO - [2025-06-12T18:46:13.574+0000] {dag.py:3036} INFO - Sync 1 DAGs
[2025-06-12T18:46:13.624+0000] {logging_mixin.py:188} INFO - [2025-06-12T18:46:13.624+0000] {dag.py:3823} INFO - Setting next_dagrun for example_branch_dop_operator_v3 to 2025-06-12 18:45:00+00:00, run_after=2025-06-12 18:46:00+00:00
[2025-06-12T18:46:13.661+0000] {processor.py:183} INFO - Processing /home/airflow/.local/lib/python3.8/site-packages/airflow/example_dags/example_branch_python_dop_operator_3.py took 0.165 seconds
[2025-06-12T18:46:44.457+0000] {processor.py:161} INFO - Started process (PID=752) to work on /home/airflow/.local/lib/python3.8/site-packages/airflow/example_dags/example_branch_python_dop_operator_3.py
[2025-06-12T18:46:44.460+0000] {processor.py:830} INFO - Processing file /home/airflow/.local/lib/python3.8/site-packages/airflow/example_dags/example_branch_python_dop_operator_3.py for tasks to queue
[2025-06-12T18:46:44.464+0000] {logging_mixin.py:188} INFO - [2025-06-12T18:46:44.462+0000] {dagbag.py:538} INFO - Filling up the DagBag from /home/airflow/.local/lib/python3.8/site-packages/airflow/example_dags/example_branch_python_dop_operator_3.py
[2025-06-12T18:46:44.495+0000] {processor.py:840} INFO - DAG(s) 'example_branch_dop_operator_v3' retrieved from /home/airflow/.local/lib/python3.8/site-packages/airflow/example_dags/example_branch_python_dop_operator_3.py
[2025-06-12T18:46:44.540+0000] {logging_mixin.py:188} INFO - [2025-06-12T18:46:44.540+0000] {dag.py:3036} INFO - Sync 1 DAGs
[2025-06-12T18:46:44.590+0000] {logging_mixin.py:188} INFO - [2025-06-12T18:46:44.589+0000] {dag.py:3823} INFO - Setting next_dagrun for example_branch_dop_operator_v3 to 2025-06-12 18:45:00+00:00, run_after=2025-06-12 18:46:00+00:00
[2025-06-12T18:46:44.627+0000] {processor.py:183} INFO - Processing /home/airflow/.local/lib/python3.8/site-packages/airflow/example_dags/example_branch_python_dop_operator_3.py took 0.179 seconds
[2025-06-12T18:47:15.142+0000] {processor.py:161} INFO - Started process (PID=807) to work on /home/airflow/.local/lib/python3.8/site-packages/airflow/example_dags/example_branch_python_dop_operator_3.py
[2025-06-12T18:47:15.144+0000] {processor.py:830} INFO - Processing file /home/airflow/.local/lib/python3.8/site-packages/airflow/example_dags/example_branch_python_dop_operator_3.py for tasks to queue
[2025-06-12T18:47:15.148+0000] {logging_mixin.py:188} INFO - [2025-06-12T18:47:15.146+0000] {dagbag.py:538} INFO - Filling up the DagBag from /home/airflow/.local/lib/python3.8/site-packages/airflow/example_dags/example_branch_python_dop_operator_3.py
[2025-06-12T18:47:15.171+0000] {processor.py:840} INFO - DAG(s) 'example_branch_dop_operator_v3' retrieved from /home/airflow/.local/lib/python3.8/site-packages/airflow/example_dags/example_branch_python_dop_operator_3.py
[2025-06-12T18:47:15.217+0000] {logging_mixin.py:188} INFO - [2025-06-12T18:47:15.217+0000] {dag.py:3036} INFO - Sync 1 DAGs
[2025-06-12T18:47:15.263+0000] {logging_mixin.py:188} INFO - [2025-06-12T18:47:15.263+0000] {dag.py:3823} INFO - Setting next_dagrun for example_branch_dop_operator_v3 to 2025-06-12 18:46:00+00:00, run_after=2025-06-12 18:47:00+00:00
[2025-06-12T18:47:15.298+0000] {processor.py:183} INFO - Processing /home/airflow/.local/lib/python3.8/site-packages/airflow/example_dags/example_branch_python_dop_operator_3.py took 0.162 seconds
[2025-06-12T18:47:45.763+0000] {processor.py:161} INFO - Started process (PID=860) to work on /home/airflow/.local/lib/python3.8/site-packages/airflow/example_dags/example_branch_python_dop_operator_3.py
[2025-06-12T18:47:45.765+0000] {processor.py:830} INFO - Processing file /home/airflow/.local/lib/python3.8/site-packages/airflow/example_dags/example_branch_python_dop_operator_3.py for tasks to queue
[2025-06-12T18:47:45.767+0000] {logging_mixin.py:188} INFO - [2025-06-12T18:47:45.766+0000] {dagbag.py:538} INFO - Filling up the DagBag from /home/airflow/.local/lib/python3.8/site-packages/airflow/example_dags/example_branch_python_dop_operator_3.py
[2025-06-12T18:47:45.781+0000] {processor.py:840} INFO - DAG(s) 'example_branch_dop_operator_v3' retrieved from /home/airflow/.local/lib/python3.8/site-packages/airflow/example_dags/example_branch_python_dop_operator_3.py
[2025-06-12T18:47:45.817+0000] {logging_mixin.py:188} INFO - [2025-06-12T18:47:45.817+0000] {dag.py:3036} INFO - Sync 1 DAGs
[2025-06-12T18:47:45.856+0000] {logging_mixin.py:188} INFO - [2025-06-12T18:47:45.856+0000] {dag.py:3823} INFO - Setting next_dagrun for example_branch_dop_operator_v3 to 2025-06-12 18:46:00+00:00, run_after=2025-06-12 18:47:00+00:00
[2025-06-12T18:47:45.888+0000] {processor.py:183} INFO - Processing /home/airflow/.local/lib/python3.8/site-packages/airflow/example_dags/example_branch_python_dop_operator_3.py took 0.132 seconds
[2025-06-12T18:48:17.490+0000] {processor.py:161} INFO - Started process (PID=915) to work on /home/airflow/.local/lib/python3.8/site-packages/airflow/example_dags/example_branch_python_dop_operator_3.py
[2025-06-12T18:48:17.506+0000] {processor.py:830} INFO - Processing file /home/airflow/.local/lib/python3.8/site-packages/airflow/example_dags/example_branch_python_dop_operator_3.py for tasks to queue
[2025-06-12T18:48:17.519+0000] {logging_mixin.py:188} INFO - [2025-06-12T18:48:17.518+0000] {dagbag.py:538} INFO - Filling up the DagBag from /home/airflow/.local/lib/python3.8/site-packages/airflow/example_dags/example_branch_python_dop_operator_3.py
[2025-06-12T18:48:17.577+0000] {processor.py:840} INFO - DAG(s) 'example_branch_dop_operator_v3' retrieved from /home/airflow/.local/lib/python3.8/site-packages/airflow/example_dags/example_branch_python_dop_operator_3.py
[2025-06-12T18:48:17.943+0000] {logging_mixin.py:188} INFO - [2025-06-12T18:48:17.942+0000] {dag.py:3036} INFO - Sync 1 DAGs
[2025-06-12T18:48:18.082+0000] {logging_mixin.py:188} INFO - [2025-06-12T18:48:18.081+0000] {dag.py:3823} INFO - Setting next_dagrun for example_branch_dop_operator_v3 to 2025-06-12 18:47:00+00:00, run_after=2025-06-12 18:48:00+00:00
[2025-06-12T18:48:18.164+0000] {processor.py:183} INFO - Processing /home/airflow/.local/lib/python3.8/site-packages/airflow/example_dags/example_branch_python_dop_operator_3.py took 0.684 seconds
[2025-06-12T18:48:48.777+0000] {processor.py:161} INFO - Started process (PID=969) to work on /home/airflow/.local/lib/python3.8/site-packages/airflow/example_dags/example_branch_python_dop_operator_3.py
[2025-06-12T18:48:48.780+0000] {processor.py:830} INFO - Processing file /home/airflow/.local/lib/python3.8/site-packages/airflow/example_dags/example_branch_python_dop_operator_3.py for tasks to queue
[2025-06-12T18:48:48.782+0000] {logging_mixin.py:188} INFO - [2025-06-12T18:48:48.781+0000] {dagbag.py:538} INFO - Filling up the DagBag from /home/airflow/.local/lib/python3.8/site-packages/airflow/example_dags/example_branch_python_dop_operator_3.py
[2025-06-12T18:48:48.801+0000] {processor.py:840} INFO - DAG(s) 'example_branch_dop_operator_v3' retrieved from /home/airflow/.local/lib/python3.8/site-packages/airflow/example_dags/example_branch_python_dop_operator_3.py
[2025-06-12T18:48:48.841+0000] {logging_mixin.py:188} INFO - [2025-06-12T18:48:48.841+0000] {dag.py:3036} INFO - Sync 1 DAGs
[2025-06-12T18:48:48.883+0000] {logging_mixin.py:188} INFO - [2025-06-12T18:48:48.883+0000] {dag.py:3823} INFO - Setting next_dagrun for example_branch_dop_operator_v3 to 2025-06-12 18:47:00+00:00, run_after=2025-06-12 18:48:00+00:00
[2025-06-12T18:48:48.916+0000] {processor.py:183} INFO - Processing /home/airflow/.local/lib/python3.8/site-packages/airflow/example_dags/example_branch_python_dop_operator_3.py took 0.146 seconds
[2025-06-12T18:49:19.167+0000] {processor.py:161} INFO - Started process (PID=1024) to work on /home/airflow/.local/lib/python3.8/site-packages/airflow/example_dags/example_branch_python_dop_operator_3.py
[2025-06-12T18:49:19.171+0000] {processor.py:830} INFO - Processing file /home/airflow/.local/lib/python3.8/site-packages/airflow/example_dags/example_branch_python_dop_operator_3.py for tasks to queue
[2025-06-12T18:49:19.174+0000] {logging_mixin.py:188} INFO - [2025-06-12T18:49:19.173+0000] {dagbag.py:538} INFO - Filling up the DagBag from /home/airflow/.local/lib/python3.8/site-packages/airflow/example_dags/example_branch_python_dop_operator_3.py
[2025-06-12T18:49:19.203+0000] {processor.py:840} INFO - DAG(s) 'example_branch_dop_operator_v3' retrieved from /home/airflow/.local/lib/python3.8/site-packages/airflow/example_dags/example_branch_python_dop_operator_3.py
[2025-06-12T18:49:19.254+0000] {logging_mixin.py:188} INFO - [2025-06-12T18:49:19.254+0000] {dag.py:3036} INFO - Sync 1 DAGs
[2025-06-12T18:49:19.298+0000] {logging_mixin.py:188} INFO - [2025-06-12T18:49:19.297+0000] {dag.py:3823} INFO - Setting next_dagrun for example_branch_dop_operator_v3 to 2025-06-12 18:48:00+00:00, run_after=2025-06-12 18:49:00+00:00
[2025-06-12T18:49:19.332+0000] {processor.py:183} INFO - Processing /home/airflow/.local/lib/python3.8/site-packages/airflow/example_dags/example_branch_python_dop_operator_3.py took 0.178 seconds
[2025-06-12T18:49:50.023+0000] {processor.py:161} INFO - Started process (PID=1079) to work on /home/airflow/.local/lib/python3.8/site-packages/airflow/example_dags/example_branch_python_dop_operator_3.py
[2025-06-12T18:49:50.026+0000] {processor.py:830} INFO - Processing file /home/airflow/.local/lib/python3.8/site-packages/airflow/example_dags/example_branch_python_dop_operator_3.py for tasks to queue
[2025-06-12T18:49:50.029+0000] {logging_mixin.py:188} INFO - [2025-06-12T18:49:50.028+0000] {dagbag.py:538} INFO - Filling up the DagBag from /home/airflow/.local/lib/python3.8/site-packages/airflow/example_dags/example_branch_python_dop_operator_3.py
[2025-06-12T18:49:50.053+0000] {processor.py:840} INFO - DAG(s) 'example_branch_dop_operator_v3' retrieved from /home/airflow/.local/lib/python3.8/site-packages/airflow/example_dags/example_branch_python_dop_operator_3.py
[2025-06-12T18:49:50.108+0000] {logging_mixin.py:188} INFO - [2025-06-12T18:49:50.107+0000] {dag.py:3036} INFO - Sync 1 DAGs
[2025-06-12T18:49:50.161+0000] {logging_mixin.py:188} INFO - [2025-06-12T18:49:50.161+0000] {dag.py:3823} INFO - Setting next_dagrun for example_branch_dop_operator_v3 to 2025-06-12 18:48:00+00:00, run_after=2025-06-12 18:49:00+00:00
[2025-06-12T18:49:50.199+0000] {processor.py:183} INFO - Processing /home/airflow/.local/lib/python3.8/site-packages/airflow/example_dags/example_branch_python_dop_operator_3.py took 0.183 seconds
[2025-06-12T18:50:20.567+0000] {processor.py:161} INFO - Started process (PID=1134) to work on /home/airflow/.local/lib/python3.8/site-packages/airflow/example_dags/example_branch_python_dop_operator_3.py
[2025-06-12T18:50:20.569+0000] {processor.py:830} INFO - Processing file /home/airflow/.local/lib/python3.8/site-packages/airflow/example_dags/example_branch_python_dop_operator_3.py for tasks to queue
[2025-06-12T18:50:20.571+0000] {logging_mixin.py:188} INFO - [2025-06-12T18:50:20.571+0000] {dagbag.py:538} INFO - Filling up the DagBag from /home/airflow/.local/lib/python3.8/site-packages/airflow/example_dags/example_branch_python_dop_operator_3.py
[2025-06-12T18:50:20.588+0000] {processor.py:840} INFO - DAG(s) 'example_branch_dop_operator_v3' retrieved from /home/airflow/.local/lib/python3.8/site-packages/airflow/example_dags/example_branch_python_dop_operator_3.py
[2025-06-12T18:50:20.624+0000] {logging_mixin.py:188} INFO - [2025-06-12T18:50:20.624+0000] {dag.py:3036} INFO - Sync 1 DAGs
[2025-06-12T18:50:20.673+0000] {logging_mixin.py:188} INFO - [2025-06-12T18:50:20.673+0000] {dag.py:3823} INFO - Setting next_dagrun for example_branch_dop_operator_v3 to 2025-06-12 18:49:00+00:00, run_after=2025-06-12 18:50:00+00:00
[2025-06-12T18:50:20.706+0000] {processor.py:183} INFO - Processing /home/airflow/.local/lib/python3.8/site-packages/airflow/example_dags/example_branch_python_dop_operator_3.py took 0.146 seconds
[2025-06-12T18:50:50.800+0000] {processor.py:161} INFO - Started process (PID=1190) to work on /home/airflow/.local/lib/python3.8/site-packages/airflow/example_dags/example_branch_python_dop_operator_3.py
[2025-06-12T18:50:50.801+0000] {processor.py:830} INFO - Processing file /home/airflow/.local/lib/python3.8/site-packages/airflow/example_dags/example_branch_python_dop_operator_3.py for tasks to queue
[2025-06-12T18:50:50.803+0000] {logging_mixin.py:188} INFO - [2025-06-12T18:50:50.802+0000] {dagbag.py:538} INFO - Filling up the DagBag from /home/airflow/.local/lib/python3.8/site-packages/airflow/example_dags/example_branch_python_dop_operator_3.py
[2025-06-12T18:50:50.819+0000] {processor.py:840} INFO - DAG(s) 'example_branch_dop_operator_v3' retrieved from /home/airflow/.local/lib/python3.8/site-packages/airflow/example_dags/example_branch_python_dop_operator_3.py
[2025-06-12T18:50:50.857+0000] {logging_mixin.py:188} INFO - [2025-06-12T18:50:50.857+0000] {dag.py:3036} INFO - Sync 1 DAGs
[2025-06-12T18:50:50.896+0000] {logging_mixin.py:188} INFO - [2025-06-12T18:50:50.896+0000] {dag.py:3823} INFO - Setting next_dagrun for example_branch_dop_operator_v3 to 2025-06-12 18:49:00+00:00, run_after=2025-06-12 18:50:00+00:00
[2025-06-12T18:50:50.926+0000] {processor.py:183} INFO - Processing /home/airflow/.local/lib/python3.8/site-packages/airflow/example_dags/example_branch_python_dop_operator_3.py took 0.134 seconds
[2025-06-12T18:51:21.161+0000] {processor.py:161} INFO - Started process (PID=1245) to work on /home/airflow/.local/lib/python3.8/site-packages/airflow/example_dags/example_branch_python_dop_operator_3.py
[2025-06-12T18:51:21.164+0000] {processor.py:830} INFO - Processing file /home/airflow/.local/lib/python3.8/site-packages/airflow/example_dags/example_branch_python_dop_operator_3.py for tasks to queue
[2025-06-12T18:51:21.166+0000] {logging_mixin.py:188} INFO - [2025-06-12T18:51:21.165+0000] {dagbag.py:538} INFO - Filling up the DagBag from /home/airflow/.local/lib/python3.8/site-packages/airflow/example_dags/example_branch_python_dop_operator_3.py
[2025-06-12T18:51:21.182+0000] {processor.py:840} INFO - DAG(s) 'example_branch_dop_operator_v3' retrieved from /home/airflow/.local/lib/python3.8/site-packages/airflow/example_dags/example_branch_python_dop_operator_3.py
[2025-06-12T18:51:21.217+0000] {logging_mixin.py:188} INFO - [2025-06-12T18:51:21.217+0000] {dag.py:3036} INFO - Sync 1 DAGs
[2025-06-12T18:51:21.255+0000] {logging_mixin.py:188} INFO - [2025-06-12T18:51:21.255+0000] {dag.py:3823} INFO - Setting next_dagrun for example_branch_dop_operator_v3 to 2025-06-12 18:50:00+00:00, run_after=2025-06-12 18:51:00+00:00
[2025-06-12T18:51:21.296+0000] {processor.py:183} INFO - Processing /home/airflow/.local/lib/python3.8/site-packages/airflow/example_dags/example_branch_python_dop_operator_3.py took 0.142 seconds
[2025-06-12T18:51:51.985+0000] {processor.py:161} INFO - Started process (PID=1300) to work on /home/airflow/.local/lib/python3.8/site-packages/airflow/example_dags/example_branch_python_dop_operator_3.py
[2025-06-12T18:51:51.987+0000] {processor.py:830} INFO - Processing file /home/airflow/.local/lib/python3.8/site-packages/airflow/example_dags/example_branch_python_dop_operator_3.py for tasks to queue
[2025-06-12T18:51:51.989+0000] {logging_mixin.py:188} INFO - [2025-06-12T18:51:51.988+0000] {dagbag.py:538} INFO - Filling up the DagBag from /home/airflow/.local/lib/python3.8/site-packages/airflow/example_dags/example_branch_python_dop_operator_3.py
[2025-06-12T18:51:52.010+0000] {processor.py:840} INFO - DAG(s) 'example_branch_dop_operator_v3' retrieved from /home/airflow/.local/lib/python3.8/site-packages/airflow/example_dags/example_branch_python_dop_operator_3.py
[2025-06-12T18:51:52.052+0000] {logging_mixin.py:188} INFO - [2025-06-12T18:51:52.052+0000] {dag.py:3036} INFO - Sync 1 DAGs
[2025-06-12T18:51:52.088+0000] {logging_mixin.py:188} INFO - [2025-06-12T18:51:52.087+0000] {dag.py:3823} INFO - Setting next_dagrun for example_branch_dop_operator_v3 to 2025-06-12 18:50:00+00:00, run_after=2025-06-12 18:51:00+00:00
[2025-06-12T18:51:52.122+0000] {processor.py:183} INFO - Processing /home/airflow/.local/lib/python3.8/site-packages/airflow/example_dags/example_branch_python_dop_operator_3.py took 0.143 seconds
[2025-06-12T18:52:22.378+0000] {processor.py:161} INFO - Started process (PID=1356) to work on /home/airflow/.local/lib/python3.8/site-packages/airflow/example_dags/example_branch_python_dop_operator_3.py
[2025-06-12T18:52:22.384+0000] {processor.py:830} INFO - Processing file /home/airflow/.local/lib/python3.8/site-packages/airflow/example_dags/example_branch_python_dop_operator_3.py for tasks to queue
[2025-06-12T18:52:22.387+0000] {logging_mixin.py:188} INFO - [2025-06-12T18:52:22.386+0000] {dagbag.py:538} INFO - Filling up the DagBag from /home/airflow/.local/lib/python3.8/site-packages/airflow/example_dags/example_branch_python_dop_operator_3.py
[2025-06-12T18:52:22.418+0000] {processor.py:840} INFO - DAG(s) 'example_branch_dop_operator_v3' retrieved from /home/airflow/.local/lib/python3.8/site-packages/airflow/example_dags/example_branch_python_dop_operator_3.py
[2025-06-12T18:52:22.674+0000] {logging_mixin.py:188} INFO - [2025-06-12T18:52:22.663+0000] {dag.py:3036} INFO - Sync 1 DAGs
[2025-06-12T18:52:22.773+0000] {logging_mixin.py:188} INFO - [2025-06-12T18:52:22.772+0000] {dag.py:3823} INFO - Setting next_dagrun for example_branch_dop_operator_v3 to 2025-06-12 18:51:00+00:00, run_after=2025-06-12 18:52:00+00:00
[2025-06-12T18:52:22.834+0000] {processor.py:183} INFO - Processing /home/airflow/.local/lib/python3.8/site-packages/airflow/example_dags/example_branch_python_dop_operator_3.py took 0.465 seconds
[2025-06-12T18:52:53.563+0000] {processor.py:161} INFO - Started process (PID=1411) to work on /home/airflow/.local/lib/python3.8/site-packages/airflow/example_dags/example_branch_python_dop_operator_3.py
[2025-06-12T18:52:53.565+0000] {processor.py:830} INFO - Processing file /home/airflow/.local/lib/python3.8/site-packages/airflow/example_dags/example_branch_python_dop_operator_3.py for tasks to queue
[2025-06-12T18:52:53.567+0000] {logging_mixin.py:188} INFO - [2025-06-12T18:52:53.566+0000] {dagbag.py:538} INFO - Filling up the DagBag from /home/airflow/.local/lib/python3.8/site-packages/airflow/example_dags/example_branch_python_dop_operator_3.py
[2025-06-12T18:52:53.583+0000] {processor.py:840} INFO - DAG(s) 'example_branch_dop_operator_v3' retrieved from /home/airflow/.local/lib/python3.8/site-packages/airflow/example_dags/example_branch_python_dop_operator_3.py
[2025-06-12T18:52:53.618+0000] {logging_mixin.py:188} INFO - [2025-06-12T18:52:53.618+0000] {dag.py:3036} INFO - Sync 1 DAGs
[2025-06-12T18:52:53.655+0000] {logging_mixin.py:188} INFO - [2025-06-12T18:52:53.655+0000] {dag.py:3823} INFO - Setting next_dagrun for example_branch_dop_operator_v3 to 2025-06-12 18:51:00+00:00, run_after=2025-06-12 18:52:00+00:00
[2025-06-12T18:52:53.693+0000] {processor.py:183} INFO - Processing /home/airflow/.local/lib/python3.8/site-packages/airflow/example_dags/example_branch_python_dop_operator_3.py took 0.136 seconds
[2025-06-12T18:53:24.504+0000] {processor.py:161} INFO - Started process (PID=1466) to work on /home/airflow/.local/lib/python3.8/site-packages/airflow/example_dags/example_branch_python_dop_operator_3.py
[2025-06-12T18:53:24.506+0000] {processor.py:830} INFO - Processing file /home/airflow/.local/lib/python3.8/site-packages/airflow/example_dags/example_branch_python_dop_operator_3.py for tasks to queue
[2025-06-12T18:53:24.509+0000] {logging_mixin.py:188} INFO - [2025-06-12T18:53:24.508+0000] {dagbag.py:538} INFO - Filling up the DagBag from /home/airflow/.local/lib/python3.8/site-packages/airflow/example_dags/example_branch_python_dop_operator_3.py
[2025-06-12T18:53:24.525+0000] {processor.py:840} INFO - DAG(s) 'example_branch_dop_operator_v3' retrieved from /home/airflow/.local/lib/python3.8/site-packages/airflow/example_dags/example_branch_python_dop_operator_3.py
[2025-06-12T18:53:24.563+0000] {logging_mixin.py:188} INFO - [2025-06-12T18:53:24.563+0000] {dag.py:3036} INFO - Sync 1 DAGs
[2025-06-12T18:53:24.607+0000] {logging_mixin.py:188} INFO - [2025-06-12T18:53:24.607+0000] {dag.py:3823} INFO - Setting next_dagrun for example_branch_dop_operator_v3 to 2025-06-12 18:52:00+00:00, run_after=2025-06-12 18:53:00+00:00
[2025-06-12T18:53:24.640+0000] {processor.py:183} INFO - Processing /home/airflow/.local/lib/python3.8/site-packages/airflow/example_dags/example_branch_python_dop_operator_3.py took 0.142 seconds
[2025-06-12T18:53:54.837+0000] {processor.py:161} INFO - Started process (PID=1522) to work on /home/airflow/.local/lib/python3.8/site-packages/airflow/example_dags/example_branch_python_dop_operator_3.py
[2025-06-12T18:53:54.840+0000] {processor.py:830} INFO - Processing file /home/airflow/.local/lib/python3.8/site-packages/airflow/example_dags/example_branch_python_dop_operator_3.py for tasks to queue
[2025-06-12T18:53:54.842+0000] {logging_mixin.py:188} INFO - [2025-06-12T18:53:54.842+0000] {dagbag.py:538} INFO - Filling up the DagBag from /home/airflow/.local/lib/python3.8/site-packages/airflow/example_dags/example_branch_python_dop_operator_3.py
[2025-06-12T18:53:54.859+0000] {processor.py:840} INFO - DAG(s) 'example_branch_dop_operator_v3' retrieved from /home/airflow/.local/lib/python3.8/site-packages/airflow/example_dags/example_branch_python_dop_operator_3.py
[2025-06-12T18:53:54.896+0000] {logging_mixin.py:188} INFO - [2025-06-12T18:53:54.896+0000] {dag.py:3036} INFO - Sync 1 DAGs
[2025-06-12T18:53:54.942+0000] {logging_mixin.py:188} INFO - [2025-06-12T18:53:54.942+0000] {dag.py:3823} INFO - Setting next_dagrun for example_branch_dop_operator_v3 to 2025-06-12 18:52:00+00:00, run_after=2025-06-12 18:53:00+00:00
[2025-06-12T18:53:54.975+0000] {processor.py:183} INFO - Processing /home/airflow/.local/lib/python3.8/site-packages/airflow/example_dags/example_branch_python_dop_operator_3.py took 0.144 seconds
[2025-06-12T18:54:25.452+0000] {processor.py:161} INFO - Started process (PID=1577) to work on /home/airflow/.local/lib/python3.8/site-packages/airflow/example_dags/example_branch_python_dop_operator_3.py
[2025-06-12T18:54:25.454+0000] {processor.py:830} INFO - Processing file /home/airflow/.local/lib/python3.8/site-packages/airflow/example_dags/example_branch_python_dop_operator_3.py for tasks to queue
[2025-06-12T18:54:25.457+0000] {logging_mixin.py:188} INFO - [2025-06-12T18:54:25.456+0000] {dagbag.py:538} INFO - Filling up the DagBag from /home/airflow/.local/lib/python3.8/site-packages/airflow/example_dags/example_branch_python_dop_operator_3.py
[2025-06-12T18:54:25.475+0000] {processor.py:840} INFO - DAG(s) 'example_branch_dop_operator_v3' retrieved from /home/airflow/.local/lib/python3.8/site-packages/airflow/example_dags/example_branch_python_dop_operator_3.py
[2025-06-12T18:54:25.518+0000] {logging_mixin.py:188} INFO - [2025-06-12T18:54:25.517+0000] {dag.py:3036} INFO - Sync 1 DAGs
[2025-06-12T18:54:25.608+0000] {logging_mixin.py:188} INFO - [2025-06-12T18:54:25.607+0000] {dag.py:3823} INFO - Setting next_dagrun for example_branch_dop_operator_v3 to 2025-06-12 18:53:00+00:00, run_after=2025-06-12 18:54:00+00:00
[2025-06-12T18:54:25.653+0000] {processor.py:183} INFO - Processing /home/airflow/.local/lib/python3.8/site-packages/airflow/example_dags/example_branch_python_dop_operator_3.py took 0.206 seconds
[2025-06-12T18:54:56.245+0000] {processor.py:161} INFO - Started process (PID=1632) to work on /home/airflow/.local/lib/python3.8/site-packages/airflow/example_dags/example_branch_python_dop_operator_3.py
[2025-06-12T18:54:56.248+0000] {processor.py:830} INFO - Processing file /home/airflow/.local/lib/python3.8/site-packages/airflow/example_dags/example_branch_python_dop_operator_3.py for tasks to queue
[2025-06-12T18:54:56.250+0000] {logging_mixin.py:188} INFO - [2025-06-12T18:54:56.250+0000] {dagbag.py:538} INFO - Filling up the DagBag from /home/airflow/.local/lib/python3.8/site-packages/airflow/example_dags/example_branch_python_dop_operator_3.py
[2025-06-12T18:54:56.267+0000] {processor.py:840} INFO - DAG(s) 'example_branch_dop_operator_v3' retrieved from /home/airflow/.local/lib/python3.8/site-packages/airflow/example_dags/example_branch_python_dop_operator_3.py
[2025-06-12T18:54:56.310+0000] {logging_mixin.py:188} INFO - [2025-06-12T18:54:56.310+0000] {dag.py:3036} INFO - Sync 1 DAGs
[2025-06-12T18:54:56.359+0000] {logging_mixin.py:188} INFO - [2025-06-12T18:54:56.359+0000] {dag.py:3823} INFO - Setting next_dagrun for example_branch_dop_operator_v3 to 2025-06-12 18:53:00+00:00, run_after=2025-06-12 18:54:00+00:00
[2025-06-12T18:54:56.397+0000] {processor.py:183} INFO - Processing /home/airflow/.local/lib/python3.8/site-packages/airflow/example_dags/example_branch_python_dop_operator_3.py took 0.161 seconds
[2025-06-12T18:55:26.629+0000] {processor.py:161} INFO - Started process (PID=1687) to work on /home/airflow/.local/lib/python3.8/site-packages/airflow/example_dags/example_branch_python_dop_operator_3.py
[2025-06-12T18:55:26.632+0000] {processor.py:830} INFO - Processing file /home/airflow/.local/lib/python3.8/site-packages/airflow/example_dags/example_branch_python_dop_operator_3.py for tasks to queue
[2025-06-12T18:55:26.634+0000] {logging_mixin.py:188} INFO - [2025-06-12T18:55:26.634+0000] {dagbag.py:538} INFO - Filling up the DagBag from /home/airflow/.local/lib/python3.8/site-packages/airflow/example_dags/example_branch_python_dop_operator_3.py
[2025-06-12T18:55:26.650+0000] {processor.py:840} INFO - DAG(s) 'example_branch_dop_operator_v3' retrieved from /home/airflow/.local/lib/python3.8/site-packages/airflow/example_dags/example_branch_python_dop_operator_3.py
[2025-06-12T18:55:26.701+0000] {logging_mixin.py:188} INFO - [2025-06-12T18:55:26.700+0000] {dag.py:3036} INFO - Sync 1 DAGs
[2025-06-12T18:55:26.754+0000] {logging_mixin.py:188} INFO - [2025-06-12T18:55:26.753+0000] {dag.py:3823} INFO - Setting next_dagrun for example_branch_dop_operator_v3 to 2025-06-12 18:54:00+00:00, run_after=2025-06-12 18:55:00+00:00
[2025-06-12T18:55:26.807+0000] {processor.py:183} INFO - Processing /home/airflow/.local/lib/python3.8/site-packages/airflow/example_dags/example_branch_python_dop_operator_3.py took 0.183 seconds
[2025-06-12T18:55:57.236+0000] {processor.py:161} INFO - Started process (PID=1742) to work on /home/airflow/.local/lib/python3.8/site-packages/airflow/example_dags/example_branch_python_dop_operator_3.py
[2025-06-12T18:55:57.238+0000] {processor.py:830} INFO - Processing file /home/airflow/.local/lib/python3.8/site-packages/airflow/example_dags/example_branch_python_dop_operator_3.py for tasks to queue
[2025-06-12T18:55:57.240+0000] {logging_mixin.py:188} INFO - [2025-06-12T18:55:57.240+0000] {dagbag.py:538} INFO - Filling up the DagBag from /home/airflow/.local/lib/python3.8/site-packages/airflow/example_dags/example_branch_python_dop_operator_3.py
[2025-06-12T18:55:57.260+0000] {processor.py:840} INFO - DAG(s) 'example_branch_dop_operator_v3' retrieved from /home/airflow/.local/lib/python3.8/site-packages/airflow/example_dags/example_branch_python_dop_operator_3.py
[2025-06-12T18:55:57.302+0000] {logging_mixin.py:188} INFO - [2025-06-12T18:55:57.302+0000] {dag.py:3036} INFO - Sync 1 DAGs
[2025-06-12T18:55:57.346+0000] {logging_mixin.py:188} INFO - [2025-06-12T18:55:57.346+0000] {dag.py:3823} INFO - Setting next_dagrun for example_branch_dop_operator_v3 to 2025-06-12 18:54:00+00:00, run_after=2025-06-12 18:55:00+00:00
[2025-06-12T18:55:57.384+0000] {processor.py:183} INFO - Processing /home/airflow/.local/lib/python3.8/site-packages/airflow/example_dags/example_branch_python_dop_operator_3.py took 0.153 seconds
[2025-06-12T18:56:27.893+0000] {processor.py:161} INFO - Started process (PID=1797) to work on /home/airflow/.local/lib/python3.8/site-packages/airflow/example_dags/example_branch_python_dop_operator_3.py
[2025-06-12T18:56:27.897+0000] {processor.py:830} INFO - Processing file /home/airflow/.local/lib/python3.8/site-packages/airflow/example_dags/example_branch_python_dop_operator_3.py for tasks to queue
[2025-06-12T18:56:27.900+0000] {logging_mixin.py:188} INFO - [2025-06-12T18:56:27.899+0000] {dagbag.py:538} INFO - Filling up the DagBag from /home/airflow/.local/lib/python3.8/site-packages/airflow/example_dags/example_branch_python_dop_operator_3.py
[2025-06-12T18:56:27.917+0000] {processor.py:840} INFO - DAG(s) 'example_branch_dop_operator_v3' retrieved from /home/airflow/.local/lib/python3.8/site-packages/airflow/example_dags/example_branch_python_dop_operator_3.py
[2025-06-12T18:56:27.954+0000] {logging_mixin.py:188} INFO - [2025-06-12T18:56:27.954+0000] {dag.py:3036} INFO - Sync 1 DAGs
[2025-06-12T18:56:27.995+0000] {logging_mixin.py:188} INFO - [2025-06-12T18:56:27.994+0000] {dag.py:3823} INFO - Setting next_dagrun for example_branch_dop_operator_v3 to 2025-06-12 18:55:00+00:00, run_after=2025-06-12 18:56:00+00:00
[2025-06-12T18:56:28.027+0000] {processor.py:183} INFO - Processing /home/airflow/.local/lib/python3.8/site-packages/airflow/example_dags/example_branch_python_dop_operator_3.py took 0.146 seconds
[2025-06-12T18:56:58.405+0000] {processor.py:161} INFO - Started process (PID=1852) to work on /home/airflow/.local/lib/python3.8/site-packages/airflow/example_dags/example_branch_python_dop_operator_3.py
[2025-06-12T18:56:58.407+0000] {processor.py:830} INFO - Processing file /home/airflow/.local/lib/python3.8/site-packages/airflow/example_dags/example_branch_python_dop_operator_3.py for tasks to queue
[2025-06-12T18:56:58.410+0000] {logging_mixin.py:188} INFO - [2025-06-12T18:56:58.409+0000] {dagbag.py:538} INFO - Filling up the DagBag from /home/airflow/.local/lib/python3.8/site-packages/airflow/example_dags/example_branch_python_dop_operator_3.py
[2025-06-12T18:56:58.426+0000] {processor.py:840} INFO - DAG(s) 'example_branch_dop_operator_v3' retrieved from /home/airflow/.local/lib/python3.8/site-packages/airflow/example_dags/example_branch_python_dop_operator_3.py
[2025-06-12T18:56:58.468+0000] {logging_mixin.py:188} INFO - [2025-06-12T18:56:58.467+0000] {dag.py:3036} INFO - Sync 1 DAGs
[2025-06-12T18:56:58.514+0000] {logging_mixin.py:188} INFO - [2025-06-12T18:56:58.513+0000] {dag.py:3823} INFO - Setting next_dagrun for example_branch_dop_operator_v3 to 2025-06-12 18:55:00+00:00, run_after=2025-06-12 18:56:00+00:00
[2025-06-12T18:56:58.552+0000] {processor.py:183} INFO - Processing /home/airflow/.local/lib/python3.8/site-packages/airflow/example_dags/example_branch_python_dop_operator_3.py took 0.153 seconds
[2025-06-12T18:57:40.899+0000] {processor.py:161} INFO - Started process (PID=1908) to work on /home/airflow/.local/lib/python3.8/site-packages/airflow/example_dags/example_branch_python_dop_operator_3.py
[2025-06-12T18:57:40.901+0000] {processor.py:830} INFO - Processing file /home/airflow/.local/lib/python3.8/site-packages/airflow/example_dags/example_branch_python_dop_operator_3.py for tasks to queue
[2025-06-12T18:57:40.904+0000] {logging_mixin.py:188} INFO - [2025-06-12T18:57:40.903+0000] {dagbag.py:538} INFO - Filling up the DagBag from /home/airflow/.local/lib/python3.8/site-packages/airflow/example_dags/example_branch_python_dop_operator_3.py
[2025-06-12T18:57:40.929+0000] {processor.py:840} INFO - DAG(s) 'example_branch_dop_operator_v3' retrieved from /home/airflow/.local/lib/python3.8/site-packages/airflow/example_dags/example_branch_python_dop_operator_3.py
[2025-06-12T18:57:40.987+0000] {logging_mixin.py:188} INFO - [2025-06-12T18:57:40.986+0000] {dag.py:3036} INFO - Sync 1 DAGs
[2025-06-12T18:57:41.054+0000] {logging_mixin.py:188} INFO - [2025-06-12T18:57:41.054+0000] {dag.py:3823} INFO - Setting next_dagrun for example_branch_dop_operator_v3 to 2025-06-12 18:56:00+00:00, run_after=2025-06-12 18:57:00+00:00
[2025-06-12T18:57:41.094+0000] {processor.py:183} INFO - Processing /home/airflow/.local/lib/python3.8/site-packages/airflow/example_dags/example_branch_python_dop_operator_3.py took 0.203 seconds
[2025-06-12T18:58:11.452+0000] {processor.py:161} INFO - Started process (PID=1963) to work on /home/airflow/.local/lib/python3.8/site-packages/airflow/example_dags/example_branch_python_dop_operator_3.py
[2025-06-12T18:58:11.454+0000] {processor.py:830} INFO - Processing file /home/airflow/.local/lib/python3.8/site-packages/airflow/example_dags/example_branch_python_dop_operator_3.py for tasks to queue
[2025-06-12T18:58:11.457+0000] {logging_mixin.py:188} INFO - [2025-06-12T18:58:11.456+0000] {dagbag.py:538} INFO - Filling up the DagBag from /home/airflow/.local/lib/python3.8/site-packages/airflow/example_dags/example_branch_python_dop_operator_3.py
[2025-06-12T18:58:11.475+0000] {processor.py:840} INFO - DAG(s) 'example_branch_dop_operator_v3' retrieved from /home/airflow/.local/lib/python3.8/site-packages/airflow/example_dags/example_branch_python_dop_operator_3.py
[2025-06-12T18:58:11.533+0000] {logging_mixin.py:188} INFO - [2025-06-12T18:58:11.533+0000] {dag.py:3036} INFO - Sync 1 DAGs
[2025-06-12T18:58:11.594+0000] {logging_mixin.py:188} INFO - [2025-06-12T18:58:11.593+0000] {dag.py:3823} INFO - Setting next_dagrun for example_branch_dop_operator_v3 to 2025-06-12 18:57:00+00:00, run_after=2025-06-12 18:58:00+00:00
[2025-06-12T18:58:11.656+0000] {processor.py:183} INFO - Processing /home/airflow/.local/lib/python3.8/site-packages/airflow/example_dags/example_branch_python_dop_operator_3.py took 0.211 seconds
[2025-06-12T18:58:42.073+0000] {processor.py:161} INFO - Started process (PID=2018) to work on /home/airflow/.local/lib/python3.8/site-packages/airflow/example_dags/example_branch_python_dop_operator_3.py
[2025-06-12T18:58:42.074+0000] {processor.py:830} INFO - Processing file /home/airflow/.local/lib/python3.8/site-packages/airflow/example_dags/example_branch_python_dop_operator_3.py for tasks to queue
[2025-06-12T18:58:42.076+0000] {logging_mixin.py:188} INFO - [2025-06-12T18:58:42.076+0000] {dagbag.py:538} INFO - Filling up the DagBag from /home/airflow/.local/lib/python3.8/site-packages/airflow/example_dags/example_branch_python_dop_operator_3.py
[2025-06-12T18:58:42.090+0000] {processor.py:840} INFO - DAG(s) 'example_branch_dop_operator_v3' retrieved from /home/airflow/.local/lib/python3.8/site-packages/airflow/example_dags/example_branch_python_dop_operator_3.py
[2025-06-12T18:58:42.127+0000] {logging_mixin.py:188} INFO - [2025-06-12T18:58:42.127+0000] {dag.py:3036} INFO - Sync 1 DAGs
[2025-06-12T18:58:42.170+0000] {logging_mixin.py:188} INFO - [2025-06-12T18:58:42.170+0000] {dag.py:3823} INFO - Setting next_dagrun for example_branch_dop_operator_v3 to 2025-06-12 18:57:00+00:00, run_after=2025-06-12 18:58:00+00:00
[2025-06-12T18:58:42.201+0000] {processor.py:183} INFO - Processing /home/airflow/.local/lib/python3.8/site-packages/airflow/example_dags/example_branch_python_dop_operator_3.py took 0.133 seconds
[2025-06-12T18:59:12.940+0000] {processor.py:161} INFO - Started process (PID=2071) to work on /home/airflow/.local/lib/python3.8/site-packages/airflow/example_dags/example_branch_python_dop_operator_3.py
[2025-06-12T18:59:12.943+0000] {processor.py:830} INFO - Processing file /home/airflow/.local/lib/python3.8/site-packages/airflow/example_dags/example_branch_python_dop_operator_3.py for tasks to queue
[2025-06-12T18:59:12.947+0000] {logging_mixin.py:188} INFO - [2025-06-12T18:59:12.946+0000] {dagbag.py:538} INFO - Filling up the DagBag from /home/airflow/.local/lib/python3.8/site-packages/airflow/example_dags/example_branch_python_dop_operator_3.py
[2025-06-12T18:59:12.970+0000] {processor.py:840} INFO - DAG(s) 'example_branch_dop_operator_v3' retrieved from /home/airflow/.local/lib/python3.8/site-packages/airflow/example_dags/example_branch_python_dop_operator_3.py
[2025-06-12T18:59:13.031+0000] {logging_mixin.py:188} INFO - [2025-06-12T18:59:13.030+0000] {dag.py:3036} INFO - Sync 1 DAGs
[2025-06-12T18:59:13.091+0000] {logging_mixin.py:188} INFO - [2025-06-12T18:59:13.091+0000] {dag.py:3823} INFO - Setting next_dagrun for example_branch_dop_operator_v3 to 2025-06-12 18:58:00+00:00, run_after=2025-06-12 18:59:00+00:00
[2025-06-12T18:59:13.138+0000] {processor.py:183} INFO - Processing /home/airflow/.local/lib/python3.8/site-packages/airflow/example_dags/example_branch_python_dop_operator_3.py took 0.209 seconds
[2025-06-12T18:59:43.307+0000] {processor.py:161} INFO - Started process (PID=2126) to work on /home/airflow/.local/lib/python3.8/site-packages/airflow/example_dags/example_branch_python_dop_operator_3.py
[2025-06-12T18:59:43.310+0000] {processor.py:830} INFO - Processing file /home/airflow/.local/lib/python3.8/site-packages/airflow/example_dags/example_branch_python_dop_operator_3.py for tasks to queue
[2025-06-12T18:59:43.313+0000] {logging_mixin.py:188} INFO - [2025-06-12T18:59:43.312+0000] {dagbag.py:538} INFO - Filling up the DagBag from /home/airflow/.local/lib/python3.8/site-packages/airflow/example_dags/example_branch_python_dop_operator_3.py
[2025-06-12T18:59:43.339+0000] {processor.py:840} INFO - DAG(s) 'example_branch_dop_operator_v3' retrieved from /home/airflow/.local/lib/python3.8/site-packages/airflow/example_dags/example_branch_python_dop_operator_3.py
[2025-06-12T18:59:43.409+0000] {logging_mixin.py:188} INFO - [2025-06-12T18:59:43.408+0000] {dag.py:3036} INFO - Sync 1 DAGs
[2025-06-12T18:59:43.477+0000] {logging_mixin.py:188} INFO - [2025-06-12T18:59:43.477+0000] {dag.py:3823} INFO - Setting next_dagrun for example_branch_dop_operator_v3 to 2025-06-12 18:58:00+00:00, run_after=2025-06-12 18:59:00+00:00
[2025-06-12T18:59:43.525+0000] {processor.py:183} INFO - Processing /home/airflow/.local/lib/python3.8/site-packages/airflow/example_dags/example_branch_python_dop_operator_3.py took 0.228 seconds
[2025-06-12T19:00:14.019+0000] {processor.py:161} INFO - Started process (PID=2181) to work on /home/airflow/.local/lib/python3.8/site-packages/airflow/example_dags/example_branch_python_dop_operator_3.py
[2025-06-12T19:00:14.024+0000] {processor.py:830} INFO - Processing file /home/airflow/.local/lib/python3.8/site-packages/airflow/example_dags/example_branch_python_dop_operator_3.py for tasks to queue
[2025-06-12T19:00:14.034+0000] {logging_mixin.py:188} INFO - [2025-06-12T19:00:14.031+0000] {dagbag.py:538} INFO - Filling up the DagBag from /home/airflow/.local/lib/python3.8/site-packages/airflow/example_dags/example_branch_python_dop_operator_3.py
[2025-06-12T19:00:14.076+0000] {processor.py:840} INFO - DAG(s) 'example_branch_dop_operator_v3' retrieved from /home/airflow/.local/lib/python3.8/site-packages/airflow/example_dags/example_branch_python_dop_operator_3.py
[2025-06-12T19:00:14.180+0000] {logging_mixin.py:188} INFO - [2025-06-12T19:00:14.179+0000] {dag.py:3036} INFO - Sync 1 DAGs
[2025-06-12T19:00:14.291+0000] {logging_mixin.py:188} INFO - [2025-06-12T19:00:14.290+0000] {dag.py:3823} INFO - Setting next_dagrun for example_branch_dop_operator_v3 to 2025-06-12 18:59:00+00:00, run_after=2025-06-12 19:00:00+00:00
[2025-06-12T19:00:14.368+0000] {processor.py:183} INFO - Processing /home/airflow/.local/lib/python3.8/site-packages/airflow/example_dags/example_branch_python_dop_operator_3.py took 0.363 seconds
[2025-06-12T19:00:44.545+0000] {processor.py:161} INFO - Started process (PID=2237) to work on /home/airflow/.local/lib/python3.8/site-packages/airflow/example_dags/example_branch_python_dop_operator_3.py
[2025-06-12T19:00:44.550+0000] {processor.py:830} INFO - Processing file /home/airflow/.local/lib/python3.8/site-packages/airflow/example_dags/example_branch_python_dop_operator_3.py for tasks to queue
[2025-06-12T19:00:44.554+0000] {logging_mixin.py:188} INFO - [2025-06-12T19:00:44.553+0000] {dagbag.py:538} INFO - Filling up the DagBag from /home/airflow/.local/lib/python3.8/site-packages/airflow/example_dags/example_branch_python_dop_operator_3.py
[2025-06-12T19:00:44.592+0000] {processor.py:840} INFO - DAG(s) 'example_branch_dop_operator_v3' retrieved from /home/airflow/.local/lib/python3.8/site-packages/airflow/example_dags/example_branch_python_dop_operator_3.py
[2025-06-12T19:00:44.670+0000] {logging_mixin.py:188} INFO - [2025-06-12T19:00:44.669+0000] {dag.py:3036} INFO - Sync 1 DAGs
[2025-06-12T19:00:44.734+0000] {logging_mixin.py:188} INFO - [2025-06-12T19:00:44.734+0000] {dag.py:3823} INFO - Setting next_dagrun for example_branch_dop_operator_v3 to 2025-06-12 18:59:00+00:00, run_after=2025-06-12 19:00:00+00:00
[2025-06-12T19:00:44.780+0000] {processor.py:183} INFO - Processing /home/airflow/.local/lib/python3.8/site-packages/airflow/example_dags/example_branch_python_dop_operator_3.py took 0.249 seconds
[2025-06-12T19:01:15.256+0000] {processor.py:161} INFO - Started process (PID=2292) to work on /home/airflow/.local/lib/python3.8/site-packages/airflow/example_dags/example_branch_python_dop_operator_3.py
[2025-06-12T19:01:15.260+0000] {processor.py:830} INFO - Processing file /home/airflow/.local/lib/python3.8/site-packages/airflow/example_dags/example_branch_python_dop_operator_3.py for tasks to queue
[2025-06-12T19:01:15.263+0000] {logging_mixin.py:188} INFO - [2025-06-12T19:01:15.263+0000] {dagbag.py:538} INFO - Filling up the DagBag from /home/airflow/.local/lib/python3.8/site-packages/airflow/example_dags/example_branch_python_dop_operator_3.py
[2025-06-12T19:01:15.292+0000] {processor.py:840} INFO - DAG(s) 'example_branch_dop_operator_v3' retrieved from /home/airflow/.local/lib/python3.8/site-packages/airflow/example_dags/example_branch_python_dop_operator_3.py
[2025-06-12T19:01:15.348+0000] {logging_mixin.py:188} INFO - [2025-06-12T19:01:15.348+0000] {dag.py:3036} INFO - Sync 1 DAGs
[2025-06-12T19:01:15.407+0000] {logging_mixin.py:188} INFO - [2025-06-12T19:01:15.407+0000] {dag.py:3823} INFO - Setting next_dagrun for example_branch_dop_operator_v3 to 2025-06-12 19:00:00+00:00, run_after=2025-06-12 19:01:00+00:00
[2025-06-12T19:01:15.455+0000] {processor.py:183} INFO - Processing /home/airflow/.local/lib/python3.8/site-packages/airflow/example_dags/example_branch_python_dop_operator_3.py took 0.209 seconds
[2025-06-12T19:01:46.459+0000] {processor.py:161} INFO - Started process (PID=2347) to work on /home/airflow/.local/lib/python3.8/site-packages/airflow/example_dags/example_branch_python_dop_operator_3.py
[2025-06-12T19:01:46.464+0000] {processor.py:830} INFO - Processing file /home/airflow/.local/lib/python3.8/site-packages/airflow/example_dags/example_branch_python_dop_operator_3.py for tasks to queue
[2025-06-12T19:01:46.467+0000] {logging_mixin.py:188} INFO - [2025-06-12T19:01:46.466+0000] {dagbag.py:538} INFO - Filling up the DagBag from /home/airflow/.local/lib/python3.8/site-packages/airflow/example_dags/example_branch_python_dop_operator_3.py
[2025-06-12T19:01:46.503+0000] {processor.py:840} INFO - DAG(s) 'example_branch_dop_operator_v3' retrieved from /home/airflow/.local/lib/python3.8/site-packages/airflow/example_dags/example_branch_python_dop_operator_3.py
[2025-06-12T19:01:46.585+0000] {logging_mixin.py:188} INFO - [2025-06-12T19:01:46.584+0000] {dag.py:3036} INFO - Sync 1 DAGs
[2025-06-12T19:01:46.682+0000] {logging_mixin.py:188} INFO - [2025-06-12T19:01:46.681+0000] {dag.py:3823} INFO - Setting next_dagrun for example_branch_dop_operator_v3 to 2025-06-12 19:00:00+00:00, run_after=2025-06-12 19:01:00+00:00
[2025-06-12T19:01:46.754+0000] {processor.py:183} INFO - Processing /home/airflow/.local/lib/python3.8/site-packages/airflow/example_dags/example_branch_python_dop_operator_3.py took 0.312 seconds
[2025-06-12T19:02:17.291+0000] {processor.py:161} INFO - Started process (PID=2403) to work on /home/airflow/.local/lib/python3.8/site-packages/airflow/example_dags/example_branch_python_dop_operator_3.py
[2025-06-12T19:02:17.295+0000] {processor.py:830} INFO - Processing file /home/airflow/.local/lib/python3.8/site-packages/airflow/example_dags/example_branch_python_dop_operator_3.py for tasks to queue
[2025-06-12T19:02:17.300+0000] {logging_mixin.py:188} INFO - [2025-06-12T19:02:17.299+0000] {dagbag.py:538} INFO - Filling up the DagBag from /home/airflow/.local/lib/python3.8/site-packages/airflow/example_dags/example_branch_python_dop_operator_3.py
[2025-06-12T19:02:17.336+0000] {processor.py:840} INFO - DAG(s) 'example_branch_dop_operator_v3' retrieved from /home/airflow/.local/lib/python3.8/site-packages/airflow/example_dags/example_branch_python_dop_operator_3.py
[2025-06-12T19:02:17.395+0000] {logging_mixin.py:188} INFO - [2025-06-12T19:02:17.395+0000] {dag.py:3036} INFO - Sync 1 DAGs
[2025-06-12T19:02:17.460+0000] {logging_mixin.py:188} INFO - [2025-06-12T19:02:17.460+0000] {dag.py:3823} INFO - Setting next_dagrun for example_branch_dop_operator_v3 to 2025-06-12 19:01:00+00:00, run_after=2025-06-12 19:02:00+00:00
[2025-06-12T19:02:17.516+0000] {processor.py:183} INFO - Processing /home/airflow/.local/lib/python3.8/site-packages/airflow/example_dags/example_branch_python_dop_operator_3.py took 0.239 seconds
[2025-06-12T19:02:47.916+0000] {processor.py:161} INFO - Started process (PID=2458) to work on /home/airflow/.local/lib/python3.8/site-packages/airflow/example_dags/example_branch_python_dop_operator_3.py
[2025-06-12T19:02:47.920+0000] {processor.py:830} INFO - Processing file /home/airflow/.local/lib/python3.8/site-packages/airflow/example_dags/example_branch_python_dop_operator_3.py for tasks to queue
[2025-06-12T19:02:47.923+0000] {logging_mixin.py:188} INFO - [2025-06-12T19:02:47.922+0000] {dagbag.py:538} INFO - Filling up the DagBag from /home/airflow/.local/lib/python3.8/site-packages/airflow/example_dags/example_branch_python_dop_operator_3.py
[2025-06-12T19:02:47.950+0000] {processor.py:840} INFO - DAG(s) 'example_branch_dop_operator_v3' retrieved from /home/airflow/.local/lib/python3.8/site-packages/airflow/example_dags/example_branch_python_dop_operator_3.py
[2025-06-12T19:02:48.027+0000] {logging_mixin.py:188} INFO - [2025-06-12T19:02:48.026+0000] {dag.py:3036} INFO - Sync 1 DAGs
[2025-06-12T19:02:48.114+0000] {logging_mixin.py:188} INFO - [2025-06-12T19:02:48.114+0000] {dag.py:3823} INFO - Setting next_dagrun for example_branch_dop_operator_v3 to 2025-06-12 19:01:00+00:00, run_after=2025-06-12 19:02:00+00:00
[2025-06-12T19:02:48.166+0000] {processor.py:183} INFO - Processing /home/airflow/.local/lib/python3.8/site-packages/airflow/example_dags/example_branch_python_dop_operator_3.py took 0.262 seconds
[2025-06-12T19:03:18.574+0000] {processor.py:161} INFO - Started process (PID=2513) to work on /home/airflow/.local/lib/python3.8/site-packages/airflow/example_dags/example_branch_python_dop_operator_3.py
[2025-06-12T19:03:18.577+0000] {processor.py:830} INFO - Processing file /home/airflow/.local/lib/python3.8/site-packages/airflow/example_dags/example_branch_python_dop_operator_3.py for tasks to queue
[2025-06-12T19:03:18.580+0000] {logging_mixin.py:188} INFO - [2025-06-12T19:03:18.579+0000] {dagbag.py:538} INFO - Filling up the DagBag from /home/airflow/.local/lib/python3.8/site-packages/airflow/example_dags/example_branch_python_dop_operator_3.py
[2025-06-12T19:03:18.605+0000] {processor.py:840} INFO - DAG(s) 'example_branch_dop_operator_v3' retrieved from /home/airflow/.local/lib/python3.8/site-packages/airflow/example_dags/example_branch_python_dop_operator_3.py
[2025-06-12T19:03:18.665+0000] {logging_mixin.py:188} INFO - [2025-06-12T19:03:18.665+0000] {dag.py:3036} INFO - Sync 1 DAGs
[2025-06-12T19:03:18.740+0000] {logging_mixin.py:188} INFO - [2025-06-12T19:03:18.740+0000] {dag.py:3823} INFO - Setting next_dagrun for example_branch_dop_operator_v3 to 2025-06-12 19:02:00+00:00, run_after=2025-06-12 19:03:00+00:00
[2025-06-12T19:03:18.834+0000] {processor.py:183} INFO - Processing /home/airflow/.local/lib/python3.8/site-packages/airflow/example_dags/example_branch_python_dop_operator_3.py took 0.269 seconds
[2025-06-12T19:03:49.160+0000] {processor.py:161} INFO - Started process (PID=2568) to work on /home/airflow/.local/lib/python3.8/site-packages/airflow/example_dags/example_branch_python_dop_operator_3.py
[2025-06-12T19:03:49.164+0000] {processor.py:830} INFO - Processing file /home/airflow/.local/lib/python3.8/site-packages/airflow/example_dags/example_branch_python_dop_operator_3.py for tasks to queue
[2025-06-12T19:03:49.169+0000] {logging_mixin.py:188} INFO - [2025-06-12T19:03:49.167+0000] {dagbag.py:538} INFO - Filling up the DagBag from /home/airflow/.local/lib/python3.8/site-packages/airflow/example_dags/example_branch_python_dop_operator_3.py
[2025-06-12T19:03:49.215+0000] {processor.py:840} INFO - DAG(s) 'example_branch_dop_operator_v3' retrieved from /home/airflow/.local/lib/python3.8/site-packages/airflow/example_dags/example_branch_python_dop_operator_3.py
[2025-06-12T19:03:49.290+0000] {logging_mixin.py:188} INFO - [2025-06-12T19:03:49.290+0000] {dag.py:3036} INFO - Sync 1 DAGs
[2025-06-12T19:03:49.358+0000] {logging_mixin.py:188} INFO - [2025-06-12T19:03:49.358+0000] {dag.py:3823} INFO - Setting next_dagrun for example_branch_dop_operator_v3 to 2025-06-12 19:02:00+00:00, run_after=2025-06-12 19:03:00+00:00
[2025-06-12T19:03:49.405+0000] {processor.py:183} INFO - Processing /home/airflow/.local/lib/python3.8/site-packages/airflow/example_dags/example_branch_python_dop_operator_3.py took 0.259 seconds
[2025-06-12T19:04:19.971+0000] {processor.py:161} INFO - Started process (PID=2623) to work on /home/airflow/.local/lib/python3.8/site-packages/airflow/example_dags/example_branch_python_dop_operator_3.py
[2025-06-12T19:04:19.975+0000] {processor.py:830} INFO - Processing file /home/airflow/.local/lib/python3.8/site-packages/airflow/example_dags/example_branch_python_dop_operator_3.py for tasks to queue
[2025-06-12T19:04:19.979+0000] {logging_mixin.py:188} INFO - [2025-06-12T19:04:19.977+0000] {dagbag.py:538} INFO - Filling up the DagBag from /home/airflow/.local/lib/python3.8/site-packages/airflow/example_dags/example_branch_python_dop_operator_3.py
[2025-06-12T19:04:20.020+0000] {processor.py:840} INFO - DAG(s) 'example_branch_dop_operator_v3' retrieved from /home/airflow/.local/lib/python3.8/site-packages/airflow/example_dags/example_branch_python_dop_operator_3.py
[2025-06-12T19:04:20.085+0000] {logging_mixin.py:188} INFO - [2025-06-12T19:04:20.084+0000] {dag.py:3036} INFO - Sync 1 DAGs
[2025-06-12T19:04:20.152+0000] {logging_mixin.py:188} INFO - [2025-06-12T19:04:20.151+0000] {dag.py:3823} INFO - Setting next_dagrun for example_branch_dop_operator_v3 to 2025-06-12 19:03:00+00:00, run_after=2025-06-12 19:04:00+00:00
[2025-06-12T19:04:20.225+0000] {processor.py:183} INFO - Processing /home/airflow/.local/lib/python3.8/site-packages/airflow/example_dags/example_branch_python_dop_operator_3.py took 0.267 seconds
[2025-06-12T19:04:50.542+0000] {processor.py:161} INFO - Started process (PID=2679) to work on /home/airflow/.local/lib/python3.8/site-packages/airflow/example_dags/example_branch_python_dop_operator_3.py
[2025-06-12T19:04:50.546+0000] {processor.py:830} INFO - Processing file /home/airflow/.local/lib/python3.8/site-packages/airflow/example_dags/example_branch_python_dop_operator_3.py for tasks to queue
[2025-06-12T19:04:50.550+0000] {logging_mixin.py:188} INFO - [2025-06-12T19:04:50.549+0000] {dagbag.py:538} INFO - Filling up the DagBag from /home/airflow/.local/lib/python3.8/site-packages/airflow/example_dags/example_branch_python_dop_operator_3.py
[2025-06-12T19:04:50.587+0000] {processor.py:840} INFO - DAG(s) 'example_branch_dop_operator_v3' retrieved from /home/airflow/.local/lib/python3.8/site-packages/airflow/example_dags/example_branch_python_dop_operator_3.py
[2025-06-12T19:04:50.664+0000] {logging_mixin.py:188} INFO - [2025-06-12T19:04:50.664+0000] {dag.py:3036} INFO - Sync 1 DAGs
[2025-06-12T19:04:50.731+0000] {logging_mixin.py:188} INFO - [2025-06-12T19:04:50.730+0000] {dag.py:3823} INFO - Setting next_dagrun for example_branch_dop_operator_v3 to 2025-06-12 19:03:00+00:00, run_after=2025-06-12 19:04:00+00:00
[2025-06-12T19:04:50.791+0000] {processor.py:183} INFO - Processing /home/airflow/.local/lib/python3.8/site-packages/airflow/example_dags/example_branch_python_dop_operator_3.py took 0.260 seconds
[2025-06-12T19:05:21.805+0000] {processor.py:161} INFO - Started process (PID=2735) to work on /home/airflow/.local/lib/python3.8/site-packages/airflow/example_dags/example_branch_python_dop_operator_3.py
[2025-06-12T19:05:21.809+0000] {processor.py:830} INFO - Processing file /home/airflow/.local/lib/python3.8/site-packages/airflow/example_dags/example_branch_python_dop_operator_3.py for tasks to queue
[2025-06-12T19:05:21.812+0000] {logging_mixin.py:188} INFO - [2025-06-12T19:05:21.811+0000] {dagbag.py:538} INFO - Filling up the DagBag from /home/airflow/.local/lib/python3.8/site-packages/airflow/example_dags/example_branch_python_dop_operator_3.py
[2025-06-12T19:05:21.836+0000] {processor.py:840} INFO - DAG(s) 'example_branch_dop_operator_v3' retrieved from /home/airflow/.local/lib/python3.8/site-packages/airflow/example_dags/example_branch_python_dop_operator_3.py
[2025-06-12T19:05:21.893+0000] {logging_mixin.py:188} INFO - [2025-06-12T19:05:21.892+0000] {dag.py:3036} INFO - Sync 1 DAGs
[2025-06-12T19:05:22.316+0000] {logging_mixin.py:188} INFO - [2025-06-12T19:05:22.315+0000] {dag.py:3823} INFO - Setting next_dagrun for example_branch_dop_operator_v3 to 2025-06-12 19:04:00+00:00, run_after=2025-06-12 19:05:00+00:00
[2025-06-12T19:05:22.363+0000] {processor.py:183} INFO - Processing /home/airflow/.local/lib/python3.8/site-packages/airflow/example_dags/example_branch_python_dop_operator_3.py took 0.569 seconds
[2025-06-12T19:05:52.551+0000] {processor.py:161} INFO - Started process (PID=2791) to work on /home/airflow/.local/lib/python3.8/site-packages/airflow/example_dags/example_branch_python_dop_operator_3.py
[2025-06-12T19:05:52.555+0000] {processor.py:830} INFO - Processing file /home/airflow/.local/lib/python3.8/site-packages/airflow/example_dags/example_branch_python_dop_operator_3.py for tasks to queue
[2025-06-12T19:05:52.560+0000] {logging_mixin.py:188} INFO - [2025-06-12T19:05:52.560+0000] {dagbag.py:538} INFO - Filling up the DagBag from /home/airflow/.local/lib/python3.8/site-packages/airflow/example_dags/example_branch_python_dop_operator_3.py
[2025-06-12T19:05:52.595+0000] {processor.py:840} INFO - DAG(s) 'example_branch_dop_operator_v3' retrieved from /home/airflow/.local/lib/python3.8/site-packages/airflow/example_dags/example_branch_python_dop_operator_3.py
[2025-06-12T19:05:52.659+0000] {logging_mixin.py:188} INFO - [2025-06-12T19:05:52.658+0000] {dag.py:3036} INFO - Sync 1 DAGs
[2025-06-12T19:05:53.079+0000] {logging_mixin.py:188} INFO - [2025-06-12T19:05:53.078+0000] {dag.py:3823} INFO - Setting next_dagrun for example_branch_dop_operator_v3 to 2025-06-12 19:04:00+00:00, run_after=2025-06-12 19:05:00+00:00
[2025-06-12T19:05:53.123+0000] {processor.py:183} INFO - Processing /home/airflow/.local/lib/python3.8/site-packages/airflow/example_dags/example_branch_python_dop_operator_3.py took 0.582 seconds
[2025-06-12T19:06:23.290+0000] {processor.py:161} INFO - Started process (PID=2845) to work on /home/airflow/.local/lib/python3.8/site-packages/airflow/example_dags/example_branch_python_dop_operator_3.py
[2025-06-12T19:06:23.294+0000] {processor.py:830} INFO - Processing file /home/airflow/.local/lib/python3.8/site-packages/airflow/example_dags/example_branch_python_dop_operator_3.py for tasks to queue
[2025-06-12T19:06:23.297+0000] {logging_mixin.py:188} INFO - [2025-06-12T19:06:23.296+0000] {dagbag.py:538} INFO - Filling up the DagBag from /home/airflow/.local/lib/python3.8/site-packages/airflow/example_dags/example_branch_python_dop_operator_3.py
[2025-06-12T19:06:23.325+0000] {processor.py:840} INFO - DAG(s) 'example_branch_dop_operator_v3' retrieved from /home/airflow/.local/lib/python3.8/site-packages/airflow/example_dags/example_branch_python_dop_operator_3.py
[2025-06-12T19:06:23.398+0000] {logging_mixin.py:188} INFO - [2025-06-12T19:06:23.398+0000] {dag.py:3036} INFO - Sync 1 DAGs
[2025-06-12T19:06:23.472+0000] {logging_mixin.py:188} INFO - [2025-06-12T19:06:23.472+0000] {dag.py:3823} INFO - Setting next_dagrun for example_branch_dop_operator_v3 to 2025-06-12 19:05:00+00:00, run_after=2025-06-12 19:06:00+00:00
[2025-06-12T19:06:23.524+0000] {processor.py:183} INFO - Processing /home/airflow/.local/lib/python3.8/site-packages/airflow/example_dags/example_branch_python_dop_operator_3.py took 0.245 seconds
[2025-06-12T19:06:53.927+0000] {processor.py:161} INFO - Started process (PID=2898) to work on /home/airflow/.local/lib/python3.8/site-packages/airflow/example_dags/example_branch_python_dop_operator_3.py
[2025-06-12T19:06:53.931+0000] {processor.py:830} INFO - Processing file /home/airflow/.local/lib/python3.8/site-packages/airflow/example_dags/example_branch_python_dop_operator_3.py for tasks to queue
[2025-06-12T19:06:53.934+0000] {logging_mixin.py:188} INFO - [2025-06-12T19:06:53.933+0000] {dagbag.py:538} INFO - Filling up the DagBag from /home/airflow/.local/lib/python3.8/site-packages/airflow/example_dags/example_branch_python_dop_operator_3.py
[2025-06-12T19:06:53.982+0000] {processor.py:840} INFO - DAG(s) 'example_branch_dop_operator_v3' retrieved from /home/airflow/.local/lib/python3.8/site-packages/airflow/example_dags/example_branch_python_dop_operator_3.py
[2025-06-12T19:06:54.058+0000] {logging_mixin.py:188} INFO - [2025-06-12T19:06:54.057+0000] {dag.py:3036} INFO - Sync 1 DAGs
[2025-06-12T19:06:54.128+0000] {logging_mixin.py:188} INFO - [2025-06-12T19:06:54.128+0000] {dag.py:3823} INFO - Setting next_dagrun for example_branch_dop_operator_v3 to 2025-06-12 19:05:00+00:00, run_after=2025-06-12 19:06:00+00:00
[2025-06-12T19:06:54.186+0000] {processor.py:183} INFO - Processing /home/airflow/.local/lib/python3.8/site-packages/airflow/example_dags/example_branch_python_dop_operator_3.py took 0.271 seconds
