[2025-06-12T18:35:17.681+0000] {processor.py:161} INFO - Started process (PID=108) to work on /home/airflow/.local/lib/python3.8/site-packages/airflow/example_dags/example_short_circuit_operator.py
[2025-06-12T18:35:17.683+0000] {processor.py:830} INFO - Processing file /home/airflow/.local/lib/python3.8/site-packages/airflow/example_dags/example_short_circuit_operator.py for tasks to queue
[2025-06-12T18:35:17.688+0000] {logging_mixin.py:188} INFO - [2025-06-12T18:35:17.688+0000] {dagbag.py:538} INFO - Filling up the DagBag from /home/airflow/.local/lib/python3.8/site-packages/airflow/example_dags/example_short_circuit_operator.py
[2025-06-12T18:35:17.710+0000] {processor.py:840} INFO - DAG(s) 'example_short_circuit_operator' retrieved from /home/airflow/.local/lib/python3.8/site-packages/airflow/example_dags/example_short_circuit_operator.py
[2025-06-12T18:35:17.955+0000] {logging_mixin.py:188} INFO - [2025-06-12T18:35:17.954+0000] {dag.py:3036} INFO - Sync 1 DAGs
[2025-06-12T18:35:18.016+0000] {logging_mixin.py:188} INFO - [2025-06-12T18:35:18.015+0000] {dag.py:3823} INFO - Setting next_dagrun for example_short_circuit_operator to 2025-06-11 00:00:00+00:00, run_after=2025-06-12 00:00:00+00:00
[2025-06-12T18:35:18.078+0000] {processor.py:183} INFO - Processing /home/airflow/.local/lib/python3.8/site-packages/airflow/example_dags/example_short_circuit_operator.py took 0.403 seconds
[2025-06-12T18:35:49.042+0000] {processor.py:161} INFO - Started process (PID=163) to work on /home/airflow/.local/lib/python3.8/site-packages/airflow/example_dags/example_short_circuit_operator.py
[2025-06-12T18:35:49.049+0000] {processor.py:830} INFO - Processing file /home/airflow/.local/lib/python3.8/site-packages/airflow/example_dags/example_short_circuit_operator.py for tasks to queue
[2025-06-12T18:35:49.054+0000] {logging_mixin.py:188} INFO - [2025-06-12T18:35:49.053+0000] {dagbag.py:538} INFO - Filling up the DagBag from /home/airflow/.local/lib/python3.8/site-packages/airflow/example_dags/example_short_circuit_operator.py
[2025-06-12T18:35:49.074+0000] {processor.py:840} INFO - DAG(s) 'example_short_circuit_operator' retrieved from /home/airflow/.local/lib/python3.8/site-packages/airflow/example_dags/example_short_circuit_operator.py
[2025-06-12T18:35:49.120+0000] {logging_mixin.py:188} INFO - [2025-06-12T18:35:49.120+0000] {dag.py:3036} INFO - Sync 1 DAGs
[2025-06-12T18:35:49.153+0000] {logging_mixin.py:188} INFO - [2025-06-12T18:35:49.153+0000] {dag.py:3823} INFO - Setting next_dagrun for example_short_circuit_operator to 2025-06-11 00:00:00+00:00, run_after=2025-06-12 00:00:00+00:00
[2025-06-12T18:35:49.192+0000] {processor.py:183} INFO - Processing /home/airflow/.local/lib/python3.8/site-packages/airflow/example_dags/example_short_circuit_operator.py took 0.171 seconds
[2025-06-12T18:36:19.372+0000] {processor.py:161} INFO - Started process (PID=218) to work on /home/airflow/.local/lib/python3.8/site-packages/airflow/example_dags/example_short_circuit_operator.py
[2025-06-12T18:36:19.374+0000] {processor.py:830} INFO - Processing file /home/airflow/.local/lib/python3.8/site-packages/airflow/example_dags/example_short_circuit_operator.py for tasks to queue
[2025-06-12T18:36:19.378+0000] {logging_mixin.py:188} INFO - [2025-06-12T18:36:19.377+0000] {dagbag.py:538} INFO - Filling up the DagBag from /home/airflow/.local/lib/python3.8/site-packages/airflow/example_dags/example_short_circuit_operator.py
[2025-06-12T18:36:19.391+0000] {processor.py:840} INFO - DAG(s) 'example_short_circuit_operator' retrieved from /home/airflow/.local/lib/python3.8/site-packages/airflow/example_dags/example_short_circuit_operator.py
[2025-06-12T18:36:19.413+0000] {logging_mixin.py:188} INFO - [2025-06-12T18:36:19.413+0000] {dag.py:3036} INFO - Sync 1 DAGs
[2025-06-12T18:36:19.470+0000] {logging_mixin.py:188} INFO - [2025-06-12T18:36:19.470+0000] {dag.py:3823} INFO - Setting next_dagrun for example_short_circuit_operator to 2025-06-11 00:00:00+00:00, run_after=2025-06-12 00:00:00+00:00
[2025-06-12T18:36:19.503+0000] {processor.py:183} INFO - Processing /home/airflow/.local/lib/python3.8/site-packages/airflow/example_dags/example_short_circuit_operator.py took 0.136 seconds
[2025-06-12T18:36:49.933+0000] {processor.py:161} INFO - Started process (PID=273) to work on /home/airflow/.local/lib/python3.8/site-packages/airflow/example_dags/example_short_circuit_operator.py
[2025-06-12T18:36:49.937+0000] {processor.py:830} INFO - Processing file /home/airflow/.local/lib/python3.8/site-packages/airflow/example_dags/example_short_circuit_operator.py for tasks to queue
[2025-06-12T18:36:49.943+0000] {logging_mixin.py:188} INFO - [2025-06-12T18:36:49.942+0000] {dagbag.py:538} INFO - Filling up the DagBag from /home/airflow/.local/lib/python3.8/site-packages/airflow/example_dags/example_short_circuit_operator.py
[2025-06-12T18:36:49.957+0000] {processor.py:840} INFO - DAG(s) 'example_short_circuit_operator' retrieved from /home/airflow/.local/lib/python3.8/site-packages/airflow/example_dags/example_short_circuit_operator.py
[2025-06-12T18:36:50.134+0000] {logging_mixin.py:188} INFO - [2025-06-12T18:36:50.133+0000] {dag.py:3036} INFO - Sync 1 DAGs
[2025-06-12T18:36:50.184+0000] {logging_mixin.py:188} INFO - [2025-06-12T18:36:50.183+0000] {dag.py:3823} INFO - Setting next_dagrun for example_short_circuit_operator to 2025-06-11 00:00:00+00:00, run_after=2025-06-12 00:00:00+00:00
[2025-06-12T18:36:50.218+0000] {processor.py:183} INFO - Processing /home/airflow/.local/lib/python3.8/site-packages/airflow/example_dags/example_short_circuit_operator.py took 0.292 seconds
[2025-06-12T18:37:20.616+0000] {processor.py:161} INFO - Started process (PID=328) to work on /home/airflow/.local/lib/python3.8/site-packages/airflow/example_dags/example_short_circuit_operator.py
[2025-06-12T18:37:20.618+0000] {processor.py:830} INFO - Processing file /home/airflow/.local/lib/python3.8/site-packages/airflow/example_dags/example_short_circuit_operator.py for tasks to queue
[2025-06-12T18:37:20.622+0000] {logging_mixin.py:188} INFO - [2025-06-12T18:37:20.621+0000] {dagbag.py:538} INFO - Filling up the DagBag from /home/airflow/.local/lib/python3.8/site-packages/airflow/example_dags/example_short_circuit_operator.py
[2025-06-12T18:37:20.636+0000] {processor.py:840} INFO - DAG(s) 'example_short_circuit_operator' retrieved from /home/airflow/.local/lib/python3.8/site-packages/airflow/example_dags/example_short_circuit_operator.py
[2025-06-12T18:37:20.672+0000] {logging_mixin.py:188} INFO - [2025-06-12T18:37:20.672+0000] {dag.py:3036} INFO - Sync 1 DAGs
[2025-06-12T18:37:20.704+0000] {logging_mixin.py:188} INFO - [2025-06-12T18:37:20.704+0000] {dag.py:3823} INFO - Setting next_dagrun for example_short_circuit_operator to 2025-06-11 00:00:00+00:00, run_after=2025-06-12 00:00:00+00:00
[2025-06-12T18:37:20.736+0000] {processor.py:183} INFO - Processing /home/airflow/.local/lib/python3.8/site-packages/airflow/example_dags/example_short_circuit_operator.py took 0.126 seconds
[2025-06-12T18:37:50.954+0000] {processor.py:161} INFO - Started process (PID=381) to work on /home/airflow/.local/lib/python3.8/site-packages/airflow/example_dags/example_short_circuit_operator.py
[2025-06-12T18:37:50.956+0000] {processor.py:830} INFO - Processing file /home/airflow/.local/lib/python3.8/site-packages/airflow/example_dags/example_short_circuit_operator.py for tasks to queue
[2025-06-12T18:37:50.960+0000] {logging_mixin.py:188} INFO - [2025-06-12T18:37:50.959+0000] {dagbag.py:538} INFO - Filling up the DagBag from /home/airflow/.local/lib/python3.8/site-packages/airflow/example_dags/example_short_circuit_operator.py
[2025-06-12T18:37:50.978+0000] {processor.py:840} INFO - DAG(s) 'example_short_circuit_operator' retrieved from /home/airflow/.local/lib/python3.8/site-packages/airflow/example_dags/example_short_circuit_operator.py
[2025-06-12T18:37:51.025+0000] {logging_mixin.py:188} INFO - [2025-06-12T18:37:51.025+0000] {dag.py:3036} INFO - Sync 1 DAGs
[2025-06-12T18:37:51.063+0000] {logging_mixin.py:188} INFO - [2025-06-12T18:37:51.062+0000] {dag.py:3823} INFO - Setting next_dagrun for example_short_circuit_operator to 2025-06-11 00:00:00+00:00, run_after=2025-06-12 00:00:00+00:00
[2025-06-12T18:37:51.103+0000] {processor.py:183} INFO - Processing /home/airflow/.local/lib/python3.8/site-packages/airflow/example_dags/example_short_circuit_operator.py took 0.155 seconds
[2025-06-12T18:38:22.091+0000] {processor.py:161} INFO - Started process (PID=436) to work on /home/airflow/.local/lib/python3.8/site-packages/airflow/example_dags/example_short_circuit_operator.py
[2025-06-12T18:38:22.094+0000] {processor.py:830} INFO - Processing file /home/airflow/.local/lib/python3.8/site-packages/airflow/example_dags/example_short_circuit_operator.py for tasks to queue
[2025-06-12T18:38:22.097+0000] {logging_mixin.py:188} INFO - [2025-06-12T18:38:22.096+0000] {dagbag.py:538} INFO - Filling up the DagBag from /home/airflow/.local/lib/python3.8/site-packages/airflow/example_dags/example_short_circuit_operator.py
[2025-06-12T18:38:22.112+0000] {processor.py:840} INFO - DAG(s) 'example_short_circuit_operator' retrieved from /home/airflow/.local/lib/python3.8/site-packages/airflow/example_dags/example_short_circuit_operator.py
[2025-06-12T18:38:22.170+0000] {logging_mixin.py:188} INFO - [2025-06-12T18:38:22.170+0000] {dag.py:3036} INFO - Sync 1 DAGs
[2025-06-12T18:38:22.225+0000] {logging_mixin.py:188} INFO - [2025-06-12T18:38:22.224+0000] {dag.py:3823} INFO - Setting next_dagrun for example_short_circuit_operator to 2025-06-11 00:00:00+00:00, run_after=2025-06-12 00:00:00+00:00
[2025-06-12T18:38:22.265+0000] {processor.py:183} INFO - Processing /home/airflow/.local/lib/python3.8/site-packages/airflow/example_dags/example_short_circuit_operator.py took 0.182 seconds
[2025-06-12T18:38:52.381+0000] {processor.py:161} INFO - Started process (PID=491) to work on /home/airflow/.local/lib/python3.8/site-packages/airflow/example_dags/example_short_circuit_operator.py
[2025-06-12T18:38:52.383+0000] {processor.py:830} INFO - Processing file /home/airflow/.local/lib/python3.8/site-packages/airflow/example_dags/example_short_circuit_operator.py for tasks to queue
[2025-06-12T18:38:52.387+0000] {logging_mixin.py:188} INFO - [2025-06-12T18:38:52.386+0000] {dagbag.py:538} INFO - Filling up the DagBag from /home/airflow/.local/lib/python3.8/site-packages/airflow/example_dags/example_short_circuit_operator.py
[2025-06-12T18:38:52.401+0000] {processor.py:840} INFO - DAG(s) 'example_short_circuit_operator' retrieved from /home/airflow/.local/lib/python3.8/site-packages/airflow/example_dags/example_short_circuit_operator.py
[2025-06-12T18:38:52.443+0000] {logging_mixin.py:188} INFO - [2025-06-12T18:38:52.442+0000] {dag.py:3036} INFO - Sync 1 DAGs
[2025-06-12T18:38:52.477+0000] {logging_mixin.py:188} INFO - [2025-06-12T18:38:52.476+0000] {dag.py:3823} INFO - Setting next_dagrun for example_short_circuit_operator to 2025-06-11 00:00:00+00:00, run_after=2025-06-12 00:00:00+00:00
[2025-06-12T18:38:52.514+0000] {processor.py:183} INFO - Processing /home/airflow/.local/lib/python3.8/site-packages/airflow/example_dags/example_short_circuit_operator.py took 0.139 seconds
[2025-06-12T18:39:23.085+0000] {processor.py:161} INFO - Started process (PID=546) to work on /home/airflow/.local/lib/python3.8/site-packages/airflow/example_dags/example_short_circuit_operator.py
[2025-06-12T18:39:23.090+0000] {processor.py:830} INFO - Processing file /home/airflow/.local/lib/python3.8/site-packages/airflow/example_dags/example_short_circuit_operator.py for tasks to queue
[2025-06-12T18:39:23.095+0000] {logging_mixin.py:188} INFO - [2025-06-12T18:39:23.094+0000] {dagbag.py:538} INFO - Filling up the DagBag from /home/airflow/.local/lib/python3.8/site-packages/airflow/example_dags/example_short_circuit_operator.py
[2025-06-12T18:39:23.116+0000] {processor.py:840} INFO - DAG(s) 'example_short_circuit_operator' retrieved from /home/airflow/.local/lib/python3.8/site-packages/airflow/example_dags/example_short_circuit_operator.py
[2025-06-12T18:39:23.151+0000] {logging_mixin.py:188} INFO - [2025-06-12T18:39:23.150+0000] {dag.py:3036} INFO - Sync 1 DAGs
[2025-06-12T18:39:23.205+0000] {logging_mixin.py:188} INFO - [2025-06-12T18:39:23.204+0000] {dag.py:3823} INFO - Setting next_dagrun for example_short_circuit_operator to 2025-06-11 00:00:00+00:00, run_after=2025-06-12 00:00:00+00:00
[2025-06-12T18:39:23.251+0000] {processor.py:183} INFO - Processing /home/airflow/.local/lib/python3.8/site-packages/airflow/example_dags/example_short_circuit_operator.py took 0.174 seconds
[2025-06-12T18:39:53.961+0000] {processor.py:161} INFO - Started process (PID=601) to work on /home/airflow/.local/lib/python3.8/site-packages/airflow/example_dags/example_short_circuit_operator.py
[2025-06-12T18:39:53.963+0000] {processor.py:830} INFO - Processing file /home/airflow/.local/lib/python3.8/site-packages/airflow/example_dags/example_short_circuit_operator.py for tasks to queue
[2025-06-12T18:39:53.967+0000] {logging_mixin.py:188} INFO - [2025-06-12T18:39:53.966+0000] {dagbag.py:538} INFO - Filling up the DagBag from /home/airflow/.local/lib/python3.8/site-packages/airflow/example_dags/example_short_circuit_operator.py
[2025-06-12T18:39:53.982+0000] {processor.py:840} INFO - DAG(s) 'example_short_circuit_operator' retrieved from /home/airflow/.local/lib/python3.8/site-packages/airflow/example_dags/example_short_circuit_operator.py
[2025-06-12T18:39:54.188+0000] {logging_mixin.py:188} INFO - [2025-06-12T18:39:54.187+0000] {dag.py:3036} INFO - Sync 1 DAGs
[2025-06-12T18:39:54.219+0000] {logging_mixin.py:188} INFO - [2025-06-12T18:39:54.219+0000] {dag.py:3823} INFO - Setting next_dagrun for example_short_circuit_operator to 2025-06-11 00:00:00+00:00, run_after=2025-06-12 00:00:00+00:00
[2025-06-12T18:39:54.252+0000] {processor.py:183} INFO - Processing /home/airflow/.local/lib/python3.8/site-packages/airflow/example_dags/example_short_circuit_operator.py took 0.299 seconds
[2025-06-12T18:40:37.558+0000] {processor.py:161} INFO - Started process (PID=656) to work on /home/airflow/.local/lib/python3.8/site-packages/airflow/example_dags/example_short_circuit_operator.py
[2025-06-12T18:40:37.562+0000] {processor.py:830} INFO - Processing file /home/airflow/.local/lib/python3.8/site-packages/airflow/example_dags/example_short_circuit_operator.py for tasks to queue
[2025-06-12T18:40:37.569+0000] {logging_mixin.py:188} INFO - [2025-06-12T18:40:37.568+0000] {dagbag.py:538} INFO - Filling up the DagBag from /home/airflow/.local/lib/python3.8/site-packages/airflow/example_dags/example_short_circuit_operator.py
[2025-06-12T18:40:37.589+0000] {processor.py:840} INFO - DAG(s) 'example_short_circuit_operator' retrieved from /home/airflow/.local/lib/python3.8/site-packages/airflow/example_dags/example_short_circuit_operator.py
[2025-06-12T18:40:37.622+0000] {logging_mixin.py:188} INFO - [2025-06-12T18:40:37.621+0000] {dag.py:3036} INFO - Sync 1 DAGs
[2025-06-12T18:40:37.676+0000] {logging_mixin.py:188} INFO - [2025-06-12T18:40:37.675+0000] {dag.py:3823} INFO - Setting next_dagrun for example_short_circuit_operator to 2025-06-11 00:00:00+00:00, run_after=2025-06-12 00:00:00+00:00
[2025-06-12T18:40:37.733+0000] {processor.py:183} INFO - Processing /home/airflow/.local/lib/python3.8/site-packages/airflow/example_dags/example_short_circuit_operator.py took 0.185 seconds
[2025-06-12T18:46:16.776+0000] {processor.py:161} INFO - Started process (PID=715) to work on /home/airflow/.local/lib/python3.8/site-packages/airflow/example_dags/example_short_circuit_operator.py
[2025-06-12T18:46:16.779+0000] {processor.py:830} INFO - Processing file /home/airflow/.local/lib/python3.8/site-packages/airflow/example_dags/example_short_circuit_operator.py for tasks to queue
[2025-06-12T18:46:16.782+0000] {logging_mixin.py:188} INFO - [2025-06-12T18:46:16.781+0000] {dagbag.py:538} INFO - Filling up the DagBag from /home/airflow/.local/lib/python3.8/site-packages/airflow/example_dags/example_short_circuit_operator.py
[2025-06-12T18:46:16.798+0000] {processor.py:840} INFO - DAG(s) 'example_short_circuit_operator' retrieved from /home/airflow/.local/lib/python3.8/site-packages/airflow/example_dags/example_short_circuit_operator.py
[2025-06-12T18:46:17.001+0000] {logging_mixin.py:188} INFO - [2025-06-12T18:46:17.001+0000] {dag.py:3036} INFO - Sync 1 DAGs
[2025-06-12T18:46:17.037+0000] {logging_mixin.py:188} INFO - [2025-06-12T18:46:17.036+0000] {dag.py:3823} INFO - Setting next_dagrun for example_short_circuit_operator to 2025-06-11 00:00:00+00:00, run_after=2025-06-12 00:00:00+00:00
[2025-06-12T18:46:17.076+0000] {processor.py:183} INFO - Processing /home/airflow/.local/lib/python3.8/site-packages/airflow/example_dags/example_short_circuit_operator.py took 0.307 seconds
[2025-06-12T18:46:47.366+0000] {processor.py:161} INFO - Started process (PID=771) to work on /home/airflow/.local/lib/python3.8/site-packages/airflow/example_dags/example_short_circuit_operator.py
[2025-06-12T18:46:47.369+0000] {processor.py:830} INFO - Processing file /home/airflow/.local/lib/python3.8/site-packages/airflow/example_dags/example_short_circuit_operator.py for tasks to queue
[2025-06-12T18:46:47.373+0000] {logging_mixin.py:188} INFO - [2025-06-12T18:46:47.372+0000] {dagbag.py:538} INFO - Filling up the DagBag from /home/airflow/.local/lib/python3.8/site-packages/airflow/example_dags/example_short_circuit_operator.py
[2025-06-12T18:46:47.392+0000] {processor.py:840} INFO - DAG(s) 'example_short_circuit_operator' retrieved from /home/airflow/.local/lib/python3.8/site-packages/airflow/example_dags/example_short_circuit_operator.py
[2025-06-12T18:46:47.458+0000] {logging_mixin.py:188} INFO - [2025-06-12T18:46:47.458+0000] {dag.py:3036} INFO - Sync 1 DAGs
[2025-06-12T18:46:47.512+0000] {logging_mixin.py:188} INFO - [2025-06-12T18:46:47.511+0000] {dag.py:3823} INFO - Setting next_dagrun for example_short_circuit_operator to 2025-06-11 00:00:00+00:00, run_after=2025-06-12 00:00:00+00:00
[2025-06-12T18:46:47.561+0000] {processor.py:183} INFO - Processing /home/airflow/.local/lib/python3.8/site-packages/airflow/example_dags/example_short_circuit_operator.py took 0.204 seconds
[2025-06-12T18:47:17.742+0000] {processor.py:161} INFO - Started process (PID=826) to work on /home/airflow/.local/lib/python3.8/site-packages/airflow/example_dags/example_short_circuit_operator.py
[2025-06-12T18:47:17.744+0000] {processor.py:830} INFO - Processing file /home/airflow/.local/lib/python3.8/site-packages/airflow/example_dags/example_short_circuit_operator.py for tasks to queue
[2025-06-12T18:47:17.746+0000] {logging_mixin.py:188} INFO - [2025-06-12T18:47:17.746+0000] {dagbag.py:538} INFO - Filling up the DagBag from /home/airflow/.local/lib/python3.8/site-packages/airflow/example_dags/example_short_circuit_operator.py
[2025-06-12T18:47:17.760+0000] {processor.py:840} INFO - DAG(s) 'example_short_circuit_operator' retrieved from /home/airflow/.local/lib/python3.8/site-packages/airflow/example_dags/example_short_circuit_operator.py
[2025-06-12T18:47:17.804+0000] {logging_mixin.py:188} INFO - [2025-06-12T18:47:17.804+0000] {dag.py:3036} INFO - Sync 1 DAGs
[2025-06-12T18:47:17.844+0000] {logging_mixin.py:188} INFO - [2025-06-12T18:47:17.844+0000] {dag.py:3823} INFO - Setting next_dagrun for example_short_circuit_operator to 2025-06-11 00:00:00+00:00, run_after=2025-06-12 00:00:00+00:00
[2025-06-12T18:47:17.878+0000] {processor.py:183} INFO - Processing /home/airflow/.local/lib/python3.8/site-packages/airflow/example_dags/example_short_circuit_operator.py took 0.141 seconds
[2025-06-12T18:47:48.529+0000] {processor.py:161} INFO - Started process (PID=881) to work on /home/airflow/.local/lib/python3.8/site-packages/airflow/example_dags/example_short_circuit_operator.py
[2025-06-12T18:47:48.531+0000] {processor.py:830} INFO - Processing file /home/airflow/.local/lib/python3.8/site-packages/airflow/example_dags/example_short_circuit_operator.py for tasks to queue
[2025-06-12T18:47:48.533+0000] {logging_mixin.py:188} INFO - [2025-06-12T18:47:48.532+0000] {dagbag.py:538} INFO - Filling up the DagBag from /home/airflow/.local/lib/python3.8/site-packages/airflow/example_dags/example_short_circuit_operator.py
[2025-06-12T18:47:48.546+0000] {processor.py:840} INFO - DAG(s) 'example_short_circuit_operator' retrieved from /home/airflow/.local/lib/python3.8/site-packages/airflow/example_dags/example_short_circuit_operator.py
[2025-06-12T18:47:48.583+0000] {logging_mixin.py:188} INFO - [2025-06-12T18:47:48.583+0000] {dag.py:3036} INFO - Sync 1 DAGs
[2025-06-12T18:47:48.618+0000] {logging_mixin.py:188} INFO - [2025-06-12T18:47:48.618+0000] {dag.py:3823} INFO - Setting next_dagrun for example_short_circuit_operator to 2025-06-11 00:00:00+00:00, run_after=2025-06-12 00:00:00+00:00
[2025-06-12T18:47:48.650+0000] {processor.py:183} INFO - Processing /home/airflow/.local/lib/python3.8/site-packages/airflow/example_dags/example_short_circuit_operator.py took 0.126 seconds
[2025-06-12T18:48:20.638+0000] {processor.py:161} INFO - Started process (PID=934) to work on /home/airflow/.local/lib/python3.8/site-packages/airflow/example_dags/example_short_circuit_operator.py
[2025-06-12T18:48:20.640+0000] {processor.py:830} INFO - Processing file /home/airflow/.local/lib/python3.8/site-packages/airflow/example_dags/example_short_circuit_operator.py for tasks to queue
[2025-06-12T18:48:20.642+0000] {logging_mixin.py:188} INFO - [2025-06-12T18:48:20.642+0000] {dagbag.py:538} INFO - Filling up the DagBag from /home/airflow/.local/lib/python3.8/site-packages/airflow/example_dags/example_short_circuit_operator.py
[2025-06-12T18:48:20.657+0000] {processor.py:840} INFO - DAG(s) 'example_short_circuit_operator' retrieved from /home/airflow/.local/lib/python3.8/site-packages/airflow/example_dags/example_short_circuit_operator.py
[2025-06-12T18:48:20.712+0000] {logging_mixin.py:188} INFO - [2025-06-12T18:48:20.711+0000] {dag.py:3036} INFO - Sync 1 DAGs
[2025-06-12T18:48:20.746+0000] {logging_mixin.py:188} INFO - [2025-06-12T18:48:20.746+0000] {dag.py:3823} INFO - Setting next_dagrun for example_short_circuit_operator to 2025-06-11 00:00:00+00:00, run_after=2025-06-12 00:00:00+00:00
[2025-06-12T18:48:20.780+0000] {processor.py:183} INFO - Processing /home/airflow/.local/lib/python3.8/site-packages/airflow/example_dags/example_short_circuit_operator.py took 0.149 seconds
[2025-06-12T18:48:50.981+0000] {processor.py:161} INFO - Started process (PID=989) to work on /home/airflow/.local/lib/python3.8/site-packages/airflow/example_dags/example_short_circuit_operator.py
[2025-06-12T18:48:50.983+0000] {processor.py:830} INFO - Processing file /home/airflow/.local/lib/python3.8/site-packages/airflow/example_dags/example_short_circuit_operator.py for tasks to queue
[2025-06-12T18:48:50.985+0000] {logging_mixin.py:188} INFO - [2025-06-12T18:48:50.984+0000] {dagbag.py:538} INFO - Filling up the DagBag from /home/airflow/.local/lib/python3.8/site-packages/airflow/example_dags/example_short_circuit_operator.py
[2025-06-12T18:48:51.002+0000] {processor.py:840} INFO - DAG(s) 'example_short_circuit_operator' retrieved from /home/airflow/.local/lib/python3.8/site-packages/airflow/example_dags/example_short_circuit_operator.py
[2025-06-12T18:48:51.040+0000] {logging_mixin.py:188} INFO - [2025-06-12T18:48:51.040+0000] {dag.py:3036} INFO - Sync 1 DAGs
[2025-06-12T18:48:51.070+0000] {logging_mixin.py:188} INFO - [2025-06-12T18:48:51.070+0000] {dag.py:3823} INFO - Setting next_dagrun for example_short_circuit_operator to 2025-06-11 00:00:00+00:00, run_after=2025-06-12 00:00:00+00:00
[2025-06-12T18:48:51.131+0000] {processor.py:183} INFO - Processing /home/airflow/.local/lib/python3.8/site-packages/airflow/example_dags/example_short_circuit_operator.py took 0.156 seconds
[2025-06-12T18:49:21.570+0000] {processor.py:161} INFO - Started process (PID=1044) to work on /home/airflow/.local/lib/python3.8/site-packages/airflow/example_dags/example_short_circuit_operator.py
[2025-06-12T18:49:21.573+0000] {processor.py:830} INFO - Processing file /home/airflow/.local/lib/python3.8/site-packages/airflow/example_dags/example_short_circuit_operator.py for tasks to queue
[2025-06-12T18:49:21.575+0000] {logging_mixin.py:188} INFO - [2025-06-12T18:49:21.575+0000] {dagbag.py:538} INFO - Filling up the DagBag from /home/airflow/.local/lib/python3.8/site-packages/airflow/example_dags/example_short_circuit_operator.py
[2025-06-12T18:49:21.590+0000] {processor.py:840} INFO - DAG(s) 'example_short_circuit_operator' retrieved from /home/airflow/.local/lib/python3.8/site-packages/airflow/example_dags/example_short_circuit_operator.py
[2025-06-12T18:49:21.633+0000] {logging_mixin.py:188} INFO - [2025-06-12T18:49:21.633+0000] {dag.py:3036} INFO - Sync 1 DAGs
[2025-06-12T18:49:21.666+0000] {logging_mixin.py:188} INFO - [2025-06-12T18:49:21.666+0000] {dag.py:3823} INFO - Setting next_dagrun for example_short_circuit_operator to 2025-06-11 00:00:00+00:00, run_after=2025-06-12 00:00:00+00:00
[2025-06-12T18:49:21.704+0000] {processor.py:183} INFO - Processing /home/airflow/.local/lib/python3.8/site-packages/airflow/example_dags/example_short_circuit_operator.py took 0.141 seconds
[2025-06-12T18:49:53.035+0000] {processor.py:161} INFO - Started process (PID=1099) to work on /home/airflow/.local/lib/python3.8/site-packages/airflow/example_dags/example_short_circuit_operator.py
[2025-06-12T18:49:53.036+0000] {processor.py:830} INFO - Processing file /home/airflow/.local/lib/python3.8/site-packages/airflow/example_dags/example_short_circuit_operator.py for tasks to queue
[2025-06-12T18:49:53.038+0000] {logging_mixin.py:188} INFO - [2025-06-12T18:49:53.038+0000] {dagbag.py:538} INFO - Filling up the DagBag from /home/airflow/.local/lib/python3.8/site-packages/airflow/example_dags/example_short_circuit_operator.py
[2025-06-12T18:49:53.054+0000] {processor.py:840} INFO - DAG(s) 'example_short_circuit_operator' retrieved from /home/airflow/.local/lib/python3.8/site-packages/airflow/example_dags/example_short_circuit_operator.py
[2025-06-12T18:49:53.097+0000] {logging_mixin.py:188} INFO - [2025-06-12T18:49:53.097+0000] {dag.py:3036} INFO - Sync 1 DAGs
[2025-06-12T18:49:53.135+0000] {logging_mixin.py:188} INFO - [2025-06-12T18:49:53.134+0000] {dag.py:3823} INFO - Setting next_dagrun for example_short_circuit_operator to 2025-06-11 00:00:00+00:00, run_after=2025-06-12 00:00:00+00:00
[2025-06-12T18:49:53.172+0000] {processor.py:183} INFO - Processing /home/airflow/.local/lib/python3.8/site-packages/airflow/example_dags/example_short_circuit_operator.py took 0.143 seconds
[2025-06-12T18:50:24.108+0000] {processor.py:161} INFO - Started process (PID=1154) to work on /home/airflow/.local/lib/python3.8/site-packages/airflow/example_dags/example_short_circuit_operator.py
[2025-06-12T18:50:24.111+0000] {processor.py:830} INFO - Processing file /home/airflow/.local/lib/python3.8/site-packages/airflow/example_dags/example_short_circuit_operator.py for tasks to queue
[2025-06-12T18:50:24.113+0000] {logging_mixin.py:188} INFO - [2025-06-12T18:50:24.113+0000] {dagbag.py:538} INFO - Filling up the DagBag from /home/airflow/.local/lib/python3.8/site-packages/airflow/example_dags/example_short_circuit_operator.py
[2025-06-12T18:50:24.128+0000] {processor.py:840} INFO - DAG(s) 'example_short_circuit_operator' retrieved from /home/airflow/.local/lib/python3.8/site-packages/airflow/example_dags/example_short_circuit_operator.py
[2025-06-12T18:50:24.169+0000] {logging_mixin.py:188} INFO - [2025-06-12T18:50:24.168+0000] {dag.py:3036} INFO - Sync 1 DAGs
[2025-06-12T18:50:24.204+0000] {logging_mixin.py:188} INFO - [2025-06-12T18:50:24.204+0000] {dag.py:3823} INFO - Setting next_dagrun for example_short_circuit_operator to 2025-06-11 00:00:00+00:00, run_after=2025-06-12 00:00:00+00:00
[2025-06-12T18:50:24.237+0000] {processor.py:183} INFO - Processing /home/airflow/.local/lib/python3.8/site-packages/airflow/example_dags/example_short_circuit_operator.py took 0.134 seconds
[2025-06-12T18:50:54.777+0000] {processor.py:161} INFO - Started process (PID=1210) to work on /home/airflow/.local/lib/python3.8/site-packages/airflow/example_dags/example_short_circuit_operator.py
[2025-06-12T18:50:54.780+0000] {processor.py:830} INFO - Processing file /home/airflow/.local/lib/python3.8/site-packages/airflow/example_dags/example_short_circuit_operator.py for tasks to queue
[2025-06-12T18:50:54.782+0000] {logging_mixin.py:188} INFO - [2025-06-12T18:50:54.781+0000] {dagbag.py:538} INFO - Filling up the DagBag from /home/airflow/.local/lib/python3.8/site-packages/airflow/example_dags/example_short_circuit_operator.py
[2025-06-12T18:50:54.796+0000] {processor.py:840} INFO - DAG(s) 'example_short_circuit_operator' retrieved from /home/airflow/.local/lib/python3.8/site-packages/airflow/example_dags/example_short_circuit_operator.py
[2025-06-12T18:50:54.834+0000] {logging_mixin.py:188} INFO - [2025-06-12T18:50:54.834+0000] {dag.py:3036} INFO - Sync 1 DAGs
[2025-06-12T18:50:54.867+0000] {logging_mixin.py:188} INFO - [2025-06-12T18:50:54.867+0000] {dag.py:3823} INFO - Setting next_dagrun for example_short_circuit_operator to 2025-06-11 00:00:00+00:00, run_after=2025-06-12 00:00:00+00:00
[2025-06-12T18:50:54.900+0000] {processor.py:183} INFO - Processing /home/airflow/.local/lib/python3.8/site-packages/airflow/example_dags/example_short_circuit_operator.py took 0.128 seconds
[2025-06-12T18:51:25.428+0000] {processor.py:161} INFO - Started process (PID=1265) to work on /home/airflow/.local/lib/python3.8/site-packages/airflow/example_dags/example_short_circuit_operator.py
[2025-06-12T18:51:25.430+0000] {processor.py:830} INFO - Processing file /home/airflow/.local/lib/python3.8/site-packages/airflow/example_dags/example_short_circuit_operator.py for tasks to queue
[2025-06-12T18:51:25.432+0000] {logging_mixin.py:188} INFO - [2025-06-12T18:51:25.431+0000] {dagbag.py:538} INFO - Filling up the DagBag from /home/airflow/.local/lib/python3.8/site-packages/airflow/example_dags/example_short_circuit_operator.py
[2025-06-12T18:51:25.445+0000] {processor.py:840} INFO - DAG(s) 'example_short_circuit_operator' retrieved from /home/airflow/.local/lib/python3.8/site-packages/airflow/example_dags/example_short_circuit_operator.py
[2025-06-12T18:51:25.483+0000] {logging_mixin.py:188} INFO - [2025-06-12T18:51:25.483+0000] {dag.py:3036} INFO - Sync 1 DAGs
[2025-06-12T18:51:25.515+0000] {logging_mixin.py:188} INFO - [2025-06-12T18:51:25.515+0000] {dag.py:3823} INFO - Setting next_dagrun for example_short_circuit_operator to 2025-06-11 00:00:00+00:00, run_after=2025-06-12 00:00:00+00:00
[2025-06-12T18:51:25.547+0000] {processor.py:183} INFO - Processing /home/airflow/.local/lib/python3.8/site-packages/airflow/example_dags/example_short_circuit_operator.py took 0.125 seconds
[2025-06-12T18:51:56.248+0000] {processor.py:161} INFO - Started process (PID=1320) to work on /home/airflow/.local/lib/python3.8/site-packages/airflow/example_dags/example_short_circuit_operator.py
[2025-06-12T18:51:56.250+0000] {processor.py:830} INFO - Processing file /home/airflow/.local/lib/python3.8/site-packages/airflow/example_dags/example_short_circuit_operator.py for tasks to queue
[2025-06-12T18:51:56.253+0000] {logging_mixin.py:188} INFO - [2025-06-12T18:51:56.252+0000] {dagbag.py:538} INFO - Filling up the DagBag from /home/airflow/.local/lib/python3.8/site-packages/airflow/example_dags/example_short_circuit_operator.py
[2025-06-12T18:51:56.269+0000] {processor.py:840} INFO - DAG(s) 'example_short_circuit_operator' retrieved from /home/airflow/.local/lib/python3.8/site-packages/airflow/example_dags/example_short_circuit_operator.py
[2025-06-12T18:51:56.306+0000] {logging_mixin.py:188} INFO - [2025-06-12T18:51:56.306+0000] {dag.py:3036} INFO - Sync 1 DAGs
[2025-06-12T18:51:56.341+0000] {logging_mixin.py:188} INFO - [2025-06-12T18:51:56.341+0000] {dag.py:3823} INFO - Setting next_dagrun for example_short_circuit_operator to 2025-06-11 00:00:00+00:00, run_after=2025-06-12 00:00:00+00:00
[2025-06-12T18:51:56.374+0000] {processor.py:183} INFO - Processing /home/airflow/.local/lib/python3.8/site-packages/airflow/example_dags/example_short_circuit_operator.py took 0.132 seconds
[2025-06-12T18:52:26.881+0000] {processor.py:161} INFO - Started process (PID=1376) to work on /home/airflow/.local/lib/python3.8/site-packages/airflow/example_dags/example_short_circuit_operator.py
[2025-06-12T18:52:26.883+0000] {processor.py:830} INFO - Processing file /home/airflow/.local/lib/python3.8/site-packages/airflow/example_dags/example_short_circuit_operator.py for tasks to queue
[2025-06-12T18:52:26.885+0000] {logging_mixin.py:188} INFO - [2025-06-12T18:52:26.885+0000] {dagbag.py:538} INFO - Filling up the DagBag from /home/airflow/.local/lib/python3.8/site-packages/airflow/example_dags/example_short_circuit_operator.py
[2025-06-12T18:52:26.900+0000] {processor.py:840} INFO - DAG(s) 'example_short_circuit_operator' retrieved from /home/airflow/.local/lib/python3.8/site-packages/airflow/example_dags/example_short_circuit_operator.py
[2025-06-12T18:52:26.943+0000] {logging_mixin.py:188} INFO - [2025-06-12T18:52:26.942+0000] {dag.py:3036} INFO - Sync 1 DAGs
[2025-06-12T18:52:26.976+0000] {logging_mixin.py:188} INFO - [2025-06-12T18:52:26.976+0000] {dag.py:3823} INFO - Setting next_dagrun for example_short_circuit_operator to 2025-06-11 00:00:00+00:00, run_after=2025-06-12 00:00:00+00:00
[2025-06-12T18:52:27.009+0000] {processor.py:183} INFO - Processing /home/airflow/.local/lib/python3.8/site-packages/airflow/example_dags/example_short_circuit_operator.py took 0.134 seconds
[2025-06-12T18:52:58.120+0000] {processor.py:161} INFO - Started process (PID=1431) to work on /home/airflow/.local/lib/python3.8/site-packages/airflow/example_dags/example_short_circuit_operator.py
[2025-06-12T18:52:58.123+0000] {processor.py:830} INFO - Processing file /home/airflow/.local/lib/python3.8/site-packages/airflow/example_dags/example_short_circuit_operator.py for tasks to queue
[2025-06-12T18:52:58.125+0000] {logging_mixin.py:188} INFO - [2025-06-12T18:52:58.124+0000] {dagbag.py:538} INFO - Filling up the DagBag from /home/airflow/.local/lib/python3.8/site-packages/airflow/example_dags/example_short_circuit_operator.py
[2025-06-12T18:52:58.146+0000] {processor.py:840} INFO - DAG(s) 'example_short_circuit_operator' retrieved from /home/airflow/.local/lib/python3.8/site-packages/airflow/example_dags/example_short_circuit_operator.py
[2025-06-12T18:52:58.193+0000] {logging_mixin.py:188} INFO - [2025-06-12T18:52:58.193+0000] {dag.py:3036} INFO - Sync 1 DAGs
[2025-06-12T18:52:58.237+0000] {logging_mixin.py:188} INFO - [2025-06-12T18:52:58.237+0000] {dag.py:3823} INFO - Setting next_dagrun for example_short_circuit_operator to 2025-06-11 00:00:00+00:00, run_after=2025-06-12 00:00:00+00:00
[2025-06-12T18:52:58.295+0000] {processor.py:183} INFO - Processing /home/airflow/.local/lib/python3.8/site-packages/airflow/example_dags/example_short_circuit_operator.py took 0.182 seconds
[2025-06-12T18:53:28.824+0000] {processor.py:161} INFO - Started process (PID=1486) to work on /home/airflow/.local/lib/python3.8/site-packages/airflow/example_dags/example_short_circuit_operator.py
[2025-06-12T18:53:28.827+0000] {processor.py:830} INFO - Processing file /home/airflow/.local/lib/python3.8/site-packages/airflow/example_dags/example_short_circuit_operator.py for tasks to queue
[2025-06-12T18:53:28.829+0000] {logging_mixin.py:188} INFO - [2025-06-12T18:53:28.828+0000] {dagbag.py:538} INFO - Filling up the DagBag from /home/airflow/.local/lib/python3.8/site-packages/airflow/example_dags/example_short_circuit_operator.py
[2025-06-12T18:53:28.843+0000] {processor.py:840} INFO - DAG(s) 'example_short_circuit_operator' retrieved from /home/airflow/.local/lib/python3.8/site-packages/airflow/example_dags/example_short_circuit_operator.py
[2025-06-12T18:53:28.887+0000] {logging_mixin.py:188} INFO - [2025-06-12T18:53:28.887+0000] {dag.py:3036} INFO - Sync 1 DAGs
[2025-06-12T18:53:28.922+0000] {logging_mixin.py:188} INFO - [2025-06-12T18:53:28.922+0000] {dag.py:3823} INFO - Setting next_dagrun for example_short_circuit_operator to 2025-06-11 00:00:00+00:00, run_after=2025-06-12 00:00:00+00:00
[2025-06-12T18:53:28.957+0000] {processor.py:183} INFO - Processing /home/airflow/.local/lib/python3.8/site-packages/airflow/example_dags/example_short_circuit_operator.py took 0.138 seconds
[2025-06-12T18:54:00.049+0000] {processor.py:161} INFO - Started process (PID=1542) to work on /home/airflow/.local/lib/python3.8/site-packages/airflow/example_dags/example_short_circuit_operator.py
[2025-06-12T18:54:00.051+0000] {processor.py:830} INFO - Processing file /home/airflow/.local/lib/python3.8/site-packages/airflow/example_dags/example_short_circuit_operator.py for tasks to queue
[2025-06-12T18:54:00.054+0000] {logging_mixin.py:188} INFO - [2025-06-12T18:54:00.053+0000] {dagbag.py:538} INFO - Filling up the DagBag from /home/airflow/.local/lib/python3.8/site-packages/airflow/example_dags/example_short_circuit_operator.py
[2025-06-12T18:54:00.070+0000] {processor.py:840} INFO - DAG(s) 'example_short_circuit_operator' retrieved from /home/airflow/.local/lib/python3.8/site-packages/airflow/example_dags/example_short_circuit_operator.py
[2025-06-12T18:54:00.109+0000] {logging_mixin.py:188} INFO - [2025-06-12T18:54:00.108+0000] {dag.py:3036} INFO - Sync 1 DAGs
[2025-06-12T18:54:00.142+0000] {logging_mixin.py:188} INFO - [2025-06-12T18:54:00.142+0000] {dag.py:3823} INFO - Setting next_dagrun for example_short_circuit_operator to 2025-06-11 00:00:00+00:00, run_after=2025-06-12 00:00:00+00:00
[2025-06-12T18:54:00.176+0000] {processor.py:183} INFO - Processing /home/airflow/.local/lib/python3.8/site-packages/airflow/example_dags/example_short_circuit_operator.py took 0.132 seconds
[2025-06-12T18:54:31.067+0000] {processor.py:161} INFO - Started process (PID=1597) to work on /home/airflow/.local/lib/python3.8/site-packages/airflow/example_dags/example_short_circuit_operator.py
[2025-06-12T18:54:31.070+0000] {processor.py:830} INFO - Processing file /home/airflow/.local/lib/python3.8/site-packages/airflow/example_dags/example_short_circuit_operator.py for tasks to queue
[2025-06-12T18:54:31.074+0000] {logging_mixin.py:188} INFO - [2025-06-12T18:54:31.073+0000] {dagbag.py:538} INFO - Filling up the DagBag from /home/airflow/.local/lib/python3.8/site-packages/airflow/example_dags/example_short_circuit_operator.py
[2025-06-12T18:54:31.095+0000] {processor.py:840} INFO - DAG(s) 'example_short_circuit_operator' retrieved from /home/airflow/.local/lib/python3.8/site-packages/airflow/example_dags/example_short_circuit_operator.py
[2025-06-12T18:54:31.131+0000] {logging_mixin.py:188} INFO - [2025-06-12T18:54:31.130+0000] {dag.py:3036} INFO - Sync 1 DAGs
[2025-06-12T18:54:31.162+0000] {logging_mixin.py:188} INFO - [2025-06-12T18:54:31.162+0000] {dag.py:3823} INFO - Setting next_dagrun for example_short_circuit_operator to 2025-06-11 00:00:00+00:00, run_after=2025-06-12 00:00:00+00:00
[2025-06-12T18:54:31.195+0000] {processor.py:183} INFO - Processing /home/airflow/.local/lib/python3.8/site-packages/airflow/example_dags/example_short_circuit_operator.py took 0.136 seconds
[2025-06-12T18:55:02.063+0000] {processor.py:161} INFO - Started process (PID=1652) to work on /home/airflow/.local/lib/python3.8/site-packages/airflow/example_dags/example_short_circuit_operator.py
[2025-06-12T18:55:02.065+0000] {processor.py:830} INFO - Processing file /home/airflow/.local/lib/python3.8/site-packages/airflow/example_dags/example_short_circuit_operator.py for tasks to queue
[2025-06-12T18:55:02.067+0000] {logging_mixin.py:188} INFO - [2025-06-12T18:55:02.066+0000] {dagbag.py:538} INFO - Filling up the DagBag from /home/airflow/.local/lib/python3.8/site-packages/airflow/example_dags/example_short_circuit_operator.py
[2025-06-12T18:55:02.085+0000] {processor.py:840} INFO - DAG(s) 'example_short_circuit_operator' retrieved from /home/airflow/.local/lib/python3.8/site-packages/airflow/example_dags/example_short_circuit_operator.py
[2025-06-12T18:55:02.128+0000] {logging_mixin.py:188} INFO - [2025-06-12T18:55:02.128+0000] {dag.py:3036} INFO - Sync 1 DAGs
[2025-06-12T18:55:02.164+0000] {logging_mixin.py:188} INFO - [2025-06-12T18:55:02.163+0000] {dag.py:3823} INFO - Setting next_dagrun for example_short_circuit_operator to 2025-06-11 00:00:00+00:00, run_after=2025-06-12 00:00:00+00:00
[2025-06-12T18:55:02.199+0000] {processor.py:183} INFO - Processing /home/airflow/.local/lib/python3.8/site-packages/airflow/example_dags/example_short_circuit_operator.py took 0.142 seconds
[2025-06-12T18:55:33.117+0000] {processor.py:161} INFO - Started process (PID=1707) to work on /home/airflow/.local/lib/python3.8/site-packages/airflow/example_dags/example_short_circuit_operator.py
[2025-06-12T18:55:33.119+0000] {processor.py:830} INFO - Processing file /home/airflow/.local/lib/python3.8/site-packages/airflow/example_dags/example_short_circuit_operator.py for tasks to queue
[2025-06-12T18:55:33.121+0000] {logging_mixin.py:188} INFO - [2025-06-12T18:55:33.120+0000] {dagbag.py:538} INFO - Filling up the DagBag from /home/airflow/.local/lib/python3.8/site-packages/airflow/example_dags/example_short_circuit_operator.py
[2025-06-12T18:55:33.139+0000] {processor.py:840} INFO - DAG(s) 'example_short_circuit_operator' retrieved from /home/airflow/.local/lib/python3.8/site-packages/airflow/example_dags/example_short_circuit_operator.py
[2025-06-12T18:55:33.189+0000] {logging_mixin.py:188} INFO - [2025-06-12T18:55:33.188+0000] {dag.py:3036} INFO - Sync 1 DAGs
[2025-06-12T18:55:33.233+0000] {logging_mixin.py:188} INFO - [2025-06-12T18:55:33.233+0000] {dag.py:3823} INFO - Setting next_dagrun for example_short_circuit_operator to 2025-06-11 00:00:00+00:00, run_after=2025-06-12 00:00:00+00:00
[2025-06-12T18:55:33.278+0000] {processor.py:183} INFO - Processing /home/airflow/.local/lib/python3.8/site-packages/airflow/example_dags/example_short_circuit_operator.py took 0.168 seconds
[2025-06-12T18:56:04.303+0000] {processor.py:161} INFO - Started process (PID=1762) to work on /home/airflow/.local/lib/python3.8/site-packages/airflow/example_dags/example_short_circuit_operator.py
[2025-06-12T18:56:04.305+0000] {processor.py:830} INFO - Processing file /home/airflow/.local/lib/python3.8/site-packages/airflow/example_dags/example_short_circuit_operator.py for tasks to queue
[2025-06-12T18:56:04.307+0000] {logging_mixin.py:188} INFO - [2025-06-12T18:56:04.306+0000] {dagbag.py:538} INFO - Filling up the DagBag from /home/airflow/.local/lib/python3.8/site-packages/airflow/example_dags/example_short_circuit_operator.py
[2025-06-12T18:56:04.322+0000] {processor.py:840} INFO - DAG(s) 'example_short_circuit_operator' retrieved from /home/airflow/.local/lib/python3.8/site-packages/airflow/example_dags/example_short_circuit_operator.py
[2025-06-12T18:56:04.361+0000] {logging_mixin.py:188} INFO - [2025-06-12T18:56:04.361+0000] {dag.py:3036} INFO - Sync 1 DAGs
[2025-06-12T18:56:04.394+0000] {logging_mixin.py:188} INFO - [2025-06-12T18:56:04.394+0000] {dag.py:3823} INFO - Setting next_dagrun for example_short_circuit_operator to 2025-06-11 00:00:00+00:00, run_after=2025-06-12 00:00:00+00:00
[2025-06-12T18:56:04.439+0000] {processor.py:183} INFO - Processing /home/airflow/.local/lib/python3.8/site-packages/airflow/example_dags/example_short_circuit_operator.py took 0.141 seconds
[2025-06-12T18:56:35.019+0000] {processor.py:161} INFO - Started process (PID=1816) to work on /home/airflow/.local/lib/python3.8/site-packages/airflow/example_dags/example_short_circuit_operator.py
[2025-06-12T18:56:35.021+0000] {processor.py:830} INFO - Processing file /home/airflow/.local/lib/python3.8/site-packages/airflow/example_dags/example_short_circuit_operator.py for tasks to queue
[2025-06-12T18:56:35.024+0000] {logging_mixin.py:188} INFO - [2025-06-12T18:56:35.024+0000] {dagbag.py:538} INFO - Filling up the DagBag from /home/airflow/.local/lib/python3.8/site-packages/airflow/example_dags/example_short_circuit_operator.py
[2025-06-12T18:56:35.040+0000] {processor.py:840} INFO - DAG(s) 'example_short_circuit_operator' retrieved from /home/airflow/.local/lib/python3.8/site-packages/airflow/example_dags/example_short_circuit_operator.py
[2025-06-12T18:56:35.084+0000] {logging_mixin.py:188} INFO - [2025-06-12T18:56:35.084+0000] {dag.py:3036} INFO - Sync 1 DAGs
[2025-06-12T18:56:35.133+0000] {logging_mixin.py:188} INFO - [2025-06-12T18:56:35.133+0000] {dag.py:3823} INFO - Setting next_dagrun for example_short_circuit_operator to 2025-06-11 00:00:00+00:00, run_after=2025-06-12 00:00:00+00:00
[2025-06-12T18:56:35.169+0000] {processor.py:183} INFO - Processing /home/airflow/.local/lib/python3.8/site-packages/airflow/example_dags/example_short_circuit_operator.py took 0.157 seconds
[2025-06-12T18:57:05.580+0000] {processor.py:161} INFO - Started process (PID=1871) to work on /home/airflow/.local/lib/python3.8/site-packages/airflow/example_dags/example_short_circuit_operator.py
[2025-06-12T18:57:05.583+0000] {processor.py:830} INFO - Processing file /home/airflow/.local/lib/python3.8/site-packages/airflow/example_dags/example_short_circuit_operator.py for tasks to queue
[2025-06-12T18:57:05.587+0000] {logging_mixin.py:188} INFO - [2025-06-12T18:57:05.587+0000] {dagbag.py:538} INFO - Filling up the DagBag from /home/airflow/.local/lib/python3.8/site-packages/airflow/example_dags/example_short_circuit_operator.py
[2025-06-12T18:57:05.602+0000] {processor.py:840} INFO - DAG(s) 'example_short_circuit_operator' retrieved from /home/airflow/.local/lib/python3.8/site-packages/airflow/example_dags/example_short_circuit_operator.py
[2025-06-12T18:57:05.648+0000] {logging_mixin.py:188} INFO - [2025-06-12T18:57:05.647+0000] {dag.py:3036} INFO - Sync 1 DAGs
[2025-06-12T18:57:05.688+0000] {logging_mixin.py:188} INFO - [2025-06-12T18:57:05.687+0000] {dag.py:3823} INFO - Setting next_dagrun for example_short_circuit_operator to 2025-06-11 00:00:00+00:00, run_after=2025-06-12 00:00:00+00:00
[2025-06-12T18:57:05.726+0000] {processor.py:183} INFO - Processing /home/airflow/.local/lib/python3.8/site-packages/airflow/example_dags/example_short_circuit_operator.py took 0.152 seconds
[2025-06-12T18:57:43.863+0000] {processor.py:161} INFO - Started process (PID=1927) to work on /home/airflow/.local/lib/python3.8/site-packages/airflow/example_dags/example_short_circuit_operator.py
[2025-06-12T18:57:43.867+0000] {processor.py:830} INFO - Processing file /home/airflow/.local/lib/python3.8/site-packages/airflow/example_dags/example_short_circuit_operator.py for tasks to queue
[2025-06-12T18:57:43.870+0000] {logging_mixin.py:188} INFO - [2025-06-12T18:57:43.869+0000] {dagbag.py:538} INFO - Filling up the DagBag from /home/airflow/.local/lib/python3.8/site-packages/airflow/example_dags/example_short_circuit_operator.py
[2025-06-12T18:57:43.895+0000] {processor.py:840} INFO - DAG(s) 'example_short_circuit_operator' retrieved from /home/airflow/.local/lib/python3.8/site-packages/airflow/example_dags/example_short_circuit_operator.py
[2025-06-12T18:57:43.946+0000] {logging_mixin.py:188} INFO - [2025-06-12T18:57:43.946+0000] {dag.py:3036} INFO - Sync 1 DAGs
[2025-06-12T18:57:43.986+0000] {logging_mixin.py:188} INFO - [2025-06-12T18:57:43.986+0000] {dag.py:3823} INFO - Setting next_dagrun for example_short_circuit_operator to 2025-06-11 00:00:00+00:00, run_after=2025-06-12 00:00:00+00:00
[2025-06-12T18:57:44.027+0000] {processor.py:183} INFO - Processing /home/airflow/.local/lib/python3.8/site-packages/airflow/example_dags/example_short_circuit_operator.py took 0.173 seconds
[2025-06-12T18:58:14.315+0000] {processor.py:161} INFO - Started process (PID=1983) to work on /home/airflow/.local/lib/python3.8/site-packages/airflow/example_dags/example_short_circuit_operator.py
[2025-06-12T18:58:14.317+0000] {processor.py:830} INFO - Processing file /home/airflow/.local/lib/python3.8/site-packages/airflow/example_dags/example_short_circuit_operator.py for tasks to queue
[2025-06-12T18:58:14.320+0000] {logging_mixin.py:188} INFO - [2025-06-12T18:58:14.319+0000] {dagbag.py:538} INFO - Filling up the DagBag from /home/airflow/.local/lib/python3.8/site-packages/airflow/example_dags/example_short_circuit_operator.py
[2025-06-12T18:58:14.334+0000] {processor.py:840} INFO - DAG(s) 'example_short_circuit_operator' retrieved from /home/airflow/.local/lib/python3.8/site-packages/airflow/example_dags/example_short_circuit_operator.py
[2025-06-12T18:58:14.395+0000] {logging_mixin.py:188} INFO - [2025-06-12T18:58:14.395+0000] {dag.py:3036} INFO - Sync 1 DAGs
[2025-06-12T18:58:14.445+0000] {logging_mixin.py:188} INFO - [2025-06-12T18:58:14.444+0000] {dag.py:3823} INFO - Setting next_dagrun for example_short_circuit_operator to 2025-06-11 00:00:00+00:00, run_after=2025-06-12 00:00:00+00:00
[2025-06-12T18:58:14.494+0000] {processor.py:183} INFO - Processing /home/airflow/.local/lib/python3.8/site-packages/airflow/example_dags/example_short_circuit_operator.py took 0.187 seconds
[2025-06-12T18:58:45.481+0000] {processor.py:161} INFO - Started process (PID=2038) to work on /home/airflow/.local/lib/python3.8/site-packages/airflow/example_dags/example_short_circuit_operator.py
[2025-06-12T18:58:45.483+0000] {processor.py:830} INFO - Processing file /home/airflow/.local/lib/python3.8/site-packages/airflow/example_dags/example_short_circuit_operator.py for tasks to queue
[2025-06-12T18:58:45.485+0000] {logging_mixin.py:188} INFO - [2025-06-12T18:58:45.485+0000] {dagbag.py:538} INFO - Filling up the DagBag from /home/airflow/.local/lib/python3.8/site-packages/airflow/example_dags/example_short_circuit_operator.py
[2025-06-12T18:58:45.499+0000] {processor.py:840} INFO - DAG(s) 'example_short_circuit_operator' retrieved from /home/airflow/.local/lib/python3.8/site-packages/airflow/example_dags/example_short_circuit_operator.py
[2025-06-12T18:58:45.542+0000] {logging_mixin.py:188} INFO - [2025-06-12T18:58:45.542+0000] {dag.py:3036} INFO - Sync 1 DAGs
[2025-06-12T18:58:45.586+0000] {logging_mixin.py:188} INFO - [2025-06-12T18:58:45.586+0000] {dag.py:3823} INFO - Setting next_dagrun for example_short_circuit_operator to 2025-06-11 00:00:00+00:00, run_after=2025-06-12 00:00:00+00:00
[2025-06-12T18:58:45.622+0000] {processor.py:183} INFO - Processing /home/airflow/.local/lib/python3.8/site-packages/airflow/example_dags/example_short_circuit_operator.py took 0.146 seconds
[2025-06-12T18:59:18.860+0000] {processor.py:161} INFO - Started process (PID=2099) to work on /home/airflow/.local/lib/python3.8/site-packages/airflow/example_dags/example_short_circuit_operator.py
[2025-06-12T18:59:18.865+0000] {processor.py:830} INFO - Processing file /home/airflow/.local/lib/python3.8/site-packages/airflow/example_dags/example_short_circuit_operator.py for tasks to queue
[2025-06-12T18:59:18.868+0000] {logging_mixin.py:188} INFO - [2025-06-12T18:59:18.867+0000] {dagbag.py:538} INFO - Filling up the DagBag from /home/airflow/.local/lib/python3.8/site-packages/airflow/example_dags/example_short_circuit_operator.py
[2025-06-12T18:59:18.893+0000] {processor.py:840} INFO - DAG(s) 'example_short_circuit_operator' retrieved from /home/airflow/.local/lib/python3.8/site-packages/airflow/example_dags/example_short_circuit_operator.py
[2025-06-12T18:59:18.961+0000] {logging_mixin.py:188} INFO - [2025-06-12T18:59:18.960+0000] {dag.py:3036} INFO - Sync 1 DAGs
[2025-06-12T18:59:19.018+0000] {logging_mixin.py:188} INFO - [2025-06-12T18:59:19.018+0000] {dag.py:3823} INFO - Setting next_dagrun for example_short_circuit_operator to 2025-06-11 00:00:00+00:00, run_after=2025-06-12 00:00:00+00:00
[2025-06-12T18:59:19.070+0000] {processor.py:183} INFO - Processing /home/airflow/.local/lib/python3.8/site-packages/airflow/example_dags/example_short_circuit_operator.py took 0.220 seconds
[2025-06-12T18:59:51.254+0000] {processor.py:161} INFO - Started process (PID=2154) to work on /home/airflow/.local/lib/python3.8/site-packages/airflow/example_dags/example_short_circuit_operator.py
[2025-06-12T18:59:51.257+0000] {processor.py:830} INFO - Processing file /home/airflow/.local/lib/python3.8/site-packages/airflow/example_dags/example_short_circuit_operator.py for tasks to queue
[2025-06-12T18:59:51.260+0000] {logging_mixin.py:188} INFO - [2025-06-12T18:59:51.259+0000] {dagbag.py:538} INFO - Filling up the DagBag from /home/airflow/.local/lib/python3.8/site-packages/airflow/example_dags/example_short_circuit_operator.py
[2025-06-12T18:59:51.288+0000] {processor.py:840} INFO - DAG(s) 'example_short_circuit_operator' retrieved from /home/airflow/.local/lib/python3.8/site-packages/airflow/example_dags/example_short_circuit_operator.py
[2025-06-12T18:59:51.363+0000] {logging_mixin.py:188} INFO - [2025-06-12T18:59:51.362+0000] {dag.py:3036} INFO - Sync 1 DAGs
[2025-06-12T18:59:51.414+0000] {logging_mixin.py:188} INFO - [2025-06-12T18:59:51.414+0000] {dag.py:3823} INFO - Setting next_dagrun for example_short_circuit_operator to 2025-06-11 00:00:00+00:00, run_after=2025-06-12 00:00:00+00:00
[2025-06-12T18:59:51.462+0000] {processor.py:183} INFO - Processing /home/airflow/.local/lib/python3.8/site-packages/airflow/example_dags/example_short_circuit_operator.py took 0.218 seconds
[2025-06-12T19:00:22.563+0000] {processor.py:161} INFO - Started process (PID=2210) to work on /home/airflow/.local/lib/python3.8/site-packages/airflow/example_dags/example_short_circuit_operator.py
[2025-06-12T19:00:22.566+0000] {processor.py:830} INFO - Processing file /home/airflow/.local/lib/python3.8/site-packages/airflow/example_dags/example_short_circuit_operator.py for tasks to queue
[2025-06-12T19:00:22.569+0000] {logging_mixin.py:188} INFO - [2025-06-12T19:00:22.569+0000] {dagbag.py:538} INFO - Filling up the DagBag from /home/airflow/.local/lib/python3.8/site-packages/airflow/example_dags/example_short_circuit_operator.py
[2025-06-12T19:00:22.597+0000] {processor.py:840} INFO - DAG(s) 'example_short_circuit_operator' retrieved from /home/airflow/.local/lib/python3.8/site-packages/airflow/example_dags/example_short_circuit_operator.py
[2025-06-12T19:00:22.677+0000] {logging_mixin.py:188} INFO - [2025-06-12T19:00:22.676+0000] {dag.py:3036} INFO - Sync 1 DAGs
[2025-06-12T19:00:22.738+0000] {logging_mixin.py:188} INFO - [2025-06-12T19:00:22.738+0000] {dag.py:3823} INFO - Setting next_dagrun for example_short_circuit_operator to 2025-06-11 00:00:00+00:00, run_after=2025-06-12 00:00:00+00:00
[2025-06-12T19:00:22.783+0000] {processor.py:183} INFO - Processing /home/airflow/.local/lib/python3.8/site-packages/airflow/example_dags/example_short_circuit_operator.py took 0.231 seconds
[2025-06-12T19:00:54.941+0000] {processor.py:161} INFO - Started process (PID=2265) to work on /home/airflow/.local/lib/python3.8/site-packages/airflow/example_dags/example_short_circuit_operator.py
[2025-06-12T19:00:54.947+0000] {processor.py:830} INFO - Processing file /home/airflow/.local/lib/python3.8/site-packages/airflow/example_dags/example_short_circuit_operator.py for tasks to queue
[2025-06-12T19:00:54.955+0000] {logging_mixin.py:188} INFO - [2025-06-12T19:00:54.952+0000] {dagbag.py:538} INFO - Filling up the DagBag from /home/airflow/.local/lib/python3.8/site-packages/airflow/example_dags/example_short_circuit_operator.py
[2025-06-12T19:00:54.999+0000] {processor.py:840} INFO - DAG(s) 'example_short_circuit_operator' retrieved from /home/airflow/.local/lib/python3.8/site-packages/airflow/example_dags/example_short_circuit_operator.py
[2025-06-12T19:00:55.092+0000] {logging_mixin.py:188} INFO - [2025-06-12T19:00:55.091+0000] {dag.py:3036} INFO - Sync 1 DAGs
[2025-06-12T19:00:55.177+0000] {logging_mixin.py:188} INFO - [2025-06-12T19:00:55.176+0000] {dag.py:3823} INFO - Setting next_dagrun for example_short_circuit_operator to 2025-06-11 00:00:00+00:00, run_after=2025-06-12 00:00:00+00:00
[2025-06-12T19:00:55.240+0000] {processor.py:183} INFO - Processing /home/airflow/.local/lib/python3.8/site-packages/airflow/example_dags/example_short_circuit_operator.py took 0.322 seconds
[2025-06-12T19:01:25.774+0000] {processor.py:161} INFO - Started process (PID=2318) to work on /home/airflow/.local/lib/python3.8/site-packages/airflow/example_dags/example_short_circuit_operator.py
[2025-06-12T19:01:25.777+0000] {processor.py:830} INFO - Processing file /home/airflow/.local/lib/python3.8/site-packages/airflow/example_dags/example_short_circuit_operator.py for tasks to queue
[2025-06-12T19:01:25.780+0000] {logging_mixin.py:188} INFO - [2025-06-12T19:01:25.779+0000] {dagbag.py:538} INFO - Filling up the DagBag from /home/airflow/.local/lib/python3.8/site-packages/airflow/example_dags/example_short_circuit_operator.py
[2025-06-12T19:01:25.804+0000] {processor.py:840} INFO - DAG(s) 'example_short_circuit_operator' retrieved from /home/airflow/.local/lib/python3.8/site-packages/airflow/example_dags/example_short_circuit_operator.py
[2025-06-12T19:01:25.883+0000] {logging_mixin.py:188} INFO - [2025-06-12T19:01:25.883+0000] {dag.py:3036} INFO - Sync 1 DAGs
[2025-06-12T19:01:25.936+0000] {logging_mixin.py:188} INFO - [2025-06-12T19:01:25.935+0000] {dag.py:3823} INFO - Setting next_dagrun for example_short_circuit_operator to 2025-06-11 00:00:00+00:00, run_after=2025-06-12 00:00:00+00:00
[2025-06-12T19:01:25.994+0000] {processor.py:183} INFO - Processing /home/airflow/.local/lib/python3.8/site-packages/airflow/example_dags/example_short_circuit_operator.py took 0.230 seconds
[2025-06-12T19:01:56.358+0000] {processor.py:161} INFO - Started process (PID=2374) to work on /home/airflow/.local/lib/python3.8/site-packages/airflow/example_dags/example_short_circuit_operator.py
[2025-06-12T19:01:56.361+0000] {processor.py:830} INFO - Processing file /home/airflow/.local/lib/python3.8/site-packages/airflow/example_dags/example_short_circuit_operator.py for tasks to queue
[2025-06-12T19:01:56.365+0000] {logging_mixin.py:188} INFO - [2025-06-12T19:01:56.364+0000] {dagbag.py:538} INFO - Filling up the DagBag from /home/airflow/.local/lib/python3.8/site-packages/airflow/example_dags/example_short_circuit_operator.py
[2025-06-12T19:01:56.393+0000] {processor.py:840} INFO - DAG(s) 'example_short_circuit_operator' retrieved from /home/airflow/.local/lib/python3.8/site-packages/airflow/example_dags/example_short_circuit_operator.py
[2025-06-12T19:01:56.475+0000] {logging_mixin.py:188} INFO - [2025-06-12T19:01:56.474+0000] {dag.py:3036} INFO - Sync 1 DAGs
[2025-06-12T19:01:56.539+0000] {logging_mixin.py:188} INFO - [2025-06-12T19:01:56.539+0000] {dag.py:3823} INFO - Setting next_dagrun for example_short_circuit_operator to 2025-06-11 00:00:00+00:00, run_after=2025-06-12 00:00:00+00:00
[2025-06-12T19:01:56.597+0000] {processor.py:183} INFO - Processing /home/airflow/.local/lib/python3.8/site-packages/airflow/example_dags/example_short_circuit_operator.py took 0.252 seconds
[2025-06-12T19:02:27.147+0000] {processor.py:161} INFO - Started process (PID=2429) to work on /home/airflow/.local/lib/python3.8/site-packages/airflow/example_dags/example_short_circuit_operator.py
[2025-06-12T19:02:27.150+0000] {processor.py:830} INFO - Processing file /home/airflow/.local/lib/python3.8/site-packages/airflow/example_dags/example_short_circuit_operator.py for tasks to queue
[2025-06-12T19:02:27.153+0000] {logging_mixin.py:188} INFO - [2025-06-12T19:02:27.152+0000] {dagbag.py:538} INFO - Filling up the DagBag from /home/airflow/.local/lib/python3.8/site-packages/airflow/example_dags/example_short_circuit_operator.py
[2025-06-12T19:02:27.185+0000] {processor.py:840} INFO - DAG(s) 'example_short_circuit_operator' retrieved from /home/airflow/.local/lib/python3.8/site-packages/airflow/example_dags/example_short_circuit_operator.py
[2025-06-12T19:02:27.269+0000] {logging_mixin.py:188} INFO - [2025-06-12T19:02:27.269+0000] {dag.py:3036} INFO - Sync 1 DAGs
[2025-06-12T19:02:27.328+0000] {logging_mixin.py:188} INFO - [2025-06-12T19:02:27.328+0000] {dag.py:3823} INFO - Setting next_dagrun for example_short_circuit_operator to 2025-06-11 00:00:00+00:00, run_after=2025-06-12 00:00:00+00:00
[2025-06-12T19:02:27.390+0000] {processor.py:183} INFO - Processing /home/airflow/.local/lib/python3.8/site-packages/airflow/example_dags/example_short_circuit_operator.py took 0.253 seconds
[2025-06-12T19:02:57.975+0000] {processor.py:161} INFO - Started process (PID=2484) to work on /home/airflow/.local/lib/python3.8/site-packages/airflow/example_dags/example_short_circuit_operator.py
[2025-06-12T19:02:57.978+0000] {processor.py:830} INFO - Processing file /home/airflow/.local/lib/python3.8/site-packages/airflow/example_dags/example_short_circuit_operator.py for tasks to queue
[2025-06-12T19:02:57.981+0000] {logging_mixin.py:188} INFO - [2025-06-12T19:02:57.980+0000] {dagbag.py:538} INFO - Filling up the DagBag from /home/airflow/.local/lib/python3.8/site-packages/airflow/example_dags/example_short_circuit_operator.py
[2025-06-12T19:02:58.008+0000] {processor.py:840} INFO - DAG(s) 'example_short_circuit_operator' retrieved from /home/airflow/.local/lib/python3.8/site-packages/airflow/example_dags/example_short_circuit_operator.py
[2025-06-12T19:02:58.090+0000] {logging_mixin.py:188} INFO - [2025-06-12T19:02:58.090+0000] {dag.py:3036} INFO - Sync 1 DAGs
[2025-06-12T19:02:58.151+0000] {logging_mixin.py:188} INFO - [2025-06-12T19:02:58.150+0000] {dag.py:3823} INFO - Setting next_dagrun for example_short_circuit_operator to 2025-06-11 00:00:00+00:00, run_after=2025-06-12 00:00:00+00:00
[2025-06-12T19:02:58.193+0000] {processor.py:183} INFO - Processing /home/airflow/.local/lib/python3.8/site-packages/airflow/example_dags/example_short_circuit_operator.py took 0.230 seconds
[2025-06-12T19:03:29.444+0000] {processor.py:161} INFO - Started process (PID=2539) to work on /home/airflow/.local/lib/python3.8/site-packages/airflow/example_dags/example_short_circuit_operator.py
[2025-06-12T19:03:29.448+0000] {processor.py:830} INFO - Processing file /home/airflow/.local/lib/python3.8/site-packages/airflow/example_dags/example_short_circuit_operator.py for tasks to queue
[2025-06-12T19:03:29.452+0000] {logging_mixin.py:188} INFO - [2025-06-12T19:03:29.451+0000] {dagbag.py:538} INFO - Filling up the DagBag from /home/airflow/.local/lib/python3.8/site-packages/airflow/example_dags/example_short_circuit_operator.py
[2025-06-12T19:03:29.487+0000] {processor.py:840} INFO - DAG(s) 'example_short_circuit_operator' retrieved from /home/airflow/.local/lib/python3.8/site-packages/airflow/example_dags/example_short_circuit_operator.py
[2025-06-12T19:03:29.565+0000] {logging_mixin.py:188} INFO - [2025-06-12T19:03:29.564+0000] {dag.py:3036} INFO - Sync 1 DAGs
[2025-06-12T19:03:30.085+0000] {logging_mixin.py:188} INFO - [2025-06-12T19:03:30.084+0000] {dag.py:3823} INFO - Setting next_dagrun for example_short_circuit_operator to 2025-06-11 00:00:00+00:00, run_after=2025-06-12 00:00:00+00:00
[2025-06-12T19:03:30.137+0000] {processor.py:183} INFO - Processing /home/airflow/.local/lib/python3.8/site-packages/airflow/example_dags/example_short_circuit_operator.py took 0.705 seconds
[2025-06-12T19:04:00.875+0000] {processor.py:161} INFO - Started process (PID=2594) to work on /home/airflow/.local/lib/python3.8/site-packages/airflow/example_dags/example_short_circuit_operator.py
[2025-06-12T19:04:00.879+0000] {processor.py:830} INFO - Processing file /home/airflow/.local/lib/python3.8/site-packages/airflow/example_dags/example_short_circuit_operator.py for tasks to queue
[2025-06-12T19:04:00.883+0000] {logging_mixin.py:188} INFO - [2025-06-12T19:04:00.882+0000] {dagbag.py:538} INFO - Filling up the DagBag from /home/airflow/.local/lib/python3.8/site-packages/airflow/example_dags/example_short_circuit_operator.py
[2025-06-12T19:04:00.910+0000] {processor.py:840} INFO - DAG(s) 'example_short_circuit_operator' retrieved from /home/airflow/.local/lib/python3.8/site-packages/airflow/example_dags/example_short_circuit_operator.py
[2025-06-12T19:04:00.974+0000] {logging_mixin.py:188} INFO - [2025-06-12T19:04:00.973+0000] {dag.py:3036} INFO - Sync 1 DAGs
[2025-06-12T19:04:01.035+0000] {logging_mixin.py:188} INFO - [2025-06-12T19:04:01.035+0000] {dag.py:3823} INFO - Setting next_dagrun for example_short_circuit_operator to 2025-06-11 00:00:00+00:00, run_after=2025-06-12 00:00:00+00:00
[2025-06-12T19:04:01.412+0000] {processor.py:183} INFO - Processing /home/airflow/.local/lib/python3.8/site-packages/airflow/example_dags/example_short_circuit_operator.py took 0.547 seconds
[2025-06-12T19:04:32.229+0000] {processor.py:161} INFO - Started process (PID=2650) to work on /home/airflow/.local/lib/python3.8/site-packages/airflow/example_dags/example_short_circuit_operator.py
[2025-06-12T19:04:32.233+0000] {processor.py:830} INFO - Processing file /home/airflow/.local/lib/python3.8/site-packages/airflow/example_dags/example_short_circuit_operator.py for tasks to queue
[2025-06-12T19:04:32.235+0000] {logging_mixin.py:188} INFO - [2025-06-12T19:04:32.235+0000] {dagbag.py:538} INFO - Filling up the DagBag from /home/airflow/.local/lib/python3.8/site-packages/airflow/example_dags/example_short_circuit_operator.py
[2025-06-12T19:04:32.260+0000] {processor.py:840} INFO - DAG(s) 'example_short_circuit_operator' retrieved from /home/airflow/.local/lib/python3.8/site-packages/airflow/example_dags/example_short_circuit_operator.py
[2025-06-12T19:04:32.326+0000] {logging_mixin.py:188} INFO - [2025-06-12T19:04:32.325+0000] {dag.py:3036} INFO - Sync 1 DAGs
[2025-06-12T19:04:32.383+0000] {logging_mixin.py:188} INFO - [2025-06-12T19:04:32.383+0000] {dag.py:3823} INFO - Setting next_dagrun for example_short_circuit_operator to 2025-06-11 00:00:00+00:00, run_after=2025-06-12 00:00:00+00:00
[2025-06-12T19:04:32.435+0000] {processor.py:183} INFO - Processing /home/airflow/.local/lib/python3.8/site-packages/airflow/example_dags/example_short_circuit_operator.py took 0.216 seconds
[2025-06-12T19:05:03.193+0000] {processor.py:161} INFO - Started process (PID=2706) to work on /home/airflow/.local/lib/python3.8/site-packages/airflow/example_dags/example_short_circuit_operator.py
[2025-06-12T19:05:03.202+0000] {processor.py:830} INFO - Processing file /home/airflow/.local/lib/python3.8/site-packages/airflow/example_dags/example_short_circuit_operator.py for tasks to queue
[2025-06-12T19:05:03.208+0000] {logging_mixin.py:188} INFO - [2025-06-12T19:05:03.207+0000] {dagbag.py:538} INFO - Filling up the DagBag from /home/airflow/.local/lib/python3.8/site-packages/airflow/example_dags/example_short_circuit_operator.py
[2025-06-12T19:05:03.251+0000] {processor.py:840} INFO - DAG(s) 'example_short_circuit_operator' retrieved from /home/airflow/.local/lib/python3.8/site-packages/airflow/example_dags/example_short_circuit_operator.py
[2025-06-12T19:05:03.339+0000] {logging_mixin.py:188} INFO - [2025-06-12T19:05:03.339+0000] {dag.py:3036} INFO - Sync 1 DAGs
[2025-06-12T19:05:03.400+0000] {logging_mixin.py:188} INFO - [2025-06-12T19:05:03.400+0000] {dag.py:3823} INFO - Setting next_dagrun for example_short_circuit_operator to 2025-06-11 00:00:00+00:00, run_after=2025-06-12 00:00:00+00:00
[2025-06-12T19:05:03.452+0000] {processor.py:183} INFO - Processing /home/airflow/.local/lib/python3.8/site-packages/airflow/example_dags/example_short_circuit_operator.py took 0.273 seconds
[2025-06-12T19:05:33.748+0000] {processor.py:161} INFO - Started process (PID=2761) to work on /home/airflow/.local/lib/python3.8/site-packages/airflow/example_dags/example_short_circuit_operator.py
[2025-06-12T19:05:33.752+0000] {processor.py:830} INFO - Processing file /home/airflow/.local/lib/python3.8/site-packages/airflow/example_dags/example_short_circuit_operator.py for tasks to queue
[2025-06-12T19:05:33.757+0000] {logging_mixin.py:188} INFO - [2025-06-12T19:05:33.756+0000] {dagbag.py:538} INFO - Filling up the DagBag from /home/airflow/.local/lib/python3.8/site-packages/airflow/example_dags/example_short_circuit_operator.py
[2025-06-12T19:05:33.786+0000] {processor.py:840} INFO - DAG(s) 'example_short_circuit_operator' retrieved from /home/airflow/.local/lib/python3.8/site-packages/airflow/example_dags/example_short_circuit_operator.py
[2025-06-12T19:05:33.857+0000] {logging_mixin.py:188} INFO - [2025-06-12T19:05:33.856+0000] {dag.py:3036} INFO - Sync 1 DAGs
[2025-06-12T19:05:33.927+0000] {logging_mixin.py:188} INFO - [2025-06-12T19:05:33.926+0000] {dag.py:3823} INFO - Setting next_dagrun for example_short_circuit_operator to 2025-06-11 00:00:00+00:00, run_after=2025-06-12 00:00:00+00:00
[2025-06-12T19:05:33.986+0000] {processor.py:183} INFO - Processing /home/airflow/.local/lib/python3.8/site-packages/airflow/example_dags/example_short_circuit_operator.py took 0.254 seconds
[2025-06-12T19:06:04.671+0000] {processor.py:161} INFO - Started process (PID=2816) to work on /home/airflow/.local/lib/python3.8/site-packages/airflow/example_dags/example_short_circuit_operator.py
[2025-06-12T19:06:04.676+0000] {processor.py:830} INFO - Processing file /home/airflow/.local/lib/python3.8/site-packages/airflow/example_dags/example_short_circuit_operator.py for tasks to queue
[2025-06-12T19:06:04.680+0000] {logging_mixin.py:188} INFO - [2025-06-12T19:06:04.679+0000] {dagbag.py:538} INFO - Filling up the DagBag from /home/airflow/.local/lib/python3.8/site-packages/airflow/example_dags/example_short_circuit_operator.py
[2025-06-12T19:06:04.717+0000] {processor.py:840} INFO - DAG(s) 'example_short_circuit_operator' retrieved from /home/airflow/.local/lib/python3.8/site-packages/airflow/example_dags/example_short_circuit_operator.py
[2025-06-12T19:06:05.329+0000] {logging_mixin.py:188} INFO - [2025-06-12T19:06:05.328+0000] {dag.py:3036} INFO - Sync 1 DAGs
[2025-06-12T19:06:05.374+0000] {logging_mixin.py:188} INFO - [2025-06-12T19:06:05.373+0000] {dag.py:3823} INFO - Setting next_dagrun for example_short_circuit_operator to 2025-06-11 00:00:00+00:00, run_after=2025-06-12 00:00:00+00:00
[2025-06-12T19:06:05.428+0000] {processor.py:183} INFO - Processing /home/airflow/.local/lib/python3.8/site-packages/airflow/example_dags/example_short_circuit_operator.py took 0.770 seconds
[2025-06-12T19:06:36.093+0000] {processor.py:161} INFO - Started process (PID=2871) to work on /home/airflow/.local/lib/python3.8/site-packages/airflow/example_dags/example_short_circuit_operator.py
[2025-06-12T19:06:36.097+0000] {processor.py:830} INFO - Processing file /home/airflow/.local/lib/python3.8/site-packages/airflow/example_dags/example_short_circuit_operator.py for tasks to queue
[2025-06-12T19:06:36.101+0000] {logging_mixin.py:188} INFO - [2025-06-12T19:06:36.100+0000] {dagbag.py:538} INFO - Filling up the DagBag from /home/airflow/.local/lib/python3.8/site-packages/airflow/example_dags/example_short_circuit_operator.py
[2025-06-12T19:06:36.126+0000] {processor.py:840} INFO - DAG(s) 'example_short_circuit_operator' retrieved from /home/airflow/.local/lib/python3.8/site-packages/airflow/example_dags/example_short_circuit_operator.py
[2025-06-12T19:06:36.226+0000] {logging_mixin.py:188} INFO - [2025-06-12T19:06:36.226+0000] {dag.py:3036} INFO - Sync 1 DAGs
[2025-06-12T19:06:36.704+0000] {logging_mixin.py:188} INFO - [2025-06-12T19:06:36.704+0000] {dag.py:3823} INFO - Setting next_dagrun for example_short_circuit_operator to 2025-06-11 00:00:00+00:00, run_after=2025-06-12 00:00:00+00:00
[2025-06-12T19:06:36.754+0000] {processor.py:183} INFO - Processing /home/airflow/.local/lib/python3.8/site-packages/airflow/example_dags/example_short_circuit_operator.py took 0.671 seconds
