[2025-06-12T18:35:23.111+0000] {processor.py:161} INFO - Started process (PID=122) to work on /home/airflow/.local/lib/python3.8/site-packages/airflow/example_dags/example_skip_dag.py
[2025-06-12T18:35:23.114+0000] {processor.py:830} INFO - Processing file /home/airflow/.local/lib/python3.8/site-packages/airflow/example_dags/example_skip_dag.py for tasks to queue
[2025-06-12T18:35:23.122+0000] {logging_mixin.py:188} INFO - [2025-06-12T18:35:23.119+0000] {dagbag.py:538} INFO - Filling up the DagBag from /home/airflow/.local/lib/python3.8/site-packages/airflow/example_dags/example_skip_dag.py
[2025-06-12T18:35:23.142+0000] {processor.py:840} INFO - DAG(s) 'example_skip_dag' retrieved from /home/airflow/.local/lib/python3.8/site-packages/airflow/example_dags/example_skip_dag.py
[2025-06-12T18:35:23.426+0000] {logging_mixin.py:188} INFO - [2025-06-12T18:35:23.425+0000] {dag.py:3036} INFO - Sync 1 DAGs
[2025-06-12T18:35:23.519+0000] {logging_mixin.py:188} INFO - [2025-06-12T18:35:23.518+0000] {dag.py:3823} INFO - Setting next_dagrun for example_skip_dag to 2025-06-11 00:00:00+00:00, run_after=2025-06-12 00:00:00+00:00
[2025-06-12T18:35:23.627+0000] {processor.py:183} INFO - Processing /home/airflow/.local/lib/python3.8/site-packages/airflow/example_dags/example_skip_dag.py took 0.526 seconds
[2025-06-12T18:35:54.099+0000] {processor.py:161} INFO - Started process (PID=177) to work on /home/airflow/.local/lib/python3.8/site-packages/airflow/example_dags/example_skip_dag.py
[2025-06-12T18:35:54.101+0000] {processor.py:830} INFO - Processing file /home/airflow/.local/lib/python3.8/site-packages/airflow/example_dags/example_skip_dag.py for tasks to queue
[2025-06-12T18:35:54.105+0000] {logging_mixin.py:188} INFO - [2025-06-12T18:35:54.104+0000] {dagbag.py:538} INFO - Filling up the DagBag from /home/airflow/.local/lib/python3.8/site-packages/airflow/example_dags/example_skip_dag.py
[2025-06-12T18:35:54.120+0000] {processor.py:840} INFO - DAG(s) 'example_skip_dag' retrieved from /home/airflow/.local/lib/python3.8/site-packages/airflow/example_dags/example_skip_dag.py
[2025-06-12T18:35:54.167+0000] {logging_mixin.py:188} INFO - [2025-06-12T18:35:54.167+0000] {dag.py:3036} INFO - Sync 1 DAGs
[2025-06-12T18:35:54.212+0000] {logging_mixin.py:188} INFO - [2025-06-12T18:35:54.211+0000] {dag.py:3823} INFO - Setting next_dagrun for example_skip_dag to 2025-06-11 00:00:00+00:00, run_after=2025-06-12 00:00:00+00:00
[2025-06-12T18:35:54.253+0000] {processor.py:183} INFO - Processing /home/airflow/.local/lib/python3.8/site-packages/airflow/example_dags/example_skip_dag.py took 0.160 seconds
[2025-06-12T18:36:24.754+0000] {processor.py:161} INFO - Started process (PID=232) to work on /home/airflow/.local/lib/python3.8/site-packages/airflow/example_dags/example_skip_dag.py
[2025-06-12T18:36:24.756+0000] {processor.py:830} INFO - Processing file /home/airflow/.local/lib/python3.8/site-packages/airflow/example_dags/example_skip_dag.py for tasks to queue
[2025-06-12T18:36:24.759+0000] {logging_mixin.py:188} INFO - [2025-06-12T18:36:24.759+0000] {dagbag.py:538} INFO - Filling up the DagBag from /home/airflow/.local/lib/python3.8/site-packages/airflow/example_dags/example_skip_dag.py
[2025-06-12T18:36:24.771+0000] {processor.py:840} INFO - DAG(s) 'example_skip_dag' retrieved from /home/airflow/.local/lib/python3.8/site-packages/airflow/example_dags/example_skip_dag.py
[2025-06-12T18:36:24.794+0000] {logging_mixin.py:188} INFO - [2025-06-12T18:36:24.794+0000] {dag.py:3036} INFO - Sync 1 DAGs
[2025-06-12T18:36:24.829+0000] {logging_mixin.py:188} INFO - [2025-06-12T18:36:24.829+0000] {dag.py:3823} INFO - Setting next_dagrun for example_skip_dag to 2025-06-11 00:00:00+00:00, run_after=2025-06-12 00:00:00+00:00
[2025-06-12T18:36:24.864+0000] {processor.py:183} INFO - Processing /home/airflow/.local/lib/python3.8/site-packages/airflow/example_dags/example_skip_dag.py took 0.116 seconds
[2025-06-12T18:36:55.455+0000] {processor.py:161} INFO - Started process (PID=287) to work on /home/airflow/.local/lib/python3.8/site-packages/airflow/example_dags/example_skip_dag.py
[2025-06-12T18:36:55.457+0000] {processor.py:830} INFO - Processing file /home/airflow/.local/lib/python3.8/site-packages/airflow/example_dags/example_skip_dag.py for tasks to queue
[2025-06-12T18:36:55.462+0000] {logging_mixin.py:188} INFO - [2025-06-12T18:36:55.461+0000] {dagbag.py:538} INFO - Filling up the DagBag from /home/airflow/.local/lib/python3.8/site-packages/airflow/example_dags/example_skip_dag.py
[2025-06-12T18:36:55.474+0000] {processor.py:840} INFO - DAG(s) 'example_skip_dag' retrieved from /home/airflow/.local/lib/python3.8/site-packages/airflow/example_dags/example_skip_dag.py
[2025-06-12T18:36:55.637+0000] {logging_mixin.py:188} INFO - [2025-06-12T18:36:55.637+0000] {dag.py:3036} INFO - Sync 1 DAGs
[2025-06-12T18:36:55.666+0000] {logging_mixin.py:188} INFO - [2025-06-12T18:36:55.666+0000] {dag.py:3823} INFO - Setting next_dagrun for example_skip_dag to 2025-06-11 00:00:00+00:00, run_after=2025-06-12 00:00:00+00:00
[2025-06-12T18:36:55.699+0000] {processor.py:183} INFO - Processing /home/airflow/.local/lib/python3.8/site-packages/airflow/example_dags/example_skip_dag.py took 0.250 seconds
[2025-06-12T18:37:26.167+0000] {processor.py:161} INFO - Started process (PID=342) to work on /home/airflow/.local/lib/python3.8/site-packages/airflow/example_dags/example_skip_dag.py
[2025-06-12T18:37:26.169+0000] {processor.py:830} INFO - Processing file /home/airflow/.local/lib/python3.8/site-packages/airflow/example_dags/example_skip_dag.py for tasks to queue
[2025-06-12T18:37:26.173+0000] {logging_mixin.py:188} INFO - [2025-06-12T18:37:26.173+0000] {dagbag.py:538} INFO - Filling up the DagBag from /home/airflow/.local/lib/python3.8/site-packages/airflow/example_dags/example_skip_dag.py
[2025-06-12T18:37:26.185+0000] {processor.py:840} INFO - DAG(s) 'example_skip_dag' retrieved from /home/airflow/.local/lib/python3.8/site-packages/airflow/example_dags/example_skip_dag.py
[2025-06-12T18:37:26.223+0000] {logging_mixin.py:188} INFO - [2025-06-12T18:37:26.223+0000] {dag.py:3036} INFO - Sync 1 DAGs
[2025-06-12T18:37:26.262+0000] {logging_mixin.py:188} INFO - [2025-06-12T18:37:26.262+0000] {dag.py:3823} INFO - Setting next_dagrun for example_skip_dag to 2025-06-11 00:00:00+00:00, run_after=2025-06-12 00:00:00+00:00
[2025-06-12T18:37:26.298+0000] {processor.py:183} INFO - Processing /home/airflow/.local/lib/python3.8/site-packages/airflow/example_dags/example_skip_dag.py took 0.138 seconds
[2025-06-12T18:37:56.850+0000] {processor.py:161} INFO - Started process (PID=397) to work on /home/airflow/.local/lib/python3.8/site-packages/airflow/example_dags/example_skip_dag.py
[2025-06-12T18:37:56.852+0000] {processor.py:830} INFO - Processing file /home/airflow/.local/lib/python3.8/site-packages/airflow/example_dags/example_skip_dag.py for tasks to queue
[2025-06-12T18:37:56.857+0000] {logging_mixin.py:188} INFO - [2025-06-12T18:37:56.856+0000] {dagbag.py:538} INFO - Filling up the DagBag from /home/airflow/.local/lib/python3.8/site-packages/airflow/example_dags/example_skip_dag.py
[2025-06-12T18:37:56.871+0000] {processor.py:840} INFO - DAG(s) 'example_skip_dag' retrieved from /home/airflow/.local/lib/python3.8/site-packages/airflow/example_dags/example_skip_dag.py
[2025-06-12T18:37:56.915+0000] {logging_mixin.py:188} INFO - [2025-06-12T18:37:56.915+0000] {dag.py:3036} INFO - Sync 1 DAGs
[2025-06-12T18:37:56.954+0000] {logging_mixin.py:188} INFO - [2025-06-12T18:37:56.953+0000] {dag.py:3823} INFO - Setting next_dagrun for example_skip_dag to 2025-06-11 00:00:00+00:00, run_after=2025-06-12 00:00:00+00:00
[2025-06-12T18:37:56.996+0000] {processor.py:183} INFO - Processing /home/airflow/.local/lib/python3.8/site-packages/airflow/example_dags/example_skip_dag.py took 0.151 seconds
[2025-06-12T18:38:27.810+0000] {processor.py:161} INFO - Started process (PID=452) to work on /home/airflow/.local/lib/python3.8/site-packages/airflow/example_dags/example_skip_dag.py
[2025-06-12T18:38:27.812+0000] {processor.py:830} INFO - Processing file /home/airflow/.local/lib/python3.8/site-packages/airflow/example_dags/example_skip_dag.py for tasks to queue
[2025-06-12T18:38:27.816+0000] {logging_mixin.py:188} INFO - [2025-06-12T18:38:27.815+0000] {dagbag.py:538} INFO - Filling up the DagBag from /home/airflow/.local/lib/python3.8/site-packages/airflow/example_dags/example_skip_dag.py
[2025-06-12T18:38:27.828+0000] {processor.py:840} INFO - DAG(s) 'example_skip_dag' retrieved from /home/airflow/.local/lib/python3.8/site-packages/airflow/example_dags/example_skip_dag.py
[2025-06-12T18:38:27.869+0000] {logging_mixin.py:188} INFO - [2025-06-12T18:38:27.868+0000] {dag.py:3036} INFO - Sync 1 DAGs
[2025-06-12T18:38:27.904+0000] {logging_mixin.py:188} INFO - [2025-06-12T18:38:27.904+0000] {dag.py:3823} INFO - Setting next_dagrun for example_skip_dag to 2025-06-11 00:00:00+00:00, run_after=2025-06-12 00:00:00+00:00
[2025-06-12T18:38:27.942+0000] {processor.py:183} INFO - Processing /home/airflow/.local/lib/python3.8/site-packages/airflow/example_dags/example_skip_dag.py took 0.139 seconds
[2025-06-12T18:38:58.788+0000] {processor.py:161} INFO - Started process (PID=505) to work on /home/airflow/.local/lib/python3.8/site-packages/airflow/example_dags/example_skip_dag.py
[2025-06-12T18:38:58.790+0000] {processor.py:830} INFO - Processing file /home/airflow/.local/lib/python3.8/site-packages/airflow/example_dags/example_skip_dag.py for tasks to queue
[2025-06-12T18:38:58.795+0000] {logging_mixin.py:188} INFO - [2025-06-12T18:38:58.793+0000] {dagbag.py:538} INFO - Filling up the DagBag from /home/airflow/.local/lib/python3.8/site-packages/airflow/example_dags/example_skip_dag.py
[2025-06-12T18:38:58.808+0000] {processor.py:840} INFO - DAG(s) 'example_skip_dag' retrieved from /home/airflow/.local/lib/python3.8/site-packages/airflow/example_dags/example_skip_dag.py
[2025-06-12T18:38:58.854+0000] {logging_mixin.py:188} INFO - [2025-06-12T18:38:58.854+0000] {dag.py:3036} INFO - Sync 1 DAGs
[2025-06-12T18:38:58.897+0000] {logging_mixin.py:188} INFO - [2025-06-12T18:38:58.896+0000] {dag.py:3823} INFO - Setting next_dagrun for example_skip_dag to 2025-06-11 00:00:00+00:00, run_after=2025-06-12 00:00:00+00:00
[2025-06-12T18:38:58.947+0000] {processor.py:183} INFO - Processing /home/airflow/.local/lib/python3.8/site-packages/airflow/example_dags/example_skip_dag.py took 0.165 seconds
[2025-06-12T18:39:29.274+0000] {processor.py:161} INFO - Started process (PID=560) to work on /home/airflow/.local/lib/python3.8/site-packages/airflow/example_dags/example_skip_dag.py
[2025-06-12T18:39:29.277+0000] {processor.py:830} INFO - Processing file /home/airflow/.local/lib/python3.8/site-packages/airflow/example_dags/example_skip_dag.py for tasks to queue
[2025-06-12T18:39:29.282+0000] {logging_mixin.py:188} INFO - [2025-06-12T18:39:29.281+0000] {dagbag.py:538} INFO - Filling up the DagBag from /home/airflow/.local/lib/python3.8/site-packages/airflow/example_dags/example_skip_dag.py
[2025-06-12T18:39:29.297+0000] {processor.py:840} INFO - DAG(s) 'example_skip_dag' retrieved from /home/airflow/.local/lib/python3.8/site-packages/airflow/example_dags/example_skip_dag.py
[2025-06-12T18:39:29.326+0000] {logging_mixin.py:188} INFO - [2025-06-12T18:39:29.326+0000] {dag.py:3036} INFO - Sync 1 DAGs
[2025-06-12T18:39:29.367+0000] {logging_mixin.py:188} INFO - [2025-06-12T18:39:29.366+0000] {dag.py:3823} INFO - Setting next_dagrun for example_skip_dag to 2025-06-11 00:00:00+00:00, run_after=2025-06-12 00:00:00+00:00
[2025-06-12T18:39:29.404+0000] {processor.py:183} INFO - Processing /home/airflow/.local/lib/python3.8/site-packages/airflow/example_dags/example_skip_dag.py took 0.140 seconds
[2025-06-12T18:40:00.206+0000] {processor.py:161} INFO - Started process (PID=615) to work on /home/airflow/.local/lib/python3.8/site-packages/airflow/example_dags/example_skip_dag.py
[2025-06-12T18:40:00.208+0000] {processor.py:830} INFO - Processing file /home/airflow/.local/lib/python3.8/site-packages/airflow/example_dags/example_skip_dag.py for tasks to queue
[2025-06-12T18:40:00.212+0000] {logging_mixin.py:188} INFO - [2025-06-12T18:40:00.212+0000] {dagbag.py:538} INFO - Filling up the DagBag from /home/airflow/.local/lib/python3.8/site-packages/airflow/example_dags/example_skip_dag.py
[2025-06-12T18:40:00.226+0000] {processor.py:840} INFO - DAG(s) 'example_skip_dag' retrieved from /home/airflow/.local/lib/python3.8/site-packages/airflow/example_dags/example_skip_dag.py
[2025-06-12T18:40:00.395+0000] {logging_mixin.py:188} INFO - [2025-06-12T18:40:00.394+0000] {dag.py:3036} INFO - Sync 1 DAGs
[2025-06-12T18:40:00.434+0000] {logging_mixin.py:188} INFO - [2025-06-12T18:40:00.434+0000] {dag.py:3823} INFO - Setting next_dagrun for example_skip_dag to 2025-06-11 00:00:00+00:00, run_after=2025-06-12 00:00:00+00:00
[2025-06-12T18:40:00.481+0000] {processor.py:183} INFO - Processing /home/airflow/.local/lib/python3.8/site-packages/airflow/example_dags/example_skip_dag.py took 0.285 seconds
[2025-06-12T18:40:39.388+0000] {processor.py:161} INFO - Started process (PID=670) to work on /home/airflow/.local/lib/python3.8/site-packages/airflow/example_dags/example_skip_dag.py
[2025-06-12T18:40:39.392+0000] {processor.py:830} INFO - Processing file /home/airflow/.local/lib/python3.8/site-packages/airflow/example_dags/example_skip_dag.py for tasks to queue
[2025-06-12T18:40:39.397+0000] {logging_mixin.py:188} INFO - [2025-06-12T18:40:39.396+0000] {dagbag.py:538} INFO - Filling up the DagBag from /home/airflow/.local/lib/python3.8/site-packages/airflow/example_dags/example_skip_dag.py
[2025-06-12T18:40:39.414+0000] {processor.py:840} INFO - DAG(s) 'example_skip_dag' retrieved from /home/airflow/.local/lib/python3.8/site-packages/airflow/example_dags/example_skip_dag.py
[2025-06-12T18:40:39.460+0000] {logging_mixin.py:188} INFO - [2025-06-12T18:40:39.460+0000] {dag.py:3036} INFO - Sync 1 DAGs
[2025-06-12T18:40:39.527+0000] {logging_mixin.py:188} INFO - [2025-06-12T18:40:39.526+0000] {dag.py:3823} INFO - Setting next_dagrun for example_skip_dag to 2025-06-11 00:00:00+00:00, run_after=2025-06-12 00:00:00+00:00
[2025-06-12T18:40:39.577+0000] {processor.py:183} INFO - Processing /home/airflow/.local/lib/python3.8/site-packages/airflow/example_dags/example_skip_dag.py took 0.200 seconds
[2025-06-12T18:46:20.158+0000] {processor.py:161} INFO - Started process (PID=729) to work on /home/airflow/.local/lib/python3.8/site-packages/airflow/example_dags/example_skip_dag.py
[2025-06-12T18:46:20.160+0000] {processor.py:830} INFO - Processing file /home/airflow/.local/lib/python3.8/site-packages/airflow/example_dags/example_skip_dag.py for tasks to queue
[2025-06-12T18:46:20.163+0000] {logging_mixin.py:188} INFO - [2025-06-12T18:46:20.162+0000] {dagbag.py:538} INFO - Filling up the DagBag from /home/airflow/.local/lib/python3.8/site-packages/airflow/example_dags/example_skip_dag.py
[2025-06-12T18:46:20.177+0000] {processor.py:840} INFO - DAG(s) 'example_skip_dag' retrieved from /home/airflow/.local/lib/python3.8/site-packages/airflow/example_dags/example_skip_dag.py
[2025-06-12T18:46:20.369+0000] {logging_mixin.py:188} INFO - [2025-06-12T18:46:20.369+0000] {dag.py:3036} INFO - Sync 1 DAGs
[2025-06-12T18:46:20.409+0000] {logging_mixin.py:188} INFO - [2025-06-12T18:46:20.409+0000] {dag.py:3823} INFO - Setting next_dagrun for example_skip_dag to 2025-06-11 00:00:00+00:00, run_after=2025-06-12 00:00:00+00:00
[2025-06-12T18:46:20.449+0000] {processor.py:183} INFO - Processing /home/airflow/.local/lib/python3.8/site-packages/airflow/example_dags/example_skip_dag.py took 0.298 seconds
[2025-06-12T18:46:50.595+0000] {processor.py:161} INFO - Started process (PID=785) to work on /home/airflow/.local/lib/python3.8/site-packages/airflow/example_dags/example_skip_dag.py
[2025-06-12T18:46:50.598+0000] {processor.py:830} INFO - Processing file /home/airflow/.local/lib/python3.8/site-packages/airflow/example_dags/example_skip_dag.py for tasks to queue
[2025-06-12T18:46:50.599+0000] {logging_mixin.py:188} INFO - [2025-06-12T18:46:50.599+0000] {dagbag.py:538} INFO - Filling up the DagBag from /home/airflow/.local/lib/python3.8/site-packages/airflow/example_dags/example_skip_dag.py
[2025-06-12T18:46:50.616+0000] {processor.py:840} INFO - DAG(s) 'example_skip_dag' retrieved from /home/airflow/.local/lib/python3.8/site-packages/airflow/example_dags/example_skip_dag.py
[2025-06-12T18:46:50.663+0000] {logging_mixin.py:188} INFO - [2025-06-12T18:46:50.662+0000] {dag.py:3036} INFO - Sync 1 DAGs
[2025-06-12T18:46:50.729+0000] {logging_mixin.py:188} INFO - [2025-06-12T18:46:50.728+0000] {dag.py:3823} INFO - Setting next_dagrun for example_skip_dag to 2025-06-11 00:00:00+00:00, run_after=2025-06-12 00:00:00+00:00
[2025-06-12T18:46:50.791+0000] {processor.py:183} INFO - Processing /home/airflow/.local/lib/python3.8/site-packages/airflow/example_dags/example_skip_dag.py took 0.201 seconds
[2025-06-12T18:47:21.319+0000] {processor.py:161} INFO - Started process (PID=840) to work on /home/airflow/.local/lib/python3.8/site-packages/airflow/example_dags/example_skip_dag.py
[2025-06-12T18:47:21.321+0000] {processor.py:830} INFO - Processing file /home/airflow/.local/lib/python3.8/site-packages/airflow/example_dags/example_skip_dag.py for tasks to queue
[2025-06-12T18:47:21.324+0000] {logging_mixin.py:188} INFO - [2025-06-12T18:47:21.323+0000] {dagbag.py:538} INFO - Filling up the DagBag from /home/airflow/.local/lib/python3.8/site-packages/airflow/example_dags/example_skip_dag.py
[2025-06-12T18:47:21.345+0000] {processor.py:840} INFO - DAG(s) 'example_skip_dag' retrieved from /home/airflow/.local/lib/python3.8/site-packages/airflow/example_dags/example_skip_dag.py
[2025-06-12T18:47:21.400+0000] {logging_mixin.py:188} INFO - [2025-06-12T18:47:21.399+0000] {dag.py:3036} INFO - Sync 1 DAGs
[2025-06-12T18:47:21.449+0000] {logging_mixin.py:188} INFO - [2025-06-12T18:47:21.448+0000] {dag.py:3823} INFO - Setting next_dagrun for example_skip_dag to 2025-06-11 00:00:00+00:00, run_after=2025-06-12 00:00:00+00:00
[2025-06-12T18:47:21.485+0000] {processor.py:183} INFO - Processing /home/airflow/.local/lib/python3.8/site-packages/airflow/example_dags/example_skip_dag.py took 0.174 seconds
[2025-06-12T18:47:51.702+0000] {processor.py:161} INFO - Started process (PID=895) to work on /home/airflow/.local/lib/python3.8/site-packages/airflow/example_dags/example_skip_dag.py
[2025-06-12T18:47:51.705+0000] {processor.py:830} INFO - Processing file /home/airflow/.local/lib/python3.8/site-packages/airflow/example_dags/example_skip_dag.py for tasks to queue
[2025-06-12T18:47:51.707+0000] {logging_mixin.py:188} INFO - [2025-06-12T18:47:51.706+0000] {dagbag.py:538} INFO - Filling up the DagBag from /home/airflow/.local/lib/python3.8/site-packages/airflow/example_dags/example_skip_dag.py
[2025-06-12T18:47:51.721+0000] {processor.py:840} INFO - DAG(s) 'example_skip_dag' retrieved from /home/airflow/.local/lib/python3.8/site-packages/airflow/example_dags/example_skip_dag.py
[2025-06-12T18:47:51.759+0000] {logging_mixin.py:188} INFO - [2025-06-12T18:47:51.758+0000] {dag.py:3036} INFO - Sync 1 DAGs
[2025-06-12T18:47:51.791+0000] {logging_mixin.py:188} INFO - [2025-06-12T18:47:51.790+0000] {dag.py:3823} INFO - Setting next_dagrun for example_skip_dag to 2025-06-11 00:00:00+00:00, run_after=2025-06-12 00:00:00+00:00
[2025-06-12T18:47:51.829+0000] {processor.py:183} INFO - Processing /home/airflow/.local/lib/python3.8/site-packages/airflow/example_dags/example_skip_dag.py took 0.132 seconds
[2025-06-12T18:48:23.576+0000] {processor.py:161} INFO - Started process (PID=950) to work on /home/airflow/.local/lib/python3.8/site-packages/airflow/example_dags/example_skip_dag.py
[2025-06-12T18:48:23.579+0000] {processor.py:830} INFO - Processing file /home/airflow/.local/lib/python3.8/site-packages/airflow/example_dags/example_skip_dag.py for tasks to queue
[2025-06-12T18:48:23.581+0000] {logging_mixin.py:188} INFO - [2025-06-12T18:48:23.580+0000] {dagbag.py:538} INFO - Filling up the DagBag from /home/airflow/.local/lib/python3.8/site-packages/airflow/example_dags/example_skip_dag.py
[2025-06-12T18:48:23.594+0000] {processor.py:840} INFO - DAG(s) 'example_skip_dag' retrieved from /home/airflow/.local/lib/python3.8/site-packages/airflow/example_dags/example_skip_dag.py
[2025-06-12T18:48:23.630+0000] {logging_mixin.py:188} INFO - [2025-06-12T18:48:23.630+0000] {dag.py:3036} INFO - Sync 1 DAGs
[2025-06-12T18:48:23.663+0000] {logging_mixin.py:188} INFO - [2025-06-12T18:48:23.662+0000] {dag.py:3823} INFO - Setting next_dagrun for example_skip_dag to 2025-06-11 00:00:00+00:00, run_after=2025-06-12 00:00:00+00:00
[2025-06-12T18:48:23.697+0000] {processor.py:183} INFO - Processing /home/airflow/.local/lib/python3.8/site-packages/airflow/example_dags/example_skip_dag.py took 0.131 seconds
[2025-06-12T18:48:54.854+0000] {processor.py:161} INFO - Started process (PID=1005) to work on /home/airflow/.local/lib/python3.8/site-packages/airflow/example_dags/example_skip_dag.py
[2025-06-12T18:48:54.858+0000] {processor.py:830} INFO - Processing file /home/airflow/.local/lib/python3.8/site-packages/airflow/example_dags/example_skip_dag.py for tasks to queue
[2025-06-12T18:48:54.860+0000] {logging_mixin.py:188} INFO - [2025-06-12T18:48:54.859+0000] {dagbag.py:538} INFO - Filling up the DagBag from /home/airflow/.local/lib/python3.8/site-packages/airflow/example_dags/example_skip_dag.py
[2025-06-12T18:48:54.874+0000] {processor.py:840} INFO - DAG(s) 'example_skip_dag' retrieved from /home/airflow/.local/lib/python3.8/site-packages/airflow/example_dags/example_skip_dag.py
[2025-06-12T18:48:54.915+0000] {logging_mixin.py:188} INFO - [2025-06-12T18:48:54.915+0000] {dag.py:3036} INFO - Sync 1 DAGs
[2025-06-12T18:48:54.953+0000] {logging_mixin.py:188} INFO - [2025-06-12T18:48:54.952+0000] {dag.py:3823} INFO - Setting next_dagrun for example_skip_dag to 2025-06-11 00:00:00+00:00, run_after=2025-06-12 00:00:00+00:00
[2025-06-12T18:48:54.988+0000] {processor.py:183} INFO - Processing /home/airflow/.local/lib/python3.8/site-packages/airflow/example_dags/example_skip_dag.py took 0.141 seconds
[2025-06-12T18:49:25.516+0000] {processor.py:161} INFO - Started process (PID=1060) to work on /home/airflow/.local/lib/python3.8/site-packages/airflow/example_dags/example_skip_dag.py
[2025-06-12T18:49:25.518+0000] {processor.py:830} INFO - Processing file /home/airflow/.local/lib/python3.8/site-packages/airflow/example_dags/example_skip_dag.py for tasks to queue
[2025-06-12T18:49:25.521+0000] {logging_mixin.py:188} INFO - [2025-06-12T18:49:25.520+0000] {dagbag.py:538} INFO - Filling up the DagBag from /home/airflow/.local/lib/python3.8/site-packages/airflow/example_dags/example_skip_dag.py
[2025-06-12T18:49:25.534+0000] {processor.py:840} INFO - DAG(s) 'example_skip_dag' retrieved from /home/airflow/.local/lib/python3.8/site-packages/airflow/example_dags/example_skip_dag.py
[2025-06-12T18:49:25.574+0000] {logging_mixin.py:188} INFO - [2025-06-12T18:49:25.574+0000] {dag.py:3036} INFO - Sync 1 DAGs
[2025-06-12T18:49:25.608+0000] {logging_mixin.py:188} INFO - [2025-06-12T18:49:25.608+0000] {dag.py:3823} INFO - Setting next_dagrun for example_skip_dag to 2025-06-11 00:00:00+00:00, run_after=2025-06-12 00:00:00+00:00
[2025-06-12T18:49:25.640+0000] {processor.py:183} INFO - Processing /home/airflow/.local/lib/python3.8/site-packages/airflow/example_dags/example_skip_dag.py took 0.134 seconds
[2025-06-12T18:49:55.816+0000] {processor.py:161} INFO - Started process (PID=1113) to work on /home/airflow/.local/lib/python3.8/site-packages/airflow/example_dags/example_skip_dag.py
[2025-06-12T18:49:55.818+0000] {processor.py:830} INFO - Processing file /home/airflow/.local/lib/python3.8/site-packages/airflow/example_dags/example_skip_dag.py for tasks to queue
[2025-06-12T18:49:55.820+0000] {logging_mixin.py:188} INFO - [2025-06-12T18:49:55.819+0000] {dagbag.py:538} INFO - Filling up the DagBag from /home/airflow/.local/lib/python3.8/site-packages/airflow/example_dags/example_skip_dag.py
[2025-06-12T18:49:55.834+0000] {processor.py:840} INFO - DAG(s) 'example_skip_dag' retrieved from /home/airflow/.local/lib/python3.8/site-packages/airflow/example_dags/example_skip_dag.py
[2025-06-12T18:49:55.871+0000] {logging_mixin.py:188} INFO - [2025-06-12T18:49:55.870+0000] {dag.py:3036} INFO - Sync 1 DAGs
[2025-06-12T18:49:55.906+0000] {logging_mixin.py:188} INFO - [2025-06-12T18:49:55.905+0000] {dag.py:3823} INFO - Setting next_dagrun for example_skip_dag to 2025-06-11 00:00:00+00:00, run_after=2025-06-12 00:00:00+00:00
[2025-06-12T18:49:55.949+0000] {processor.py:183} INFO - Processing /home/airflow/.local/lib/python3.8/site-packages/airflow/example_dags/example_skip_dag.py took 0.139 seconds
[2025-06-12T18:50:26.581+0000] {processor.py:161} INFO - Started process (PID=1168) to work on /home/airflow/.local/lib/python3.8/site-packages/airflow/example_dags/example_skip_dag.py
[2025-06-12T18:50:26.584+0000] {processor.py:830} INFO - Processing file /home/airflow/.local/lib/python3.8/site-packages/airflow/example_dags/example_skip_dag.py for tasks to queue
[2025-06-12T18:50:26.588+0000] {logging_mixin.py:188} INFO - [2025-06-12T18:50:26.587+0000] {dagbag.py:538} INFO - Filling up the DagBag from /home/airflow/.local/lib/python3.8/site-packages/airflow/example_dags/example_skip_dag.py
[2025-06-12T18:50:26.601+0000] {processor.py:840} INFO - DAG(s) 'example_skip_dag' retrieved from /home/airflow/.local/lib/python3.8/site-packages/airflow/example_dags/example_skip_dag.py
[2025-06-12T18:50:26.640+0000] {logging_mixin.py:188} INFO - [2025-06-12T18:50:26.640+0000] {dag.py:3036} INFO - Sync 1 DAGs
[2025-06-12T18:50:26.685+0000] {logging_mixin.py:188} INFO - [2025-06-12T18:50:26.684+0000] {dag.py:3823} INFO - Setting next_dagrun for example_skip_dag to 2025-06-11 00:00:00+00:00, run_after=2025-06-12 00:00:00+00:00
[2025-06-12T18:50:26.725+0000] {processor.py:183} INFO - Processing /home/airflow/.local/lib/python3.8/site-packages/airflow/example_dags/example_skip_dag.py took 0.151 seconds
[2025-06-12T18:50:57.179+0000] {processor.py:161} INFO - Started process (PID=1224) to work on /home/airflow/.local/lib/python3.8/site-packages/airflow/example_dags/example_skip_dag.py
[2025-06-12T18:50:57.181+0000] {processor.py:830} INFO - Processing file /home/airflow/.local/lib/python3.8/site-packages/airflow/example_dags/example_skip_dag.py for tasks to queue
[2025-06-12T18:50:57.183+0000] {logging_mixin.py:188} INFO - [2025-06-12T18:50:57.183+0000] {dagbag.py:538} INFO - Filling up the DagBag from /home/airflow/.local/lib/python3.8/site-packages/airflow/example_dags/example_skip_dag.py
[2025-06-12T18:50:57.198+0000] {processor.py:840} INFO - DAG(s) 'example_skip_dag' retrieved from /home/airflow/.local/lib/python3.8/site-packages/airflow/example_dags/example_skip_dag.py
[2025-06-12T18:50:57.235+0000] {logging_mixin.py:188} INFO - [2025-06-12T18:50:57.235+0000] {dag.py:3036} INFO - Sync 1 DAGs
[2025-06-12T18:50:57.267+0000] {logging_mixin.py:188} INFO - [2025-06-12T18:50:57.267+0000] {dag.py:3823} INFO - Setting next_dagrun for example_skip_dag to 2025-06-11 00:00:00+00:00, run_after=2025-06-12 00:00:00+00:00
[2025-06-12T18:50:57.298+0000] {processor.py:183} INFO - Processing /home/airflow/.local/lib/python3.8/site-packages/airflow/example_dags/example_skip_dag.py took 0.124 seconds
[2025-06-12T18:51:27.836+0000] {processor.py:161} INFO - Started process (PID=1279) to work on /home/airflow/.local/lib/python3.8/site-packages/airflow/example_dags/example_skip_dag.py
[2025-06-12T18:51:27.838+0000] {processor.py:830} INFO - Processing file /home/airflow/.local/lib/python3.8/site-packages/airflow/example_dags/example_skip_dag.py for tasks to queue
[2025-06-12T18:51:27.840+0000] {logging_mixin.py:188} INFO - [2025-06-12T18:51:27.840+0000] {dagbag.py:538} INFO - Filling up the DagBag from /home/airflow/.local/lib/python3.8/site-packages/airflow/example_dags/example_skip_dag.py
[2025-06-12T18:51:27.855+0000] {processor.py:840} INFO - DAG(s) 'example_skip_dag' retrieved from /home/airflow/.local/lib/python3.8/site-packages/airflow/example_dags/example_skip_dag.py
[2025-06-12T18:51:27.895+0000] {logging_mixin.py:188} INFO - [2025-06-12T18:51:27.895+0000] {dag.py:3036} INFO - Sync 1 DAGs
[2025-06-12T18:51:27.930+0000] {logging_mixin.py:188} INFO - [2025-06-12T18:51:27.930+0000] {dag.py:3823} INFO - Setting next_dagrun for example_skip_dag to 2025-06-11 00:00:00+00:00, run_after=2025-06-12 00:00:00+00:00
[2025-06-12T18:51:27.967+0000] {processor.py:183} INFO - Processing /home/airflow/.local/lib/python3.8/site-packages/airflow/example_dags/example_skip_dag.py took 0.136 seconds
[2025-06-12T18:51:58.644+0000] {processor.py:161} INFO - Started process (PID=1334) to work on /home/airflow/.local/lib/python3.8/site-packages/airflow/example_dags/example_skip_dag.py
[2025-06-12T18:51:58.646+0000] {processor.py:830} INFO - Processing file /home/airflow/.local/lib/python3.8/site-packages/airflow/example_dags/example_skip_dag.py for tasks to queue
[2025-06-12T18:51:58.647+0000] {logging_mixin.py:188} INFO - [2025-06-12T18:51:58.647+0000] {dagbag.py:538} INFO - Filling up the DagBag from /home/airflow/.local/lib/python3.8/site-packages/airflow/example_dags/example_skip_dag.py
[2025-06-12T18:51:58.664+0000] {processor.py:840} INFO - DAG(s) 'example_skip_dag' retrieved from /home/airflow/.local/lib/python3.8/site-packages/airflow/example_dags/example_skip_dag.py
[2025-06-12T18:51:58.707+0000] {logging_mixin.py:188} INFO - [2025-06-12T18:51:58.706+0000] {dag.py:3036} INFO - Sync 1 DAGs
[2025-06-12T18:51:58.738+0000] {logging_mixin.py:188} INFO - [2025-06-12T18:51:58.737+0000] {dag.py:3823} INFO - Setting next_dagrun for example_skip_dag to 2025-06-11 00:00:00+00:00, run_after=2025-06-12 00:00:00+00:00
[2025-06-12T18:51:58.769+0000] {processor.py:183} INFO - Processing /home/airflow/.local/lib/python3.8/site-packages/airflow/example_dags/example_skip_dag.py took 0.132 seconds
[2025-06-12T18:52:29.289+0000] {processor.py:161} INFO - Started process (PID=1390) to work on /home/airflow/.local/lib/python3.8/site-packages/airflow/example_dags/example_skip_dag.py
[2025-06-12T18:52:29.291+0000] {processor.py:830} INFO - Processing file /home/airflow/.local/lib/python3.8/site-packages/airflow/example_dags/example_skip_dag.py for tasks to queue
[2025-06-12T18:52:29.293+0000] {logging_mixin.py:188} INFO - [2025-06-12T18:52:29.292+0000] {dagbag.py:538} INFO - Filling up the DagBag from /home/airflow/.local/lib/python3.8/site-packages/airflow/example_dags/example_skip_dag.py
[2025-06-12T18:52:29.307+0000] {processor.py:840} INFO - DAG(s) 'example_skip_dag' retrieved from /home/airflow/.local/lib/python3.8/site-packages/airflow/example_dags/example_skip_dag.py
[2025-06-12T18:52:29.348+0000] {logging_mixin.py:188} INFO - [2025-06-12T18:52:29.347+0000] {dag.py:3036} INFO - Sync 1 DAGs
[2025-06-12T18:52:29.379+0000] {logging_mixin.py:188} INFO - [2025-06-12T18:52:29.378+0000] {dag.py:3823} INFO - Setting next_dagrun for example_skip_dag to 2025-06-11 00:00:00+00:00, run_after=2025-06-12 00:00:00+00:00
[2025-06-12T18:52:29.415+0000] {processor.py:183} INFO - Processing /home/airflow/.local/lib/python3.8/site-packages/airflow/example_dags/example_skip_dag.py took 0.132 seconds
[2025-06-12T18:53:00.887+0000] {processor.py:161} INFO - Started process (PID=1445) to work on /home/airflow/.local/lib/python3.8/site-packages/airflow/example_dags/example_skip_dag.py
[2025-06-12T18:53:00.890+0000] {processor.py:830} INFO - Processing file /home/airflow/.local/lib/python3.8/site-packages/airflow/example_dags/example_skip_dag.py for tasks to queue
[2025-06-12T18:53:00.893+0000] {logging_mixin.py:188} INFO - [2025-06-12T18:53:00.892+0000] {dagbag.py:538} INFO - Filling up the DagBag from /home/airflow/.local/lib/python3.8/site-packages/airflow/example_dags/example_skip_dag.py
[2025-06-12T18:53:00.916+0000] {processor.py:840} INFO - DAG(s) 'example_skip_dag' retrieved from /home/airflow/.local/lib/python3.8/site-packages/airflow/example_dags/example_skip_dag.py
[2025-06-12T18:53:00.993+0000] {logging_mixin.py:188} INFO - [2025-06-12T18:53:00.992+0000] {dag.py:3036} INFO - Sync 1 DAGs
[2025-06-12T18:53:01.043+0000] {logging_mixin.py:188} INFO - [2025-06-12T18:53:01.042+0000] {dag.py:3823} INFO - Setting next_dagrun for example_skip_dag to 2025-06-11 00:00:00+00:00, run_after=2025-06-12 00:00:00+00:00
[2025-06-12T18:53:01.099+0000] {processor.py:183} INFO - Processing /home/airflow/.local/lib/python3.8/site-packages/airflow/example_dags/example_skip_dag.py took 0.225 seconds
[2025-06-12T18:53:31.518+0000] {processor.py:161} INFO - Started process (PID=1500) to work on /home/airflow/.local/lib/python3.8/site-packages/airflow/example_dags/example_skip_dag.py
[2025-06-12T18:53:31.520+0000] {processor.py:830} INFO - Processing file /home/airflow/.local/lib/python3.8/site-packages/airflow/example_dags/example_skip_dag.py for tasks to queue
[2025-06-12T18:53:31.522+0000] {logging_mixin.py:188} INFO - [2025-06-12T18:53:31.521+0000] {dagbag.py:538} INFO - Filling up the DagBag from /home/airflow/.local/lib/python3.8/site-packages/airflow/example_dags/example_skip_dag.py
[2025-06-12T18:53:31.539+0000] {processor.py:840} INFO - DAG(s) 'example_skip_dag' retrieved from /home/airflow/.local/lib/python3.8/site-packages/airflow/example_dags/example_skip_dag.py
[2025-06-12T18:53:31.578+0000] {logging_mixin.py:188} INFO - [2025-06-12T18:53:31.578+0000] {dag.py:3036} INFO - Sync 1 DAGs
[2025-06-12T18:53:31.609+0000] {logging_mixin.py:188} INFO - [2025-06-12T18:53:31.609+0000] {dag.py:3823} INFO - Setting next_dagrun for example_skip_dag to 2025-06-11 00:00:00+00:00, run_after=2025-06-12 00:00:00+00:00
[2025-06-12T18:53:31.649+0000] {processor.py:183} INFO - Processing /home/airflow/.local/lib/python3.8/site-packages/airflow/example_dags/example_skip_dag.py took 0.137 seconds
[2025-06-12T18:54:02.377+0000] {processor.py:161} INFO - Started process (PID=1556) to work on /home/airflow/.local/lib/python3.8/site-packages/airflow/example_dags/example_skip_dag.py
[2025-06-12T18:54:02.379+0000] {processor.py:830} INFO - Processing file /home/airflow/.local/lib/python3.8/site-packages/airflow/example_dags/example_skip_dag.py for tasks to queue
[2025-06-12T18:54:02.381+0000] {logging_mixin.py:188} INFO - [2025-06-12T18:54:02.381+0000] {dagbag.py:538} INFO - Filling up the DagBag from /home/airflow/.local/lib/python3.8/site-packages/airflow/example_dags/example_skip_dag.py
[2025-06-12T18:54:02.397+0000] {processor.py:840} INFO - DAG(s) 'example_skip_dag' retrieved from /home/airflow/.local/lib/python3.8/site-packages/airflow/example_dags/example_skip_dag.py
[2025-06-12T18:54:02.438+0000] {logging_mixin.py:188} INFO - [2025-06-12T18:54:02.437+0000] {dag.py:3036} INFO - Sync 1 DAGs
[2025-06-12T18:54:02.468+0000] {logging_mixin.py:188} INFO - [2025-06-12T18:54:02.467+0000] {dag.py:3823} INFO - Setting next_dagrun for example_skip_dag to 2025-06-11 00:00:00+00:00, run_after=2025-06-12 00:00:00+00:00
[2025-06-12T18:54:02.502+0000] {processor.py:183} INFO - Processing /home/airflow/.local/lib/python3.8/site-packages/airflow/example_dags/example_skip_dag.py took 0.131 seconds
[2025-06-12T18:54:33.636+0000] {processor.py:161} INFO - Started process (PID=1611) to work on /home/airflow/.local/lib/python3.8/site-packages/airflow/example_dags/example_skip_dag.py
[2025-06-12T18:54:33.638+0000] {processor.py:830} INFO - Processing file /home/airflow/.local/lib/python3.8/site-packages/airflow/example_dags/example_skip_dag.py for tasks to queue
[2025-06-12T18:54:33.640+0000] {logging_mixin.py:188} INFO - [2025-06-12T18:54:33.640+0000] {dagbag.py:538} INFO - Filling up the DagBag from /home/airflow/.local/lib/python3.8/site-packages/airflow/example_dags/example_skip_dag.py
[2025-06-12T18:54:33.653+0000] {processor.py:840} INFO - DAG(s) 'example_skip_dag' retrieved from /home/airflow/.local/lib/python3.8/site-packages/airflow/example_dags/example_skip_dag.py
[2025-06-12T18:54:33.693+0000] {logging_mixin.py:188} INFO - [2025-06-12T18:54:33.692+0000] {dag.py:3036} INFO - Sync 1 DAGs
[2025-06-12T18:54:33.724+0000] {logging_mixin.py:188} INFO - [2025-06-12T18:54:33.724+0000] {dag.py:3823} INFO - Setting next_dagrun for example_skip_dag to 2025-06-11 00:00:00+00:00, run_after=2025-06-12 00:00:00+00:00
[2025-06-12T18:54:33.761+0000] {processor.py:183} INFO - Processing /home/airflow/.local/lib/python3.8/site-packages/airflow/example_dags/example_skip_dag.py took 0.131 seconds
[2025-06-12T18:55:03.999+0000] {processor.py:161} INFO - Started process (PID=1666) to work on /home/airflow/.local/lib/python3.8/site-packages/airflow/example_dags/example_skip_dag.py
[2025-06-12T18:55:04.002+0000] {processor.py:830} INFO - Processing file /home/airflow/.local/lib/python3.8/site-packages/airflow/example_dags/example_skip_dag.py for tasks to queue
[2025-06-12T18:55:04.005+0000] {logging_mixin.py:188} INFO - [2025-06-12T18:55:04.004+0000] {dagbag.py:538} INFO - Filling up the DagBag from /home/airflow/.local/lib/python3.8/site-packages/airflow/example_dags/example_skip_dag.py
[2025-06-12T18:55:04.019+0000] {processor.py:840} INFO - DAG(s) 'example_skip_dag' retrieved from /home/airflow/.local/lib/python3.8/site-packages/airflow/example_dags/example_skip_dag.py
[2025-06-12T18:55:04.072+0000] {logging_mixin.py:188} INFO - [2025-06-12T18:55:04.072+0000] {dag.py:3036} INFO - Sync 1 DAGs
[2025-06-12T18:55:04.113+0000] {logging_mixin.py:188} INFO - [2025-06-12T18:55:04.112+0000] {dag.py:3823} INFO - Setting next_dagrun for example_skip_dag to 2025-06-11 00:00:00+00:00, run_after=2025-06-12 00:00:00+00:00
[2025-06-12T18:55:04.154+0000] {processor.py:183} INFO - Processing /home/airflow/.local/lib/python3.8/site-packages/airflow/example_dags/example_skip_dag.py took 0.160 seconds
[2025-06-12T18:55:34.866+0000] {processor.py:161} INFO - Started process (PID=1721) to work on /home/airflow/.local/lib/python3.8/site-packages/airflow/example_dags/example_skip_dag.py
[2025-06-12T18:55:34.868+0000] {processor.py:830} INFO - Processing file /home/airflow/.local/lib/python3.8/site-packages/airflow/example_dags/example_skip_dag.py for tasks to queue
[2025-06-12T18:55:34.870+0000] {logging_mixin.py:188} INFO - [2025-06-12T18:55:34.869+0000] {dagbag.py:538} INFO - Filling up the DagBag from /home/airflow/.local/lib/python3.8/site-packages/airflow/example_dags/example_skip_dag.py
[2025-06-12T18:55:34.885+0000] {processor.py:840} INFO - DAG(s) 'example_skip_dag' retrieved from /home/airflow/.local/lib/python3.8/site-packages/airflow/example_dags/example_skip_dag.py
[2025-06-12T18:55:34.934+0000] {logging_mixin.py:188} INFO - [2025-06-12T18:55:34.934+0000] {dag.py:3036} INFO - Sync 1 DAGs
[2025-06-12T18:55:34.974+0000] {logging_mixin.py:188} INFO - [2025-06-12T18:55:34.974+0000] {dag.py:3823} INFO - Setting next_dagrun for example_skip_dag to 2025-06-11 00:00:00+00:00, run_after=2025-06-12 00:00:00+00:00
[2025-06-12T18:55:35.008+0000] {processor.py:183} INFO - Processing /home/airflow/.local/lib/python3.8/site-packages/airflow/example_dags/example_skip_dag.py took 0.149 seconds
[2025-06-12T18:56:06.116+0000] {processor.py:161} INFO - Started process (PID=1776) to work on /home/airflow/.local/lib/python3.8/site-packages/airflow/example_dags/example_skip_dag.py
[2025-06-12T18:56:06.118+0000] {processor.py:830} INFO - Processing file /home/airflow/.local/lib/python3.8/site-packages/airflow/example_dags/example_skip_dag.py for tasks to queue
[2025-06-12T18:56:06.120+0000] {logging_mixin.py:188} INFO - [2025-06-12T18:56:06.119+0000] {dagbag.py:538} INFO - Filling up the DagBag from /home/airflow/.local/lib/python3.8/site-packages/airflow/example_dags/example_skip_dag.py
[2025-06-12T18:56:06.132+0000] {processor.py:840} INFO - DAG(s) 'example_skip_dag' retrieved from /home/airflow/.local/lib/python3.8/site-packages/airflow/example_dags/example_skip_dag.py
[2025-06-12T18:56:06.169+0000] {logging_mixin.py:188} INFO - [2025-06-12T18:56:06.169+0000] {dag.py:3036} INFO - Sync 1 DAGs
[2025-06-12T18:56:06.199+0000] {logging_mixin.py:188} INFO - [2025-06-12T18:56:06.199+0000] {dag.py:3823} INFO - Setting next_dagrun for example_skip_dag to 2025-06-11 00:00:00+00:00, run_after=2025-06-12 00:00:00+00:00
[2025-06-12T18:56:06.230+0000] {processor.py:183} INFO - Processing /home/airflow/.local/lib/python3.8/site-packages/airflow/example_dags/example_skip_dag.py took 0.120 seconds
[2025-06-12T18:56:36.990+0000] {processor.py:161} INFO - Started process (PID=1831) to work on /home/airflow/.local/lib/python3.8/site-packages/airflow/example_dags/example_skip_dag.py
[2025-06-12T18:56:36.992+0000] {processor.py:830} INFO - Processing file /home/airflow/.local/lib/python3.8/site-packages/airflow/example_dags/example_skip_dag.py for tasks to queue
[2025-06-12T18:56:36.994+0000] {logging_mixin.py:188} INFO - [2025-06-12T18:56:36.993+0000] {dagbag.py:538} INFO - Filling up the DagBag from /home/airflow/.local/lib/python3.8/site-packages/airflow/example_dags/example_skip_dag.py
[2025-06-12T18:56:37.007+0000] {processor.py:840} INFO - DAG(s) 'example_skip_dag' retrieved from /home/airflow/.local/lib/python3.8/site-packages/airflow/example_dags/example_skip_dag.py
[2025-06-12T18:56:37.045+0000] {logging_mixin.py:188} INFO - [2025-06-12T18:56:37.044+0000] {dag.py:3036} INFO - Sync 1 DAGs
[2025-06-12T18:56:37.077+0000] {logging_mixin.py:188} INFO - [2025-06-12T18:56:37.077+0000] {dag.py:3823} INFO - Setting next_dagrun for example_skip_dag to 2025-06-11 00:00:00+00:00, run_after=2025-06-12 00:00:00+00:00
[2025-06-12T18:56:37.116+0000] {processor.py:183} INFO - Processing /home/airflow/.local/lib/python3.8/site-packages/airflow/example_dags/example_skip_dag.py took 0.132 seconds
[2025-06-12T18:57:07.787+0000] {processor.py:161} INFO - Started process (PID=1886) to work on /home/airflow/.local/lib/python3.8/site-packages/airflow/example_dags/example_skip_dag.py
[2025-06-12T18:57:07.789+0000] {processor.py:830} INFO - Processing file /home/airflow/.local/lib/python3.8/site-packages/airflow/example_dags/example_skip_dag.py for tasks to queue
[2025-06-12T18:57:07.792+0000] {logging_mixin.py:188} INFO - [2025-06-12T18:57:07.791+0000] {dagbag.py:538} INFO - Filling up the DagBag from /home/airflow/.local/lib/python3.8/site-packages/airflow/example_dags/example_skip_dag.py
[2025-06-12T18:57:07.806+0000] {processor.py:840} INFO - DAG(s) 'example_skip_dag' retrieved from /home/airflow/.local/lib/python3.8/site-packages/airflow/example_dags/example_skip_dag.py
[2025-06-12T18:57:07.845+0000] {logging_mixin.py:188} INFO - [2025-06-12T18:57:07.845+0000] {dag.py:3036} INFO - Sync 1 DAGs
[2025-06-12T18:57:07.882+0000] {logging_mixin.py:188} INFO - [2025-06-12T18:57:07.881+0000] {dag.py:3823} INFO - Setting next_dagrun for example_skip_dag to 2025-06-11 00:00:00+00:00, run_after=2025-06-12 00:00:00+00:00
[2025-06-12T18:57:07.917+0000] {processor.py:183} INFO - Processing /home/airflow/.local/lib/python3.8/site-packages/airflow/example_dags/example_skip_dag.py took 0.135 seconds
[2025-06-12T18:57:45.748+0000] {processor.py:161} INFO - Started process (PID=1941) to work on /home/airflow/.local/lib/python3.8/site-packages/airflow/example_dags/example_skip_dag.py
[2025-06-12T18:57:45.750+0000] {processor.py:830} INFO - Processing file /home/airflow/.local/lib/python3.8/site-packages/airflow/example_dags/example_skip_dag.py for tasks to queue
[2025-06-12T18:57:45.752+0000] {logging_mixin.py:188} INFO - [2025-06-12T18:57:45.752+0000] {dagbag.py:538} INFO - Filling up the DagBag from /home/airflow/.local/lib/python3.8/site-packages/airflow/example_dags/example_skip_dag.py
[2025-06-12T18:57:45.767+0000] {processor.py:840} INFO - DAG(s) 'example_skip_dag' retrieved from /home/airflow/.local/lib/python3.8/site-packages/airflow/example_dags/example_skip_dag.py
[2025-06-12T18:57:45.806+0000] {logging_mixin.py:188} INFO - [2025-06-12T18:57:45.806+0000] {dag.py:3036} INFO - Sync 1 DAGs
[2025-06-12T18:57:45.849+0000] {logging_mixin.py:188} INFO - [2025-06-12T18:57:45.849+0000] {dag.py:3823} INFO - Setting next_dagrun for example_skip_dag to 2025-06-11 00:00:00+00:00, run_after=2025-06-12 00:00:00+00:00
[2025-06-12T18:57:45.891+0000] {processor.py:183} INFO - Processing /home/airflow/.local/lib/python3.8/site-packages/airflow/example_dags/example_skip_dag.py took 0.151 seconds
[2025-06-12T18:58:16.814+0000] {processor.py:161} INFO - Started process (PID=1997) to work on /home/airflow/.local/lib/python3.8/site-packages/airflow/example_dags/example_skip_dag.py
[2025-06-12T18:58:16.817+0000] {processor.py:830} INFO - Processing file /home/airflow/.local/lib/python3.8/site-packages/airflow/example_dags/example_skip_dag.py for tasks to queue
[2025-06-12T18:58:16.819+0000] {logging_mixin.py:188} INFO - [2025-06-12T18:58:16.818+0000] {dagbag.py:538} INFO - Filling up the DagBag from /home/airflow/.local/lib/python3.8/site-packages/airflow/example_dags/example_skip_dag.py
[2025-06-12T18:58:16.838+0000] {processor.py:840} INFO - DAG(s) 'example_skip_dag' retrieved from /home/airflow/.local/lib/python3.8/site-packages/airflow/example_dags/example_skip_dag.py
[2025-06-12T18:58:16.881+0000] {logging_mixin.py:188} INFO - [2025-06-12T18:58:16.881+0000] {dag.py:3036} INFO - Sync 1 DAGs
[2025-06-12T18:58:16.920+0000] {logging_mixin.py:188} INFO - [2025-06-12T18:58:16.920+0000] {dag.py:3823} INFO - Setting next_dagrun for example_skip_dag to 2025-06-11 00:00:00+00:00, run_after=2025-06-12 00:00:00+00:00
[2025-06-12T18:58:16.966+0000] {processor.py:183} INFO - Processing /home/airflow/.local/lib/python3.8/site-packages/airflow/example_dags/example_skip_dag.py took 0.161 seconds
[2025-06-12T18:58:47.198+0000] {processor.py:161} INFO - Started process (PID=2052) to work on /home/airflow/.local/lib/python3.8/site-packages/airflow/example_dags/example_skip_dag.py
[2025-06-12T18:58:47.199+0000] {processor.py:830} INFO - Processing file /home/airflow/.local/lib/python3.8/site-packages/airflow/example_dags/example_skip_dag.py for tasks to queue
[2025-06-12T18:58:47.202+0000] {logging_mixin.py:188} INFO - [2025-06-12T18:58:47.202+0000] {dagbag.py:538} INFO - Filling up the DagBag from /home/airflow/.local/lib/python3.8/site-packages/airflow/example_dags/example_skip_dag.py
[2025-06-12T18:58:47.215+0000] {processor.py:840} INFO - DAG(s) 'example_skip_dag' retrieved from /home/airflow/.local/lib/python3.8/site-packages/airflow/example_dags/example_skip_dag.py
[2025-06-12T18:58:47.252+0000] {logging_mixin.py:188} INFO - [2025-06-12T18:58:47.252+0000] {dag.py:3036} INFO - Sync 1 DAGs
[2025-06-12T18:58:47.287+0000] {logging_mixin.py:188} INFO - [2025-06-12T18:58:47.287+0000] {dag.py:3823} INFO - Setting next_dagrun for example_skip_dag to 2025-06-11 00:00:00+00:00, run_after=2025-06-12 00:00:00+00:00
[2025-06-12T18:58:47.323+0000] {processor.py:183} INFO - Processing /home/airflow/.local/lib/python3.8/site-packages/airflow/example_dags/example_skip_dag.py took 0.131 seconds
[2025-06-12T18:59:21.190+0000] {processor.py:161} INFO - Started process (PID=2113) to work on /home/airflow/.local/lib/python3.8/site-packages/airflow/example_dags/example_skip_dag.py
[2025-06-12T18:59:21.193+0000] {processor.py:830} INFO - Processing file /home/airflow/.local/lib/python3.8/site-packages/airflow/example_dags/example_skip_dag.py for tasks to queue
[2025-06-12T18:59:21.196+0000] {logging_mixin.py:188} INFO - [2025-06-12T18:59:21.196+0000] {dagbag.py:538} INFO - Filling up the DagBag from /home/airflow/.local/lib/python3.8/site-packages/airflow/example_dags/example_skip_dag.py
[2025-06-12T18:59:21.217+0000] {processor.py:840} INFO - DAG(s) 'example_skip_dag' retrieved from /home/airflow/.local/lib/python3.8/site-packages/airflow/example_dags/example_skip_dag.py
[2025-06-12T18:59:21.275+0000] {logging_mixin.py:188} INFO - [2025-06-12T18:59:21.274+0000] {dag.py:3036} INFO - Sync 1 DAGs
[2025-06-12T18:59:21.330+0000] {logging_mixin.py:188} INFO - [2025-06-12T18:59:21.330+0000] {dag.py:3823} INFO - Setting next_dagrun for example_skip_dag to 2025-06-11 00:00:00+00:00, run_after=2025-06-12 00:00:00+00:00
[2025-06-12T18:59:21.375+0000] {processor.py:183} INFO - Processing /home/airflow/.local/lib/python3.8/site-packages/airflow/example_dags/example_skip_dag.py took 0.195 seconds
[2025-06-12T18:59:53.718+0000] {processor.py:161} INFO - Started process (PID=2168) to work on /home/airflow/.local/lib/python3.8/site-packages/airflow/example_dags/example_skip_dag.py
[2025-06-12T18:59:53.722+0000] {processor.py:830} INFO - Processing file /home/airflow/.local/lib/python3.8/site-packages/airflow/example_dags/example_skip_dag.py for tasks to queue
[2025-06-12T18:59:53.725+0000] {logging_mixin.py:188} INFO - [2025-06-12T18:59:53.724+0000] {dagbag.py:538} INFO - Filling up the DagBag from /home/airflow/.local/lib/python3.8/site-packages/airflow/example_dags/example_skip_dag.py
[2025-06-12T18:59:53.750+0000] {processor.py:840} INFO - DAG(s) 'example_skip_dag' retrieved from /home/airflow/.local/lib/python3.8/site-packages/airflow/example_dags/example_skip_dag.py
[2025-06-12T18:59:53.810+0000] {logging_mixin.py:188} INFO - [2025-06-12T18:59:53.809+0000] {dag.py:3036} INFO - Sync 1 DAGs
[2025-06-12T18:59:53.857+0000] {logging_mixin.py:188} INFO - [2025-06-12T18:59:53.856+0000] {dag.py:3823} INFO - Setting next_dagrun for example_skip_dag to 2025-06-11 00:00:00+00:00, run_after=2025-06-12 00:00:00+00:00
[2025-06-12T18:59:53.903+0000] {processor.py:183} INFO - Processing /home/airflow/.local/lib/python3.8/site-packages/airflow/example_dags/example_skip_dag.py took 0.197 seconds
[2025-06-12T19:00:25.081+0000] {processor.py:161} INFO - Started process (PID=2224) to work on /home/airflow/.local/lib/python3.8/site-packages/airflow/example_dags/example_skip_dag.py
[2025-06-12T19:00:25.084+0000] {processor.py:830} INFO - Processing file /home/airflow/.local/lib/python3.8/site-packages/airflow/example_dags/example_skip_dag.py for tasks to queue
[2025-06-12T19:00:25.088+0000] {logging_mixin.py:188} INFO - [2025-06-12T19:00:25.087+0000] {dagbag.py:538} INFO - Filling up the DagBag from /home/airflow/.local/lib/python3.8/site-packages/airflow/example_dags/example_skip_dag.py
[2025-06-12T19:00:25.121+0000] {processor.py:840} INFO - DAG(s) 'example_skip_dag' retrieved from /home/airflow/.local/lib/python3.8/site-packages/airflow/example_dags/example_skip_dag.py
[2025-06-12T19:00:25.207+0000] {logging_mixin.py:188} INFO - [2025-06-12T19:00:25.206+0000] {dag.py:3036} INFO - Sync 1 DAGs
[2025-06-12T19:00:25.271+0000] {logging_mixin.py:188} INFO - [2025-06-12T19:00:25.271+0000] {dag.py:3823} INFO - Setting next_dagrun for example_skip_dag to 2025-06-11 00:00:00+00:00, run_after=2025-06-12 00:00:00+00:00
[2025-06-12T19:00:25.332+0000] {processor.py:183} INFO - Processing /home/airflow/.local/lib/python3.8/site-packages/airflow/example_dags/example_skip_dag.py took 0.260 seconds
[2025-06-12T19:00:59.030+0000] {processor.py:161} INFO - Started process (PID=2279) to work on /home/airflow/.local/lib/python3.8/site-packages/airflow/example_dags/example_skip_dag.py
[2025-06-12T19:00:59.034+0000] {processor.py:830} INFO - Processing file /home/airflow/.local/lib/python3.8/site-packages/airflow/example_dags/example_skip_dag.py for tasks to queue
[2025-06-12T19:00:59.037+0000] {logging_mixin.py:188} INFO - [2025-06-12T19:00:59.036+0000] {dagbag.py:538} INFO - Filling up the DagBag from /home/airflow/.local/lib/python3.8/site-packages/airflow/example_dags/example_skip_dag.py
[2025-06-12T19:00:59.063+0000] {processor.py:840} INFO - DAG(s) 'example_skip_dag' retrieved from /home/airflow/.local/lib/python3.8/site-packages/airflow/example_dags/example_skip_dag.py
[2025-06-12T19:00:59.146+0000] {logging_mixin.py:188} INFO - [2025-06-12T19:00:59.146+0000] {dag.py:3036} INFO - Sync 1 DAGs
[2025-06-12T19:00:59.198+0000] {logging_mixin.py:188} INFO - [2025-06-12T19:00:59.198+0000] {dag.py:3823} INFO - Setting next_dagrun for example_skip_dag to 2025-06-11 00:00:00+00:00, run_after=2025-06-12 00:00:00+00:00
[2025-06-12T19:00:59.248+0000] {processor.py:183} INFO - Processing /home/airflow/.local/lib/python3.8/site-packages/airflow/example_dags/example_skip_dag.py took 0.229 seconds
[2025-06-12T19:01:30.151+0000] {processor.py:161} INFO - Started process (PID=2334) to work on /home/airflow/.local/lib/python3.8/site-packages/airflow/example_dags/example_skip_dag.py
[2025-06-12T19:01:30.155+0000] {processor.py:830} INFO - Processing file /home/airflow/.local/lib/python3.8/site-packages/airflow/example_dags/example_skip_dag.py for tasks to queue
[2025-06-12T19:01:30.158+0000] {logging_mixin.py:188} INFO - [2025-06-12T19:01:30.157+0000] {dagbag.py:538} INFO - Filling up the DagBag from /home/airflow/.local/lib/python3.8/site-packages/airflow/example_dags/example_skip_dag.py
[2025-06-12T19:01:30.183+0000] {processor.py:840} INFO - DAG(s) 'example_skip_dag' retrieved from /home/airflow/.local/lib/python3.8/site-packages/airflow/example_dags/example_skip_dag.py
[2025-06-12T19:01:30.247+0000] {logging_mixin.py:188} INFO - [2025-06-12T19:01:30.246+0000] {dag.py:3036} INFO - Sync 1 DAGs
[2025-06-12T19:01:30.320+0000] {logging_mixin.py:188} INFO - [2025-06-12T19:01:30.320+0000] {dag.py:3823} INFO - Setting next_dagrun for example_skip_dag to 2025-06-11 00:00:00+00:00, run_after=2025-06-12 00:00:00+00:00
[2025-06-12T19:01:30.377+0000] {processor.py:183} INFO - Processing /home/airflow/.local/lib/python3.8/site-packages/airflow/example_dags/example_skip_dag.py took 0.239 seconds
[2025-06-12T19:02:03.750+0000] {processor.py:161} INFO - Started process (PID=2393) to work on /home/airflow/.local/lib/python3.8/site-packages/airflow/example_dags/example_skip_dag.py
[2025-06-12T19:02:03.754+0000] {processor.py:830} INFO - Processing file /home/airflow/.local/lib/python3.8/site-packages/airflow/example_dags/example_skip_dag.py for tasks to queue
[2025-06-12T19:02:03.756+0000] {logging_mixin.py:188} INFO - [2025-06-12T19:02:03.755+0000] {dagbag.py:538} INFO - Filling up the DagBag from /home/airflow/.local/lib/python3.8/site-packages/airflow/example_dags/example_skip_dag.py
[2025-06-12T19:02:03.783+0000] {processor.py:840} INFO - DAG(s) 'example_skip_dag' retrieved from /home/airflow/.local/lib/python3.8/site-packages/airflow/example_dags/example_skip_dag.py
[2025-06-12T19:02:03.842+0000] {logging_mixin.py:188} INFO - [2025-06-12T19:02:03.841+0000] {dag.py:3036} INFO - Sync 1 DAGs
[2025-06-12T19:02:03.901+0000] {logging_mixin.py:188} INFO - [2025-06-12T19:02:03.900+0000] {dag.py:3823} INFO - Setting next_dagrun for example_skip_dag to 2025-06-11 00:00:00+00:00, run_after=2025-06-12 00:00:00+00:00
[2025-06-12T19:02:04.288+0000] {processor.py:183} INFO - Processing /home/airflow/.local/lib/python3.8/site-packages/airflow/example_dags/example_skip_dag.py took 0.551 seconds
[2025-06-12T19:02:35.725+0000] {processor.py:161} INFO - Started process (PID=2448) to work on /home/airflow/.local/lib/python3.8/site-packages/airflow/example_dags/example_skip_dag.py
[2025-06-12T19:02:35.729+0000] {processor.py:830} INFO - Processing file /home/airflow/.local/lib/python3.8/site-packages/airflow/example_dags/example_skip_dag.py for tasks to queue
[2025-06-12T19:02:35.732+0000] {logging_mixin.py:188} INFO - [2025-06-12T19:02:35.732+0000] {dagbag.py:538} INFO - Filling up the DagBag from /home/airflow/.local/lib/python3.8/site-packages/airflow/example_dags/example_skip_dag.py
[2025-06-12T19:02:35.759+0000] {processor.py:840} INFO - DAG(s) 'example_skip_dag' retrieved from /home/airflow/.local/lib/python3.8/site-packages/airflow/example_dags/example_skip_dag.py
[2025-06-12T19:02:35.825+0000] {logging_mixin.py:188} INFO - [2025-06-12T19:02:35.825+0000] {dag.py:3036} INFO - Sync 1 DAGs
[2025-06-12T19:02:35.886+0000] {logging_mixin.py:188} INFO - [2025-06-12T19:02:35.885+0000] {dag.py:3823} INFO - Setting next_dagrun for example_skip_dag to 2025-06-11 00:00:00+00:00, run_after=2025-06-12 00:00:00+00:00
[2025-06-12T19:02:35.930+0000] {processor.py:183} INFO - Processing /home/airflow/.local/lib/python3.8/site-packages/airflow/example_dags/example_skip_dag.py took 0.217 seconds
[2025-06-12T19:03:07.096+0000] {processor.py:161} INFO - Started process (PID=2503) to work on /home/airflow/.local/lib/python3.8/site-packages/airflow/example_dags/example_skip_dag.py
[2025-06-12T19:03:07.100+0000] {processor.py:830} INFO - Processing file /home/airflow/.local/lib/python3.8/site-packages/airflow/example_dags/example_skip_dag.py for tasks to queue
[2025-06-12T19:03:07.103+0000] {logging_mixin.py:188} INFO - [2025-06-12T19:03:07.103+0000] {dagbag.py:538} INFO - Filling up the DagBag from /home/airflow/.local/lib/python3.8/site-packages/airflow/example_dags/example_skip_dag.py
[2025-06-12T19:03:07.140+0000] {processor.py:840} INFO - DAG(s) 'example_skip_dag' retrieved from /home/airflow/.local/lib/python3.8/site-packages/airflow/example_dags/example_skip_dag.py
[2025-06-12T19:03:07.211+0000] {logging_mixin.py:188} INFO - [2025-06-12T19:03:07.211+0000] {dag.py:3036} INFO - Sync 1 DAGs
[2025-06-12T19:03:07.281+0000] {logging_mixin.py:188} INFO - [2025-06-12T19:03:07.280+0000] {dag.py:3823} INFO - Setting next_dagrun for example_skip_dag to 2025-06-11 00:00:00+00:00, run_after=2025-06-12 00:00:00+00:00
[2025-06-12T19:03:07.345+0000] {processor.py:183} INFO - Processing /home/airflow/.local/lib/python3.8/site-packages/airflow/example_dags/example_skip_dag.py took 0.260 seconds
[2025-06-12T19:03:37.636+0000] {processor.py:161} INFO - Started process (PID=2556) to work on /home/airflow/.local/lib/python3.8/site-packages/airflow/example_dags/example_skip_dag.py
[2025-06-12T19:03:37.639+0000] {processor.py:830} INFO - Processing file /home/airflow/.local/lib/python3.8/site-packages/airflow/example_dags/example_skip_dag.py for tasks to queue
[2025-06-12T19:03:37.642+0000] {logging_mixin.py:188} INFO - [2025-06-12T19:03:37.641+0000] {dagbag.py:538} INFO - Filling up the DagBag from /home/airflow/.local/lib/python3.8/site-packages/airflow/example_dags/example_skip_dag.py
[2025-06-12T19:03:37.664+0000] {processor.py:840} INFO - DAG(s) 'example_skip_dag' retrieved from /home/airflow/.local/lib/python3.8/site-packages/airflow/example_dags/example_skip_dag.py
[2025-06-12T19:03:37.740+0000] {logging_mixin.py:188} INFO - [2025-06-12T19:03:37.739+0000] {dag.py:3036} INFO - Sync 1 DAGs
[2025-06-12T19:03:37.796+0000] {logging_mixin.py:188} INFO - [2025-06-12T19:03:37.795+0000] {dag.py:3823} INFO - Setting next_dagrun for example_skip_dag to 2025-06-11 00:00:00+00:00, run_after=2025-06-12 00:00:00+00:00
[2025-06-12T19:03:37.849+0000] {processor.py:183} INFO - Processing /home/airflow/.local/lib/python3.8/site-packages/airflow/example_dags/example_skip_dag.py took 0.224 seconds
[2025-06-12T19:04:08.221+0000] {processor.py:161} INFO - Started process (PID=2611) to work on /home/airflow/.local/lib/python3.8/site-packages/airflow/example_dags/example_skip_dag.py
[2025-06-12T19:04:08.224+0000] {processor.py:830} INFO - Processing file /home/airflow/.local/lib/python3.8/site-packages/airflow/example_dags/example_skip_dag.py for tasks to queue
[2025-06-12T19:04:08.226+0000] {logging_mixin.py:188} INFO - [2025-06-12T19:04:08.225+0000] {dagbag.py:538} INFO - Filling up the DagBag from /home/airflow/.local/lib/python3.8/site-packages/airflow/example_dags/example_skip_dag.py
[2025-06-12T19:04:08.246+0000] {processor.py:840} INFO - DAG(s) 'example_skip_dag' retrieved from /home/airflow/.local/lib/python3.8/site-packages/airflow/example_dags/example_skip_dag.py
[2025-06-12T19:04:08.302+0000] {logging_mixin.py:188} INFO - [2025-06-12T19:04:08.302+0000] {dag.py:3036} INFO - Sync 1 DAGs
[2025-06-12T19:04:08.353+0000] {logging_mixin.py:188} INFO - [2025-06-12T19:04:08.352+0000] {dag.py:3823} INFO - Setting next_dagrun for example_skip_dag to 2025-06-11 00:00:00+00:00, run_after=2025-06-12 00:00:00+00:00
[2025-06-12T19:04:08.402+0000] {processor.py:183} INFO - Processing /home/airflow/.local/lib/python3.8/site-packages/airflow/example_dags/example_skip_dag.py took 0.189 seconds
[2025-06-12T19:04:39.927+0000] {processor.py:161} INFO - Started process (PID=2667) to work on /home/airflow/.local/lib/python3.8/site-packages/airflow/example_dags/example_skip_dag.py
[2025-06-12T19:04:39.931+0000] {processor.py:830} INFO - Processing file /home/airflow/.local/lib/python3.8/site-packages/airflow/example_dags/example_skip_dag.py for tasks to queue
[2025-06-12T19:04:39.934+0000] {logging_mixin.py:188} INFO - [2025-06-12T19:04:39.933+0000] {dagbag.py:538} INFO - Filling up the DagBag from /home/airflow/.local/lib/python3.8/site-packages/airflow/example_dags/example_skip_dag.py
[2025-06-12T19:04:39.958+0000] {processor.py:840} INFO - DAG(s) 'example_skip_dag' retrieved from /home/airflow/.local/lib/python3.8/site-packages/airflow/example_dags/example_skip_dag.py
[2025-06-12T19:04:40.023+0000] {logging_mixin.py:188} INFO - [2025-06-12T19:04:40.023+0000] {dag.py:3036} INFO - Sync 1 DAGs
[2025-06-12T19:04:40.430+0000] {logging_mixin.py:188} INFO - [2025-06-12T19:04:40.429+0000] {dag.py:3823} INFO - Setting next_dagrun for example_skip_dag to 2025-06-11 00:00:00+00:00, run_after=2025-06-12 00:00:00+00:00
[2025-06-12T19:04:40.483+0000] {processor.py:183} INFO - Processing /home/airflow/.local/lib/python3.8/site-packages/airflow/example_dags/example_skip_dag.py took 0.565 seconds
[2025-06-12T19:05:10.899+0000] {processor.py:161} INFO - Started process (PID=2723) to work on /home/airflow/.local/lib/python3.8/site-packages/airflow/example_dags/example_skip_dag.py
[2025-06-12T19:05:10.902+0000] {processor.py:830} INFO - Processing file /home/airflow/.local/lib/python3.8/site-packages/airflow/example_dags/example_skip_dag.py for tasks to queue
[2025-06-12T19:05:10.905+0000] {logging_mixin.py:188} INFO - [2025-06-12T19:05:10.904+0000] {dagbag.py:538} INFO - Filling up the DagBag from /home/airflow/.local/lib/python3.8/site-packages/airflow/example_dags/example_skip_dag.py
[2025-06-12T19:05:10.926+0000] {processor.py:840} INFO - DAG(s) 'example_skip_dag' retrieved from /home/airflow/.local/lib/python3.8/site-packages/airflow/example_dags/example_skip_dag.py
[2025-06-12T19:05:10.980+0000] {logging_mixin.py:188} INFO - [2025-06-12T19:05:10.980+0000] {dag.py:3036} INFO - Sync 1 DAGs
[2025-06-12T19:05:11.049+0000] {logging_mixin.py:188} INFO - [2025-06-12T19:05:11.049+0000] {dag.py:3823} INFO - Setting next_dagrun for example_skip_dag to 2025-06-11 00:00:00+00:00, run_after=2025-06-12 00:00:00+00:00
[2025-06-12T19:05:11.529+0000] {processor.py:183} INFO - Processing /home/airflow/.local/lib/python3.8/site-packages/airflow/example_dags/example_skip_dag.py took 0.637 seconds
[2025-06-12T19:05:41.980+0000] {processor.py:161} INFO - Started process (PID=2779) to work on /home/airflow/.local/lib/python3.8/site-packages/airflow/example_dags/example_skip_dag.py
[2025-06-12T19:05:41.985+0000] {processor.py:830} INFO - Processing file /home/airflow/.local/lib/python3.8/site-packages/airflow/example_dags/example_skip_dag.py for tasks to queue
[2025-06-12T19:05:41.989+0000] {logging_mixin.py:188} INFO - [2025-06-12T19:05:41.988+0000] {dagbag.py:538} INFO - Filling up the DagBag from /home/airflow/.local/lib/python3.8/site-packages/airflow/example_dags/example_skip_dag.py
[2025-06-12T19:05:42.017+0000] {processor.py:840} INFO - DAG(s) 'example_skip_dag' retrieved from /home/airflow/.local/lib/python3.8/site-packages/airflow/example_dags/example_skip_dag.py
[2025-06-12T19:05:42.080+0000] {logging_mixin.py:188} INFO - [2025-06-12T19:05:42.080+0000] {dag.py:3036} INFO - Sync 1 DAGs
[2025-06-12T19:05:42.138+0000] {logging_mixin.py:188} INFO - [2025-06-12T19:05:42.138+0000] {dag.py:3823} INFO - Setting next_dagrun for example_skip_dag to 2025-06-11 00:00:00+00:00, run_after=2025-06-12 00:00:00+00:00
[2025-06-12T19:05:42.182+0000] {processor.py:183} INFO - Processing /home/airflow/.local/lib/python3.8/site-packages/airflow/example_dags/example_skip_dag.py took 0.210 seconds
[2025-06-12T19:06:12.695+0000] {processor.py:161} INFO - Started process (PID=2834) to work on /home/airflow/.local/lib/python3.8/site-packages/airflow/example_dags/example_skip_dag.py
[2025-06-12T19:06:12.697+0000] {processor.py:830} INFO - Processing file /home/airflow/.local/lib/python3.8/site-packages/airflow/example_dags/example_skip_dag.py for tasks to queue
[2025-06-12T19:06:12.701+0000] {logging_mixin.py:188} INFO - [2025-06-12T19:06:12.700+0000] {dagbag.py:538} INFO - Filling up the DagBag from /home/airflow/.local/lib/python3.8/site-packages/airflow/example_dags/example_skip_dag.py
[2025-06-12T19:06:12.724+0000] {processor.py:840} INFO - DAG(s) 'example_skip_dag' retrieved from /home/airflow/.local/lib/python3.8/site-packages/airflow/example_dags/example_skip_dag.py
[2025-06-12T19:06:12.786+0000] {logging_mixin.py:188} INFO - [2025-06-12T19:06:12.786+0000] {dag.py:3036} INFO - Sync 1 DAGs
[2025-06-12T19:06:12.841+0000] {logging_mixin.py:188} INFO - [2025-06-12T19:06:12.840+0000] {dag.py:3823} INFO - Setting next_dagrun for example_skip_dag to 2025-06-11 00:00:00+00:00, run_after=2025-06-12 00:00:00+00:00
[2025-06-12T19:06:12.894+0000] {processor.py:183} INFO - Processing /home/airflow/.local/lib/python3.8/site-packages/airflow/example_dags/example_skip_dag.py took 0.209 seconds
[2025-06-12T19:06:43.984+0000] {processor.py:161} INFO - Started process (PID=2889) to work on /home/airflow/.local/lib/python3.8/site-packages/airflow/example_dags/example_skip_dag.py
[2025-06-12T19:06:43.988+0000] {processor.py:830} INFO - Processing file /home/airflow/.local/lib/python3.8/site-packages/airflow/example_dags/example_skip_dag.py for tasks to queue
[2025-06-12T19:06:43.991+0000] {logging_mixin.py:188} INFO - [2025-06-12T19:06:43.990+0000] {dagbag.py:538} INFO - Filling up the DagBag from /home/airflow/.local/lib/python3.8/site-packages/airflow/example_dags/example_skip_dag.py
[2025-06-12T19:06:44.011+0000] {processor.py:840} INFO - DAG(s) 'example_skip_dag' retrieved from /home/airflow/.local/lib/python3.8/site-packages/airflow/example_dags/example_skip_dag.py
[2025-06-12T19:06:44.068+0000] {logging_mixin.py:188} INFO - [2025-06-12T19:06:44.067+0000] {dag.py:3036} INFO - Sync 1 DAGs
[2025-06-12T19:06:44.118+0000] {logging_mixin.py:188} INFO - [2025-06-12T19:06:44.118+0000] {dag.py:3823} INFO - Setting next_dagrun for example_skip_dag to 2025-06-11 00:00:00+00:00, run_after=2025-06-12 00:00:00+00:00
[2025-06-12T19:06:44.161+0000] {processor.py:183} INFO - Processing /home/airflow/.local/lib/python3.8/site-packages/airflow/example_dags/example_skip_dag.py took 0.185 seconds
