[2025-06-12T18:35:16.300+0000] {processor.py:161} INFO - Started process (PID=105) to work on /home/airflow/.local/lib/python3.8/site-packages/airflow/example_dags/example_task_group.py
[2025-06-12T18:35:16.310+0000] {processor.py:830} INFO - Processing file /home/airflow/.local/lib/python3.8/site-packages/airflow/example_dags/example_task_group.py for tasks to queue
[2025-06-12T18:35:16.324+0000] {logging_mixin.py:188} INFO - [2025-06-12T18:35:16.322+0000] {dagbag.py:538} INFO - Filling up the DagBag from /home/airflow/.local/lib/python3.8/site-packages/airflow/example_dags/example_task_group.py
[2025-06-12T18:35:16.362+0000] {processor.py:840} INFO - DAG(s) 'example_task_group' retrieved from /home/airflow/.local/lib/python3.8/site-packages/airflow/example_dags/example_task_group.py
[2025-06-12T18:35:16.977+0000] {logging_mixin.py:188} INFO - [2025-06-12T18:35:16.977+0000] {dag.py:3036} INFO - Sync 1 DAGs
[2025-06-12T18:35:17.037+0000] {logging_mixin.py:188} INFO - [2025-06-12T18:35:17.036+0000] {dag.py:3823} INFO - Setting next_dagrun for example_task_group to 2025-06-11 00:00:00+00:00, run_after=2025-06-12 00:00:00+00:00
[2025-06-12T18:35:17.091+0000] {processor.py:183} INFO - Processing /home/airflow/.local/lib/python3.8/site-packages/airflow/example_dags/example_task_group.py took 0.815 seconds
[2025-06-12T18:35:47.366+0000] {processor.py:161} INFO - Started process (PID=160) to work on /home/airflow/.local/lib/python3.8/site-packages/airflow/example_dags/example_task_group.py
[2025-06-12T18:35:47.369+0000] {processor.py:830} INFO - Processing file /home/airflow/.local/lib/python3.8/site-packages/airflow/example_dags/example_task_group.py for tasks to queue
[2025-06-12T18:35:47.374+0000] {logging_mixin.py:188} INFO - [2025-06-12T18:35:47.373+0000] {dagbag.py:538} INFO - Filling up the DagBag from /home/airflow/.local/lib/python3.8/site-packages/airflow/example_dags/example_task_group.py
[2025-06-12T18:35:47.406+0000] {processor.py:840} INFO - DAG(s) 'example_task_group' retrieved from /home/airflow/.local/lib/python3.8/site-packages/airflow/example_dags/example_task_group.py
[2025-06-12T18:35:47.445+0000] {logging_mixin.py:188} INFO - [2025-06-12T18:35:47.445+0000] {dag.py:3036} INFO - Sync 1 DAGs
[2025-06-12T18:35:47.481+0000] {logging_mixin.py:188} INFO - [2025-06-12T18:35:47.480+0000] {dag.py:3823} INFO - Setting next_dagrun for example_task_group to 2025-06-11 00:00:00+00:00, run_after=2025-06-12 00:00:00+00:00
[2025-06-12T18:35:47.524+0000] {processor.py:183} INFO - Processing /home/airflow/.local/lib/python3.8/site-packages/airflow/example_dags/example_task_group.py took 0.174 seconds
[2025-06-12T18:36:18.011+0000] {processor.py:161} INFO - Started process (PID=215) to work on /home/airflow/.local/lib/python3.8/site-packages/airflow/example_dags/example_task_group.py
[2025-06-12T18:36:18.014+0000] {processor.py:830} INFO - Processing file /home/airflow/.local/lib/python3.8/site-packages/airflow/example_dags/example_task_group.py for tasks to queue
[2025-06-12T18:36:18.018+0000] {logging_mixin.py:188} INFO - [2025-06-12T18:36:18.018+0000] {dagbag.py:538} INFO - Filling up the DagBag from /home/airflow/.local/lib/python3.8/site-packages/airflow/example_dags/example_task_group.py
[2025-06-12T18:36:18.031+0000] {processor.py:840} INFO - DAG(s) 'example_task_group' retrieved from /home/airflow/.local/lib/python3.8/site-packages/airflow/example_dags/example_task_group.py
[2025-06-12T18:36:18.053+0000] {logging_mixin.py:188} INFO - [2025-06-12T18:36:18.053+0000] {dag.py:3036} INFO - Sync 1 DAGs
[2025-06-12T18:36:18.092+0000] {logging_mixin.py:188} INFO - [2025-06-12T18:36:18.092+0000] {dag.py:3823} INFO - Setting next_dagrun for example_task_group to 2025-06-11 00:00:00+00:00, run_after=2025-06-12 00:00:00+00:00
[2025-06-12T18:36:18.128+0000] {processor.py:183} INFO - Processing /home/airflow/.local/lib/python3.8/site-packages/airflow/example_dags/example_task_group.py took 0.122 seconds
[2025-06-12T18:36:48.281+0000] {processor.py:161} INFO - Started process (PID=270) to work on /home/airflow/.local/lib/python3.8/site-packages/airflow/example_dags/example_task_group.py
[2025-06-12T18:36:48.283+0000] {processor.py:830} INFO - Processing file /home/airflow/.local/lib/python3.8/site-packages/airflow/example_dags/example_task_group.py for tasks to queue
[2025-06-12T18:36:48.287+0000] {logging_mixin.py:188} INFO - [2025-06-12T18:36:48.286+0000] {dagbag.py:538} INFO - Filling up the DagBag from /home/airflow/.local/lib/python3.8/site-packages/airflow/example_dags/example_task_group.py
[2025-06-12T18:36:48.299+0000] {processor.py:840} INFO - DAG(s) 'example_task_group' retrieved from /home/airflow/.local/lib/python3.8/site-packages/airflow/example_dags/example_task_group.py
[2025-06-12T18:36:48.476+0000] {logging_mixin.py:188} INFO - [2025-06-12T18:36:48.476+0000] {dag.py:3036} INFO - Sync 1 DAGs
[2025-06-12T18:36:48.524+0000] {logging_mixin.py:188} INFO - [2025-06-12T18:36:48.523+0000] {dag.py:3823} INFO - Setting next_dagrun for example_task_group to 2025-06-11 00:00:00+00:00, run_after=2025-06-12 00:00:00+00:00
[2025-06-12T18:36:48.581+0000] {processor.py:183} INFO - Processing /home/airflow/.local/lib/python3.8/site-packages/airflow/example_dags/example_task_group.py took 0.305 seconds
[2025-06-12T18:37:19.210+0000] {processor.py:161} INFO - Started process (PID=324) to work on /home/airflow/.local/lib/python3.8/site-packages/airflow/example_dags/example_task_group.py
[2025-06-12T18:37:19.213+0000] {processor.py:830} INFO - Processing file /home/airflow/.local/lib/python3.8/site-packages/airflow/example_dags/example_task_group.py for tasks to queue
[2025-06-12T18:37:19.217+0000] {logging_mixin.py:188} INFO - [2025-06-12T18:37:19.216+0000] {dagbag.py:538} INFO - Filling up the DagBag from /home/airflow/.local/lib/python3.8/site-packages/airflow/example_dags/example_task_group.py
[2025-06-12T18:37:19.232+0000] {processor.py:840} INFO - DAG(s) 'example_task_group' retrieved from /home/airflow/.local/lib/python3.8/site-packages/airflow/example_dags/example_task_group.py
[2025-06-12T18:37:19.324+0000] {logging_mixin.py:188} INFO - [2025-06-12T18:37:19.323+0000] {dag.py:3036} INFO - Sync 1 DAGs
[2025-06-12T18:37:19.391+0000] {logging_mixin.py:188} INFO - [2025-06-12T18:37:19.391+0000] {dag.py:3823} INFO - Setting next_dagrun for example_task_group to 2025-06-11 00:00:00+00:00, run_after=2025-06-12 00:00:00+00:00
[2025-06-12T18:37:19.452+0000] {processor.py:183} INFO - Processing /home/airflow/.local/lib/python3.8/site-packages/airflow/example_dags/example_task_group.py took 0.248 seconds
[2025-06-12T18:37:50.183+0000] {processor.py:161} INFO - Started process (PID=378) to work on /home/airflow/.local/lib/python3.8/site-packages/airflow/example_dags/example_task_group.py
[2025-06-12T18:37:50.191+0000] {processor.py:830} INFO - Processing file /home/airflow/.local/lib/python3.8/site-packages/airflow/example_dags/example_task_group.py for tasks to queue
[2025-06-12T18:37:50.200+0000] {logging_mixin.py:188} INFO - [2025-06-12T18:37:50.199+0000] {dagbag.py:538} INFO - Filling up the DagBag from /home/airflow/.local/lib/python3.8/site-packages/airflow/example_dags/example_task_group.py
[2025-06-12T18:37:50.239+0000] {processor.py:840} INFO - DAG(s) 'example_task_group' retrieved from /home/airflow/.local/lib/python3.8/site-packages/airflow/example_dags/example_task_group.py
[2025-06-12T18:37:50.343+0000] {logging_mixin.py:188} INFO - [2025-06-12T18:37:50.342+0000] {dag.py:3036} INFO - Sync 1 DAGs
[2025-06-12T18:37:50.436+0000] {logging_mixin.py:188} INFO - [2025-06-12T18:37:50.435+0000] {dag.py:3823} INFO - Setting next_dagrun for example_task_group to 2025-06-11 00:00:00+00:00, run_after=2025-06-12 00:00:00+00:00
[2025-06-12T18:37:50.515+0000] {processor.py:183} INFO - Processing /home/airflow/.local/lib/python3.8/site-packages/airflow/example_dags/example_task_group.py took 0.352 seconds
[2025-06-12T18:38:21.498+0000] {processor.py:161} INFO - Started process (PID=433) to work on /home/airflow/.local/lib/python3.8/site-packages/airflow/example_dags/example_task_group.py
[2025-06-12T18:38:21.536+0000] {processor.py:830} INFO - Processing file /home/airflow/.local/lib/python3.8/site-packages/airflow/example_dags/example_task_group.py for tasks to queue
[2025-06-12T18:38:21.611+0000] {logging_mixin.py:188} INFO - [2025-06-12T18:38:21.587+0000] {dagbag.py:538} INFO - Filling up the DagBag from /home/airflow/.local/lib/python3.8/site-packages/airflow/example_dags/example_task_group.py
[2025-06-12T18:38:21.676+0000] {processor.py:840} INFO - DAG(s) 'example_task_group' retrieved from /home/airflow/.local/lib/python3.8/site-packages/airflow/example_dags/example_task_group.py
[2025-06-12T18:38:21.794+0000] {logging_mixin.py:188} INFO - [2025-06-12T18:38:21.793+0000] {dag.py:3036} INFO - Sync 1 DAGs
[2025-06-12T18:38:21.867+0000] {logging_mixin.py:188} INFO - [2025-06-12T18:38:21.867+0000] {dag.py:3823} INFO - Setting next_dagrun for example_task_group to 2025-06-11 00:00:00+00:00, run_after=2025-06-12 00:00:00+00:00
[2025-06-12T18:38:21.922+0000] {processor.py:183} INFO - Processing /home/airflow/.local/lib/python3.8/site-packages/airflow/example_dags/example_task_group.py took 0.438 seconds
[2025-06-12T18:38:52.097+0000] {processor.py:161} INFO - Started process (PID=488) to work on /home/airflow/.local/lib/python3.8/site-packages/airflow/example_dags/example_task_group.py
[2025-06-12T18:38:52.100+0000] {processor.py:830} INFO - Processing file /home/airflow/.local/lib/python3.8/site-packages/airflow/example_dags/example_task_group.py for tasks to queue
[2025-06-12T18:38:52.104+0000] {logging_mixin.py:188} INFO - [2025-06-12T18:38:52.103+0000] {dagbag.py:538} INFO - Filling up the DagBag from /home/airflow/.local/lib/python3.8/site-packages/airflow/example_dags/example_task_group.py
[2025-06-12T18:38:52.118+0000] {processor.py:840} INFO - DAG(s) 'example_task_group' retrieved from /home/airflow/.local/lib/python3.8/site-packages/airflow/example_dags/example_task_group.py
[2025-06-12T18:38:52.165+0000] {logging_mixin.py:188} INFO - [2025-06-12T18:38:52.164+0000] {dag.py:3036} INFO - Sync 1 DAGs
[2025-06-12T18:38:52.202+0000] {logging_mixin.py:188} INFO - [2025-06-12T18:38:52.202+0000] {dag.py:3823} INFO - Setting next_dagrun for example_task_group to 2025-06-11 00:00:00+00:00, run_after=2025-06-12 00:00:00+00:00
[2025-06-12T18:38:52.235+0000] {processor.py:183} INFO - Processing /home/airflow/.local/lib/python3.8/site-packages/airflow/example_dags/example_task_group.py took 0.143 seconds
[2025-06-12T18:39:22.766+0000] {processor.py:161} INFO - Started process (PID=543) to work on /home/airflow/.local/lib/python3.8/site-packages/airflow/example_dags/example_task_group.py
[2025-06-12T18:39:22.767+0000] {processor.py:830} INFO - Processing file /home/airflow/.local/lib/python3.8/site-packages/airflow/example_dags/example_task_group.py for tasks to queue
[2025-06-12T18:39:22.771+0000] {logging_mixin.py:188} INFO - [2025-06-12T18:39:22.770+0000] {dagbag.py:538} INFO - Filling up the DagBag from /home/airflow/.local/lib/python3.8/site-packages/airflow/example_dags/example_task_group.py
[2025-06-12T18:39:22.786+0000] {processor.py:840} INFO - DAG(s) 'example_task_group' retrieved from /home/airflow/.local/lib/python3.8/site-packages/airflow/example_dags/example_task_group.py
[2025-06-12T18:39:22.815+0000] {logging_mixin.py:188} INFO - [2025-06-12T18:39:22.814+0000] {dag.py:3036} INFO - Sync 1 DAGs
[2025-06-12T18:39:22.856+0000] {logging_mixin.py:188} INFO - [2025-06-12T18:39:22.855+0000] {dag.py:3823} INFO - Setting next_dagrun for example_task_group to 2025-06-11 00:00:00+00:00, run_after=2025-06-12 00:00:00+00:00
[2025-06-12T18:39:22.896+0000] {processor.py:183} INFO - Processing /home/airflow/.local/lib/python3.8/site-packages/airflow/example_dags/example_task_group.py took 0.136 seconds
[2025-06-12T18:39:53.510+0000] {processor.py:161} INFO - Started process (PID=598) to work on /home/airflow/.local/lib/python3.8/site-packages/airflow/example_dags/example_task_group.py
[2025-06-12T18:39:53.513+0000] {processor.py:830} INFO - Processing file /home/airflow/.local/lib/python3.8/site-packages/airflow/example_dags/example_task_group.py for tasks to queue
[2025-06-12T18:39:53.517+0000] {logging_mixin.py:188} INFO - [2025-06-12T18:39:53.516+0000] {dagbag.py:538} INFO - Filling up the DagBag from /home/airflow/.local/lib/python3.8/site-packages/airflow/example_dags/example_task_group.py
[2025-06-12T18:39:53.533+0000] {processor.py:840} INFO - DAG(s) 'example_task_group' retrieved from /home/airflow/.local/lib/python3.8/site-packages/airflow/example_dags/example_task_group.py
[2025-06-12T18:39:53.725+0000] {logging_mixin.py:188} INFO - [2025-06-12T18:39:53.725+0000] {dag.py:3036} INFO - Sync 1 DAGs
[2025-06-12T18:39:53.752+0000] {logging_mixin.py:188} INFO - [2025-06-12T18:39:53.752+0000] {dag.py:3823} INFO - Setting next_dagrun for example_task_group to 2025-06-11 00:00:00+00:00, run_after=2025-06-12 00:00:00+00:00
[2025-06-12T18:39:53.789+0000] {processor.py:183} INFO - Processing /home/airflow/.local/lib/python3.8/site-packages/airflow/example_dags/example_task_group.py took 0.284 seconds
[2025-06-12T18:40:37.020+0000] {processor.py:161} INFO - Started process (PID=653) to work on /home/airflow/.local/lib/python3.8/site-packages/airflow/example_dags/example_task_group.py
[2025-06-12T18:40:37.024+0000] {processor.py:830} INFO - Processing file /home/airflow/.local/lib/python3.8/site-packages/airflow/example_dags/example_task_group.py for tasks to queue
[2025-06-12T18:40:37.028+0000] {logging_mixin.py:188} INFO - [2025-06-12T18:40:37.027+0000] {dagbag.py:538} INFO - Filling up the DagBag from /home/airflow/.local/lib/python3.8/site-packages/airflow/example_dags/example_task_group.py
[2025-06-12T18:40:37.045+0000] {processor.py:840} INFO - DAG(s) 'example_task_group' retrieved from /home/airflow/.local/lib/python3.8/site-packages/airflow/example_dags/example_task_group.py
[2025-06-12T18:40:37.074+0000] {logging_mixin.py:188} INFO - [2025-06-12T18:40:37.074+0000] {dag.py:3036} INFO - Sync 1 DAGs
[2025-06-12T18:40:37.127+0000] {logging_mixin.py:188} INFO - [2025-06-12T18:40:37.126+0000] {dag.py:3823} INFO - Setting next_dagrun for example_task_group to 2025-06-11 00:00:00+00:00, run_after=2025-06-12 00:00:00+00:00
[2025-06-12T18:40:37.184+0000] {processor.py:183} INFO - Processing /home/airflow/.local/lib/python3.8/site-packages/airflow/example_dags/example_task_group.py took 0.171 seconds
[2025-06-12T18:46:16.327+0000] {processor.py:161} INFO - Started process (PID=712) to work on /home/airflow/.local/lib/python3.8/site-packages/airflow/example_dags/example_task_group.py
[2025-06-12T18:46:16.330+0000] {processor.py:830} INFO - Processing file /home/airflow/.local/lib/python3.8/site-packages/airflow/example_dags/example_task_group.py for tasks to queue
[2025-06-12T18:46:16.332+0000] {logging_mixin.py:188} INFO - [2025-06-12T18:46:16.331+0000] {dagbag.py:538} INFO - Filling up the DagBag from /home/airflow/.local/lib/python3.8/site-packages/airflow/example_dags/example_task_group.py
[2025-06-12T18:46:16.352+0000] {processor.py:840} INFO - DAG(s) 'example_task_group' retrieved from /home/airflow/.local/lib/python3.8/site-packages/airflow/example_dags/example_task_group.py
[2025-06-12T18:46:16.539+0000] {logging_mixin.py:188} INFO - [2025-06-12T18:46:16.539+0000] {dag.py:3036} INFO - Sync 1 DAGs
[2025-06-12T18:46:16.578+0000] {logging_mixin.py:188} INFO - [2025-06-12T18:46:16.578+0000] {dag.py:3823} INFO - Setting next_dagrun for example_task_group to 2025-06-11 00:00:00+00:00, run_after=2025-06-12 00:00:00+00:00
[2025-06-12T18:46:16.619+0000] {processor.py:183} INFO - Processing /home/airflow/.local/lib/python3.8/site-packages/airflow/example_dags/example_task_group.py took 0.300 seconds
[2025-06-12T18:46:46.922+0000] {processor.py:161} INFO - Started process (PID=768) to work on /home/airflow/.local/lib/python3.8/site-packages/airflow/example_dags/example_task_group.py
[2025-06-12T18:46:46.926+0000] {processor.py:830} INFO - Processing file /home/airflow/.local/lib/python3.8/site-packages/airflow/example_dags/example_task_group.py for tasks to queue
[2025-06-12T18:46:46.929+0000] {logging_mixin.py:188} INFO - [2025-06-12T18:46:46.928+0000] {dagbag.py:538} INFO - Filling up the DagBag from /home/airflow/.local/lib/python3.8/site-packages/airflow/example_dags/example_task_group.py
[2025-06-12T18:46:46.946+0000] {processor.py:840} INFO - DAG(s) 'example_task_group' retrieved from /home/airflow/.local/lib/python3.8/site-packages/airflow/example_dags/example_task_group.py
[2025-06-12T18:46:47.001+0000] {logging_mixin.py:188} INFO - [2025-06-12T18:46:47.000+0000] {dag.py:3036} INFO - Sync 1 DAGs
[2025-06-12T18:46:47.055+0000] {logging_mixin.py:188} INFO - [2025-06-12T18:46:47.054+0000] {dag.py:3823} INFO - Setting next_dagrun for example_task_group to 2025-06-11 00:00:00+00:00, run_after=2025-06-12 00:00:00+00:00
[2025-06-12T18:46:47.102+0000] {processor.py:183} INFO - Processing /home/airflow/.local/lib/python3.8/site-packages/airflow/example_dags/example_task_group.py took 0.189 seconds
[2025-06-12T18:47:17.373+0000] {processor.py:161} INFO - Started process (PID=823) to work on /home/airflow/.local/lib/python3.8/site-packages/airflow/example_dags/example_task_group.py
[2025-06-12T18:47:17.376+0000] {processor.py:830} INFO - Processing file /home/airflow/.local/lib/python3.8/site-packages/airflow/example_dags/example_task_group.py for tasks to queue
[2025-06-12T18:47:17.377+0000] {logging_mixin.py:188} INFO - [2025-06-12T18:47:17.377+0000] {dagbag.py:538} INFO - Filling up the DagBag from /home/airflow/.local/lib/python3.8/site-packages/airflow/example_dags/example_task_group.py
[2025-06-12T18:47:17.392+0000] {processor.py:840} INFO - DAG(s) 'example_task_group' retrieved from /home/airflow/.local/lib/python3.8/site-packages/airflow/example_dags/example_task_group.py
[2025-06-12T18:47:17.427+0000] {logging_mixin.py:188} INFO - [2025-06-12T18:47:17.427+0000] {dag.py:3036} INFO - Sync 1 DAGs
[2025-06-12T18:47:17.458+0000] {logging_mixin.py:188} INFO - [2025-06-12T18:47:17.457+0000] {dag.py:3823} INFO - Setting next_dagrun for example_task_group to 2025-06-11 00:00:00+00:00, run_after=2025-06-12 00:00:00+00:00
[2025-06-12T18:47:17.490+0000] {processor.py:183} INFO - Processing /home/airflow/.local/lib/python3.8/site-packages/airflow/example_dags/example_task_group.py took 0.122 seconds
[2025-06-12T18:47:48.339+0000] {processor.py:161} INFO - Started process (PID=878) to work on /home/airflow/.local/lib/python3.8/site-packages/airflow/example_dags/example_task_group.py
[2025-06-12T18:47:48.341+0000] {processor.py:830} INFO - Processing file /home/airflow/.local/lib/python3.8/site-packages/airflow/example_dags/example_task_group.py for tasks to queue
[2025-06-12T18:47:48.343+0000] {logging_mixin.py:188} INFO - [2025-06-12T18:47:48.343+0000] {dagbag.py:538} INFO - Filling up the DagBag from /home/airflow/.local/lib/python3.8/site-packages/airflow/example_dags/example_task_group.py
[2025-06-12T18:47:48.356+0000] {processor.py:840} INFO - DAG(s) 'example_task_group' retrieved from /home/airflow/.local/lib/python3.8/site-packages/airflow/example_dags/example_task_group.py
[2025-06-12T18:47:48.395+0000] {logging_mixin.py:188} INFO - [2025-06-12T18:47:48.394+0000] {dag.py:3036} INFO - Sync 1 DAGs
[2025-06-12T18:47:48.431+0000] {logging_mixin.py:188} INFO - [2025-06-12T18:47:48.430+0000] {dag.py:3823} INFO - Setting next_dagrun for example_task_group to 2025-06-11 00:00:00+00:00, run_after=2025-06-12 00:00:00+00:00
[2025-06-12T18:47:48.462+0000] {processor.py:183} INFO - Processing /home/airflow/.local/lib/python3.8/site-packages/airflow/example_dags/example_task_group.py took 0.131 seconds
[2025-06-12T18:48:20.414+0000] {processor.py:161} INFO - Started process (PID=931) to work on /home/airflow/.local/lib/python3.8/site-packages/airflow/example_dags/example_task_group.py
[2025-06-12T18:48:20.417+0000] {processor.py:830} INFO - Processing file /home/airflow/.local/lib/python3.8/site-packages/airflow/example_dags/example_task_group.py for tasks to queue
[2025-06-12T18:48:20.418+0000] {logging_mixin.py:188} INFO - [2025-06-12T18:48:20.418+0000] {dagbag.py:538} INFO - Filling up the DagBag from /home/airflow/.local/lib/python3.8/site-packages/airflow/example_dags/example_task_group.py
[2025-06-12T18:48:20.432+0000] {processor.py:840} INFO - DAG(s) 'example_task_group' retrieved from /home/airflow/.local/lib/python3.8/site-packages/airflow/example_dags/example_task_group.py
[2025-06-12T18:48:20.471+0000] {logging_mixin.py:188} INFO - [2025-06-12T18:48:20.471+0000] {dag.py:3036} INFO - Sync 1 DAGs
[2025-06-12T18:48:20.502+0000] {logging_mixin.py:188} INFO - [2025-06-12T18:48:20.502+0000] {dag.py:3823} INFO - Setting next_dagrun for example_task_group to 2025-06-11 00:00:00+00:00, run_after=2025-06-12 00:00:00+00:00
[2025-06-12T18:48:20.540+0000] {processor.py:183} INFO - Processing /home/airflow/.local/lib/python3.8/site-packages/airflow/example_dags/example_task_group.py took 0.132 seconds
[2025-06-12T18:48:50.764+0000] {processor.py:161} INFO - Started process (PID=986) to work on /home/airflow/.local/lib/python3.8/site-packages/airflow/example_dags/example_task_group.py
[2025-06-12T18:48:50.766+0000] {processor.py:830} INFO - Processing file /home/airflow/.local/lib/python3.8/site-packages/airflow/example_dags/example_task_group.py for tasks to queue
[2025-06-12T18:48:50.768+0000] {logging_mixin.py:188} INFO - [2025-06-12T18:48:50.767+0000] {dagbag.py:538} INFO - Filling up the DagBag from /home/airflow/.local/lib/python3.8/site-packages/airflow/example_dags/example_task_group.py
[2025-06-12T18:48:50.782+0000] {processor.py:840} INFO - DAG(s) 'example_task_group' retrieved from /home/airflow/.local/lib/python3.8/site-packages/airflow/example_dags/example_task_group.py
[2025-06-12T18:48:50.816+0000] {logging_mixin.py:188} INFO - [2025-06-12T18:48:50.816+0000] {dag.py:3036} INFO - Sync 1 DAGs
[2025-06-12T18:48:50.851+0000] {logging_mixin.py:188} INFO - [2025-06-12T18:48:50.851+0000] {dag.py:3823} INFO - Setting next_dagrun for example_task_group to 2025-06-11 00:00:00+00:00, run_after=2025-06-12 00:00:00+00:00
[2025-06-12T18:48:50.885+0000] {processor.py:183} INFO - Processing /home/airflow/.local/lib/python3.8/site-packages/airflow/example_dags/example_task_group.py took 0.126 seconds
[2025-06-12T18:49:21.284+0000] {processor.py:161} INFO - Started process (PID=1041) to work on /home/airflow/.local/lib/python3.8/site-packages/airflow/example_dags/example_task_group.py
[2025-06-12T18:49:21.286+0000] {processor.py:830} INFO - Processing file /home/airflow/.local/lib/python3.8/site-packages/airflow/example_dags/example_task_group.py for tasks to queue
[2025-06-12T18:49:21.288+0000] {logging_mixin.py:188} INFO - [2025-06-12T18:49:21.288+0000] {dagbag.py:538} INFO - Filling up the DagBag from /home/airflow/.local/lib/python3.8/site-packages/airflow/example_dags/example_task_group.py
[2025-06-12T18:49:21.302+0000] {processor.py:840} INFO - DAG(s) 'example_task_group' retrieved from /home/airflow/.local/lib/python3.8/site-packages/airflow/example_dags/example_task_group.py
[2025-06-12T18:49:21.336+0000] {logging_mixin.py:188} INFO - [2025-06-12T18:49:21.336+0000] {dag.py:3036} INFO - Sync 1 DAGs
[2025-06-12T18:49:21.368+0000] {logging_mixin.py:188} INFO - [2025-06-12T18:49:21.368+0000] {dag.py:3823} INFO - Setting next_dagrun for example_task_group to 2025-06-11 00:00:00+00:00, run_after=2025-06-12 00:00:00+00:00
[2025-06-12T18:49:21.399+0000] {processor.py:183} INFO - Processing /home/airflow/.local/lib/python3.8/site-packages/airflow/example_dags/example_task_group.py took 0.122 seconds
[2025-06-12T18:49:52.579+0000] {processor.py:161} INFO - Started process (PID=1096) to work on /home/airflow/.local/lib/python3.8/site-packages/airflow/example_dags/example_task_group.py
[2025-06-12T18:49:52.581+0000] {processor.py:830} INFO - Processing file /home/airflow/.local/lib/python3.8/site-packages/airflow/example_dags/example_task_group.py for tasks to queue
[2025-06-12T18:49:52.583+0000] {logging_mixin.py:188} INFO - [2025-06-12T18:49:52.583+0000] {dagbag.py:538} INFO - Filling up the DagBag from /home/airflow/.local/lib/python3.8/site-packages/airflow/example_dags/example_task_group.py
[2025-06-12T18:49:52.597+0000] {processor.py:840} INFO - DAG(s) 'example_task_group' retrieved from /home/airflow/.local/lib/python3.8/site-packages/airflow/example_dags/example_task_group.py
[2025-06-12T18:49:52.650+0000] {logging_mixin.py:188} INFO - [2025-06-12T18:49:52.650+0000] {dag.py:3036} INFO - Sync 1 DAGs
[2025-06-12T18:49:52.687+0000] {logging_mixin.py:188} INFO - [2025-06-12T18:49:52.687+0000] {dag.py:3823} INFO - Setting next_dagrun for example_task_group to 2025-06-11 00:00:00+00:00, run_after=2025-06-12 00:00:00+00:00
[2025-06-12T18:49:52.720+0000] {processor.py:183} INFO - Processing /home/airflow/.local/lib/python3.8/site-packages/airflow/example_dags/example_task_group.py took 0.149 seconds
[2025-06-12T18:50:22.808+0000] {processor.py:161} INFO - Started process (PID=1151) to work on /home/airflow/.local/lib/python3.8/site-packages/airflow/example_dags/example_task_group.py
[2025-06-12T18:50:22.812+0000] {processor.py:830} INFO - Processing file /home/airflow/.local/lib/python3.8/site-packages/airflow/example_dags/example_task_group.py for tasks to queue
[2025-06-12T18:50:22.815+0000] {logging_mixin.py:188} INFO - [2025-06-12T18:50:22.814+0000] {dagbag.py:538} INFO - Filling up the DagBag from /home/airflow/.local/lib/python3.8/site-packages/airflow/example_dags/example_task_group.py
[2025-06-12T18:50:22.830+0000] {processor.py:840} INFO - DAG(s) 'example_task_group' retrieved from /home/airflow/.local/lib/python3.8/site-packages/airflow/example_dags/example_task_group.py
[2025-06-12T18:50:22.865+0000] {logging_mixin.py:188} INFO - [2025-06-12T18:50:22.865+0000] {dag.py:3036} INFO - Sync 1 DAGs
[2025-06-12T18:50:22.897+0000] {logging_mixin.py:188} INFO - [2025-06-12T18:50:22.897+0000] {dag.py:3823} INFO - Setting next_dagrun for example_task_group to 2025-06-11 00:00:00+00:00, run_after=2025-06-12 00:00:00+00:00
[2025-06-12T18:50:22.929+0000] {processor.py:183} INFO - Processing /home/airflow/.local/lib/python3.8/site-packages/airflow/example_dags/example_task_group.py took 0.127 seconds
[2025-06-12T18:50:53.488+0000] {processor.py:161} INFO - Started process (PID=1207) to work on /home/airflow/.local/lib/python3.8/site-packages/airflow/example_dags/example_task_group.py
[2025-06-12T18:50:53.489+0000] {processor.py:830} INFO - Processing file /home/airflow/.local/lib/python3.8/site-packages/airflow/example_dags/example_task_group.py for tasks to queue
[2025-06-12T18:50:53.491+0000] {logging_mixin.py:188} INFO - [2025-06-12T18:50:53.491+0000] {dagbag.py:538} INFO - Filling up the DagBag from /home/airflow/.local/lib/python3.8/site-packages/airflow/example_dags/example_task_group.py
[2025-06-12T18:50:53.504+0000] {processor.py:840} INFO - DAG(s) 'example_task_group' retrieved from /home/airflow/.local/lib/python3.8/site-packages/airflow/example_dags/example_task_group.py
[2025-06-12T18:50:53.540+0000] {logging_mixin.py:188} INFO - [2025-06-12T18:50:53.540+0000] {dag.py:3036} INFO - Sync 1 DAGs
[2025-06-12T18:50:53.575+0000] {logging_mixin.py:188} INFO - [2025-06-12T18:50:53.575+0000] {dag.py:3823} INFO - Setting next_dagrun for example_task_group to 2025-06-11 00:00:00+00:00, run_after=2025-06-12 00:00:00+00:00
[2025-06-12T18:50:53.609+0000] {processor.py:183} INFO - Processing /home/airflow/.local/lib/python3.8/site-packages/airflow/example_dags/example_task_group.py took 0.127 seconds
[2025-06-12T18:51:24.158+0000] {processor.py:161} INFO - Started process (PID=1262) to work on /home/airflow/.local/lib/python3.8/site-packages/airflow/example_dags/example_task_group.py
[2025-06-12T18:51:24.160+0000] {processor.py:830} INFO - Processing file /home/airflow/.local/lib/python3.8/site-packages/airflow/example_dags/example_task_group.py for tasks to queue
[2025-06-12T18:51:24.162+0000] {logging_mixin.py:188} INFO - [2025-06-12T18:51:24.161+0000] {dagbag.py:538} INFO - Filling up the DagBag from /home/airflow/.local/lib/python3.8/site-packages/airflow/example_dags/example_task_group.py
[2025-06-12T18:51:24.175+0000] {processor.py:840} INFO - DAG(s) 'example_task_group' retrieved from /home/airflow/.local/lib/python3.8/site-packages/airflow/example_dags/example_task_group.py
[2025-06-12T18:51:24.209+0000] {logging_mixin.py:188} INFO - [2025-06-12T18:51:24.209+0000] {dag.py:3036} INFO - Sync 1 DAGs
[2025-06-12T18:51:24.242+0000] {logging_mixin.py:188} INFO - [2025-06-12T18:51:24.241+0000] {dag.py:3823} INFO - Setting next_dagrun for example_task_group to 2025-06-11 00:00:00+00:00, run_after=2025-06-12 00:00:00+00:00
[2025-06-12T18:51:24.274+0000] {processor.py:183} INFO - Processing /home/airflow/.local/lib/python3.8/site-packages/airflow/example_dags/example_task_group.py took 0.122 seconds
[2025-06-12T18:51:55.028+0000] {processor.py:161} INFO - Started process (PID=1317) to work on /home/airflow/.local/lib/python3.8/site-packages/airflow/example_dags/example_task_group.py
[2025-06-12T18:51:55.030+0000] {processor.py:830} INFO - Processing file /home/airflow/.local/lib/python3.8/site-packages/airflow/example_dags/example_task_group.py for tasks to queue
[2025-06-12T18:51:55.032+0000] {logging_mixin.py:188} INFO - [2025-06-12T18:51:55.032+0000] {dagbag.py:538} INFO - Filling up the DagBag from /home/airflow/.local/lib/python3.8/site-packages/airflow/example_dags/example_task_group.py
[2025-06-12T18:51:55.046+0000] {processor.py:840} INFO - DAG(s) 'example_task_group' retrieved from /home/airflow/.local/lib/python3.8/site-packages/airflow/example_dags/example_task_group.py
[2025-06-12T18:51:55.083+0000] {logging_mixin.py:188} INFO - [2025-06-12T18:51:55.083+0000] {dag.py:3036} INFO - Sync 1 DAGs
[2025-06-12T18:51:55.115+0000] {logging_mixin.py:188} INFO - [2025-06-12T18:51:55.115+0000] {dag.py:3823} INFO - Setting next_dagrun for example_task_group to 2025-06-11 00:00:00+00:00, run_after=2025-06-12 00:00:00+00:00
[2025-06-12T18:51:55.147+0000] {processor.py:183} INFO - Processing /home/airflow/.local/lib/python3.8/site-packages/airflow/example_dags/example_task_group.py took 0.125 seconds
[2025-06-12T18:52:26.464+0000] {processor.py:161} INFO - Started process (PID=1373) to work on /home/airflow/.local/lib/python3.8/site-packages/airflow/example_dags/example_task_group.py
[2025-06-12T18:52:26.466+0000] {processor.py:830} INFO - Processing file /home/airflow/.local/lib/python3.8/site-packages/airflow/example_dags/example_task_group.py for tasks to queue
[2025-06-12T18:52:26.467+0000] {logging_mixin.py:188} INFO - [2025-06-12T18:52:26.467+0000] {dagbag.py:538} INFO - Filling up the DagBag from /home/airflow/.local/lib/python3.8/site-packages/airflow/example_dags/example_task_group.py
[2025-06-12T18:52:26.483+0000] {processor.py:840} INFO - DAG(s) 'example_task_group' retrieved from /home/airflow/.local/lib/python3.8/site-packages/airflow/example_dags/example_task_group.py
[2025-06-12T18:52:26.518+0000] {logging_mixin.py:188} INFO - [2025-06-12T18:52:26.518+0000] {dag.py:3036} INFO - Sync 1 DAGs
[2025-06-12T18:52:26.569+0000] {logging_mixin.py:188} INFO - [2025-06-12T18:52:26.568+0000] {dag.py:3823} INFO - Setting next_dagrun for example_task_group to 2025-06-11 00:00:00+00:00, run_after=2025-06-12 00:00:00+00:00
[2025-06-12T18:52:26.609+0000] {processor.py:183} INFO - Processing /home/airflow/.local/lib/python3.8/site-packages/airflow/example_dags/example_task_group.py took 0.151 seconds
[2025-06-12T18:52:57.778+0000] {processor.py:161} INFO - Started process (PID=1428) to work on /home/airflow/.local/lib/python3.8/site-packages/airflow/example_dags/example_task_group.py
[2025-06-12T18:52:57.781+0000] {processor.py:830} INFO - Processing file /home/airflow/.local/lib/python3.8/site-packages/airflow/example_dags/example_task_group.py for tasks to queue
[2025-06-12T18:52:57.784+0000] {logging_mixin.py:188} INFO - [2025-06-12T18:52:57.784+0000] {dagbag.py:538} INFO - Filling up the DagBag from /home/airflow/.local/lib/python3.8/site-packages/airflow/example_dags/example_task_group.py
[2025-06-12T18:52:57.806+0000] {processor.py:840} INFO - DAG(s) 'example_task_group' retrieved from /home/airflow/.local/lib/python3.8/site-packages/airflow/example_dags/example_task_group.py
[2025-06-12T18:52:57.865+0000] {logging_mixin.py:188} INFO - [2025-06-12T18:52:57.863+0000] {dag.py:3036} INFO - Sync 1 DAGs
[2025-06-12T18:52:57.927+0000] {logging_mixin.py:188} INFO - [2025-06-12T18:52:57.926+0000] {dag.py:3823} INFO - Setting next_dagrun for example_task_group to 2025-06-11 00:00:00+00:00, run_after=2025-06-12 00:00:00+00:00
[2025-06-12T18:52:57.976+0000] {processor.py:183} INFO - Processing /home/airflow/.local/lib/python3.8/site-packages/airflow/example_dags/example_task_group.py took 0.206 seconds
[2025-06-12T18:53:28.590+0000] {processor.py:161} INFO - Started process (PID=1483) to work on /home/airflow/.local/lib/python3.8/site-packages/airflow/example_dags/example_task_group.py
[2025-06-12T18:53:28.592+0000] {processor.py:830} INFO - Processing file /home/airflow/.local/lib/python3.8/site-packages/airflow/example_dags/example_task_group.py for tasks to queue
[2025-06-12T18:53:28.595+0000] {logging_mixin.py:188} INFO - [2025-06-12T18:53:28.594+0000] {dagbag.py:538} INFO - Filling up the DagBag from /home/airflow/.local/lib/python3.8/site-packages/airflow/example_dags/example_task_group.py
[2025-06-12T18:53:28.612+0000] {processor.py:840} INFO - DAG(s) 'example_task_group' retrieved from /home/airflow/.local/lib/python3.8/site-packages/airflow/example_dags/example_task_group.py
[2025-06-12T18:53:28.655+0000] {logging_mixin.py:188} INFO - [2025-06-12T18:53:28.654+0000] {dag.py:3036} INFO - Sync 1 DAGs
[2025-06-12T18:53:28.686+0000] {logging_mixin.py:188} INFO - [2025-06-12T18:53:28.686+0000] {dag.py:3823} INFO - Setting next_dagrun for example_task_group to 2025-06-11 00:00:00+00:00, run_after=2025-06-12 00:00:00+00:00
[2025-06-12T18:53:28.721+0000] {processor.py:183} INFO - Processing /home/airflow/.local/lib/python3.8/site-packages/airflow/example_dags/example_task_group.py took 0.137 seconds
[2025-06-12T18:53:59.736+0000] {processor.py:161} INFO - Started process (PID=1539) to work on /home/airflow/.local/lib/python3.8/site-packages/airflow/example_dags/example_task_group.py
[2025-06-12T18:53:59.738+0000] {processor.py:830} INFO - Processing file /home/airflow/.local/lib/python3.8/site-packages/airflow/example_dags/example_task_group.py for tasks to queue
[2025-06-12T18:53:59.741+0000] {logging_mixin.py:188} INFO - [2025-06-12T18:53:59.740+0000] {dagbag.py:538} INFO - Filling up the DagBag from /home/airflow/.local/lib/python3.8/site-packages/airflow/example_dags/example_task_group.py
[2025-06-12T18:53:59.756+0000] {processor.py:840} INFO - DAG(s) 'example_task_group' retrieved from /home/airflow/.local/lib/python3.8/site-packages/airflow/example_dags/example_task_group.py
[2025-06-12T18:53:59.798+0000] {logging_mixin.py:188} INFO - [2025-06-12T18:53:59.797+0000] {dag.py:3036} INFO - Sync 1 DAGs
[2025-06-12T18:53:59.838+0000] {logging_mixin.py:188} INFO - [2025-06-12T18:53:59.838+0000] {dag.py:3823} INFO - Setting next_dagrun for example_task_group to 2025-06-11 00:00:00+00:00, run_after=2025-06-12 00:00:00+00:00
[2025-06-12T18:53:59.889+0000] {processor.py:183} INFO - Processing /home/airflow/.local/lib/python3.8/site-packages/airflow/example_dags/example_task_group.py took 0.159 seconds
[2025-06-12T18:54:30.698+0000] {processor.py:161} INFO - Started process (PID=1594) to work on /home/airflow/.local/lib/python3.8/site-packages/airflow/example_dags/example_task_group.py
[2025-06-12T18:54:30.700+0000] {processor.py:830} INFO - Processing file /home/airflow/.local/lib/python3.8/site-packages/airflow/example_dags/example_task_group.py for tasks to queue
[2025-06-12T18:54:30.702+0000] {logging_mixin.py:188} INFO - [2025-06-12T18:54:30.701+0000] {dagbag.py:538} INFO - Filling up the DagBag from /home/airflow/.local/lib/python3.8/site-packages/airflow/example_dags/example_task_group.py
[2025-06-12T18:54:30.715+0000] {processor.py:840} INFO - DAG(s) 'example_task_group' retrieved from /home/airflow/.local/lib/python3.8/site-packages/airflow/example_dags/example_task_group.py
[2025-06-12T18:54:30.753+0000] {logging_mixin.py:188} INFO - [2025-06-12T18:54:30.753+0000] {dag.py:3036} INFO - Sync 1 DAGs
[2025-06-12T18:54:30.784+0000] {logging_mixin.py:188} INFO - [2025-06-12T18:54:30.783+0000] {dag.py:3823} INFO - Setting next_dagrun for example_task_group to 2025-06-11 00:00:00+00:00, run_after=2025-06-12 00:00:00+00:00
[2025-06-12T18:54:30.822+0000] {processor.py:183} INFO - Processing /home/airflow/.local/lib/python3.8/site-packages/airflow/example_dags/example_task_group.py took 0.131 seconds
[2025-06-12T18:55:01.274+0000] {processor.py:161} INFO - Started process (PID=1649) to work on /home/airflow/.local/lib/python3.8/site-packages/airflow/example_dags/example_task_group.py
[2025-06-12T18:55:01.279+0000] {processor.py:830} INFO - Processing file /home/airflow/.local/lib/python3.8/site-packages/airflow/example_dags/example_task_group.py for tasks to queue
[2025-06-12T18:55:01.282+0000] {logging_mixin.py:188} INFO - [2025-06-12T18:55:01.281+0000] {dagbag.py:538} INFO - Filling up the DagBag from /home/airflow/.local/lib/python3.8/site-packages/airflow/example_dags/example_task_group.py
[2025-06-12T18:55:01.306+0000] {processor.py:840} INFO - DAG(s) 'example_task_group' retrieved from /home/airflow/.local/lib/python3.8/site-packages/airflow/example_dags/example_task_group.py
[2025-06-12T18:55:01.377+0000] {logging_mixin.py:188} INFO - [2025-06-12T18:55:01.376+0000] {dag.py:3036} INFO - Sync 1 DAGs
[2025-06-12T18:55:01.438+0000] {logging_mixin.py:188} INFO - [2025-06-12T18:55:01.438+0000] {dag.py:3823} INFO - Setting next_dagrun for example_task_group to 2025-06-11 00:00:00+00:00, run_after=2025-06-12 00:00:00+00:00
[2025-06-12T18:55:01.489+0000] {processor.py:183} INFO - Processing /home/airflow/.local/lib/python3.8/site-packages/airflow/example_dags/example_task_group.py took 0.225 seconds
[2025-06-12T18:55:31.568+0000] {processor.py:161} INFO - Started process (PID=1703) to work on /home/airflow/.local/lib/python3.8/site-packages/airflow/example_dags/example_task_group.py
[2025-06-12T18:55:31.571+0000] {processor.py:830} INFO - Processing file /home/airflow/.local/lib/python3.8/site-packages/airflow/example_dags/example_task_group.py for tasks to queue
[2025-06-12T18:55:31.574+0000] {logging_mixin.py:188} INFO - [2025-06-12T18:55:31.573+0000] {dagbag.py:538} INFO - Filling up the DagBag from /home/airflow/.local/lib/python3.8/site-packages/airflow/example_dags/example_task_group.py
[2025-06-12T18:55:31.595+0000] {processor.py:840} INFO - DAG(s) 'example_task_group' retrieved from /home/airflow/.local/lib/python3.8/site-packages/airflow/example_dags/example_task_group.py
[2025-06-12T18:55:31.654+0000] {logging_mixin.py:188} INFO - [2025-06-12T18:55:31.653+0000] {dag.py:3036} INFO - Sync 1 DAGs
[2025-06-12T18:55:31.690+0000] {logging_mixin.py:188} INFO - [2025-06-12T18:55:31.689+0000] {dag.py:3823} INFO - Setting next_dagrun for example_task_group to 2025-06-11 00:00:00+00:00, run_after=2025-06-12 00:00:00+00:00
[2025-06-12T18:55:31.727+0000] {processor.py:183} INFO - Processing /home/airflow/.local/lib/python3.8/site-packages/airflow/example_dags/example_task_group.py took 0.167 seconds
[2025-06-12T18:56:01.865+0000] {processor.py:161} INFO - Started process (PID=1758) to work on /home/airflow/.local/lib/python3.8/site-packages/airflow/example_dags/example_task_group.py
[2025-06-12T18:56:01.867+0000] {processor.py:830} INFO - Processing file /home/airflow/.local/lib/python3.8/site-packages/airflow/example_dags/example_task_group.py for tasks to queue
[2025-06-12T18:56:01.869+0000] {logging_mixin.py:188} INFO - [2025-06-12T18:56:01.868+0000] {dagbag.py:538} INFO - Filling up the DagBag from /home/airflow/.local/lib/python3.8/site-packages/airflow/example_dags/example_task_group.py
[2025-06-12T18:56:01.885+0000] {processor.py:840} INFO - DAG(s) 'example_task_group' retrieved from /home/airflow/.local/lib/python3.8/site-packages/airflow/example_dags/example_task_group.py
[2025-06-12T18:56:01.924+0000] {logging_mixin.py:188} INFO - [2025-06-12T18:56:01.923+0000] {dag.py:3036} INFO - Sync 1 DAGs
[2025-06-12T18:56:01.960+0000] {logging_mixin.py:188} INFO - [2025-06-12T18:56:01.960+0000] {dag.py:3823} INFO - Setting next_dagrun for example_task_group to 2025-06-11 00:00:00+00:00, run_after=2025-06-12 00:00:00+00:00
[2025-06-12T18:56:02.000+0000] {processor.py:183} INFO - Processing /home/airflow/.local/lib/python3.8/site-packages/airflow/example_dags/example_task_group.py took 0.141 seconds
[2025-06-12T18:56:32.781+0000] {processor.py:161} INFO - Started process (PID=1813) to work on /home/airflow/.local/lib/python3.8/site-packages/airflow/example_dags/example_task_group.py
[2025-06-12T18:56:32.783+0000] {processor.py:830} INFO - Processing file /home/airflow/.local/lib/python3.8/site-packages/airflow/example_dags/example_task_group.py for tasks to queue
[2025-06-12T18:56:32.785+0000] {logging_mixin.py:188} INFO - [2025-06-12T18:56:32.784+0000] {dagbag.py:538} INFO - Filling up the DagBag from /home/airflow/.local/lib/python3.8/site-packages/airflow/example_dags/example_task_group.py
[2025-06-12T18:56:32.800+0000] {processor.py:840} INFO - DAG(s) 'example_task_group' retrieved from /home/airflow/.local/lib/python3.8/site-packages/airflow/example_dags/example_task_group.py
[2025-06-12T18:56:32.848+0000] {logging_mixin.py:188} INFO - [2025-06-12T18:56:32.847+0000] {dag.py:3036} INFO - Sync 1 DAGs
[2025-06-12T18:56:32.887+0000] {logging_mixin.py:188} INFO - [2025-06-12T18:56:32.887+0000] {dag.py:3823} INFO - Setting next_dagrun for example_task_group to 2025-06-11 00:00:00+00:00, run_after=2025-06-12 00:00:00+00:00
[2025-06-12T18:56:32.924+0000] {processor.py:183} INFO - Processing /home/airflow/.local/lib/python3.8/site-packages/airflow/example_dags/example_task_group.py took 0.150 seconds
[2025-06-12T18:57:03.202+0000] {processor.py:161} INFO - Started process (PID=1868) to work on /home/airflow/.local/lib/python3.8/site-packages/airflow/example_dags/example_task_group.py
[2025-06-12T18:57:03.204+0000] {processor.py:830} INFO - Processing file /home/airflow/.local/lib/python3.8/site-packages/airflow/example_dags/example_task_group.py for tasks to queue
[2025-06-12T18:57:03.206+0000] {logging_mixin.py:188} INFO - [2025-06-12T18:57:03.206+0000] {dagbag.py:538} INFO - Filling up the DagBag from /home/airflow/.local/lib/python3.8/site-packages/airflow/example_dags/example_task_group.py
[2025-06-12T18:57:03.221+0000] {processor.py:840} INFO - DAG(s) 'example_task_group' retrieved from /home/airflow/.local/lib/python3.8/site-packages/airflow/example_dags/example_task_group.py
[2025-06-12T18:57:03.266+0000] {logging_mixin.py:188} INFO - [2025-06-12T18:57:03.265+0000] {dag.py:3036} INFO - Sync 1 DAGs
[2025-06-12T18:57:03.303+0000] {logging_mixin.py:188} INFO - [2025-06-12T18:57:03.303+0000] {dag.py:3823} INFO - Setting next_dagrun for example_task_group to 2025-06-11 00:00:00+00:00, run_after=2025-06-12 00:00:00+00:00
[2025-06-12T18:57:03.338+0000] {processor.py:183} INFO - Processing /home/airflow/.local/lib/python3.8/site-packages/airflow/example_dags/example_task_group.py took 0.144 seconds
[2025-06-12T18:57:43.238+0000] {processor.py:161} INFO - Started process (PID=1924) to work on /home/airflow/.local/lib/python3.8/site-packages/airflow/example_dags/example_task_group.py
[2025-06-12T18:57:43.239+0000] {processor.py:830} INFO - Processing file /home/airflow/.local/lib/python3.8/site-packages/airflow/example_dags/example_task_group.py for tasks to queue
[2025-06-12T18:57:43.241+0000] {logging_mixin.py:188} INFO - [2025-06-12T18:57:43.241+0000] {dagbag.py:538} INFO - Filling up the DagBag from /home/airflow/.local/lib/python3.8/site-packages/airflow/example_dags/example_task_group.py
[2025-06-12T18:57:43.256+0000] {processor.py:840} INFO - DAG(s) 'example_task_group' retrieved from /home/airflow/.local/lib/python3.8/site-packages/airflow/example_dags/example_task_group.py
[2025-06-12T18:57:43.294+0000] {logging_mixin.py:188} INFO - [2025-06-12T18:57:43.294+0000] {dag.py:3036} INFO - Sync 1 DAGs
[2025-06-12T18:57:43.337+0000] {logging_mixin.py:188} INFO - [2025-06-12T18:57:43.337+0000] {dag.py:3823} INFO - Setting next_dagrun for example_task_group to 2025-06-11 00:00:00+00:00, run_after=2025-06-12 00:00:00+00:00
[2025-06-12T18:57:43.370+0000] {processor.py:183} INFO - Processing /home/airflow/.local/lib/python3.8/site-packages/airflow/example_dags/example_task_group.py took 0.139 seconds
[2025-06-12T18:58:13.871+0000] {processor.py:161} INFO - Started process (PID=1980) to work on /home/airflow/.local/lib/python3.8/site-packages/airflow/example_dags/example_task_group.py
[2025-06-12T18:58:13.872+0000] {processor.py:830} INFO - Processing file /home/airflow/.local/lib/python3.8/site-packages/airflow/example_dags/example_task_group.py for tasks to queue
[2025-06-12T18:58:13.875+0000] {logging_mixin.py:188} INFO - [2025-06-12T18:58:13.874+0000] {dagbag.py:538} INFO - Filling up the DagBag from /home/airflow/.local/lib/python3.8/site-packages/airflow/example_dags/example_task_group.py
[2025-06-12T18:58:13.889+0000] {processor.py:840} INFO - DAG(s) 'example_task_group' retrieved from /home/airflow/.local/lib/python3.8/site-packages/airflow/example_dags/example_task_group.py
[2025-06-12T18:58:13.927+0000] {logging_mixin.py:188} INFO - [2025-06-12T18:58:13.927+0000] {dag.py:3036} INFO - Sync 1 DAGs
[2025-06-12T18:58:13.961+0000] {logging_mixin.py:188} INFO - [2025-06-12T18:58:13.960+0000] {dag.py:3823} INFO - Setting next_dagrun for example_task_group to 2025-06-11 00:00:00+00:00, run_after=2025-06-12 00:00:00+00:00
[2025-06-12T18:58:13.995+0000] {processor.py:183} INFO - Processing /home/airflow/.local/lib/python3.8/site-packages/airflow/example_dags/example_task_group.py took 0.130 seconds
[2025-06-12T18:58:45.191+0000] {processor.py:161} INFO - Started process (PID=2035) to work on /home/airflow/.local/lib/python3.8/site-packages/airflow/example_dags/example_task_group.py
[2025-06-12T18:58:45.194+0000] {processor.py:830} INFO - Processing file /home/airflow/.local/lib/python3.8/site-packages/airflow/example_dags/example_task_group.py for tasks to queue
[2025-06-12T18:58:45.196+0000] {logging_mixin.py:188} INFO - [2025-06-12T18:58:45.195+0000] {dagbag.py:538} INFO - Filling up the DagBag from /home/airflow/.local/lib/python3.8/site-packages/airflow/example_dags/example_task_group.py
[2025-06-12T18:58:45.211+0000] {processor.py:840} INFO - DAG(s) 'example_task_group' retrieved from /home/airflow/.local/lib/python3.8/site-packages/airflow/example_dags/example_task_group.py
[2025-06-12T18:58:45.250+0000] {logging_mixin.py:188} INFO - [2025-06-12T18:58:45.250+0000] {dag.py:3036} INFO - Sync 1 DAGs
[2025-06-12T18:58:45.290+0000] {logging_mixin.py:188} INFO - [2025-06-12T18:58:45.289+0000] {dag.py:3823} INFO - Setting next_dagrun for example_task_group to 2025-06-11 00:00:00+00:00, run_after=2025-06-12 00:00:00+00:00
[2025-06-12T18:58:45.336+0000] {processor.py:183} INFO - Processing /home/airflow/.local/lib/python3.8/site-packages/airflow/example_dags/example_task_group.py took 0.155 seconds
[2025-06-12T18:59:18.274+0000] {processor.py:161} INFO - Started process (PID=2090) to work on /home/airflow/.local/lib/python3.8/site-packages/airflow/example_dags/example_task_group.py
[2025-06-12T18:59:18.278+0000] {processor.py:830} INFO - Processing file /home/airflow/.local/lib/python3.8/site-packages/airflow/example_dags/example_task_group.py for tasks to queue
[2025-06-12T18:59:18.281+0000] {logging_mixin.py:188} INFO - [2025-06-12T18:59:18.281+0000] {dagbag.py:538} INFO - Filling up the DagBag from /home/airflow/.local/lib/python3.8/site-packages/airflow/example_dags/example_task_group.py
[2025-06-12T18:59:18.306+0000] {processor.py:840} INFO - DAG(s) 'example_task_group' retrieved from /home/airflow/.local/lib/python3.8/site-packages/airflow/example_dags/example_task_group.py
[2025-06-12T18:59:18.382+0000] {logging_mixin.py:188} INFO - [2025-06-12T18:59:18.382+0000] {dag.py:3036} INFO - Sync 1 DAGs
[2025-06-12T18:59:18.445+0000] {logging_mixin.py:188} INFO - [2025-06-12T18:59:18.444+0000] {dag.py:3823} INFO - Setting next_dagrun for example_task_group to 2025-06-11 00:00:00+00:00, run_after=2025-06-12 00:00:00+00:00
[2025-06-12T18:59:18.502+0000] {processor.py:183} INFO - Processing /home/airflow/.local/lib/python3.8/site-packages/airflow/example_dags/example_task_group.py took 0.239 seconds
[2025-06-12T18:59:50.565+0000] {processor.py:161} INFO - Started process (PID=2151) to work on /home/airflow/.local/lib/python3.8/site-packages/airflow/example_dags/example_task_group.py
[2025-06-12T18:59:50.569+0000] {processor.py:830} INFO - Processing file /home/airflow/.local/lib/python3.8/site-packages/airflow/example_dags/example_task_group.py for tasks to queue
[2025-06-12T18:59:50.573+0000] {logging_mixin.py:188} INFO - [2025-06-12T18:59:50.571+0000] {dagbag.py:538} INFO - Filling up the DagBag from /home/airflow/.local/lib/python3.8/site-packages/airflow/example_dags/example_task_group.py
[2025-06-12T18:59:50.601+0000] {processor.py:840} INFO - DAG(s) 'example_task_group' retrieved from /home/airflow/.local/lib/python3.8/site-packages/airflow/example_dags/example_task_group.py
[2025-06-12T18:59:50.677+0000] {logging_mixin.py:188} INFO - [2025-06-12T18:59:50.677+0000] {dag.py:3036} INFO - Sync 1 DAGs
[2025-06-12T18:59:50.730+0000] {logging_mixin.py:188} INFO - [2025-06-12T18:59:50.729+0000] {dag.py:3823} INFO - Setting next_dagrun for example_task_group to 2025-06-11 00:00:00+00:00, run_after=2025-06-12 00:00:00+00:00
[2025-06-12T18:59:50.789+0000] {processor.py:183} INFO - Processing /home/airflow/.local/lib/python3.8/site-packages/airflow/example_dags/example_task_group.py took 0.238 seconds
[2025-06-12T19:00:21.790+0000] {processor.py:161} INFO - Started process (PID=2207) to work on /home/airflow/.local/lib/python3.8/site-packages/airflow/example_dags/example_task_group.py
[2025-06-12T19:00:21.794+0000] {processor.py:830} INFO - Processing file /home/airflow/.local/lib/python3.8/site-packages/airflow/example_dags/example_task_group.py for tasks to queue
[2025-06-12T19:00:21.797+0000] {logging_mixin.py:188} INFO - [2025-06-12T19:00:21.796+0000] {dagbag.py:538} INFO - Filling up the DagBag from /home/airflow/.local/lib/python3.8/site-packages/airflow/example_dags/example_task_group.py
[2025-06-12T19:00:21.827+0000] {processor.py:840} INFO - DAG(s) 'example_task_group' retrieved from /home/airflow/.local/lib/python3.8/site-packages/airflow/example_dags/example_task_group.py
[2025-06-12T19:00:21.897+0000] {logging_mixin.py:188} INFO - [2025-06-12T19:00:21.896+0000] {dag.py:3036} INFO - Sync 1 DAGs
[2025-06-12T19:00:21.986+0000] {logging_mixin.py:188} INFO - [2025-06-12T19:00:21.985+0000] {dag.py:3823} INFO - Setting next_dagrun for example_task_group to 2025-06-11 00:00:00+00:00, run_after=2025-06-12 00:00:00+00:00
[2025-06-12T19:00:22.065+0000] {processor.py:183} INFO - Processing /home/airflow/.local/lib/python3.8/site-packages/airflow/example_dags/example_task_group.py took 0.289 seconds
[2025-06-12T19:00:52.812+0000] {processor.py:161} INFO - Started process (PID=2262) to work on /home/airflow/.local/lib/python3.8/site-packages/airflow/example_dags/example_task_group.py
[2025-06-12T19:00:52.817+0000] {processor.py:830} INFO - Processing file /home/airflow/.local/lib/python3.8/site-packages/airflow/example_dags/example_task_group.py for tasks to queue
[2025-06-12T19:00:52.823+0000] {logging_mixin.py:188} INFO - [2025-06-12T19:00:52.821+0000] {dagbag.py:538} INFO - Filling up the DagBag from /home/airflow/.local/lib/python3.8/site-packages/airflow/example_dags/example_task_group.py
[2025-06-12T19:00:52.880+0000] {processor.py:840} INFO - DAG(s) 'example_task_group' retrieved from /home/airflow/.local/lib/python3.8/site-packages/airflow/example_dags/example_task_group.py
[2025-06-12T19:00:53.726+0000] {logging_mixin.py:188} INFO - [2025-06-12T19:00:53.715+0000] {dag.py:3036} INFO - Sync 1 DAGs
[2025-06-12T19:00:53.862+0000] {logging_mixin.py:188} INFO - [2025-06-12T19:00:53.861+0000] {dag.py:3823} INFO - Setting next_dagrun for example_task_group to 2025-06-11 00:00:00+00:00, run_after=2025-06-12 00:00:00+00:00
[2025-06-12T19:00:53.972+0000] {processor.py:183} INFO - Processing /home/airflow/.local/lib/python3.8/site-packages/airflow/example_dags/example_task_group.py took 1.179 seconds
[2025-06-12T19:01:24.309+0000] {processor.py:161} INFO - Started process (PID=2315) to work on /home/airflow/.local/lib/python3.8/site-packages/airflow/example_dags/example_task_group.py
[2025-06-12T19:01:24.313+0000] {processor.py:830} INFO - Processing file /home/airflow/.local/lib/python3.8/site-packages/airflow/example_dags/example_task_group.py for tasks to queue
[2025-06-12T19:01:24.316+0000] {logging_mixin.py:188} INFO - [2025-06-12T19:01:24.315+0000] {dagbag.py:538} INFO - Filling up the DagBag from /home/airflow/.local/lib/python3.8/site-packages/airflow/example_dags/example_task_group.py
[2025-06-12T19:01:24.338+0000] {processor.py:840} INFO - DAG(s) 'example_task_group' retrieved from /home/airflow/.local/lib/python3.8/site-packages/airflow/example_dags/example_task_group.py
[2025-06-12T19:01:24.398+0000] {logging_mixin.py:188} INFO - [2025-06-12T19:01:24.398+0000] {dag.py:3036} INFO - Sync 1 DAGs
[2025-06-12T19:01:24.463+0000] {logging_mixin.py:188} INFO - [2025-06-12T19:01:24.463+0000] {dag.py:3823} INFO - Setting next_dagrun for example_task_group to 2025-06-11 00:00:00+00:00, run_after=2025-06-12 00:00:00+00:00
[2025-06-12T19:01:24.517+0000] {processor.py:183} INFO - Processing /home/airflow/.local/lib/python3.8/site-packages/airflow/example_dags/example_task_group.py took 0.216 seconds
[2025-06-12T19:01:54.936+0000] {processor.py:161} INFO - Started process (PID=2371) to work on /home/airflow/.local/lib/python3.8/site-packages/airflow/example_dags/example_task_group.py
[2025-06-12T19:01:54.940+0000] {processor.py:830} INFO - Processing file /home/airflow/.local/lib/python3.8/site-packages/airflow/example_dags/example_task_group.py for tasks to queue
[2025-06-12T19:01:54.943+0000] {logging_mixin.py:188} INFO - [2025-06-12T19:01:54.942+0000] {dagbag.py:538} INFO - Filling up the DagBag from /home/airflow/.local/lib/python3.8/site-packages/airflow/example_dags/example_task_group.py
[2025-06-12T19:01:54.965+0000] {processor.py:840} INFO - DAG(s) 'example_task_group' retrieved from /home/airflow/.local/lib/python3.8/site-packages/airflow/example_dags/example_task_group.py
[2025-06-12T19:01:55.022+0000] {logging_mixin.py:188} INFO - [2025-06-12T19:01:55.022+0000] {dag.py:3036} INFO - Sync 1 DAGs
[2025-06-12T19:01:55.071+0000] {logging_mixin.py:188} INFO - [2025-06-12T19:01:55.071+0000] {dag.py:3823} INFO - Setting next_dagrun for example_task_group to 2025-06-11 00:00:00+00:00, run_after=2025-06-12 00:00:00+00:00
[2025-06-12T19:01:55.121+0000] {processor.py:183} INFO - Processing /home/airflow/.local/lib/python3.8/site-packages/airflow/example_dags/example_task_group.py took 0.194 seconds
[2025-06-12T19:02:25.810+0000] {processor.py:161} INFO - Started process (PID=2426) to work on /home/airflow/.local/lib/python3.8/site-packages/airflow/example_dags/example_task_group.py
[2025-06-12T19:02:25.814+0000] {processor.py:830} INFO - Processing file /home/airflow/.local/lib/python3.8/site-packages/airflow/example_dags/example_task_group.py for tasks to queue
[2025-06-12T19:02:25.818+0000] {logging_mixin.py:188} INFO - [2025-06-12T19:02:25.817+0000] {dagbag.py:538} INFO - Filling up the DagBag from /home/airflow/.local/lib/python3.8/site-packages/airflow/example_dags/example_task_group.py
[2025-06-12T19:02:25.872+0000] {processor.py:840} INFO - DAG(s) 'example_task_group' retrieved from /home/airflow/.local/lib/python3.8/site-packages/airflow/example_dags/example_task_group.py
[2025-06-12T19:02:25.952+0000] {logging_mixin.py:188} INFO - [2025-06-12T19:02:25.951+0000] {dag.py:3036} INFO - Sync 1 DAGs
[2025-06-12T19:02:26.023+0000] {logging_mixin.py:188} INFO - [2025-06-12T19:02:26.023+0000] {dag.py:3823} INFO - Setting next_dagrun for example_task_group to 2025-06-11 00:00:00+00:00, run_after=2025-06-12 00:00:00+00:00
[2025-06-12T19:02:26.073+0000] {processor.py:183} INFO - Processing /home/airflow/.local/lib/python3.8/site-packages/airflow/example_dags/example_task_group.py took 0.273 seconds
[2025-06-12T19:02:56.499+0000] {processor.py:161} INFO - Started process (PID=2481) to work on /home/airflow/.local/lib/python3.8/site-packages/airflow/example_dags/example_task_group.py
[2025-06-12T19:02:56.503+0000] {processor.py:830} INFO - Processing file /home/airflow/.local/lib/python3.8/site-packages/airflow/example_dags/example_task_group.py for tasks to queue
[2025-06-12T19:02:56.507+0000] {logging_mixin.py:188} INFO - [2025-06-12T19:02:56.505+0000] {dagbag.py:538} INFO - Filling up the DagBag from /home/airflow/.local/lib/python3.8/site-packages/airflow/example_dags/example_task_group.py
[2025-06-12T19:02:56.544+0000] {processor.py:840} INFO - DAG(s) 'example_task_group' retrieved from /home/airflow/.local/lib/python3.8/site-packages/airflow/example_dags/example_task_group.py
[2025-06-12T19:02:56.702+0000] {logging_mixin.py:188} INFO - [2025-06-12T19:02:56.701+0000] {dag.py:3036} INFO - Sync 1 DAGs
[2025-06-12T19:02:56.775+0000] {logging_mixin.py:188} INFO - [2025-06-12T19:02:56.775+0000] {dag.py:3823} INFO - Setting next_dagrun for example_task_group to 2025-06-11 00:00:00+00:00, run_after=2025-06-12 00:00:00+00:00
[2025-06-12T19:02:56.832+0000] {processor.py:183} INFO - Processing /home/airflow/.local/lib/python3.8/site-packages/airflow/example_dags/example_task_group.py took 0.345 seconds
[2025-06-12T19:03:27.677+0000] {processor.py:161} INFO - Started process (PID=2535) to work on /home/airflow/.local/lib/python3.8/site-packages/airflow/example_dags/example_task_group.py
[2025-06-12T19:03:27.681+0000] {processor.py:830} INFO - Processing file /home/airflow/.local/lib/python3.8/site-packages/airflow/example_dags/example_task_group.py for tasks to queue
[2025-06-12T19:03:27.684+0000] {logging_mixin.py:188} INFO - [2025-06-12T19:03:27.683+0000] {dagbag.py:538} INFO - Filling up the DagBag from /home/airflow/.local/lib/python3.8/site-packages/airflow/example_dags/example_task_group.py
[2025-06-12T19:03:27.710+0000] {processor.py:840} INFO - DAG(s) 'example_task_group' retrieved from /home/airflow/.local/lib/python3.8/site-packages/airflow/example_dags/example_task_group.py
[2025-06-12T19:03:27.773+0000] {logging_mixin.py:188} INFO - [2025-06-12T19:03:27.772+0000] {dag.py:3036} INFO - Sync 1 DAGs
[2025-06-12T19:03:28.241+0000] {logging_mixin.py:188} INFO - [2025-06-12T19:03:28.241+0000] {dag.py:3823} INFO - Setting next_dagrun for example_task_group to 2025-06-11 00:00:00+00:00, run_after=2025-06-12 00:00:00+00:00
[2025-06-12T19:03:28.287+0000] {processor.py:183} INFO - Processing /home/airflow/.local/lib/python3.8/site-packages/airflow/example_dags/example_task_group.py took 0.621 seconds
[2025-06-12T19:03:58.754+0000] {processor.py:161} INFO - Started process (PID=2590) to work on /home/airflow/.local/lib/python3.8/site-packages/airflow/example_dags/example_task_group.py
[2025-06-12T19:03:58.758+0000] {processor.py:830} INFO - Processing file /home/airflow/.local/lib/python3.8/site-packages/airflow/example_dags/example_task_group.py for tasks to queue
[2025-06-12T19:03:58.763+0000] {logging_mixin.py:188} INFO - [2025-06-12T19:03:58.762+0000] {dagbag.py:538} INFO - Filling up the DagBag from /home/airflow/.local/lib/python3.8/site-packages/airflow/example_dags/example_task_group.py
[2025-06-12T19:03:58.798+0000] {processor.py:840} INFO - DAG(s) 'example_task_group' retrieved from /home/airflow/.local/lib/python3.8/site-packages/airflow/example_dags/example_task_group.py
[2025-06-12T19:03:58.877+0000] {logging_mixin.py:188} INFO - [2025-06-12T19:03:58.876+0000] {dag.py:3036} INFO - Sync 1 DAGs
[2025-06-12T19:03:58.949+0000] {logging_mixin.py:188} INFO - [2025-06-12T19:03:58.948+0000] {dag.py:3823} INFO - Setting next_dagrun for example_task_group to 2025-06-11 00:00:00+00:00, run_after=2025-06-12 00:00:00+00:00
[2025-06-12T19:03:59.514+0000] {processor.py:183} INFO - Processing /home/airflow/.local/lib/python3.8/site-packages/airflow/example_dags/example_task_group.py took 0.777 seconds
[2025-06-12T19:04:29.794+0000] {processor.py:161} INFO - Started process (PID=2646) to work on /home/airflow/.local/lib/python3.8/site-packages/airflow/example_dags/example_task_group.py
[2025-06-12T19:04:29.799+0000] {processor.py:830} INFO - Processing file /home/airflow/.local/lib/python3.8/site-packages/airflow/example_dags/example_task_group.py for tasks to queue
[2025-06-12T19:04:29.803+0000] {logging_mixin.py:188} INFO - [2025-06-12T19:04:29.802+0000] {dagbag.py:538} INFO - Filling up the DagBag from /home/airflow/.local/lib/python3.8/site-packages/airflow/example_dags/example_task_group.py
[2025-06-12T19:04:29.836+0000] {processor.py:840} INFO - DAG(s) 'example_task_group' retrieved from /home/airflow/.local/lib/python3.8/site-packages/airflow/example_dags/example_task_group.py
[2025-06-12T19:04:29.942+0000] {logging_mixin.py:188} INFO - [2025-06-12T19:04:29.940+0000] {dag.py:3036} INFO - Sync 1 DAGs
[2025-06-12T19:04:30.028+0000] {logging_mixin.py:188} INFO - [2025-06-12T19:04:30.027+0000] {dag.py:3823} INFO - Setting next_dagrun for example_task_group to 2025-06-11 00:00:00+00:00, run_after=2025-06-12 00:00:00+00:00
[2025-06-12T19:04:30.092+0000] {processor.py:183} INFO - Processing /home/airflow/.local/lib/python3.8/site-packages/airflow/example_dags/example_task_group.py took 0.312 seconds
[2025-06-12T19:05:00.729+0000] {processor.py:161} INFO - Started process (PID=2702) to work on /home/airflow/.local/lib/python3.8/site-packages/airflow/example_dags/example_task_group.py
[2025-06-12T19:05:00.733+0000] {processor.py:830} INFO - Processing file /home/airflow/.local/lib/python3.8/site-packages/airflow/example_dags/example_task_group.py for tasks to queue
[2025-06-12T19:05:00.736+0000] {logging_mixin.py:188} INFO - [2025-06-12T19:05:00.735+0000] {dagbag.py:538} INFO - Filling up the DagBag from /home/airflow/.local/lib/python3.8/site-packages/airflow/example_dags/example_task_group.py
[2025-06-12T19:05:00.766+0000] {processor.py:840} INFO - DAG(s) 'example_task_group' retrieved from /home/airflow/.local/lib/python3.8/site-packages/airflow/example_dags/example_task_group.py
[2025-06-12T19:05:00.858+0000] {logging_mixin.py:188} INFO - [2025-06-12T19:05:00.856+0000] {dag.py:3036} INFO - Sync 1 DAGs
[2025-06-12T19:05:00.937+0000] {logging_mixin.py:188} INFO - [2025-06-12T19:05:00.936+0000] {dag.py:3823} INFO - Setting next_dagrun for example_task_group to 2025-06-11 00:00:00+00:00, run_after=2025-06-12 00:00:00+00:00
[2025-06-12T19:05:00.988+0000] {processor.py:183} INFO - Processing /home/airflow/.local/lib/python3.8/site-packages/airflow/example_dags/example_task_group.py took 0.271 seconds
[2025-06-12T19:05:31.344+0000] {processor.py:161} INFO - Started process (PID=2758) to work on /home/airflow/.local/lib/python3.8/site-packages/airflow/example_dags/example_task_group.py
[2025-06-12T19:05:31.348+0000] {processor.py:830} INFO - Processing file /home/airflow/.local/lib/python3.8/site-packages/airflow/example_dags/example_task_group.py for tasks to queue
[2025-06-12T19:05:31.354+0000] {logging_mixin.py:188} INFO - [2025-06-12T19:05:31.352+0000] {dagbag.py:538} INFO - Filling up the DagBag from /home/airflow/.local/lib/python3.8/site-packages/airflow/example_dags/example_task_group.py
[2025-06-12T19:05:31.391+0000] {processor.py:840} INFO - DAG(s) 'example_task_group' retrieved from /home/airflow/.local/lib/python3.8/site-packages/airflow/example_dags/example_task_group.py
[2025-06-12T19:05:31.479+0000] {logging_mixin.py:188} INFO - [2025-06-12T19:05:31.478+0000] {dag.py:3036} INFO - Sync 1 DAGs
[2025-06-12T19:05:31.544+0000] {logging_mixin.py:188} INFO - [2025-06-12T19:05:31.543+0000] {dag.py:3823} INFO - Setting next_dagrun for example_task_group to 2025-06-11 00:00:00+00:00, run_after=2025-06-12 00:00:00+00:00
[2025-06-12T19:05:31.596+0000] {processor.py:183} INFO - Processing /home/airflow/.local/lib/python3.8/site-packages/airflow/example_dags/example_task_group.py took 0.265 seconds
[2025-06-12T19:06:02.587+0000] {processor.py:161} INFO - Started process (PID=2813) to work on /home/airflow/.local/lib/python3.8/site-packages/airflow/example_dags/example_task_group.py
[2025-06-12T19:06:02.590+0000] {processor.py:830} INFO - Processing file /home/airflow/.local/lib/python3.8/site-packages/airflow/example_dags/example_task_group.py for tasks to queue
[2025-06-12T19:06:02.595+0000] {logging_mixin.py:188} INFO - [2025-06-12T19:06:02.594+0000] {dagbag.py:538} INFO - Filling up the DagBag from /home/airflow/.local/lib/python3.8/site-packages/airflow/example_dags/example_task_group.py
[2025-06-12T19:06:02.618+0000] {processor.py:840} INFO - DAG(s) 'example_task_group' retrieved from /home/airflow/.local/lib/python3.8/site-packages/airflow/example_dags/example_task_group.py
[2025-06-12T19:06:03.085+0000] {logging_mixin.py:188} INFO - [2025-06-12T19:06:03.085+0000] {dag.py:3036} INFO - Sync 1 DAGs
[2025-06-12T19:06:03.126+0000] {logging_mixin.py:188} INFO - [2025-06-12T19:06:03.125+0000] {dag.py:3823} INFO - Setting next_dagrun for example_task_group to 2025-06-11 00:00:00+00:00, run_after=2025-06-12 00:00:00+00:00
[2025-06-12T19:06:03.166+0000] {processor.py:183} INFO - Processing /home/airflow/.local/lib/python3.8/site-packages/airflow/example_dags/example_task_group.py took 0.594 seconds
[2025-06-12T19:06:33.932+0000] {processor.py:161} INFO - Started process (PID=2868) to work on /home/airflow/.local/lib/python3.8/site-packages/airflow/example_dags/example_task_group.py
[2025-06-12T19:06:33.937+0000] {processor.py:830} INFO - Processing file /home/airflow/.local/lib/python3.8/site-packages/airflow/example_dags/example_task_group.py for tasks to queue
[2025-06-12T19:06:33.940+0000] {logging_mixin.py:188} INFO - [2025-06-12T19:06:33.939+0000] {dagbag.py:538} INFO - Filling up the DagBag from /home/airflow/.local/lib/python3.8/site-packages/airflow/example_dags/example_task_group.py
[2025-06-12T19:06:33.969+0000] {processor.py:840} INFO - DAG(s) 'example_task_group' retrieved from /home/airflow/.local/lib/python3.8/site-packages/airflow/example_dags/example_task_group.py
[2025-06-12T19:06:34.038+0000] {logging_mixin.py:188} INFO - [2025-06-12T19:06:34.038+0000] {dag.py:3036} INFO - Sync 1 DAGs
[2025-06-12T19:06:34.567+0000] {logging_mixin.py:188} INFO - [2025-06-12T19:06:34.566+0000] {dag.py:3823} INFO - Setting next_dagrun for example_task_group to 2025-06-11 00:00:00+00:00, run_after=2025-06-12 00:00:00+00:00
[2025-06-12T19:06:34.623+0000] {processor.py:183} INFO - Processing /home/airflow/.local/lib/python3.8/site-packages/airflow/example_dags/example_task_group.py took 0.704 seconds
