[2025-06-12T18:35:03.001+0000] {processor.py:161} INFO - Started process (PID=80) to work on /home/airflow/.local/lib/python3.8/site-packages/airflow/example_dags/example_params_trigger_ui.py
[2025-06-12T18:35:03.005+0000] {processor.py:830} INFO - Processing file /home/airflow/.local/lib/python3.8/site-packages/airflow/example_dags/example_params_trigger_ui.py for tasks to queue
[2025-06-12T18:35:03.011+0000] {logging_mixin.py:188} INFO - [2025-06-12T18:35:03.010+0000] {dagbag.py:538} INFO - Filling up the DagBag from /home/airflow/.local/lib/python3.8/site-packages/airflow/example_dags/example_params_trigger_ui.py
[2025-06-12T18:35:03.130+0000] {processor.py:840} INFO - DAG(s) 'example_params_trigger_ui' retrieved from /home/airflow/.local/lib/python3.8/site-packages/airflow/example_dags/example_params_trigger_ui.py
[2025-06-12T18:35:04.041+0000] {logging_mixin.py:188} INFO - [2025-06-12T18:35:04.040+0000] {dag.py:3036} INFO - Sync 1 DAGs
[2025-06-12T18:35:04.120+0000] {logging_mixin.py:188} INFO - [2025-06-12T18:35:04.119+0000] {dag.py:3823} INFO - Setting next_dagrun for example_params_trigger_ui to None, run_after=None
[2025-06-12T18:35:04.224+0000] {processor.py:183} INFO - Processing /home/airflow/.local/lib/python3.8/site-packages/airflow/example_dags/example_params_trigger_ui.py took 1.231 seconds
[2025-06-12T18:35:34.701+0000] {processor.py:161} INFO - Started process (PID=135) to work on /home/airflow/.local/lib/python3.8/site-packages/airflow/example_dags/example_params_trigger_ui.py
[2025-06-12T18:35:34.713+0000] {processor.py:830} INFO - Processing file /home/airflow/.local/lib/python3.8/site-packages/airflow/example_dags/example_params_trigger_ui.py for tasks to queue
[2025-06-12T18:35:34.735+0000] {logging_mixin.py:188} INFO - [2025-06-12T18:35:34.733+0000] {dagbag.py:538} INFO - Filling up the DagBag from /home/airflow/.local/lib/python3.8/site-packages/airflow/example_dags/example_params_trigger_ui.py
[2025-06-12T18:35:36.103+0000] {processor.py:840} INFO - DAG(s) 'example_params_trigger_ui' retrieved from /home/airflow/.local/lib/python3.8/site-packages/airflow/example_dags/example_params_trigger_ui.py
[2025-06-12T18:35:36.794+0000] {logging_mixin.py:188} INFO - [2025-06-12T18:35:36.784+0000] {dag.py:3036} INFO - Sync 1 DAGs
[2025-06-12T18:35:36.963+0000] {logging_mixin.py:188} INFO - [2025-06-12T18:35:36.963+0000] {dag.py:3823} INFO - Setting next_dagrun for example_params_trigger_ui to None, run_after=None
[2025-06-12T18:35:37.133+0000] {processor.py:183} INFO - Processing /home/airflow/.local/lib/python3.8/site-packages/airflow/example_dags/example_params_trigger_ui.py took 2.471 seconds
[2025-06-12T18:36:07.303+0000] {processor.py:161} INFO - Started process (PID=188) to work on /home/airflow/.local/lib/python3.8/site-packages/airflow/example_dags/example_params_trigger_ui.py
[2025-06-12T18:36:07.308+0000] {processor.py:830} INFO - Processing file /home/airflow/.local/lib/python3.8/site-packages/airflow/example_dags/example_params_trigger_ui.py for tasks to queue
[2025-06-12T18:36:07.315+0000] {logging_mixin.py:188} INFO - [2025-06-12T18:36:07.314+0000] {dagbag.py:538} INFO - Filling up the DagBag from /home/airflow/.local/lib/python3.8/site-packages/airflow/example_dags/example_params_trigger_ui.py
[2025-06-12T18:36:07.352+0000] {processor.py:840} INFO - DAG(s) 'example_params_trigger_ui' retrieved from /home/airflow/.local/lib/python3.8/site-packages/airflow/example_dags/example_params_trigger_ui.py
[2025-06-12T18:36:07.455+0000] {logging_mixin.py:188} INFO - [2025-06-12T18:36:07.454+0000] {dag.py:3036} INFO - Sync 1 DAGs
[2025-06-12T18:36:07.475+0000] {logging_mixin.py:188} INFO - [2025-06-12T18:36:07.475+0000] {dag.py:3823} INFO - Setting next_dagrun for example_params_trigger_ui to None, run_after=None
[2025-06-12T18:36:07.519+0000] {processor.py:183} INFO - Processing /home/airflow/.local/lib/python3.8/site-packages/airflow/example_dags/example_params_trigger_ui.py took 0.224 seconds
[2025-06-12T18:36:37.967+0000] {processor.py:161} INFO - Started process (PID=243) to work on /home/airflow/.local/lib/python3.8/site-packages/airflow/example_dags/example_params_trigger_ui.py
[2025-06-12T18:36:37.969+0000] {processor.py:830} INFO - Processing file /home/airflow/.local/lib/python3.8/site-packages/airflow/example_dags/example_params_trigger_ui.py for tasks to queue
[2025-06-12T18:36:37.973+0000] {logging_mixin.py:188} INFO - [2025-06-12T18:36:37.973+0000] {dagbag.py:538} INFO - Filling up the DagBag from /home/airflow/.local/lib/python3.8/site-packages/airflow/example_dags/example_params_trigger_ui.py
[2025-06-12T18:36:37.996+0000] {processor.py:840} INFO - DAG(s) 'example_params_trigger_ui' retrieved from /home/airflow/.local/lib/python3.8/site-packages/airflow/example_dags/example_params_trigger_ui.py
[2025-06-12T18:36:38.328+0000] {logging_mixin.py:188} INFO - [2025-06-12T18:36:38.328+0000] {dag.py:3036} INFO - Sync 1 DAGs
[2025-06-12T18:36:38.343+0000] {logging_mixin.py:188} INFO - [2025-06-12T18:36:38.343+0000] {dag.py:3823} INFO - Setting next_dagrun for example_params_trigger_ui to None, run_after=None
[2025-06-12T18:36:38.395+0000] {processor.py:183} INFO - Processing /home/airflow/.local/lib/python3.8/site-packages/airflow/example_dags/example_params_trigger_ui.py took 0.435 seconds
[2025-06-12T18:37:08.730+0000] {processor.py:161} INFO - Started process (PID=298) to work on /home/airflow/.local/lib/python3.8/site-packages/airflow/example_dags/example_params_trigger_ui.py
[2025-06-12T18:37:08.732+0000] {processor.py:830} INFO - Processing file /home/airflow/.local/lib/python3.8/site-packages/airflow/example_dags/example_params_trigger_ui.py for tasks to queue
[2025-06-12T18:37:08.736+0000] {logging_mixin.py:188} INFO - [2025-06-12T18:37:08.735+0000] {dagbag.py:538} INFO - Filling up the DagBag from /home/airflow/.local/lib/python3.8/site-packages/airflow/example_dags/example_params_trigger_ui.py
[2025-06-12T18:37:08.759+0000] {processor.py:840} INFO - DAG(s) 'example_params_trigger_ui' retrieved from /home/airflow/.local/lib/python3.8/site-packages/airflow/example_dags/example_params_trigger_ui.py
[2025-06-12T18:37:08.834+0000] {logging_mixin.py:188} INFO - [2025-06-12T18:37:08.834+0000] {dag.py:3036} INFO - Sync 1 DAGs
[2025-06-12T18:37:08.854+0000] {logging_mixin.py:188} INFO - [2025-06-12T18:37:08.853+0000] {dag.py:3823} INFO - Setting next_dagrun for example_params_trigger_ui to None, run_after=None
[2025-06-12T18:37:08.887+0000] {processor.py:183} INFO - Processing /home/airflow/.local/lib/python3.8/site-packages/airflow/example_dags/example_params_trigger_ui.py took 0.163 seconds
[2025-06-12T18:37:39.677+0000] {processor.py:161} INFO - Started process (PID=353) to work on /home/airflow/.local/lib/python3.8/site-packages/airflow/example_dags/example_params_trigger_ui.py
[2025-06-12T18:37:39.685+0000] {processor.py:830} INFO - Processing file /home/airflow/.local/lib/python3.8/site-packages/airflow/example_dags/example_params_trigger_ui.py for tasks to queue
[2025-06-12T18:37:39.698+0000] {logging_mixin.py:188} INFO - [2025-06-12T18:37:39.696+0000] {dagbag.py:538} INFO - Filling up the DagBag from /home/airflow/.local/lib/python3.8/site-packages/airflow/example_dags/example_params_trigger_ui.py
[2025-06-12T18:37:39.744+0000] {processor.py:840} INFO - DAG(s) 'example_params_trigger_ui' retrieved from /home/airflow/.local/lib/python3.8/site-packages/airflow/example_dags/example_params_trigger_ui.py
[2025-06-12T18:37:39.856+0000] {logging_mixin.py:188} INFO - [2025-06-12T18:37:39.855+0000] {dag.py:3036} INFO - Sync 1 DAGs
[2025-06-12T18:37:39.891+0000] {logging_mixin.py:188} INFO - [2025-06-12T18:37:39.891+0000] {dag.py:3823} INFO - Setting next_dagrun for example_params_trigger_ui to None, run_after=None
[2025-06-12T18:37:39.942+0000] {processor.py:183} INFO - Processing /home/airflow/.local/lib/python3.8/site-packages/airflow/example_dags/example_params_trigger_ui.py took 0.273 seconds
[2025-06-12T18:38:10.180+0000] {processor.py:161} INFO - Started process (PID=408) to work on /home/airflow/.local/lib/python3.8/site-packages/airflow/example_dags/example_params_trigger_ui.py
[2025-06-12T18:38:10.183+0000] {processor.py:830} INFO - Processing file /home/airflow/.local/lib/python3.8/site-packages/airflow/example_dags/example_params_trigger_ui.py for tasks to queue
[2025-06-12T18:38:10.189+0000] {logging_mixin.py:188} INFO - [2025-06-12T18:38:10.189+0000] {dagbag.py:538} INFO - Filling up the DagBag from /home/airflow/.local/lib/python3.8/site-packages/airflow/example_dags/example_params_trigger_ui.py
[2025-06-12T18:38:10.215+0000] {processor.py:840} INFO - DAG(s) 'example_params_trigger_ui' retrieved from /home/airflow/.local/lib/python3.8/site-packages/airflow/example_dags/example_params_trigger_ui.py
[2025-06-12T18:38:10.307+0000] {logging_mixin.py:188} INFO - [2025-06-12T18:38:10.306+0000] {dag.py:3036} INFO - Sync 1 DAGs
[2025-06-12T18:38:10.326+0000] {logging_mixin.py:188} INFO - [2025-06-12T18:38:10.325+0000] {dag.py:3823} INFO - Setting next_dagrun for example_params_trigger_ui to None, run_after=None
[2025-06-12T18:38:10.364+0000] {processor.py:183} INFO - Processing /home/airflow/.local/lib/python3.8/site-packages/airflow/example_dags/example_params_trigger_ui.py took 0.191 seconds
[2025-06-12T18:38:40.957+0000] {processor.py:161} INFO - Started process (PID=463) to work on /home/airflow/.local/lib/python3.8/site-packages/airflow/example_dags/example_params_trigger_ui.py
[2025-06-12T18:38:40.960+0000] {processor.py:830} INFO - Processing file /home/airflow/.local/lib/python3.8/site-packages/airflow/example_dags/example_params_trigger_ui.py for tasks to queue
[2025-06-12T18:38:40.964+0000] {logging_mixin.py:188} INFO - [2025-06-12T18:38:40.963+0000] {dagbag.py:538} INFO - Filling up the DagBag from /home/airflow/.local/lib/python3.8/site-packages/airflow/example_dags/example_params_trigger_ui.py
[2025-06-12T18:38:40.988+0000] {processor.py:840} INFO - DAG(s) 'example_params_trigger_ui' retrieved from /home/airflow/.local/lib/python3.8/site-packages/airflow/example_dags/example_params_trigger_ui.py
[2025-06-12T18:38:41.061+0000] {logging_mixin.py:188} INFO - [2025-06-12T18:38:41.061+0000] {dag.py:3036} INFO - Sync 1 DAGs
[2025-06-12T18:38:41.083+0000] {logging_mixin.py:188} INFO - [2025-06-12T18:38:41.082+0000] {dag.py:3823} INFO - Setting next_dagrun for example_params_trigger_ui to None, run_after=None
[2025-06-12T18:38:41.130+0000] {processor.py:183} INFO - Processing /home/airflow/.local/lib/python3.8/site-packages/airflow/example_dags/example_params_trigger_ui.py took 0.180 seconds
[2025-06-12T18:39:12.055+0000] {processor.py:161} INFO - Started process (PID=518) to work on /home/airflow/.local/lib/python3.8/site-packages/airflow/example_dags/example_params_trigger_ui.py
[2025-06-12T18:39:12.058+0000] {processor.py:830} INFO - Processing file /home/airflow/.local/lib/python3.8/site-packages/airflow/example_dags/example_params_trigger_ui.py for tasks to queue
[2025-06-12T18:39:12.061+0000] {logging_mixin.py:188} INFO - [2025-06-12T18:39:12.061+0000] {dagbag.py:538} INFO - Filling up the DagBag from /home/airflow/.local/lib/python3.8/site-packages/airflow/example_dags/example_params_trigger_ui.py
[2025-06-12T18:39:12.092+0000] {processor.py:840} INFO - DAG(s) 'example_params_trigger_ui' retrieved from /home/airflow/.local/lib/python3.8/site-packages/airflow/example_dags/example_params_trigger_ui.py
[2025-06-12T18:39:12.200+0000] {logging_mixin.py:188} INFO - [2025-06-12T18:39:12.199+0000] {dag.py:3036} INFO - Sync 1 DAGs
[2025-06-12T18:39:12.228+0000] {logging_mixin.py:188} INFO - [2025-06-12T18:39:12.228+0000] {dag.py:3823} INFO - Setting next_dagrun for example_params_trigger_ui to None, run_after=None
[2025-06-12T18:39:12.298+0000] {processor.py:183} INFO - Processing /home/airflow/.local/lib/python3.8/site-packages/airflow/example_dags/example_params_trigger_ui.py took 0.249 seconds
[2025-06-12T18:39:43.302+0000] {processor.py:161} INFO - Started process (PID=573) to work on /home/airflow/.local/lib/python3.8/site-packages/airflow/example_dags/example_params_trigger_ui.py
[2025-06-12T18:39:43.304+0000] {processor.py:830} INFO - Processing file /home/airflow/.local/lib/python3.8/site-packages/airflow/example_dags/example_params_trigger_ui.py for tasks to queue
[2025-06-12T18:39:43.307+0000] {logging_mixin.py:188} INFO - [2025-06-12T18:39:43.306+0000] {dagbag.py:538} INFO - Filling up the DagBag from /home/airflow/.local/lib/python3.8/site-packages/airflow/example_dags/example_params_trigger_ui.py
[2025-06-12T18:39:43.340+0000] {processor.py:840} INFO - DAG(s) 'example_params_trigger_ui' retrieved from /home/airflow/.local/lib/python3.8/site-packages/airflow/example_dags/example_params_trigger_ui.py
[2025-06-12T18:39:43.368+0000] {logging_mixin.py:188} INFO - [2025-06-12T18:39:43.367+0000] {dag.py:3036} INFO - Sync 1 DAGs
[2025-06-12T18:39:43.391+0000] {logging_mixin.py:188} INFO - [2025-06-12T18:39:43.391+0000] {dag.py:3823} INFO - Setting next_dagrun for example_params_trigger_ui to None, run_after=None
[2025-06-12T18:39:43.425+0000] {processor.py:183} INFO - Processing /home/airflow/.local/lib/python3.8/site-packages/airflow/example_dags/example_params_trigger_ui.py took 0.128 seconds
[2025-06-12T18:40:13.996+0000] {processor.py:161} INFO - Started process (PID=628) to work on /home/airflow/.local/lib/python3.8/site-packages/airflow/example_dags/example_params_trigger_ui.py
[2025-06-12T18:40:13.999+0000] {processor.py:830} INFO - Processing file /home/airflow/.local/lib/python3.8/site-packages/airflow/example_dags/example_params_trigger_ui.py for tasks to queue
[2025-06-12T18:40:14.005+0000] {logging_mixin.py:188} INFO - [2025-06-12T18:40:14.002+0000] {dagbag.py:538} INFO - Filling up the DagBag from /home/airflow/.local/lib/python3.8/site-packages/airflow/example_dags/example_params_trigger_ui.py
[2025-06-12T18:40:14.047+0000] {processor.py:840} INFO - DAG(s) 'example_params_trigger_ui' retrieved from /home/airflow/.local/lib/python3.8/site-packages/airflow/example_dags/example_params_trigger_ui.py
[2025-06-12T18:40:14.968+0000] {logging_mixin.py:188} INFO - [2025-06-12T18:40:14.955+0000] {dag.py:3036} INFO - Sync 1 DAGs
[2025-06-12T18:40:15.001+0000] {logging_mixin.py:188} INFO - [2025-06-12T18:40:15.001+0000] {dag.py:3823} INFO - Setting next_dagrun for example_params_trigger_ui to None, run_after=None
[2025-06-12T18:40:31.084+0000] {processor.py:183} INFO - Processing /home/airflow/.local/lib/python3.8/site-packages/airflow/example_dags/example_params_trigger_ui.py took 17.100 seconds
[2025-06-12T18:46:12.911+0000] {processor.py:161} INFO - Started process (PID=693) to work on /home/airflow/.local/lib/python3.8/site-packages/airflow/example_dags/example_params_trigger_ui.py
[2025-06-12T18:46:12.913+0000] {processor.py:830} INFO - Processing file /home/airflow/.local/lib/python3.8/site-packages/airflow/example_dags/example_params_trigger_ui.py for tasks to queue
[2025-06-12T18:46:12.916+0000] {logging_mixin.py:188} INFO - [2025-06-12T18:46:12.915+0000] {dagbag.py:538} INFO - Filling up the DagBag from /home/airflow/.local/lib/python3.8/site-packages/airflow/example_dags/example_params_trigger_ui.py
[2025-06-12T18:46:12.955+0000] {processor.py:840} INFO - DAG(s) 'example_params_trigger_ui' retrieved from /home/airflow/.local/lib/python3.8/site-packages/airflow/example_dags/example_params_trigger_ui.py
[2025-06-12T18:46:13.059+0000] {logging_mixin.py:188} INFO - [2025-06-12T18:46:13.059+0000] {dag.py:3036} INFO - Sync 1 DAGs
[2025-06-12T18:46:13.088+0000] {logging_mixin.py:188} INFO - [2025-06-12T18:46:13.087+0000] {dag.py:3823} INFO - Setting next_dagrun for example_params_trigger_ui to None, run_after=None
[2025-06-12T18:46:13.130+0000] {processor.py:183} INFO - Processing /home/airflow/.local/lib/python3.8/site-packages/airflow/example_dags/example_params_trigger_ui.py took 0.227 seconds
[2025-06-12T18:46:43.477+0000] {processor.py:161} INFO - Started process (PID=749) to work on /home/airflow/.local/lib/python3.8/site-packages/airflow/example_dags/example_params_trigger_ui.py
[2025-06-12T18:46:43.480+0000] {processor.py:830} INFO - Processing file /home/airflow/.local/lib/python3.8/site-packages/airflow/example_dags/example_params_trigger_ui.py for tasks to queue
[2025-06-12T18:46:43.482+0000] {logging_mixin.py:188} INFO - [2025-06-12T18:46:43.482+0000] {dagbag.py:538} INFO - Filling up the DagBag from /home/airflow/.local/lib/python3.8/site-packages/airflow/example_dags/example_params_trigger_ui.py
[2025-06-12T18:46:43.504+0000] {processor.py:840} INFO - DAG(s) 'example_params_trigger_ui' retrieved from /home/airflow/.local/lib/python3.8/site-packages/airflow/example_dags/example_params_trigger_ui.py
[2025-06-12T18:46:43.579+0000] {logging_mixin.py:188} INFO - [2025-06-12T18:46:43.578+0000] {dag.py:3036} INFO - Sync 1 DAGs
[2025-06-12T18:46:43.597+0000] {logging_mixin.py:188} INFO - [2025-06-12T18:46:43.597+0000] {dag.py:3823} INFO - Setting next_dagrun for example_params_trigger_ui to None, run_after=None
[2025-06-12T18:46:43.637+0000] {processor.py:183} INFO - Processing /home/airflow/.local/lib/python3.8/site-packages/airflow/example_dags/example_params_trigger_ui.py took 0.165 seconds
[2025-06-12T18:47:14.265+0000] {processor.py:161} INFO - Started process (PID=802) to work on /home/airflow/.local/lib/python3.8/site-packages/airflow/example_dags/example_params_trigger_ui.py
[2025-06-12T18:47:14.267+0000] {processor.py:830} INFO - Processing file /home/airflow/.local/lib/python3.8/site-packages/airflow/example_dags/example_params_trigger_ui.py for tasks to queue
[2025-06-12T18:47:14.269+0000] {logging_mixin.py:188} INFO - [2025-06-12T18:47:14.269+0000] {dagbag.py:538} INFO - Filling up the DagBag from /home/airflow/.local/lib/python3.8/site-packages/airflow/example_dags/example_params_trigger_ui.py
[2025-06-12T18:47:14.291+0000] {processor.py:840} INFO - DAG(s) 'example_params_trigger_ui' retrieved from /home/airflow/.local/lib/python3.8/site-packages/airflow/example_dags/example_params_trigger_ui.py
[2025-06-12T18:47:14.376+0000] {logging_mixin.py:188} INFO - [2025-06-12T18:47:14.376+0000] {dag.py:3036} INFO - Sync 1 DAGs
[2025-06-12T18:47:14.398+0000] {logging_mixin.py:188} INFO - [2025-06-12T18:47:14.397+0000] {dag.py:3823} INFO - Setting next_dagrun for example_params_trigger_ui to None, run_after=None
[2025-06-12T18:47:14.434+0000] {processor.py:183} INFO - Processing /home/airflow/.local/lib/python3.8/site-packages/airflow/example_dags/example_params_trigger_ui.py took 0.175 seconds
[2025-06-12T18:47:44.520+0000] {processor.py:161} INFO - Started process (PID=857) to work on /home/airflow/.local/lib/python3.8/site-packages/airflow/example_dags/example_params_trigger_ui.py
[2025-06-12T18:47:44.522+0000] {processor.py:830} INFO - Processing file /home/airflow/.local/lib/python3.8/site-packages/airflow/example_dags/example_params_trigger_ui.py for tasks to queue
[2025-06-12T18:47:44.524+0000] {logging_mixin.py:188} INFO - [2025-06-12T18:47:44.523+0000] {dagbag.py:538} INFO - Filling up the DagBag from /home/airflow/.local/lib/python3.8/site-packages/airflow/example_dags/example_params_trigger_ui.py
[2025-06-12T18:47:44.548+0000] {processor.py:840} INFO - DAG(s) 'example_params_trigger_ui' retrieved from /home/airflow/.local/lib/python3.8/site-packages/airflow/example_dags/example_params_trigger_ui.py
[2025-06-12T18:47:44.622+0000] {logging_mixin.py:188} INFO - [2025-06-12T18:47:44.621+0000] {dag.py:3036} INFO - Sync 1 DAGs
[2025-06-12T18:47:44.640+0000] {logging_mixin.py:188} INFO - [2025-06-12T18:47:44.640+0000] {dag.py:3823} INFO - Setting next_dagrun for example_params_trigger_ui to None, run_after=None
[2025-06-12T18:47:44.676+0000] {processor.py:183} INFO - Processing /home/airflow/.local/lib/python3.8/site-packages/airflow/example_dags/example_params_trigger_ui.py took 0.162 seconds
[2025-06-12T18:48:16.443+0000] {processor.py:161} INFO - Started process (PID=912) to work on /home/airflow/.local/lib/python3.8/site-packages/airflow/example_dags/example_params_trigger_ui.py
[2025-06-12T18:48:16.467+0000] {processor.py:830} INFO - Processing file /home/airflow/.local/lib/python3.8/site-packages/airflow/example_dags/example_params_trigger_ui.py for tasks to queue
[2025-06-12T18:48:16.490+0000] {logging_mixin.py:188} INFO - [2025-06-12T18:48:16.489+0000] {dagbag.py:538} INFO - Filling up the DagBag from /home/airflow/.local/lib/python3.8/site-packages/airflow/example_dags/example_params_trigger_ui.py
[2025-06-12T18:48:16.591+0000] {processor.py:840} INFO - DAG(s) 'example_params_trigger_ui' retrieved from /home/airflow/.local/lib/python3.8/site-packages/airflow/example_dags/example_params_trigger_ui.py
[2025-06-12T18:48:16.848+0000] {logging_mixin.py:188} INFO - [2025-06-12T18:48:16.848+0000] {dag.py:3036} INFO - Sync 1 DAGs
[2025-06-12T18:48:16.915+0000] {logging_mixin.py:188} INFO - [2025-06-12T18:48:16.914+0000] {dag.py:3823} INFO - Setting next_dagrun for example_params_trigger_ui to None, run_after=None
[2025-06-12T18:48:17.099+0000] {processor.py:183} INFO - Processing /home/airflow/.local/lib/python3.8/site-packages/airflow/example_dags/example_params_trigger_ui.py took 0.677 seconds
[2025-06-12T18:48:47.585+0000] {processor.py:161} INFO - Started process (PID=967) to work on /home/airflow/.local/lib/python3.8/site-packages/airflow/example_dags/example_params_trigger_ui.py
[2025-06-12T18:48:47.587+0000] {processor.py:830} INFO - Processing file /home/airflow/.local/lib/python3.8/site-packages/airflow/example_dags/example_params_trigger_ui.py for tasks to queue
[2025-06-12T18:48:47.589+0000] {logging_mixin.py:188} INFO - [2025-06-12T18:48:47.588+0000] {dagbag.py:538} INFO - Filling up the DagBag from /home/airflow/.local/lib/python3.8/site-packages/airflow/example_dags/example_params_trigger_ui.py
[2025-06-12T18:48:47.614+0000] {processor.py:840} INFO - DAG(s) 'example_params_trigger_ui' retrieved from /home/airflow/.local/lib/python3.8/site-packages/airflow/example_dags/example_params_trigger_ui.py
[2025-06-12T18:48:47.698+0000] {logging_mixin.py:188} INFO - [2025-06-12T18:48:47.697+0000] {dag.py:3036} INFO - Sync 1 DAGs
[2025-06-12T18:48:47.717+0000] {logging_mixin.py:188} INFO - [2025-06-12T18:48:47.717+0000] {dag.py:3823} INFO - Setting next_dagrun for example_params_trigger_ui to None, run_after=None
[2025-06-12T18:48:47.750+0000] {processor.py:183} INFO - Processing /home/airflow/.local/lib/python3.8/site-packages/airflow/example_dags/example_params_trigger_ui.py took 0.172 seconds
[2025-06-12T18:49:17.891+0000] {processor.py:161} INFO - Started process (PID=1022) to work on /home/airflow/.local/lib/python3.8/site-packages/airflow/example_dags/example_params_trigger_ui.py
[2025-06-12T18:49:17.893+0000] {processor.py:830} INFO - Processing file /home/airflow/.local/lib/python3.8/site-packages/airflow/example_dags/example_params_trigger_ui.py for tasks to queue
[2025-06-12T18:49:17.895+0000] {logging_mixin.py:188} INFO - [2025-06-12T18:49:17.894+0000] {dagbag.py:538} INFO - Filling up the DagBag from /home/airflow/.local/lib/python3.8/site-packages/airflow/example_dags/example_params_trigger_ui.py
[2025-06-12T18:49:17.924+0000] {processor.py:840} INFO - DAG(s) 'example_params_trigger_ui' retrieved from /home/airflow/.local/lib/python3.8/site-packages/airflow/example_dags/example_params_trigger_ui.py
[2025-06-12T18:49:18.019+0000] {logging_mixin.py:188} INFO - [2025-06-12T18:49:18.019+0000] {dag.py:3036} INFO - Sync 1 DAGs
[2025-06-12T18:49:18.046+0000] {logging_mixin.py:188} INFO - [2025-06-12T18:49:18.046+0000] {dag.py:3823} INFO - Setting next_dagrun for example_params_trigger_ui to None, run_after=None
[2025-06-12T18:49:18.079+0000] {processor.py:183} INFO - Processing /home/airflow/.local/lib/python3.8/site-packages/airflow/example_dags/example_params_trigger_ui.py took 0.193 seconds
[2025-06-12T18:49:48.789+0000] {processor.py:161} INFO - Started process (PID=1077) to work on /home/airflow/.local/lib/python3.8/site-packages/airflow/example_dags/example_params_trigger_ui.py
[2025-06-12T18:49:48.791+0000] {processor.py:830} INFO - Processing file /home/airflow/.local/lib/python3.8/site-packages/airflow/example_dags/example_params_trigger_ui.py for tasks to queue
[2025-06-12T18:49:48.794+0000] {logging_mixin.py:188} INFO - [2025-06-12T18:49:48.793+0000] {dagbag.py:538} INFO - Filling up the DagBag from /home/airflow/.local/lib/python3.8/site-packages/airflow/example_dags/example_params_trigger_ui.py
[2025-06-12T18:49:48.823+0000] {processor.py:840} INFO - DAG(s) 'example_params_trigger_ui' retrieved from /home/airflow/.local/lib/python3.8/site-packages/airflow/example_dags/example_params_trigger_ui.py
[2025-06-12T18:49:48.917+0000] {logging_mixin.py:188} INFO - [2025-06-12T18:49:48.916+0000] {dag.py:3036} INFO - Sync 1 DAGs
[2025-06-12T18:49:48.952+0000] {logging_mixin.py:188} INFO - [2025-06-12T18:49:48.951+0000] {dag.py:3823} INFO - Setting next_dagrun for example_params_trigger_ui to None, run_after=None
[2025-06-12T18:49:48.988+0000] {processor.py:183} INFO - Processing /home/airflow/.local/lib/python3.8/site-packages/airflow/example_dags/example_params_trigger_ui.py took 0.207 seconds
[2025-06-12T18:50:19.375+0000] {processor.py:161} INFO - Started process (PID=1132) to work on /home/airflow/.local/lib/python3.8/site-packages/airflow/example_dags/example_params_trigger_ui.py
[2025-06-12T18:50:19.378+0000] {processor.py:830} INFO - Processing file /home/airflow/.local/lib/python3.8/site-packages/airflow/example_dags/example_params_trigger_ui.py for tasks to queue
[2025-06-12T18:50:19.380+0000] {logging_mixin.py:188} INFO - [2025-06-12T18:50:19.379+0000] {dagbag.py:538} INFO - Filling up the DagBag from /home/airflow/.local/lib/python3.8/site-packages/airflow/example_dags/example_params_trigger_ui.py
[2025-06-12T18:50:19.404+0000] {processor.py:840} INFO - DAG(s) 'example_params_trigger_ui' retrieved from /home/airflow/.local/lib/python3.8/site-packages/airflow/example_dags/example_params_trigger_ui.py
[2025-06-12T18:50:19.481+0000] {logging_mixin.py:188} INFO - [2025-06-12T18:50:19.481+0000] {dag.py:3036} INFO - Sync 1 DAGs
[2025-06-12T18:50:19.501+0000] {logging_mixin.py:188} INFO - [2025-06-12T18:50:19.501+0000] {dag.py:3823} INFO - Setting next_dagrun for example_params_trigger_ui to None, run_after=None
[2025-06-12T18:50:19.536+0000] {processor.py:183} INFO - Processing /home/airflow/.local/lib/python3.8/site-packages/airflow/example_dags/example_params_trigger_ui.py took 0.168 seconds
[2025-06-12T18:50:49.779+0000] {processor.py:161} INFO - Started process (PID=1189) to work on /home/airflow/.local/lib/python3.8/site-packages/airflow/example_dags/example_params_trigger_ui.py
[2025-06-12T18:50:49.781+0000] {processor.py:830} INFO - Processing file /home/airflow/.local/lib/python3.8/site-packages/airflow/example_dags/example_params_trigger_ui.py for tasks to queue
[2025-06-12T18:50:49.783+0000] {logging_mixin.py:188} INFO - [2025-06-12T18:50:49.783+0000] {dagbag.py:538} INFO - Filling up the DagBag from /home/airflow/.local/lib/python3.8/site-packages/airflow/example_dags/example_params_trigger_ui.py
[2025-06-12T18:50:49.804+0000] {processor.py:840} INFO - DAG(s) 'example_params_trigger_ui' retrieved from /home/airflow/.local/lib/python3.8/site-packages/airflow/example_dags/example_params_trigger_ui.py
[2025-06-12T18:50:49.874+0000] {logging_mixin.py:188} INFO - [2025-06-12T18:50:49.874+0000] {dag.py:3036} INFO - Sync 1 DAGs
[2025-06-12T18:50:49.890+0000] {logging_mixin.py:188} INFO - [2025-06-12T18:50:49.890+0000] {dag.py:3823} INFO - Setting next_dagrun for example_params_trigger_ui to None, run_after=None
[2025-06-12T18:50:49.923+0000] {processor.py:183} INFO - Processing /home/airflow/.local/lib/python3.8/site-packages/airflow/example_dags/example_params_trigger_ui.py took 0.149 seconds
[2025-06-12T18:51:20.144+0000] {processor.py:161} INFO - Started process (PID=1244) to work on /home/airflow/.local/lib/python3.8/site-packages/airflow/example_dags/example_params_trigger_ui.py
[2025-06-12T18:51:20.147+0000] {processor.py:830} INFO - Processing file /home/airflow/.local/lib/python3.8/site-packages/airflow/example_dags/example_params_trigger_ui.py for tasks to queue
[2025-06-12T18:51:20.148+0000] {logging_mixin.py:188} INFO - [2025-06-12T18:51:20.148+0000] {dagbag.py:538} INFO - Filling up the DagBag from /home/airflow/.local/lib/python3.8/site-packages/airflow/example_dags/example_params_trigger_ui.py
[2025-06-12T18:51:20.176+0000] {processor.py:840} INFO - DAG(s) 'example_params_trigger_ui' retrieved from /home/airflow/.local/lib/python3.8/site-packages/airflow/example_dags/example_params_trigger_ui.py
[2025-06-12T18:51:20.257+0000] {logging_mixin.py:188} INFO - [2025-06-12T18:51:20.257+0000] {dag.py:3036} INFO - Sync 1 DAGs
[2025-06-12T18:51:20.277+0000] {logging_mixin.py:188} INFO - [2025-06-12T18:51:20.277+0000] {dag.py:3823} INFO - Setting next_dagrun for example_params_trigger_ui to None, run_after=None
[2025-06-12T18:51:20.310+0000] {processor.py:183} INFO - Processing /home/airflow/.local/lib/python3.8/site-packages/airflow/example_dags/example_params_trigger_ui.py took 0.172 seconds
[2025-06-12T18:51:50.806+0000] {processor.py:161} INFO - Started process (PID=1298) to work on /home/airflow/.local/lib/python3.8/site-packages/airflow/example_dags/example_params_trigger_ui.py
[2025-06-12T18:51:50.808+0000] {processor.py:830} INFO - Processing file /home/airflow/.local/lib/python3.8/site-packages/airflow/example_dags/example_params_trigger_ui.py for tasks to queue
[2025-06-12T18:51:50.810+0000] {logging_mixin.py:188} INFO - [2025-06-12T18:51:50.809+0000] {dagbag.py:538} INFO - Filling up the DagBag from /home/airflow/.local/lib/python3.8/site-packages/airflow/example_dags/example_params_trigger_ui.py
[2025-06-12T18:51:50.832+0000] {processor.py:840} INFO - DAG(s) 'example_params_trigger_ui' retrieved from /home/airflow/.local/lib/python3.8/site-packages/airflow/example_dags/example_params_trigger_ui.py
[2025-06-12T18:51:50.900+0000] {logging_mixin.py:188} INFO - [2025-06-12T18:51:50.900+0000] {dag.py:3036} INFO - Sync 1 DAGs
[2025-06-12T18:51:50.918+0000] {logging_mixin.py:188} INFO - [2025-06-12T18:51:50.917+0000] {dag.py:3823} INFO - Setting next_dagrun for example_params_trigger_ui to None, run_after=None
[2025-06-12T18:51:50.950+0000] {processor.py:183} INFO - Processing /home/airflow/.local/lib/python3.8/site-packages/airflow/example_dags/example_params_trigger_ui.py took 0.149 seconds
[2025-06-12T18:52:21.815+0000] {processor.py:161} INFO - Started process (PID=1354) to work on /home/airflow/.local/lib/python3.8/site-packages/airflow/example_dags/example_params_trigger_ui.py
[2025-06-12T18:52:21.822+0000] {processor.py:830} INFO - Processing file /home/airflow/.local/lib/python3.8/site-packages/airflow/example_dags/example_params_trigger_ui.py for tasks to queue
[2025-06-12T18:52:21.827+0000] {logging_mixin.py:188} INFO - [2025-06-12T18:52:21.826+0000] {dagbag.py:538} INFO - Filling up the DagBag from /home/airflow/.local/lib/python3.8/site-packages/airflow/example_dags/example_params_trigger_ui.py
[2025-06-12T18:52:22.009+0000] {processor.py:840} INFO - DAG(s) 'example_params_trigger_ui' retrieved from /home/airflow/.local/lib/python3.8/site-packages/airflow/example_dags/example_params_trigger_ui.py
[2025-06-12T18:52:22.143+0000] {logging_mixin.py:188} INFO - [2025-06-12T18:52:22.142+0000] {dag.py:3036} INFO - Sync 1 DAGs
[2025-06-12T18:52:22.184+0000] {logging_mixin.py:188} INFO - [2025-06-12T18:52:22.181+0000] {dag.py:3823} INFO - Setting next_dagrun for example_params_trigger_ui to None, run_after=None
[2025-06-12T18:52:22.266+0000] {processor.py:183} INFO - Processing /home/airflow/.local/lib/python3.8/site-packages/airflow/example_dags/example_params_trigger_ui.py took 0.464 seconds
[2025-06-12T18:52:52.536+0000] {processor.py:161} INFO - Started process (PID=1409) to work on /home/airflow/.local/lib/python3.8/site-packages/airflow/example_dags/example_params_trigger_ui.py
[2025-06-12T18:52:52.539+0000] {processor.py:830} INFO - Processing file /home/airflow/.local/lib/python3.8/site-packages/airflow/example_dags/example_params_trigger_ui.py for tasks to queue
[2025-06-12T18:52:52.541+0000] {logging_mixin.py:188} INFO - [2025-06-12T18:52:52.540+0000] {dagbag.py:538} INFO - Filling up the DagBag from /home/airflow/.local/lib/python3.8/site-packages/airflow/example_dags/example_params_trigger_ui.py
[2025-06-12T18:52:52.562+0000] {processor.py:840} INFO - DAG(s) 'example_params_trigger_ui' retrieved from /home/airflow/.local/lib/python3.8/site-packages/airflow/example_dags/example_params_trigger_ui.py
[2025-06-12T18:52:52.636+0000] {logging_mixin.py:188} INFO - [2025-06-12T18:52:52.635+0000] {dag.py:3036} INFO - Sync 1 DAGs
[2025-06-12T18:52:52.652+0000] {logging_mixin.py:188} INFO - [2025-06-12T18:52:52.652+0000] {dag.py:3823} INFO - Setting next_dagrun for example_params_trigger_ui to None, run_after=None
[2025-06-12T18:52:52.682+0000] {processor.py:183} INFO - Processing /home/airflow/.local/lib/python3.8/site-packages/airflow/example_dags/example_params_trigger_ui.py took 0.151 seconds
[2025-06-12T18:53:23.298+0000] {processor.py:161} INFO - Started process (PID=1464) to work on /home/airflow/.local/lib/python3.8/site-packages/airflow/example_dags/example_params_trigger_ui.py
[2025-06-12T18:53:23.300+0000] {processor.py:830} INFO - Processing file /home/airflow/.local/lib/python3.8/site-packages/airflow/example_dags/example_params_trigger_ui.py for tasks to queue
[2025-06-12T18:53:23.302+0000] {logging_mixin.py:188} INFO - [2025-06-12T18:53:23.301+0000] {dagbag.py:538} INFO - Filling up the DagBag from /home/airflow/.local/lib/python3.8/site-packages/airflow/example_dags/example_params_trigger_ui.py
[2025-06-12T18:53:23.326+0000] {processor.py:840} INFO - DAG(s) 'example_params_trigger_ui' retrieved from /home/airflow/.local/lib/python3.8/site-packages/airflow/example_dags/example_params_trigger_ui.py
[2025-06-12T18:53:23.393+0000] {logging_mixin.py:188} INFO - [2025-06-12T18:53:23.392+0000] {dag.py:3036} INFO - Sync 1 DAGs
[2025-06-12T18:53:23.414+0000] {logging_mixin.py:188} INFO - [2025-06-12T18:53:23.413+0000] {dag.py:3823} INFO - Setting next_dagrun for example_params_trigger_ui to None, run_after=None
[2025-06-12T18:53:23.449+0000] {processor.py:183} INFO - Processing /home/airflow/.local/lib/python3.8/site-packages/airflow/example_dags/example_params_trigger_ui.py took 0.157 seconds
[2025-06-12T18:53:53.821+0000] {processor.py:161} INFO - Started process (PID=1520) to work on /home/airflow/.local/lib/python3.8/site-packages/airflow/example_dags/example_params_trigger_ui.py
[2025-06-12T18:53:53.824+0000] {processor.py:830} INFO - Processing file /home/airflow/.local/lib/python3.8/site-packages/airflow/example_dags/example_params_trigger_ui.py for tasks to queue
[2025-06-12T18:53:53.826+0000] {logging_mixin.py:188} INFO - [2025-06-12T18:53:53.826+0000] {dagbag.py:538} INFO - Filling up the DagBag from /home/airflow/.local/lib/python3.8/site-packages/airflow/example_dags/example_params_trigger_ui.py
[2025-06-12T18:53:53.849+0000] {processor.py:840} INFO - DAG(s) 'example_params_trigger_ui' retrieved from /home/airflow/.local/lib/python3.8/site-packages/airflow/example_dags/example_params_trigger_ui.py
[2025-06-12T18:53:53.919+0000] {logging_mixin.py:188} INFO - [2025-06-12T18:53:53.918+0000] {dag.py:3036} INFO - Sync 1 DAGs
[2025-06-12T18:53:53.938+0000] {logging_mixin.py:188} INFO - [2025-06-12T18:53:53.938+0000] {dag.py:3823} INFO - Setting next_dagrun for example_params_trigger_ui to None, run_after=None
[2025-06-12T18:53:53.971+0000] {processor.py:183} INFO - Processing /home/airflow/.local/lib/python3.8/site-packages/airflow/example_dags/example_params_trigger_ui.py took 0.157 seconds
[2025-06-12T18:54:24.441+0000] {processor.py:161} INFO - Started process (PID=1575) to work on /home/airflow/.local/lib/python3.8/site-packages/airflow/example_dags/example_params_trigger_ui.py
[2025-06-12T18:54:24.444+0000] {processor.py:830} INFO - Processing file /home/airflow/.local/lib/python3.8/site-packages/airflow/example_dags/example_params_trigger_ui.py for tasks to queue
[2025-06-12T18:54:24.447+0000] {logging_mixin.py:188} INFO - [2025-06-12T18:54:24.446+0000] {dagbag.py:538} INFO - Filling up the DagBag from /home/airflow/.local/lib/python3.8/site-packages/airflow/example_dags/example_params_trigger_ui.py
[2025-06-12T18:54:24.473+0000] {processor.py:840} INFO - DAG(s) 'example_params_trigger_ui' retrieved from /home/airflow/.local/lib/python3.8/site-packages/airflow/example_dags/example_params_trigger_ui.py
[2025-06-12T18:54:24.564+0000] {logging_mixin.py:188} INFO - [2025-06-12T18:54:24.564+0000] {dag.py:3036} INFO - Sync 1 DAGs
[2025-06-12T18:54:24.585+0000] {logging_mixin.py:188} INFO - [2025-06-12T18:54:24.584+0000] {dag.py:3823} INFO - Setting next_dagrun for example_params_trigger_ui to None, run_after=None
[2025-06-12T18:54:24.623+0000] {processor.py:183} INFO - Processing /home/airflow/.local/lib/python3.8/site-packages/airflow/example_dags/example_params_trigger_ui.py took 0.190 seconds
[2025-06-12T18:54:55.012+0000] {processor.py:161} INFO - Started process (PID=1630) to work on /home/airflow/.local/lib/python3.8/site-packages/airflow/example_dags/example_params_trigger_ui.py
[2025-06-12T18:54:55.015+0000] {processor.py:830} INFO - Processing file /home/airflow/.local/lib/python3.8/site-packages/airflow/example_dags/example_params_trigger_ui.py for tasks to queue
[2025-06-12T18:54:55.017+0000] {logging_mixin.py:188} INFO - [2025-06-12T18:54:55.016+0000] {dagbag.py:538} INFO - Filling up the DagBag from /home/airflow/.local/lib/python3.8/site-packages/airflow/example_dags/example_params_trigger_ui.py
[2025-06-12T18:54:55.044+0000] {processor.py:840} INFO - DAG(s) 'example_params_trigger_ui' retrieved from /home/airflow/.local/lib/python3.8/site-packages/airflow/example_dags/example_params_trigger_ui.py
[2025-06-12T18:54:55.137+0000] {logging_mixin.py:188} INFO - [2025-06-12T18:54:55.137+0000] {dag.py:3036} INFO - Sync 1 DAGs
[2025-06-12T18:54:55.164+0000] {logging_mixin.py:188} INFO - [2025-06-12T18:54:55.164+0000] {dag.py:3823} INFO - Setting next_dagrun for example_params_trigger_ui to None, run_after=None
[2025-06-12T18:54:55.218+0000] {processor.py:183} INFO - Processing /home/airflow/.local/lib/python3.8/site-packages/airflow/example_dags/example_params_trigger_ui.py took 0.213 seconds
[2025-06-12T18:55:25.426+0000] {processor.py:161} INFO - Started process (PID=1685) to work on /home/airflow/.local/lib/python3.8/site-packages/airflow/example_dags/example_params_trigger_ui.py
[2025-06-12T18:55:25.428+0000] {processor.py:830} INFO - Processing file /home/airflow/.local/lib/python3.8/site-packages/airflow/example_dags/example_params_trigger_ui.py for tasks to queue
[2025-06-12T18:55:25.431+0000] {logging_mixin.py:188} INFO - [2025-06-12T18:55:25.430+0000] {dagbag.py:538} INFO - Filling up the DagBag from /home/airflow/.local/lib/python3.8/site-packages/airflow/example_dags/example_params_trigger_ui.py
[2025-06-12T18:55:25.455+0000] {processor.py:840} INFO - DAG(s) 'example_params_trigger_ui' retrieved from /home/airflow/.local/lib/python3.8/site-packages/airflow/example_dags/example_params_trigger_ui.py
[2025-06-12T18:55:25.530+0000] {logging_mixin.py:188} INFO - [2025-06-12T18:55:25.530+0000] {dag.py:3036} INFO - Sync 1 DAGs
[2025-06-12T18:55:25.547+0000] {logging_mixin.py:188} INFO - [2025-06-12T18:55:25.547+0000] {dag.py:3823} INFO - Setting next_dagrun for example_params_trigger_ui to None, run_after=None
[2025-06-12T18:55:25.578+0000] {processor.py:183} INFO - Processing /home/airflow/.local/lib/python3.8/site-packages/airflow/example_dags/example_params_trigger_ui.py took 0.158 seconds
[2025-06-12T18:55:56.207+0000] {processor.py:161} INFO - Started process (PID=1740) to work on /home/airflow/.local/lib/python3.8/site-packages/airflow/example_dags/example_params_trigger_ui.py
[2025-06-12T18:55:56.210+0000] {processor.py:830} INFO - Processing file /home/airflow/.local/lib/python3.8/site-packages/airflow/example_dags/example_params_trigger_ui.py for tasks to queue
[2025-06-12T18:55:56.213+0000] {logging_mixin.py:188} INFO - [2025-06-12T18:55:56.212+0000] {dagbag.py:538} INFO - Filling up the DagBag from /home/airflow/.local/lib/python3.8/site-packages/airflow/example_dags/example_params_trigger_ui.py
[2025-06-12T18:55:56.240+0000] {processor.py:840} INFO - DAG(s) 'example_params_trigger_ui' retrieved from /home/airflow/.local/lib/python3.8/site-packages/airflow/example_dags/example_params_trigger_ui.py
[2025-06-12T18:55:56.322+0000] {logging_mixin.py:188} INFO - [2025-06-12T18:55:56.322+0000] {dag.py:3036} INFO - Sync 1 DAGs
[2025-06-12T18:55:56.344+0000] {logging_mixin.py:188} INFO - [2025-06-12T18:55:56.344+0000] {dag.py:3823} INFO - Setting next_dagrun for example_params_trigger_ui to None, run_after=None
[2025-06-12T18:55:56.385+0000] {processor.py:183} INFO - Processing /home/airflow/.local/lib/python3.8/site-packages/airflow/example_dags/example_params_trigger_ui.py took 0.183 seconds
[2025-06-12T18:56:26.822+0000] {processor.py:161} INFO - Started process (PID=1795) to work on /home/airflow/.local/lib/python3.8/site-packages/airflow/example_dags/example_params_trigger_ui.py
[2025-06-12T18:56:26.825+0000] {processor.py:830} INFO - Processing file /home/airflow/.local/lib/python3.8/site-packages/airflow/example_dags/example_params_trigger_ui.py for tasks to queue
[2025-06-12T18:56:26.828+0000] {logging_mixin.py:188} INFO - [2025-06-12T18:56:26.827+0000] {dagbag.py:538} INFO - Filling up the DagBag from /home/airflow/.local/lib/python3.8/site-packages/airflow/example_dags/example_params_trigger_ui.py
[2025-06-12T18:56:26.866+0000] {processor.py:840} INFO - DAG(s) 'example_params_trigger_ui' retrieved from /home/airflow/.local/lib/python3.8/site-packages/airflow/example_dags/example_params_trigger_ui.py
[2025-06-12T18:56:26.954+0000] {logging_mixin.py:188} INFO - [2025-06-12T18:56:26.954+0000] {dag.py:3036} INFO - Sync 1 DAGs
[2025-06-12T18:56:26.972+0000] {logging_mixin.py:188} INFO - [2025-06-12T18:56:26.972+0000] {dag.py:3823} INFO - Setting next_dagrun for example_params_trigger_ui to None, run_after=None
[2025-06-12T18:56:27.012+0000] {processor.py:183} INFO - Processing /home/airflow/.local/lib/python3.8/site-packages/airflow/example_dags/example_params_trigger_ui.py took 0.201 seconds
[2025-06-12T18:56:57.386+0000] {processor.py:161} INFO - Started process (PID=1850) to work on /home/airflow/.local/lib/python3.8/site-packages/airflow/example_dags/example_params_trigger_ui.py
[2025-06-12T18:56:57.388+0000] {processor.py:830} INFO - Processing file /home/airflow/.local/lib/python3.8/site-packages/airflow/example_dags/example_params_trigger_ui.py for tasks to queue
[2025-06-12T18:56:57.390+0000] {logging_mixin.py:188} INFO - [2025-06-12T18:56:57.390+0000] {dagbag.py:538} INFO - Filling up the DagBag from /home/airflow/.local/lib/python3.8/site-packages/airflow/example_dags/example_params_trigger_ui.py
[2025-06-12T18:56:57.417+0000] {processor.py:840} INFO - DAG(s) 'example_params_trigger_ui' retrieved from /home/airflow/.local/lib/python3.8/site-packages/airflow/example_dags/example_params_trigger_ui.py
[2025-06-12T18:56:57.494+0000] {logging_mixin.py:188} INFO - [2025-06-12T18:56:57.494+0000] {dag.py:3036} INFO - Sync 1 DAGs
[2025-06-12T18:56:57.513+0000] {logging_mixin.py:188} INFO - [2025-06-12T18:56:57.512+0000] {dag.py:3823} INFO - Setting next_dagrun for example_params_trigger_ui to None, run_after=None
[2025-06-12T18:56:57.560+0000] {processor.py:183} INFO - Processing /home/airflow/.local/lib/python3.8/site-packages/airflow/example_dags/example_params_trigger_ui.py took 0.179 seconds
[2025-06-12T18:57:40.297+0000] {processor.py:161} INFO - Started process (PID=1905) to work on /home/airflow/.local/lib/python3.8/site-packages/airflow/example_dags/example_params_trigger_ui.py
[2025-06-12T18:57:40.300+0000] {processor.py:830} INFO - Processing file /home/airflow/.local/lib/python3.8/site-packages/airflow/example_dags/example_params_trigger_ui.py for tasks to queue
[2025-06-12T18:57:40.303+0000] {logging_mixin.py:188} INFO - [2025-06-12T18:57:40.302+0000] {dagbag.py:538} INFO - Filling up the DagBag from /home/airflow/.local/lib/python3.8/site-packages/airflow/example_dags/example_params_trigger_ui.py
[2025-06-12T18:57:40.339+0000] {processor.py:840} INFO - DAG(s) 'example_params_trigger_ui' retrieved from /home/airflow/.local/lib/python3.8/site-packages/airflow/example_dags/example_params_trigger_ui.py
[2025-06-12T18:57:40.504+0000] {logging_mixin.py:188} INFO - [2025-06-12T18:57:40.503+0000] {dag.py:3036} INFO - Sync 1 DAGs
[2025-06-12T18:57:40.536+0000] {logging_mixin.py:188} INFO - [2025-06-12T18:57:40.535+0000] {dag.py:3823} INFO - Setting next_dagrun for example_params_trigger_ui to None, run_after=None
[2025-06-12T18:57:40.597+0000] {processor.py:183} INFO - Processing /home/airflow/.local/lib/python3.8/site-packages/airflow/example_dags/example_params_trigger_ui.py took 0.310 seconds
[2025-06-12T18:58:11.260+0000] {processor.py:161} INFO - Started process (PID=1961) to work on /home/airflow/.local/lib/python3.8/site-packages/airflow/example_dags/example_params_trigger_ui.py
[2025-06-12T18:58:11.263+0000] {processor.py:830} INFO - Processing file /home/airflow/.local/lib/python3.8/site-packages/airflow/example_dags/example_params_trigger_ui.py for tasks to queue
[2025-06-12T18:58:11.265+0000] {logging_mixin.py:188} INFO - [2025-06-12T18:58:11.264+0000] {dagbag.py:538} INFO - Filling up the DagBag from /home/airflow/.local/lib/python3.8/site-packages/airflow/example_dags/example_params_trigger_ui.py
[2025-06-12T18:58:11.289+0000] {processor.py:840} INFO - DAG(s) 'example_params_trigger_ui' retrieved from /home/airflow/.local/lib/python3.8/site-packages/airflow/example_dags/example_params_trigger_ui.py
[2025-06-12T18:58:11.385+0000] {logging_mixin.py:188} INFO - [2025-06-12T18:58:11.384+0000] {dag.py:3036} INFO - Sync 1 DAGs
[2025-06-12T18:58:11.410+0000] {logging_mixin.py:188} INFO - [2025-06-12T18:58:11.409+0000] {dag.py:3823} INFO - Setting next_dagrun for example_params_trigger_ui to None, run_after=None
[2025-06-12T18:58:11.455+0000] {processor.py:183} INFO - Processing /home/airflow/.local/lib/python3.8/site-packages/airflow/example_dags/example_params_trigger_ui.py took 0.201 seconds
[2025-06-12T18:58:41.642+0000] {processor.py:161} INFO - Started process (PID=2016) to work on /home/airflow/.local/lib/python3.8/site-packages/airflow/example_dags/example_params_trigger_ui.py
[2025-06-12T18:58:41.643+0000] {processor.py:830} INFO - Processing file /home/airflow/.local/lib/python3.8/site-packages/airflow/example_dags/example_params_trigger_ui.py for tasks to queue
[2025-06-12T18:58:41.646+0000] {logging_mixin.py:188} INFO - [2025-06-12T18:58:41.645+0000] {dagbag.py:538} INFO - Filling up the DagBag from /home/airflow/.local/lib/python3.8/site-packages/airflow/example_dags/example_params_trigger_ui.py
[2025-06-12T18:58:41.668+0000] {processor.py:840} INFO - DAG(s) 'example_params_trigger_ui' retrieved from /home/airflow/.local/lib/python3.8/site-packages/airflow/example_dags/example_params_trigger_ui.py
[2025-06-12T18:58:41.744+0000] {logging_mixin.py:188} INFO - [2025-06-12T18:58:41.744+0000] {dag.py:3036} INFO - Sync 1 DAGs
[2025-06-12T18:58:41.771+0000] {logging_mixin.py:188} INFO - [2025-06-12T18:58:41.770+0000] {dag.py:3823} INFO - Setting next_dagrun for example_params_trigger_ui to None, run_after=None
[2025-06-12T18:58:41.817+0000] {processor.py:183} INFO - Processing /home/airflow/.local/lib/python3.8/site-packages/airflow/example_dags/example_params_trigger_ui.py took 0.181 seconds
[2025-06-12T18:59:12.190+0000] {processor.py:161} INFO - Started process (PID=2069) to work on /home/airflow/.local/lib/python3.8/site-packages/airflow/example_dags/example_params_trigger_ui.py
[2025-06-12T18:59:12.195+0000] {processor.py:830} INFO - Processing file /home/airflow/.local/lib/python3.8/site-packages/airflow/example_dags/example_params_trigger_ui.py for tasks to queue
[2025-06-12T18:59:12.198+0000] {logging_mixin.py:188} INFO - [2025-06-12T18:59:12.197+0000] {dagbag.py:538} INFO - Filling up the DagBag from /home/airflow/.local/lib/python3.8/site-packages/airflow/example_dags/example_params_trigger_ui.py
[2025-06-12T18:59:12.263+0000] {processor.py:840} INFO - DAG(s) 'example_params_trigger_ui' retrieved from /home/airflow/.local/lib/python3.8/site-packages/airflow/example_dags/example_params_trigger_ui.py
[2025-06-12T18:59:12.410+0000] {logging_mixin.py:188} INFO - [2025-06-12T18:59:12.409+0000] {dag.py:3036} INFO - Sync 1 DAGs
[2025-06-12T18:59:12.446+0000] {logging_mixin.py:188} INFO - [2025-06-12T18:59:12.445+0000] {dag.py:3823} INFO - Setting next_dagrun for example_params_trigger_ui to None, run_after=None
[2025-06-12T18:59:12.503+0000] {processor.py:183} INFO - Processing /home/airflow/.local/lib/python3.8/site-packages/airflow/example_dags/example_params_trigger_ui.py took 0.323 seconds
[2025-06-12T18:59:42.865+0000] {processor.py:161} INFO - Started process (PID=2124) to work on /home/airflow/.local/lib/python3.8/site-packages/airflow/example_dags/example_params_trigger_ui.py
[2025-06-12T18:59:42.872+0000] {processor.py:830} INFO - Processing file /home/airflow/.local/lib/python3.8/site-packages/airflow/example_dags/example_params_trigger_ui.py for tasks to queue
[2025-06-12T18:59:42.877+0000] {logging_mixin.py:188} INFO - [2025-06-12T18:59:42.875+0000] {dagbag.py:538} INFO - Filling up the DagBag from /home/airflow/.local/lib/python3.8/site-packages/airflow/example_dags/example_params_trigger_ui.py
[2025-06-12T18:59:42.941+0000] {processor.py:840} INFO - DAG(s) 'example_params_trigger_ui' retrieved from /home/airflow/.local/lib/python3.8/site-packages/airflow/example_dags/example_params_trigger_ui.py
[2025-06-12T18:59:43.084+0000] {logging_mixin.py:188} INFO - [2025-06-12T18:59:43.083+0000] {dag.py:3036} INFO - Sync 1 DAGs
[2025-06-12T18:59:43.116+0000] {logging_mixin.py:188} INFO - [2025-06-12T18:59:43.116+0000] {dag.py:3823} INFO - Setting next_dagrun for example_params_trigger_ui to None, run_after=None
[2025-06-12T18:59:43.173+0000] {processor.py:183} INFO - Processing /home/airflow/.local/lib/python3.8/site-packages/airflow/example_dags/example_params_trigger_ui.py took 0.325 seconds
[2025-06-12T19:00:13.492+0000] {processor.py:161} INFO - Started process (PID=2179) to work on /home/airflow/.local/lib/python3.8/site-packages/airflow/example_dags/example_params_trigger_ui.py
[2025-06-12T19:00:13.496+0000] {processor.py:830} INFO - Processing file /home/airflow/.local/lib/python3.8/site-packages/airflow/example_dags/example_params_trigger_ui.py for tasks to queue
[2025-06-12T19:00:13.501+0000] {logging_mixin.py:188} INFO - [2025-06-12T19:00:13.499+0000] {dagbag.py:538} INFO - Filling up the DagBag from /home/airflow/.local/lib/python3.8/site-packages/airflow/example_dags/example_params_trigger_ui.py
[2025-06-12T19:00:13.550+0000] {processor.py:840} INFO - DAG(s) 'example_params_trigger_ui' retrieved from /home/airflow/.local/lib/python3.8/site-packages/airflow/example_dags/example_params_trigger_ui.py
[2025-06-12T19:00:13.757+0000] {logging_mixin.py:188} INFO - [2025-06-12T19:00:13.756+0000] {dag.py:3036} INFO - Sync 1 DAGs
[2025-06-12T19:00:13.809+0000] {logging_mixin.py:188} INFO - [2025-06-12T19:00:13.808+0000] {dag.py:3823} INFO - Setting next_dagrun for example_params_trigger_ui to None, run_after=None
[2025-06-12T19:00:13.865+0000] {processor.py:183} INFO - Processing /home/airflow/.local/lib/python3.8/site-packages/airflow/example_dags/example_params_trigger_ui.py took 0.390 seconds
[2025-06-12T19:00:44.058+0000] {processor.py:161} INFO - Started process (PID=2235) to work on /home/airflow/.local/lib/python3.8/site-packages/airflow/example_dags/example_params_trigger_ui.py
[2025-06-12T19:00:44.064+0000] {processor.py:830} INFO - Processing file /home/airflow/.local/lib/python3.8/site-packages/airflow/example_dags/example_params_trigger_ui.py for tasks to queue
[2025-06-12T19:00:44.068+0000] {logging_mixin.py:188} INFO - [2025-06-12T19:00:44.067+0000] {dagbag.py:538} INFO - Filling up the DagBag from /home/airflow/.local/lib/python3.8/site-packages/airflow/example_dags/example_params_trigger_ui.py
[2025-06-12T19:00:44.110+0000] {processor.py:840} INFO - DAG(s) 'example_params_trigger_ui' retrieved from /home/airflow/.local/lib/python3.8/site-packages/airflow/example_dags/example_params_trigger_ui.py
[2025-06-12T19:00:44.294+0000] {logging_mixin.py:188} INFO - [2025-06-12T19:00:44.294+0000] {dag.py:3036} INFO - Sync 1 DAGs
[2025-06-12T19:00:44.326+0000] {logging_mixin.py:188} INFO - [2025-06-12T19:00:44.326+0000] {dag.py:3823} INFO - Setting next_dagrun for example_params_trigger_ui to None, run_after=None
[2025-06-12T19:00:44.397+0000] {processor.py:183} INFO - Processing /home/airflow/.local/lib/python3.8/site-packages/airflow/example_dags/example_params_trigger_ui.py took 0.348 seconds
[2025-06-12T19:01:15.004+0000] {processor.py:161} INFO - Started process (PID=2290) to work on /home/airflow/.local/lib/python3.8/site-packages/airflow/example_dags/example_params_trigger_ui.py
[2025-06-12T19:01:15.008+0000] {processor.py:830} INFO - Processing file /home/airflow/.local/lib/python3.8/site-packages/airflow/example_dags/example_params_trigger_ui.py for tasks to queue
[2025-06-12T19:01:15.012+0000] {logging_mixin.py:188} INFO - [2025-06-12T19:01:15.011+0000] {dagbag.py:538} INFO - Filling up the DagBag from /home/airflow/.local/lib/python3.8/site-packages/airflow/example_dags/example_params_trigger_ui.py
[2025-06-12T19:01:15.053+0000] {processor.py:840} INFO - DAG(s) 'example_params_trigger_ui' retrieved from /home/airflow/.local/lib/python3.8/site-packages/airflow/example_dags/example_params_trigger_ui.py
[2025-06-12T19:01:15.167+0000] {logging_mixin.py:188} INFO - [2025-06-12T19:01:15.166+0000] {dag.py:3036} INFO - Sync 1 DAGs
[2025-06-12T19:01:15.195+0000] {logging_mixin.py:188} INFO - [2025-06-12T19:01:15.194+0000] {dag.py:3823} INFO - Setting next_dagrun for example_params_trigger_ui to None, run_after=None
[2025-06-12T19:01:15.246+0000] {processor.py:183} INFO - Processing /home/airflow/.local/lib/python3.8/site-packages/airflow/example_dags/example_params_trigger_ui.py took 0.251 seconds
[2025-06-12T19:01:46.133+0000] {processor.py:161} INFO - Started process (PID=2345) to work on /home/airflow/.local/lib/python3.8/site-packages/airflow/example_dags/example_params_trigger_ui.py
[2025-06-12T19:01:46.138+0000] {processor.py:830} INFO - Processing file /home/airflow/.local/lib/python3.8/site-packages/airflow/example_dags/example_params_trigger_ui.py for tasks to queue
[2025-06-12T19:01:46.141+0000] {logging_mixin.py:188} INFO - [2025-06-12T19:01:46.141+0000] {dagbag.py:538} INFO - Filling up the DagBag from /home/airflow/.local/lib/python3.8/site-packages/airflow/example_dags/example_params_trigger_ui.py
[2025-06-12T19:01:46.191+0000] {processor.py:840} INFO - DAG(s) 'example_params_trigger_ui' retrieved from /home/airflow/.local/lib/python3.8/site-packages/airflow/example_dags/example_params_trigger_ui.py
[2025-06-12T19:01:46.334+0000] {logging_mixin.py:188} INFO - [2025-06-12T19:01:46.334+0000] {dag.py:3036} INFO - Sync 1 DAGs
[2025-06-12T19:01:46.369+0000] {logging_mixin.py:188} INFO - [2025-06-12T19:01:46.368+0000] {dag.py:3823} INFO - Setting next_dagrun for example_params_trigger_ui to None, run_after=None
[2025-06-12T19:01:46.435+0000] {processor.py:183} INFO - Processing /home/airflow/.local/lib/python3.8/site-packages/airflow/example_dags/example_params_trigger_ui.py took 0.314 seconds
[2025-06-12T19:02:16.803+0000] {processor.py:161} INFO - Started process (PID=2402) to work on /home/airflow/.local/lib/python3.8/site-packages/airflow/example_dags/example_params_trigger_ui.py
[2025-06-12T19:02:16.806+0000] {processor.py:830} INFO - Processing file /home/airflow/.local/lib/python3.8/site-packages/airflow/example_dags/example_params_trigger_ui.py for tasks to queue
[2025-06-12T19:02:16.809+0000] {logging_mixin.py:188} INFO - [2025-06-12T19:02:16.808+0000] {dagbag.py:538} INFO - Filling up the DagBag from /home/airflow/.local/lib/python3.8/site-packages/airflow/example_dags/example_params_trigger_ui.py
[2025-06-12T19:02:16.845+0000] {processor.py:840} INFO - DAG(s) 'example_params_trigger_ui' retrieved from /home/airflow/.local/lib/python3.8/site-packages/airflow/example_dags/example_params_trigger_ui.py
[2025-06-12T19:02:17.015+0000] {logging_mixin.py:188} INFO - [2025-06-12T19:02:17.014+0000] {dag.py:3036} INFO - Sync 1 DAGs
[2025-06-12T19:02:17.054+0000] {logging_mixin.py:188} INFO - [2025-06-12T19:02:17.053+0000] {dag.py:3823} INFO - Setting next_dagrun for example_params_trigger_ui to None, run_after=None
[2025-06-12T19:02:17.128+0000] {processor.py:183} INFO - Processing /home/airflow/.local/lib/python3.8/site-packages/airflow/example_dags/example_params_trigger_ui.py took 0.334 seconds
[2025-06-12T19:02:47.449+0000] {processor.py:161} INFO - Started process (PID=2456) to work on /home/airflow/.local/lib/python3.8/site-packages/airflow/example_dags/example_params_trigger_ui.py
[2025-06-12T19:02:47.453+0000] {processor.py:830} INFO - Processing file /home/airflow/.local/lib/python3.8/site-packages/airflow/example_dags/example_params_trigger_ui.py for tasks to queue
[2025-06-12T19:02:47.456+0000] {logging_mixin.py:188} INFO - [2025-06-12T19:02:47.455+0000] {dagbag.py:538} INFO - Filling up the DagBag from /home/airflow/.local/lib/python3.8/site-packages/airflow/example_dags/example_params_trigger_ui.py
[2025-06-12T19:02:47.498+0000] {processor.py:840} INFO - DAG(s) 'example_params_trigger_ui' retrieved from /home/airflow/.local/lib/python3.8/site-packages/airflow/example_dags/example_params_trigger_ui.py
[2025-06-12T19:02:47.698+0000] {logging_mixin.py:188} INFO - [2025-06-12T19:02:47.697+0000] {dag.py:3036} INFO - Sync 1 DAGs
[2025-06-12T19:02:47.743+0000] {logging_mixin.py:188} INFO - [2025-06-12T19:02:47.742+0000] {dag.py:3823} INFO - Setting next_dagrun for example_params_trigger_ui to None, run_after=None
[2025-06-12T19:02:47.805+0000] {processor.py:183} INFO - Processing /home/airflow/.local/lib/python3.8/site-packages/airflow/example_dags/example_params_trigger_ui.py took 0.366 seconds
[2025-06-12T19:03:18.288+0000] {processor.py:161} INFO - Started process (PID=2511) to work on /home/airflow/.local/lib/python3.8/site-packages/airflow/example_dags/example_params_trigger_ui.py
[2025-06-12T19:03:18.291+0000] {processor.py:830} INFO - Processing file /home/airflow/.local/lib/python3.8/site-packages/airflow/example_dags/example_params_trigger_ui.py for tasks to queue
[2025-06-12T19:03:18.295+0000] {logging_mixin.py:188} INFO - [2025-06-12T19:03:18.294+0000] {dagbag.py:538} INFO - Filling up the DagBag from /home/airflow/.local/lib/python3.8/site-packages/airflow/example_dags/example_params_trigger_ui.py
[2025-06-12T19:03:18.336+0000] {processor.py:840} INFO - DAG(s) 'example_params_trigger_ui' retrieved from /home/airflow/.local/lib/python3.8/site-packages/airflow/example_dags/example_params_trigger_ui.py
[2025-06-12T19:03:18.488+0000] {logging_mixin.py:188} INFO - [2025-06-12T19:03:18.487+0000] {dag.py:3036} INFO - Sync 1 DAGs
[2025-06-12T19:03:18.516+0000] {logging_mixin.py:188} INFO - [2025-06-12T19:03:18.516+0000] {dag.py:3823} INFO - Setting next_dagrun for example_params_trigger_ui to None, run_after=None
[2025-06-12T19:03:18.571+0000] {processor.py:183} INFO - Processing /home/airflow/.local/lib/python3.8/site-packages/airflow/example_dags/example_params_trigger_ui.py took 0.298 seconds
[2025-06-12T19:03:48.761+0000] {processor.py:161} INFO - Started process (PID=2566) to work on /home/airflow/.local/lib/python3.8/site-packages/airflow/example_dags/example_params_trigger_ui.py
[2025-06-12T19:03:48.766+0000] {processor.py:830} INFO - Processing file /home/airflow/.local/lib/python3.8/site-packages/airflow/example_dags/example_params_trigger_ui.py for tasks to queue
[2025-06-12T19:03:48.771+0000] {logging_mixin.py:188} INFO - [2025-06-12T19:03:48.770+0000] {dagbag.py:538} INFO - Filling up the DagBag from /home/airflow/.local/lib/python3.8/site-packages/airflow/example_dags/example_params_trigger_ui.py
[2025-06-12T19:03:48.891+0000] {processor.py:840} INFO - DAG(s) 'example_params_trigger_ui' retrieved from /home/airflow/.local/lib/python3.8/site-packages/airflow/example_dags/example_params_trigger_ui.py
[2025-06-12T19:03:49.019+0000] {logging_mixin.py:188} INFO - [2025-06-12T19:03:49.018+0000] {dag.py:3036} INFO - Sync 1 DAGs
[2025-06-12T19:03:49.046+0000] {logging_mixin.py:188} INFO - [2025-06-12T19:03:49.046+0000] {dag.py:3823} INFO - Setting next_dagrun for example_params_trigger_ui to None, run_after=None
[2025-06-12T19:03:49.123+0000] {processor.py:183} INFO - Processing /home/airflow/.local/lib/python3.8/site-packages/airflow/example_dags/example_params_trigger_ui.py took 0.372 seconds
[2025-06-12T19:04:19.491+0000] {processor.py:161} INFO - Started process (PID=2622) to work on /home/airflow/.local/lib/python3.8/site-packages/airflow/example_dags/example_params_trigger_ui.py
[2025-06-12T19:04:19.495+0000] {processor.py:830} INFO - Processing file /home/airflow/.local/lib/python3.8/site-packages/airflow/example_dags/example_params_trigger_ui.py for tasks to queue
[2025-06-12T19:04:19.499+0000] {logging_mixin.py:188} INFO - [2025-06-12T19:04:19.498+0000] {dagbag.py:538} INFO - Filling up the DagBag from /home/airflow/.local/lib/python3.8/site-packages/airflow/example_dags/example_params_trigger_ui.py
[2025-06-12T19:04:19.546+0000] {processor.py:840} INFO - DAG(s) 'example_params_trigger_ui' retrieved from /home/airflow/.local/lib/python3.8/site-packages/airflow/example_dags/example_params_trigger_ui.py
[2025-06-12T19:04:19.714+0000] {logging_mixin.py:188} INFO - [2025-06-12T19:04:19.713+0000] {dag.py:3036} INFO - Sync 1 DAGs
[2025-06-12T19:04:19.750+0000] {logging_mixin.py:188} INFO - [2025-06-12T19:04:19.749+0000] {dag.py:3823} INFO - Setting next_dagrun for example_params_trigger_ui to None, run_after=None
[2025-06-12T19:04:19.805+0000] {processor.py:183} INFO - Processing /home/airflow/.local/lib/python3.8/site-packages/airflow/example_dags/example_params_trigger_ui.py took 0.332 seconds
[2025-06-12T19:04:50.540+0000] {processor.py:161} INFO - Started process (PID=2678) to work on /home/airflow/.local/lib/python3.8/site-packages/airflow/example_dags/example_params_trigger_ui.py
[2025-06-12T19:04:50.544+0000] {processor.py:830} INFO - Processing file /home/airflow/.local/lib/python3.8/site-packages/airflow/example_dags/example_params_trigger_ui.py for tasks to queue
[2025-06-12T19:04:50.548+0000] {logging_mixin.py:188} INFO - [2025-06-12T19:04:50.547+0000] {dagbag.py:538} INFO - Filling up the DagBag from /home/airflow/.local/lib/python3.8/site-packages/airflow/example_dags/example_params_trigger_ui.py
[2025-06-12T19:04:50.601+0000] {processor.py:840} INFO - DAG(s) 'example_params_trigger_ui' retrieved from /home/airflow/.local/lib/python3.8/site-packages/airflow/example_dags/example_params_trigger_ui.py
[2025-06-12T19:04:50.746+0000] {logging_mixin.py:188} INFO - [2025-06-12T19:04:50.745+0000] {dag.py:3036} INFO - Sync 1 DAGs
[2025-06-12T19:04:50.789+0000] {logging_mixin.py:188} INFO - [2025-06-12T19:04:50.788+0000] {dag.py:3823} INFO - Setting next_dagrun for example_params_trigger_ui to None, run_after=None
[2025-06-12T19:04:50.854+0000] {processor.py:183} INFO - Processing /home/airflow/.local/lib/python3.8/site-packages/airflow/example_dags/example_params_trigger_ui.py took 0.328 seconds
[2025-06-12T19:05:21.476+0000] {processor.py:161} INFO - Started process (PID=2734) to work on /home/airflow/.local/lib/python3.8/site-packages/airflow/example_dags/example_params_trigger_ui.py
[2025-06-12T19:05:21.479+0000] {processor.py:830} INFO - Processing file /home/airflow/.local/lib/python3.8/site-packages/airflow/example_dags/example_params_trigger_ui.py for tasks to queue
[2025-06-12T19:05:21.482+0000] {logging_mixin.py:188} INFO - [2025-06-12T19:05:21.482+0000] {dagbag.py:538} INFO - Filling up the DagBag from /home/airflow/.local/lib/python3.8/site-packages/airflow/example_dags/example_params_trigger_ui.py
[2025-06-12T19:05:21.518+0000] {processor.py:840} INFO - DAG(s) 'example_params_trigger_ui' retrieved from /home/airflow/.local/lib/python3.8/site-packages/airflow/example_dags/example_params_trigger_ui.py
[2025-06-12T19:05:22.030+0000] {logging_mixin.py:188} INFO - [2025-06-12T19:05:22.029+0000] {dag.py:3036} INFO - Sync 1 DAGs
[2025-06-12T19:05:22.057+0000] {logging_mixin.py:188} INFO - [2025-06-12T19:05:22.056+0000] {dag.py:3823} INFO - Setting next_dagrun for example_params_trigger_ui to None, run_after=None
[2025-06-12T19:05:22.107+0000] {processor.py:183} INFO - Processing /home/airflow/.local/lib/python3.8/site-packages/airflow/example_dags/example_params_trigger_ui.py took 0.642 seconds
[2025-06-12T19:05:52.550+0000] {processor.py:161} INFO - Started process (PID=2790) to work on /home/airflow/.local/lib/python3.8/site-packages/airflow/example_dags/example_params_trigger_ui.py
[2025-06-12T19:05:52.554+0000] {processor.py:830} INFO - Processing file /home/airflow/.local/lib/python3.8/site-packages/airflow/example_dags/example_params_trigger_ui.py for tasks to queue
[2025-06-12T19:05:52.560+0000] {logging_mixin.py:188} INFO - [2025-06-12T19:05:52.559+0000] {dagbag.py:538} INFO - Filling up the DagBag from /home/airflow/.local/lib/python3.8/site-packages/airflow/example_dags/example_params_trigger_ui.py
[2025-06-12T19:05:52.607+0000] {processor.py:840} INFO - DAG(s) 'example_params_trigger_ui' retrieved from /home/airflow/.local/lib/python3.8/site-packages/airflow/example_dags/example_params_trigger_ui.py
[2025-06-12T19:05:52.727+0000] {logging_mixin.py:188} INFO - [2025-06-12T19:05:52.727+0000] {dag.py:3036} INFO - Sync 1 DAGs
[2025-06-12T19:05:53.117+0000] {logging_mixin.py:188} INFO - [2025-06-12T19:05:53.117+0000] {dag.py:3823} INFO - Setting next_dagrun for example_params_trigger_ui to None, run_after=None
[2025-06-12T19:05:53.161+0000] {processor.py:183} INFO - Processing /home/airflow/.local/lib/python3.8/site-packages/airflow/example_dags/example_params_trigger_ui.py took 0.624 seconds
[2025-06-12T19:06:23.617+0000] {processor.py:161} INFO - Started process (PID=2846) to work on /home/airflow/.local/lib/python3.8/site-packages/airflow/example_dags/example_params_trigger_ui.py
[2025-06-12T19:06:23.620+0000] {processor.py:830} INFO - Processing file /home/airflow/.local/lib/python3.8/site-packages/airflow/example_dags/example_params_trigger_ui.py for tasks to queue
[2025-06-12T19:06:23.623+0000] {logging_mixin.py:188} INFO - [2025-06-12T19:06:23.622+0000] {dagbag.py:538} INFO - Filling up the DagBag from /home/airflow/.local/lib/python3.8/site-packages/airflow/example_dags/example_params_trigger_ui.py
[2025-06-12T19:06:23.663+0000] {processor.py:840} INFO - DAG(s) 'example_params_trigger_ui' retrieved from /home/airflow/.local/lib/python3.8/site-packages/airflow/example_dags/example_params_trigger_ui.py
[2025-06-12T19:06:23.808+0000] {logging_mixin.py:188} INFO - [2025-06-12T19:06:23.807+0000] {dag.py:3036} INFO - Sync 1 DAGs
[2025-06-12T19:06:23.836+0000] {logging_mixin.py:188} INFO - [2025-06-12T19:06:23.836+0000] {dag.py:3823} INFO - Setting next_dagrun for example_params_trigger_ui to None, run_after=None
[2025-06-12T19:06:24.255+0000] {processor.py:183} INFO - Processing /home/airflow/.local/lib/python3.8/site-packages/airflow/example_dags/example_params_trigger_ui.py took 0.647 seconds
[2025-06-12T19:06:55.170+0000] {processor.py:161} INFO - Started process (PID=2905) to work on /home/airflow/.local/lib/python3.8/site-packages/airflow/example_dags/example_params_trigger_ui.py
[2025-06-12T19:06:55.174+0000] {processor.py:830} INFO - Processing file /home/airflow/.local/lib/python3.8/site-packages/airflow/example_dags/example_params_trigger_ui.py for tasks to queue
[2025-06-12T19:06:55.184+0000] {logging_mixin.py:188} INFO - [2025-06-12T19:06:55.179+0000] {dagbag.py:538} INFO - Filling up the DagBag from /home/airflow/.local/lib/python3.8/site-packages/airflow/example_dags/example_params_trigger_ui.py
[2025-06-12T19:06:55.256+0000] {processor.py:840} INFO - DAG(s) 'example_params_trigger_ui' retrieved from /home/airflow/.local/lib/python3.8/site-packages/airflow/example_dags/example_params_trigger_ui.py
[2025-06-12T19:06:55.728+0000] {logging_mixin.py:188} INFO - [2025-06-12T19:06:55.727+0000] {dag.py:3036} INFO - Sync 1 DAGs
[2025-06-12T19:06:55.771+0000] {logging_mixin.py:188} INFO - [2025-06-12T19:06:55.770+0000] {dag.py:3823} INFO - Setting next_dagrun for example_params_trigger_ui to None, run_after=None
[2025-06-12T19:06:55.859+0000] {processor.py:183} INFO - Processing /home/airflow/.local/lib/python3.8/site-packages/airflow/example_dags/example_params_trigger_ui.py took 0.707 seconds
[2025-06-12T19:14:37.918+0000] {logging_mixin.py:188} INFO - [2025-06-12T19:14:37.912+0000] {process_utils.py:262} INFO - Waiting up to 5 seconds for processes to exit...
