[2025-06-12T18:35:17.194+0000] {processor.py:161} INFO - Started process (PID=107) to work on /home/airflow/.local/lib/python3.8/site-packages/airflow/example_dags/example_branch_day_of_week_operator.py
[2025-06-12T18:35:17.198+0000] {processor.py:830} INFO - Processing file /home/airflow/.local/lib/python3.8/site-packages/airflow/example_dags/example_branch_day_of_week_operator.py for tasks to queue
[2025-06-12T18:35:17.203+0000] {logging_mixin.py:188} INFO - [2025-06-12T18:35:17.202+0000] {dagbag.py:538} INFO - Filling up the DagBag from /home/airflow/.local/lib/python3.8/site-packages/airflow/example_dags/example_branch_day_of_week_operator.py
[2025-06-12T18:35:17.228+0000] {processor.py:840} INFO - DAG(s) 'example_weekday_branch_operator' retrieved from /home/airflow/.local/lib/python3.8/site-packages/airflow/example_dags/example_branch_day_of_week_operator.py
[2025-06-12T18:35:17.613+0000] {logging_mixin.py:188} INFO - [2025-06-12T18:35:17.612+0000] {dag.py:3036} INFO - Sync 1 DAGs
[2025-06-12T18:35:17.653+0000] {logging_mixin.py:188} INFO - [2025-06-12T18:35:17.652+0000] {dag.py:3823} INFO - Setting next_dagrun for example_weekday_branch_operator to 2025-06-11 00:00:00+00:00, run_after=2025-06-12 00:00:00+00:00
[2025-06-12T18:35:17.696+0000] {processor.py:183} INFO - Processing /home/airflow/.local/lib/python3.8/site-packages/airflow/example_dags/example_branch_day_of_week_operator.py took 0.511 seconds
[2025-06-12T18:35:48.633+0000] {processor.py:161} INFO - Started process (PID=162) to work on /home/airflow/.local/lib/python3.8/site-packages/airflow/example_dags/example_branch_day_of_week_operator.py
[2025-06-12T18:35:48.640+0000] {processor.py:830} INFO - Processing file /home/airflow/.local/lib/python3.8/site-packages/airflow/example_dags/example_branch_day_of_week_operator.py for tasks to queue
[2025-06-12T18:35:48.652+0000] {logging_mixin.py:188} INFO - [2025-06-12T18:35:48.650+0000] {dagbag.py:538} INFO - Filling up the DagBag from /home/airflow/.local/lib/python3.8/site-packages/airflow/example_dags/example_branch_day_of_week_operator.py
[2025-06-12T18:35:48.743+0000] {processor.py:840} INFO - DAG(s) 'example_weekday_branch_operator' retrieved from /home/airflow/.local/lib/python3.8/site-packages/airflow/example_dags/example_branch_day_of_week_operator.py
[2025-06-12T18:35:48.809+0000] {logging_mixin.py:188} INFO - [2025-06-12T18:35:48.809+0000] {dag.py:3036} INFO - Sync 1 DAGs
[2025-06-12T18:35:48.872+0000] {logging_mixin.py:188} INFO - [2025-06-12T18:35:48.872+0000] {dag.py:3823} INFO - Setting next_dagrun for example_weekday_branch_operator to 2025-06-11 00:00:00+00:00, run_after=2025-06-12 00:00:00+00:00
[2025-06-12T18:35:48.922+0000] {processor.py:183} INFO - Processing /home/airflow/.local/lib/python3.8/site-packages/airflow/example_dags/example_branch_day_of_week_operator.py took 0.303 seconds
[2025-06-12T18:36:19.193+0000] {processor.py:161} INFO - Started process (PID=217) to work on /home/airflow/.local/lib/python3.8/site-packages/airflow/example_dags/example_branch_day_of_week_operator.py
[2025-06-12T18:36:19.195+0000] {processor.py:830} INFO - Processing file /home/airflow/.local/lib/python3.8/site-packages/airflow/example_dags/example_branch_day_of_week_operator.py for tasks to queue
[2025-06-12T18:36:19.198+0000] {logging_mixin.py:188} INFO - [2025-06-12T18:36:19.198+0000] {dagbag.py:538} INFO - Filling up the DagBag from /home/airflow/.local/lib/python3.8/site-packages/airflow/example_dags/example_branch_day_of_week_operator.py
[2025-06-12T18:36:19.213+0000] {processor.py:840} INFO - DAG(s) 'example_weekday_branch_operator' retrieved from /home/airflow/.local/lib/python3.8/site-packages/airflow/example_dags/example_branch_day_of_week_operator.py
[2025-06-12T18:36:19.235+0000] {logging_mixin.py:188} INFO - [2025-06-12T18:36:19.235+0000] {dag.py:3036} INFO - Sync 1 DAGs
[2025-06-12T18:36:19.271+0000] {logging_mixin.py:188} INFO - [2025-06-12T18:36:19.270+0000] {dag.py:3823} INFO - Setting next_dagrun for example_weekday_branch_operator to 2025-06-11 00:00:00+00:00, run_after=2025-06-12 00:00:00+00:00
[2025-06-12T18:36:19.305+0000] {processor.py:183} INFO - Processing /home/airflow/.local/lib/python3.8/site-packages/airflow/example_dags/example_branch_day_of_week_operator.py took 0.118 seconds
[2025-06-12T18:36:49.623+0000] {processor.py:161} INFO - Started process (PID=272) to work on /home/airflow/.local/lib/python3.8/site-packages/airflow/example_dags/example_branch_day_of_week_operator.py
[2025-06-12T18:36:49.624+0000] {processor.py:830} INFO - Processing file /home/airflow/.local/lib/python3.8/site-packages/airflow/example_dags/example_branch_day_of_week_operator.py for tasks to queue
[2025-06-12T18:36:49.627+0000] {logging_mixin.py:188} INFO - [2025-06-12T18:36:49.627+0000] {dagbag.py:538} INFO - Filling up the DagBag from /home/airflow/.local/lib/python3.8/site-packages/airflow/example_dags/example_branch_day_of_week_operator.py
[2025-06-12T18:36:49.641+0000] {processor.py:840} INFO - DAG(s) 'example_weekday_branch_operator' retrieved from /home/airflow/.local/lib/python3.8/site-packages/airflow/example_dags/example_branch_day_of_week_operator.py
[2025-06-12T18:36:49.798+0000] {logging_mixin.py:188} INFO - [2025-06-12T18:36:49.797+0000] {dag.py:3036} INFO - Sync 1 DAGs
[2025-06-12T18:36:49.830+0000] {logging_mixin.py:188} INFO - [2025-06-12T18:36:49.830+0000] {dag.py:3823} INFO - Setting next_dagrun for example_weekday_branch_operator to 2025-06-11 00:00:00+00:00, run_after=2025-06-12 00:00:00+00:00
[2025-06-12T18:36:49.864+0000] {processor.py:183} INFO - Processing /home/airflow/.local/lib/python3.8/site-packages/airflow/example_dags/example_branch_day_of_week_operator.py took 0.246 seconds
[2025-06-12T18:37:20.439+0000] {processor.py:161} INFO - Started process (PID=327) to work on /home/airflow/.local/lib/python3.8/site-packages/airflow/example_dags/example_branch_day_of_week_operator.py
[2025-06-12T18:37:20.441+0000] {processor.py:830} INFO - Processing file /home/airflow/.local/lib/python3.8/site-packages/airflow/example_dags/example_branch_day_of_week_operator.py for tasks to queue
[2025-06-12T18:37:20.445+0000] {logging_mixin.py:188} INFO - [2025-06-12T18:37:20.444+0000] {dagbag.py:538} INFO - Filling up the DagBag from /home/airflow/.local/lib/python3.8/site-packages/airflow/example_dags/example_branch_day_of_week_operator.py
[2025-06-12T18:37:20.460+0000] {processor.py:840} INFO - DAG(s) 'example_weekday_branch_operator' retrieved from /home/airflow/.local/lib/python3.8/site-packages/airflow/example_dags/example_branch_day_of_week_operator.py
[2025-06-12T18:37:20.501+0000] {logging_mixin.py:188} INFO - [2025-06-12T18:37:20.500+0000] {dag.py:3036} INFO - Sync 1 DAGs
[2025-06-12T18:37:20.534+0000] {logging_mixin.py:188} INFO - [2025-06-12T18:37:20.534+0000] {dag.py:3823} INFO - Setting next_dagrun for example_weekday_branch_operator to 2025-06-11 00:00:00+00:00, run_after=2025-06-12 00:00:00+00:00
[2025-06-12T18:37:20.564+0000] {processor.py:183} INFO - Processing /home/airflow/.local/lib/python3.8/site-packages/airflow/example_dags/example_branch_day_of_week_operator.py took 0.131 seconds
[2025-06-12T18:37:50.696+0000] {processor.py:161} INFO - Started process (PID=380) to work on /home/airflow/.local/lib/python3.8/site-packages/airflow/example_dags/example_branch_day_of_week_operator.py
[2025-06-12T18:37:50.699+0000] {processor.py:830} INFO - Processing file /home/airflow/.local/lib/python3.8/site-packages/airflow/example_dags/example_branch_day_of_week_operator.py for tasks to queue
[2025-06-12T18:37:50.711+0000] {logging_mixin.py:188} INFO - [2025-06-12T18:37:50.710+0000] {dagbag.py:538} INFO - Filling up the DagBag from /home/airflow/.local/lib/python3.8/site-packages/airflow/example_dags/example_branch_day_of_week_operator.py
[2025-06-12T18:37:50.728+0000] {processor.py:840} INFO - DAG(s) 'example_weekday_branch_operator' retrieved from /home/airflow/.local/lib/python3.8/site-packages/airflow/example_dags/example_branch_day_of_week_operator.py
[2025-06-12T18:37:50.777+0000] {logging_mixin.py:188} INFO - [2025-06-12T18:37:50.776+0000] {dag.py:3036} INFO - Sync 1 DAGs
[2025-06-12T18:37:50.826+0000] {logging_mixin.py:188} INFO - [2025-06-12T18:37:50.825+0000] {dag.py:3823} INFO - Setting next_dagrun for example_weekday_branch_operator to 2025-06-11 00:00:00+00:00, run_after=2025-06-12 00:00:00+00:00
[2025-06-12T18:37:50.871+0000] {processor.py:183} INFO - Processing /home/airflow/.local/lib/python3.8/site-packages/airflow/example_dags/example_branch_day_of_week_operator.py took 0.184 seconds
[2025-06-12T18:38:22.000+0000] {processor.py:161} INFO - Started process (PID=435) to work on /home/airflow/.local/lib/python3.8/site-packages/airflow/example_dags/example_branch_day_of_week_operator.py
[2025-06-12T18:38:22.004+0000] {processor.py:830} INFO - Processing file /home/airflow/.local/lib/python3.8/site-packages/airflow/example_dags/example_branch_day_of_week_operator.py for tasks to queue
[2025-06-12T18:38:22.008+0000] {logging_mixin.py:188} INFO - [2025-06-12T18:38:22.008+0000] {dagbag.py:538} INFO - Filling up the DagBag from /home/airflow/.local/lib/python3.8/site-packages/airflow/example_dags/example_branch_day_of_week_operator.py
[2025-06-12T18:38:22.030+0000] {processor.py:840} INFO - DAG(s) 'example_weekday_branch_operator' retrieved from /home/airflow/.local/lib/python3.8/site-packages/airflow/example_dags/example_branch_day_of_week_operator.py
[2025-06-12T18:38:22.081+0000] {logging_mixin.py:188} INFO - [2025-06-12T18:38:22.080+0000] {dag.py:3036} INFO - Sync 1 DAGs
[2025-06-12T18:38:22.126+0000] {logging_mixin.py:188} INFO - [2025-06-12T18:38:22.126+0000] {dag.py:3823} INFO - Setting next_dagrun for example_weekday_branch_operator to 2025-06-11 00:00:00+00:00, run_after=2025-06-12 00:00:00+00:00
[2025-06-12T18:38:22.175+0000] {processor.py:183} INFO - Processing /home/airflow/.local/lib/python3.8/site-packages/airflow/example_dags/example_branch_day_of_week_operator.py took 0.183 seconds
[2025-06-12T18:38:52.297+0000] {processor.py:161} INFO - Started process (PID=490) to work on /home/airflow/.local/lib/python3.8/site-packages/airflow/example_dags/example_branch_day_of_week_operator.py
[2025-06-12T18:38:52.300+0000] {processor.py:830} INFO - Processing file /home/airflow/.local/lib/python3.8/site-packages/airflow/example_dags/example_branch_day_of_week_operator.py for tasks to queue
[2025-06-12T18:38:52.303+0000] {logging_mixin.py:188} INFO - [2025-06-12T18:38:52.303+0000] {dagbag.py:538} INFO - Filling up the DagBag from /home/airflow/.local/lib/python3.8/site-packages/airflow/example_dags/example_branch_day_of_week_operator.py
[2025-06-12T18:38:52.319+0000] {processor.py:840} INFO - DAG(s) 'example_weekday_branch_operator' retrieved from /home/airflow/.local/lib/python3.8/site-packages/airflow/example_dags/example_branch_day_of_week_operator.py
[2025-06-12T18:38:52.360+0000] {logging_mixin.py:188} INFO - [2025-06-12T18:38:52.359+0000] {dag.py:3036} INFO - Sync 1 DAGs
[2025-06-12T18:38:52.391+0000] {logging_mixin.py:188} INFO - [2025-06-12T18:38:52.391+0000] {dag.py:3823} INFO - Setting next_dagrun for example_weekday_branch_operator to 2025-06-11 00:00:00+00:00, run_after=2025-06-12 00:00:00+00:00
[2025-06-12T18:38:52.427+0000] {processor.py:183} INFO - Processing /home/airflow/.local/lib/python3.8/site-packages/airflow/example_dags/example_branch_day_of_week_operator.py took 0.135 seconds
[2025-06-12T18:39:22.971+0000] {processor.py:161} INFO - Started process (PID=545) to work on /home/airflow/.local/lib/python3.8/site-packages/airflow/example_dags/example_branch_day_of_week_operator.py
[2025-06-12T18:39:22.976+0000] {processor.py:830} INFO - Processing file /home/airflow/.local/lib/python3.8/site-packages/airflow/example_dags/example_branch_day_of_week_operator.py for tasks to queue
[2025-06-12T18:39:22.980+0000] {logging_mixin.py:188} INFO - [2025-06-12T18:39:22.979+0000] {dagbag.py:538} INFO - Filling up the DagBag from /home/airflow/.local/lib/python3.8/site-packages/airflow/example_dags/example_branch_day_of_week_operator.py
[2025-06-12T18:39:22.999+0000] {processor.py:840} INFO - DAG(s) 'example_weekday_branch_operator' retrieved from /home/airflow/.local/lib/python3.8/site-packages/airflow/example_dags/example_branch_day_of_week_operator.py
[2025-06-12T18:39:23.031+0000] {logging_mixin.py:188} INFO - [2025-06-12T18:39:23.030+0000] {dag.py:3036} INFO - Sync 1 DAGs
[2025-06-12T18:39:23.088+0000] {logging_mixin.py:188} INFO - [2025-06-12T18:39:23.088+0000] {dag.py:3823} INFO - Setting next_dagrun for example_weekday_branch_operator to 2025-06-11 00:00:00+00:00, run_after=2025-06-12 00:00:00+00:00
[2025-06-12T18:39:23.140+0000] {processor.py:183} INFO - Processing /home/airflow/.local/lib/python3.8/site-packages/airflow/example_dags/example_branch_day_of_week_operator.py took 0.177 seconds
[2025-06-12T18:39:53.856+0000] {processor.py:161} INFO - Started process (PID=600) to work on /home/airflow/.local/lib/python3.8/site-packages/airflow/example_dags/example_branch_day_of_week_operator.py
[2025-06-12T18:39:53.859+0000] {processor.py:830} INFO - Processing file /home/airflow/.local/lib/python3.8/site-packages/airflow/example_dags/example_branch_day_of_week_operator.py for tasks to queue
[2025-06-12T18:39:53.862+0000] {logging_mixin.py:188} INFO - [2025-06-12T18:39:53.862+0000] {dagbag.py:538} INFO - Filling up the DagBag from /home/airflow/.local/lib/python3.8/site-packages/airflow/example_dags/example_branch_day_of_week_operator.py
[2025-06-12T18:39:53.876+0000] {processor.py:840} INFO - DAG(s) 'example_weekday_branch_operator' retrieved from /home/airflow/.local/lib/python3.8/site-packages/airflow/example_dags/example_branch_day_of_week_operator.py
[2025-06-12T18:39:54.054+0000] {logging_mixin.py:188} INFO - [2025-06-12T18:39:54.053+0000] {dag.py:3036} INFO - Sync 1 DAGs
[2025-06-12T18:39:54.091+0000] {logging_mixin.py:188} INFO - [2025-06-12T18:39:54.091+0000] {dag.py:3823} INFO - Setting next_dagrun for example_weekday_branch_operator to 2025-06-11 00:00:00+00:00, run_after=2025-06-12 00:00:00+00:00
[2025-06-12T18:39:54.140+0000] {processor.py:183} INFO - Processing /home/airflow/.local/lib/python3.8/site-packages/airflow/example_dags/example_branch_day_of_week_operator.py took 0.289 seconds
[2025-06-12T18:40:37.320+0000] {processor.py:161} INFO - Started process (PID=655) to work on /home/airflow/.local/lib/python3.8/site-packages/airflow/example_dags/example_branch_day_of_week_operator.py
[2025-06-12T18:40:37.323+0000] {processor.py:830} INFO - Processing file /home/airflow/.local/lib/python3.8/site-packages/airflow/example_dags/example_branch_day_of_week_operator.py for tasks to queue
[2025-06-12T18:40:37.338+0000] {logging_mixin.py:188} INFO - [2025-06-12T18:40:37.337+0000] {dagbag.py:538} INFO - Filling up the DagBag from /home/airflow/.local/lib/python3.8/site-packages/airflow/example_dags/example_branch_day_of_week_operator.py
[2025-06-12T18:40:37.362+0000] {processor.py:840} INFO - DAG(s) 'example_weekday_branch_operator' retrieved from /home/airflow/.local/lib/python3.8/site-packages/airflow/example_dags/example_branch_day_of_week_operator.py
[2025-06-12T18:40:37.417+0000] {logging_mixin.py:188} INFO - [2025-06-12T18:40:37.417+0000] {dag.py:3036} INFO - Sync 1 DAGs
[2025-06-12T18:40:37.480+0000] {logging_mixin.py:188} INFO - [2025-06-12T18:40:37.479+0000] {dag.py:3823} INFO - Setting next_dagrun for example_weekday_branch_operator to 2025-06-11 00:00:00+00:00, run_after=2025-06-12 00:00:00+00:00
[2025-06-12T18:40:37.547+0000] {processor.py:183} INFO - Processing /home/airflow/.local/lib/python3.8/site-packages/airflow/example_dags/example_branch_day_of_week_operator.py took 0.245 seconds
[2025-06-12T18:46:16.692+0000] {processor.py:161} INFO - Started process (PID=714) to work on /home/airflow/.local/lib/python3.8/site-packages/airflow/example_dags/example_branch_day_of_week_operator.py
[2025-06-12T18:46:16.695+0000] {processor.py:830} INFO - Processing file /home/airflow/.local/lib/python3.8/site-packages/airflow/example_dags/example_branch_day_of_week_operator.py for tasks to queue
[2025-06-12T18:46:16.697+0000] {logging_mixin.py:188} INFO - [2025-06-12T18:46:16.696+0000] {dagbag.py:538} INFO - Filling up the DagBag from /home/airflow/.local/lib/python3.8/site-packages/airflow/example_dags/example_branch_day_of_week_operator.py
[2025-06-12T18:46:16.713+0000] {processor.py:840} INFO - DAG(s) 'example_weekday_branch_operator' retrieved from /home/airflow/.local/lib/python3.8/site-packages/airflow/example_dags/example_branch_day_of_week_operator.py
[2025-06-12T18:46:16.919+0000] {logging_mixin.py:188} INFO - [2025-06-12T18:46:16.919+0000] {dag.py:3036} INFO - Sync 1 DAGs
[2025-06-12T18:46:16.963+0000] {logging_mixin.py:188} INFO - [2025-06-12T18:46:16.962+0000] {dag.py:3823} INFO - Setting next_dagrun for example_weekday_branch_operator to 2025-06-11 00:00:00+00:00, run_after=2025-06-12 00:00:00+00:00
[2025-06-12T18:46:17.004+0000] {processor.py:183} INFO - Processing /home/airflow/.local/lib/python3.8/site-packages/airflow/example_dags/example_branch_day_of_week_operator.py took 0.318 seconds
[2025-06-12T18:46:47.211+0000] {processor.py:161} INFO - Started process (PID=770) to work on /home/airflow/.local/lib/python3.8/site-packages/airflow/example_dags/example_branch_day_of_week_operator.py
[2025-06-12T18:46:47.215+0000] {processor.py:830} INFO - Processing file /home/airflow/.local/lib/python3.8/site-packages/airflow/example_dags/example_branch_day_of_week_operator.py for tasks to queue
[2025-06-12T18:46:47.221+0000] {logging_mixin.py:188} INFO - [2025-06-12T18:46:47.217+0000] {dagbag.py:538} INFO - Filling up the DagBag from /home/airflow/.local/lib/python3.8/site-packages/airflow/example_dags/example_branch_day_of_week_operator.py
[2025-06-12T18:46:47.255+0000] {processor.py:840} INFO - DAG(s) 'example_weekday_branch_operator' retrieved from /home/airflow/.local/lib/python3.8/site-packages/airflow/example_dags/example_branch_day_of_week_operator.py
[2025-06-12T18:46:47.321+0000] {logging_mixin.py:188} INFO - [2025-06-12T18:46:47.321+0000] {dag.py:3036} INFO - Sync 1 DAGs
[2025-06-12T18:46:47.374+0000] {logging_mixin.py:188} INFO - [2025-06-12T18:46:47.373+0000] {dag.py:3823} INFO - Setting next_dagrun for example_weekday_branch_operator to 2025-06-11 00:00:00+00:00, run_after=2025-06-12 00:00:00+00:00
[2025-06-12T18:46:47.421+0000] {processor.py:183} INFO - Processing /home/airflow/.local/lib/python3.8/site-packages/airflow/example_dags/example_branch_day_of_week_operator.py took 0.223 seconds
[2025-06-12T18:47:17.557+0000] {processor.py:161} INFO - Started process (PID=825) to work on /home/airflow/.local/lib/python3.8/site-packages/airflow/example_dags/example_branch_day_of_week_operator.py
[2025-06-12T18:47:17.559+0000] {processor.py:830} INFO - Processing file /home/airflow/.local/lib/python3.8/site-packages/airflow/example_dags/example_branch_day_of_week_operator.py for tasks to queue
[2025-06-12T18:47:17.561+0000] {logging_mixin.py:188} INFO - [2025-06-12T18:47:17.561+0000] {dagbag.py:538} INFO - Filling up the DagBag from /home/airflow/.local/lib/python3.8/site-packages/airflow/example_dags/example_branch_day_of_week_operator.py
[2025-06-12T18:47:17.576+0000] {processor.py:840} INFO - DAG(s) 'example_weekday_branch_operator' retrieved from /home/airflow/.local/lib/python3.8/site-packages/airflow/example_dags/example_branch_day_of_week_operator.py
[2025-06-12T18:47:17.616+0000] {logging_mixin.py:188} INFO - [2025-06-12T18:47:17.616+0000] {dag.py:3036} INFO - Sync 1 DAGs
[2025-06-12T18:47:17.649+0000] {logging_mixin.py:188} INFO - [2025-06-12T18:47:17.648+0000] {dag.py:3823} INFO - Setting next_dagrun for example_weekday_branch_operator to 2025-06-11 00:00:00+00:00, run_after=2025-06-12 00:00:00+00:00
[2025-06-12T18:47:17.680+0000] {processor.py:183} INFO - Processing /home/airflow/.local/lib/python3.8/site-packages/airflow/example_dags/example_branch_day_of_week_operator.py took 0.128 seconds
[2025-06-12T18:47:48.526+0000] {processor.py:161} INFO - Started process (PID=880) to work on /home/airflow/.local/lib/python3.8/site-packages/airflow/example_dags/example_branch_day_of_week_operator.py
[2025-06-12T18:47:48.527+0000] {processor.py:830} INFO - Processing file /home/airflow/.local/lib/python3.8/site-packages/airflow/example_dags/example_branch_day_of_week_operator.py for tasks to queue
[2025-06-12T18:47:48.529+0000] {logging_mixin.py:188} INFO - [2025-06-12T18:47:48.529+0000] {dagbag.py:538} INFO - Filling up the DagBag from /home/airflow/.local/lib/python3.8/site-packages/airflow/example_dags/example_branch_day_of_week_operator.py
[2025-06-12T18:47:48.541+0000] {processor.py:840} INFO - DAG(s) 'example_weekday_branch_operator' retrieved from /home/airflow/.local/lib/python3.8/site-packages/airflow/example_dags/example_branch_day_of_week_operator.py
[2025-06-12T18:47:48.579+0000] {logging_mixin.py:188} INFO - [2025-06-12T18:47:48.578+0000] {dag.py:3036} INFO - Sync 1 DAGs
[2025-06-12T18:47:48.614+0000] {logging_mixin.py:188} INFO - [2025-06-12T18:47:48.613+0000] {dag.py:3823} INFO - Setting next_dagrun for example_weekday_branch_operator to 2025-06-11 00:00:00+00:00, run_after=2025-06-12 00:00:00+00:00
[2025-06-12T18:47:48.649+0000] {processor.py:183} INFO - Processing /home/airflow/.local/lib/python3.8/site-packages/airflow/example_dags/example_branch_day_of_week_operator.py took 0.130 seconds
[2025-06-12T18:48:20.593+0000] {processor.py:161} INFO - Started process (PID=933) to work on /home/airflow/.local/lib/python3.8/site-packages/airflow/example_dags/example_branch_day_of_week_operator.py
[2025-06-12T18:48:20.596+0000] {processor.py:830} INFO - Processing file /home/airflow/.local/lib/python3.8/site-packages/airflow/example_dags/example_branch_day_of_week_operator.py for tasks to queue
[2025-06-12T18:48:20.599+0000] {logging_mixin.py:188} INFO - [2025-06-12T18:48:20.598+0000] {dagbag.py:538} INFO - Filling up the DagBag from /home/airflow/.local/lib/python3.8/site-packages/airflow/example_dags/example_branch_day_of_week_operator.py
[2025-06-12T18:48:20.614+0000] {processor.py:840} INFO - DAG(s) 'example_weekday_branch_operator' retrieved from /home/airflow/.local/lib/python3.8/site-packages/airflow/example_dags/example_branch_day_of_week_operator.py
[2025-06-12T18:48:20.652+0000] {logging_mixin.py:188} INFO - [2025-06-12T18:48:20.651+0000] {dag.py:3036} INFO - Sync 1 DAGs
[2025-06-12T18:48:20.702+0000] {logging_mixin.py:188} INFO - [2025-06-12T18:48:20.702+0000] {dag.py:3823} INFO - Setting next_dagrun for example_weekday_branch_operator to 2025-06-11 00:00:00+00:00, run_after=2025-06-12 00:00:00+00:00
[2025-06-12T18:48:20.744+0000] {processor.py:183} INFO - Processing /home/airflow/.local/lib/python3.8/site-packages/airflow/example_dags/example_branch_day_of_week_operator.py took 0.157 seconds
[2025-06-12T18:48:50.945+0000] {processor.py:161} INFO - Started process (PID=988) to work on /home/airflow/.local/lib/python3.8/site-packages/airflow/example_dags/example_branch_day_of_week_operator.py
[2025-06-12T18:48:50.947+0000] {processor.py:830} INFO - Processing file /home/airflow/.local/lib/python3.8/site-packages/airflow/example_dags/example_branch_day_of_week_operator.py for tasks to queue
[2025-06-12T18:48:50.949+0000] {logging_mixin.py:188} INFO - [2025-06-12T18:48:50.948+0000] {dagbag.py:538} INFO - Filling up the DagBag from /home/airflow/.local/lib/python3.8/site-packages/airflow/example_dags/example_branch_day_of_week_operator.py
[2025-06-12T18:48:50.963+0000] {processor.py:840} INFO - DAG(s) 'example_weekday_branch_operator' retrieved from /home/airflow/.local/lib/python3.8/site-packages/airflow/example_dags/example_branch_day_of_week_operator.py
[2025-06-12T18:48:51.000+0000] {logging_mixin.py:188} INFO - [2025-06-12T18:48:50.999+0000] {dag.py:3036} INFO - Sync 1 DAGs
[2025-06-12T18:48:51.034+0000] {logging_mixin.py:188} INFO - [2025-06-12T18:48:51.033+0000] {dag.py:3823} INFO - Setting next_dagrun for example_weekday_branch_operator to 2025-06-11 00:00:00+00:00, run_after=2025-06-12 00:00:00+00:00
[2025-06-12T18:48:51.067+0000] {processor.py:183} INFO - Processing /home/airflow/.local/lib/python3.8/site-packages/airflow/example_dags/example_branch_day_of_week_operator.py took 0.129 seconds
[2025-06-12T18:49:21.489+0000] {processor.py:161} INFO - Started process (PID=1043) to work on /home/airflow/.local/lib/python3.8/site-packages/airflow/example_dags/example_branch_day_of_week_operator.py
[2025-06-12T18:49:21.492+0000] {processor.py:830} INFO - Processing file /home/airflow/.local/lib/python3.8/site-packages/airflow/example_dags/example_branch_day_of_week_operator.py for tasks to queue
[2025-06-12T18:49:21.495+0000] {logging_mixin.py:188} INFO - [2025-06-12T18:49:21.494+0000] {dagbag.py:538} INFO - Filling up the DagBag from /home/airflow/.local/lib/python3.8/site-packages/airflow/example_dags/example_branch_day_of_week_operator.py
[2025-06-12T18:49:21.516+0000] {processor.py:840} INFO - DAG(s) 'example_weekday_branch_operator' retrieved from /home/airflow/.local/lib/python3.8/site-packages/airflow/example_dags/example_branch_day_of_week_operator.py
[2025-06-12T18:49:21.580+0000] {logging_mixin.py:188} INFO - [2025-06-12T18:49:21.579+0000] {dag.py:3036} INFO - Sync 1 DAGs
[2025-06-12T18:49:21.621+0000] {logging_mixin.py:188} INFO - [2025-06-12T18:49:21.620+0000] {dag.py:3823} INFO - Setting next_dagrun for example_weekday_branch_operator to 2025-06-11 00:00:00+00:00, run_after=2025-06-12 00:00:00+00:00
[2025-06-12T18:49:21.657+0000] {processor.py:183} INFO - Processing /home/airflow/.local/lib/python3.8/site-packages/airflow/example_dags/example_branch_day_of_week_operator.py took 0.174 seconds
[2025-06-12T18:49:52.801+0000] {processor.py:161} INFO - Started process (PID=1098) to work on /home/airflow/.local/lib/python3.8/site-packages/airflow/example_dags/example_branch_day_of_week_operator.py
[2025-06-12T18:49:52.803+0000] {processor.py:830} INFO - Processing file /home/airflow/.local/lib/python3.8/site-packages/airflow/example_dags/example_branch_day_of_week_operator.py for tasks to queue
[2025-06-12T18:49:52.805+0000] {logging_mixin.py:188} INFO - [2025-06-12T18:49:52.805+0000] {dagbag.py:538} INFO - Filling up the DagBag from /home/airflow/.local/lib/python3.8/site-packages/airflow/example_dags/example_branch_day_of_week_operator.py
[2025-06-12T18:49:52.826+0000] {processor.py:840} INFO - DAG(s) 'example_weekday_branch_operator' retrieved from /home/airflow/.local/lib/python3.8/site-packages/airflow/example_dags/example_branch_day_of_week_operator.py
[2025-06-12T18:49:52.868+0000] {logging_mixin.py:188} INFO - [2025-06-12T18:49:52.867+0000] {dag.py:3036} INFO - Sync 1 DAGs
[2025-06-12T18:49:52.916+0000] {logging_mixin.py:188} INFO - [2025-06-12T18:49:52.915+0000] {dag.py:3823} INFO - Setting next_dagrun for example_weekday_branch_operator to 2025-06-11 00:00:00+00:00, run_after=2025-06-12 00:00:00+00:00
[2025-06-12T18:49:52.956+0000] {processor.py:183} INFO - Processing /home/airflow/.local/lib/python3.8/site-packages/airflow/example_dags/example_branch_day_of_week_operator.py took 0.162 seconds
[2025-06-12T18:50:23.898+0000] {processor.py:161} INFO - Started process (PID=1153) to work on /home/airflow/.local/lib/python3.8/site-packages/airflow/example_dags/example_branch_day_of_week_operator.py
[2025-06-12T18:50:23.901+0000] {processor.py:830} INFO - Processing file /home/airflow/.local/lib/python3.8/site-packages/airflow/example_dags/example_branch_day_of_week_operator.py for tasks to queue
[2025-06-12T18:50:23.903+0000] {logging_mixin.py:188} INFO - [2025-06-12T18:50:23.903+0000] {dagbag.py:538} INFO - Filling up the DagBag from /home/airflow/.local/lib/python3.8/site-packages/airflow/example_dags/example_branch_day_of_week_operator.py
[2025-06-12T18:50:23.923+0000] {processor.py:840} INFO - DAG(s) 'example_weekday_branch_operator' retrieved from /home/airflow/.local/lib/python3.8/site-packages/airflow/example_dags/example_branch_day_of_week_operator.py
[2025-06-12T18:50:23.971+0000] {logging_mixin.py:188} INFO - [2025-06-12T18:50:23.970+0000] {dag.py:3036} INFO - Sync 1 DAGs
[2025-06-12T18:50:24.009+0000] {logging_mixin.py:188} INFO - [2025-06-12T18:50:24.008+0000] {dag.py:3823} INFO - Setting next_dagrun for example_weekday_branch_operator to 2025-06-11 00:00:00+00:00, run_after=2025-06-12 00:00:00+00:00
[2025-06-12T18:50:24.044+0000] {processor.py:183} INFO - Processing /home/airflow/.local/lib/python3.8/site-packages/airflow/example_dags/example_branch_day_of_week_operator.py took 0.163 seconds
[2025-06-12T18:50:54.599+0000] {processor.py:161} INFO - Started process (PID=1209) to work on /home/airflow/.local/lib/python3.8/site-packages/airflow/example_dags/example_branch_day_of_week_operator.py
[2025-06-12T18:50:54.601+0000] {processor.py:830} INFO - Processing file /home/airflow/.local/lib/python3.8/site-packages/airflow/example_dags/example_branch_day_of_week_operator.py for tasks to queue
[2025-06-12T18:50:54.603+0000] {logging_mixin.py:188} INFO - [2025-06-12T18:50:54.602+0000] {dagbag.py:538} INFO - Filling up the DagBag from /home/airflow/.local/lib/python3.8/site-packages/airflow/example_dags/example_branch_day_of_week_operator.py
[2025-06-12T18:50:54.622+0000] {processor.py:840} INFO - DAG(s) 'example_weekday_branch_operator' retrieved from /home/airflow/.local/lib/python3.8/site-packages/airflow/example_dags/example_branch_day_of_week_operator.py
[2025-06-12T18:50:54.658+0000] {logging_mixin.py:188} INFO - [2025-06-12T18:50:54.657+0000] {dag.py:3036} INFO - Sync 1 DAGs
[2025-06-12T18:50:54.690+0000] {logging_mixin.py:188} INFO - [2025-06-12T18:50:54.690+0000] {dag.py:3823} INFO - Setting next_dagrun for example_weekday_branch_operator to 2025-06-11 00:00:00+00:00, run_after=2025-06-12 00:00:00+00:00
[2025-06-12T18:50:54.720+0000] {processor.py:183} INFO - Processing /home/airflow/.local/lib/python3.8/site-packages/airflow/example_dags/example_branch_day_of_week_operator.py took 0.126 seconds
[2025-06-12T18:51:25.226+0000] {processor.py:161} INFO - Started process (PID=1264) to work on /home/airflow/.local/lib/python3.8/site-packages/airflow/example_dags/example_branch_day_of_week_operator.py
[2025-06-12T18:51:25.229+0000] {processor.py:830} INFO - Processing file /home/airflow/.local/lib/python3.8/site-packages/airflow/example_dags/example_branch_day_of_week_operator.py for tasks to queue
[2025-06-12T18:51:25.231+0000] {logging_mixin.py:188} INFO - [2025-06-12T18:51:25.230+0000] {dagbag.py:538} INFO - Filling up the DagBag from /home/airflow/.local/lib/python3.8/site-packages/airflow/example_dags/example_branch_day_of_week_operator.py
[2025-06-12T18:51:25.245+0000] {processor.py:840} INFO - DAG(s) 'example_weekday_branch_operator' retrieved from /home/airflow/.local/lib/python3.8/site-packages/airflow/example_dags/example_branch_day_of_week_operator.py
[2025-06-12T18:51:25.288+0000] {logging_mixin.py:188} INFO - [2025-06-12T18:51:25.287+0000] {dag.py:3036} INFO - Sync 1 DAGs
[2025-06-12T18:51:25.328+0000] {logging_mixin.py:188} INFO - [2025-06-12T18:51:25.328+0000] {dag.py:3823} INFO - Setting next_dagrun for example_weekday_branch_operator to 2025-06-11 00:00:00+00:00, run_after=2025-06-12 00:00:00+00:00
[2025-06-12T18:51:25.364+0000] {processor.py:183} INFO - Processing /home/airflow/.local/lib/python3.8/site-packages/airflow/example_dags/example_branch_day_of_week_operator.py took 0.143 seconds
[2025-06-12T18:51:56.061+0000] {processor.py:161} INFO - Started process (PID=1319) to work on /home/airflow/.local/lib/python3.8/site-packages/airflow/example_dags/example_branch_day_of_week_operator.py
[2025-06-12T18:51:56.063+0000] {processor.py:830} INFO - Processing file /home/airflow/.local/lib/python3.8/site-packages/airflow/example_dags/example_branch_day_of_week_operator.py for tasks to queue
[2025-06-12T18:51:56.065+0000] {logging_mixin.py:188} INFO - [2025-06-12T18:51:56.064+0000] {dagbag.py:538} INFO - Filling up the DagBag from /home/airflow/.local/lib/python3.8/site-packages/airflow/example_dags/example_branch_day_of_week_operator.py
[2025-06-12T18:51:56.078+0000] {processor.py:840} INFO - DAG(s) 'example_weekday_branch_operator' retrieved from /home/airflow/.local/lib/python3.8/site-packages/airflow/example_dags/example_branch_day_of_week_operator.py
[2025-06-12T18:51:56.116+0000] {logging_mixin.py:188} INFO - [2025-06-12T18:51:56.116+0000] {dag.py:3036} INFO - Sync 1 DAGs
[2025-06-12T18:51:56.149+0000] {logging_mixin.py:188} INFO - [2025-06-12T18:51:56.148+0000] {dag.py:3823} INFO - Setting next_dagrun for example_weekday_branch_operator to 2025-06-11 00:00:00+00:00, run_after=2025-06-12 00:00:00+00:00
[2025-06-12T18:51:56.180+0000] {processor.py:183} INFO - Processing /home/airflow/.local/lib/python3.8/site-packages/airflow/example_dags/example_branch_day_of_week_operator.py took 0.124 seconds
[2025-06-12T18:52:26.679+0000] {processor.py:161} INFO - Started process (PID=1375) to work on /home/airflow/.local/lib/python3.8/site-packages/airflow/example_dags/example_branch_day_of_week_operator.py
[2025-06-12T18:52:26.681+0000] {processor.py:830} INFO - Processing file /home/airflow/.local/lib/python3.8/site-packages/airflow/example_dags/example_branch_day_of_week_operator.py for tasks to queue
[2025-06-12T18:52:26.683+0000] {logging_mixin.py:188} INFO - [2025-06-12T18:52:26.682+0000] {dagbag.py:538} INFO - Filling up the DagBag from /home/airflow/.local/lib/python3.8/site-packages/airflow/example_dags/example_branch_day_of_week_operator.py
[2025-06-12T18:52:26.697+0000] {processor.py:840} INFO - DAG(s) 'example_weekday_branch_operator' retrieved from /home/airflow/.local/lib/python3.8/site-packages/airflow/example_dags/example_branch_day_of_week_operator.py
[2025-06-12T18:52:26.744+0000] {logging_mixin.py:188} INFO - [2025-06-12T18:52:26.743+0000] {dag.py:3036} INFO - Sync 1 DAGs
[2025-06-12T18:52:26.782+0000] {logging_mixin.py:188} INFO - [2025-06-12T18:52:26.781+0000] {dag.py:3823} INFO - Setting next_dagrun for example_weekday_branch_operator to 2025-06-11 00:00:00+00:00, run_after=2025-06-12 00:00:00+00:00
[2025-06-12T18:52:26.815+0000] {processor.py:183} INFO - Processing /home/airflow/.local/lib/python3.8/site-packages/airflow/example_dags/example_branch_day_of_week_operator.py took 0.142 seconds
[2025-06-12T18:52:58.064+0000] {processor.py:161} INFO - Started process (PID=1430) to work on /home/airflow/.local/lib/python3.8/site-packages/airflow/example_dags/example_branch_day_of_week_operator.py
[2025-06-12T18:52:58.068+0000] {processor.py:830} INFO - Processing file /home/airflow/.local/lib/python3.8/site-packages/airflow/example_dags/example_branch_day_of_week_operator.py for tasks to queue
[2025-06-12T18:52:58.071+0000] {logging_mixin.py:188} INFO - [2025-06-12T18:52:58.070+0000] {dagbag.py:538} INFO - Filling up the DagBag from /home/airflow/.local/lib/python3.8/site-packages/airflow/example_dags/example_branch_day_of_week_operator.py
[2025-06-12T18:52:58.092+0000] {processor.py:840} INFO - DAG(s) 'example_weekday_branch_operator' retrieved from /home/airflow/.local/lib/python3.8/site-packages/airflow/example_dags/example_branch_day_of_week_operator.py
[2025-06-12T18:52:58.151+0000] {logging_mixin.py:188} INFO - [2025-06-12T18:52:58.150+0000] {dag.py:3036} INFO - Sync 1 DAGs
[2025-06-12T18:52:58.197+0000] {logging_mixin.py:188} INFO - [2025-06-12T18:52:58.196+0000] {dag.py:3823} INFO - Setting next_dagrun for example_weekday_branch_operator to 2025-06-11 00:00:00+00:00, run_after=2025-06-12 00:00:00+00:00
[2025-06-12T18:52:58.239+0000] {processor.py:183} INFO - Processing /home/airflow/.local/lib/python3.8/site-packages/airflow/example_dags/example_branch_day_of_week_operator.py took 0.184 seconds
[2025-06-12T18:53:28.775+0000] {processor.py:161} INFO - Started process (PID=1485) to work on /home/airflow/.local/lib/python3.8/site-packages/airflow/example_dags/example_branch_day_of_week_operator.py
[2025-06-12T18:53:28.777+0000] {processor.py:830} INFO - Processing file /home/airflow/.local/lib/python3.8/site-packages/airflow/example_dags/example_branch_day_of_week_operator.py for tasks to queue
[2025-06-12T18:53:28.779+0000] {logging_mixin.py:188} INFO - [2025-06-12T18:53:28.779+0000] {dagbag.py:538} INFO - Filling up the DagBag from /home/airflow/.local/lib/python3.8/site-packages/airflow/example_dags/example_branch_day_of_week_operator.py
[2025-06-12T18:53:28.798+0000] {processor.py:840} INFO - DAG(s) 'example_weekday_branch_operator' retrieved from /home/airflow/.local/lib/python3.8/site-packages/airflow/example_dags/example_branch_day_of_week_operator.py
[2025-06-12T18:53:28.835+0000] {logging_mixin.py:188} INFO - [2025-06-12T18:53:28.834+0000] {dag.py:3036} INFO - Sync 1 DAGs
[2025-06-12T18:53:28.876+0000] {logging_mixin.py:188} INFO - [2025-06-12T18:53:28.876+0000] {dag.py:3823} INFO - Setting next_dagrun for example_weekday_branch_operator to 2025-06-11 00:00:00+00:00, run_after=2025-06-12 00:00:00+00:00
[2025-06-12T18:53:28.907+0000] {processor.py:183} INFO - Processing /home/airflow/.local/lib/python3.8/site-packages/airflow/example_dags/example_branch_day_of_week_operator.py took 0.138 seconds
[2025-06-12T18:53:59.950+0000] {processor.py:161} INFO - Started process (PID=1541) to work on /home/airflow/.local/lib/python3.8/site-packages/airflow/example_dags/example_branch_day_of_week_operator.py
[2025-06-12T18:53:59.953+0000] {processor.py:830} INFO - Processing file /home/airflow/.local/lib/python3.8/site-packages/airflow/example_dags/example_branch_day_of_week_operator.py for tasks to queue
[2025-06-12T18:53:59.955+0000] {logging_mixin.py:188} INFO - [2025-06-12T18:53:59.954+0000] {dagbag.py:538} INFO - Filling up the DagBag from /home/airflow/.local/lib/python3.8/site-packages/airflow/example_dags/example_branch_day_of_week_operator.py
[2025-06-12T18:53:59.967+0000] {processor.py:840} INFO - DAG(s) 'example_weekday_branch_operator' retrieved from /home/airflow/.local/lib/python3.8/site-packages/airflow/example_dags/example_branch_day_of_week_operator.py
[2025-06-12T18:54:00.005+0000] {logging_mixin.py:188} INFO - [2025-06-12T18:54:00.005+0000] {dag.py:3036} INFO - Sync 1 DAGs
[2025-06-12T18:54:00.050+0000] {logging_mixin.py:188} INFO - [2025-06-12T18:54:00.049+0000] {dag.py:3823} INFO - Setting next_dagrun for example_weekday_branch_operator to 2025-06-11 00:00:00+00:00, run_after=2025-06-12 00:00:00+00:00
[2025-06-12T18:54:00.084+0000] {processor.py:183} INFO - Processing /home/airflow/.local/lib/python3.8/site-packages/airflow/example_dags/example_branch_day_of_week_operator.py took 0.139 seconds
[2025-06-12T18:54:30.915+0000] {processor.py:161} INFO - Started process (PID=1596) to work on /home/airflow/.local/lib/python3.8/site-packages/airflow/example_dags/example_branch_day_of_week_operator.py
[2025-06-12T18:54:30.917+0000] {processor.py:830} INFO - Processing file /home/airflow/.local/lib/python3.8/site-packages/airflow/example_dags/example_branch_day_of_week_operator.py for tasks to queue
[2025-06-12T18:54:30.919+0000] {logging_mixin.py:188} INFO - [2025-06-12T18:54:30.919+0000] {dagbag.py:538} INFO - Filling up the DagBag from /home/airflow/.local/lib/python3.8/site-packages/airflow/example_dags/example_branch_day_of_week_operator.py
[2025-06-12T18:54:30.933+0000] {processor.py:840} INFO - DAG(s) 'example_weekday_branch_operator' retrieved from /home/airflow/.local/lib/python3.8/site-packages/airflow/example_dags/example_branch_day_of_week_operator.py
[2025-06-12T18:54:30.971+0000] {logging_mixin.py:188} INFO - [2025-06-12T18:54:30.971+0000] {dag.py:3036} INFO - Sync 1 DAGs
[2025-06-12T18:54:31.005+0000] {logging_mixin.py:188} INFO - [2025-06-12T18:54:31.005+0000] {dag.py:3823} INFO - Setting next_dagrun for example_weekday_branch_operator to 2025-06-11 00:00:00+00:00, run_after=2025-06-12 00:00:00+00:00
[2025-06-12T18:54:31.048+0000] {processor.py:183} INFO - Processing /home/airflow/.local/lib/python3.8/site-packages/airflow/example_dags/example_branch_day_of_week_operator.py took 0.139 seconds
[2025-06-12T18:55:01.866+0000] {processor.py:161} INFO - Started process (PID=1651) to work on /home/airflow/.local/lib/python3.8/site-packages/airflow/example_dags/example_branch_day_of_week_operator.py
[2025-06-12T18:55:01.870+0000] {processor.py:830} INFO - Processing file /home/airflow/.local/lib/python3.8/site-packages/airflow/example_dags/example_branch_day_of_week_operator.py for tasks to queue
[2025-06-12T18:55:01.874+0000] {logging_mixin.py:188} INFO - [2025-06-12T18:55:01.873+0000] {dagbag.py:538} INFO - Filling up the DagBag from /home/airflow/.local/lib/python3.8/site-packages/airflow/example_dags/example_branch_day_of_week_operator.py
[2025-06-12T18:55:01.891+0000] {processor.py:840} INFO - DAG(s) 'example_weekday_branch_operator' retrieved from /home/airflow/.local/lib/python3.8/site-packages/airflow/example_dags/example_branch_day_of_week_operator.py
[2025-06-12T18:55:01.934+0000] {logging_mixin.py:188} INFO - [2025-06-12T18:55:01.933+0000] {dag.py:3036} INFO - Sync 1 DAGs
[2025-06-12T18:55:01.972+0000] {logging_mixin.py:188} INFO - [2025-06-12T18:55:01.971+0000] {dag.py:3823} INFO - Setting next_dagrun for example_weekday_branch_operator to 2025-06-11 00:00:00+00:00, run_after=2025-06-12 00:00:00+00:00
[2025-06-12T18:55:02.007+0000] {processor.py:183} INFO - Processing /home/airflow/.local/lib/python3.8/site-packages/airflow/example_dags/example_branch_day_of_week_operator.py took 0.149 seconds
[2025-06-12T18:55:32.926+0000] {processor.py:161} INFO - Started process (PID=1706) to work on /home/airflow/.local/lib/python3.8/site-packages/airflow/example_dags/example_branch_day_of_week_operator.py
[2025-06-12T18:55:32.928+0000] {processor.py:830} INFO - Processing file /home/airflow/.local/lib/python3.8/site-packages/airflow/example_dags/example_branch_day_of_week_operator.py for tasks to queue
[2025-06-12T18:55:32.930+0000] {logging_mixin.py:188} INFO - [2025-06-12T18:55:32.930+0000] {dagbag.py:538} INFO - Filling up the DagBag from /home/airflow/.local/lib/python3.8/site-packages/airflow/example_dags/example_branch_day_of_week_operator.py
[2025-06-12T18:55:32.947+0000] {processor.py:840} INFO - DAG(s) 'example_weekday_branch_operator' retrieved from /home/airflow/.local/lib/python3.8/site-packages/airflow/example_dags/example_branch_day_of_week_operator.py
[2025-06-12T18:55:32.985+0000] {logging_mixin.py:188} INFO - [2025-06-12T18:55:32.985+0000] {dag.py:3036} INFO - Sync 1 DAGs
[2025-06-12T18:55:33.020+0000] {logging_mixin.py:188} INFO - [2025-06-12T18:55:33.020+0000] {dag.py:3823} INFO - Setting next_dagrun for example_weekday_branch_operator to 2025-06-11 00:00:00+00:00, run_after=2025-06-12 00:00:00+00:00
[2025-06-12T18:55:33.056+0000] {processor.py:183} INFO - Processing /home/airflow/.local/lib/python3.8/site-packages/airflow/example_dags/example_branch_day_of_week_operator.py took 0.135 seconds
[2025-06-12T18:56:03.153+0000] {processor.py:161} INFO - Started process (PID=1760) to work on /home/airflow/.local/lib/python3.8/site-packages/airflow/example_dags/example_branch_day_of_week_operator.py
[2025-06-12T18:56:03.155+0000] {processor.py:830} INFO - Processing file /home/airflow/.local/lib/python3.8/site-packages/airflow/example_dags/example_branch_day_of_week_operator.py for tasks to queue
[2025-06-12T18:56:03.157+0000] {logging_mixin.py:188} INFO - [2025-06-12T18:56:03.157+0000] {dagbag.py:538} INFO - Filling up the DagBag from /home/airflow/.local/lib/python3.8/site-packages/airflow/example_dags/example_branch_day_of_week_operator.py
[2025-06-12T18:56:03.171+0000] {processor.py:840} INFO - DAG(s) 'example_weekday_branch_operator' retrieved from /home/airflow/.local/lib/python3.8/site-packages/airflow/example_dags/example_branch_day_of_week_operator.py
[2025-06-12T18:56:03.208+0000] {logging_mixin.py:188} INFO - [2025-06-12T18:56:03.207+0000] {dag.py:3036} INFO - Sync 1 DAGs
[2025-06-12T18:56:03.239+0000] {logging_mixin.py:188} INFO - [2025-06-12T18:56:03.239+0000] {dag.py:3823} INFO - Setting next_dagrun for example_weekday_branch_operator to 2025-06-11 00:00:00+00:00, run_after=2025-06-12 00:00:00+00:00
[2025-06-12T18:56:03.270+0000] {processor.py:183} INFO - Processing /home/airflow/.local/lib/python3.8/site-packages/airflow/example_dags/example_branch_day_of_week_operator.py took 0.123 seconds
[2025-06-12T18:56:33.951+0000] {processor.py:161} INFO - Started process (PID=1815) to work on /home/airflow/.local/lib/python3.8/site-packages/airflow/example_dags/example_branch_day_of_week_operator.py
[2025-06-12T18:56:33.953+0000] {processor.py:830} INFO - Processing file /home/airflow/.local/lib/python3.8/site-packages/airflow/example_dags/example_branch_day_of_week_operator.py for tasks to queue
[2025-06-12T18:56:33.956+0000] {logging_mixin.py:188} INFO - [2025-06-12T18:56:33.955+0000] {dagbag.py:538} INFO - Filling up the DagBag from /home/airflow/.local/lib/python3.8/site-packages/airflow/example_dags/example_branch_day_of_week_operator.py
[2025-06-12T18:56:33.972+0000] {processor.py:840} INFO - DAG(s) 'example_weekday_branch_operator' retrieved from /home/airflow/.local/lib/python3.8/site-packages/airflow/example_dags/example_branch_day_of_week_operator.py
[2025-06-12T18:56:34.007+0000] {logging_mixin.py:188} INFO - [2025-06-12T18:56:34.007+0000] {dag.py:3036} INFO - Sync 1 DAGs
[2025-06-12T18:56:34.039+0000] {logging_mixin.py:188} INFO - [2025-06-12T18:56:34.039+0000] {dag.py:3823} INFO - Setting next_dagrun for example_weekday_branch_operator to 2025-06-11 00:00:00+00:00, run_after=2025-06-12 00:00:00+00:00
[2025-06-12T18:56:34.077+0000] {processor.py:183} INFO - Processing /home/airflow/.local/lib/python3.8/site-packages/airflow/example_dags/example_branch_day_of_week_operator.py took 0.134 seconds
[2025-06-12T18:57:04.345+0000] {processor.py:161} INFO - Started process (PID=1870) to work on /home/airflow/.local/lib/python3.8/site-packages/airflow/example_dags/example_branch_day_of_week_operator.py
[2025-06-12T18:57:04.347+0000] {processor.py:830} INFO - Processing file /home/airflow/.local/lib/python3.8/site-packages/airflow/example_dags/example_branch_day_of_week_operator.py for tasks to queue
[2025-06-12T18:57:04.350+0000] {logging_mixin.py:188} INFO - [2025-06-12T18:57:04.349+0000] {dagbag.py:538} INFO - Filling up the DagBag from /home/airflow/.local/lib/python3.8/site-packages/airflow/example_dags/example_branch_day_of_week_operator.py
[2025-06-12T18:57:04.373+0000] {processor.py:840} INFO - DAG(s) 'example_weekday_branch_operator' retrieved from /home/airflow/.local/lib/python3.8/site-packages/airflow/example_dags/example_branch_day_of_week_operator.py
[2025-06-12T18:57:04.411+0000] {logging_mixin.py:188} INFO - [2025-06-12T18:57:04.410+0000] {dag.py:3036} INFO - Sync 1 DAGs
[2025-06-12T18:57:04.457+0000] {logging_mixin.py:188} INFO - [2025-06-12T18:57:04.456+0000] {dag.py:3823} INFO - Setting next_dagrun for example_weekday_branch_operator to 2025-06-11 00:00:00+00:00, run_after=2025-06-12 00:00:00+00:00
[2025-06-12T18:57:04.495+0000] {processor.py:183} INFO - Processing /home/airflow/.local/lib/python3.8/site-packages/airflow/example_dags/example_branch_day_of_week_operator.py took 0.156 seconds
[2025-06-12T18:57:43.438+0000] {processor.py:161} INFO - Started process (PID=1926) to work on /home/airflow/.local/lib/python3.8/site-packages/airflow/example_dags/example_branch_day_of_week_operator.py
[2025-06-12T18:57:43.441+0000] {processor.py:830} INFO - Processing file /home/airflow/.local/lib/python3.8/site-packages/airflow/example_dags/example_branch_day_of_week_operator.py for tasks to queue
[2025-06-12T18:57:43.443+0000] {logging_mixin.py:188} INFO - [2025-06-12T18:57:43.442+0000] {dagbag.py:538} INFO - Filling up the DagBag from /home/airflow/.local/lib/python3.8/site-packages/airflow/example_dags/example_branch_day_of_week_operator.py
[2025-06-12T18:57:43.461+0000] {processor.py:840} INFO - DAG(s) 'example_weekday_branch_operator' retrieved from /home/airflow/.local/lib/python3.8/site-packages/airflow/example_dags/example_branch_day_of_week_operator.py
[2025-06-12T18:57:43.505+0000] {logging_mixin.py:188} INFO - [2025-06-12T18:57:43.505+0000] {dag.py:3036} INFO - Sync 1 DAGs
[2025-06-12T18:57:43.556+0000] {logging_mixin.py:188} INFO - [2025-06-12T18:57:43.555+0000] {dag.py:3823} INFO - Setting next_dagrun for example_weekday_branch_operator to 2025-06-11 00:00:00+00:00, run_after=2025-06-12 00:00:00+00:00
[2025-06-12T18:57:43.602+0000] {processor.py:183} INFO - Processing /home/airflow/.local/lib/python3.8/site-packages/airflow/example_dags/example_branch_day_of_week_operator.py took 0.170 seconds
[2025-06-12T18:58:14.313+0000] {processor.py:161} INFO - Started process (PID=1982) to work on /home/airflow/.local/lib/python3.8/site-packages/airflow/example_dags/example_branch_day_of_week_operator.py
[2025-06-12T18:58:14.316+0000] {processor.py:830} INFO - Processing file /home/airflow/.local/lib/python3.8/site-packages/airflow/example_dags/example_branch_day_of_week_operator.py for tasks to queue
[2025-06-12T18:58:14.319+0000] {logging_mixin.py:188} INFO - [2025-06-12T18:58:14.319+0000] {dagbag.py:538} INFO - Filling up the DagBag from /home/airflow/.local/lib/python3.8/site-packages/airflow/example_dags/example_branch_day_of_week_operator.py
[2025-06-12T18:58:14.334+0000] {processor.py:840} INFO - DAG(s) 'example_weekday_branch_operator' retrieved from /home/airflow/.local/lib/python3.8/site-packages/airflow/example_dags/example_branch_day_of_week_operator.py
[2025-06-12T18:58:14.391+0000] {logging_mixin.py:188} INFO - [2025-06-12T18:58:14.390+0000] {dag.py:3036} INFO - Sync 1 DAGs
[2025-06-12T18:58:14.436+0000] {logging_mixin.py:188} INFO - [2025-06-12T18:58:14.436+0000] {dag.py:3823} INFO - Setting next_dagrun for example_weekday_branch_operator to 2025-06-11 00:00:00+00:00, run_after=2025-06-12 00:00:00+00:00
[2025-06-12T18:58:14.479+0000] {processor.py:183} INFO - Processing /home/airflow/.local/lib/python3.8/site-packages/airflow/example_dags/example_branch_day_of_week_operator.py took 0.174 seconds
[2025-06-12T18:58:45.407+0000] {processor.py:161} INFO - Started process (PID=2037) to work on /home/airflow/.local/lib/python3.8/site-packages/airflow/example_dags/example_branch_day_of_week_operator.py
[2025-06-12T18:58:45.410+0000] {processor.py:830} INFO - Processing file /home/airflow/.local/lib/python3.8/site-packages/airflow/example_dags/example_branch_day_of_week_operator.py for tasks to queue
[2025-06-12T18:58:45.411+0000] {logging_mixin.py:188} INFO - [2025-06-12T18:58:45.411+0000] {dagbag.py:538} INFO - Filling up the DagBag from /home/airflow/.local/lib/python3.8/site-packages/airflow/example_dags/example_branch_day_of_week_operator.py
[2025-06-12T18:58:45.424+0000] {processor.py:840} INFO - DAG(s) 'example_weekday_branch_operator' retrieved from /home/airflow/.local/lib/python3.8/site-packages/airflow/example_dags/example_branch_day_of_week_operator.py
[2025-06-12T18:58:45.461+0000] {logging_mixin.py:188} INFO - [2025-06-12T18:58:45.461+0000] {dag.py:3036} INFO - Sync 1 DAGs
[2025-06-12T18:58:45.493+0000] {logging_mixin.py:188} INFO - [2025-06-12T18:58:45.493+0000] {dag.py:3823} INFO - Setting next_dagrun for example_weekday_branch_operator to 2025-06-11 00:00:00+00:00, run_after=2025-06-12 00:00:00+00:00
[2025-06-12T18:58:45.526+0000] {processor.py:183} INFO - Processing /home/airflow/.local/lib/python3.8/site-packages/airflow/example_dags/example_branch_day_of_week_operator.py took 0.127 seconds
[2025-06-12T18:59:18.661+0000] {processor.py:161} INFO - Started process (PID=2098) to work on /home/airflow/.local/lib/python3.8/site-packages/airflow/example_dags/example_branch_day_of_week_operator.py
[2025-06-12T18:59:18.665+0000] {processor.py:830} INFO - Processing file /home/airflow/.local/lib/python3.8/site-packages/airflow/example_dags/example_branch_day_of_week_operator.py for tasks to queue
[2025-06-12T18:59:18.668+0000] {logging_mixin.py:188} INFO - [2025-06-12T18:59:18.666+0000] {dagbag.py:538} INFO - Filling up the DagBag from /home/airflow/.local/lib/python3.8/site-packages/airflow/example_dags/example_branch_day_of_week_operator.py
[2025-06-12T18:59:18.702+0000] {processor.py:840} INFO - DAG(s) 'example_weekday_branch_operator' retrieved from /home/airflow/.local/lib/python3.8/site-packages/airflow/example_dags/example_branch_day_of_week_operator.py
[2025-06-12T18:59:18.788+0000] {logging_mixin.py:188} INFO - [2025-06-12T18:59:18.787+0000] {dag.py:3036} INFO - Sync 1 DAGs
[2025-06-12T18:59:18.874+0000] {logging_mixin.py:188} INFO - [2025-06-12T18:59:18.874+0000] {dag.py:3823} INFO - Setting next_dagrun for example_weekday_branch_operator to 2025-06-11 00:00:00+00:00, run_after=2025-06-12 00:00:00+00:00
[2025-06-12T18:59:18.927+0000] {processor.py:183} INFO - Processing /home/airflow/.local/lib/python3.8/site-packages/airflow/example_dags/example_branch_day_of_week_operator.py took 0.282 seconds
[2025-06-12T18:59:50.923+0000] {processor.py:161} INFO - Started process (PID=2153) to work on /home/airflow/.local/lib/python3.8/site-packages/airflow/example_dags/example_branch_day_of_week_operator.py
[2025-06-12T18:59:50.927+0000] {processor.py:830} INFO - Processing file /home/airflow/.local/lib/python3.8/site-packages/airflow/example_dags/example_branch_day_of_week_operator.py for tasks to queue
[2025-06-12T18:59:50.930+0000] {logging_mixin.py:188} INFO - [2025-06-12T18:59:50.929+0000] {dagbag.py:538} INFO - Filling up the DagBag from /home/airflow/.local/lib/python3.8/site-packages/airflow/example_dags/example_branch_day_of_week_operator.py
[2025-06-12T18:59:50.952+0000] {processor.py:840} INFO - DAG(s) 'example_weekday_branch_operator' retrieved from /home/airflow/.local/lib/python3.8/site-packages/airflow/example_dags/example_branch_day_of_week_operator.py
[2025-06-12T18:59:51.021+0000] {logging_mixin.py:188} INFO - [2025-06-12T18:59:51.021+0000] {dag.py:3036} INFO - Sync 1 DAGs
[2025-06-12T18:59:51.079+0000] {logging_mixin.py:188} INFO - [2025-06-12T18:59:51.078+0000] {dag.py:3823} INFO - Setting next_dagrun for example_weekday_branch_operator to 2025-06-11 00:00:00+00:00, run_after=2025-06-12 00:00:00+00:00
[2025-06-12T18:59:51.133+0000] {processor.py:183} INFO - Processing /home/airflow/.local/lib/python3.8/site-packages/airflow/example_dags/example_branch_day_of_week_operator.py took 0.220 seconds
[2025-06-12T19:00:22.288+0000] {processor.py:161} INFO - Started process (PID=2209) to work on /home/airflow/.local/lib/python3.8/site-packages/airflow/example_dags/example_branch_day_of_week_operator.py
[2025-06-12T19:00:22.291+0000] {processor.py:830} INFO - Processing file /home/airflow/.local/lib/python3.8/site-packages/airflow/example_dags/example_branch_day_of_week_operator.py for tasks to queue
[2025-06-12T19:00:22.296+0000] {logging_mixin.py:188} INFO - [2025-06-12T19:00:22.294+0000] {dagbag.py:538} INFO - Filling up the DagBag from /home/airflow/.local/lib/python3.8/site-packages/airflow/example_dags/example_branch_day_of_week_operator.py
[2025-06-12T19:00:22.322+0000] {processor.py:840} INFO - DAG(s) 'example_weekday_branch_operator' retrieved from /home/airflow/.local/lib/python3.8/site-packages/airflow/example_dags/example_branch_day_of_week_operator.py
[2025-06-12T19:00:22.404+0000] {logging_mixin.py:188} INFO - [2025-06-12T19:00:22.402+0000] {dag.py:3036} INFO - Sync 1 DAGs
[2025-06-12T19:00:22.491+0000] {logging_mixin.py:188} INFO - [2025-06-12T19:00:22.490+0000] {dag.py:3823} INFO - Setting next_dagrun for example_weekday_branch_operator to 2025-06-11 00:00:00+00:00, run_after=2025-06-12 00:00:00+00:00
[2025-06-12T19:00:22.548+0000] {processor.py:183} INFO - Processing /home/airflow/.local/lib/python3.8/site-packages/airflow/example_dags/example_branch_day_of_week_operator.py took 0.277 seconds
[2025-06-12T19:00:54.723+0000] {processor.py:161} INFO - Started process (PID=2264) to work on /home/airflow/.local/lib/python3.8/site-packages/airflow/example_dags/example_branch_day_of_week_operator.py
[2025-06-12T19:00:54.728+0000] {processor.py:830} INFO - Processing file /home/airflow/.local/lib/python3.8/site-packages/airflow/example_dags/example_branch_day_of_week_operator.py for tasks to queue
[2025-06-12T19:00:54.735+0000] {logging_mixin.py:188} INFO - [2025-06-12T19:00:54.733+0000] {dagbag.py:538} INFO - Filling up the DagBag from /home/airflow/.local/lib/python3.8/site-packages/airflow/example_dags/example_branch_day_of_week_operator.py
[2025-06-12T19:00:54.787+0000] {processor.py:840} INFO - DAG(s) 'example_weekday_branch_operator' retrieved from /home/airflow/.local/lib/python3.8/site-packages/airflow/example_dags/example_branch_day_of_week_operator.py
[2025-06-12T19:00:55.010+0000] {logging_mixin.py:188} INFO - [2025-06-12T19:00:55.009+0000] {dag.py:3036} INFO - Sync 1 DAGs
[2025-06-12T19:00:55.095+0000] {logging_mixin.py:188} INFO - [2025-06-12T19:00:55.095+0000] {dag.py:3823} INFO - Setting next_dagrun for example_weekday_branch_operator to 2025-06-11 00:00:00+00:00, run_after=2025-06-12 00:00:00+00:00
[2025-06-12T19:00:55.167+0000] {processor.py:183} INFO - Processing /home/airflow/.local/lib/python3.8/site-packages/airflow/example_dags/example_branch_day_of_week_operator.py took 0.463 seconds
[2025-06-12T19:01:25.407+0000] {processor.py:161} INFO - Started process (PID=2317) to work on /home/airflow/.local/lib/python3.8/site-packages/airflow/example_dags/example_branch_day_of_week_operator.py
[2025-06-12T19:01:25.416+0000] {processor.py:830} INFO - Processing file /home/airflow/.local/lib/python3.8/site-packages/airflow/example_dags/example_branch_day_of_week_operator.py for tasks to queue
[2025-06-12T19:01:25.424+0000] {logging_mixin.py:188} INFO - [2025-06-12T19:01:25.421+0000] {dagbag.py:538} INFO - Filling up the DagBag from /home/airflow/.local/lib/python3.8/site-packages/airflow/example_dags/example_branch_day_of_week_operator.py
[2025-06-12T19:01:25.456+0000] {processor.py:840} INFO - DAG(s) 'example_weekday_branch_operator' retrieved from /home/airflow/.local/lib/python3.8/site-packages/airflow/example_dags/example_branch_day_of_week_operator.py
[2025-06-12T19:01:25.542+0000] {logging_mixin.py:188} INFO - [2025-06-12T19:01:25.541+0000] {dag.py:3036} INFO - Sync 1 DAGs
[2025-06-12T19:01:25.610+0000] {logging_mixin.py:188} INFO - [2025-06-12T19:01:25.609+0000] {dag.py:3823} INFO - Setting next_dagrun for example_weekday_branch_operator to 2025-06-11 00:00:00+00:00, run_after=2025-06-12 00:00:00+00:00
[2025-06-12T19:01:25.667+0000] {processor.py:183} INFO - Processing /home/airflow/.local/lib/python3.8/site-packages/airflow/example_dags/example_branch_day_of_week_operator.py took 0.277 seconds
[2025-06-12T19:01:55.978+0000] {processor.py:161} INFO - Started process (PID=2373) to work on /home/airflow/.local/lib/python3.8/site-packages/airflow/example_dags/example_branch_day_of_week_operator.py
[2025-06-12T19:01:55.982+0000] {processor.py:830} INFO - Processing file /home/airflow/.local/lib/python3.8/site-packages/airflow/example_dags/example_branch_day_of_week_operator.py for tasks to queue
[2025-06-12T19:01:55.985+0000] {logging_mixin.py:188} INFO - [2025-06-12T19:01:55.984+0000] {dagbag.py:538} INFO - Filling up the DagBag from /home/airflow/.local/lib/python3.8/site-packages/airflow/example_dags/example_branch_day_of_week_operator.py
[2025-06-12T19:01:56.016+0000] {processor.py:840} INFO - DAG(s) 'example_weekday_branch_operator' retrieved from /home/airflow/.local/lib/python3.8/site-packages/airflow/example_dags/example_branch_day_of_week_operator.py
[2025-06-12T19:01:56.107+0000] {logging_mixin.py:188} INFO - [2025-06-12T19:01:56.107+0000] {dag.py:3036} INFO - Sync 1 DAGs
[2025-06-12T19:01:56.174+0000] {logging_mixin.py:188} INFO - [2025-06-12T19:01:56.173+0000] {dag.py:3823} INFO - Setting next_dagrun for example_weekday_branch_operator to 2025-06-11 00:00:00+00:00, run_after=2025-06-12 00:00:00+00:00
[2025-06-12T19:01:56.238+0000] {processor.py:183} INFO - Processing /home/airflow/.local/lib/python3.8/site-packages/airflow/example_dags/example_branch_day_of_week_operator.py took 0.273 seconds
[2025-06-12T19:02:26.833+0000] {processor.py:161} INFO - Started process (PID=2428) to work on /home/airflow/.local/lib/python3.8/site-packages/airflow/example_dags/example_branch_day_of_week_operator.py
[2025-06-12T19:02:26.836+0000] {processor.py:830} INFO - Processing file /home/airflow/.local/lib/python3.8/site-packages/airflow/example_dags/example_branch_day_of_week_operator.py for tasks to queue
[2025-06-12T19:02:26.839+0000] {logging_mixin.py:188} INFO - [2025-06-12T19:02:26.838+0000] {dagbag.py:538} INFO - Filling up the DagBag from /home/airflow/.local/lib/python3.8/site-packages/airflow/example_dags/example_branch_day_of_week_operator.py
[2025-06-12T19:02:26.863+0000] {processor.py:840} INFO - DAG(s) 'example_weekday_branch_operator' retrieved from /home/airflow/.local/lib/python3.8/site-packages/airflow/example_dags/example_branch_day_of_week_operator.py
[2025-06-12T19:02:26.939+0000] {logging_mixin.py:188} INFO - [2025-06-12T19:02:26.938+0000] {dag.py:3036} INFO - Sync 1 DAGs
[2025-06-12T19:02:26.995+0000] {logging_mixin.py:188} INFO - [2025-06-12T19:02:26.995+0000] {dag.py:3823} INFO - Setting next_dagrun for example_weekday_branch_operator to 2025-06-11 00:00:00+00:00, run_after=2025-06-12 00:00:00+00:00
[2025-06-12T19:02:27.043+0000] {processor.py:183} INFO - Processing /home/airflow/.local/lib/python3.8/site-packages/airflow/example_dags/example_branch_day_of_week_operator.py took 0.220 seconds
[2025-06-12T19:02:57.864+0000] {processor.py:161} INFO - Started process (PID=2483) to work on /home/airflow/.local/lib/python3.8/site-packages/airflow/example_dags/example_branch_day_of_week_operator.py
[2025-06-12T19:02:57.867+0000] {processor.py:830} INFO - Processing file /home/airflow/.local/lib/python3.8/site-packages/airflow/example_dags/example_branch_day_of_week_operator.py for tasks to queue
[2025-06-12T19:02:57.870+0000] {logging_mixin.py:188} INFO - [2025-06-12T19:02:57.869+0000] {dagbag.py:538} INFO - Filling up the DagBag from /home/airflow/.local/lib/python3.8/site-packages/airflow/example_dags/example_branch_day_of_week_operator.py
[2025-06-12T19:02:57.904+0000] {processor.py:840} INFO - DAG(s) 'example_weekday_branch_operator' retrieved from /home/airflow/.local/lib/python3.8/site-packages/airflow/example_dags/example_branch_day_of_week_operator.py
[2025-06-12T19:02:57.974+0000] {logging_mixin.py:188} INFO - [2025-06-12T19:02:57.973+0000] {dag.py:3036} INFO - Sync 1 DAGs
[2025-06-12T19:02:58.035+0000] {logging_mixin.py:188} INFO - [2025-06-12T19:02:58.035+0000] {dag.py:3823} INFO - Setting next_dagrun for example_weekday_branch_operator to 2025-06-11 00:00:00+00:00, run_after=2025-06-12 00:00:00+00:00
[2025-06-12T19:02:58.102+0000] {processor.py:183} INFO - Processing /home/airflow/.local/lib/python3.8/site-packages/airflow/example_dags/example_branch_day_of_week_operator.py took 0.248 seconds
[2025-06-12T19:03:28.678+0000] {processor.py:161} INFO - Started process (PID=2538) to work on /home/airflow/.local/lib/python3.8/site-packages/airflow/example_dags/example_branch_day_of_week_operator.py
[2025-06-12T19:03:28.681+0000] {processor.py:830} INFO - Processing file /home/airflow/.local/lib/python3.8/site-packages/airflow/example_dags/example_branch_day_of_week_operator.py for tasks to queue
[2025-06-12T19:03:28.685+0000] {logging_mixin.py:188} INFO - [2025-06-12T19:03:28.684+0000] {dagbag.py:538} INFO - Filling up the DagBag from /home/airflow/.local/lib/python3.8/site-packages/airflow/example_dags/example_branch_day_of_week_operator.py
[2025-06-12T19:03:28.712+0000] {processor.py:840} INFO - DAG(s) 'example_weekday_branch_operator' retrieved from /home/airflow/.local/lib/python3.8/site-packages/airflow/example_dags/example_branch_day_of_week_operator.py
[2025-06-12T19:03:28.779+0000] {logging_mixin.py:188} INFO - [2025-06-12T19:03:28.778+0000] {dag.py:3036} INFO - Sync 1 DAGs
[2025-06-12T19:03:29.277+0000] {logging_mixin.py:188} INFO - [2025-06-12T19:03:29.276+0000] {dag.py:3823} INFO - Setting next_dagrun for example_weekday_branch_operator to 2025-06-11 00:00:00+00:00, run_after=2025-06-12 00:00:00+00:00
[2025-06-12T19:03:29.327+0000] {processor.py:183} INFO - Processing /home/airflow/.local/lib/python3.8/site-packages/airflow/example_dags/example_branch_day_of_week_operator.py took 0.661 seconds
[2025-06-12T19:03:59.671+0000] {processor.py:161} INFO - Started process (PID=2592) to work on /home/airflow/.local/lib/python3.8/site-packages/airflow/example_dags/example_branch_day_of_week_operator.py
[2025-06-12T19:03:59.676+0000] {processor.py:830} INFO - Processing file /home/airflow/.local/lib/python3.8/site-packages/airflow/example_dags/example_branch_day_of_week_operator.py for tasks to queue
[2025-06-12T19:03:59.680+0000] {logging_mixin.py:188} INFO - [2025-06-12T19:03:59.678+0000] {dagbag.py:538} INFO - Filling up the DagBag from /home/airflow/.local/lib/python3.8/site-packages/airflow/example_dags/example_branch_day_of_week_operator.py
[2025-06-12T19:03:59.707+0000] {processor.py:840} INFO - DAG(s) 'example_weekday_branch_operator' retrieved from /home/airflow/.local/lib/python3.8/site-packages/airflow/example_dags/example_branch_day_of_week_operator.py
[2025-06-12T19:03:59.789+0000] {logging_mixin.py:188} INFO - [2025-06-12T19:03:59.788+0000] {dag.py:3036} INFO - Sync 1 DAGs
[2025-06-12T19:03:59.850+0000] {logging_mixin.py:188} INFO - [2025-06-12T19:03:59.850+0000] {dag.py:3823} INFO - Setting next_dagrun for example_weekday_branch_operator to 2025-06-11 00:00:00+00:00, run_after=2025-06-12 00:00:00+00:00
[2025-06-12T19:03:59.914+0000] {processor.py:183} INFO - Processing /home/airflow/.local/lib/python3.8/site-packages/airflow/example_dags/example_branch_day_of_week_operator.py took 0.253 seconds
[2025-06-12T19:04:30.211+0000] {processor.py:161} INFO - Started process (PID=2648) to work on /home/airflow/.local/lib/python3.8/site-packages/airflow/example_dags/example_branch_day_of_week_operator.py
[2025-06-12T19:04:30.215+0000] {processor.py:830} INFO - Processing file /home/airflow/.local/lib/python3.8/site-packages/airflow/example_dags/example_branch_day_of_week_operator.py for tasks to queue
[2025-06-12T19:04:30.218+0000] {logging_mixin.py:188} INFO - [2025-06-12T19:04:30.217+0000] {dagbag.py:538} INFO - Filling up the DagBag from /home/airflow/.local/lib/python3.8/site-packages/airflow/example_dags/example_branch_day_of_week_operator.py
[2025-06-12T19:04:30.239+0000] {processor.py:840} INFO - DAG(s) 'example_weekday_branch_operator' retrieved from /home/airflow/.local/lib/python3.8/site-packages/airflow/example_dags/example_branch_day_of_week_operator.py
[2025-06-12T19:04:30.298+0000] {logging_mixin.py:188} INFO - [2025-06-12T19:04:30.298+0000] {dag.py:3036} INFO - Sync 1 DAGs
[2025-06-12T19:04:30.348+0000] {logging_mixin.py:188} INFO - [2025-06-12T19:04:30.347+0000] {dag.py:3823} INFO - Setting next_dagrun for example_weekday_branch_operator to 2025-06-11 00:00:00+00:00, run_after=2025-06-12 00:00:00+00:00
[2025-06-12T19:04:30.399+0000] {processor.py:183} INFO - Processing /home/airflow/.local/lib/python3.8/site-packages/airflow/example_dags/example_branch_day_of_week_operator.py took 0.197 seconds
[2025-06-12T19:05:01.110+0000] {processor.py:161} INFO - Started process (PID=2704) to work on /home/airflow/.local/lib/python3.8/site-packages/airflow/example_dags/example_branch_day_of_week_operator.py
[2025-06-12T19:05:01.114+0000] {processor.py:830} INFO - Processing file /home/airflow/.local/lib/python3.8/site-packages/airflow/example_dags/example_branch_day_of_week_operator.py for tasks to queue
[2025-06-12T19:05:01.118+0000] {logging_mixin.py:188} INFO - [2025-06-12T19:05:01.117+0000] {dagbag.py:538} INFO - Filling up the DagBag from /home/airflow/.local/lib/python3.8/site-packages/airflow/example_dags/example_branch_day_of_week_operator.py
[2025-06-12T19:05:01.143+0000] {processor.py:840} INFO - DAG(s) 'example_weekday_branch_operator' retrieved from /home/airflow/.local/lib/python3.8/site-packages/airflow/example_dags/example_branch_day_of_week_operator.py
[2025-06-12T19:05:01.221+0000] {logging_mixin.py:188} INFO - [2025-06-12T19:05:01.220+0000] {dag.py:3036} INFO - Sync 1 DAGs
[2025-06-12T19:05:01.298+0000] {logging_mixin.py:188} INFO - [2025-06-12T19:05:01.298+0000] {dag.py:3823} INFO - Setting next_dagrun for example_weekday_branch_operator to 2025-06-11 00:00:00+00:00, run_after=2025-06-12 00:00:00+00:00
[2025-06-12T19:05:01.351+0000] {processor.py:183} INFO - Processing /home/airflow/.local/lib/python3.8/site-packages/airflow/example_dags/example_branch_day_of_week_operator.py took 0.255 seconds
[2025-06-12T19:05:31.686+0000] {processor.py:161} INFO - Started process (PID=2760) to work on /home/airflow/.local/lib/python3.8/site-packages/airflow/example_dags/example_branch_day_of_week_operator.py
[2025-06-12T19:05:31.689+0000] {processor.py:830} INFO - Processing file /home/airflow/.local/lib/python3.8/site-packages/airflow/example_dags/example_branch_day_of_week_operator.py for tasks to queue
[2025-06-12T19:05:31.693+0000] {logging_mixin.py:188} INFO - [2025-06-12T19:05:31.692+0000] {dagbag.py:538} INFO - Filling up the DagBag from /home/airflow/.local/lib/python3.8/site-packages/airflow/example_dags/example_branch_day_of_week_operator.py
[2025-06-12T19:05:31.715+0000] {processor.py:840} INFO - DAG(s) 'example_weekday_branch_operator' retrieved from /home/airflow/.local/lib/python3.8/site-packages/airflow/example_dags/example_branch_day_of_week_operator.py
[2025-06-12T19:05:31.777+0000] {logging_mixin.py:188} INFO - [2025-06-12T19:05:31.776+0000] {dag.py:3036} INFO - Sync 1 DAGs
[2025-06-12T19:05:31.844+0000] {logging_mixin.py:188} INFO - [2025-06-12T19:05:31.844+0000] {dag.py:3823} INFO - Setting next_dagrun for example_weekday_branch_operator to 2025-06-11 00:00:00+00:00, run_after=2025-06-12 00:00:00+00:00
[2025-06-12T19:05:31.911+0000] {processor.py:183} INFO - Processing /home/airflow/.local/lib/python3.8/site-packages/airflow/example_dags/example_branch_day_of_week_operator.py took 0.234 seconds
[2025-06-12T19:06:03.294+0000] {processor.py:161} INFO - Started process (PID=2815) to work on /home/airflow/.local/lib/python3.8/site-packages/airflow/example_dags/example_branch_day_of_week_operator.py
[2025-06-12T19:06:03.298+0000] {processor.py:830} INFO - Processing file /home/airflow/.local/lib/python3.8/site-packages/airflow/example_dags/example_branch_day_of_week_operator.py for tasks to queue
[2025-06-12T19:06:03.301+0000] {logging_mixin.py:188} INFO - [2025-06-12T19:06:03.300+0000] {dagbag.py:538} INFO - Filling up the DagBag from /home/airflow/.local/lib/python3.8/site-packages/airflow/example_dags/example_branch_day_of_week_operator.py
[2025-06-12T19:06:03.321+0000] {processor.py:840} INFO - DAG(s) 'example_weekday_branch_operator' retrieved from /home/airflow/.local/lib/python3.8/site-packages/airflow/example_dags/example_branch_day_of_week_operator.py
[2025-06-12T19:06:03.738+0000] {logging_mixin.py:188} INFO - [2025-06-12T19:06:03.737+0000] {dag.py:3036} INFO - Sync 1 DAGs
[2025-06-12T19:06:03.783+0000] {logging_mixin.py:188} INFO - [2025-06-12T19:06:03.782+0000] {dag.py:3823} INFO - Setting next_dagrun for example_weekday_branch_operator to 2025-06-11 00:00:00+00:00, run_after=2025-06-12 00:00:00+00:00
[2025-06-12T19:06:03.830+0000] {processor.py:183} INFO - Processing /home/airflow/.local/lib/python3.8/site-packages/airflow/example_dags/example_branch_day_of_week_operator.py took 0.544 seconds
[2025-06-12T19:06:34.766+0000] {processor.py:161} INFO - Started process (PID=2870) to work on /home/airflow/.local/lib/python3.8/site-packages/airflow/example_dags/example_branch_day_of_week_operator.py
[2025-06-12T19:06:34.771+0000] {processor.py:830} INFO - Processing file /home/airflow/.local/lib/python3.8/site-packages/airflow/example_dags/example_branch_day_of_week_operator.py for tasks to queue
[2025-06-12T19:06:34.775+0000] {logging_mixin.py:188} INFO - [2025-06-12T19:06:34.774+0000] {dagbag.py:538} INFO - Filling up the DagBag from /home/airflow/.local/lib/python3.8/site-packages/airflow/example_dags/example_branch_day_of_week_operator.py
[2025-06-12T19:06:34.806+0000] {processor.py:840} INFO - DAG(s) 'example_weekday_branch_operator' retrieved from /home/airflow/.local/lib/python3.8/site-packages/airflow/example_dags/example_branch_day_of_week_operator.py
[2025-06-12T19:06:34.893+0000] {logging_mixin.py:188} INFO - [2025-06-12T19:06:34.892+0000] {dag.py:3036} INFO - Sync 1 DAGs
[2025-06-12T19:06:35.307+0000] {logging_mixin.py:188} INFO - [2025-06-12T19:06:35.307+0000] {dag.py:3823} INFO - Setting next_dagrun for example_weekday_branch_operator to 2025-06-11 00:00:00+00:00, run_after=2025-06-12 00:00:00+00:00
[2025-06-12T19:06:35.350+0000] {processor.py:183} INFO - Processing /home/airflow/.local/lib/python3.8/site-packages/airflow/example_dags/example_branch_day_of_week_operator.py took 0.596 seconds
