[2025-06-12T18:35:14.748+0000] {processor.py:161} INFO - Started process (PID=101) to work on /home/airflow/.local/lib/python3.8/site-packages/airflow/example_dags/example_sla_dag.py
[2025-06-12T18:35:14.750+0000] {processor.py:830} INFO - Processing file /home/airflow/.local/lib/python3.8/site-packages/airflow/example_dags/example_sla_dag.py for tasks to queue
[2025-06-12T18:35:14.754+0000] {logging_mixin.py:188} INFO - [2025-06-12T18:35:14.753+0000] {dagbag.py:538} INFO - Filling up the DagBag from /home/airflow/.local/lib/python3.8/site-packages/airflow/example_dags/example_sla_dag.py
[2025-06-12T18:35:14.784+0000] {processor.py:840} INFO - DAG(s) 'example_sla_dag' retrieved from /home/airflow/.local/lib/python3.8/site-packages/airflow/example_dags/example_sla_dag.py
[2025-06-12T18:35:15.051+0000] {logging_mixin.py:188} INFO - [2025-06-12T18:35:15.051+0000] {dag.py:3036} INFO - Sync 1 DAGs
[2025-06-12T18:35:15.126+0000] {logging_mixin.py:188} INFO - [2025-06-12T18:35:15.125+0000] {dag.py:3823} INFO - Setting next_dagrun for example_sla_dag to 2025-06-12 18:32:00+00:00, run_after=2025-06-12 18:34:00+00:00
[2025-06-12T18:35:15.177+0000] {processor.py:183} INFO - Processing /home/airflow/.local/lib/python3.8/site-packages/airflow/example_dags/example_sla_dag.py took 0.437 seconds
[2025-06-12T18:35:46.079+0000] {processor.py:161} INFO - Started process (PID=156) to work on /home/airflow/.local/lib/python3.8/site-packages/airflow/example_dags/example_sla_dag.py
[2025-06-12T18:35:46.081+0000] {processor.py:830} INFO - Processing file /home/airflow/.local/lib/python3.8/site-packages/airflow/example_dags/example_sla_dag.py for tasks to queue
[2025-06-12T18:35:46.085+0000] {logging_mixin.py:188} INFO - [2025-06-12T18:35:46.084+0000] {dagbag.py:538} INFO - Filling up the DagBag from /home/airflow/.local/lib/python3.8/site-packages/airflow/example_dags/example_sla_dag.py
[2025-06-12T18:35:46.103+0000] {processor.py:840} INFO - DAG(s) 'example_sla_dag' retrieved from /home/airflow/.local/lib/python3.8/site-packages/airflow/example_dags/example_sla_dag.py
[2025-06-12T18:35:46.144+0000] {logging_mixin.py:188} INFO - [2025-06-12T18:35:46.144+0000] {dag.py:3036} INFO - Sync 1 DAGs
[2025-06-12T18:35:46.191+0000] {logging_mixin.py:188} INFO - [2025-06-12T18:35:46.191+0000] {dag.py:3823} INFO - Setting next_dagrun for example_sla_dag to 2025-06-12 18:32:00+00:00, run_after=2025-06-12 18:34:00+00:00
[2025-06-12T18:35:46.227+0000] {processor.py:183} INFO - Processing /home/airflow/.local/lib/python3.8/site-packages/airflow/example_dags/example_sla_dag.py took 0.155 seconds
[2025-06-12T18:36:16.615+0000] {processor.py:161} INFO - Started process (PID=211) to work on /home/airflow/.local/lib/python3.8/site-packages/airflow/example_dags/example_sla_dag.py
[2025-06-12T18:36:16.618+0000] {processor.py:830} INFO - Processing file /home/airflow/.local/lib/python3.8/site-packages/airflow/example_dags/example_sla_dag.py for tasks to queue
[2025-06-12T18:36:16.622+0000] {logging_mixin.py:188} INFO - [2025-06-12T18:36:16.621+0000] {dagbag.py:538} INFO - Filling up the DagBag from /home/airflow/.local/lib/python3.8/site-packages/airflow/example_dags/example_sla_dag.py
[2025-06-12T18:36:16.637+0000] {processor.py:840} INFO - DAG(s) 'example_sla_dag' retrieved from /home/airflow/.local/lib/python3.8/site-packages/airflow/example_dags/example_sla_dag.py
[2025-06-12T18:36:16.664+0000] {logging_mixin.py:188} INFO - [2025-06-12T18:36:16.663+0000] {dag.py:3036} INFO - Sync 1 DAGs
[2025-06-12T18:36:16.711+0000] {logging_mixin.py:188} INFO - [2025-06-12T18:36:16.711+0000] {dag.py:3823} INFO - Setting next_dagrun for example_sla_dag to 2025-06-12 18:34:00+00:00, run_after=2025-06-12 18:36:00+00:00
[2025-06-12T18:36:16.744+0000] {processor.py:183} INFO - Processing /home/airflow/.local/lib/python3.8/site-packages/airflow/example_dags/example_sla_dag.py took 0.136 seconds
[2025-06-12T18:36:46.923+0000] {processor.py:161} INFO - Started process (PID=264) to work on /home/airflow/.local/lib/python3.8/site-packages/airflow/example_dags/example_sla_dag.py
[2025-06-12T18:36:46.924+0000] {processor.py:830} INFO - Processing file /home/airflow/.local/lib/python3.8/site-packages/airflow/example_dags/example_sla_dag.py for tasks to queue
[2025-06-12T18:36:46.928+0000] {logging_mixin.py:188} INFO - [2025-06-12T18:36:46.927+0000] {dagbag.py:538} INFO - Filling up the DagBag from /home/airflow/.local/lib/python3.8/site-packages/airflow/example_dags/example_sla_dag.py
[2025-06-12T18:36:46.942+0000] {processor.py:840} INFO - DAG(s) 'example_sla_dag' retrieved from /home/airflow/.local/lib/python3.8/site-packages/airflow/example_dags/example_sla_dag.py
[2025-06-12T18:36:47.122+0000] {logging_mixin.py:188} INFO - [2025-06-12T18:36:47.122+0000] {dag.py:3036} INFO - Sync 1 DAGs
[2025-06-12T18:36:47.155+0000] {logging_mixin.py:188} INFO - [2025-06-12T18:36:47.154+0000] {dag.py:3823} INFO - Setting next_dagrun for example_sla_dag to 2025-06-12 18:34:00+00:00, run_after=2025-06-12 18:36:00+00:00
[2025-06-12T18:36:47.190+0000] {processor.py:183} INFO - Processing /home/airflow/.local/lib/python3.8/site-packages/airflow/example_dags/example_sla_dag.py took 0.274 seconds
[2025-06-12T18:37:17.324+0000] {processor.py:161} INFO - Started process (PID=319) to work on /home/airflow/.local/lib/python3.8/site-packages/airflow/example_dags/example_sla_dag.py
[2025-06-12T18:37:17.328+0000] {processor.py:830} INFO - Processing file /home/airflow/.local/lib/python3.8/site-packages/airflow/example_dags/example_sla_dag.py for tasks to queue
[2025-06-12T18:37:17.335+0000] {logging_mixin.py:188} INFO - [2025-06-12T18:37:17.334+0000] {dagbag.py:538} INFO - Filling up the DagBag from /home/airflow/.local/lib/python3.8/site-packages/airflow/example_dags/example_sla_dag.py
[2025-06-12T18:37:17.363+0000] {processor.py:840} INFO - DAG(s) 'example_sla_dag' retrieved from /home/airflow/.local/lib/python3.8/site-packages/airflow/example_dags/example_sla_dag.py
[2025-06-12T18:37:17.417+0000] {logging_mixin.py:188} INFO - [2025-06-12T18:37:17.416+0000] {dag.py:3036} INFO - Sync 1 DAGs
[2025-06-12T18:37:17.473+0000] {logging_mixin.py:188} INFO - [2025-06-12T18:37:17.472+0000] {dag.py:3823} INFO - Setting next_dagrun for example_sla_dag to 2025-06-12 18:34:00+00:00, run_after=2025-06-12 18:36:00+00:00
[2025-06-12T18:37:17.523+0000] {processor.py:183} INFO - Processing /home/airflow/.local/lib/python3.8/site-packages/airflow/example_dags/example_sla_dag.py took 0.209 seconds
[2025-06-12T18:37:47.641+0000] {processor.py:161} INFO - Started process (PID=374) to work on /home/airflow/.local/lib/python3.8/site-packages/airflow/example_dags/example_sla_dag.py
[2025-06-12T18:37:47.643+0000] {processor.py:830} INFO - Processing file /home/airflow/.local/lib/python3.8/site-packages/airflow/example_dags/example_sla_dag.py for tasks to queue
[2025-06-12T18:37:47.648+0000] {logging_mixin.py:188} INFO - [2025-06-12T18:37:47.647+0000] {dagbag.py:538} INFO - Filling up the DagBag from /home/airflow/.local/lib/python3.8/site-packages/airflow/example_dags/example_sla_dag.py
[2025-06-12T18:37:47.667+0000] {processor.py:840} INFO - DAG(s) 'example_sla_dag' retrieved from /home/airflow/.local/lib/python3.8/site-packages/airflow/example_dags/example_sla_dag.py
[2025-06-12T18:37:47.704+0000] {logging_mixin.py:188} INFO - [2025-06-12T18:37:47.703+0000] {dag.py:3036} INFO - Sync 1 DAGs
[2025-06-12T18:37:47.741+0000] {logging_mixin.py:188} INFO - [2025-06-12T18:37:47.741+0000] {dag.py:3823} INFO - Setting next_dagrun for example_sla_dag to 2025-06-12 18:34:00+00:00, run_after=2025-06-12 18:36:00+00:00
[2025-06-12T18:37:47.780+0000] {processor.py:183} INFO - Processing /home/airflow/.local/lib/python3.8/site-packages/airflow/example_dags/example_sla_dag.py took 0.145 seconds
[2025-06-12T18:38:17.898+0000] {processor.py:161} INFO - Started process (PID=429) to work on /home/airflow/.local/lib/python3.8/site-packages/airflow/example_dags/example_sla_dag.py
[2025-06-12T18:38:17.901+0000] {processor.py:830} INFO - Processing file /home/airflow/.local/lib/python3.8/site-packages/airflow/example_dags/example_sla_dag.py for tasks to queue
[2025-06-12T18:38:17.905+0000] {logging_mixin.py:188} INFO - [2025-06-12T18:38:17.905+0000] {dagbag.py:538} INFO - Filling up the DagBag from /home/airflow/.local/lib/python3.8/site-packages/airflow/example_dags/example_sla_dag.py
[2025-06-12T18:38:17.925+0000] {processor.py:840} INFO - DAG(s) 'example_sla_dag' retrieved from /home/airflow/.local/lib/python3.8/site-packages/airflow/example_dags/example_sla_dag.py
[2025-06-12T18:38:17.973+0000] {logging_mixin.py:188} INFO - [2025-06-12T18:38:17.972+0000] {dag.py:3036} INFO - Sync 1 DAGs
[2025-06-12T18:38:18.030+0000] {logging_mixin.py:188} INFO - [2025-06-12T18:38:18.030+0000] {dag.py:3823} INFO - Setting next_dagrun for example_sla_dag to 2025-06-12 18:36:00+00:00, run_after=2025-06-12 18:38:00+00:00
[2025-06-12T18:38:18.093+0000] {processor.py:183} INFO - Processing /home/airflow/.local/lib/python3.8/site-packages/airflow/example_dags/example_sla_dag.py took 0.201 seconds
[2025-06-12T18:38:48.622+0000] {processor.py:161} INFO - Started process (PID=484) to work on /home/airflow/.local/lib/python3.8/site-packages/airflow/example_dags/example_sla_dag.py
[2025-06-12T18:38:48.624+0000] {processor.py:830} INFO - Processing file /home/airflow/.local/lib/python3.8/site-packages/airflow/example_dags/example_sla_dag.py for tasks to queue
[2025-06-12T18:38:48.628+0000] {logging_mixin.py:188} INFO - [2025-06-12T18:38:48.627+0000] {dagbag.py:538} INFO - Filling up the DagBag from /home/airflow/.local/lib/python3.8/site-packages/airflow/example_dags/example_sla_dag.py
[2025-06-12T18:38:48.645+0000] {processor.py:840} INFO - DAG(s) 'example_sla_dag' retrieved from /home/airflow/.local/lib/python3.8/site-packages/airflow/example_dags/example_sla_dag.py
[2025-06-12T18:38:48.694+0000] {logging_mixin.py:188} INFO - [2025-06-12T18:38:48.693+0000] {dag.py:3036} INFO - Sync 1 DAGs
[2025-06-12T18:38:48.737+0000] {logging_mixin.py:188} INFO - [2025-06-12T18:38:48.737+0000] {dag.py:3823} INFO - Setting next_dagrun for example_sla_dag to 2025-06-12 18:36:00+00:00, run_after=2025-06-12 18:38:00+00:00
[2025-06-12T18:38:48.775+0000] {processor.py:183} INFO - Processing /home/airflow/.local/lib/python3.8/site-packages/airflow/example_dags/example_sla_dag.py took 0.161 seconds
[2025-06-12T18:39:19.304+0000] {processor.py:161} INFO - Started process (PID=539) to work on /home/airflow/.local/lib/python3.8/site-packages/airflow/example_dags/example_sla_dag.py
[2025-06-12T18:39:19.306+0000] {processor.py:830} INFO - Processing file /home/airflow/.local/lib/python3.8/site-packages/airflow/example_dags/example_sla_dag.py for tasks to queue
[2025-06-12T18:39:19.311+0000] {logging_mixin.py:188} INFO - [2025-06-12T18:39:19.310+0000] {dagbag.py:538} INFO - Filling up the DagBag from /home/airflow/.local/lib/python3.8/site-packages/airflow/example_dags/example_sla_dag.py
[2025-06-12T18:39:19.327+0000] {processor.py:840} INFO - DAG(s) 'example_sla_dag' retrieved from /home/airflow/.local/lib/python3.8/site-packages/airflow/example_dags/example_sla_dag.py
[2025-06-12T18:39:19.364+0000] {logging_mixin.py:188} INFO - [2025-06-12T18:39:19.364+0000] {dag.py:3036} INFO - Sync 1 DAGs
[2025-06-12T18:39:19.405+0000] {logging_mixin.py:188} INFO - [2025-06-12T18:39:19.405+0000] {dag.py:3823} INFO - Setting next_dagrun for example_sla_dag to 2025-06-12 18:36:00+00:00, run_after=2025-06-12 18:38:00+00:00
[2025-06-12T18:39:19.439+0000] {processor.py:183} INFO - Processing /home/airflow/.local/lib/python3.8/site-packages/airflow/example_dags/example_sla_dag.py took 0.141 seconds
[2025-06-12T18:39:50.676+0000] {processor.py:161} INFO - Started process (PID=594) to work on /home/airflow/.local/lib/python3.8/site-packages/airflow/example_dags/example_sla_dag.py
[2025-06-12T18:39:50.678+0000] {processor.py:830} INFO - Processing file /home/airflow/.local/lib/python3.8/site-packages/airflow/example_dags/example_sla_dag.py for tasks to queue
[2025-06-12T18:39:50.684+0000] {logging_mixin.py:188} INFO - [2025-06-12T18:39:50.682+0000] {dagbag.py:538} INFO - Filling up the DagBag from /home/airflow/.local/lib/python3.8/site-packages/airflow/example_dags/example_sla_dag.py
[2025-06-12T18:39:50.702+0000] {processor.py:840} INFO - DAG(s) 'example_sla_dag' retrieved from /home/airflow/.local/lib/python3.8/site-packages/airflow/example_dags/example_sla_dag.py
[2025-06-12T18:39:50.868+0000] {logging_mixin.py:188} INFO - [2025-06-12T18:39:50.868+0000] {dag.py:3036} INFO - Sync 1 DAGs
[2025-06-12T18:39:50.904+0000] {logging_mixin.py:188} INFO - [2025-06-12T18:39:50.904+0000] {dag.py:3823} INFO - Setting next_dagrun for example_sla_dag to 2025-06-12 18:36:00+00:00, run_after=2025-06-12 18:38:00+00:00
[2025-06-12T18:39:50.937+0000] {processor.py:183} INFO - Processing /home/airflow/.local/lib/python3.8/site-packages/airflow/example_dags/example_sla_dag.py took 0.267 seconds
[2025-06-12T18:40:36.408+0000] {processor.py:161} INFO - Started process (PID=649) to work on /home/airflow/.local/lib/python3.8/site-packages/airflow/example_dags/example_sla_dag.py
[2025-06-12T18:40:36.412+0000] {processor.py:830} INFO - Processing file /home/airflow/.local/lib/python3.8/site-packages/airflow/example_dags/example_sla_dag.py for tasks to queue
[2025-06-12T18:40:36.418+0000] {logging_mixin.py:188} INFO - [2025-06-12T18:40:36.417+0000] {dagbag.py:538} INFO - Filling up the DagBag from /home/airflow/.local/lib/python3.8/site-packages/airflow/example_dags/example_sla_dag.py
[2025-06-12T18:40:36.448+0000] {processor.py:840} INFO - DAG(s) 'example_sla_dag' retrieved from /home/airflow/.local/lib/python3.8/site-packages/airflow/example_dags/example_sla_dag.py
[2025-06-12T18:40:36.481+0000] {logging_mixin.py:188} INFO - [2025-06-12T18:40:36.480+0000] {dag.py:3036} INFO - Sync 1 DAGs
[2025-06-12T18:40:36.545+0000] {logging_mixin.py:188} INFO - [2025-06-12T18:40:36.545+0000] {dag.py:3823} INFO - Setting next_dagrun for example_sla_dag to 2025-06-12 18:38:00+00:00, run_after=2025-06-12 18:40:00+00:00
[2025-06-12T18:40:36.592+0000] {processor.py:183} INFO - Processing /home/airflow/.local/lib/python3.8/site-packages/airflow/example_dags/example_sla_dag.py took 0.197 seconds
[2025-06-12T18:46:15.486+0000] {processor.py:161} INFO - Started process (PID=708) to work on /home/airflow/.local/lib/python3.8/site-packages/airflow/example_dags/example_sla_dag.py
[2025-06-12T18:46:15.489+0000] {processor.py:830} INFO - Processing file /home/airflow/.local/lib/python3.8/site-packages/airflow/example_dags/example_sla_dag.py for tasks to queue
[2025-06-12T18:46:15.491+0000] {logging_mixin.py:188} INFO - [2025-06-12T18:46:15.490+0000] {dagbag.py:538} INFO - Filling up the DagBag from /home/airflow/.local/lib/python3.8/site-packages/airflow/example_dags/example_sla_dag.py
[2025-06-12T18:46:15.519+0000] {processor.py:840} INFO - DAG(s) 'example_sla_dag' retrieved from /home/airflow/.local/lib/python3.8/site-packages/airflow/example_dags/example_sla_dag.py
[2025-06-12T18:46:15.689+0000] {logging_mixin.py:188} INFO - [2025-06-12T18:46:15.688+0000] {dag.py:3036} INFO - Sync 1 DAGs
[2025-06-12T18:46:15.724+0000] {logging_mixin.py:188} INFO - [2025-06-12T18:46:15.724+0000] {dag.py:3823} INFO - Setting next_dagrun for example_sla_dag to 2025-06-12 18:44:00+00:00, run_after=2025-06-12 18:46:00+00:00
[2025-06-12T18:46:15.765+0000] {processor.py:183} INFO - Processing /home/airflow/.local/lib/python3.8/site-packages/airflow/example_dags/example_sla_dag.py took 0.284 seconds
[2025-06-12T18:46:45.851+0000] {processor.py:161} INFO - Started process (PID=764) to work on /home/airflow/.local/lib/python3.8/site-packages/airflow/example_dags/example_sla_dag.py
[2025-06-12T18:46:45.864+0000] {processor.py:830} INFO - Processing file /home/airflow/.local/lib/python3.8/site-packages/airflow/example_dags/example_sla_dag.py for tasks to queue
[2025-06-12T18:46:45.881+0000] {logging_mixin.py:188} INFO - [2025-06-12T18:46:45.880+0000] {dagbag.py:538} INFO - Filling up the DagBag from /home/airflow/.local/lib/python3.8/site-packages/airflow/example_dags/example_sla_dag.py
[2025-06-12T18:46:45.916+0000] {processor.py:840} INFO - DAG(s) 'example_sla_dag' retrieved from /home/airflow/.local/lib/python3.8/site-packages/airflow/example_dags/example_sla_dag.py
[2025-06-12T18:46:45.988+0000] {logging_mixin.py:188} INFO - [2025-06-12T18:46:45.987+0000] {dag.py:3036} INFO - Sync 1 DAGs
[2025-06-12T18:46:46.072+0000] {logging_mixin.py:188} INFO - [2025-06-12T18:46:46.071+0000] {dag.py:3823} INFO - Setting next_dagrun for example_sla_dag to 2025-06-12 18:44:00+00:00, run_after=2025-06-12 18:46:00+00:00
[2025-06-12T18:46:46.143+0000] {processor.py:183} INFO - Processing /home/airflow/.local/lib/python3.8/site-packages/airflow/example_dags/example_sla_dag.py took 0.302 seconds
[2025-06-12T18:47:16.692+0000] {processor.py:161} INFO - Started process (PID=819) to work on /home/airflow/.local/lib/python3.8/site-packages/airflow/example_dags/example_sla_dag.py
[2025-06-12T18:47:16.695+0000] {processor.py:830} INFO - Processing file /home/airflow/.local/lib/python3.8/site-packages/airflow/example_dags/example_sla_dag.py for tasks to queue
[2025-06-12T18:47:16.696+0000] {logging_mixin.py:188} INFO - [2025-06-12T18:47:16.696+0000] {dagbag.py:538} INFO - Filling up the DagBag from /home/airflow/.local/lib/python3.8/site-packages/airflow/example_dags/example_sla_dag.py
[2025-06-12T18:47:16.713+0000] {processor.py:840} INFO - DAG(s) 'example_sla_dag' retrieved from /home/airflow/.local/lib/python3.8/site-packages/airflow/example_dags/example_sla_dag.py
[2025-06-12T18:47:16.752+0000] {logging_mixin.py:188} INFO - [2025-06-12T18:47:16.752+0000] {dag.py:3036} INFO - Sync 1 DAGs
[2025-06-12T18:47:16.790+0000] {logging_mixin.py:188} INFO - [2025-06-12T18:47:16.790+0000] {dag.py:3823} INFO - Setting next_dagrun for example_sla_dag to 2025-06-12 18:44:00+00:00, run_after=2025-06-12 18:46:00+00:00
[2025-06-12T18:47:16.825+0000] {processor.py:183} INFO - Processing /home/airflow/.local/lib/python3.8/site-packages/airflow/example_dags/example_sla_dag.py took 0.140 seconds
[2025-06-12T18:47:47.717+0000] {processor.py:161} INFO - Started process (PID=874) to work on /home/airflow/.local/lib/python3.8/site-packages/airflow/example_dags/example_sla_dag.py
[2025-06-12T18:47:47.720+0000] {processor.py:830} INFO - Processing file /home/airflow/.local/lib/python3.8/site-packages/airflow/example_dags/example_sla_dag.py for tasks to queue
[2025-06-12T18:47:47.722+0000] {logging_mixin.py:188} INFO - [2025-06-12T18:47:47.721+0000] {dagbag.py:538} INFO - Filling up the DagBag from /home/airflow/.local/lib/python3.8/site-packages/airflow/example_dags/example_sla_dag.py
[2025-06-12T18:47:47.739+0000] {processor.py:840} INFO - DAG(s) 'example_sla_dag' retrieved from /home/airflow/.local/lib/python3.8/site-packages/airflow/example_dags/example_sla_dag.py
[2025-06-12T18:47:47.781+0000] {logging_mixin.py:188} INFO - [2025-06-12T18:47:47.781+0000] {dag.py:3036} INFO - Sync 1 DAGs
[2025-06-12T18:47:47.819+0000] {logging_mixin.py:188} INFO - [2025-06-12T18:47:47.819+0000] {dag.py:3823} INFO - Setting next_dagrun for example_sla_dag to 2025-06-12 18:44:00+00:00, run_after=2025-06-12 18:46:00+00:00
[2025-06-12T18:47:47.853+0000] {processor.py:183} INFO - Processing /home/airflow/.local/lib/python3.8/site-packages/airflow/example_dags/example_sla_dag.py took 0.142 seconds
[2025-06-12T18:48:19.870+0000] {processor.py:161} INFO - Started process (PID=927) to work on /home/airflow/.local/lib/python3.8/site-packages/airflow/example_dags/example_sla_dag.py
[2025-06-12T18:48:19.873+0000] {processor.py:830} INFO - Processing file /home/airflow/.local/lib/python3.8/site-packages/airflow/example_dags/example_sla_dag.py for tasks to queue
[2025-06-12T18:48:19.876+0000] {logging_mixin.py:188} INFO - [2025-06-12T18:48:19.875+0000] {dagbag.py:538} INFO - Filling up the DagBag from /home/airflow/.local/lib/python3.8/site-packages/airflow/example_dags/example_sla_dag.py
[2025-06-12T18:48:19.893+0000] {processor.py:840} INFO - DAG(s) 'example_sla_dag' retrieved from /home/airflow/.local/lib/python3.8/site-packages/airflow/example_dags/example_sla_dag.py
[2025-06-12T18:48:19.935+0000] {logging_mixin.py:188} INFO - [2025-06-12T18:48:19.935+0000] {dag.py:3036} INFO - Sync 1 DAGs
[2025-06-12T18:48:19.981+0000] {logging_mixin.py:188} INFO - [2025-06-12T18:48:19.981+0000] {dag.py:3823} INFO - Setting next_dagrun for example_sla_dag to 2025-06-12 18:46:00+00:00, run_after=2025-06-12 18:48:00+00:00
[2025-06-12T18:48:20.028+0000] {processor.py:183} INFO - Processing /home/airflow/.local/lib/python3.8/site-packages/airflow/example_dags/example_sla_dag.py took 0.165 seconds
[2025-06-12T18:48:50.305+0000] {processor.py:161} INFO - Started process (PID=982) to work on /home/airflow/.local/lib/python3.8/site-packages/airflow/example_dags/example_sla_dag.py
[2025-06-12T18:48:50.307+0000] {processor.py:830} INFO - Processing file /home/airflow/.local/lib/python3.8/site-packages/airflow/example_dags/example_sla_dag.py for tasks to queue
[2025-06-12T18:48:50.309+0000] {logging_mixin.py:188} INFO - [2025-06-12T18:48:50.308+0000] {dagbag.py:538} INFO - Filling up the DagBag from /home/airflow/.local/lib/python3.8/site-packages/airflow/example_dags/example_sla_dag.py
[2025-06-12T18:48:50.327+0000] {processor.py:840} INFO - DAG(s) 'example_sla_dag' retrieved from /home/airflow/.local/lib/python3.8/site-packages/airflow/example_dags/example_sla_dag.py
[2025-06-12T18:48:50.365+0000] {logging_mixin.py:188} INFO - [2025-06-12T18:48:50.364+0000] {dag.py:3036} INFO - Sync 1 DAGs
[2025-06-12T18:48:50.406+0000] {logging_mixin.py:188} INFO - [2025-06-12T18:48:50.406+0000] {dag.py:3823} INFO - Setting next_dagrun for example_sla_dag to 2025-06-12 18:46:00+00:00, run_after=2025-06-12 18:48:00+00:00
[2025-06-12T18:48:50.445+0000] {processor.py:183} INFO - Processing /home/airflow/.local/lib/python3.8/site-packages/airflow/example_dags/example_sla_dag.py took 0.146 seconds
[2025-06-12T18:49:20.872+0000] {processor.py:161} INFO - Started process (PID=1037) to work on /home/airflow/.local/lib/python3.8/site-packages/airflow/example_dags/example_sla_dag.py
[2025-06-12T18:49:20.874+0000] {processor.py:830} INFO - Processing file /home/airflow/.local/lib/python3.8/site-packages/airflow/example_dags/example_sla_dag.py for tasks to queue
[2025-06-12T18:49:20.876+0000] {logging_mixin.py:188} INFO - [2025-06-12T18:49:20.875+0000] {dagbag.py:538} INFO - Filling up the DagBag from /home/airflow/.local/lib/python3.8/site-packages/airflow/example_dags/example_sla_dag.py
[2025-06-12T18:49:20.896+0000] {processor.py:840} INFO - DAG(s) 'example_sla_dag' retrieved from /home/airflow/.local/lib/python3.8/site-packages/airflow/example_dags/example_sla_dag.py
[2025-06-12T18:49:20.931+0000] {logging_mixin.py:188} INFO - [2025-06-12T18:49:20.931+0000] {dag.py:3036} INFO - Sync 1 DAGs
[2025-06-12T18:49:20.966+0000] {logging_mixin.py:188} INFO - [2025-06-12T18:49:20.966+0000] {dag.py:3823} INFO - Setting next_dagrun for example_sla_dag to 2025-06-12 18:46:00+00:00, run_after=2025-06-12 18:48:00+00:00
[2025-06-12T18:49:20.997+0000] {processor.py:183} INFO - Processing /home/airflow/.local/lib/python3.8/site-packages/airflow/example_dags/example_sla_dag.py took 0.132 seconds
[2025-06-12T18:49:52.035+0000] {processor.py:161} INFO - Started process (PID=1092) to work on /home/airflow/.local/lib/python3.8/site-packages/airflow/example_dags/example_sla_dag.py
[2025-06-12T18:49:52.037+0000] {processor.py:830} INFO - Processing file /home/airflow/.local/lib/python3.8/site-packages/airflow/example_dags/example_sla_dag.py for tasks to queue
[2025-06-12T18:49:52.039+0000] {logging_mixin.py:188} INFO - [2025-06-12T18:49:52.038+0000] {dagbag.py:538} INFO - Filling up the DagBag from /home/airflow/.local/lib/python3.8/site-packages/airflow/example_dags/example_sla_dag.py
[2025-06-12T18:49:52.055+0000] {processor.py:840} INFO - DAG(s) 'example_sla_dag' retrieved from /home/airflow/.local/lib/python3.8/site-packages/airflow/example_dags/example_sla_dag.py
[2025-06-12T18:49:52.101+0000] {logging_mixin.py:188} INFO - [2025-06-12T18:49:52.101+0000] {dag.py:3036} INFO - Sync 1 DAGs
[2025-06-12T18:49:52.150+0000] {logging_mixin.py:188} INFO - [2025-06-12T18:49:52.150+0000] {dag.py:3823} INFO - Setting next_dagrun for example_sla_dag to 2025-06-12 18:46:00+00:00, run_after=2025-06-12 18:48:00+00:00
[2025-06-12T18:49:52.190+0000] {processor.py:183} INFO - Processing /home/airflow/.local/lib/python3.8/site-packages/airflow/example_dags/example_sla_dag.py took 0.161 seconds
[2025-06-12T18:50:22.365+0000] {processor.py:161} INFO - Started process (PID=1147) to work on /home/airflow/.local/lib/python3.8/site-packages/airflow/example_dags/example_sla_dag.py
[2025-06-12T18:50:22.368+0000] {processor.py:830} INFO - Processing file /home/airflow/.local/lib/python3.8/site-packages/airflow/example_dags/example_sla_dag.py for tasks to queue
[2025-06-12T18:50:22.370+0000] {logging_mixin.py:188} INFO - [2025-06-12T18:50:22.369+0000] {dagbag.py:538} INFO - Filling up the DagBag from /home/airflow/.local/lib/python3.8/site-packages/airflow/example_dags/example_sla_dag.py
[2025-06-12T18:50:22.385+0000] {processor.py:840} INFO - DAG(s) 'example_sla_dag' retrieved from /home/airflow/.local/lib/python3.8/site-packages/airflow/example_dags/example_sla_dag.py
[2025-06-12T18:50:22.423+0000] {logging_mixin.py:188} INFO - [2025-06-12T18:50:22.423+0000] {dag.py:3036} INFO - Sync 1 DAGs
[2025-06-12T18:50:22.465+0000] {logging_mixin.py:188} INFO - [2025-06-12T18:50:22.465+0000] {dag.py:3823} INFO - Setting next_dagrun for example_sla_dag to 2025-06-12 18:48:00+00:00, run_after=2025-06-12 18:50:00+00:00
[2025-06-12T18:50:22.500+0000] {processor.py:183} INFO - Processing /home/airflow/.local/lib/python3.8/site-packages/airflow/example_dags/example_sla_dag.py took 0.140 seconds
[2025-06-12T18:50:52.929+0000] {processor.py:161} INFO - Started process (PID=1203) to work on /home/airflow/.local/lib/python3.8/site-packages/airflow/example_dags/example_sla_dag.py
[2025-06-12T18:50:52.930+0000] {processor.py:830} INFO - Processing file /home/airflow/.local/lib/python3.8/site-packages/airflow/example_dags/example_sla_dag.py for tasks to queue
[2025-06-12T18:50:52.932+0000] {logging_mixin.py:188} INFO - [2025-06-12T18:50:52.932+0000] {dagbag.py:538} INFO - Filling up the DagBag from /home/airflow/.local/lib/python3.8/site-packages/airflow/example_dags/example_sla_dag.py
[2025-06-12T18:50:52.947+0000] {processor.py:840} INFO - DAG(s) 'example_sla_dag' retrieved from /home/airflow/.local/lib/python3.8/site-packages/airflow/example_dags/example_sla_dag.py
[2025-06-12T18:50:52.982+0000] {logging_mixin.py:188} INFO - [2025-06-12T18:50:52.981+0000] {dag.py:3036} INFO - Sync 1 DAGs
[2025-06-12T18:50:53.017+0000] {logging_mixin.py:188} INFO - [2025-06-12T18:50:53.017+0000] {dag.py:3823} INFO - Setting next_dagrun for example_sla_dag to 2025-06-12 18:48:00+00:00, run_after=2025-06-12 18:50:00+00:00
[2025-06-12T18:50:53.048+0000] {processor.py:183} INFO - Processing /home/airflow/.local/lib/python3.8/site-packages/airflow/example_dags/example_sla_dag.py took 0.124 seconds
[2025-06-12T18:51:23.725+0000] {processor.py:161} INFO - Started process (PID=1258) to work on /home/airflow/.local/lib/python3.8/site-packages/airflow/example_dags/example_sla_dag.py
[2025-06-12T18:51:23.727+0000] {processor.py:830} INFO - Processing file /home/airflow/.local/lib/python3.8/site-packages/airflow/example_dags/example_sla_dag.py for tasks to queue
[2025-06-12T18:51:23.730+0000] {logging_mixin.py:188} INFO - [2025-06-12T18:51:23.729+0000] {dagbag.py:538} INFO - Filling up the DagBag from /home/airflow/.local/lib/python3.8/site-packages/airflow/example_dags/example_sla_dag.py
[2025-06-12T18:51:23.744+0000] {processor.py:840} INFO - DAG(s) 'example_sla_dag' retrieved from /home/airflow/.local/lib/python3.8/site-packages/airflow/example_dags/example_sla_dag.py
[2025-06-12T18:51:23.781+0000] {logging_mixin.py:188} INFO - [2025-06-12T18:51:23.781+0000] {dag.py:3036} INFO - Sync 1 DAGs
[2025-06-12T18:51:23.818+0000] {logging_mixin.py:188} INFO - [2025-06-12T18:51:23.818+0000] {dag.py:3823} INFO - Setting next_dagrun for example_sla_dag to 2025-06-12 18:48:00+00:00, run_after=2025-06-12 18:50:00+00:00
[2025-06-12T18:51:23.859+0000] {processor.py:183} INFO - Processing /home/airflow/.local/lib/python3.8/site-packages/airflow/example_dags/example_sla_dag.py took 0.139 seconds
[2025-06-12T18:51:54.399+0000] {processor.py:161} INFO - Started process (PID=1313) to work on /home/airflow/.local/lib/python3.8/site-packages/airflow/example_dags/example_sla_dag.py
[2025-06-12T18:51:54.401+0000] {processor.py:830} INFO - Processing file /home/airflow/.local/lib/python3.8/site-packages/airflow/example_dags/example_sla_dag.py for tasks to queue
[2025-06-12T18:51:54.404+0000] {logging_mixin.py:188} INFO - [2025-06-12T18:51:54.403+0000] {dagbag.py:538} INFO - Filling up the DagBag from /home/airflow/.local/lib/python3.8/site-packages/airflow/example_dags/example_sla_dag.py
[2025-06-12T18:51:54.420+0000] {processor.py:840} INFO - DAG(s) 'example_sla_dag' retrieved from /home/airflow/.local/lib/python3.8/site-packages/airflow/example_dags/example_sla_dag.py
[2025-06-12T18:51:54.457+0000] {logging_mixin.py:188} INFO - [2025-06-12T18:51:54.456+0000] {dag.py:3036} INFO - Sync 1 DAGs
[2025-06-12T18:51:54.493+0000] {logging_mixin.py:188} INFO - [2025-06-12T18:51:54.493+0000] {dag.py:3823} INFO - Setting next_dagrun for example_sla_dag to 2025-06-12 18:48:00+00:00, run_after=2025-06-12 18:50:00+00:00
[2025-06-12T18:51:54.525+0000] {processor.py:183} INFO - Processing /home/airflow/.local/lib/python3.8/site-packages/airflow/example_dags/example_sla_dag.py took 0.131 seconds
[2025-06-12T18:52:26.006+0000] {processor.py:161} INFO - Started process (PID=1369) to work on /home/airflow/.local/lib/python3.8/site-packages/airflow/example_dags/example_sla_dag.py
[2025-06-12T18:52:26.008+0000] {processor.py:830} INFO - Processing file /home/airflow/.local/lib/python3.8/site-packages/airflow/example_dags/example_sla_dag.py for tasks to queue
[2025-06-12T18:52:26.010+0000] {logging_mixin.py:188} INFO - [2025-06-12T18:52:26.010+0000] {dagbag.py:538} INFO - Filling up the DagBag from /home/airflow/.local/lib/python3.8/site-packages/airflow/example_dags/example_sla_dag.py
[2025-06-12T18:52:26.026+0000] {processor.py:840} INFO - DAG(s) 'example_sla_dag' retrieved from /home/airflow/.local/lib/python3.8/site-packages/airflow/example_dags/example_sla_dag.py
[2025-06-12T18:52:26.067+0000] {logging_mixin.py:188} INFO - [2025-06-12T18:52:26.067+0000] {dag.py:3036} INFO - Sync 1 DAGs
[2025-06-12T18:52:26.111+0000] {logging_mixin.py:188} INFO - [2025-06-12T18:52:26.111+0000] {dag.py:3823} INFO - Setting next_dagrun for example_sla_dag to 2025-06-12 18:50:00+00:00, run_after=2025-06-12 18:52:00+00:00
[2025-06-12T18:52:26.141+0000] {processor.py:183} INFO - Processing /home/airflow/.local/lib/python3.8/site-packages/airflow/example_dags/example_sla_dag.py took 0.142 seconds
[2025-06-12T18:52:56.797+0000] {processor.py:161} INFO - Started process (PID=1424) to work on /home/airflow/.local/lib/python3.8/site-packages/airflow/example_dags/example_sla_dag.py
[2025-06-12T18:52:56.808+0000] {processor.py:830} INFO - Processing file /home/airflow/.local/lib/python3.8/site-packages/airflow/example_dags/example_sla_dag.py for tasks to queue
[2025-06-12T18:52:56.811+0000] {logging_mixin.py:188} INFO - [2025-06-12T18:52:56.810+0000] {dagbag.py:538} INFO - Filling up the DagBag from /home/airflow/.local/lib/python3.8/site-packages/airflow/example_dags/example_sla_dag.py
[2025-06-12T18:52:56.851+0000] {processor.py:840} INFO - DAG(s) 'example_sla_dag' retrieved from /home/airflow/.local/lib/python3.8/site-packages/airflow/example_dags/example_sla_dag.py
[2025-06-12T18:52:56.968+0000] {logging_mixin.py:188} INFO - [2025-06-12T18:52:56.967+0000] {dag.py:3036} INFO - Sync 1 DAGs
[2025-06-12T18:52:57.062+0000] {logging_mixin.py:188} INFO - [2025-06-12T18:52:57.062+0000] {dag.py:3823} INFO - Setting next_dagrun for example_sla_dag to 2025-06-12 18:50:00+00:00, run_after=2025-06-12 18:52:00+00:00
[2025-06-12T18:52:57.126+0000] {processor.py:183} INFO - Processing /home/airflow/.local/lib/python3.8/site-packages/airflow/example_dags/example_sla_dag.py took 0.346 seconds
[2025-06-12T18:53:27.258+0000] {processor.py:161} INFO - Started process (PID=1478) to work on /home/airflow/.local/lib/python3.8/site-packages/airflow/example_dags/example_sla_dag.py
[2025-06-12T18:53:27.261+0000] {processor.py:830} INFO - Processing file /home/airflow/.local/lib/python3.8/site-packages/airflow/example_dags/example_sla_dag.py for tasks to queue
[2025-06-12T18:53:27.263+0000] {logging_mixin.py:188} INFO - [2025-06-12T18:53:27.262+0000] {dagbag.py:538} INFO - Filling up the DagBag from /home/airflow/.local/lib/python3.8/site-packages/airflow/example_dags/example_sla_dag.py
[2025-06-12T18:53:27.279+0000] {processor.py:840} INFO - DAG(s) 'example_sla_dag' retrieved from /home/airflow/.local/lib/python3.8/site-packages/airflow/example_dags/example_sla_dag.py
[2025-06-12T18:53:27.317+0000] {logging_mixin.py:188} INFO - [2025-06-12T18:53:27.317+0000] {dag.py:3036} INFO - Sync 1 DAGs
[2025-06-12T18:53:27.354+0000] {logging_mixin.py:188} INFO - [2025-06-12T18:53:27.354+0000] {dag.py:3823} INFO - Setting next_dagrun for example_sla_dag to 2025-06-12 18:50:00+00:00, run_after=2025-06-12 18:52:00+00:00
[2025-06-12T18:53:27.388+0000] {processor.py:183} INFO - Processing /home/airflow/.local/lib/python3.8/site-packages/airflow/example_dags/example_sla_dag.py took 0.136 seconds
[2025-06-12T18:53:57.547+0000] {processor.py:161} INFO - Started process (PID=1534) to work on /home/airflow/.local/lib/python3.8/site-packages/airflow/example_dags/example_sla_dag.py
[2025-06-12T18:53:57.550+0000] {processor.py:830} INFO - Processing file /home/airflow/.local/lib/python3.8/site-packages/airflow/example_dags/example_sla_dag.py for tasks to queue
[2025-06-12T18:53:57.553+0000] {logging_mixin.py:188} INFO - [2025-06-12T18:53:57.552+0000] {dagbag.py:538} INFO - Filling up the DagBag from /home/airflow/.local/lib/python3.8/site-packages/airflow/example_dags/example_sla_dag.py
[2025-06-12T18:53:57.568+0000] {processor.py:840} INFO - DAG(s) 'example_sla_dag' retrieved from /home/airflow/.local/lib/python3.8/site-packages/airflow/example_dags/example_sla_dag.py
[2025-06-12T18:53:57.607+0000] {logging_mixin.py:188} INFO - [2025-06-12T18:53:57.606+0000] {dag.py:3036} INFO - Sync 1 DAGs
[2025-06-12T18:53:57.643+0000] {logging_mixin.py:188} INFO - [2025-06-12T18:53:57.643+0000] {dag.py:3823} INFO - Setting next_dagrun for example_sla_dag to 2025-06-12 18:50:00+00:00, run_after=2025-06-12 18:52:00+00:00
[2025-06-12T18:53:57.676+0000] {processor.py:183} INFO - Processing /home/airflow/.local/lib/python3.8/site-packages/airflow/example_dags/example_sla_dag.py took 0.134 seconds
[2025-06-12T18:54:28.037+0000] {processor.py:161} INFO - Started process (PID=1589) to work on /home/airflow/.local/lib/python3.8/site-packages/airflow/example_dags/example_sla_dag.py
[2025-06-12T18:54:28.040+0000] {processor.py:830} INFO - Processing file /home/airflow/.local/lib/python3.8/site-packages/airflow/example_dags/example_sla_dag.py for tasks to queue
[2025-06-12T18:54:28.041+0000] {logging_mixin.py:188} INFO - [2025-06-12T18:54:28.041+0000] {dagbag.py:538} INFO - Filling up the DagBag from /home/airflow/.local/lib/python3.8/site-packages/airflow/example_dags/example_sla_dag.py
[2025-06-12T18:54:28.057+0000] {processor.py:840} INFO - DAG(s) 'example_sla_dag' retrieved from /home/airflow/.local/lib/python3.8/site-packages/airflow/example_dags/example_sla_dag.py
[2025-06-12T18:54:28.093+0000] {logging_mixin.py:188} INFO - [2025-06-12T18:54:28.092+0000] {dag.py:3036} INFO - Sync 1 DAGs
[2025-06-12T18:54:28.129+0000] {logging_mixin.py:188} INFO - [2025-06-12T18:54:28.128+0000] {dag.py:3823} INFO - Setting next_dagrun for example_sla_dag to 2025-06-12 18:52:00+00:00, run_after=2025-06-12 18:54:00+00:00
[2025-06-12T18:54:28.162+0000] {processor.py:183} INFO - Processing /home/airflow/.local/lib/python3.8/site-packages/airflow/example_dags/example_sla_dag.py took 0.130 seconds
[2025-06-12T18:54:59.378+0000] {processor.py:161} INFO - Started process (PID=1644) to work on /home/airflow/.local/lib/python3.8/site-packages/airflow/example_dags/example_sla_dag.py
[2025-06-12T18:54:59.381+0000] {processor.py:830} INFO - Processing file /home/airflow/.local/lib/python3.8/site-packages/airflow/example_dags/example_sla_dag.py for tasks to queue
[2025-06-12T18:54:59.384+0000] {logging_mixin.py:188} INFO - [2025-06-12T18:54:59.383+0000] {dagbag.py:538} INFO - Filling up the DagBag from /home/airflow/.local/lib/python3.8/site-packages/airflow/example_dags/example_sla_dag.py
[2025-06-12T18:54:59.411+0000] {processor.py:840} INFO - DAG(s) 'example_sla_dag' retrieved from /home/airflow/.local/lib/python3.8/site-packages/airflow/example_dags/example_sla_dag.py
[2025-06-12T18:54:59.521+0000] {logging_mixin.py:188} INFO - [2025-06-12T18:54:59.520+0000] {dag.py:3036} INFO - Sync 1 DAGs
[2025-06-12T18:54:59.601+0000] {logging_mixin.py:188} INFO - [2025-06-12T18:54:59.601+0000] {dag.py:3823} INFO - Setting next_dagrun for example_sla_dag to 2025-06-12 18:52:00+00:00, run_after=2025-06-12 18:54:00+00:00
[2025-06-12T18:54:59.692+0000] {processor.py:183} INFO - Processing /home/airflow/.local/lib/python3.8/site-packages/airflow/example_dags/example_sla_dag.py took 0.324 seconds
[2025-06-12T18:55:30.124+0000] {processor.py:161} INFO - Started process (PID=1699) to work on /home/airflow/.local/lib/python3.8/site-packages/airflow/example_dags/example_sla_dag.py
[2025-06-12T18:55:30.127+0000] {processor.py:830} INFO - Processing file /home/airflow/.local/lib/python3.8/site-packages/airflow/example_dags/example_sla_dag.py for tasks to queue
[2025-06-12T18:55:30.129+0000] {logging_mixin.py:188} INFO - [2025-06-12T18:55:30.129+0000] {dagbag.py:538} INFO - Filling up the DagBag from /home/airflow/.local/lib/python3.8/site-packages/airflow/example_dags/example_sla_dag.py
[2025-06-12T18:55:30.144+0000] {processor.py:840} INFO - DAG(s) 'example_sla_dag' retrieved from /home/airflow/.local/lib/python3.8/site-packages/airflow/example_dags/example_sla_dag.py
[2025-06-12T18:55:30.181+0000] {logging_mixin.py:188} INFO - [2025-06-12T18:55:30.180+0000] {dag.py:3036} INFO - Sync 1 DAGs
[2025-06-12T18:55:30.215+0000] {logging_mixin.py:188} INFO - [2025-06-12T18:55:30.215+0000] {dag.py:3823} INFO - Setting next_dagrun for example_sla_dag to 2025-06-12 18:52:00+00:00, run_after=2025-06-12 18:54:00+00:00
[2025-06-12T18:55:30.248+0000] {processor.py:183} INFO - Processing /home/airflow/.local/lib/python3.8/site-packages/airflow/example_dags/example_sla_dag.py took 0.129 seconds
[2025-06-12T18:56:00.481+0000] {processor.py:161} INFO - Started process (PID=1754) to work on /home/airflow/.local/lib/python3.8/site-packages/airflow/example_dags/example_sla_dag.py
[2025-06-12T18:56:00.484+0000] {processor.py:830} INFO - Processing file /home/airflow/.local/lib/python3.8/site-packages/airflow/example_dags/example_sla_dag.py for tasks to queue
[2025-06-12T18:56:00.486+0000] {logging_mixin.py:188} INFO - [2025-06-12T18:56:00.485+0000] {dagbag.py:538} INFO - Filling up the DagBag from /home/airflow/.local/lib/python3.8/site-packages/airflow/example_dags/example_sla_dag.py
[2025-06-12T18:56:00.502+0000] {processor.py:840} INFO - DAG(s) 'example_sla_dag' retrieved from /home/airflow/.local/lib/python3.8/site-packages/airflow/example_dags/example_sla_dag.py
[2025-06-12T18:56:00.539+0000] {logging_mixin.py:188} INFO - [2025-06-12T18:56:00.539+0000] {dag.py:3036} INFO - Sync 1 DAGs
[2025-06-12T18:56:00.572+0000] {logging_mixin.py:188} INFO - [2025-06-12T18:56:00.572+0000] {dag.py:3823} INFO - Setting next_dagrun for example_sla_dag to 2025-06-12 18:54:00+00:00, run_after=2025-06-12 18:56:00+00:00
[2025-06-12T18:56:00.605+0000] {processor.py:183} INFO - Processing /home/airflow/.local/lib/python3.8/site-packages/airflow/example_dags/example_sla_dag.py took 0.130 seconds
[2025-06-12T18:56:31.324+0000] {processor.py:161} INFO - Started process (PID=1809) to work on /home/airflow/.local/lib/python3.8/site-packages/airflow/example_dags/example_sla_dag.py
[2025-06-12T18:56:31.326+0000] {processor.py:830} INFO - Processing file /home/airflow/.local/lib/python3.8/site-packages/airflow/example_dags/example_sla_dag.py for tasks to queue
[2025-06-12T18:56:31.329+0000] {logging_mixin.py:188} INFO - [2025-06-12T18:56:31.328+0000] {dagbag.py:538} INFO - Filling up the DagBag from /home/airflow/.local/lib/python3.8/site-packages/airflow/example_dags/example_sla_dag.py
[2025-06-12T18:56:31.347+0000] {processor.py:840} INFO - DAG(s) 'example_sla_dag' retrieved from /home/airflow/.local/lib/python3.8/site-packages/airflow/example_dags/example_sla_dag.py
[2025-06-12T18:56:31.389+0000] {logging_mixin.py:188} INFO - [2025-06-12T18:56:31.389+0000] {dag.py:3036} INFO - Sync 1 DAGs
[2025-06-12T18:56:31.433+0000] {logging_mixin.py:188} INFO - [2025-06-12T18:56:31.433+0000] {dag.py:3823} INFO - Setting next_dagrun for example_sla_dag to 2025-06-12 18:54:00+00:00, run_after=2025-06-12 18:56:00+00:00
[2025-06-12T18:56:31.471+0000] {processor.py:183} INFO - Processing /home/airflow/.local/lib/python3.8/site-packages/airflow/example_dags/example_sla_dag.py took 0.154 seconds
[2025-06-12T18:57:01.790+0000] {processor.py:161} INFO - Started process (PID=1864) to work on /home/airflow/.local/lib/python3.8/site-packages/airflow/example_dags/example_sla_dag.py
[2025-06-12T18:57:01.794+0000] {processor.py:830} INFO - Processing file /home/airflow/.local/lib/python3.8/site-packages/airflow/example_dags/example_sla_dag.py for tasks to queue
[2025-06-12T18:57:01.797+0000] {logging_mixin.py:188} INFO - [2025-06-12T18:57:01.796+0000] {dagbag.py:538} INFO - Filling up the DagBag from /home/airflow/.local/lib/python3.8/site-packages/airflow/example_dags/example_sla_dag.py
[2025-06-12T18:57:01.816+0000] {processor.py:840} INFO - DAG(s) 'example_sla_dag' retrieved from /home/airflow/.local/lib/python3.8/site-packages/airflow/example_dags/example_sla_dag.py
[2025-06-12T18:57:01.854+0000] {logging_mixin.py:188} INFO - [2025-06-12T18:57:01.854+0000] {dag.py:3036} INFO - Sync 1 DAGs
[2025-06-12T18:57:01.894+0000] {logging_mixin.py:188} INFO - [2025-06-12T18:57:01.894+0000] {dag.py:3823} INFO - Setting next_dagrun for example_sla_dag to 2025-06-12 18:54:00+00:00, run_after=2025-06-12 18:56:00+00:00
[2025-06-12T18:57:01.928+0000] {processor.py:183} INFO - Processing /home/airflow/.local/lib/python3.8/site-packages/airflow/example_dags/example_sla_dag.py took 0.147 seconds
[2025-06-12T18:57:42.658+0000] {processor.py:161} INFO - Started process (PID=1920) to work on /home/airflow/.local/lib/python3.8/site-packages/airflow/example_dags/example_sla_dag.py
[2025-06-12T18:57:42.660+0000] {processor.py:830} INFO - Processing file /home/airflow/.local/lib/python3.8/site-packages/airflow/example_dags/example_sla_dag.py for tasks to queue
[2025-06-12T18:57:42.663+0000] {logging_mixin.py:188} INFO - [2025-06-12T18:57:42.662+0000] {dagbag.py:538} INFO - Filling up the DagBag from /home/airflow/.local/lib/python3.8/site-packages/airflow/example_dags/example_sla_dag.py
[2025-06-12T18:57:42.687+0000] {processor.py:840} INFO - DAG(s) 'example_sla_dag' retrieved from /home/airflow/.local/lib/python3.8/site-packages/airflow/example_dags/example_sla_dag.py
[2025-06-12T18:57:42.748+0000] {logging_mixin.py:188} INFO - [2025-06-12T18:57:42.747+0000] {dag.py:3036} INFO - Sync 1 DAGs
[2025-06-12T18:57:42.819+0000] {logging_mixin.py:188} INFO - [2025-06-12T18:57:42.818+0000] {dag.py:3823} INFO - Setting next_dagrun for example_sla_dag to 2025-06-12 18:54:00+00:00, run_after=2025-06-12 18:56:00+00:00
[2025-06-12T18:57:42.863+0000] {processor.py:183} INFO - Processing /home/airflow/.local/lib/python3.8/site-packages/airflow/example_dags/example_sla_dag.py took 0.213 seconds
[2025-06-12T18:58:13.310+0000] {processor.py:161} INFO - Started process (PID=1976) to work on /home/airflow/.local/lib/python3.8/site-packages/airflow/example_dags/example_sla_dag.py
[2025-06-12T18:58:13.312+0000] {processor.py:830} INFO - Processing file /home/airflow/.local/lib/python3.8/site-packages/airflow/example_dags/example_sla_dag.py for tasks to queue
[2025-06-12T18:58:13.314+0000] {logging_mixin.py:188} INFO - [2025-06-12T18:58:13.313+0000] {dagbag.py:538} INFO - Filling up the DagBag from /home/airflow/.local/lib/python3.8/site-packages/airflow/example_dags/example_sla_dag.py
[2025-06-12T18:58:13.331+0000] {processor.py:840} INFO - DAG(s) 'example_sla_dag' retrieved from /home/airflow/.local/lib/python3.8/site-packages/airflow/example_dags/example_sla_dag.py
[2025-06-12T18:58:13.372+0000] {logging_mixin.py:188} INFO - [2025-06-12T18:58:13.371+0000] {dag.py:3036} INFO - Sync 1 DAGs
[2025-06-12T18:58:13.419+0000] {logging_mixin.py:188} INFO - [2025-06-12T18:58:13.418+0000] {dag.py:3823} INFO - Setting next_dagrun for example_sla_dag to 2025-06-12 18:56:00+00:00, run_after=2025-06-12 18:58:00+00:00
[2025-06-12T18:58:13.458+0000] {processor.py:183} INFO - Processing /home/airflow/.local/lib/python3.8/site-packages/airflow/example_dags/example_sla_dag.py took 0.153 seconds
[2025-06-12T18:58:44.634+0000] {processor.py:161} INFO - Started process (PID=2031) to work on /home/airflow/.local/lib/python3.8/site-packages/airflow/example_dags/example_sla_dag.py
[2025-06-12T18:58:44.637+0000] {processor.py:830} INFO - Processing file /home/airflow/.local/lib/python3.8/site-packages/airflow/example_dags/example_sla_dag.py for tasks to queue
[2025-06-12T18:58:44.639+0000] {logging_mixin.py:188} INFO - [2025-06-12T18:58:44.639+0000] {dagbag.py:538} INFO - Filling up the DagBag from /home/airflow/.local/lib/python3.8/site-packages/airflow/example_dags/example_sla_dag.py
[2025-06-12T18:58:44.654+0000] {processor.py:840} INFO - DAG(s) 'example_sla_dag' retrieved from /home/airflow/.local/lib/python3.8/site-packages/airflow/example_dags/example_sla_dag.py
[2025-06-12T18:58:44.690+0000] {logging_mixin.py:188} INFO - [2025-06-12T18:58:44.690+0000] {dag.py:3036} INFO - Sync 1 DAGs
[2025-06-12T18:58:44.724+0000] {logging_mixin.py:188} INFO - [2025-06-12T18:58:44.724+0000] {dag.py:3823} INFO - Setting next_dagrun for example_sla_dag to 2025-06-12 18:56:00+00:00, run_after=2025-06-12 18:58:00+00:00
[2025-06-12T18:58:44.757+0000] {processor.py:183} INFO - Processing /home/airflow/.local/lib/python3.8/site-packages/airflow/example_dags/example_sla_dag.py took 0.128 seconds
[2025-06-12T18:59:17.464+0000] {processor.py:161} INFO - Started process (PID=2086) to work on /home/airflow/.local/lib/python3.8/site-packages/airflow/example_dags/example_sla_dag.py
[2025-06-12T18:59:17.468+0000] {processor.py:830} INFO - Processing file /home/airflow/.local/lib/python3.8/site-packages/airflow/example_dags/example_sla_dag.py for tasks to queue
[2025-06-12T18:59:17.472+0000] {logging_mixin.py:188} INFO - [2025-06-12T18:59:17.471+0000] {dagbag.py:538} INFO - Filling up the DagBag from /home/airflow/.local/lib/python3.8/site-packages/airflow/example_dags/example_sla_dag.py
[2025-06-12T18:59:17.497+0000] {processor.py:840} INFO - DAG(s) 'example_sla_dag' retrieved from /home/airflow/.local/lib/python3.8/site-packages/airflow/example_dags/example_sla_dag.py
[2025-06-12T18:59:17.551+0000] {logging_mixin.py:188} INFO - [2025-06-12T18:59:17.550+0000] {dag.py:3036} INFO - Sync 1 DAGs
[2025-06-12T18:59:17.604+0000] {logging_mixin.py:188} INFO - [2025-06-12T18:59:17.604+0000] {dag.py:3823} INFO - Setting next_dagrun for example_sla_dag to 2025-06-12 18:56:00+00:00, run_after=2025-06-12 18:58:00+00:00
[2025-06-12T18:59:17.655+0000] {processor.py:183} INFO - Processing /home/airflow/.local/lib/python3.8/site-packages/airflow/example_dags/example_sla_dag.py took 0.199 seconds
[2025-06-12T18:59:49.505+0000] {processor.py:161} INFO - Started process (PID=2147) to work on /home/airflow/.local/lib/python3.8/site-packages/airflow/example_dags/example_sla_dag.py
[2025-06-12T18:59:49.512+0000] {processor.py:830} INFO - Processing file /home/airflow/.local/lib/python3.8/site-packages/airflow/example_dags/example_sla_dag.py for tasks to queue
[2025-06-12T18:59:49.524+0000] {logging_mixin.py:188} INFO - [2025-06-12T18:59:49.523+0000] {dagbag.py:538} INFO - Filling up the DagBag from /home/airflow/.local/lib/python3.8/site-packages/airflow/example_dags/example_sla_dag.py
[2025-06-12T18:59:49.569+0000] {processor.py:840} INFO - DAG(s) 'example_sla_dag' retrieved from /home/airflow/.local/lib/python3.8/site-packages/airflow/example_dags/example_sla_dag.py
[2025-06-12T18:59:49.676+0000] {logging_mixin.py:188} INFO - [2025-06-12T18:59:49.676+0000] {dag.py:3036} INFO - Sync 1 DAGs
[2025-06-12T18:59:49.823+0000] {logging_mixin.py:188} INFO - [2025-06-12T18:59:49.822+0000] {dag.py:3823} INFO - Setting next_dagrun for example_sla_dag to 2025-06-12 18:56:00+00:00, run_after=2025-06-12 18:58:00+00:00
[2025-06-12T18:59:49.915+0000] {processor.py:183} INFO - Processing /home/airflow/.local/lib/python3.8/site-packages/airflow/example_dags/example_sla_dag.py took 0.430 seconds
[2025-06-12T19:00:20.634+0000] {processor.py:161} INFO - Started process (PID=2203) to work on /home/airflow/.local/lib/python3.8/site-packages/airflow/example_dags/example_sla_dag.py
[2025-06-12T19:00:20.641+0000] {processor.py:830} INFO - Processing file /home/airflow/.local/lib/python3.8/site-packages/airflow/example_dags/example_sla_dag.py for tasks to queue
[2025-06-12T19:00:20.647+0000] {logging_mixin.py:188} INFO - [2025-06-12T19:00:20.646+0000] {dagbag.py:538} INFO - Filling up the DagBag from /home/airflow/.local/lib/python3.8/site-packages/airflow/example_dags/example_sla_dag.py
[2025-06-12T19:00:20.696+0000] {processor.py:840} INFO - DAG(s) 'example_sla_dag' retrieved from /home/airflow/.local/lib/python3.8/site-packages/airflow/example_dags/example_sla_dag.py
[2025-06-12T19:00:20.766+0000] {logging_mixin.py:188} INFO - [2025-06-12T19:00:20.766+0000] {dag.py:3036} INFO - Sync 1 DAGs
[2025-06-12T19:00:20.845+0000] {logging_mixin.py:188} INFO - [2025-06-12T19:00:20.845+0000] {dag.py:3823} INFO - Setting next_dagrun for example_sla_dag to 2025-06-12 18:58:00+00:00, run_after=2025-06-12 19:00:00+00:00
[2025-06-12T19:00:20.901+0000] {processor.py:183} INFO - Processing /home/airflow/.local/lib/python3.8/site-packages/airflow/example_dags/example_sla_dag.py took 0.285 seconds
[2025-06-12T19:00:51.054+0000] {processor.py:161} INFO - Started process (PID=2256) to work on /home/airflow/.local/lib/python3.8/site-packages/airflow/example_dags/example_sla_dag.py
[2025-06-12T19:00:51.058+0000] {processor.py:830} INFO - Processing file /home/airflow/.local/lib/python3.8/site-packages/airflow/example_dags/example_sla_dag.py for tasks to queue
[2025-06-12T19:00:51.062+0000] {logging_mixin.py:188} INFO - [2025-06-12T19:00:51.061+0000] {dagbag.py:538} INFO - Filling up the DagBag from /home/airflow/.local/lib/python3.8/site-packages/airflow/example_dags/example_sla_dag.py
[2025-06-12T19:00:51.085+0000] {processor.py:840} INFO - DAG(s) 'example_sla_dag' retrieved from /home/airflow/.local/lib/python3.8/site-packages/airflow/example_dags/example_sla_dag.py
[2025-06-12T19:00:51.168+0000] {logging_mixin.py:188} INFO - [2025-06-12T19:00:51.167+0000] {dag.py:3036} INFO - Sync 1 DAGs
[2025-06-12T19:00:51.258+0000] {logging_mixin.py:188} INFO - [2025-06-12T19:00:51.258+0000] {dag.py:3823} INFO - Setting next_dagrun for example_sla_dag to 2025-06-12 18:58:00+00:00, run_after=2025-06-12 19:00:00+00:00
[2025-06-12T19:00:51.312+0000] {processor.py:183} INFO - Processing /home/airflow/.local/lib/python3.8/site-packages/airflow/example_dags/example_sla_dag.py took 0.270 seconds
[2025-06-12T19:01:21.487+0000] {processor.py:161} INFO - Started process (PID=2311) to work on /home/airflow/.local/lib/python3.8/site-packages/airflow/example_dags/example_sla_dag.py
[2025-06-12T19:01:21.490+0000] {processor.py:830} INFO - Processing file /home/airflow/.local/lib/python3.8/site-packages/airflow/example_dags/example_sla_dag.py for tasks to queue
[2025-06-12T19:01:21.493+0000] {logging_mixin.py:188} INFO - [2025-06-12T19:01:21.492+0000] {dagbag.py:538} INFO - Filling up the DagBag from /home/airflow/.local/lib/python3.8/site-packages/airflow/example_dags/example_sla_dag.py
[2025-06-12T19:01:21.519+0000] {processor.py:840} INFO - DAG(s) 'example_sla_dag' retrieved from /home/airflow/.local/lib/python3.8/site-packages/airflow/example_dags/example_sla_dag.py
[2025-06-12T19:01:21.587+0000] {logging_mixin.py:188} INFO - [2025-06-12T19:01:21.587+0000] {dag.py:3036} INFO - Sync 1 DAGs
[2025-06-12T19:01:21.655+0000] {logging_mixin.py:188} INFO - [2025-06-12T19:01:21.654+0000] {dag.py:3823} INFO - Setting next_dagrun for example_sla_dag to 2025-06-12 18:58:00+00:00, run_after=2025-06-12 19:00:00+00:00
[2025-06-12T19:01:21.702+0000] {processor.py:183} INFO - Processing /home/airflow/.local/lib/python3.8/site-packages/airflow/example_dags/example_sla_dag.py took 0.225 seconds
[2025-06-12T19:01:52.023+0000] {processor.py:161} INFO - Started process (PID=2366) to work on /home/airflow/.local/lib/python3.8/site-packages/airflow/example_dags/example_sla_dag.py
[2025-06-12T19:01:52.027+0000] {processor.py:830} INFO - Processing file /home/airflow/.local/lib/python3.8/site-packages/airflow/example_dags/example_sla_dag.py for tasks to queue
[2025-06-12T19:01:52.030+0000] {logging_mixin.py:188} INFO - [2025-06-12T19:01:52.029+0000] {dagbag.py:538} INFO - Filling up the DagBag from /home/airflow/.local/lib/python3.8/site-packages/airflow/example_dags/example_sla_dag.py
[2025-06-12T19:01:52.057+0000] {processor.py:840} INFO - DAG(s) 'example_sla_dag' retrieved from /home/airflow/.local/lib/python3.8/site-packages/airflow/example_dags/example_sla_dag.py
[2025-06-12T19:01:52.129+0000] {logging_mixin.py:188} INFO - [2025-06-12T19:01:52.128+0000] {dag.py:3036} INFO - Sync 1 DAGs
[2025-06-12T19:01:52.235+0000] {logging_mixin.py:188} INFO - [2025-06-12T19:01:52.234+0000] {dag.py:3823} INFO - Setting next_dagrun for example_sla_dag to 2025-06-12 18:58:00+00:00, run_after=2025-06-12 19:00:00+00:00
[2025-06-12T19:01:52.310+0000] {processor.py:183} INFO - Processing /home/airflow/.local/lib/python3.8/site-packages/airflow/example_dags/example_sla_dag.py took 0.298 seconds
[2025-06-12T19:02:23.089+0000] {processor.py:161} INFO - Started process (PID=2421) to work on /home/airflow/.local/lib/python3.8/site-packages/airflow/example_dags/example_sla_dag.py
[2025-06-12T19:02:23.092+0000] {processor.py:830} INFO - Processing file /home/airflow/.local/lib/python3.8/site-packages/airflow/example_dags/example_sla_dag.py for tasks to queue
[2025-06-12T19:02:23.096+0000] {logging_mixin.py:188} INFO - [2025-06-12T19:02:23.095+0000] {dagbag.py:538} INFO - Filling up the DagBag from /home/airflow/.local/lib/python3.8/site-packages/airflow/example_dags/example_sla_dag.py
[2025-06-12T19:02:23.122+0000] {processor.py:840} INFO - DAG(s) 'example_sla_dag' retrieved from /home/airflow/.local/lib/python3.8/site-packages/airflow/example_dags/example_sla_dag.py
[2025-06-12T19:02:23.184+0000] {logging_mixin.py:188} INFO - [2025-06-12T19:02:23.184+0000] {dag.py:3036} INFO - Sync 1 DAGs
[2025-06-12T19:02:23.255+0000] {logging_mixin.py:188} INFO - [2025-06-12T19:02:23.255+0000] {dag.py:3823} INFO - Setting next_dagrun for example_sla_dag to 2025-06-12 19:00:00+00:00, run_after=2025-06-12 19:02:00+00:00
[2025-06-12T19:02:23.330+0000] {processor.py:183} INFO - Processing /home/airflow/.local/lib/python3.8/site-packages/airflow/example_dags/example_sla_dag.py took 0.251 seconds
[2025-06-12T19:02:53.865+0000] {processor.py:161} INFO - Started process (PID=2476) to work on /home/airflow/.local/lib/python3.8/site-packages/airflow/example_dags/example_sla_dag.py
[2025-06-12T19:02:53.869+0000] {processor.py:830} INFO - Processing file /home/airflow/.local/lib/python3.8/site-packages/airflow/example_dags/example_sla_dag.py for tasks to queue
[2025-06-12T19:02:53.872+0000] {logging_mixin.py:188} INFO - [2025-06-12T19:02:53.871+0000] {dagbag.py:538} INFO - Filling up the DagBag from /home/airflow/.local/lib/python3.8/site-packages/airflow/example_dags/example_sla_dag.py
[2025-06-12T19:02:53.907+0000] {processor.py:840} INFO - DAG(s) 'example_sla_dag' retrieved from /home/airflow/.local/lib/python3.8/site-packages/airflow/example_dags/example_sla_dag.py
[2025-06-12T19:02:53.979+0000] {logging_mixin.py:188} INFO - [2025-06-12T19:02:53.978+0000] {dag.py:3036} INFO - Sync 1 DAGs
[2025-06-12T19:02:54.051+0000] {logging_mixin.py:188} INFO - [2025-06-12T19:02:54.051+0000] {dag.py:3823} INFO - Setting next_dagrun for example_sla_dag to 2025-06-12 19:00:00+00:00, run_after=2025-06-12 19:02:00+00:00
[2025-06-12T19:02:54.106+0000] {processor.py:183} INFO - Processing /home/airflow/.local/lib/python3.8/site-packages/airflow/example_dags/example_sla_dag.py took 0.254 seconds
[2025-06-12T19:03:24.999+0000] {processor.py:161} INFO - Started process (PID=2531) to work on /home/airflow/.local/lib/python3.8/site-packages/airflow/example_dags/example_sla_dag.py
[2025-06-12T19:03:25.002+0000] {processor.py:830} INFO - Processing file /home/airflow/.local/lib/python3.8/site-packages/airflow/example_dags/example_sla_dag.py for tasks to queue
[2025-06-12T19:03:25.006+0000] {logging_mixin.py:188} INFO - [2025-06-12T19:03:25.005+0000] {dagbag.py:538} INFO - Filling up the DagBag from /home/airflow/.local/lib/python3.8/site-packages/airflow/example_dags/example_sla_dag.py
[2025-06-12T19:03:25.035+0000] {processor.py:840} INFO - DAG(s) 'example_sla_dag' retrieved from /home/airflow/.local/lib/python3.8/site-packages/airflow/example_dags/example_sla_dag.py
[2025-06-12T19:03:25.100+0000] {logging_mixin.py:188} INFO - [2025-06-12T19:03:25.099+0000] {dag.py:3036} INFO - Sync 1 DAGs
[2025-06-12T19:03:25.588+0000] {logging_mixin.py:188} INFO - [2025-06-12T19:03:25.588+0000] {dag.py:3823} INFO - Setting next_dagrun for example_sla_dag to 2025-06-12 19:00:00+00:00, run_after=2025-06-12 19:02:00+00:00
[2025-06-12T19:03:25.632+0000] {processor.py:183} INFO - Processing /home/airflow/.local/lib/python3.8/site-packages/airflow/example_dags/example_sla_dag.py took 0.644 seconds
[2025-06-12T19:03:56.364+0000] {processor.py:161} INFO - Started process (PID=2586) to work on /home/airflow/.local/lib/python3.8/site-packages/airflow/example_dags/example_sla_dag.py
[2025-06-12T19:03:56.367+0000] {processor.py:830} INFO - Processing file /home/airflow/.local/lib/python3.8/site-packages/airflow/example_dags/example_sla_dag.py for tasks to queue
[2025-06-12T19:03:56.371+0000] {logging_mixin.py:188} INFO - [2025-06-12T19:03:56.370+0000] {dagbag.py:538} INFO - Filling up the DagBag from /home/airflow/.local/lib/python3.8/site-packages/airflow/example_dags/example_sla_dag.py
[2025-06-12T19:03:56.399+0000] {processor.py:840} INFO - DAG(s) 'example_sla_dag' retrieved from /home/airflow/.local/lib/python3.8/site-packages/airflow/example_dags/example_sla_dag.py
[2025-06-12T19:03:56.461+0000] {logging_mixin.py:188} INFO - [2025-06-12T19:03:56.461+0000] {dag.py:3036} INFO - Sync 1 DAGs
[2025-06-12T19:03:56.526+0000] {logging_mixin.py:188} INFO - [2025-06-12T19:03:56.526+0000] {dag.py:3823} INFO - Setting next_dagrun for example_sla_dag to 2025-06-12 19:00:00+00:00, run_after=2025-06-12 19:02:00+00:00
[2025-06-12T19:03:56.586+0000] {processor.py:183} INFO - Processing /home/airflow/.local/lib/python3.8/site-packages/airflow/example_dags/example_sla_dag.py took 0.232 seconds
[2025-06-12T19:04:26.778+0000] {processor.py:161} INFO - Started process (PID=2642) to work on /home/airflow/.local/lib/python3.8/site-packages/airflow/example_dags/example_sla_dag.py
[2025-06-12T19:04:26.782+0000] {processor.py:830} INFO - Processing file /home/airflow/.local/lib/python3.8/site-packages/airflow/example_dags/example_sla_dag.py for tasks to queue
[2025-06-12T19:04:26.786+0000] {logging_mixin.py:188} INFO - [2025-06-12T19:04:26.784+0000] {dagbag.py:538} INFO - Filling up the DagBag from /home/airflow/.local/lib/python3.8/site-packages/airflow/example_dags/example_sla_dag.py
[2025-06-12T19:04:26.814+0000] {processor.py:840} INFO - DAG(s) 'example_sla_dag' retrieved from /home/airflow/.local/lib/python3.8/site-packages/airflow/example_dags/example_sla_dag.py
[2025-06-12T19:04:27.003+0000] {logging_mixin.py:188} INFO - [2025-06-12T19:04:27.002+0000] {dag.py:3036} INFO - Sync 1 DAGs
[2025-06-12T19:04:27.120+0000] {logging_mixin.py:188} INFO - [2025-06-12T19:04:27.119+0000] {dag.py:3823} INFO - Setting next_dagrun for example_sla_dag to 2025-06-12 19:02:00+00:00, run_after=2025-06-12 19:04:00+00:00
[2025-06-12T19:04:27.261+0000] {processor.py:183} INFO - Processing /home/airflow/.local/lib/python3.8/site-packages/airflow/example_dags/example_sla_dag.py took 0.499 seconds
[2025-06-12T19:04:57.582+0000] {processor.py:161} INFO - Started process (PID=2698) to work on /home/airflow/.local/lib/python3.8/site-packages/airflow/example_dags/example_sla_dag.py
[2025-06-12T19:04:57.585+0000] {processor.py:830} INFO - Processing file /home/airflow/.local/lib/python3.8/site-packages/airflow/example_dags/example_sla_dag.py for tasks to queue
[2025-06-12T19:04:57.589+0000] {logging_mixin.py:188} INFO - [2025-06-12T19:04:57.588+0000] {dagbag.py:538} INFO - Filling up the DagBag from /home/airflow/.local/lib/python3.8/site-packages/airflow/example_dags/example_sla_dag.py
[2025-06-12T19:04:57.640+0000] {processor.py:840} INFO - DAG(s) 'example_sla_dag' retrieved from /home/airflow/.local/lib/python3.8/site-packages/airflow/example_dags/example_sla_dag.py
[2025-06-12T19:04:57.773+0000] {logging_mixin.py:188} INFO - [2025-06-12T19:04:57.773+0000] {dag.py:3036} INFO - Sync 1 DAGs
[2025-06-12T19:04:57.967+0000] {logging_mixin.py:188} INFO - [2025-06-12T19:04:57.966+0000] {dag.py:3823} INFO - Setting next_dagrun for example_sla_dag to 2025-06-12 19:02:00+00:00, run_after=2025-06-12 19:04:00+00:00
[2025-06-12T19:04:58.075+0000] {processor.py:183} INFO - Processing /home/airflow/.local/lib/python3.8/site-packages/airflow/example_dags/example_sla_dag.py took 0.513 seconds
[2025-06-12T19:05:28.653+0000] {processor.py:161} INFO - Started process (PID=2754) to work on /home/airflow/.local/lib/python3.8/site-packages/airflow/example_dags/example_sla_dag.py
[2025-06-12T19:05:28.657+0000] {processor.py:830} INFO - Processing file /home/airflow/.local/lib/python3.8/site-packages/airflow/example_dags/example_sla_dag.py for tasks to queue
[2025-06-12T19:05:28.660+0000] {logging_mixin.py:188} INFO - [2025-06-12T19:05:28.659+0000] {dagbag.py:538} INFO - Filling up the DagBag from /home/airflow/.local/lib/python3.8/site-packages/airflow/example_dags/example_sla_dag.py
[2025-06-12T19:05:28.687+0000] {processor.py:840} INFO - DAG(s) 'example_sla_dag' retrieved from /home/airflow/.local/lib/python3.8/site-packages/airflow/example_dags/example_sla_dag.py
[2025-06-12T19:05:28.754+0000] {logging_mixin.py:188} INFO - [2025-06-12T19:05:28.753+0000] {dag.py:3036} INFO - Sync 1 DAGs
[2025-06-12T19:05:28.821+0000] {logging_mixin.py:188} INFO - [2025-06-12T19:05:28.820+0000] {dag.py:3823} INFO - Setting next_dagrun for example_sla_dag to 2025-06-12 19:02:00+00:00, run_after=2025-06-12 19:04:00+00:00
[2025-06-12T19:05:28.878+0000] {processor.py:183} INFO - Processing /home/airflow/.local/lib/python3.8/site-packages/airflow/example_dags/example_sla_dag.py took 0.236 seconds
[2025-06-12T19:05:59.436+0000] {processor.py:161} INFO - Started process (PID=2809) to work on /home/airflow/.local/lib/python3.8/site-packages/airflow/example_dags/example_sla_dag.py
[2025-06-12T19:05:59.440+0000] {processor.py:830} INFO - Processing file /home/airflow/.local/lib/python3.8/site-packages/airflow/example_dags/example_sla_dag.py for tasks to queue
[2025-06-12T19:05:59.443+0000] {logging_mixin.py:188} INFO - [2025-06-12T19:05:59.442+0000] {dagbag.py:538} INFO - Filling up the DagBag from /home/airflow/.local/lib/python3.8/site-packages/airflow/example_dags/example_sla_dag.py
[2025-06-12T19:05:59.468+0000] {processor.py:840} INFO - DAG(s) 'example_sla_dag' retrieved from /home/airflow/.local/lib/python3.8/site-packages/airflow/example_dags/example_sla_dag.py
[2025-06-12T19:05:59.529+0000] {logging_mixin.py:188} INFO - [2025-06-12T19:05:59.528+0000] {dag.py:3036} INFO - Sync 1 DAGs
[2025-06-12T19:06:00.188+0000] {logging_mixin.py:188} INFO - [2025-06-12T19:06:00.188+0000] {dag.py:3823} INFO - Setting next_dagrun for example_sla_dag to 2025-06-12 19:04:00+00:00, run_after=2025-06-12 19:06:00+00:00
[2025-06-12T19:06:00.240+0000] {processor.py:183} INFO - Processing /home/airflow/.local/lib/python3.8/site-packages/airflow/example_dags/example_sla_dag.py took 0.813 seconds
[2025-06-12T19:06:30.467+0000] {processor.py:161} INFO - Started process (PID=2864) to work on /home/airflow/.local/lib/python3.8/site-packages/airflow/example_dags/example_sla_dag.py
[2025-06-12T19:06:30.470+0000] {processor.py:830} INFO - Processing file /home/airflow/.local/lib/python3.8/site-packages/airflow/example_dags/example_sla_dag.py for tasks to queue
[2025-06-12T19:06:30.474+0000] {logging_mixin.py:188} INFO - [2025-06-12T19:06:30.473+0000] {dagbag.py:538} INFO - Filling up the DagBag from /home/airflow/.local/lib/python3.8/site-packages/airflow/example_dags/example_sla_dag.py
[2025-06-12T19:06:30.512+0000] {processor.py:840} INFO - DAG(s) 'example_sla_dag' retrieved from /home/airflow/.local/lib/python3.8/site-packages/airflow/example_dags/example_sla_dag.py
[2025-06-12T19:06:30.604+0000] {logging_mixin.py:188} INFO - [2025-06-12T19:06:30.603+0000] {dag.py:3036} INFO - Sync 1 DAGs
[2025-06-12T19:06:31.034+0000] {logging_mixin.py:188} INFO - [2025-06-12T19:06:31.033+0000] {dag.py:3823} INFO - Setting next_dagrun for example_sla_dag to 2025-06-12 19:04:00+00:00, run_after=2025-06-12 19:06:00+00:00
[2025-06-12T19:06:31.078+0000] {processor.py:183} INFO - Processing /home/airflow/.local/lib/python3.8/site-packages/airflow/example_dags/example_sla_dag.py took 0.619 seconds
