[2025-06-12T18:35:07.216+0000] {processor.py:161} INFO - Started process (PID=87) to work on /home/airflow/.local/lib/python3.8/site-packages/airflow/example_dags/example_xcomargs.py
[2025-06-12T18:35:07.219+0000] {processor.py:830} INFO - Processing file /home/airflow/.local/lib/python3.8/site-packages/airflow/example_dags/example_xcomargs.py for tasks to queue
[2025-06-12T18:35:07.222+0000] {logging_mixin.py:188} INFO - [2025-06-12T18:35:07.222+0000] {dagbag.py:538} INFO - Filling up the DagBag from /home/airflow/.local/lib/python3.8/site-packages/airflow/example_dags/example_xcomargs.py
[2025-06-12T18:35:07.266+0000] {processor.py:840} INFO - DAG(s) 'example_xcom_args', 'example_xcom_args_with_operators' retrieved from /home/airflow/.local/lib/python3.8/site-packages/airflow/example_dags/example_xcomargs.py
[2025-06-12T18:35:08.246+0000] {logging_mixin.py:188} INFO - [2025-06-12T18:35:08.246+0000] {dag.py:3036} INFO - Sync 2 DAGs
[2025-06-12T18:35:08.332+0000] {logging_mixin.py:188} INFO - [2025-06-12T18:35:08.332+0000] {dag.py:3823} INFO - Setting next_dagrun for example_xcom_args to None, run_after=None
[2025-06-12T18:35:08.355+0000] {logging_mixin.py:188} INFO - [2025-06-12T18:35:08.354+0000] {dag.py:3823} INFO - Setting next_dagrun for example_xcom_args_with_operators to None, run_after=None
[2025-06-12T18:35:08.453+0000] {processor.py:183} INFO - Processing /home/airflow/.local/lib/python3.8/site-packages/airflow/example_dags/example_xcomargs.py took 1.247 seconds
[2025-06-12T18:35:42.658+0000] {processor.py:161} INFO - Started process (PID=142) to work on /home/airflow/.local/lib/python3.8/site-packages/airflow/example_dags/example_xcomargs.py
[2025-06-12T18:35:42.660+0000] {processor.py:830} INFO - Processing file /home/airflow/.local/lib/python3.8/site-packages/airflow/example_dags/example_xcomargs.py for tasks to queue
[2025-06-12T18:35:42.664+0000] {logging_mixin.py:188} INFO - [2025-06-12T18:35:42.663+0000] {dagbag.py:538} INFO - Filling up the DagBag from /home/airflow/.local/lib/python3.8/site-packages/airflow/example_dags/example_xcomargs.py
[2025-06-12T18:35:42.684+0000] {processor.py:840} INFO - DAG(s) 'example_xcom_args_with_operators', 'example_xcom_args' retrieved from /home/airflow/.local/lib/python3.8/site-packages/airflow/example_dags/example_xcomargs.py
[2025-06-12T18:35:42.733+0000] {logging_mixin.py:188} INFO - [2025-06-12T18:35:42.732+0000] {dag.py:3036} INFO - Sync 2 DAGs
[2025-06-12T18:35:42.755+0000] {logging_mixin.py:188} INFO - [2025-06-12T18:35:42.755+0000] {dag.py:3823} INFO - Setting next_dagrun for example_xcom_args to None, run_after=None
[2025-06-12T18:35:42.761+0000] {logging_mixin.py:188} INFO - [2025-06-12T18:35:42.761+0000] {dag.py:3823} INFO - Setting next_dagrun for example_xcom_args_with_operators to None, run_after=None
[2025-06-12T18:35:42.795+0000] {processor.py:183} INFO - Processing /home/airflow/.local/lib/python3.8/site-packages/airflow/example_dags/example_xcomargs.py took 0.143 seconds
[2025-06-12T18:36:13.400+0000] {processor.py:161} INFO - Started process (PID=195) to work on /home/airflow/.local/lib/python3.8/site-packages/airflow/example_dags/example_xcomargs.py
[2025-06-12T18:36:13.403+0000] {processor.py:830} INFO - Processing file /home/airflow/.local/lib/python3.8/site-packages/airflow/example_dags/example_xcomargs.py for tasks to queue
[2025-06-12T18:36:13.408+0000] {logging_mixin.py:188} INFO - [2025-06-12T18:36:13.407+0000] {dagbag.py:538} INFO - Filling up the DagBag from /home/airflow/.local/lib/python3.8/site-packages/airflow/example_dags/example_xcomargs.py
[2025-06-12T18:36:13.425+0000] {processor.py:840} INFO - DAG(s) 'example_xcom_args_with_operators', 'example_xcom_args' retrieved from /home/airflow/.local/lib/python3.8/site-packages/airflow/example_dags/example_xcomargs.py
[2025-06-12T18:36:13.454+0000] {logging_mixin.py:188} INFO - [2025-06-12T18:36:13.454+0000] {dag.py:3036} INFO - Sync 2 DAGs
[2025-06-12T18:36:13.476+0000] {logging_mixin.py:188} INFO - [2025-06-12T18:36:13.476+0000] {dag.py:3823} INFO - Setting next_dagrun for example_xcom_args to None, run_after=None
[2025-06-12T18:36:13.483+0000] {logging_mixin.py:188} INFO - [2025-06-12T18:36:13.482+0000] {dag.py:3823} INFO - Setting next_dagrun for example_xcom_args_with_operators to None, run_after=None
[2025-06-12T18:36:13.520+0000] {processor.py:183} INFO - Processing /home/airflow/.local/lib/python3.8/site-packages/airflow/example_dags/example_xcomargs.py took 0.126 seconds
[2025-06-12T18:36:44.557+0000] {processor.py:161} INFO - Started process (PID=250) to work on /home/airflow/.local/lib/python3.8/site-packages/airflow/example_dags/example_xcomargs.py
[2025-06-12T18:36:44.560+0000] {processor.py:830} INFO - Processing file /home/airflow/.local/lib/python3.8/site-packages/airflow/example_dags/example_xcomargs.py for tasks to queue
[2025-06-12T18:36:44.563+0000] {logging_mixin.py:188} INFO - [2025-06-12T18:36:44.562+0000] {dagbag.py:538} INFO - Filling up the DagBag from /home/airflow/.local/lib/python3.8/site-packages/airflow/example_dags/example_xcomargs.py
[2025-06-12T18:36:44.577+0000] {processor.py:840} INFO - DAG(s) 'example_xcom_args', 'example_xcom_args_with_operators' retrieved from /home/airflow/.local/lib/python3.8/site-packages/airflow/example_dags/example_xcomargs.py
[2025-06-12T18:36:44.754+0000] {logging_mixin.py:188} INFO - [2025-06-12T18:36:44.754+0000] {dag.py:3036} INFO - Sync 2 DAGs
[2025-06-12T18:36:44.771+0000] {logging_mixin.py:188} INFO - [2025-06-12T18:36:44.770+0000] {dag.py:3823} INFO - Setting next_dagrun for example_xcom_args to None, run_after=None
[2025-06-12T18:36:44.775+0000] {logging_mixin.py:188} INFO - [2025-06-12T18:36:44.775+0000] {dag.py:3823} INFO - Setting next_dagrun for example_xcom_args_with_operators to None, run_after=None
[2025-06-12T18:36:44.814+0000] {processor.py:183} INFO - Processing /home/airflow/.local/lib/python3.8/site-packages/airflow/example_dags/example_xcomargs.py took 0.263 seconds
[2025-06-12T18:37:15.121+0000] {processor.py:161} INFO - Started process (PID=305) to work on /home/airflow/.local/lib/python3.8/site-packages/airflow/example_dags/example_xcomargs.py
[2025-06-12T18:37:15.124+0000] {processor.py:830} INFO - Processing file /home/airflow/.local/lib/python3.8/site-packages/airflow/example_dags/example_xcomargs.py for tasks to queue
[2025-06-12T18:37:15.128+0000] {logging_mixin.py:188} INFO - [2025-06-12T18:37:15.128+0000] {dagbag.py:538} INFO - Filling up the DagBag from /home/airflow/.local/lib/python3.8/site-packages/airflow/example_dags/example_xcomargs.py
[2025-06-12T18:37:15.146+0000] {processor.py:840} INFO - DAG(s) 'example_xcom_args', 'example_xcom_args_with_operators' retrieved from /home/airflow/.local/lib/python3.8/site-packages/airflow/example_dags/example_xcomargs.py
[2025-06-12T18:37:15.204+0000] {logging_mixin.py:188} INFO - [2025-06-12T18:37:15.203+0000] {dag.py:3036} INFO - Sync 2 DAGs
[2025-06-12T18:37:15.239+0000] {logging_mixin.py:188} INFO - [2025-06-12T18:37:15.239+0000] {dag.py:3823} INFO - Setting next_dagrun for example_xcom_args to None, run_after=None
[2025-06-12T18:37:15.245+0000] {logging_mixin.py:188} INFO - [2025-06-12T18:37:15.245+0000] {dag.py:3823} INFO - Setting next_dagrun for example_xcom_args_with_operators to None, run_after=None
[2025-06-12T18:37:15.300+0000] {processor.py:183} INFO - Processing /home/airflow/.local/lib/python3.8/site-packages/airflow/example_dags/example_xcomargs.py took 0.185 seconds
[2025-06-12T18:37:45.866+0000] {processor.py:161} INFO - Started process (PID=366) to work on /home/airflow/.local/lib/python3.8/site-packages/airflow/example_dags/example_xcomargs.py
[2025-06-12T18:37:45.868+0000] {processor.py:830} INFO - Processing file /home/airflow/.local/lib/python3.8/site-packages/airflow/example_dags/example_xcomargs.py for tasks to queue
[2025-06-12T18:37:45.872+0000] {logging_mixin.py:188} INFO - [2025-06-12T18:37:45.872+0000] {dagbag.py:538} INFO - Filling up the DagBag from /home/airflow/.local/lib/python3.8/site-packages/airflow/example_dags/example_xcomargs.py
[2025-06-12T18:37:45.890+0000] {processor.py:840} INFO - DAG(s) 'example_xcom_args', 'example_xcom_args_with_operators' retrieved from /home/airflow/.local/lib/python3.8/site-packages/airflow/example_dags/example_xcomargs.py
[2025-06-12T18:37:45.932+0000] {logging_mixin.py:188} INFO - [2025-06-12T18:37:45.931+0000] {dag.py:3036} INFO - Sync 2 DAGs
[2025-06-12T18:37:45.950+0000] {logging_mixin.py:188} INFO - [2025-06-12T18:37:45.950+0000] {dag.py:3823} INFO - Setting next_dagrun for example_xcom_args to None, run_after=None
[2025-06-12T18:37:45.957+0000] {logging_mixin.py:188} INFO - [2025-06-12T18:37:45.957+0000] {dag.py:3823} INFO - Setting next_dagrun for example_xcom_args_with_operators to None, run_after=None
[2025-06-12T18:37:45.991+0000] {processor.py:183} INFO - Processing /home/airflow/.local/lib/python3.8/site-packages/airflow/example_dags/example_xcomargs.py took 0.130 seconds
[2025-06-12T18:38:16.486+0000] {processor.py:161} INFO - Started process (PID=421) to work on /home/airflow/.local/lib/python3.8/site-packages/airflow/example_dags/example_xcomargs.py
[2025-06-12T18:38:16.488+0000] {processor.py:830} INFO - Processing file /home/airflow/.local/lib/python3.8/site-packages/airflow/example_dags/example_xcomargs.py for tasks to queue
[2025-06-12T18:38:16.493+0000] {logging_mixin.py:188} INFO - [2025-06-12T18:38:16.492+0000] {dagbag.py:538} INFO - Filling up the DagBag from /home/airflow/.local/lib/python3.8/site-packages/airflow/example_dags/example_xcomargs.py
[2025-06-12T18:38:16.511+0000] {processor.py:840} INFO - DAG(s) 'example_xcom_args_with_operators', 'example_xcom_args' retrieved from /home/airflow/.local/lib/python3.8/site-packages/airflow/example_dags/example_xcomargs.py
[2025-06-12T18:38:16.567+0000] {logging_mixin.py:188} INFO - [2025-06-12T18:38:16.566+0000] {dag.py:3036} INFO - Sync 2 DAGs
[2025-06-12T18:38:16.600+0000] {logging_mixin.py:188} INFO - [2025-06-12T18:38:16.600+0000] {dag.py:3823} INFO - Setting next_dagrun for example_xcom_args to None, run_after=None
[2025-06-12T18:38:16.608+0000] {logging_mixin.py:188} INFO - [2025-06-12T18:38:16.607+0000] {dag.py:3823} INFO - Setting next_dagrun for example_xcom_args_with_operators to None, run_after=None
[2025-06-12T18:38:16.662+0000] {processor.py:183} INFO - Processing /home/airflow/.local/lib/python3.8/site-packages/airflow/example_dags/example_xcomargs.py took 0.182 seconds
[2025-06-12T18:38:46.774+0000] {processor.py:161} INFO - Started process (PID=475) to work on /home/airflow/.local/lib/python3.8/site-packages/airflow/example_dags/example_xcomargs.py
[2025-06-12T18:38:46.776+0000] {processor.py:830} INFO - Processing file /home/airflow/.local/lib/python3.8/site-packages/airflow/example_dags/example_xcomargs.py for tasks to queue
[2025-06-12T18:38:46.780+0000] {logging_mixin.py:188} INFO - [2025-06-12T18:38:46.779+0000] {dagbag.py:538} INFO - Filling up the DagBag from /home/airflow/.local/lib/python3.8/site-packages/airflow/example_dags/example_xcomargs.py
[2025-06-12T18:38:46.793+0000] {processor.py:840} INFO - DAG(s) 'example_xcom_args_with_operators', 'example_xcom_args' retrieved from /home/airflow/.local/lib/python3.8/site-packages/airflow/example_dags/example_xcomargs.py
[2025-06-12T18:38:46.833+0000] {logging_mixin.py:188} INFO - [2025-06-12T18:38:46.833+0000] {dag.py:3036} INFO - Sync 2 DAGs
[2025-06-12T18:38:46.851+0000] {logging_mixin.py:188} INFO - [2025-06-12T18:38:46.851+0000] {dag.py:3823} INFO - Setting next_dagrun for example_xcom_args to None, run_after=None
[2025-06-12T18:38:46.857+0000] {logging_mixin.py:188} INFO - [2025-06-12T18:38:46.856+0000] {dag.py:3823} INFO - Setting next_dagrun for example_xcom_args_with_operators to None, run_after=None
[2025-06-12T18:38:46.892+0000] {processor.py:183} INFO - Processing /home/airflow/.local/lib/python3.8/site-packages/airflow/example_dags/example_xcomargs.py took 0.124 seconds
[2025-06-12T18:39:17.148+0000] {processor.py:161} INFO - Started process (PID=530) to work on /home/airflow/.local/lib/python3.8/site-packages/airflow/example_dags/example_xcomargs.py
[2025-06-12T18:39:17.151+0000] {processor.py:830} INFO - Processing file /home/airflow/.local/lib/python3.8/site-packages/airflow/example_dags/example_xcomargs.py for tasks to queue
[2025-06-12T18:39:17.156+0000] {logging_mixin.py:188} INFO - [2025-06-12T18:39:17.155+0000] {dagbag.py:538} INFO - Filling up the DagBag from /home/airflow/.local/lib/python3.8/site-packages/airflow/example_dags/example_xcomargs.py
[2025-06-12T18:39:17.175+0000] {processor.py:840} INFO - DAG(s) 'example_xcom_args', 'example_xcom_args_with_operators' retrieved from /home/airflow/.local/lib/python3.8/site-packages/airflow/example_dags/example_xcomargs.py
[2025-06-12T18:39:17.223+0000] {logging_mixin.py:188} INFO - [2025-06-12T18:39:17.223+0000] {dag.py:3036} INFO - Sync 2 DAGs
[2025-06-12T18:39:17.246+0000] {logging_mixin.py:188} INFO - [2025-06-12T18:39:17.245+0000] {dag.py:3823} INFO - Setting next_dagrun for example_xcom_args to None, run_after=None
[2025-06-12T18:39:17.252+0000] {logging_mixin.py:188} INFO - [2025-06-12T18:39:17.252+0000] {dag.py:3823} INFO - Setting next_dagrun for example_xcom_args_with_operators to None, run_after=None
[2025-06-12T18:39:17.288+0000] {processor.py:183} INFO - Processing /home/airflow/.local/lib/python3.8/site-packages/airflow/example_dags/example_xcomargs.py took 0.152 seconds
[2025-06-12T18:39:48.018+0000] {processor.py:161} INFO - Started process (PID=585) to work on /home/airflow/.local/lib/python3.8/site-packages/airflow/example_dags/example_xcomargs.py
[2025-06-12T18:39:48.020+0000] {processor.py:830} INFO - Processing file /home/airflow/.local/lib/python3.8/site-packages/airflow/example_dags/example_xcomargs.py for tasks to queue
[2025-06-12T18:39:48.024+0000] {logging_mixin.py:188} INFO - [2025-06-12T18:39:48.024+0000] {dagbag.py:538} INFO - Filling up the DagBag from /home/airflow/.local/lib/python3.8/site-packages/airflow/example_dags/example_xcomargs.py
[2025-06-12T18:39:48.042+0000] {processor.py:840} INFO - DAG(s) 'example_xcom_args_with_operators', 'example_xcom_args' retrieved from /home/airflow/.local/lib/python3.8/site-packages/airflow/example_dags/example_xcomargs.py
[2025-06-12T18:39:48.070+0000] {logging_mixin.py:188} INFO - [2025-06-12T18:39:48.070+0000] {dag.py:3036} INFO - Sync 2 DAGs
[2025-06-12T18:39:48.089+0000] {logging_mixin.py:188} INFO - [2025-06-12T18:39:48.089+0000] {dag.py:3823} INFO - Setting next_dagrun for example_xcom_args to None, run_after=None
[2025-06-12T18:39:48.095+0000] {logging_mixin.py:188} INFO - [2025-06-12T18:39:48.095+0000] {dag.py:3823} INFO - Setting next_dagrun for example_xcom_args_with_operators to None, run_after=None
[2025-06-12T18:39:48.131+0000] {processor.py:183} INFO - Processing /home/airflow/.local/lib/python3.8/site-packages/airflow/example_dags/example_xcomargs.py took 0.120 seconds
[2025-06-12T18:40:33.364+0000] {processor.py:161} INFO - Started process (PID=641) to work on /home/airflow/.local/lib/python3.8/site-packages/airflow/example_dags/example_xcomargs.py
[2025-06-12T18:40:33.367+0000] {processor.py:830} INFO - Processing file /home/airflow/.local/lib/python3.8/site-packages/airflow/example_dags/example_xcomargs.py for tasks to queue
[2025-06-12T18:40:33.373+0000] {logging_mixin.py:188} INFO - [2025-06-12T18:40:33.371+0000] {dagbag.py:538} INFO - Filling up the DagBag from /home/airflow/.local/lib/python3.8/site-packages/airflow/example_dags/example_xcomargs.py
[2025-06-12T18:40:33.404+0000] {processor.py:840} INFO - DAG(s) 'example_xcom_args_with_operators', 'example_xcom_args' retrieved from /home/airflow/.local/lib/python3.8/site-packages/airflow/example_dags/example_xcomargs.py
[2025-06-12T18:40:33.958+0000] {logging_mixin.py:188} INFO - [2025-06-12T18:40:33.950+0000] {dag.py:3036} INFO - Sync 2 DAGs
[2025-06-12T18:40:33.991+0000] {logging_mixin.py:188} INFO - [2025-06-12T18:40:33.990+0000] {dag.py:3823} INFO - Setting next_dagrun for example_xcom_args to None, run_after=None
[2025-06-12T18:40:34.000+0000] {logging_mixin.py:188} INFO - [2025-06-12T18:40:33.999+0000] {dag.py:3823} INFO - Setting next_dagrun for example_xcom_args_with_operators to None, run_after=None
[2025-06-12T18:40:34.067+0000] {processor.py:183} INFO - Processing /home/airflow/.local/lib/python3.8/site-packages/airflow/example_dags/example_xcomargs.py took 0.713 seconds
[2025-06-12T18:46:14.117+0000] {processor.py:161} INFO - Started process (PID=700) to work on /home/airflow/.local/lib/python3.8/site-packages/airflow/example_dags/example_xcomargs.py
[2025-06-12T18:46:14.121+0000] {processor.py:830} INFO - Processing file /home/airflow/.local/lib/python3.8/site-packages/airflow/example_dags/example_xcomargs.py for tasks to queue
[2025-06-12T18:46:14.124+0000] {logging_mixin.py:188} INFO - [2025-06-12T18:46:14.124+0000] {dagbag.py:538} INFO - Filling up the DagBag from /home/airflow/.local/lib/python3.8/site-packages/airflow/example_dags/example_xcomargs.py
[2025-06-12T18:46:14.148+0000] {processor.py:840} INFO - DAG(s) 'example_xcom_args_with_operators', 'example_xcom_args' retrieved from /home/airflow/.local/lib/python3.8/site-packages/airflow/example_dags/example_xcomargs.py
[2025-06-12T18:46:14.206+0000] {logging_mixin.py:188} INFO - [2025-06-12T18:46:14.205+0000] {dag.py:3036} INFO - Sync 2 DAGs
[2025-06-12T18:46:14.226+0000] {logging_mixin.py:188} INFO - [2025-06-12T18:46:14.226+0000] {dag.py:3823} INFO - Setting next_dagrun for example_xcom_args to None, run_after=None
[2025-06-12T18:46:14.234+0000] {logging_mixin.py:188} INFO - [2025-06-12T18:46:14.234+0000] {dag.py:3823} INFO - Setting next_dagrun for example_xcom_args_with_operators to None, run_after=None
[2025-06-12T18:46:14.267+0000] {processor.py:183} INFO - Processing /home/airflow/.local/lib/python3.8/site-packages/airflow/example_dags/example_xcomargs.py took 0.156 seconds
[2025-06-12T18:46:44.910+0000] {processor.py:161} INFO - Started process (PID=756) to work on /home/airflow/.local/lib/python3.8/site-packages/airflow/example_dags/example_xcomargs.py
[2025-06-12T18:46:44.912+0000] {processor.py:830} INFO - Processing file /home/airflow/.local/lib/python3.8/site-packages/airflow/example_dags/example_xcomargs.py for tasks to queue
[2025-06-12T18:46:44.914+0000] {logging_mixin.py:188} INFO - [2025-06-12T18:46:44.914+0000] {dagbag.py:538} INFO - Filling up the DagBag from /home/airflow/.local/lib/python3.8/site-packages/airflow/example_dags/example_xcomargs.py
[2025-06-12T18:46:44.931+0000] {processor.py:840} INFO - DAG(s) 'example_xcom_args_with_operators', 'example_xcom_args' retrieved from /home/airflow/.local/lib/python3.8/site-packages/airflow/example_dags/example_xcomargs.py
[2025-06-12T18:46:44.980+0000] {logging_mixin.py:188} INFO - [2025-06-12T18:46:44.979+0000] {dag.py:3036} INFO - Sync 2 DAGs
[2025-06-12T18:46:45.003+0000] {logging_mixin.py:188} INFO - [2025-06-12T18:46:45.003+0000] {dag.py:3823} INFO - Setting next_dagrun for example_xcom_args to None, run_after=None
[2025-06-12T18:46:45.011+0000] {logging_mixin.py:188} INFO - [2025-06-12T18:46:45.011+0000] {dag.py:3823} INFO - Setting next_dagrun for example_xcom_args_with_operators to None, run_after=None
[2025-06-12T18:46:45.048+0000] {processor.py:183} INFO - Processing /home/airflow/.local/lib/python3.8/site-packages/airflow/example_dags/example_xcomargs.py took 0.144 seconds
[2025-06-12T18:47:15.772+0000] {processor.py:161} INFO - Started process (PID=811) to work on /home/airflow/.local/lib/python3.8/site-packages/airflow/example_dags/example_xcomargs.py
[2025-06-12T18:47:15.773+0000] {processor.py:830} INFO - Processing file /home/airflow/.local/lib/python3.8/site-packages/airflow/example_dags/example_xcomargs.py for tasks to queue
[2025-06-12T18:47:15.775+0000] {logging_mixin.py:188} INFO - [2025-06-12T18:47:15.775+0000] {dagbag.py:538} INFO - Filling up the DagBag from /home/airflow/.local/lib/python3.8/site-packages/airflow/example_dags/example_xcomargs.py
[2025-06-12T18:47:15.790+0000] {processor.py:840} INFO - DAG(s) 'example_xcom_args_with_operators', 'example_xcom_args' retrieved from /home/airflow/.local/lib/python3.8/site-packages/airflow/example_dags/example_xcomargs.py
[2025-06-12T18:47:15.831+0000] {logging_mixin.py:188} INFO - [2025-06-12T18:47:15.830+0000] {dag.py:3036} INFO - Sync 2 DAGs
[2025-06-12T18:47:15.850+0000] {logging_mixin.py:188} INFO - [2025-06-12T18:47:15.850+0000] {dag.py:3823} INFO - Setting next_dagrun for example_xcom_args to None, run_after=None
[2025-06-12T18:47:15.856+0000] {logging_mixin.py:188} INFO - [2025-06-12T18:47:15.855+0000] {dag.py:3823} INFO - Setting next_dagrun for example_xcom_args_with_operators to None, run_after=None
[2025-06-12T18:47:15.885+0000] {processor.py:183} INFO - Processing /home/airflow/.local/lib/python3.8/site-packages/airflow/example_dags/example_xcomargs.py took 0.119 seconds
[2025-06-12T18:47:46.342+0000] {processor.py:161} INFO - Started process (PID=864) to work on /home/airflow/.local/lib/python3.8/site-packages/airflow/example_dags/example_xcomargs.py
[2025-06-12T18:47:46.344+0000] {processor.py:830} INFO - Processing file /home/airflow/.local/lib/python3.8/site-packages/airflow/example_dags/example_xcomargs.py for tasks to queue
[2025-06-12T18:47:46.346+0000] {logging_mixin.py:188} INFO - [2025-06-12T18:47:46.345+0000] {dagbag.py:538} INFO - Filling up the DagBag from /home/airflow/.local/lib/python3.8/site-packages/airflow/example_dags/example_xcomargs.py
[2025-06-12T18:47:46.359+0000] {processor.py:840} INFO - DAG(s) 'example_xcom_args_with_operators', 'example_xcom_args' retrieved from /home/airflow/.local/lib/python3.8/site-packages/airflow/example_dags/example_xcomargs.py
[2025-06-12T18:47:46.403+0000] {logging_mixin.py:188} INFO - [2025-06-12T18:47:46.403+0000] {dag.py:3036} INFO - Sync 2 DAGs
[2025-06-12T18:47:46.422+0000] {logging_mixin.py:188} INFO - [2025-06-12T18:47:46.422+0000] {dag.py:3823} INFO - Setting next_dagrun for example_xcom_args to None, run_after=None
[2025-06-12T18:47:46.428+0000] {logging_mixin.py:188} INFO - [2025-06-12T18:47:46.428+0000] {dag.py:3823} INFO - Setting next_dagrun for example_xcom_args_with_operators to None, run_after=None
[2025-06-12T18:47:46.462+0000] {processor.py:183} INFO - Processing /home/airflow/.local/lib/python3.8/site-packages/airflow/example_dags/example_xcomargs.py took 0.126 seconds
[2025-06-12T18:48:18.983+0000] {processor.py:161} INFO - Started process (PID=919) to work on /home/airflow/.local/lib/python3.8/site-packages/airflow/example_dags/example_xcomargs.py
[2025-06-12T18:48:18.986+0000] {processor.py:830} INFO - Processing file /home/airflow/.local/lib/python3.8/site-packages/airflow/example_dags/example_xcomargs.py for tasks to queue
[2025-06-12T18:48:18.988+0000] {logging_mixin.py:188} INFO - [2025-06-12T18:48:18.987+0000] {dagbag.py:538} INFO - Filling up the DagBag from /home/airflow/.local/lib/python3.8/site-packages/airflow/example_dags/example_xcomargs.py
[2025-06-12T18:48:19.004+0000] {processor.py:840} INFO - DAG(s) 'example_xcom_args', 'example_xcom_args_with_operators' retrieved from /home/airflow/.local/lib/python3.8/site-packages/airflow/example_dags/example_xcomargs.py
[2025-06-12T18:48:19.048+0000] {logging_mixin.py:188} INFO - [2025-06-12T18:48:19.047+0000] {dag.py:3036} INFO - Sync 2 DAGs
[2025-06-12T18:48:19.068+0000] {logging_mixin.py:188} INFO - [2025-06-12T18:48:19.067+0000] {dag.py:3823} INFO - Setting next_dagrun for example_xcom_args to None, run_after=None
[2025-06-12T18:48:19.076+0000] {logging_mixin.py:188} INFO - [2025-06-12T18:48:19.076+0000] {dag.py:3823} INFO - Setting next_dagrun for example_xcom_args_with_operators to None, run_after=None
[2025-06-12T18:48:19.118+0000] {processor.py:183} INFO - Processing /home/airflow/.local/lib/python3.8/site-packages/airflow/example_dags/example_xcomargs.py took 0.140 seconds
[2025-06-12T18:48:49.396+0000] {processor.py:161} INFO - Started process (PID=974) to work on /home/airflow/.local/lib/python3.8/site-packages/airflow/example_dags/example_xcomargs.py
[2025-06-12T18:48:49.399+0000] {processor.py:830} INFO - Processing file /home/airflow/.local/lib/python3.8/site-packages/airflow/example_dags/example_xcomargs.py for tasks to queue
[2025-06-12T18:48:49.402+0000] {logging_mixin.py:188} INFO - [2025-06-12T18:48:49.401+0000] {dagbag.py:538} INFO - Filling up the DagBag from /home/airflow/.local/lib/python3.8/site-packages/airflow/example_dags/example_xcomargs.py
[2025-06-12T18:48:49.417+0000] {processor.py:840} INFO - DAG(s) 'example_xcom_args', 'example_xcom_args_with_operators' retrieved from /home/airflow/.local/lib/python3.8/site-packages/airflow/example_dags/example_xcomargs.py
[2025-06-12T18:48:49.457+0000] {logging_mixin.py:188} INFO - [2025-06-12T18:48:49.457+0000] {dag.py:3036} INFO - Sync 2 DAGs
[2025-06-12T18:48:49.476+0000] {logging_mixin.py:188} INFO - [2025-06-12T18:48:49.475+0000] {dag.py:3823} INFO - Setting next_dagrun for example_xcom_args to None, run_after=None
[2025-06-12T18:48:49.481+0000] {logging_mixin.py:188} INFO - [2025-06-12T18:48:49.481+0000] {dag.py:3823} INFO - Setting next_dagrun for example_xcom_args_with_operators to None, run_after=None
[2025-06-12T18:48:49.512+0000] {processor.py:183} INFO - Processing /home/airflow/.local/lib/python3.8/site-packages/airflow/example_dags/example_xcomargs.py took 0.121 seconds
[2025-06-12T18:49:19.815+0000] {processor.py:161} INFO - Started process (PID=1029) to work on /home/airflow/.local/lib/python3.8/site-packages/airflow/example_dags/example_xcomargs.py
[2025-06-12T18:49:19.817+0000] {processor.py:830} INFO - Processing file /home/airflow/.local/lib/python3.8/site-packages/airflow/example_dags/example_xcomargs.py for tasks to queue
[2025-06-12T18:49:19.819+0000] {logging_mixin.py:188} INFO - [2025-06-12T18:49:19.818+0000] {dagbag.py:538} INFO - Filling up the DagBag from /home/airflow/.local/lib/python3.8/site-packages/airflow/example_dags/example_xcomargs.py
[2025-06-12T18:49:19.835+0000] {processor.py:840} INFO - DAG(s) 'example_xcom_args', 'example_xcom_args_with_operators' retrieved from /home/airflow/.local/lib/python3.8/site-packages/airflow/example_dags/example_xcomargs.py
[2025-06-12T18:49:19.880+0000] {logging_mixin.py:188} INFO - [2025-06-12T18:49:19.879+0000] {dag.py:3036} INFO - Sync 2 DAGs
[2025-06-12T18:49:19.901+0000] {logging_mixin.py:188} INFO - [2025-06-12T18:49:19.901+0000] {dag.py:3823} INFO - Setting next_dagrun for example_xcom_args to None, run_after=None
[2025-06-12T18:49:19.908+0000] {logging_mixin.py:188} INFO - [2025-06-12T18:49:19.908+0000] {dag.py:3823} INFO - Setting next_dagrun for example_xcom_args_with_operators to None, run_after=None
[2025-06-12T18:49:19.940+0000] {processor.py:183} INFO - Processing /home/airflow/.local/lib/python3.8/site-packages/airflow/example_dags/example_xcomargs.py took 0.131 seconds
[2025-06-12T18:49:50.783+0000] {processor.py:161} INFO - Started process (PID=1084) to work on /home/airflow/.local/lib/python3.8/site-packages/airflow/example_dags/example_xcomargs.py
[2025-06-12T18:49:50.785+0000] {processor.py:830} INFO - Processing file /home/airflow/.local/lib/python3.8/site-packages/airflow/example_dags/example_xcomargs.py for tasks to queue
[2025-06-12T18:49:50.787+0000] {logging_mixin.py:188} INFO - [2025-06-12T18:49:50.786+0000] {dagbag.py:538} INFO - Filling up the DagBag from /home/airflow/.local/lib/python3.8/site-packages/airflow/example_dags/example_xcomargs.py
[2025-06-12T18:49:50.805+0000] {processor.py:840} INFO - DAG(s) 'example_xcom_args_with_operators', 'example_xcom_args' retrieved from /home/airflow/.local/lib/python3.8/site-packages/airflow/example_dags/example_xcomargs.py
[2025-06-12T18:49:50.866+0000] {logging_mixin.py:188} INFO - [2025-06-12T18:49:50.866+0000] {dag.py:3036} INFO - Sync 2 DAGs
[2025-06-12T18:49:50.891+0000] {logging_mixin.py:188} INFO - [2025-06-12T18:49:50.890+0000] {dag.py:3823} INFO - Setting next_dagrun for example_xcom_args to None, run_after=None
[2025-06-12T18:49:50.899+0000] {logging_mixin.py:188} INFO - [2025-06-12T18:49:50.898+0000] {dag.py:3823} INFO - Setting next_dagrun for example_xcom_args_with_operators to None, run_after=None
[2025-06-12T18:49:50.936+0000] {processor.py:183} INFO - Processing /home/airflow/.local/lib/python3.8/site-packages/airflow/example_dags/example_xcomargs.py took 0.160 seconds
[2025-06-12T18:50:21.184+0000] {processor.py:161} INFO - Started process (PID=1138) to work on /home/airflow/.local/lib/python3.8/site-packages/airflow/example_dags/example_xcomargs.py
[2025-06-12T18:50:21.186+0000] {processor.py:830} INFO - Processing file /home/airflow/.local/lib/python3.8/site-packages/airflow/example_dags/example_xcomargs.py for tasks to queue
[2025-06-12T18:50:21.190+0000] {logging_mixin.py:188} INFO - [2025-06-12T18:50:21.188+0000] {dagbag.py:538} INFO - Filling up the DagBag from /home/airflow/.local/lib/python3.8/site-packages/airflow/example_dags/example_xcomargs.py
[2025-06-12T18:50:21.210+0000] {processor.py:840} INFO - DAG(s) 'example_xcom_args_with_operators', 'example_xcom_args' retrieved from /home/airflow/.local/lib/python3.8/site-packages/airflow/example_dags/example_xcomargs.py
[2025-06-12T18:50:21.251+0000] {logging_mixin.py:188} INFO - [2025-06-12T18:50:21.250+0000] {dag.py:3036} INFO - Sync 2 DAGs
[2025-06-12T18:50:21.268+0000] {logging_mixin.py:188} INFO - [2025-06-12T18:50:21.268+0000] {dag.py:3823} INFO - Setting next_dagrun for example_xcom_args to None, run_after=None
[2025-06-12T18:50:21.275+0000] {logging_mixin.py:188} INFO - [2025-06-12T18:50:21.274+0000] {dag.py:3823} INFO - Setting next_dagrun for example_xcom_args_with_operators to None, run_after=None
[2025-06-12T18:50:21.309+0000] {processor.py:183} INFO - Processing /home/airflow/.local/lib/python3.8/site-packages/airflow/example_dags/example_xcomargs.py took 0.131 seconds
[2025-06-12T18:50:51.422+0000] {processor.py:161} INFO - Started process (PID=1194) to work on /home/airflow/.local/lib/python3.8/site-packages/airflow/example_dags/example_xcomargs.py
[2025-06-12T18:50:51.424+0000] {processor.py:830} INFO - Processing file /home/airflow/.local/lib/python3.8/site-packages/airflow/example_dags/example_xcomargs.py for tasks to queue
[2025-06-12T18:50:51.427+0000] {logging_mixin.py:188} INFO - [2025-06-12T18:50:51.426+0000] {dagbag.py:538} INFO - Filling up the DagBag from /home/airflow/.local/lib/python3.8/site-packages/airflow/example_dags/example_xcomargs.py
[2025-06-12T18:50:51.440+0000] {processor.py:840} INFO - DAG(s) 'example_xcom_args_with_operators', 'example_xcom_args' retrieved from /home/airflow/.local/lib/python3.8/site-packages/airflow/example_dags/example_xcomargs.py
[2025-06-12T18:50:51.492+0000] {logging_mixin.py:188} INFO - [2025-06-12T18:50:51.491+0000] {dag.py:3036} INFO - Sync 2 DAGs
[2025-06-12T18:50:51.514+0000] {logging_mixin.py:188} INFO - [2025-06-12T18:50:51.513+0000] {dag.py:3823} INFO - Setting next_dagrun for example_xcom_args to None, run_after=None
[2025-06-12T18:50:51.522+0000] {logging_mixin.py:188} INFO - [2025-06-12T18:50:51.521+0000] {dag.py:3823} INFO - Setting next_dagrun for example_xcom_args_with_operators to None, run_after=None
[2025-06-12T18:50:51.556+0000] {processor.py:183} INFO - Processing /home/airflow/.local/lib/python3.8/site-packages/airflow/example_dags/example_xcomargs.py took 0.140 seconds
[2025-06-12T18:51:21.811+0000] {processor.py:161} INFO - Started process (PID=1249) to work on /home/airflow/.local/lib/python3.8/site-packages/airflow/example_dags/example_xcomargs.py
[2025-06-12T18:51:21.813+0000] {processor.py:830} INFO - Processing file /home/airflow/.local/lib/python3.8/site-packages/airflow/example_dags/example_xcomargs.py for tasks to queue
[2025-06-12T18:51:21.815+0000] {logging_mixin.py:188} INFO - [2025-06-12T18:51:21.815+0000] {dagbag.py:538} INFO - Filling up the DagBag from /home/airflow/.local/lib/python3.8/site-packages/airflow/example_dags/example_xcomargs.py
[2025-06-12T18:51:21.828+0000] {processor.py:840} INFO - DAG(s) 'example_xcom_args', 'example_xcom_args_with_operators' retrieved from /home/airflow/.local/lib/python3.8/site-packages/airflow/example_dags/example_xcomargs.py
[2025-06-12T18:51:21.871+0000] {logging_mixin.py:188} INFO - [2025-06-12T18:51:21.870+0000] {dag.py:3036} INFO - Sync 2 DAGs
[2025-06-12T18:51:21.887+0000] {logging_mixin.py:188} INFO - [2025-06-12T18:51:21.887+0000] {dag.py:3823} INFO - Setting next_dagrun for example_xcom_args to None, run_after=None
[2025-06-12T18:51:21.893+0000] {logging_mixin.py:188} INFO - [2025-06-12T18:51:21.892+0000] {dag.py:3823} INFO - Setting next_dagrun for example_xcom_args_with_operators to None, run_after=None
[2025-06-12T18:51:21.922+0000] {processor.py:183} INFO - Processing /home/airflow/.local/lib/python3.8/site-packages/airflow/example_dags/example_xcomargs.py took 0.116 seconds
[2025-06-12T18:51:52.409+0000] {processor.py:161} INFO - Started process (PID=1305) to work on /home/airflow/.local/lib/python3.8/site-packages/airflow/example_dags/example_xcomargs.py
[2025-06-12T18:51:52.411+0000] {processor.py:830} INFO - Processing file /home/airflow/.local/lib/python3.8/site-packages/airflow/example_dags/example_xcomargs.py for tasks to queue
[2025-06-12T18:51:52.413+0000] {logging_mixin.py:188} INFO - [2025-06-12T18:51:52.413+0000] {dagbag.py:538} INFO - Filling up the DagBag from /home/airflow/.local/lib/python3.8/site-packages/airflow/example_dags/example_xcomargs.py
[2025-06-12T18:51:52.429+0000] {processor.py:840} INFO - DAG(s) 'example_xcom_args', 'example_xcom_args_with_operators' retrieved from /home/airflow/.local/lib/python3.8/site-packages/airflow/example_dags/example_xcomargs.py
[2025-06-12T18:51:52.471+0000] {logging_mixin.py:188} INFO - [2025-06-12T18:51:52.470+0000] {dag.py:3036} INFO - Sync 2 DAGs
[2025-06-12T18:51:52.493+0000] {logging_mixin.py:188} INFO - [2025-06-12T18:51:52.492+0000] {dag.py:3823} INFO - Setting next_dagrun for example_xcom_args to None, run_after=None
[2025-06-12T18:51:52.501+0000] {logging_mixin.py:188} INFO - [2025-06-12T18:51:52.500+0000] {dag.py:3823} INFO - Setting next_dagrun for example_xcom_args_with_operators to None, run_after=None
[2025-06-12T18:51:52.534+0000] {processor.py:183} INFO - Processing /home/airflow/.local/lib/python3.8/site-packages/airflow/example_dags/example_xcomargs.py took 0.131 seconds
[2025-06-12T18:52:23.865+0000] {processor.py:161} INFO - Started process (PID=1360) to work on /home/airflow/.local/lib/python3.8/site-packages/airflow/example_dags/example_xcomargs.py
[2025-06-12T18:52:23.869+0000] {processor.py:830} INFO - Processing file /home/airflow/.local/lib/python3.8/site-packages/airflow/example_dags/example_xcomargs.py for tasks to queue
[2025-06-12T18:52:23.871+0000] {logging_mixin.py:188} INFO - [2025-06-12T18:52:23.871+0000] {dagbag.py:538} INFO - Filling up the DagBag from /home/airflow/.local/lib/python3.8/site-packages/airflow/example_dags/example_xcomargs.py
[2025-06-12T18:52:23.895+0000] {processor.py:840} INFO - DAG(s) 'example_xcom_args', 'example_xcom_args_with_operators' retrieved from /home/airflow/.local/lib/python3.8/site-packages/airflow/example_dags/example_xcomargs.py
[2025-06-12T18:52:23.997+0000] {logging_mixin.py:188} INFO - [2025-06-12T18:52:23.996+0000] {dag.py:3036} INFO - Sync 2 DAGs
[2025-06-12T18:52:24.022+0000] {logging_mixin.py:188} INFO - [2025-06-12T18:52:24.022+0000] {dag.py:3823} INFO - Setting next_dagrun for example_xcom_args to None, run_after=None
[2025-06-12T18:52:24.033+0000] {logging_mixin.py:188} INFO - [2025-06-12T18:52:24.032+0000] {dag.py:3823} INFO - Setting next_dagrun for example_xcom_args_with_operators to None, run_after=None
[2025-06-12T18:52:24.099+0000] {processor.py:183} INFO - Processing /home/airflow/.local/lib/python3.8/site-packages/airflow/example_dags/example_xcomargs.py took 0.245 seconds
[2025-06-12T18:52:55.144+0000] {processor.py:161} INFO - Started process (PID=1415) to work on /home/airflow/.local/lib/python3.8/site-packages/airflow/example_dags/example_xcomargs.py
[2025-06-12T18:52:55.147+0000] {processor.py:830} INFO - Processing file /home/airflow/.local/lib/python3.8/site-packages/airflow/example_dags/example_xcomargs.py for tasks to queue
[2025-06-12T18:52:55.149+0000] {logging_mixin.py:188} INFO - [2025-06-12T18:52:55.148+0000] {dagbag.py:538} INFO - Filling up the DagBag from /home/airflow/.local/lib/python3.8/site-packages/airflow/example_dags/example_xcomargs.py
[2025-06-12T18:52:55.165+0000] {processor.py:840} INFO - DAG(s) 'example_xcom_args_with_operators', 'example_xcom_args' retrieved from /home/airflow/.local/lib/python3.8/site-packages/airflow/example_dags/example_xcomargs.py
[2025-06-12T18:52:55.213+0000] {logging_mixin.py:188} INFO - [2025-06-12T18:52:55.212+0000] {dag.py:3036} INFO - Sync 2 DAGs
[2025-06-12T18:52:55.235+0000] {logging_mixin.py:188} INFO - [2025-06-12T18:52:55.235+0000] {dag.py:3823} INFO - Setting next_dagrun for example_xcom_args to None, run_after=None
[2025-06-12T18:52:55.241+0000] {logging_mixin.py:188} INFO - [2025-06-12T18:52:55.241+0000] {dag.py:3823} INFO - Setting next_dagrun for example_xcom_args_with_operators to None, run_after=None
[2025-06-12T18:52:55.274+0000] {processor.py:183} INFO - Processing /home/airflow/.local/lib/python3.8/site-packages/airflow/example_dags/example_xcomargs.py took 0.138 seconds
[2025-06-12T18:53:25.955+0000] {processor.py:161} INFO - Started process (PID=1470) to work on /home/airflow/.local/lib/python3.8/site-packages/airflow/example_dags/example_xcomargs.py
[2025-06-12T18:53:25.957+0000] {processor.py:830} INFO - Processing file /home/airflow/.local/lib/python3.8/site-packages/airflow/example_dags/example_xcomargs.py for tasks to queue
[2025-06-12T18:53:25.959+0000] {logging_mixin.py:188} INFO - [2025-06-12T18:53:25.959+0000] {dagbag.py:538} INFO - Filling up the DagBag from /home/airflow/.local/lib/python3.8/site-packages/airflow/example_dags/example_xcomargs.py
[2025-06-12T18:53:25.974+0000] {processor.py:840} INFO - DAG(s) 'example_xcom_args_with_operators', 'example_xcom_args' retrieved from /home/airflow/.local/lib/python3.8/site-packages/airflow/example_dags/example_xcomargs.py
[2025-06-12T18:53:26.026+0000] {logging_mixin.py:188} INFO - [2025-06-12T18:53:26.026+0000] {dag.py:3036} INFO - Sync 2 DAGs
[2025-06-12T18:53:26.047+0000] {logging_mixin.py:188} INFO - [2025-06-12T18:53:26.047+0000] {dag.py:3823} INFO - Setting next_dagrun for example_xcom_args to None, run_after=None
[2025-06-12T18:53:26.054+0000] {logging_mixin.py:188} INFO - [2025-06-12T18:53:26.053+0000] {dag.py:3823} INFO - Setting next_dagrun for example_xcom_args_with_operators to None, run_after=None
[2025-06-12T18:53:26.089+0000] {processor.py:183} INFO - Processing /home/airflow/.local/lib/python3.8/site-packages/airflow/example_dags/example_xcomargs.py took 0.141 seconds
[2025-06-12T18:53:56.248+0000] {processor.py:161} INFO - Started process (PID=1526) to work on /home/airflow/.local/lib/python3.8/site-packages/airflow/example_dags/example_xcomargs.py
[2025-06-12T18:53:56.251+0000] {processor.py:830} INFO - Processing file /home/airflow/.local/lib/python3.8/site-packages/airflow/example_dags/example_xcomargs.py for tasks to queue
[2025-06-12T18:53:56.253+0000] {logging_mixin.py:188} INFO - [2025-06-12T18:53:56.252+0000] {dagbag.py:538} INFO - Filling up the DagBag from /home/airflow/.local/lib/python3.8/site-packages/airflow/example_dags/example_xcomargs.py
[2025-06-12T18:53:56.268+0000] {processor.py:840} INFO - DAG(s) 'example_xcom_args', 'example_xcom_args_with_operators' retrieved from /home/airflow/.local/lib/python3.8/site-packages/airflow/example_dags/example_xcomargs.py
[2025-06-12T18:53:56.326+0000] {logging_mixin.py:188} INFO - [2025-06-12T18:53:56.326+0000] {dag.py:3036} INFO - Sync 2 DAGs
[2025-06-12T18:53:56.351+0000] {logging_mixin.py:188} INFO - [2025-06-12T18:53:56.351+0000] {dag.py:3823} INFO - Setting next_dagrun for example_xcom_args to None, run_after=None
[2025-06-12T18:53:56.358+0000] {logging_mixin.py:188} INFO - [2025-06-12T18:53:56.358+0000] {dag.py:3823} INFO - Setting next_dagrun for example_xcom_args_with_operators to None, run_after=None
[2025-06-12T18:53:56.395+0000] {processor.py:183} INFO - Processing /home/airflow/.local/lib/python3.8/site-packages/airflow/example_dags/example_xcomargs.py took 0.155 seconds
[2025-06-12T18:54:26.969+0000] {processor.py:161} INFO - Started process (PID=1581) to work on /home/airflow/.local/lib/python3.8/site-packages/airflow/example_dags/example_xcomargs.py
[2025-06-12T18:54:26.971+0000] {processor.py:830} INFO - Processing file /home/airflow/.local/lib/python3.8/site-packages/airflow/example_dags/example_xcomargs.py for tasks to queue
[2025-06-12T18:54:26.972+0000] {logging_mixin.py:188} INFO - [2025-06-12T18:54:26.972+0000] {dagbag.py:538} INFO - Filling up the DagBag from /home/airflow/.local/lib/python3.8/site-packages/airflow/example_dags/example_xcomargs.py
[2025-06-12T18:54:26.986+0000] {processor.py:840} INFO - DAG(s) 'example_xcom_args_with_operators', 'example_xcom_args' retrieved from /home/airflow/.local/lib/python3.8/site-packages/airflow/example_dags/example_xcomargs.py
[2025-06-12T18:54:27.041+0000] {logging_mixin.py:188} INFO - [2025-06-12T18:54:27.041+0000] {dag.py:3036} INFO - Sync 2 DAGs
[2025-06-12T18:54:27.061+0000] {logging_mixin.py:188} INFO - [2025-06-12T18:54:27.060+0000] {dag.py:3823} INFO - Setting next_dagrun for example_xcom_args to None, run_after=None
[2025-06-12T18:54:27.066+0000] {logging_mixin.py:188} INFO - [2025-06-12T18:54:27.066+0000] {dag.py:3823} INFO - Setting next_dagrun for example_xcom_args_with_operators to None, run_after=None
[2025-06-12T18:54:27.095+0000] {processor.py:183} INFO - Processing /home/airflow/.local/lib/python3.8/site-packages/airflow/example_dags/example_xcomargs.py took 0.133 seconds
[2025-06-12T18:54:57.877+0000] {processor.py:161} INFO - Started process (PID=1636) to work on /home/airflow/.local/lib/python3.8/site-packages/airflow/example_dags/example_xcomargs.py
[2025-06-12T18:54:57.883+0000] {processor.py:830} INFO - Processing file /home/airflow/.local/lib/python3.8/site-packages/airflow/example_dags/example_xcomargs.py for tasks to queue
[2025-06-12T18:54:57.888+0000] {logging_mixin.py:188} INFO - [2025-06-12T18:54:57.887+0000] {dagbag.py:538} INFO - Filling up the DagBag from /home/airflow/.local/lib/python3.8/site-packages/airflow/example_dags/example_xcomargs.py
[2025-06-12T18:54:57.931+0000] {processor.py:840} INFO - DAG(s) 'example_xcom_args', 'example_xcom_args_with_operators' retrieved from /home/airflow/.local/lib/python3.8/site-packages/airflow/example_dags/example_xcomargs.py
[2025-06-12T18:54:58.019+0000] {logging_mixin.py:188} INFO - [2025-06-12T18:54:58.018+0000] {dag.py:3036} INFO - Sync 2 DAGs
[2025-06-12T18:54:58.050+0000] {logging_mixin.py:188} INFO - [2025-06-12T18:54:58.050+0000] {dag.py:3823} INFO - Setting next_dagrun for example_xcom_args to None, run_after=None
[2025-06-12T18:54:58.060+0000] {logging_mixin.py:188} INFO - [2025-06-12T18:54:58.060+0000] {dag.py:3823} INFO - Setting next_dagrun for example_xcom_args_with_operators to None, run_after=None
[2025-06-12T18:54:58.108+0000] {processor.py:183} INFO - Processing /home/airflow/.local/lib/python3.8/site-packages/airflow/example_dags/example_xcomargs.py took 0.243 seconds
[2025-06-12T18:55:28.312+0000] {processor.py:161} INFO - Started process (PID=1691) to work on /home/airflow/.local/lib/python3.8/site-packages/airflow/example_dags/example_xcomargs.py
[2025-06-12T18:55:28.314+0000] {processor.py:830} INFO - Processing file /home/airflow/.local/lib/python3.8/site-packages/airflow/example_dags/example_xcomargs.py for tasks to queue
[2025-06-12T18:55:28.316+0000] {logging_mixin.py:188} INFO - [2025-06-12T18:55:28.315+0000] {dagbag.py:538} INFO - Filling up the DagBag from /home/airflow/.local/lib/python3.8/site-packages/airflow/example_dags/example_xcomargs.py
[2025-06-12T18:55:28.331+0000] {processor.py:840} INFO - DAG(s) 'example_xcom_args', 'example_xcom_args_with_operators' retrieved from /home/airflow/.local/lib/python3.8/site-packages/airflow/example_dags/example_xcomargs.py
[2025-06-12T18:55:28.376+0000] {logging_mixin.py:188} INFO - [2025-06-12T18:55:28.376+0000] {dag.py:3036} INFO - Sync 2 DAGs
[2025-06-12T18:55:28.396+0000] {logging_mixin.py:188} INFO - [2025-06-12T18:55:28.395+0000] {dag.py:3823} INFO - Setting next_dagrun for example_xcom_args to None, run_after=None
[2025-06-12T18:55:28.402+0000] {logging_mixin.py:188} INFO - [2025-06-12T18:55:28.402+0000] {dag.py:3823} INFO - Setting next_dagrun for example_xcom_args_with_operators to None, run_after=None
[2025-06-12T18:55:28.431+0000] {processor.py:183} INFO - Processing /home/airflow/.local/lib/python3.8/site-packages/airflow/example_dags/example_xcomargs.py took 0.127 seconds
[2025-06-12T18:55:58.665+0000] {processor.py:161} INFO - Started process (PID=1746) to work on /home/airflow/.local/lib/python3.8/site-packages/airflow/example_dags/example_xcomargs.py
[2025-06-12T18:55:58.667+0000] {processor.py:830} INFO - Processing file /home/airflow/.local/lib/python3.8/site-packages/airflow/example_dags/example_xcomargs.py for tasks to queue
[2025-06-12T18:55:58.669+0000] {logging_mixin.py:188} INFO - [2025-06-12T18:55:58.669+0000] {dagbag.py:538} INFO - Filling up the DagBag from /home/airflow/.local/lib/python3.8/site-packages/airflow/example_dags/example_xcomargs.py
[2025-06-12T18:55:58.682+0000] {processor.py:840} INFO - DAG(s) 'example_xcom_args_with_operators', 'example_xcom_args' retrieved from /home/airflow/.local/lib/python3.8/site-packages/airflow/example_dags/example_xcomargs.py
[2025-06-12T18:55:58.723+0000] {logging_mixin.py:188} INFO - [2025-06-12T18:55:58.722+0000] {dag.py:3036} INFO - Sync 2 DAGs
[2025-06-12T18:55:58.740+0000] {logging_mixin.py:188} INFO - [2025-06-12T18:55:58.740+0000] {dag.py:3823} INFO - Setting next_dagrun for example_xcom_args to None, run_after=None
[2025-06-12T18:55:58.746+0000] {logging_mixin.py:188} INFO - [2025-06-12T18:55:58.746+0000] {dag.py:3823} INFO - Setting next_dagrun for example_xcom_args_with_operators to None, run_after=None
[2025-06-12T18:55:58.776+0000] {processor.py:183} INFO - Processing /home/airflow/.local/lib/python3.8/site-packages/airflow/example_dags/example_xcomargs.py took 0.116 seconds
[2025-06-12T18:56:29.307+0000] {processor.py:161} INFO - Started process (PID=1801) to work on /home/airflow/.local/lib/python3.8/site-packages/airflow/example_dags/example_xcomargs.py
[2025-06-12T18:56:29.309+0000] {processor.py:830} INFO - Processing file /home/airflow/.local/lib/python3.8/site-packages/airflow/example_dags/example_xcomargs.py for tasks to queue
[2025-06-12T18:56:29.312+0000] {logging_mixin.py:188} INFO - [2025-06-12T18:56:29.311+0000] {dagbag.py:538} INFO - Filling up the DagBag from /home/airflow/.local/lib/python3.8/site-packages/airflow/example_dags/example_xcomargs.py
[2025-06-12T18:56:29.326+0000] {processor.py:840} INFO - DAG(s) 'example_xcom_args_with_operators', 'example_xcom_args' retrieved from /home/airflow/.local/lib/python3.8/site-packages/airflow/example_dags/example_xcomargs.py
[2025-06-12T18:56:29.370+0000] {logging_mixin.py:188} INFO - [2025-06-12T18:56:29.370+0000] {dag.py:3036} INFO - Sync 2 DAGs
[2025-06-12T18:56:29.389+0000] {logging_mixin.py:188} INFO - [2025-06-12T18:56:29.389+0000] {dag.py:3823} INFO - Setting next_dagrun for example_xcom_args to None, run_after=None
[2025-06-12T18:56:29.397+0000] {logging_mixin.py:188} INFO - [2025-06-12T18:56:29.397+0000] {dag.py:3823} INFO - Setting next_dagrun for example_xcom_args_with_operators to None, run_after=None
[2025-06-12T18:56:29.432+0000] {processor.py:183} INFO - Processing /home/airflow/.local/lib/python3.8/site-packages/airflow/example_dags/example_xcomargs.py took 0.131 seconds
[2025-06-12T18:56:59.890+0000] {processor.py:161} INFO - Started process (PID=1856) to work on /home/airflow/.local/lib/python3.8/site-packages/airflow/example_dags/example_xcomargs.py
[2025-06-12T18:56:59.893+0000] {processor.py:830} INFO - Processing file /home/airflow/.local/lib/python3.8/site-packages/airflow/example_dags/example_xcomargs.py for tasks to queue
[2025-06-12T18:56:59.897+0000] {logging_mixin.py:188} INFO - [2025-06-12T18:56:59.895+0000] {dagbag.py:538} INFO - Filling up the DagBag from /home/airflow/.local/lib/python3.8/site-packages/airflow/example_dags/example_xcomargs.py
[2025-06-12T18:56:59.915+0000] {processor.py:840} INFO - DAG(s) 'example_xcom_args', 'example_xcom_args_with_operators' retrieved from /home/airflow/.local/lib/python3.8/site-packages/airflow/example_dags/example_xcomargs.py
[2025-06-12T18:56:59.960+0000] {logging_mixin.py:188} INFO - [2025-06-12T18:56:59.960+0000] {dag.py:3036} INFO - Sync 2 DAGs
[2025-06-12T18:56:59.981+0000] {logging_mixin.py:188} INFO - [2025-06-12T18:56:59.981+0000] {dag.py:3823} INFO - Setting next_dagrun for example_xcom_args to None, run_after=None
[2025-06-12T18:56:59.989+0000] {logging_mixin.py:188} INFO - [2025-06-12T18:56:59.989+0000] {dag.py:3823} INFO - Setting next_dagrun for example_xcom_args_with_operators to None, run_after=None
[2025-06-12T18:57:00.030+0000] {processor.py:183} INFO - Processing /home/airflow/.local/lib/python3.8/site-packages/airflow/example_dags/example_xcomargs.py took 0.150 seconds
[2025-06-12T18:57:41.605+0000] {processor.py:161} INFO - Started process (PID=1912) to work on /home/airflow/.local/lib/python3.8/site-packages/airflow/example_dags/example_xcomargs.py
[2025-06-12T18:57:41.607+0000] {processor.py:830} INFO - Processing file /home/airflow/.local/lib/python3.8/site-packages/airflow/example_dags/example_xcomargs.py for tasks to queue
[2025-06-12T18:57:41.610+0000] {logging_mixin.py:188} INFO - [2025-06-12T18:57:41.610+0000] {dagbag.py:538} INFO - Filling up the DagBag from /home/airflow/.local/lib/python3.8/site-packages/airflow/example_dags/example_xcomargs.py
[2025-06-12T18:57:41.630+0000] {processor.py:840} INFO - DAG(s) 'example_xcom_args', 'example_xcom_args_with_operators' retrieved from /home/airflow/.local/lib/python3.8/site-packages/airflow/example_dags/example_xcomargs.py
[2025-06-12T18:57:41.689+0000] {logging_mixin.py:188} INFO - [2025-06-12T18:57:41.688+0000] {dag.py:3036} INFO - Sync 2 DAGs
[2025-06-12T18:57:41.716+0000] {logging_mixin.py:188} INFO - [2025-06-12T18:57:41.715+0000] {dag.py:3823} INFO - Setting next_dagrun for example_xcom_args to None, run_after=None
[2025-06-12T18:57:41.723+0000] {logging_mixin.py:188} INFO - [2025-06-12T18:57:41.723+0000] {dag.py:3823} INFO - Setting next_dagrun for example_xcom_args_with_operators to None, run_after=None
[2025-06-12T18:57:41.762+0000] {processor.py:183} INFO - Processing /home/airflow/.local/lib/python3.8/site-packages/airflow/example_dags/example_xcomargs.py took 0.165 seconds
[2025-06-12T18:58:12.499+0000] {processor.py:161} INFO - Started process (PID=1968) to work on /home/airflow/.local/lib/python3.8/site-packages/airflow/example_dags/example_xcomargs.py
[2025-06-12T18:58:12.501+0000] {processor.py:830} INFO - Processing file /home/airflow/.local/lib/python3.8/site-packages/airflow/example_dags/example_xcomargs.py for tasks to queue
[2025-06-12T18:58:12.503+0000] {logging_mixin.py:188} INFO - [2025-06-12T18:58:12.502+0000] {dagbag.py:538} INFO - Filling up the DagBag from /home/airflow/.local/lib/python3.8/site-packages/airflow/example_dags/example_xcomargs.py
[2025-06-12T18:58:12.519+0000] {processor.py:840} INFO - DAG(s) 'example_xcom_args', 'example_xcom_args_with_operators' retrieved from /home/airflow/.local/lib/python3.8/site-packages/airflow/example_dags/example_xcomargs.py
[2025-06-12T18:58:12.572+0000] {logging_mixin.py:188} INFO - [2025-06-12T18:58:12.571+0000] {dag.py:3036} INFO - Sync 2 DAGs
[2025-06-12T18:58:12.597+0000] {logging_mixin.py:188} INFO - [2025-06-12T18:58:12.597+0000] {dag.py:3823} INFO - Setting next_dagrun for example_xcom_args to None, run_after=None
[2025-06-12T18:58:12.602+0000] {logging_mixin.py:188} INFO - [2025-06-12T18:58:12.602+0000] {dag.py:3823} INFO - Setting next_dagrun for example_xcom_args_with_operators to None, run_after=None
[2025-06-12T18:58:12.639+0000] {processor.py:183} INFO - Processing /home/airflow/.local/lib/python3.8/site-packages/airflow/example_dags/example_xcomargs.py took 0.147 seconds
[2025-06-12T18:58:43.649+0000] {processor.py:161} INFO - Started process (PID=2023) to work on /home/airflow/.local/lib/python3.8/site-packages/airflow/example_dags/example_xcomargs.py
[2025-06-12T18:58:43.651+0000] {processor.py:830} INFO - Processing file /home/airflow/.local/lib/python3.8/site-packages/airflow/example_dags/example_xcomargs.py for tasks to queue
[2025-06-12T18:58:43.652+0000] {logging_mixin.py:188} INFO - [2025-06-12T18:58:43.652+0000] {dagbag.py:538} INFO - Filling up the DagBag from /home/airflow/.local/lib/python3.8/site-packages/airflow/example_dags/example_xcomargs.py
[2025-06-12T18:58:43.689+0000] {processor.py:840} INFO - DAG(s) 'example_xcom_args_with_operators', 'example_xcom_args' retrieved from /home/airflow/.local/lib/python3.8/site-packages/airflow/example_dags/example_xcomargs.py
[2025-06-12T18:58:43.735+0000] {logging_mixin.py:188} INFO - [2025-06-12T18:58:43.734+0000] {dag.py:3036} INFO - Sync 2 DAGs
[2025-06-12T18:58:43.755+0000] {logging_mixin.py:188} INFO - [2025-06-12T18:58:43.754+0000] {dag.py:3823} INFO - Setting next_dagrun for example_xcom_args to None, run_after=None
[2025-06-12T18:58:43.762+0000] {logging_mixin.py:188} INFO - [2025-06-12T18:58:43.761+0000] {dag.py:3823} INFO - Setting next_dagrun for example_xcom_args_with_operators to None, run_after=None
[2025-06-12T18:58:43.801+0000] {processor.py:183} INFO - Processing /home/airflow/.local/lib/python3.8/site-packages/airflow/example_dags/example_xcomargs.py took 0.158 seconds
[2025-06-12T18:59:15.904+0000] {processor.py:161} INFO - Started process (PID=2078) to work on /home/airflow/.local/lib/python3.8/site-packages/airflow/example_dags/example_xcomargs.py
[2025-06-12T18:59:15.908+0000] {processor.py:830} INFO - Processing file /home/airflow/.local/lib/python3.8/site-packages/airflow/example_dags/example_xcomargs.py for tasks to queue
[2025-06-12T18:59:15.911+0000] {logging_mixin.py:188} INFO - [2025-06-12T18:59:15.910+0000] {dagbag.py:538} INFO - Filling up the DagBag from /home/airflow/.local/lib/python3.8/site-packages/airflow/example_dags/example_xcomargs.py
[2025-06-12T18:59:15.933+0000] {processor.py:840} INFO - DAG(s) 'example_xcom_args_with_operators', 'example_xcom_args' retrieved from /home/airflow/.local/lib/python3.8/site-packages/airflow/example_dags/example_xcomargs.py
[2025-06-12T18:59:16.005+0000] {logging_mixin.py:188} INFO - [2025-06-12T18:59:16.004+0000] {dag.py:3036} INFO - Sync 2 DAGs
[2025-06-12T18:59:16.045+0000] {logging_mixin.py:188} INFO - [2025-06-12T18:59:16.044+0000] {dag.py:3823} INFO - Setting next_dagrun for example_xcom_args to None, run_after=None
[2025-06-12T18:59:16.055+0000] {logging_mixin.py:188} INFO - [2025-06-12T18:59:16.054+0000] {dag.py:3823} INFO - Setting next_dagrun for example_xcom_args_with_operators to None, run_after=None
[2025-06-12T18:59:16.103+0000] {processor.py:183} INFO - Processing /home/airflow/.local/lib/python3.8/site-packages/airflow/example_dags/example_xcomargs.py took 0.209 seconds
[2025-06-12T18:59:47.290+0000] {processor.py:161} INFO - Started process (PID=2133) to work on /home/airflow/.local/lib/python3.8/site-packages/airflow/example_dags/example_xcomargs.py
[2025-06-12T18:59:47.294+0000] {processor.py:830} INFO - Processing file /home/airflow/.local/lib/python3.8/site-packages/airflow/example_dags/example_xcomargs.py for tasks to queue
[2025-06-12T18:59:47.297+0000] {logging_mixin.py:188} INFO - [2025-06-12T18:59:47.296+0000] {dagbag.py:538} INFO - Filling up the DagBag from /home/airflow/.local/lib/python3.8/site-packages/airflow/example_dags/example_xcomargs.py
[2025-06-12T18:59:47.324+0000] {processor.py:840} INFO - DAG(s) 'example_xcom_args_with_operators', 'example_xcom_args' retrieved from /home/airflow/.local/lib/python3.8/site-packages/airflow/example_dags/example_xcomargs.py
[2025-06-12T18:59:47.394+0000] {logging_mixin.py:188} INFO - [2025-06-12T18:59:47.393+0000] {dag.py:3036} INFO - Sync 2 DAGs
[2025-06-12T18:59:47.427+0000] {logging_mixin.py:188} INFO - [2025-06-12T18:59:47.426+0000] {dag.py:3823} INFO - Setting next_dagrun for example_xcom_args to None, run_after=None
[2025-06-12T18:59:47.436+0000] {logging_mixin.py:188} INFO - [2025-06-12T18:59:47.436+0000] {dag.py:3823} INFO - Setting next_dagrun for example_xcom_args_with_operators to None, run_after=None
[2025-06-12T18:59:47.480+0000] {processor.py:183} INFO - Processing /home/airflow/.local/lib/python3.8/site-packages/airflow/example_dags/example_xcomargs.py took 0.199 seconds
[2025-06-12T19:00:17.933+0000] {processor.py:161} INFO - Started process (PID=2186) to work on /home/airflow/.local/lib/python3.8/site-packages/airflow/example_dags/example_xcomargs.py
[2025-06-12T19:00:17.936+0000] {processor.py:830} INFO - Processing file /home/airflow/.local/lib/python3.8/site-packages/airflow/example_dags/example_xcomargs.py for tasks to queue
[2025-06-12T19:00:17.939+0000] {logging_mixin.py:188} INFO - [2025-06-12T19:00:17.938+0000] {dagbag.py:538} INFO - Filling up the DagBag from /home/airflow/.local/lib/python3.8/site-packages/airflow/example_dags/example_xcomargs.py
[2025-06-12T19:00:17.961+0000] {processor.py:840} INFO - DAG(s) 'example_xcom_args_with_operators', 'example_xcom_args' retrieved from /home/airflow/.local/lib/python3.8/site-packages/airflow/example_dags/example_xcomargs.py
[2025-06-12T19:00:18.044+0000] {logging_mixin.py:188} INFO - [2025-06-12T19:00:18.044+0000] {dag.py:3036} INFO - Sync 2 DAGs
[2025-06-12T19:00:18.079+0000] {logging_mixin.py:188} INFO - [2025-06-12T19:00:18.079+0000] {dag.py:3823} INFO - Setting next_dagrun for example_xcom_args to None, run_after=None
[2025-06-12T19:00:18.091+0000] {logging_mixin.py:188} INFO - [2025-06-12T19:00:18.091+0000] {dag.py:3823} INFO - Setting next_dagrun for example_xcom_args_with_operators to None, run_after=None
[2025-06-12T19:00:18.137+0000] {processor.py:183} INFO - Processing /home/airflow/.local/lib/python3.8/site-packages/airflow/example_dags/example_xcomargs.py took 0.213 seconds
[2025-06-12T19:00:48.393+0000] {processor.py:161} INFO - Started process (PID=2241) to work on /home/airflow/.local/lib/python3.8/site-packages/airflow/example_dags/example_xcomargs.py
[2025-06-12T19:00:48.396+0000] {processor.py:830} INFO - Processing file /home/airflow/.local/lib/python3.8/site-packages/airflow/example_dags/example_xcomargs.py for tasks to queue
[2025-06-12T19:00:48.400+0000] {logging_mixin.py:188} INFO - [2025-06-12T19:00:48.399+0000] {dagbag.py:538} INFO - Filling up the DagBag from /home/airflow/.local/lib/python3.8/site-packages/airflow/example_dags/example_xcomargs.py
[2025-06-12T19:00:48.422+0000] {processor.py:840} INFO - DAG(s) 'example_xcom_args_with_operators', 'example_xcom_args' retrieved from /home/airflow/.local/lib/python3.8/site-packages/airflow/example_dags/example_xcomargs.py
[2025-06-12T19:00:48.487+0000] {logging_mixin.py:188} INFO - [2025-06-12T19:00:48.487+0000] {dag.py:3036} INFO - Sync 2 DAGs
[2025-06-12T19:00:48.518+0000] {logging_mixin.py:188} INFO - [2025-06-12T19:00:48.517+0000] {dag.py:3823} INFO - Setting next_dagrun for example_xcom_args to None, run_after=None
[2025-06-12T19:00:48.526+0000] {logging_mixin.py:188} INFO - [2025-06-12T19:00:48.526+0000] {dag.py:3823} INFO - Setting next_dagrun for example_xcom_args_with_operators to None, run_after=None
[2025-06-12T19:00:48.571+0000] {processor.py:183} INFO - Processing /home/airflow/.local/lib/python3.8/site-packages/airflow/example_dags/example_xcomargs.py took 0.190 seconds
[2025-06-12T19:01:18.795+0000] {processor.py:161} INFO - Started process (PID=2296) to work on /home/airflow/.local/lib/python3.8/site-packages/airflow/example_dags/example_xcomargs.py
[2025-06-12T19:01:18.799+0000] {processor.py:830} INFO - Processing file /home/airflow/.local/lib/python3.8/site-packages/airflow/example_dags/example_xcomargs.py for tasks to queue
[2025-06-12T19:01:18.802+0000] {logging_mixin.py:188} INFO - [2025-06-12T19:01:18.801+0000] {dagbag.py:538} INFO - Filling up the DagBag from /home/airflow/.local/lib/python3.8/site-packages/airflow/example_dags/example_xcomargs.py
[2025-06-12T19:01:18.824+0000] {processor.py:840} INFO - DAG(s) 'example_xcom_args', 'example_xcom_args_with_operators' retrieved from /home/airflow/.local/lib/python3.8/site-packages/airflow/example_dags/example_xcomargs.py
[2025-06-12T19:01:18.902+0000] {logging_mixin.py:188} INFO - [2025-06-12T19:01:18.901+0000] {dag.py:3036} INFO - Sync 2 DAGs
[2025-06-12T19:01:18.951+0000] {logging_mixin.py:188} INFO - [2025-06-12T19:01:18.950+0000] {dag.py:3823} INFO - Setting next_dagrun for example_xcom_args to None, run_after=None
[2025-06-12T19:01:18.987+0000] {logging_mixin.py:188} INFO - [2025-06-12T19:01:18.984+0000] {dag.py:3823} INFO - Setting next_dagrun for example_xcom_args_with_operators to None, run_after=None
[2025-06-12T19:01:19.048+0000] {processor.py:183} INFO - Processing /home/airflow/.local/lib/python3.8/site-packages/airflow/example_dags/example_xcomargs.py took 0.263 seconds
[2025-06-12T19:01:49.304+0000] {processor.py:161} INFO - Started process (PID=2351) to work on /home/airflow/.local/lib/python3.8/site-packages/airflow/example_dags/example_xcomargs.py
[2025-06-12T19:01:49.308+0000] {processor.py:830} INFO - Processing file /home/airflow/.local/lib/python3.8/site-packages/airflow/example_dags/example_xcomargs.py for tasks to queue
[2025-06-12T19:01:49.313+0000] {logging_mixin.py:188} INFO - [2025-06-12T19:01:49.312+0000] {dagbag.py:538} INFO - Filling up the DagBag from /home/airflow/.local/lib/python3.8/site-packages/airflow/example_dags/example_xcomargs.py
[2025-06-12T19:01:49.347+0000] {processor.py:840} INFO - DAG(s) 'example_xcom_args', 'example_xcom_args_with_operators' retrieved from /home/airflow/.local/lib/python3.8/site-packages/airflow/example_dags/example_xcomargs.py
[2025-06-12T19:01:49.437+0000] {logging_mixin.py:188} INFO - [2025-06-12T19:01:49.436+0000] {dag.py:3036} INFO - Sync 2 DAGs
[2025-06-12T19:01:49.475+0000] {logging_mixin.py:188} INFO - [2025-06-12T19:01:49.475+0000] {dag.py:3823} INFO - Setting next_dagrun for example_xcom_args to None, run_after=None
[2025-06-12T19:01:49.486+0000] {logging_mixin.py:188} INFO - [2025-06-12T19:01:49.486+0000] {dag.py:3823} INFO - Setting next_dagrun for example_xcom_args_with_operators to None, run_after=None
[2025-06-12T19:01:49.562+0000] {processor.py:183} INFO - Processing /home/airflow/.local/lib/python3.8/site-packages/airflow/example_dags/example_xcomargs.py took 0.272 seconds
[2025-06-12T19:02:19.720+0000] {processor.py:161} INFO - Started process (PID=2406) to work on /home/airflow/.local/lib/python3.8/site-packages/airflow/example_dags/example_xcomargs.py
[2025-06-12T19:02:19.723+0000] {processor.py:830} INFO - Processing file /home/airflow/.local/lib/python3.8/site-packages/airflow/example_dags/example_xcomargs.py for tasks to queue
[2025-06-12T19:02:19.726+0000] {logging_mixin.py:188} INFO - [2025-06-12T19:02:19.725+0000] {dagbag.py:538} INFO - Filling up the DagBag from /home/airflow/.local/lib/python3.8/site-packages/airflow/example_dags/example_xcomargs.py
[2025-06-12T19:02:19.755+0000] {processor.py:840} INFO - DAG(s) 'example_xcom_args_with_operators', 'example_xcom_args' retrieved from /home/airflow/.local/lib/python3.8/site-packages/airflow/example_dags/example_xcomargs.py
[2025-06-12T19:02:19.852+0000] {logging_mixin.py:188} INFO - [2025-06-12T19:02:19.851+0000] {dag.py:3036} INFO - Sync 2 DAGs
[2025-06-12T19:02:19.917+0000] {logging_mixin.py:188} INFO - [2025-06-12T19:02:19.916+0000] {dag.py:3823} INFO - Setting next_dagrun for example_xcom_args to None, run_after=None
[2025-06-12T19:02:19.929+0000] {logging_mixin.py:188} INFO - [2025-06-12T19:02:19.928+0000] {dag.py:3823} INFO - Setting next_dagrun for example_xcom_args_with_operators to None, run_after=None
[2025-06-12T19:02:19.989+0000] {processor.py:183} INFO - Processing /home/airflow/.local/lib/python3.8/site-packages/airflow/example_dags/example_xcomargs.py took 0.281 seconds
[2025-06-12T19:02:50.460+0000] {processor.py:161} INFO - Started process (PID=2462) to work on /home/airflow/.local/lib/python3.8/site-packages/airflow/example_dags/example_xcomargs.py
[2025-06-12T19:02:50.464+0000] {processor.py:830} INFO - Processing file /home/airflow/.local/lib/python3.8/site-packages/airflow/example_dags/example_xcomargs.py for tasks to queue
[2025-06-12T19:02:50.469+0000] {logging_mixin.py:188} INFO - [2025-06-12T19:02:50.468+0000] {dagbag.py:538} INFO - Filling up the DagBag from /home/airflow/.local/lib/python3.8/site-packages/airflow/example_dags/example_xcomargs.py
[2025-06-12T19:02:50.494+0000] {processor.py:840} INFO - DAG(s) 'example_xcom_args_with_operators', 'example_xcom_args' retrieved from /home/airflow/.local/lib/python3.8/site-packages/airflow/example_dags/example_xcomargs.py
[2025-06-12T19:02:50.572+0000] {logging_mixin.py:188} INFO - [2025-06-12T19:02:50.572+0000] {dag.py:3036} INFO - Sync 2 DAGs
[2025-06-12T19:02:50.609+0000] {logging_mixin.py:188} INFO - [2025-06-12T19:02:50.609+0000] {dag.py:3823} INFO - Setting next_dagrun for example_xcom_args to None, run_after=None
[2025-06-12T19:02:50.619+0000] {logging_mixin.py:188} INFO - [2025-06-12T19:02:50.618+0000] {dag.py:3823} INFO - Setting next_dagrun for example_xcom_args_with_operators to None, run_after=None
[2025-06-12T19:02:50.667+0000] {processor.py:183} INFO - Processing /home/airflow/.local/lib/python3.8/site-packages/airflow/example_dags/example_xcomargs.py took 0.217 seconds
[2025-06-12T19:03:21.470+0000] {processor.py:161} INFO - Started process (PID=2517) to work on /home/airflow/.local/lib/python3.8/site-packages/airflow/example_dags/example_xcomargs.py
[2025-06-12T19:03:21.474+0000] {processor.py:830} INFO - Processing file /home/airflow/.local/lib/python3.8/site-packages/airflow/example_dags/example_xcomargs.py for tasks to queue
[2025-06-12T19:03:21.477+0000] {logging_mixin.py:188} INFO - [2025-06-12T19:03:21.476+0000] {dagbag.py:538} INFO - Filling up the DagBag from /home/airflow/.local/lib/python3.8/site-packages/airflow/example_dags/example_xcomargs.py
[2025-06-12T19:03:21.501+0000] {processor.py:840} INFO - DAG(s) 'example_xcom_args', 'example_xcom_args_with_operators' retrieved from /home/airflow/.local/lib/python3.8/site-packages/airflow/example_dags/example_xcomargs.py
[2025-06-12T19:03:21.587+0000] {logging_mixin.py:188} INFO - [2025-06-12T19:03:21.587+0000] {dag.py:3036} INFO - Sync 2 DAGs
[2025-06-12T19:03:21.624+0000] {logging_mixin.py:188} INFO - [2025-06-12T19:03:21.623+0000] {dag.py:3823} INFO - Setting next_dagrun for example_xcom_args to None, run_after=None
[2025-06-12T19:03:21.636+0000] {logging_mixin.py:188} INFO - [2025-06-12T19:03:21.635+0000] {dag.py:3823} INFO - Setting next_dagrun for example_xcom_args_with_operators to None, run_after=None
[2025-06-12T19:03:22.052+0000] {processor.py:183} INFO - Processing /home/airflow/.local/lib/python3.8/site-packages/airflow/example_dags/example_xcomargs.py took 0.593 seconds
[2025-06-12T19:03:52.259+0000] {processor.py:161} INFO - Started process (PID=2571) to work on /home/airflow/.local/lib/python3.8/site-packages/airflow/example_dags/example_xcomargs.py
[2025-06-12T19:03:52.263+0000] {processor.py:830} INFO - Processing file /home/airflow/.local/lib/python3.8/site-packages/airflow/example_dags/example_xcomargs.py for tasks to queue
[2025-06-12T19:03:52.267+0000] {logging_mixin.py:188} INFO - [2025-06-12T19:03:52.266+0000] {dagbag.py:538} INFO - Filling up the DagBag from /home/airflow/.local/lib/python3.8/site-packages/airflow/example_dags/example_xcomargs.py
[2025-06-12T19:03:52.299+0000] {processor.py:840} INFO - DAG(s) 'example_xcom_args', 'example_xcom_args_with_operators' retrieved from /home/airflow/.local/lib/python3.8/site-packages/airflow/example_dags/example_xcomargs.py
[2025-06-12T19:03:52.383+0000] {logging_mixin.py:188} INFO - [2025-06-12T19:03:52.383+0000] {dag.py:3036} INFO - Sync 2 DAGs
[2025-06-12T19:03:52.420+0000] {logging_mixin.py:188} INFO - [2025-06-12T19:03:52.420+0000] {dag.py:3823} INFO - Setting next_dagrun for example_xcom_args to None, run_after=None
[2025-06-12T19:03:52.433+0000] {logging_mixin.py:188} INFO - [2025-06-12T19:03:52.432+0000] {dag.py:3823} INFO - Setting next_dagrun for example_xcom_args_with_operators to None, run_after=None
[2025-06-12T19:03:52.488+0000] {processor.py:183} INFO - Processing /home/airflow/.local/lib/python3.8/site-packages/airflow/example_dags/example_xcomargs.py took 0.246 seconds
[2025-06-12T19:04:22.661+0000] {processor.py:161} INFO - Started process (PID=2633) to work on /home/airflow/.local/lib/python3.8/site-packages/airflow/example_dags/example_xcomargs.py
[2025-06-12T19:04:22.664+0000] {processor.py:830} INFO - Processing file /home/airflow/.local/lib/python3.8/site-packages/airflow/example_dags/example_xcomargs.py for tasks to queue
[2025-06-12T19:04:22.668+0000] {logging_mixin.py:188} INFO - [2025-06-12T19:04:22.667+0000] {dagbag.py:538} INFO - Filling up the DagBag from /home/airflow/.local/lib/python3.8/site-packages/airflow/example_dags/example_xcomargs.py
[2025-06-12T19:04:22.696+0000] {processor.py:840} INFO - DAG(s) 'example_xcom_args', 'example_xcom_args_with_operators' retrieved from /home/airflow/.local/lib/python3.8/site-packages/airflow/example_dags/example_xcomargs.py
[2025-06-12T19:04:22.768+0000] {logging_mixin.py:188} INFO - [2025-06-12T19:04:22.767+0000] {dag.py:3036} INFO - Sync 2 DAGs
[2025-06-12T19:04:22.801+0000] {logging_mixin.py:188} INFO - [2025-06-12T19:04:22.800+0000] {dag.py:3823} INFO - Setting next_dagrun for example_xcom_args to None, run_after=None
[2025-06-12T19:04:22.809+0000] {logging_mixin.py:188} INFO - [2025-06-12T19:04:22.809+0000] {dag.py:3823} INFO - Setting next_dagrun for example_xcom_args_with_operators to None, run_after=None
[2025-06-12T19:04:22.858+0000] {processor.py:183} INFO - Processing /home/airflow/.local/lib/python3.8/site-packages/airflow/example_dags/example_xcomargs.py took 0.209 seconds
[2025-06-12T19:04:53.316+0000] {processor.py:161} INFO - Started process (PID=2689) to work on /home/airflow/.local/lib/python3.8/site-packages/airflow/example_dags/example_xcomargs.py
[2025-06-12T19:04:53.320+0000] {processor.py:830} INFO - Processing file /home/airflow/.local/lib/python3.8/site-packages/airflow/example_dags/example_xcomargs.py for tasks to queue
[2025-06-12T19:04:53.324+0000] {logging_mixin.py:188} INFO - [2025-06-12T19:04:53.323+0000] {dagbag.py:538} INFO - Filling up the DagBag from /home/airflow/.local/lib/python3.8/site-packages/airflow/example_dags/example_xcomargs.py
[2025-06-12T19:04:53.354+0000] {processor.py:840} INFO - DAG(s) 'example_xcom_args_with_operators', 'example_xcom_args' retrieved from /home/airflow/.local/lib/python3.8/site-packages/airflow/example_dags/example_xcomargs.py
[2025-06-12T19:04:53.441+0000] {logging_mixin.py:188} INFO - [2025-06-12T19:04:53.440+0000] {dag.py:3036} INFO - Sync 2 DAGs
[2025-06-12T19:04:53.486+0000] {logging_mixin.py:188} INFO - [2025-06-12T19:04:53.485+0000] {dag.py:3823} INFO - Setting next_dagrun for example_xcom_args to None, run_after=None
[2025-06-12T19:04:53.497+0000] {logging_mixin.py:188} INFO - [2025-06-12T19:04:53.496+0000] {dag.py:3823} INFO - Setting next_dagrun for example_xcom_args_with_operators to None, run_after=None
[2025-06-12T19:04:53.557+0000] {processor.py:183} INFO - Processing /home/airflow/.local/lib/python3.8/site-packages/airflow/example_dags/example_xcomargs.py took 0.251 seconds
[2025-06-12T19:05:24.016+0000] {processor.py:161} INFO - Started process (PID=2745) to work on /home/airflow/.local/lib/python3.8/site-packages/airflow/example_dags/example_xcomargs.py
[2025-06-12T19:05:24.020+0000] {processor.py:830} INFO - Processing file /home/airflow/.local/lib/python3.8/site-packages/airflow/example_dags/example_xcomargs.py for tasks to queue
[2025-06-12T19:05:24.025+0000] {logging_mixin.py:188} INFO - [2025-06-12T19:05:24.023+0000] {dagbag.py:538} INFO - Filling up the DagBag from /home/airflow/.local/lib/python3.8/site-packages/airflow/example_dags/example_xcomargs.py
[2025-06-12T19:05:24.070+0000] {processor.py:840} INFO - DAG(s) 'example_xcom_args_with_operators', 'example_xcom_args' retrieved from /home/airflow/.local/lib/python3.8/site-packages/airflow/example_dags/example_xcomargs.py
[2025-06-12T19:05:24.198+0000] {logging_mixin.py:188} INFO - [2025-06-12T19:05:24.197+0000] {dag.py:3036} INFO - Sync 2 DAGs
[2025-06-12T19:05:24.633+0000] {logging_mixin.py:188} INFO - [2025-06-12T19:05:24.633+0000] {dag.py:3823} INFO - Setting next_dagrun for example_xcom_args to None, run_after=None
[2025-06-12T19:05:24.646+0000] {logging_mixin.py:188} INFO - [2025-06-12T19:05:24.645+0000] {dag.py:3823} INFO - Setting next_dagrun for example_xcom_args_with_operators to None, run_after=None
[2025-06-12T19:05:24.701+0000] {processor.py:183} INFO - Processing /home/airflow/.local/lib/python3.8/site-packages/airflow/example_dags/example_xcomargs.py took 0.704 seconds
[2025-06-12T19:05:54.984+0000] {processor.py:161} INFO - Started process (PID=2800) to work on /home/airflow/.local/lib/python3.8/site-packages/airflow/example_dags/example_xcomargs.py
[2025-06-12T19:05:54.988+0000] {processor.py:830} INFO - Processing file /home/airflow/.local/lib/python3.8/site-packages/airflow/example_dags/example_xcomargs.py for tasks to queue
[2025-06-12T19:05:54.992+0000] {logging_mixin.py:188} INFO - [2025-06-12T19:05:54.991+0000] {dagbag.py:538} INFO - Filling up the DagBag from /home/airflow/.local/lib/python3.8/site-packages/airflow/example_dags/example_xcomargs.py
[2025-06-12T19:05:55.016+0000] {processor.py:840} INFO - DAG(s) 'example_xcom_args_with_operators', 'example_xcom_args' retrieved from /home/airflow/.local/lib/python3.8/site-packages/airflow/example_dags/example_xcomargs.py
[2025-06-12T19:05:55.105+0000] {logging_mixin.py:188} INFO - [2025-06-12T19:05:55.104+0000] {dag.py:3036} INFO - Sync 2 DAGs
[2025-06-12T19:05:55.139+0000] {logging_mixin.py:188} INFO - [2025-06-12T19:05:55.139+0000] {dag.py:3823} INFO - Setting next_dagrun for example_xcom_args to None, run_after=None
[2025-06-12T19:05:55.499+0000] {logging_mixin.py:188} INFO - [2025-06-12T19:05:55.498+0000] {dag.py:3823} INFO - Setting next_dagrun for example_xcom_args_with_operators to None, run_after=None
[2025-06-12T19:05:55.546+0000] {processor.py:183} INFO - Processing /home/airflow/.local/lib/python3.8/site-packages/airflow/example_dags/example_xcomargs.py took 0.571 seconds
[2025-06-12T19:06:26.079+0000] {processor.py:161} INFO - Started process (PID=2855) to work on /home/airflow/.local/lib/python3.8/site-packages/airflow/example_dags/example_xcomargs.py
[2025-06-12T19:06:26.082+0000] {processor.py:830} INFO - Processing file /home/airflow/.local/lib/python3.8/site-packages/airflow/example_dags/example_xcomargs.py for tasks to queue
[2025-06-12T19:06:26.085+0000] {logging_mixin.py:188} INFO - [2025-06-12T19:06:26.084+0000] {dagbag.py:538} INFO - Filling up the DagBag from /home/airflow/.local/lib/python3.8/site-packages/airflow/example_dags/example_xcomargs.py
[2025-06-12T19:06:26.126+0000] {processor.py:840} INFO - DAG(s) 'example_xcom_args', 'example_xcom_args_with_operators' retrieved from /home/airflow/.local/lib/python3.8/site-packages/airflow/example_dags/example_xcomargs.py
[2025-06-12T19:06:26.205+0000] {logging_mixin.py:188} INFO - [2025-06-12T19:06:26.204+0000] {dag.py:3036} INFO - Sync 2 DAGs
[2025-06-12T19:06:26.236+0000] {logging_mixin.py:188} INFO - [2025-06-12T19:06:26.235+0000] {dag.py:3823} INFO - Setting next_dagrun for example_xcom_args to None, run_after=None
[2025-06-12T19:06:26.247+0000] {logging_mixin.py:188} INFO - [2025-06-12T19:06:26.246+0000] {dag.py:3823} INFO - Setting next_dagrun for example_xcom_args_with_operators to None, run_after=None
[2025-06-12T19:06:26.625+0000] {processor.py:183} INFO - Processing /home/airflow/.local/lib/python3.8/site-packages/airflow/example_dags/example_xcomargs.py took 0.558 seconds
[2025-06-12T19:06:57.509+0000] {processor.py:161} INFO - Started process (PID=2911) to work on /home/airflow/.local/lib/python3.8/site-packages/airflow/example_dags/example_xcomargs.py
[2025-06-12T19:06:57.512+0000] {processor.py:830} INFO - Processing file /home/airflow/.local/lib/python3.8/site-packages/airflow/example_dags/example_xcomargs.py for tasks to queue
[2025-06-12T19:06:57.518+0000] {logging_mixin.py:188} INFO - [2025-06-12T19:06:57.515+0000] {dagbag.py:538} INFO - Filling up the DagBag from /home/airflow/.local/lib/python3.8/site-packages/airflow/example_dags/example_xcomargs.py
[2025-06-12T19:06:57.569+0000] {processor.py:840} INFO - DAG(s) 'example_xcom_args', 'example_xcom_args_with_operators' retrieved from /home/airflow/.local/lib/python3.8/site-packages/airflow/example_dags/example_xcomargs.py
[2025-06-12T19:06:58.186+0000] {logging_mixin.py:188} INFO - [2025-06-12T19:06:58.165+0000] {dag.py:3036} INFO - Sync 2 DAGs
[2025-06-12T19:06:58.411+0000] {logging_mixin.py:188} INFO - [2025-06-12T19:06:58.386+0000] {dag.py:3823} INFO - Setting next_dagrun for example_xcom_args to None, run_after=None
[2025-06-12T19:06:58.444+0000] {logging_mixin.py:188} INFO - [2025-06-12T19:06:58.440+0000] {dag.py:3823} INFO - Setting next_dagrun for example_xcom_args_with_operators to None, run_after=None
[2025-06-12T19:14:18.460+0000] {processor.py:183} INFO - Processing /home/airflow/.local/lib/python3.8/site-packages/airflow/example_dags/example_xcomargs.py took 440.952 seconds
