[2025-06-12T18:35:15.191+0000] {processor.py:161} INFO - Started process (PID=102) to work on /home/airflow/.local/lib/python3.8/site-packages/airflow/example_dags/example_branch_labels.py
[2025-06-12T18:35:15.193+0000] {processor.py:830} INFO - Processing file /home/airflow/.local/lib/python3.8/site-packages/airflow/example_dags/example_branch_labels.py for tasks to queue
[2025-06-12T18:35:15.197+0000] {logging_mixin.py:188} INFO - [2025-06-12T18:35:15.196+0000] {dagbag.py:538} INFO - Filling up the DagBag from /home/airflow/.local/lib/python3.8/site-packages/airflow/example_dags/example_branch_labels.py
[2025-06-12T18:35:15.215+0000] {processor.py:840} INFO - DAG(s) 'example_branch_labels' retrieved from /home/airflow/.local/lib/python3.8/site-packages/airflow/example_dags/example_branch_labels.py
[2025-06-12T18:35:15.535+0000] {logging_mixin.py:188} INFO - [2025-06-12T18:35:15.535+0000] {dag.py:3036} INFO - Sync 1 DAGs
[2025-06-12T18:35:15.589+0000] {logging_mixin.py:188} INFO - [2025-06-12T18:35:15.589+0000] {dag.py:3823} INFO - Setting next_dagrun for example_branch_labels to 2025-06-11 00:00:00+00:00, run_after=2025-06-12 00:00:00+00:00
[2025-06-12T18:35:15.644+0000] {processor.py:183} INFO - Processing /home/airflow/.local/lib/python3.8/site-packages/airflow/example_dags/example_branch_labels.py took 0.468 seconds
[2025-06-12T18:35:46.079+0000] {processor.py:161} INFO - Started process (PID=157) to work on /home/airflow/.local/lib/python3.8/site-packages/airflow/example_dags/example_branch_labels.py
[2025-06-12T18:35:46.081+0000] {processor.py:830} INFO - Processing file /home/airflow/.local/lib/python3.8/site-packages/airflow/example_dags/example_branch_labels.py for tasks to queue
[2025-06-12T18:35:46.085+0000] {logging_mixin.py:188} INFO - [2025-06-12T18:35:46.084+0000] {dagbag.py:538} INFO - Filling up the DagBag from /home/airflow/.local/lib/python3.8/site-packages/airflow/example_dags/example_branch_labels.py
[2025-06-12T18:35:46.103+0000] {processor.py:840} INFO - DAG(s) 'example_branch_labels' retrieved from /home/airflow/.local/lib/python3.8/site-packages/airflow/example_dags/example_branch_labels.py
[2025-06-12T18:35:46.145+0000] {logging_mixin.py:188} INFO - [2025-06-12T18:35:46.144+0000] {dag.py:3036} INFO - Sync 1 DAGs
[2025-06-12T18:35:46.179+0000] {logging_mixin.py:188} INFO - [2025-06-12T18:35:46.179+0000] {dag.py:3823} INFO - Setting next_dagrun for example_branch_labels to 2025-06-11 00:00:00+00:00, run_after=2025-06-12 00:00:00+00:00
[2025-06-12T18:35:46.214+0000] {processor.py:183} INFO - Processing /home/airflow/.local/lib/python3.8/site-packages/airflow/example_dags/example_branch_labels.py took 0.141 seconds
[2025-06-12T18:36:16.809+0000] {processor.py:161} INFO - Started process (PID=212) to work on /home/airflow/.local/lib/python3.8/site-packages/airflow/example_dags/example_branch_labels.py
[2025-06-12T18:36:16.812+0000] {processor.py:830} INFO - Processing file /home/airflow/.local/lib/python3.8/site-packages/airflow/example_dags/example_branch_labels.py for tasks to queue
[2025-06-12T18:36:16.816+0000] {logging_mixin.py:188} INFO - [2025-06-12T18:36:16.815+0000] {dagbag.py:538} INFO - Filling up the DagBag from /home/airflow/.local/lib/python3.8/site-packages/airflow/example_dags/example_branch_labels.py
[2025-06-12T18:36:16.829+0000] {processor.py:840} INFO - DAG(s) 'example_branch_labels' retrieved from /home/airflow/.local/lib/python3.8/site-packages/airflow/example_dags/example_branch_labels.py
[2025-06-12T18:36:16.852+0000] {logging_mixin.py:188} INFO - [2025-06-12T18:36:16.852+0000] {dag.py:3036} INFO - Sync 1 DAGs
[2025-06-12T18:36:16.889+0000] {logging_mixin.py:188} INFO - [2025-06-12T18:36:16.888+0000] {dag.py:3823} INFO - Setting next_dagrun for example_branch_labels to 2025-06-11 00:00:00+00:00, run_after=2025-06-12 00:00:00+00:00
[2025-06-12T18:36:16.924+0000] {processor.py:183} INFO - Processing /home/airflow/.local/lib/python3.8/site-packages/airflow/example_dags/example_branch_labels.py took 0.119 seconds
[2025-06-12T18:36:47.250+0000] {processor.py:161} INFO - Started process (PID=266) to work on /home/airflow/.local/lib/python3.8/site-packages/airflow/example_dags/example_branch_labels.py
[2025-06-12T18:36:47.253+0000] {processor.py:830} INFO - Processing file /home/airflow/.local/lib/python3.8/site-packages/airflow/example_dags/example_branch_labels.py for tasks to queue
[2025-06-12T18:36:47.258+0000] {logging_mixin.py:188} INFO - [2025-06-12T18:36:47.257+0000] {dagbag.py:538} INFO - Filling up the DagBag from /home/airflow/.local/lib/python3.8/site-packages/airflow/example_dags/example_branch_labels.py
[2025-06-12T18:36:47.276+0000] {processor.py:840} INFO - DAG(s) 'example_branch_labels' retrieved from /home/airflow/.local/lib/python3.8/site-packages/airflow/example_dags/example_branch_labels.py
[2025-06-12T18:36:47.466+0000] {logging_mixin.py:188} INFO - [2025-06-12T18:36:47.466+0000] {dag.py:3036} INFO - Sync 1 DAGs
[2025-06-12T18:36:47.497+0000] {logging_mixin.py:188} INFO - [2025-06-12T18:36:47.497+0000] {dag.py:3823} INFO - Setting next_dagrun for example_branch_labels to 2025-06-11 00:00:00+00:00, run_after=2025-06-12 00:00:00+00:00
[2025-06-12T18:36:47.532+0000] {processor.py:183} INFO - Processing /home/airflow/.local/lib/python3.8/site-packages/airflow/example_dags/example_branch_labels.py took 0.289 seconds
[2025-06-12T18:37:18.560+0000] {processor.py:161} INFO - Started process (PID=320) to work on /home/airflow/.local/lib/python3.8/site-packages/airflow/example_dags/example_branch_labels.py
[2025-06-12T18:37:18.568+0000] {processor.py:830} INFO - Processing file /home/airflow/.local/lib/python3.8/site-packages/airflow/example_dags/example_branch_labels.py for tasks to queue
[2025-06-12T18:37:18.578+0000] {logging_mixin.py:188} INFO - [2025-06-12T18:37:18.577+0000] {dagbag.py:538} INFO - Filling up the DagBag from /home/airflow/.local/lib/python3.8/site-packages/airflow/example_dags/example_branch_labels.py
[2025-06-12T18:37:18.620+0000] {processor.py:840} INFO - DAG(s) 'example_branch_labels' retrieved from /home/airflow/.local/lib/python3.8/site-packages/airflow/example_dags/example_branch_labels.py
[2025-06-12T18:37:18.712+0000] {logging_mixin.py:188} INFO - [2025-06-12T18:37:18.711+0000] {dag.py:3036} INFO - Sync 1 DAGs
[2025-06-12T18:37:18.792+0000] {logging_mixin.py:188} INFO - [2025-06-12T18:37:18.791+0000] {dag.py:3823} INFO - Setting next_dagrun for example_branch_labels to 2025-06-11 00:00:00+00:00, run_after=2025-06-12 00:00:00+00:00
[2025-06-12T18:37:18.847+0000] {processor.py:183} INFO - Processing /home/airflow/.local/lib/python3.8/site-packages/airflow/example_dags/example_branch_labels.py took 0.322 seconds
[2025-06-12T18:37:49.766+0000] {processor.py:161} INFO - Started process (PID=375) to work on /home/airflow/.local/lib/python3.8/site-packages/airflow/example_dags/example_branch_labels.py
[2025-06-12T18:37:49.770+0000] {processor.py:830} INFO - Processing file /home/airflow/.local/lib/python3.8/site-packages/airflow/example_dags/example_branch_labels.py for tasks to queue
[2025-06-12T18:37:49.775+0000] {logging_mixin.py:188} INFO - [2025-06-12T18:37:49.774+0000] {dagbag.py:538} INFO - Filling up the DagBag from /home/airflow/.local/lib/python3.8/site-packages/airflow/example_dags/example_branch_labels.py
[2025-06-12T18:37:49.796+0000] {processor.py:840} INFO - DAG(s) 'example_branch_labels' retrieved from /home/airflow/.local/lib/python3.8/site-packages/airflow/example_dags/example_branch_labels.py
[2025-06-12T18:37:49.854+0000] {logging_mixin.py:188} INFO - [2025-06-12T18:37:49.854+0000] {dag.py:3036} INFO - Sync 1 DAGs
[2025-06-12T18:37:49.904+0000] {logging_mixin.py:188} INFO - [2025-06-12T18:37:49.904+0000] {dag.py:3823} INFO - Setting next_dagrun for example_branch_labels to 2025-06-11 00:00:00+00:00, run_after=2025-06-12 00:00:00+00:00
[2025-06-12T18:37:49.941+0000] {processor.py:183} INFO - Processing /home/airflow/.local/lib/python3.8/site-packages/airflow/example_dags/example_branch_labels.py took 0.183 seconds
[2025-06-12T18:38:20.273+0000] {processor.py:161} INFO - Started process (PID=430) to work on /home/airflow/.local/lib/python3.8/site-packages/airflow/example_dags/example_branch_labels.py
[2025-06-12T18:38:20.277+0000] {processor.py:830} INFO - Processing file /home/airflow/.local/lib/python3.8/site-packages/airflow/example_dags/example_branch_labels.py for tasks to queue
[2025-06-12T18:38:20.288+0000] {logging_mixin.py:188} INFO - [2025-06-12T18:38:20.284+0000] {dagbag.py:538} INFO - Filling up the DagBag from /home/airflow/.local/lib/python3.8/site-packages/airflow/example_dags/example_branch_labels.py
[2025-06-12T18:38:20.353+0000] {processor.py:840} INFO - DAG(s) 'example_branch_labels' retrieved from /home/airflow/.local/lib/python3.8/site-packages/airflow/example_dags/example_branch_labels.py
[2025-06-12T18:38:20.530+0000] {logging_mixin.py:188} INFO - [2025-06-12T18:38:20.530+0000] {dag.py:3036} INFO - Sync 1 DAGs
[2025-06-12T18:38:20.652+0000] {logging_mixin.py:188} INFO - [2025-06-12T18:38:20.651+0000] {dag.py:3823} INFO - Setting next_dagrun for example_branch_labels to 2025-06-11 00:00:00+00:00, run_after=2025-06-12 00:00:00+00:00
[2025-06-12T18:38:20.799+0000] {processor.py:183} INFO - Processing /home/airflow/.local/lib/python3.8/site-packages/airflow/example_dags/example_branch_labels.py took 0.564 seconds
[2025-06-12T18:38:51.802+0000] {processor.py:161} INFO - Started process (PID=485) to work on /home/airflow/.local/lib/python3.8/site-packages/airflow/example_dags/example_branch_labels.py
[2025-06-12T18:38:51.805+0000] {processor.py:830} INFO - Processing file /home/airflow/.local/lib/python3.8/site-packages/airflow/example_dags/example_branch_labels.py for tasks to queue
[2025-06-12T18:38:51.808+0000] {logging_mixin.py:188} INFO - [2025-06-12T18:38:51.808+0000] {dagbag.py:538} INFO - Filling up the DagBag from /home/airflow/.local/lib/python3.8/site-packages/airflow/example_dags/example_branch_labels.py
[2025-06-12T18:38:51.826+0000] {processor.py:840} INFO - DAG(s) 'example_branch_labels' retrieved from /home/airflow/.local/lib/python3.8/site-packages/airflow/example_dags/example_branch_labels.py
[2025-06-12T18:38:51.869+0000] {logging_mixin.py:188} INFO - [2025-06-12T18:38:51.869+0000] {dag.py:3036} INFO - Sync 1 DAGs
[2025-06-12T18:38:51.909+0000] {logging_mixin.py:188} INFO - [2025-06-12T18:38:51.908+0000] {dag.py:3823} INFO - Setting next_dagrun for example_branch_labels to 2025-06-11 00:00:00+00:00, run_after=2025-06-12 00:00:00+00:00
[2025-06-12T18:38:51.951+0000] {processor.py:183} INFO - Processing /home/airflow/.local/lib/python3.8/site-packages/airflow/example_dags/example_branch_labels.py took 0.157 seconds
[2025-06-12T18:39:22.488+0000] {processor.py:161} INFO - Started process (PID=540) to work on /home/airflow/.local/lib/python3.8/site-packages/airflow/example_dags/example_branch_labels.py
[2025-06-12T18:39:22.491+0000] {processor.py:830} INFO - Processing file /home/airflow/.local/lib/python3.8/site-packages/airflow/example_dags/example_branch_labels.py for tasks to queue
[2025-06-12T18:39:22.497+0000] {logging_mixin.py:188} INFO - [2025-06-12T18:39:22.496+0000] {dagbag.py:538} INFO - Filling up the DagBag from /home/airflow/.local/lib/python3.8/site-packages/airflow/example_dags/example_branch_labels.py
[2025-06-12T18:39:22.519+0000] {processor.py:840} INFO - DAG(s) 'example_branch_labels' retrieved from /home/airflow/.local/lib/python3.8/site-packages/airflow/example_dags/example_branch_labels.py
[2025-06-12T18:39:22.547+0000] {logging_mixin.py:188} INFO - [2025-06-12T18:39:22.547+0000] {dag.py:3036} INFO - Sync 1 DAGs
[2025-06-12T18:39:22.589+0000] {logging_mixin.py:188} INFO - [2025-06-12T18:39:22.588+0000] {dag.py:3823} INFO - Setting next_dagrun for example_branch_labels to 2025-06-11 00:00:00+00:00, run_after=2025-06-12 00:00:00+00:00
[2025-06-12T18:39:22.628+0000] {processor.py:183} INFO - Processing /home/airflow/.local/lib/python3.8/site-packages/airflow/example_dags/example_branch_labels.py took 0.147 seconds
[2025-06-12T18:39:52.978+0000] {processor.py:161} INFO - Started process (PID=595) to work on /home/airflow/.local/lib/python3.8/site-packages/airflow/example_dags/example_branch_labels.py
[2025-06-12T18:39:52.982+0000] {processor.py:830} INFO - Processing file /home/airflow/.local/lib/python3.8/site-packages/airflow/example_dags/example_branch_labels.py for tasks to queue
[2025-06-12T18:39:52.986+0000] {logging_mixin.py:188} INFO - [2025-06-12T18:39:52.985+0000] {dagbag.py:538} INFO - Filling up the DagBag from /home/airflow/.local/lib/python3.8/site-packages/airflow/example_dags/example_branch_labels.py
[2025-06-12T18:39:53.003+0000] {processor.py:840} INFO - DAG(s) 'example_branch_labels' retrieved from /home/airflow/.local/lib/python3.8/site-packages/airflow/example_dags/example_branch_labels.py
[2025-06-12T18:39:53.212+0000] {logging_mixin.py:188} INFO - [2025-06-12T18:39:53.211+0000] {dag.py:3036} INFO - Sync 1 DAGs
[2025-06-12T18:39:53.240+0000] {logging_mixin.py:188} INFO - [2025-06-12T18:39:53.240+0000] {dag.py:3823} INFO - Setting next_dagrun for example_branch_labels to 2025-06-11 00:00:00+00:00, run_after=2025-06-12 00:00:00+00:00
[2025-06-12T18:39:53.275+0000] {processor.py:183} INFO - Processing /home/airflow/.local/lib/python3.8/site-packages/airflow/example_dags/example_branch_labels.py took 0.303 seconds
[2025-06-12T18:40:36.682+0000] {processor.py:161} INFO - Started process (PID=650) to work on /home/airflow/.local/lib/python3.8/site-packages/airflow/example_dags/example_branch_labels.py
[2025-06-12T18:40:36.685+0000] {processor.py:830} INFO - Processing file /home/airflow/.local/lib/python3.8/site-packages/airflow/example_dags/example_branch_labels.py for tasks to queue
[2025-06-12T18:40:36.688+0000] {logging_mixin.py:188} INFO - [2025-06-12T18:40:36.688+0000] {dagbag.py:538} INFO - Filling up the DagBag from /home/airflow/.local/lib/python3.8/site-packages/airflow/example_dags/example_branch_labels.py
[2025-06-12T18:40:36.707+0000] {processor.py:840} INFO - DAG(s) 'example_branch_labels' retrieved from /home/airflow/.local/lib/python3.8/site-packages/airflow/example_dags/example_branch_labels.py
[2025-06-12T18:40:36.738+0000] {logging_mixin.py:188} INFO - [2025-06-12T18:40:36.738+0000] {dag.py:3036} INFO - Sync 1 DAGs
[2025-06-12T18:40:36.785+0000] {logging_mixin.py:188} INFO - [2025-06-12T18:40:36.784+0000] {dag.py:3823} INFO - Setting next_dagrun for example_branch_labels to 2025-06-11 00:00:00+00:00, run_after=2025-06-12 00:00:00+00:00
[2025-06-12T18:40:36.847+0000] {processor.py:183} INFO - Processing /home/airflow/.local/lib/python3.8/site-packages/airflow/example_dags/example_branch_labels.py took 0.173 seconds
[2025-06-12T18:46:15.617+0000] {processor.py:161} INFO - Started process (PID=709) to work on /home/airflow/.local/lib/python3.8/site-packages/airflow/example_dags/example_branch_labels.py
[2025-06-12T18:46:15.620+0000] {processor.py:830} INFO - Processing file /home/airflow/.local/lib/python3.8/site-packages/airflow/example_dags/example_branch_labels.py for tasks to queue
[2025-06-12T18:46:15.622+0000] {logging_mixin.py:188} INFO - [2025-06-12T18:46:15.621+0000] {dagbag.py:538} INFO - Filling up the DagBag from /home/airflow/.local/lib/python3.8/site-packages/airflow/example_dags/example_branch_labels.py
[2025-06-12T18:46:15.636+0000] {processor.py:840} INFO - DAG(s) 'example_branch_labels' retrieved from /home/airflow/.local/lib/python3.8/site-packages/airflow/example_dags/example_branch_labels.py
[2025-06-12T18:46:15.826+0000] {logging_mixin.py:188} INFO - [2025-06-12T18:46:15.825+0000] {dag.py:3036} INFO - Sync 1 DAGs
[2025-06-12T18:46:15.855+0000] {logging_mixin.py:188} INFO - [2025-06-12T18:46:15.855+0000] {dag.py:3823} INFO - Setting next_dagrun for example_branch_labels to 2025-06-11 00:00:00+00:00, run_after=2025-06-12 00:00:00+00:00
[2025-06-12T18:46:15.890+0000] {processor.py:183} INFO - Processing /home/airflow/.local/lib/python3.8/site-packages/airflow/example_dags/example_branch_labels.py took 0.279 seconds
[2025-06-12T18:46:46.204+0000] {processor.py:161} INFO - Started process (PID=765) to work on /home/airflow/.local/lib/python3.8/site-packages/airflow/example_dags/example_branch_labels.py
[2025-06-12T18:46:46.208+0000] {processor.py:830} INFO - Processing file /home/airflow/.local/lib/python3.8/site-packages/airflow/example_dags/example_branch_labels.py for tasks to queue
[2025-06-12T18:46:46.212+0000] {logging_mixin.py:188} INFO - [2025-06-12T18:46:46.211+0000] {dagbag.py:538} INFO - Filling up the DagBag from /home/airflow/.local/lib/python3.8/site-packages/airflow/example_dags/example_branch_labels.py
[2025-06-12T18:46:46.244+0000] {processor.py:840} INFO - DAG(s) 'example_branch_labels' retrieved from /home/airflow/.local/lib/python3.8/site-packages/airflow/example_dags/example_branch_labels.py
[2025-06-12T18:46:46.331+0000] {logging_mixin.py:188} INFO - [2025-06-12T18:46:46.330+0000] {dag.py:3036} INFO - Sync 1 DAGs
[2025-06-12T18:46:46.437+0000] {logging_mixin.py:188} INFO - [2025-06-12T18:46:46.434+0000] {dag.py:3823} INFO - Setting next_dagrun for example_branch_labels to 2025-06-11 00:00:00+00:00, run_after=2025-06-12 00:00:00+00:00
[2025-06-12T18:46:46.518+0000] {processor.py:183} INFO - Processing /home/airflow/.local/lib/python3.8/site-packages/airflow/example_dags/example_branch_labels.py took 0.330 seconds
[2025-06-12T18:47:16.741+0000] {processor.py:161} INFO - Started process (PID=820) to work on /home/airflow/.local/lib/python3.8/site-packages/airflow/example_dags/example_branch_labels.py
[2025-06-12T18:47:16.744+0000] {processor.py:830} INFO - Processing file /home/airflow/.local/lib/python3.8/site-packages/airflow/example_dags/example_branch_labels.py for tasks to queue
[2025-06-12T18:47:16.746+0000] {logging_mixin.py:188} INFO - [2025-06-12T18:47:16.745+0000] {dagbag.py:538} INFO - Filling up the DagBag from /home/airflow/.local/lib/python3.8/site-packages/airflow/example_dags/example_branch_labels.py
[2025-06-12T18:47:16.760+0000] {processor.py:840} INFO - DAG(s) 'example_branch_labels' retrieved from /home/airflow/.local/lib/python3.8/site-packages/airflow/example_dags/example_branch_labels.py
[2025-06-12T18:47:16.801+0000] {logging_mixin.py:188} INFO - [2025-06-12T18:47:16.800+0000] {dag.py:3036} INFO - Sync 1 DAGs
[2025-06-12T18:47:16.834+0000] {logging_mixin.py:188} INFO - [2025-06-12T18:47:16.834+0000] {dag.py:3823} INFO - Setting next_dagrun for example_branch_labels to 2025-06-11 00:00:00+00:00, run_after=2025-06-12 00:00:00+00:00
[2025-06-12T18:47:16.867+0000] {processor.py:183} INFO - Processing /home/airflow/.local/lib/python3.8/site-packages/airflow/example_dags/example_branch_labels.py took 0.132 seconds
[2025-06-12T18:47:47.721+0000] {processor.py:161} INFO - Started process (PID=875) to work on /home/airflow/.local/lib/python3.8/site-packages/airflow/example_dags/example_branch_labels.py
[2025-06-12T18:47:47.723+0000] {processor.py:830} INFO - Processing file /home/airflow/.local/lib/python3.8/site-packages/airflow/example_dags/example_branch_labels.py for tasks to queue
[2025-06-12T18:47:47.725+0000] {logging_mixin.py:188} INFO - [2025-06-12T18:47:47.724+0000] {dagbag.py:538} INFO - Filling up the DagBag from /home/airflow/.local/lib/python3.8/site-packages/airflow/example_dags/example_branch_labels.py
[2025-06-12T18:47:47.741+0000] {processor.py:840} INFO - DAG(s) 'example_branch_labels' retrieved from /home/airflow/.local/lib/python3.8/site-packages/airflow/example_dags/example_branch_labels.py
[2025-06-12T18:47:47.781+0000] {logging_mixin.py:188} INFO - [2025-06-12T18:47:47.781+0000] {dag.py:3036} INFO - Sync 1 DAGs
[2025-06-12T18:47:47.817+0000] {logging_mixin.py:188} INFO - [2025-06-12T18:47:47.816+0000] {dag.py:3823} INFO - Setting next_dagrun for example_branch_labels to 2025-06-11 00:00:00+00:00, run_after=2025-06-12 00:00:00+00:00
[2025-06-12T18:47:47.849+0000] {processor.py:183} INFO - Processing /home/airflow/.local/lib/python3.8/site-packages/airflow/example_dags/example_branch_labels.py took 0.135 seconds
[2025-06-12T18:48:20.007+0000] {processor.py:161} INFO - Started process (PID=928) to work on /home/airflow/.local/lib/python3.8/site-packages/airflow/example_dags/example_branch_labels.py
[2025-06-12T18:48:20.010+0000] {processor.py:830} INFO - Processing file /home/airflow/.local/lib/python3.8/site-packages/airflow/example_dags/example_branch_labels.py for tasks to queue
[2025-06-12T18:48:20.013+0000] {logging_mixin.py:188} INFO - [2025-06-12T18:48:20.013+0000] {dagbag.py:538} INFO - Filling up the DagBag from /home/airflow/.local/lib/python3.8/site-packages/airflow/example_dags/example_branch_labels.py
[2025-06-12T18:48:20.033+0000] {processor.py:840} INFO - DAG(s) 'example_branch_labels' retrieved from /home/airflow/.local/lib/python3.8/site-packages/airflow/example_dags/example_branch_labels.py
[2025-06-12T18:48:20.090+0000] {logging_mixin.py:188} INFO - [2025-06-12T18:48:20.090+0000] {dag.py:3036} INFO - Sync 1 DAGs
[2025-06-12T18:48:20.134+0000] {logging_mixin.py:188} INFO - [2025-06-12T18:48:20.134+0000] {dag.py:3823} INFO - Setting next_dagrun for example_branch_labels to 2025-06-11 00:00:00+00:00, run_after=2025-06-12 00:00:00+00:00
[2025-06-12T18:48:20.178+0000] {processor.py:183} INFO - Processing /home/airflow/.local/lib/python3.8/site-packages/airflow/example_dags/example_branch_labels.py took 0.180 seconds
[2025-06-12T18:48:50.447+0000] {processor.py:161} INFO - Started process (PID=983) to work on /home/airflow/.local/lib/python3.8/site-packages/airflow/example_dags/example_branch_labels.py
[2025-06-12T18:48:50.450+0000] {processor.py:830} INFO - Processing file /home/airflow/.local/lib/python3.8/site-packages/airflow/example_dags/example_branch_labels.py for tasks to queue
[2025-06-12T18:48:50.453+0000] {logging_mixin.py:188} INFO - [2025-06-12T18:48:50.452+0000] {dagbag.py:538} INFO - Filling up the DagBag from /home/airflow/.local/lib/python3.8/site-packages/airflow/example_dags/example_branch_labels.py
[2025-06-12T18:48:50.469+0000] {processor.py:840} INFO - DAG(s) 'example_branch_labels' retrieved from /home/airflow/.local/lib/python3.8/site-packages/airflow/example_dags/example_branch_labels.py
[2025-06-12T18:48:50.512+0000] {logging_mixin.py:188} INFO - [2025-06-12T18:48:50.511+0000] {dag.py:3036} INFO - Sync 1 DAGs
[2025-06-12T18:48:50.546+0000] {logging_mixin.py:188} INFO - [2025-06-12T18:48:50.546+0000] {dag.py:3823} INFO - Setting next_dagrun for example_branch_labels to 2025-06-11 00:00:00+00:00, run_after=2025-06-12 00:00:00+00:00
[2025-06-12T18:48:50.578+0000] {processor.py:183} INFO - Processing /home/airflow/.local/lib/python3.8/site-packages/airflow/example_dags/example_branch_labels.py took 0.139 seconds
[2025-06-12T18:49:20.925+0000] {processor.py:161} INFO - Started process (PID=1038) to work on /home/airflow/.local/lib/python3.8/site-packages/airflow/example_dags/example_branch_labels.py
[2025-06-12T18:49:20.927+0000] {processor.py:830} INFO - Processing file /home/airflow/.local/lib/python3.8/site-packages/airflow/example_dags/example_branch_labels.py for tasks to queue
[2025-06-12T18:49:20.929+0000] {logging_mixin.py:188} INFO - [2025-06-12T18:49:20.929+0000] {dagbag.py:538} INFO - Filling up the DagBag from /home/airflow/.local/lib/python3.8/site-packages/airflow/example_dags/example_branch_labels.py
[2025-06-12T18:49:20.942+0000] {processor.py:840} INFO - DAG(s) 'example_branch_labels' retrieved from /home/airflow/.local/lib/python3.8/site-packages/airflow/example_dags/example_branch_labels.py
[2025-06-12T18:49:20.981+0000] {logging_mixin.py:188} INFO - [2025-06-12T18:49:20.980+0000] {dag.py:3036} INFO - Sync 1 DAGs
[2025-06-12T18:49:21.017+0000] {logging_mixin.py:188} INFO - [2025-06-12T18:49:21.016+0000] {dag.py:3823} INFO - Setting next_dagrun for example_branch_labels to 2025-06-11 00:00:00+00:00, run_after=2025-06-12 00:00:00+00:00
[2025-06-12T18:49:21.050+0000] {processor.py:183} INFO - Processing /home/airflow/.local/lib/python3.8/site-packages/airflow/example_dags/example_branch_labels.py took 0.132 seconds
[2025-06-12T18:49:52.153+0000] {processor.py:161} INFO - Started process (PID=1093) to work on /home/airflow/.local/lib/python3.8/site-packages/airflow/example_dags/example_branch_labels.py
[2025-06-12T18:49:52.155+0000] {processor.py:830} INFO - Processing file /home/airflow/.local/lib/python3.8/site-packages/airflow/example_dags/example_branch_labels.py for tasks to queue
[2025-06-12T18:49:52.157+0000] {logging_mixin.py:188} INFO - [2025-06-12T18:49:52.157+0000] {dagbag.py:538} INFO - Filling up the DagBag from /home/airflow/.local/lib/python3.8/site-packages/airflow/example_dags/example_branch_labels.py
[2025-06-12T18:49:52.175+0000] {processor.py:840} INFO - DAG(s) 'example_branch_labels' retrieved from /home/airflow/.local/lib/python3.8/site-packages/airflow/example_dags/example_branch_labels.py
[2025-06-12T18:49:52.230+0000] {logging_mixin.py:188} INFO - [2025-06-12T18:49:52.229+0000] {dag.py:3036} INFO - Sync 1 DAGs
[2025-06-12T18:49:52.268+0000] {logging_mixin.py:188} INFO - [2025-06-12T18:49:52.268+0000] {dag.py:3823} INFO - Setting next_dagrun for example_branch_labels to 2025-06-11 00:00:00+00:00, run_after=2025-06-12 00:00:00+00:00
[2025-06-12T18:49:52.306+0000] {processor.py:183} INFO - Processing /home/airflow/.local/lib/python3.8/site-packages/airflow/example_dags/example_branch_labels.py took 0.159 seconds
[2025-06-12T18:50:22.499+0000] {processor.py:161} INFO - Started process (PID=1148) to work on /home/airflow/.local/lib/python3.8/site-packages/airflow/example_dags/example_branch_labels.py
[2025-06-12T18:50:22.501+0000] {processor.py:830} INFO - Processing file /home/airflow/.local/lib/python3.8/site-packages/airflow/example_dags/example_branch_labels.py for tasks to queue
[2025-06-12T18:50:22.503+0000] {logging_mixin.py:188} INFO - [2025-06-12T18:50:22.503+0000] {dagbag.py:538} INFO - Filling up the DagBag from /home/airflow/.local/lib/python3.8/site-packages/airflow/example_dags/example_branch_labels.py
[2025-06-12T18:50:22.516+0000] {processor.py:840} INFO - DAG(s) 'example_branch_labels' retrieved from /home/airflow/.local/lib/python3.8/site-packages/airflow/example_dags/example_branch_labels.py
[2025-06-12T18:50:22.557+0000] {logging_mixin.py:188} INFO - [2025-06-12T18:50:22.557+0000] {dag.py:3036} INFO - Sync 1 DAGs
[2025-06-12T18:50:22.590+0000] {logging_mixin.py:188} INFO - [2025-06-12T18:50:22.589+0000] {dag.py:3823} INFO - Setting next_dagrun for example_branch_labels to 2025-06-11 00:00:00+00:00, run_after=2025-06-12 00:00:00+00:00
[2025-06-12T18:50:22.620+0000] {processor.py:183} INFO - Processing /home/airflow/.local/lib/python3.8/site-packages/airflow/example_dags/example_branch_labels.py took 0.126 seconds
[2025-06-12T18:50:53.109+0000] {processor.py:161} INFO - Started process (PID=1204) to work on /home/airflow/.local/lib/python3.8/site-packages/airflow/example_dags/example_branch_labels.py
[2025-06-12T18:50:53.112+0000] {processor.py:830} INFO - Processing file /home/airflow/.local/lib/python3.8/site-packages/airflow/example_dags/example_branch_labels.py for tasks to queue
[2025-06-12T18:50:53.113+0000] {logging_mixin.py:188} INFO - [2025-06-12T18:50:53.113+0000] {dagbag.py:538} INFO - Filling up the DagBag from /home/airflow/.local/lib/python3.8/site-packages/airflow/example_dags/example_branch_labels.py
[2025-06-12T18:50:53.126+0000] {processor.py:840} INFO - DAG(s) 'example_branch_labels' retrieved from /home/airflow/.local/lib/python3.8/site-packages/airflow/example_dags/example_branch_labels.py
[2025-06-12T18:50:53.162+0000] {logging_mixin.py:188} INFO - [2025-06-12T18:50:53.161+0000] {dag.py:3036} INFO - Sync 1 DAGs
[2025-06-12T18:50:53.192+0000] {logging_mixin.py:188} INFO - [2025-06-12T18:50:53.191+0000] {dag.py:3823} INFO - Setting next_dagrun for example_branch_labels to 2025-06-11 00:00:00+00:00, run_after=2025-06-12 00:00:00+00:00
[2025-06-12T18:50:53.221+0000] {processor.py:183} INFO - Processing /home/airflow/.local/lib/python3.8/site-packages/airflow/example_dags/example_branch_labels.py took 0.117 seconds
[2025-06-12T18:51:23.762+0000] {processor.py:161} INFO - Started process (PID=1259) to work on /home/airflow/.local/lib/python3.8/site-packages/airflow/example_dags/example_branch_labels.py
[2025-06-12T18:51:23.764+0000] {processor.py:830} INFO - Processing file /home/airflow/.local/lib/python3.8/site-packages/airflow/example_dags/example_branch_labels.py for tasks to queue
[2025-06-12T18:51:23.766+0000] {logging_mixin.py:188} INFO - [2025-06-12T18:51:23.766+0000] {dagbag.py:538} INFO - Filling up the DagBag from /home/airflow/.local/lib/python3.8/site-packages/airflow/example_dags/example_branch_labels.py
[2025-06-12T18:51:23.779+0000] {processor.py:840} INFO - DAG(s) 'example_branch_labels' retrieved from /home/airflow/.local/lib/python3.8/site-packages/airflow/example_dags/example_branch_labels.py
[2025-06-12T18:51:23.817+0000] {logging_mixin.py:188} INFO - [2025-06-12T18:51:23.817+0000] {dag.py:3036} INFO - Sync 1 DAGs
[2025-06-12T18:51:23.864+0000] {logging_mixin.py:188} INFO - [2025-06-12T18:51:23.863+0000] {dag.py:3823} INFO - Setting next_dagrun for example_branch_labels to 2025-06-11 00:00:00+00:00, run_after=2025-06-12 00:00:00+00:00
[2025-06-12T18:51:23.915+0000] {processor.py:183} INFO - Processing /home/airflow/.local/lib/python3.8/site-packages/airflow/example_dags/example_branch_labels.py took 0.159 seconds
[2025-06-12T18:51:54.413+0000] {processor.py:161} INFO - Started process (PID=1314) to work on /home/airflow/.local/lib/python3.8/site-packages/airflow/example_dags/example_branch_labels.py
[2025-06-12T18:51:54.415+0000] {processor.py:830} INFO - Processing file /home/airflow/.local/lib/python3.8/site-packages/airflow/example_dags/example_branch_labels.py for tasks to queue
[2025-06-12T18:51:54.417+0000] {logging_mixin.py:188} INFO - [2025-06-12T18:51:54.417+0000] {dagbag.py:538} INFO - Filling up the DagBag from /home/airflow/.local/lib/python3.8/site-packages/airflow/example_dags/example_branch_labels.py
[2025-06-12T18:51:54.430+0000] {processor.py:840} INFO - DAG(s) 'example_branch_labels' retrieved from /home/airflow/.local/lib/python3.8/site-packages/airflow/example_dags/example_branch_labels.py
[2025-06-12T18:51:54.467+0000] {logging_mixin.py:188} INFO - [2025-06-12T18:51:54.466+0000] {dag.py:3036} INFO - Sync 1 DAGs
[2025-06-12T18:51:54.499+0000] {logging_mixin.py:188} INFO - [2025-06-12T18:51:54.498+0000] {dag.py:3823} INFO - Setting next_dagrun for example_branch_labels to 2025-06-11 00:00:00+00:00, run_after=2025-06-12 00:00:00+00:00
[2025-06-12T18:51:54.529+0000] {processor.py:183} INFO - Processing /home/airflow/.local/lib/python3.8/site-packages/airflow/example_dags/example_branch_labels.py took 0.121 seconds
[2025-06-12T18:52:26.102+0000] {processor.py:161} INFO - Started process (PID=1370) to work on /home/airflow/.local/lib/python3.8/site-packages/airflow/example_dags/example_branch_labels.py
[2025-06-12T18:52:26.104+0000] {processor.py:830} INFO - Processing file /home/airflow/.local/lib/python3.8/site-packages/airflow/example_dags/example_branch_labels.py for tasks to queue
[2025-06-12T18:52:26.106+0000] {logging_mixin.py:188} INFO - [2025-06-12T18:52:26.105+0000] {dagbag.py:538} INFO - Filling up the DagBag from /home/airflow/.local/lib/python3.8/site-packages/airflow/example_dags/example_branch_labels.py
[2025-06-12T18:52:26.119+0000] {processor.py:840} INFO - DAG(s) 'example_branch_labels' retrieved from /home/airflow/.local/lib/python3.8/site-packages/airflow/example_dags/example_branch_labels.py
[2025-06-12T18:52:26.157+0000] {logging_mixin.py:188} INFO - [2025-06-12T18:52:26.157+0000] {dag.py:3036} INFO - Sync 1 DAGs
[2025-06-12T18:52:26.198+0000] {logging_mixin.py:188} INFO - [2025-06-12T18:52:26.197+0000] {dag.py:3823} INFO - Setting next_dagrun for example_branch_labels to 2025-06-11 00:00:00+00:00, run_after=2025-06-12 00:00:00+00:00
[2025-06-12T18:52:26.237+0000] {processor.py:183} INFO - Processing /home/airflow/.local/lib/python3.8/site-packages/airflow/example_dags/example_branch_labels.py took 0.143 seconds
[2025-06-12T18:52:57.227+0000] {processor.py:161} INFO - Started process (PID=1425) to work on /home/airflow/.local/lib/python3.8/site-packages/airflow/example_dags/example_branch_labels.py
[2025-06-12T18:52:57.230+0000] {processor.py:830} INFO - Processing file /home/airflow/.local/lib/python3.8/site-packages/airflow/example_dags/example_branch_labels.py for tasks to queue
[2025-06-12T18:52:57.233+0000] {logging_mixin.py:188} INFO - [2025-06-12T18:52:57.232+0000] {dagbag.py:538} INFO - Filling up the DagBag from /home/airflow/.local/lib/python3.8/site-packages/airflow/example_dags/example_branch_labels.py
[2025-06-12T18:52:57.286+0000] {processor.py:840} INFO - DAG(s) 'example_branch_labels' retrieved from /home/airflow/.local/lib/python3.8/site-packages/airflow/example_dags/example_branch_labels.py
[2025-06-12T18:52:57.378+0000] {logging_mixin.py:188} INFO - [2025-06-12T18:52:57.377+0000] {dag.py:3036} INFO - Sync 1 DAGs
[2025-06-12T18:52:57.447+0000] {logging_mixin.py:188} INFO - [2025-06-12T18:52:57.446+0000] {dag.py:3823} INFO - Setting next_dagrun for example_branch_labels to 2025-06-11 00:00:00+00:00, run_after=2025-06-12 00:00:00+00:00
[2025-06-12T18:52:57.511+0000] {processor.py:183} INFO - Processing /home/airflow/.local/lib/python3.8/site-packages/airflow/example_dags/example_branch_labels.py took 0.293 seconds
[2025-06-12T18:53:28.264+0000] {processor.py:161} INFO - Started process (PID=1480) to work on /home/airflow/.local/lib/python3.8/site-packages/airflow/example_dags/example_branch_labels.py
[2025-06-12T18:53:28.266+0000] {processor.py:830} INFO - Processing file /home/airflow/.local/lib/python3.8/site-packages/airflow/example_dags/example_branch_labels.py for tasks to queue
[2025-06-12T18:53:28.268+0000] {logging_mixin.py:188} INFO - [2025-06-12T18:53:28.268+0000] {dagbag.py:538} INFO - Filling up the DagBag from /home/airflow/.local/lib/python3.8/site-packages/airflow/example_dags/example_branch_labels.py
[2025-06-12T18:53:28.286+0000] {processor.py:840} INFO - DAG(s) 'example_branch_labels' retrieved from /home/airflow/.local/lib/python3.8/site-packages/airflow/example_dags/example_branch_labels.py
[2025-06-12T18:53:28.339+0000] {logging_mixin.py:188} INFO - [2025-06-12T18:53:28.338+0000] {dag.py:3036} INFO - Sync 1 DAGs
[2025-06-12T18:53:28.372+0000] {logging_mixin.py:188} INFO - [2025-06-12T18:53:28.371+0000] {dag.py:3823} INFO - Setting next_dagrun for example_branch_labels to 2025-06-11 00:00:00+00:00, run_after=2025-06-12 00:00:00+00:00
[2025-06-12T18:53:28.403+0000] {processor.py:183} INFO - Processing /home/airflow/.local/lib/python3.8/site-packages/airflow/example_dags/example_branch_labels.py took 0.144 seconds
[2025-06-12T18:53:58.565+0000] {processor.py:161} INFO - Started process (PID=1536) to work on /home/airflow/.local/lib/python3.8/site-packages/airflow/example_dags/example_branch_labels.py
[2025-06-12T18:53:58.567+0000] {processor.py:830} INFO - Processing file /home/airflow/.local/lib/python3.8/site-packages/airflow/example_dags/example_branch_labels.py for tasks to queue
[2025-06-12T18:53:58.569+0000] {logging_mixin.py:188} INFO - [2025-06-12T18:53:58.568+0000] {dagbag.py:538} INFO - Filling up the DagBag from /home/airflow/.local/lib/python3.8/site-packages/airflow/example_dags/example_branch_labels.py
[2025-06-12T18:53:58.582+0000] {processor.py:840} INFO - DAG(s) 'example_branch_labels' retrieved from /home/airflow/.local/lib/python3.8/site-packages/airflow/example_dags/example_branch_labels.py
[2025-06-12T18:53:58.624+0000] {logging_mixin.py:188} INFO - [2025-06-12T18:53:58.623+0000] {dag.py:3036} INFO - Sync 1 DAGs
[2025-06-12T18:53:58.658+0000] {logging_mixin.py:188} INFO - [2025-06-12T18:53:58.657+0000] {dag.py:3823} INFO - Setting next_dagrun for example_branch_labels to 2025-06-11 00:00:00+00:00, run_after=2025-06-12 00:00:00+00:00
[2025-06-12T18:53:58.694+0000] {processor.py:183} INFO - Processing /home/airflow/.local/lib/python3.8/site-packages/airflow/example_dags/example_branch_labels.py took 0.134 seconds
[2025-06-12T18:54:29.236+0000] {processor.py:161} INFO - Started process (PID=1590) to work on /home/airflow/.local/lib/python3.8/site-packages/airflow/example_dags/example_branch_labels.py
[2025-06-12T18:54:29.238+0000] {processor.py:830} INFO - Processing file /home/airflow/.local/lib/python3.8/site-packages/airflow/example_dags/example_branch_labels.py for tasks to queue
[2025-06-12T18:54:29.240+0000] {logging_mixin.py:188} INFO - [2025-06-12T18:54:29.240+0000] {dagbag.py:538} INFO - Filling up the DagBag from /home/airflow/.local/lib/python3.8/site-packages/airflow/example_dags/example_branch_labels.py
[2025-06-12T18:54:29.272+0000] {processor.py:840} INFO - DAG(s) 'example_branch_labels' retrieved from /home/airflow/.local/lib/python3.8/site-packages/airflow/example_dags/example_branch_labels.py
[2025-06-12T18:54:29.314+0000] {logging_mixin.py:188} INFO - [2025-06-12T18:54:29.313+0000] {dag.py:3036} INFO - Sync 1 DAGs
[2025-06-12T18:54:29.345+0000] {logging_mixin.py:188} INFO - [2025-06-12T18:54:29.345+0000] {dag.py:3823} INFO - Setting next_dagrun for example_branch_labels to 2025-06-11 00:00:00+00:00, run_after=2025-06-12 00:00:00+00:00
[2025-06-12T18:54:29.375+0000] {processor.py:183} INFO - Processing /home/airflow/.local/lib/python3.8/site-packages/airflow/example_dags/example_branch_labels.py took 0.143 seconds
[2025-06-12T18:54:59.802+0000] {processor.py:161} INFO - Started process (PID=1645) to work on /home/airflow/.local/lib/python3.8/site-packages/airflow/example_dags/example_branch_labels.py
[2025-06-12T18:54:59.806+0000] {processor.py:830} INFO - Processing file /home/airflow/.local/lib/python3.8/site-packages/airflow/example_dags/example_branch_labels.py for tasks to queue
[2025-06-12T18:54:59.809+0000] {logging_mixin.py:188} INFO - [2025-06-12T18:54:59.808+0000] {dagbag.py:538} INFO - Filling up the DagBag from /home/airflow/.local/lib/python3.8/site-packages/airflow/example_dags/example_branch_labels.py
[2025-06-12T18:54:59.828+0000] {processor.py:840} INFO - DAG(s) 'example_branch_labels' retrieved from /home/airflow/.local/lib/python3.8/site-packages/airflow/example_dags/example_branch_labels.py
[2025-06-12T18:54:59.932+0000] {logging_mixin.py:188} INFO - [2025-06-12T18:54:59.931+0000] {dag.py:3036} INFO - Sync 1 DAGs
[2025-06-12T18:54:59.982+0000] {logging_mixin.py:188} INFO - [2025-06-12T18:54:59.981+0000] {dag.py:3823} INFO - Setting next_dagrun for example_branch_labels to 2025-06-11 00:00:00+00:00, run_after=2025-06-12 00:00:00+00:00
[2025-06-12T18:55:00.040+0000] {processor.py:183} INFO - Processing /home/airflow/.local/lib/python3.8/site-packages/airflow/example_dags/example_branch_labels.py took 0.244 seconds
[2025-06-12T18:55:30.310+0000] {processor.py:161} INFO - Started process (PID=1700) to work on /home/airflow/.local/lib/python3.8/site-packages/airflow/example_dags/example_branch_labels.py
[2025-06-12T18:55:30.312+0000] {processor.py:830} INFO - Processing file /home/airflow/.local/lib/python3.8/site-packages/airflow/example_dags/example_branch_labels.py for tasks to queue
[2025-06-12T18:55:30.314+0000] {logging_mixin.py:188} INFO - [2025-06-12T18:55:30.314+0000] {dagbag.py:538} INFO - Filling up the DagBag from /home/airflow/.local/lib/python3.8/site-packages/airflow/example_dags/example_branch_labels.py
[2025-06-12T18:55:30.327+0000] {processor.py:840} INFO - DAG(s) 'example_branch_labels' retrieved from /home/airflow/.local/lib/python3.8/site-packages/airflow/example_dags/example_branch_labels.py
[2025-06-12T18:55:30.364+0000] {logging_mixin.py:188} INFO - [2025-06-12T18:55:30.363+0000] {dag.py:3036} INFO - Sync 1 DAGs
[2025-06-12T18:55:30.395+0000] {logging_mixin.py:188} INFO - [2025-06-12T18:55:30.395+0000] {dag.py:3823} INFO - Setting next_dagrun for example_branch_labels to 2025-06-11 00:00:00+00:00, run_after=2025-06-12 00:00:00+00:00
[2025-06-12T18:55:30.427+0000] {processor.py:183} INFO - Processing /home/airflow/.local/lib/python3.8/site-packages/airflow/example_dags/example_branch_labels.py took 0.122 seconds
[2025-06-12T18:56:00.668+0000] {processor.py:161} INFO - Started process (PID=1755) to work on /home/airflow/.local/lib/python3.8/site-packages/airflow/example_dags/example_branch_labels.py
[2025-06-12T18:56:00.670+0000] {processor.py:830} INFO - Processing file /home/airflow/.local/lib/python3.8/site-packages/airflow/example_dags/example_branch_labels.py for tasks to queue
[2025-06-12T18:56:00.672+0000] {logging_mixin.py:188} INFO - [2025-06-12T18:56:00.671+0000] {dagbag.py:538} INFO - Filling up the DagBag from /home/airflow/.local/lib/python3.8/site-packages/airflow/example_dags/example_branch_labels.py
[2025-06-12T18:56:00.686+0000] {processor.py:840} INFO - DAG(s) 'example_branch_labels' retrieved from /home/airflow/.local/lib/python3.8/site-packages/airflow/example_dags/example_branch_labels.py
[2025-06-12T18:56:00.725+0000] {logging_mixin.py:188} INFO - [2025-06-12T18:56:00.725+0000] {dag.py:3036} INFO - Sync 1 DAGs
[2025-06-12T18:56:00.758+0000] {logging_mixin.py:188} INFO - [2025-06-12T18:56:00.758+0000] {dag.py:3823} INFO - Setting next_dagrun for example_branch_labels to 2025-06-11 00:00:00+00:00, run_after=2025-06-12 00:00:00+00:00
[2025-06-12T18:56:00.789+0000] {processor.py:183} INFO - Processing /home/airflow/.local/lib/python3.8/site-packages/airflow/example_dags/example_branch_labels.py took 0.126 seconds
[2025-06-12T18:56:31.544+0000] {processor.py:161} INFO - Started process (PID=1810) to work on /home/airflow/.local/lib/python3.8/site-packages/airflow/example_dags/example_branch_labels.py
[2025-06-12T18:56:31.546+0000] {processor.py:830} INFO - Processing file /home/airflow/.local/lib/python3.8/site-packages/airflow/example_dags/example_branch_labels.py for tasks to queue
[2025-06-12T18:56:31.548+0000] {logging_mixin.py:188} INFO - [2025-06-12T18:56:31.548+0000] {dagbag.py:538} INFO - Filling up the DagBag from /home/airflow/.local/lib/python3.8/site-packages/airflow/example_dags/example_branch_labels.py
[2025-06-12T18:56:31.564+0000] {processor.py:840} INFO - DAG(s) 'example_branch_labels' retrieved from /home/airflow/.local/lib/python3.8/site-packages/airflow/example_dags/example_branch_labels.py
[2025-06-12T18:56:31.612+0000] {logging_mixin.py:188} INFO - [2025-06-12T18:56:31.611+0000] {dag.py:3036} INFO - Sync 1 DAGs
[2025-06-12T18:56:31.673+0000] {logging_mixin.py:188} INFO - [2025-06-12T18:56:31.673+0000] {dag.py:3823} INFO - Setting next_dagrun for example_branch_labels to 2025-06-11 00:00:00+00:00, run_after=2025-06-12 00:00:00+00:00
[2025-06-12T18:56:31.751+0000] {processor.py:183} INFO - Processing /home/airflow/.local/lib/python3.8/site-packages/airflow/example_dags/example_branch_labels.py took 0.211 seconds
[2025-06-12T18:57:02.005+0000] {processor.py:161} INFO - Started process (PID=1865) to work on /home/airflow/.local/lib/python3.8/site-packages/airflow/example_dags/example_branch_labels.py
[2025-06-12T18:57:02.007+0000] {processor.py:830} INFO - Processing file /home/airflow/.local/lib/python3.8/site-packages/airflow/example_dags/example_branch_labels.py for tasks to queue
[2025-06-12T18:57:02.010+0000] {logging_mixin.py:188} INFO - [2025-06-12T18:57:02.009+0000] {dagbag.py:538} INFO - Filling up the DagBag from /home/airflow/.local/lib/python3.8/site-packages/airflow/example_dags/example_branch_labels.py
[2025-06-12T18:57:02.026+0000] {processor.py:840} INFO - DAG(s) 'example_branch_labels' retrieved from /home/airflow/.local/lib/python3.8/site-packages/airflow/example_dags/example_branch_labels.py
[2025-06-12T18:57:02.069+0000] {logging_mixin.py:188} INFO - [2025-06-12T18:57:02.068+0000] {dag.py:3036} INFO - Sync 1 DAGs
[2025-06-12T18:57:02.113+0000] {logging_mixin.py:188} INFO - [2025-06-12T18:57:02.113+0000] {dag.py:3823} INFO - Setting next_dagrun for example_branch_labels to 2025-06-11 00:00:00+00:00, run_after=2025-06-12 00:00:00+00:00
[2025-06-12T18:57:02.151+0000] {processor.py:183} INFO - Processing /home/airflow/.local/lib/python3.8/site-packages/airflow/example_dags/example_branch_labels.py took 0.154 seconds
[2025-06-12T18:57:42.816+0000] {processor.py:161} INFO - Started process (PID=1921) to work on /home/airflow/.local/lib/python3.8/site-packages/airflow/example_dags/example_branch_labels.py
[2025-06-12T18:57:42.819+0000] {processor.py:830} INFO - Processing file /home/airflow/.local/lib/python3.8/site-packages/airflow/example_dags/example_branch_labels.py for tasks to queue
[2025-06-12T18:57:42.823+0000] {logging_mixin.py:188} INFO - [2025-06-12T18:57:42.822+0000] {dagbag.py:538} INFO - Filling up the DagBag from /home/airflow/.local/lib/python3.8/site-packages/airflow/example_dags/example_branch_labels.py
[2025-06-12T18:57:42.842+0000] {processor.py:840} INFO - DAG(s) 'example_branch_labels' retrieved from /home/airflow/.local/lib/python3.8/site-packages/airflow/example_dags/example_branch_labels.py
[2025-06-12T18:57:42.896+0000] {logging_mixin.py:188} INFO - [2025-06-12T18:57:42.895+0000] {dag.py:3036} INFO - Sync 1 DAGs
[2025-06-12T18:57:42.958+0000] {logging_mixin.py:188} INFO - [2025-06-12T18:57:42.957+0000] {dag.py:3823} INFO - Setting next_dagrun for example_branch_labels to 2025-06-11 00:00:00+00:00, run_after=2025-06-12 00:00:00+00:00
[2025-06-12T18:57:43.003+0000] {processor.py:183} INFO - Processing /home/airflow/.local/lib/python3.8/site-packages/airflow/example_dags/example_branch_labels.py took 0.196 seconds
[2025-06-12T18:58:13.426+0000] {processor.py:161} INFO - Started process (PID=1977) to work on /home/airflow/.local/lib/python3.8/site-packages/airflow/example_dags/example_branch_labels.py
[2025-06-12T18:58:13.429+0000] {processor.py:830} INFO - Processing file /home/airflow/.local/lib/python3.8/site-packages/airflow/example_dags/example_branch_labels.py for tasks to queue
[2025-06-12T18:58:13.431+0000] {logging_mixin.py:188} INFO - [2025-06-12T18:58:13.430+0000] {dagbag.py:538} INFO - Filling up the DagBag from /home/airflow/.local/lib/python3.8/site-packages/airflow/example_dags/example_branch_labels.py
[2025-06-12T18:58:13.446+0000] {processor.py:840} INFO - DAG(s) 'example_branch_labels' retrieved from /home/airflow/.local/lib/python3.8/site-packages/airflow/example_dags/example_branch_labels.py
[2025-06-12T18:58:13.491+0000] {logging_mixin.py:188} INFO - [2025-06-12T18:58:13.491+0000] {dag.py:3036} INFO - Sync 1 DAGs
[2025-06-12T18:58:13.531+0000] {logging_mixin.py:188} INFO - [2025-06-12T18:58:13.530+0000] {dag.py:3823} INFO - Setting next_dagrun for example_branch_labels to 2025-06-11 00:00:00+00:00, run_after=2025-06-12 00:00:00+00:00
[2025-06-12T18:58:13.572+0000] {processor.py:183} INFO - Processing /home/airflow/.local/lib/python3.8/site-packages/airflow/example_dags/example_branch_labels.py took 0.152 seconds
[2025-06-12T18:58:44.828+0000] {processor.py:161} INFO - Started process (PID=2032) to work on /home/airflow/.local/lib/python3.8/site-packages/airflow/example_dags/example_branch_labels.py
[2025-06-12T18:58:44.830+0000] {processor.py:830} INFO - Processing file /home/airflow/.local/lib/python3.8/site-packages/airflow/example_dags/example_branch_labels.py for tasks to queue
[2025-06-12T18:58:44.832+0000] {logging_mixin.py:188} INFO - [2025-06-12T18:58:44.831+0000] {dagbag.py:538} INFO - Filling up the DagBag from /home/airflow/.local/lib/python3.8/site-packages/airflow/example_dags/example_branch_labels.py
[2025-06-12T18:58:44.847+0000] {processor.py:840} INFO - DAG(s) 'example_branch_labels' retrieved from /home/airflow/.local/lib/python3.8/site-packages/airflow/example_dags/example_branch_labels.py
[2025-06-12T18:58:44.884+0000] {logging_mixin.py:188} INFO - [2025-06-12T18:58:44.884+0000] {dag.py:3036} INFO - Sync 1 DAGs
[2025-06-12T18:58:44.917+0000] {logging_mixin.py:188} INFO - [2025-06-12T18:58:44.916+0000] {dag.py:3823} INFO - Setting next_dagrun for example_branch_labels to 2025-06-11 00:00:00+00:00, run_after=2025-06-12 00:00:00+00:00
[2025-06-12T18:58:44.947+0000] {processor.py:183} INFO - Processing /home/airflow/.local/lib/python3.8/site-packages/airflow/example_dags/example_branch_labels.py took 0.124 seconds
[2025-06-12T18:59:17.768+0000] {processor.py:161} INFO - Started process (PID=2087) to work on /home/airflow/.local/lib/python3.8/site-packages/airflow/example_dags/example_branch_labels.py
[2025-06-12T18:59:17.771+0000] {processor.py:830} INFO - Processing file /home/airflow/.local/lib/python3.8/site-packages/airflow/example_dags/example_branch_labels.py for tasks to queue
[2025-06-12T18:59:17.774+0000] {logging_mixin.py:188} INFO - [2025-06-12T18:59:17.773+0000] {dagbag.py:538} INFO - Filling up the DagBag from /home/airflow/.local/lib/python3.8/site-packages/airflow/example_dags/example_branch_labels.py
[2025-06-12T18:59:17.813+0000] {processor.py:840} INFO - DAG(s) 'example_branch_labels' retrieved from /home/airflow/.local/lib/python3.8/site-packages/airflow/example_dags/example_branch_labels.py
[2025-06-12T18:59:17.897+0000] {logging_mixin.py:188} INFO - [2025-06-12T18:59:17.896+0000] {dag.py:3036} INFO - Sync 1 DAGs
[2025-06-12T18:59:17.972+0000] {logging_mixin.py:188} INFO - [2025-06-12T18:59:17.972+0000] {dag.py:3823} INFO - Setting next_dagrun for example_branch_labels to 2025-06-11 00:00:00+00:00, run_after=2025-06-12 00:00:00+00:00
[2025-06-12T18:59:18.034+0000] {processor.py:183} INFO - Processing /home/airflow/.local/lib/python3.8/site-packages/airflow/example_dags/example_branch_labels.py took 0.276 seconds
[2025-06-12T18:59:49.809+0000] {processor.py:161} INFO - Started process (PID=2148) to work on /home/airflow/.local/lib/python3.8/site-packages/airflow/example_dags/example_branch_labels.py
[2025-06-12T18:59:49.821+0000] {processor.py:830} INFO - Processing file /home/airflow/.local/lib/python3.8/site-packages/airflow/example_dags/example_branch_labels.py for tasks to queue
[2025-06-12T18:59:49.827+0000] {logging_mixin.py:188} INFO - [2025-06-12T18:59:49.826+0000] {dagbag.py:538} INFO - Filling up the DagBag from /home/airflow/.local/lib/python3.8/site-packages/airflow/example_dags/example_branch_labels.py
[2025-06-12T18:59:49.884+0000] {processor.py:840} INFO - DAG(s) 'example_branch_labels' retrieved from /home/airflow/.local/lib/python3.8/site-packages/airflow/example_dags/example_branch_labels.py
[2025-06-12T18:59:49.963+0000] {logging_mixin.py:188} INFO - [2025-06-12T18:59:49.961+0000] {dag.py:3036} INFO - Sync 1 DAGs
[2025-06-12T18:59:50.030+0000] {logging_mixin.py:188} INFO - [2025-06-12T18:59:50.029+0000] {dag.py:3823} INFO - Setting next_dagrun for example_branch_labels to 2025-06-11 00:00:00+00:00, run_after=2025-06-12 00:00:00+00:00
[2025-06-12T18:59:50.086+0000] {processor.py:183} INFO - Processing /home/airflow/.local/lib/python3.8/site-packages/airflow/example_dags/example_branch_labels.py took 0.294 seconds
[2025-06-12T19:00:20.997+0000] {processor.py:161} INFO - Started process (PID=2204) to work on /home/airflow/.local/lib/python3.8/site-packages/airflow/example_dags/example_branch_labels.py
[2025-06-12T19:00:21.001+0000] {processor.py:830} INFO - Processing file /home/airflow/.local/lib/python3.8/site-packages/airflow/example_dags/example_branch_labels.py for tasks to queue
[2025-06-12T19:00:21.004+0000] {logging_mixin.py:188} INFO - [2025-06-12T19:00:21.003+0000] {dagbag.py:538} INFO - Filling up the DagBag from /home/airflow/.local/lib/python3.8/site-packages/airflow/example_dags/example_branch_labels.py
[2025-06-12T19:00:21.029+0000] {processor.py:840} INFO - DAG(s) 'example_branch_labels' retrieved from /home/airflow/.local/lib/python3.8/site-packages/airflow/example_dags/example_branch_labels.py
[2025-06-12T19:00:21.093+0000] {logging_mixin.py:188} INFO - [2025-06-12T19:00:21.093+0000] {dag.py:3036} INFO - Sync 1 DAGs
[2025-06-12T19:00:21.149+0000] {logging_mixin.py:188} INFO - [2025-06-12T19:00:21.149+0000] {dag.py:3823} INFO - Setting next_dagrun for example_branch_labels to 2025-06-11 00:00:00+00:00, run_after=2025-06-12 00:00:00+00:00
[2025-06-12T19:00:21.201+0000] {processor.py:183} INFO - Processing /home/airflow/.local/lib/python3.8/site-packages/airflow/example_dags/example_branch_labels.py took 0.216 seconds
[2025-06-12T19:00:51.436+0000] {processor.py:161} INFO - Started process (PID=2257) to work on /home/airflow/.local/lib/python3.8/site-packages/airflow/example_dags/example_branch_labels.py
[2025-06-12T19:00:51.439+0000] {processor.py:830} INFO - Processing file /home/airflow/.local/lib/python3.8/site-packages/airflow/example_dags/example_branch_labels.py for tasks to queue
[2025-06-12T19:00:51.442+0000] {logging_mixin.py:188} INFO - [2025-06-12T19:00:51.442+0000] {dagbag.py:538} INFO - Filling up the DagBag from /home/airflow/.local/lib/python3.8/site-packages/airflow/example_dags/example_branch_labels.py
[2025-06-12T19:00:51.467+0000] {processor.py:840} INFO - DAG(s) 'example_branch_labels' retrieved from /home/airflow/.local/lib/python3.8/site-packages/airflow/example_dags/example_branch_labels.py
[2025-06-12T19:00:51.538+0000] {logging_mixin.py:188} INFO - [2025-06-12T19:00:51.537+0000] {dag.py:3036} INFO - Sync 1 DAGs
[2025-06-12T19:00:51.607+0000] {logging_mixin.py:188} INFO - [2025-06-12T19:00:51.606+0000] {dag.py:3823} INFO - Setting next_dagrun for example_branch_labels to 2025-06-11 00:00:00+00:00, run_after=2025-06-12 00:00:00+00:00
[2025-06-12T19:00:51.663+0000] {processor.py:183} INFO - Processing /home/airflow/.local/lib/python3.8/site-packages/airflow/example_dags/example_branch_labels.py took 0.237 seconds
[2025-06-12T19:01:21.794+0000] {processor.py:161} INFO - Started process (PID=2312) to work on /home/airflow/.local/lib/python3.8/site-packages/airflow/example_dags/example_branch_labels.py
[2025-06-12T19:01:21.797+0000] {processor.py:830} INFO - Processing file /home/airflow/.local/lib/python3.8/site-packages/airflow/example_dags/example_branch_labels.py for tasks to queue
[2025-06-12T19:01:21.800+0000] {logging_mixin.py:188} INFO - [2025-06-12T19:01:21.799+0000] {dagbag.py:538} INFO - Filling up the DagBag from /home/airflow/.local/lib/python3.8/site-packages/airflow/example_dags/example_branch_labels.py
[2025-06-12T19:01:21.820+0000] {processor.py:840} INFO - DAG(s) 'example_branch_labels' retrieved from /home/airflow/.local/lib/python3.8/site-packages/airflow/example_dags/example_branch_labels.py
[2025-06-12T19:01:21.882+0000] {logging_mixin.py:188} INFO - [2025-06-12T19:01:21.882+0000] {dag.py:3036} INFO - Sync 1 DAGs
[2025-06-12T19:01:21.943+0000] {logging_mixin.py:188} INFO - [2025-06-12T19:01:21.942+0000] {dag.py:3823} INFO - Setting next_dagrun for example_branch_labels to 2025-06-11 00:00:00+00:00, run_after=2025-06-12 00:00:00+00:00
[2025-06-12T19:01:21.996+0000] {processor.py:183} INFO - Processing /home/airflow/.local/lib/python3.8/site-packages/airflow/example_dags/example_branch_labels.py took 0.211 seconds
[2025-06-12T19:01:52.465+0000] {processor.py:161} INFO - Started process (PID=2368) to work on /home/airflow/.local/lib/python3.8/site-packages/airflow/example_dags/example_branch_labels.py
[2025-06-12T19:01:52.468+0000] {processor.py:830} INFO - Processing file /home/airflow/.local/lib/python3.8/site-packages/airflow/example_dags/example_branch_labels.py for tasks to queue
[2025-06-12T19:01:52.472+0000] {logging_mixin.py:188} INFO - [2025-06-12T19:01:52.471+0000] {dagbag.py:538} INFO - Filling up the DagBag from /home/airflow/.local/lib/python3.8/site-packages/airflow/example_dags/example_branch_labels.py
[2025-06-12T19:01:52.502+0000] {processor.py:840} INFO - DAG(s) 'example_branch_labels' retrieved from /home/airflow/.local/lib/python3.8/site-packages/airflow/example_dags/example_branch_labels.py
[2025-06-12T19:01:52.573+0000] {logging_mixin.py:188} INFO - [2025-06-12T19:01:52.572+0000] {dag.py:3036} INFO - Sync 1 DAGs
[2025-06-12T19:01:52.628+0000] {logging_mixin.py:188} INFO - [2025-06-12T19:01:52.627+0000] {dag.py:3823} INFO - Setting next_dagrun for example_branch_labels to 2025-06-11 00:00:00+00:00, run_after=2025-06-12 00:00:00+00:00
[2025-06-12T19:01:52.676+0000] {processor.py:183} INFO - Processing /home/airflow/.local/lib/python3.8/site-packages/airflow/example_dags/example_branch_labels.py took 0.222 seconds
[2025-06-12T19:02:23.092+0000] {processor.py:161} INFO - Started process (PID=2422) to work on /home/airflow/.local/lib/python3.8/site-packages/airflow/example_dags/example_branch_labels.py
[2025-06-12T19:02:23.095+0000] {processor.py:830} INFO - Processing file /home/airflow/.local/lib/python3.8/site-packages/airflow/example_dags/example_branch_labels.py for tasks to queue
[2025-06-12T19:02:23.098+0000] {logging_mixin.py:188} INFO - [2025-06-12T19:02:23.098+0000] {dagbag.py:538} INFO - Filling up the DagBag from /home/airflow/.local/lib/python3.8/site-packages/airflow/example_dags/example_branch_labels.py
[2025-06-12T19:02:23.122+0000] {processor.py:840} INFO - DAG(s) 'example_branch_labels' retrieved from /home/airflow/.local/lib/python3.8/site-packages/airflow/example_dags/example_branch_labels.py
[2025-06-12T19:02:23.191+0000] {logging_mixin.py:188} INFO - [2025-06-12T19:02:23.190+0000] {dag.py:3036} INFO - Sync 1 DAGs
[2025-06-12T19:02:23.253+0000] {logging_mixin.py:188} INFO - [2025-06-12T19:02:23.252+0000] {dag.py:3823} INFO - Setting next_dagrun for example_branch_labels to 2025-06-11 00:00:00+00:00, run_after=2025-06-12 00:00:00+00:00
[2025-06-12T19:02:23.328+0000] {processor.py:183} INFO - Processing /home/airflow/.local/lib/python3.8/site-packages/airflow/example_dags/example_branch_labels.py took 0.245 seconds
[2025-06-12T19:02:53.865+0000] {processor.py:161} INFO - Started process (PID=2477) to work on /home/airflow/.local/lib/python3.8/site-packages/airflow/example_dags/example_branch_labels.py
[2025-06-12T19:02:53.869+0000] {processor.py:830} INFO - Processing file /home/airflow/.local/lib/python3.8/site-packages/airflow/example_dags/example_branch_labels.py for tasks to queue
[2025-06-12T19:02:53.872+0000] {logging_mixin.py:188} INFO - [2025-06-12T19:02:53.871+0000] {dagbag.py:538} INFO - Filling up the DagBag from /home/airflow/.local/lib/python3.8/site-packages/airflow/example_dags/example_branch_labels.py
[2025-06-12T19:02:53.902+0000] {processor.py:840} INFO - DAG(s) 'example_branch_labels' retrieved from /home/airflow/.local/lib/python3.8/site-packages/airflow/example_dags/example_branch_labels.py
[2025-06-12T19:02:53.982+0000] {logging_mixin.py:188} INFO - [2025-06-12T19:02:53.982+0000] {dag.py:3036} INFO - Sync 1 DAGs
[2025-06-12T19:02:54.050+0000] {logging_mixin.py:188} INFO - [2025-06-12T19:02:54.049+0000] {dag.py:3823} INFO - Setting next_dagrun for example_branch_labels to 2025-06-11 00:00:00+00:00, run_after=2025-06-12 00:00:00+00:00
[2025-06-12T19:02:54.102+0000] {processor.py:183} INFO - Processing /home/airflow/.local/lib/python3.8/site-packages/airflow/example_dags/example_branch_labels.py took 0.247 seconds
[2025-06-12T19:03:25.005+0000] {processor.py:161} INFO - Started process (PID=2532) to work on /home/airflow/.local/lib/python3.8/site-packages/airflow/example_dags/example_branch_labels.py
[2025-06-12T19:03:25.008+0000] {processor.py:830} INFO - Processing file /home/airflow/.local/lib/python3.8/site-packages/airflow/example_dags/example_branch_labels.py for tasks to queue
[2025-06-12T19:03:25.011+0000] {logging_mixin.py:188} INFO - [2025-06-12T19:03:25.010+0000] {dagbag.py:538} INFO - Filling up the DagBag from /home/airflow/.local/lib/python3.8/site-packages/airflow/example_dags/example_branch_labels.py
[2025-06-12T19:03:25.037+0000] {processor.py:840} INFO - DAG(s) 'example_branch_labels' retrieved from /home/airflow/.local/lib/python3.8/site-packages/airflow/example_dags/example_branch_labels.py
[2025-06-12T19:03:25.103+0000] {logging_mixin.py:188} INFO - [2025-06-12T19:03:25.103+0000] {dag.py:3036} INFO - Sync 1 DAGs
[2025-06-12T19:03:25.591+0000] {logging_mixin.py:188} INFO - [2025-06-12T19:03:25.590+0000] {dag.py:3823} INFO - Setting next_dagrun for example_branch_labels to 2025-06-11 00:00:00+00:00, run_after=2025-06-12 00:00:00+00:00
[2025-06-12T19:03:25.633+0000] {processor.py:183} INFO - Processing /home/airflow/.local/lib/python3.8/site-packages/airflow/example_dags/example_branch_labels.py took 0.638 seconds
[2025-06-12T19:03:56.376+0000] {processor.py:161} INFO - Started process (PID=2587) to work on /home/airflow/.local/lib/python3.8/site-packages/airflow/example_dags/example_branch_labels.py
[2025-06-12T19:03:56.381+0000] {processor.py:830} INFO - Processing file /home/airflow/.local/lib/python3.8/site-packages/airflow/example_dags/example_branch_labels.py for tasks to queue
[2025-06-12T19:03:56.384+0000] {logging_mixin.py:188} INFO - [2025-06-12T19:03:56.383+0000] {dagbag.py:538} INFO - Filling up the DagBag from /home/airflow/.local/lib/python3.8/site-packages/airflow/example_dags/example_branch_labels.py
[2025-06-12T19:03:56.408+0000] {processor.py:840} INFO - DAG(s) 'example_branch_labels' retrieved from /home/airflow/.local/lib/python3.8/site-packages/airflow/example_dags/example_branch_labels.py
[2025-06-12T19:03:56.475+0000] {logging_mixin.py:188} INFO - [2025-06-12T19:03:56.474+0000] {dag.py:3036} INFO - Sync 1 DAGs
[2025-06-12T19:03:56.531+0000] {logging_mixin.py:188} INFO - [2025-06-12T19:03:56.531+0000] {dag.py:3823} INFO - Setting next_dagrun for example_branch_labels to 2025-06-11 00:00:00+00:00, run_after=2025-06-12 00:00:00+00:00
[2025-06-12T19:03:56.588+0000] {processor.py:183} INFO - Processing /home/airflow/.local/lib/python3.8/site-packages/airflow/example_dags/example_branch_labels.py took 0.222 seconds
[2025-06-12T19:04:26.787+0000] {processor.py:161} INFO - Started process (PID=2643) to work on /home/airflow/.local/lib/python3.8/site-packages/airflow/example_dags/example_branch_labels.py
[2025-06-12T19:04:26.790+0000] {processor.py:830} INFO - Processing file /home/airflow/.local/lib/python3.8/site-packages/airflow/example_dags/example_branch_labels.py for tasks to queue
[2025-06-12T19:04:26.794+0000] {logging_mixin.py:188} INFO - [2025-06-12T19:04:26.793+0000] {dagbag.py:538} INFO - Filling up the DagBag from /home/airflow/.local/lib/python3.8/site-packages/airflow/example_dags/example_branch_labels.py
[2025-06-12T19:04:26.834+0000] {processor.py:840} INFO - DAG(s) 'example_branch_labels' retrieved from /home/airflow/.local/lib/python3.8/site-packages/airflow/example_dags/example_branch_labels.py
[2025-06-12T19:04:27.019+0000] {logging_mixin.py:188} INFO - [2025-06-12T19:04:27.019+0000] {dag.py:3036} INFO - Sync 1 DAGs
[2025-06-12T19:04:27.138+0000] {logging_mixin.py:188} INFO - [2025-06-12T19:04:27.137+0000] {dag.py:3823} INFO - Setting next_dagrun for example_branch_labels to 2025-06-11 00:00:00+00:00, run_after=2025-06-12 00:00:00+00:00
[2025-06-12T19:04:27.267+0000] {processor.py:183} INFO - Processing /home/airflow/.local/lib/python3.8/site-packages/airflow/example_dags/example_branch_labels.py took 0.491 seconds
[2025-06-12T19:04:57.583+0000] {processor.py:161} INFO - Started process (PID=2699) to work on /home/airflow/.local/lib/python3.8/site-packages/airflow/example_dags/example_branch_labels.py
[2025-06-12T19:04:57.588+0000] {processor.py:830} INFO - Processing file /home/airflow/.local/lib/python3.8/site-packages/airflow/example_dags/example_branch_labels.py for tasks to queue
[2025-06-12T19:04:57.591+0000] {logging_mixin.py:188} INFO - [2025-06-12T19:04:57.590+0000] {dagbag.py:538} INFO - Filling up the DagBag from /home/airflow/.local/lib/python3.8/site-packages/airflow/example_dags/example_branch_labels.py
[2025-06-12T19:04:57.638+0000] {processor.py:840} INFO - DAG(s) 'example_branch_labels' retrieved from /home/airflow/.local/lib/python3.8/site-packages/airflow/example_dags/example_branch_labels.py
[2025-06-12T19:04:57.780+0000] {logging_mixin.py:188} INFO - [2025-06-12T19:04:57.777+0000] {dag.py:3036} INFO - Sync 1 DAGs
[2025-06-12T19:04:57.963+0000] {logging_mixin.py:188} INFO - [2025-06-12T19:04:57.962+0000] {dag.py:3823} INFO - Setting next_dagrun for example_branch_labels to 2025-06-11 00:00:00+00:00, run_after=2025-06-12 00:00:00+00:00
[2025-06-12T19:04:58.072+0000] {processor.py:183} INFO - Processing /home/airflow/.local/lib/python3.8/site-packages/airflow/example_dags/example_branch_labels.py took 0.503 seconds
[2025-06-12T19:05:28.655+0000] {processor.py:161} INFO - Started process (PID=2755) to work on /home/airflow/.local/lib/python3.8/site-packages/airflow/example_dags/example_branch_labels.py
[2025-06-12T19:05:28.658+0000] {processor.py:830} INFO - Processing file /home/airflow/.local/lib/python3.8/site-packages/airflow/example_dags/example_branch_labels.py for tasks to queue
[2025-06-12T19:05:28.661+0000] {logging_mixin.py:188} INFO - [2025-06-12T19:05:28.660+0000] {dagbag.py:538} INFO - Filling up the DagBag from /home/airflow/.local/lib/python3.8/site-packages/airflow/example_dags/example_branch_labels.py
[2025-06-12T19:05:28.686+0000] {processor.py:840} INFO - DAG(s) 'example_branch_labels' retrieved from /home/airflow/.local/lib/python3.8/site-packages/airflow/example_dags/example_branch_labels.py
[2025-06-12T19:05:28.766+0000] {logging_mixin.py:188} INFO - [2025-06-12T19:05:28.766+0000] {dag.py:3036} INFO - Sync 1 DAGs
[2025-06-12T19:05:28.841+0000] {logging_mixin.py:188} INFO - [2025-06-12T19:05:28.840+0000] {dag.py:3823} INFO - Setting next_dagrun for example_branch_labels to 2025-06-11 00:00:00+00:00, run_after=2025-06-12 00:00:00+00:00
[2025-06-12T19:05:28.905+0000] {processor.py:183} INFO - Processing /home/airflow/.local/lib/python3.8/site-packages/airflow/example_dags/example_branch_labels.py took 0.259 seconds
[2025-06-12T19:05:59.438+0000] {processor.py:161} INFO - Started process (PID=2810) to work on /home/airflow/.local/lib/python3.8/site-packages/airflow/example_dags/example_branch_labels.py
[2025-06-12T19:05:59.441+0000] {processor.py:830} INFO - Processing file /home/airflow/.local/lib/python3.8/site-packages/airflow/example_dags/example_branch_labels.py for tasks to queue
[2025-06-12T19:05:59.445+0000] {logging_mixin.py:188} INFO - [2025-06-12T19:05:59.444+0000] {dagbag.py:538} INFO - Filling up the DagBag from /home/airflow/.local/lib/python3.8/site-packages/airflow/example_dags/example_branch_labels.py
[2025-06-12T19:05:59.469+0000] {processor.py:840} INFO - DAG(s) 'example_branch_labels' retrieved from /home/airflow/.local/lib/python3.8/site-packages/airflow/example_dags/example_branch_labels.py
[2025-06-12T19:05:59.533+0000] {logging_mixin.py:188} INFO - [2025-06-12T19:05:59.532+0000] {dag.py:3036} INFO - Sync 1 DAGs
[2025-06-12T19:06:00.181+0000] {logging_mixin.py:188} INFO - [2025-06-12T19:06:00.180+0000] {dag.py:3823} INFO - Setting next_dagrun for example_branch_labels to 2025-06-11 00:00:00+00:00, run_after=2025-06-12 00:00:00+00:00
[2025-06-12T19:06:00.232+0000] {processor.py:183} INFO - Processing /home/airflow/.local/lib/python3.8/site-packages/airflow/example_dags/example_branch_labels.py took 0.802 seconds
[2025-06-12T19:06:30.473+0000] {processor.py:161} INFO - Started process (PID=2865) to work on /home/airflow/.local/lib/python3.8/site-packages/airflow/example_dags/example_branch_labels.py
[2025-06-12T19:06:30.477+0000] {processor.py:830} INFO - Processing file /home/airflow/.local/lib/python3.8/site-packages/airflow/example_dags/example_branch_labels.py for tasks to queue
[2025-06-12T19:06:30.480+0000] {logging_mixin.py:188} INFO - [2025-06-12T19:06:30.479+0000] {dagbag.py:538} INFO - Filling up the DagBag from /home/airflow/.local/lib/python3.8/site-packages/airflow/example_dags/example_branch_labels.py
[2025-06-12T19:06:30.521+0000] {processor.py:840} INFO - DAG(s) 'example_branch_labels' retrieved from /home/airflow/.local/lib/python3.8/site-packages/airflow/example_dags/example_branch_labels.py
[2025-06-12T19:06:30.605+0000] {logging_mixin.py:188} INFO - [2025-06-12T19:06:30.605+0000] {dag.py:3036} INFO - Sync 1 DAGs
[2025-06-12T19:06:31.005+0000] {logging_mixin.py:188} INFO - [2025-06-12T19:06:31.005+0000] {dag.py:3823} INFO - Setting next_dagrun for example_branch_labels to 2025-06-11 00:00:00+00:00, run_after=2025-06-12 00:00:00+00:00
[2025-06-12T19:06:31.052+0000] {processor.py:183} INFO - Processing /home/airflow/.local/lib/python3.8/site-packages/airflow/example_dags/example_branch_labels.py took 0.588 seconds
