[2025-06-12T18:35:09.261+0000] {processor.py:161} INFO - Started process (PID=89) to work on /home/airflow/.local/lib/python3.8/site-packages/airflow/example_dags/tutorial_dag.py
[2025-06-12T18:35:09.263+0000] {processor.py:830} INFO - Processing file /home/airflow/.local/lib/python3.8/site-packages/airflow/example_dags/tutorial_dag.py for tasks to queue
[2025-06-12T18:35:09.274+0000] {logging_mixin.py:188} INFO - [2025-06-12T18:35:09.273+0000] {dagbag.py:538} INFO - Filling up the DagBag from /home/airflow/.local/lib/python3.8/site-packages/airflow/example_dags/tutorial_dag.py
[2025-06-12T18:35:09.358+0000] {processor.py:840} INFO - DAG(s) 'tutorial_dag' retrieved from /home/airflow/.local/lib/python3.8/site-packages/airflow/example_dags/tutorial_dag.py
[2025-06-12T18:35:10.218+0000] {logging_mixin.py:188} INFO - [2025-06-12T18:35:10.216+0000] {dag.py:3036} INFO - Sync 1 DAGs
[2025-06-12T18:35:10.305+0000] {logging_mixin.py:188} INFO - [2025-06-12T18:35:10.305+0000] {dag.py:3823} INFO - Setting next_dagrun for tutorial_dag to None, run_after=None
[2025-06-12T18:35:10.376+0000] {processor.py:183} INFO - Processing /home/airflow/.local/lib/python3.8/site-packages/airflow/example_dags/tutorial_dag.py took 1.132 seconds
[2025-06-12T18:35:43.107+0000] {processor.py:161} INFO - Started process (PID=144) to work on /home/airflow/.local/lib/python3.8/site-packages/airflow/example_dags/tutorial_dag.py
[2025-06-12T18:35:43.110+0000] {processor.py:830} INFO - Processing file /home/airflow/.local/lib/python3.8/site-packages/airflow/example_dags/tutorial_dag.py for tasks to queue
[2025-06-12T18:35:43.115+0000] {logging_mixin.py:188} INFO - [2025-06-12T18:35:43.115+0000] {dagbag.py:538} INFO - Filling up the DagBag from /home/airflow/.local/lib/python3.8/site-packages/airflow/example_dags/tutorial_dag.py
[2025-06-12T18:35:43.129+0000] {processor.py:840} INFO - DAG(s) 'tutorial_dag' retrieved from /home/airflow/.local/lib/python3.8/site-packages/airflow/example_dags/tutorial_dag.py
[2025-06-12T18:35:43.176+0000] {logging_mixin.py:188} INFO - [2025-06-12T18:35:43.175+0000] {dag.py:3036} INFO - Sync 1 DAGs
[2025-06-12T18:35:43.208+0000] {logging_mixin.py:188} INFO - [2025-06-12T18:35:43.208+0000] {dag.py:3823} INFO - Setting next_dagrun for tutorial_dag to None, run_after=None
[2025-06-12T18:35:43.269+0000] {processor.py:183} INFO - Processing /home/airflow/.local/lib/python3.8/site-packages/airflow/example_dags/tutorial_dag.py took 0.169 seconds
[2025-06-12T18:36:13.597+0000] {processor.py:161} INFO - Started process (PID=197) to work on /home/airflow/.local/lib/python3.8/site-packages/airflow/example_dags/tutorial_dag.py
[2025-06-12T18:36:13.599+0000] {processor.py:830} INFO - Processing file /home/airflow/.local/lib/python3.8/site-packages/airflow/example_dags/tutorial_dag.py for tasks to queue
[2025-06-12T18:36:13.603+0000] {logging_mixin.py:188} INFO - [2025-06-12T18:36:13.602+0000] {dagbag.py:538} INFO - Filling up the DagBag from /home/airflow/.local/lib/python3.8/site-packages/airflow/example_dags/tutorial_dag.py
[2025-06-12T18:36:13.616+0000] {processor.py:840} INFO - DAG(s) 'tutorial_dag' retrieved from /home/airflow/.local/lib/python3.8/site-packages/airflow/example_dags/tutorial_dag.py
[2025-06-12T18:36:13.645+0000] {logging_mixin.py:188} INFO - [2025-06-12T18:36:13.645+0000] {dag.py:3036} INFO - Sync 1 DAGs
[2025-06-12T18:36:13.674+0000] {logging_mixin.py:188} INFO - [2025-06-12T18:36:13.674+0000] {dag.py:3823} INFO - Setting next_dagrun for tutorial_dag to None, run_after=None
[2025-06-12T18:36:13.709+0000] {processor.py:183} INFO - Processing /home/airflow/.local/lib/python3.8/site-packages/airflow/example_dags/tutorial_dag.py took 0.119 seconds
[2025-06-12T18:36:44.848+0000] {processor.py:161} INFO - Started process (PID=252) to work on /home/airflow/.local/lib/python3.8/site-packages/airflow/example_dags/tutorial_dag.py
[2025-06-12T18:36:44.850+0000] {processor.py:830} INFO - Processing file /home/airflow/.local/lib/python3.8/site-packages/airflow/example_dags/tutorial_dag.py for tasks to queue
[2025-06-12T18:36:44.853+0000] {logging_mixin.py:188} INFO - [2025-06-12T18:36:44.853+0000] {dagbag.py:538} INFO - Filling up the DagBag from /home/airflow/.local/lib/python3.8/site-packages/airflow/example_dags/tutorial_dag.py
[2025-06-12T18:36:44.864+0000] {processor.py:840} INFO - DAG(s) 'tutorial_dag' retrieved from /home/airflow/.local/lib/python3.8/site-packages/airflow/example_dags/tutorial_dag.py
[2025-06-12T18:36:45.030+0000] {logging_mixin.py:188} INFO - [2025-06-12T18:36:45.029+0000] {dag.py:3036} INFO - Sync 1 DAGs
[2025-06-12T18:36:45.051+0000] {logging_mixin.py:188} INFO - [2025-06-12T18:36:45.051+0000] {dag.py:3823} INFO - Setting next_dagrun for tutorial_dag to None, run_after=None
[2025-06-12T18:36:45.083+0000] {processor.py:183} INFO - Processing /home/airflow/.local/lib/python3.8/site-packages/airflow/example_dags/tutorial_dag.py took 0.249 seconds
[2025-06-12T18:37:15.373+0000] {processor.py:161} INFO - Started process (PID=307) to work on /home/airflow/.local/lib/python3.8/site-packages/airflow/example_dags/tutorial_dag.py
[2025-06-12T18:37:15.376+0000] {processor.py:830} INFO - Processing file /home/airflow/.local/lib/python3.8/site-packages/airflow/example_dags/tutorial_dag.py for tasks to queue
[2025-06-12T18:37:15.379+0000] {logging_mixin.py:188} INFO - [2025-06-12T18:37:15.379+0000] {dagbag.py:538} INFO - Filling up the DagBag from /home/airflow/.local/lib/python3.8/site-packages/airflow/example_dags/tutorial_dag.py
[2025-06-12T18:37:15.390+0000] {processor.py:840} INFO - DAG(s) 'tutorial_dag' retrieved from /home/airflow/.local/lib/python3.8/site-packages/airflow/example_dags/tutorial_dag.py
[2025-06-12T18:37:15.449+0000] {logging_mixin.py:188} INFO - [2025-06-12T18:37:15.448+0000] {dag.py:3036} INFO - Sync 1 DAGs
[2025-06-12T18:37:15.499+0000] {logging_mixin.py:188} INFO - [2025-06-12T18:37:15.499+0000] {dag.py:3823} INFO - Setting next_dagrun for tutorial_dag to None, run_after=None
[2025-06-12T18:37:15.538+0000] {processor.py:183} INFO - Processing /home/airflow/.local/lib/python3.8/site-packages/airflow/example_dags/tutorial_dag.py took 0.170 seconds
[2025-06-12T18:37:46.060+0000] {processor.py:161} INFO - Started process (PID=368) to work on /home/airflow/.local/lib/python3.8/site-packages/airflow/example_dags/tutorial_dag.py
[2025-06-12T18:37:46.062+0000] {processor.py:830} INFO - Processing file /home/airflow/.local/lib/python3.8/site-packages/airflow/example_dags/tutorial_dag.py for tasks to queue
[2025-06-12T18:37:46.066+0000] {logging_mixin.py:188} INFO - [2025-06-12T18:37:46.065+0000] {dagbag.py:538} INFO - Filling up the DagBag from /home/airflow/.local/lib/python3.8/site-packages/airflow/example_dags/tutorial_dag.py
[2025-06-12T18:37:46.080+0000] {processor.py:840} INFO - DAG(s) 'tutorial_dag' retrieved from /home/airflow/.local/lib/python3.8/site-packages/airflow/example_dags/tutorial_dag.py
[2025-06-12T18:37:46.118+0000] {logging_mixin.py:188} INFO - [2025-06-12T18:37:46.118+0000] {dag.py:3036} INFO - Sync 1 DAGs
[2025-06-12T18:37:46.140+0000] {logging_mixin.py:188} INFO - [2025-06-12T18:37:46.140+0000] {dag.py:3823} INFO - Setting next_dagrun for tutorial_dag to None, run_after=None
[2025-06-12T18:37:46.174+0000] {processor.py:183} INFO - Processing /home/airflow/.local/lib/python3.8/site-packages/airflow/example_dags/tutorial_dag.py took 0.121 seconds
[2025-06-12T18:38:16.971+0000] {processor.py:161} INFO - Started process (PID=423) to work on /home/airflow/.local/lib/python3.8/site-packages/airflow/example_dags/tutorial_dag.py
[2025-06-12T18:38:16.975+0000] {processor.py:830} INFO - Processing file /home/airflow/.local/lib/python3.8/site-packages/airflow/example_dags/tutorial_dag.py for tasks to queue
[2025-06-12T18:38:16.982+0000] {logging_mixin.py:188} INFO - [2025-06-12T18:38:16.982+0000] {dagbag.py:538} INFO - Filling up the DagBag from /home/airflow/.local/lib/python3.8/site-packages/airflow/example_dags/tutorial_dag.py
[2025-06-12T18:38:16.997+0000] {processor.py:840} INFO - DAG(s) 'tutorial_dag' retrieved from /home/airflow/.local/lib/python3.8/site-packages/airflow/example_dags/tutorial_dag.py
[2025-06-12T18:38:17.051+0000] {logging_mixin.py:188} INFO - [2025-06-12T18:38:17.050+0000] {dag.py:3036} INFO - Sync 1 DAGs
[2025-06-12T18:38:17.081+0000] {logging_mixin.py:188} INFO - [2025-06-12T18:38:17.080+0000] {dag.py:3823} INFO - Setting next_dagrun for tutorial_dag to None, run_after=None
[2025-06-12T18:38:17.134+0000] {processor.py:183} INFO - Processing /home/airflow/.local/lib/python3.8/site-packages/airflow/example_dags/tutorial_dag.py took 0.170 seconds
[2025-06-12T18:38:47.643+0000] {processor.py:161} INFO - Started process (PID=478) to work on /home/airflow/.local/lib/python3.8/site-packages/airflow/example_dags/tutorial_dag.py
[2025-06-12T18:38:47.645+0000] {processor.py:830} INFO - Processing file /home/airflow/.local/lib/python3.8/site-packages/airflow/example_dags/tutorial_dag.py for tasks to queue
[2025-06-12T18:38:47.649+0000] {logging_mixin.py:188} INFO - [2025-06-12T18:38:47.649+0000] {dagbag.py:538} INFO - Filling up the DagBag from /home/airflow/.local/lib/python3.8/site-packages/airflow/example_dags/tutorial_dag.py
[2025-06-12T18:38:47.664+0000] {processor.py:840} INFO - DAG(s) 'tutorial_dag' retrieved from /home/airflow/.local/lib/python3.8/site-packages/airflow/example_dags/tutorial_dag.py
[2025-06-12T18:38:47.703+0000] {logging_mixin.py:188} INFO - [2025-06-12T18:38:47.702+0000] {dag.py:3036} INFO - Sync 1 DAGs
[2025-06-12T18:38:47.721+0000] {logging_mixin.py:188} INFO - [2025-06-12T18:38:47.720+0000] {dag.py:3823} INFO - Setting next_dagrun for tutorial_dag to None, run_after=None
[2025-06-12T18:38:47.752+0000] {processor.py:183} INFO - Processing /home/airflow/.local/lib/python3.8/site-packages/airflow/example_dags/tutorial_dag.py took 0.117 seconds
[2025-06-12T18:39:18.614+0000] {processor.py:161} INFO - Started process (PID=533) to work on /home/airflow/.local/lib/python3.8/site-packages/airflow/example_dags/tutorial_dag.py
[2025-06-12T18:39:18.618+0000] {processor.py:830} INFO - Processing file /home/airflow/.local/lib/python3.8/site-packages/airflow/example_dags/tutorial_dag.py for tasks to queue
[2025-06-12T18:39:18.622+0000] {logging_mixin.py:188} INFO - [2025-06-12T18:39:18.621+0000] {dagbag.py:538} INFO - Filling up the DagBag from /home/airflow/.local/lib/python3.8/site-packages/airflow/example_dags/tutorial_dag.py
[2025-06-12T18:39:18.634+0000] {processor.py:840} INFO - DAG(s) 'tutorial_dag' retrieved from /home/airflow/.local/lib/python3.8/site-packages/airflow/example_dags/tutorial_dag.py
[2025-06-12T18:39:18.680+0000] {logging_mixin.py:188} INFO - [2025-06-12T18:39:18.680+0000] {dag.py:3036} INFO - Sync 1 DAGs
[2025-06-12T18:39:18.701+0000] {logging_mixin.py:188} INFO - [2025-06-12T18:39:18.700+0000] {dag.py:3823} INFO - Setting next_dagrun for tutorial_dag to None, run_after=None
[2025-06-12T18:39:18.741+0000] {processor.py:183} INFO - Processing /home/airflow/.local/lib/python3.8/site-packages/airflow/example_dags/tutorial_dag.py took 0.133 seconds
[2025-06-12T18:39:49.666+0000] {processor.py:161} INFO - Started process (PID=588) to work on /home/airflow/.local/lib/python3.8/site-packages/airflow/example_dags/tutorial_dag.py
[2025-06-12T18:39:49.668+0000] {processor.py:830} INFO - Processing file /home/airflow/.local/lib/python3.8/site-packages/airflow/example_dags/tutorial_dag.py for tasks to queue
[2025-06-12T18:39:49.672+0000] {logging_mixin.py:188} INFO - [2025-06-12T18:39:49.671+0000] {dagbag.py:538} INFO - Filling up the DagBag from /home/airflow/.local/lib/python3.8/site-packages/airflow/example_dags/tutorial_dag.py
[2025-06-12T18:39:49.683+0000] {processor.py:840} INFO - DAG(s) 'tutorial_dag' retrieved from /home/airflow/.local/lib/python3.8/site-packages/airflow/example_dags/tutorial_dag.py
[2025-06-12T18:39:49.843+0000] {logging_mixin.py:188} INFO - [2025-06-12T18:39:49.842+0000] {dag.py:3036} INFO - Sync 1 DAGs
[2025-06-12T18:39:49.860+0000] {logging_mixin.py:188} INFO - [2025-06-12T18:39:49.860+0000] {dag.py:3823} INFO - Setting next_dagrun for tutorial_dag to None, run_after=None
[2025-06-12T18:39:49.900+0000] {processor.py:183} INFO - Processing /home/airflow/.local/lib/python3.8/site-packages/airflow/example_dags/tutorial_dag.py took 0.240 seconds
[2025-06-12T18:40:34.469+0000] {processor.py:161} INFO - Started process (PID=643) to work on /home/airflow/.local/lib/python3.8/site-packages/airflow/example_dags/tutorial_dag.py
[2025-06-12T18:40:34.473+0000] {processor.py:830} INFO - Processing file /home/airflow/.local/lib/python3.8/site-packages/airflow/example_dags/tutorial_dag.py for tasks to queue
[2025-06-12T18:40:34.480+0000] {logging_mixin.py:188} INFO - [2025-06-12T18:40:34.478+0000] {dagbag.py:538} INFO - Filling up the DagBag from /home/airflow/.local/lib/python3.8/site-packages/airflow/example_dags/tutorial_dag.py
[2025-06-12T18:40:34.516+0000] {processor.py:840} INFO - DAG(s) 'tutorial_dag' retrieved from /home/airflow/.local/lib/python3.8/site-packages/airflow/example_dags/tutorial_dag.py
[2025-06-12T18:40:34.569+0000] {logging_mixin.py:188} INFO - [2025-06-12T18:40:34.569+0000] {dag.py:3036} INFO - Sync 1 DAGs
[2025-06-12T18:40:34.600+0000] {logging_mixin.py:188} INFO - [2025-06-12T18:40:34.600+0000] {dag.py:3823} INFO - Setting next_dagrun for tutorial_dag to None, run_after=None
[2025-06-12T18:40:34.670+0000] {processor.py:183} INFO - Processing /home/airflow/.local/lib/python3.8/site-packages/airflow/example_dags/tutorial_dag.py took 0.218 seconds
[2025-06-12T18:46:14.333+0000] {processor.py:161} INFO - Started process (PID=702) to work on /home/airflow/.local/lib/python3.8/site-packages/airflow/example_dags/tutorial_dag.py
[2025-06-12T18:46:14.336+0000] {processor.py:830} INFO - Processing file /home/airflow/.local/lib/python3.8/site-packages/airflow/example_dags/tutorial_dag.py for tasks to queue
[2025-06-12T18:46:14.338+0000] {logging_mixin.py:188} INFO - [2025-06-12T18:46:14.337+0000] {dagbag.py:538} INFO - Filling up the DagBag from /home/airflow/.local/lib/python3.8/site-packages/airflow/example_dags/tutorial_dag.py
[2025-06-12T18:46:14.348+0000] {processor.py:840} INFO - DAG(s) 'tutorial_dag' retrieved from /home/airflow/.local/lib/python3.8/site-packages/airflow/example_dags/tutorial_dag.py
[2025-06-12T18:46:14.639+0000] {logging_mixin.py:188} INFO - [2025-06-12T18:46:14.639+0000] {dag.py:3036} INFO - Sync 1 DAGs
[2025-06-12T18:46:14.655+0000] {logging_mixin.py:188} INFO - [2025-06-12T18:46:14.655+0000] {dag.py:3823} INFO - Setting next_dagrun for tutorial_dag to None, run_after=None
[2025-06-12T18:46:14.695+0000] {processor.py:183} INFO - Processing /home/airflow/.local/lib/python3.8/site-packages/airflow/example_dags/tutorial_dag.py took 0.368 seconds
[2025-06-12T18:46:45.113+0000] {processor.py:161} INFO - Started process (PID=758) to work on /home/airflow/.local/lib/python3.8/site-packages/airflow/example_dags/tutorial_dag.py
[2025-06-12T18:46:45.116+0000] {processor.py:830} INFO - Processing file /home/airflow/.local/lib/python3.8/site-packages/airflow/example_dags/tutorial_dag.py for tasks to queue
[2025-06-12T18:46:45.118+0000] {logging_mixin.py:188} INFO - [2025-06-12T18:46:45.117+0000] {dagbag.py:538} INFO - Filling up the DagBag from /home/airflow/.local/lib/python3.8/site-packages/airflow/example_dags/tutorial_dag.py
[2025-06-12T18:46:45.128+0000] {processor.py:840} INFO - DAG(s) 'tutorial_dag' retrieved from /home/airflow/.local/lib/python3.8/site-packages/airflow/example_dags/tutorial_dag.py
[2025-06-12T18:46:45.174+0000] {logging_mixin.py:188} INFO - [2025-06-12T18:46:45.174+0000] {dag.py:3036} INFO - Sync 1 DAGs
[2025-06-12T18:46:45.197+0000] {logging_mixin.py:188} INFO - [2025-06-12T18:46:45.197+0000] {dag.py:3823} INFO - Setting next_dagrun for tutorial_dag to None, run_after=None
[2025-06-12T18:46:45.242+0000] {processor.py:183} INFO - Processing /home/airflow/.local/lib/python3.8/site-packages/airflow/example_dags/tutorial_dag.py took 0.133 seconds
[2025-06-12T18:47:16.137+0000] {processor.py:161} INFO - Started process (PID=813) to work on /home/airflow/.local/lib/python3.8/site-packages/airflow/example_dags/tutorial_dag.py
[2025-06-12T18:47:16.139+0000] {processor.py:830} INFO - Processing file /home/airflow/.local/lib/python3.8/site-packages/airflow/example_dags/tutorial_dag.py for tasks to queue
[2025-06-12T18:47:16.141+0000] {logging_mixin.py:188} INFO - [2025-06-12T18:47:16.140+0000] {dagbag.py:538} INFO - Filling up the DagBag from /home/airflow/.local/lib/python3.8/site-packages/airflow/example_dags/tutorial_dag.py
[2025-06-12T18:47:16.151+0000] {processor.py:840} INFO - DAG(s) 'tutorial_dag' retrieved from /home/airflow/.local/lib/python3.8/site-packages/airflow/example_dags/tutorial_dag.py
[2025-06-12T18:47:16.192+0000] {logging_mixin.py:188} INFO - [2025-06-12T18:47:16.192+0000] {dag.py:3036} INFO - Sync 1 DAGs
[2025-06-12T18:47:16.211+0000] {logging_mixin.py:188} INFO - [2025-06-12T18:47:16.211+0000] {dag.py:3823} INFO - Setting next_dagrun for tutorial_dag to None, run_after=None
[2025-06-12T18:47:16.251+0000] {processor.py:183} INFO - Processing /home/airflow/.local/lib/python3.8/site-packages/airflow/example_dags/tutorial_dag.py took 0.120 seconds
[2025-06-12T18:47:46.653+0000] {processor.py:161} INFO - Started process (PID=867) to work on /home/airflow/.local/lib/python3.8/site-packages/airflow/example_dags/tutorial_dag.py
[2025-06-12T18:47:46.654+0000] {processor.py:830} INFO - Processing file /home/airflow/.local/lib/python3.8/site-packages/airflow/example_dags/tutorial_dag.py for tasks to queue
[2025-06-12T18:47:46.657+0000] {logging_mixin.py:188} INFO - [2025-06-12T18:47:46.656+0000] {dagbag.py:538} INFO - Filling up the DagBag from /home/airflow/.local/lib/python3.8/site-packages/airflow/example_dags/tutorial_dag.py
[2025-06-12T18:47:46.666+0000] {processor.py:840} INFO - DAG(s) 'tutorial_dag' retrieved from /home/airflow/.local/lib/python3.8/site-packages/airflow/example_dags/tutorial_dag.py
[2025-06-12T18:47:46.702+0000] {logging_mixin.py:188} INFO - [2025-06-12T18:47:46.702+0000] {dag.py:3036} INFO - Sync 1 DAGs
[2025-06-12T18:47:46.725+0000] {logging_mixin.py:188} INFO - [2025-06-12T18:47:46.725+0000] {dag.py:3823} INFO - Setting next_dagrun for tutorial_dag to None, run_after=None
[2025-06-12T18:47:46.765+0000] {processor.py:183} INFO - Processing /home/airflow/.local/lib/python3.8/site-packages/airflow/example_dags/tutorial_dag.py took 0.117 seconds
[2025-06-12T18:48:19.189+0000] {processor.py:161} INFO - Started process (PID=921) to work on /home/airflow/.local/lib/python3.8/site-packages/airflow/example_dags/tutorial_dag.py
[2025-06-12T18:48:19.191+0000] {processor.py:830} INFO - Processing file /home/airflow/.local/lib/python3.8/site-packages/airflow/example_dags/tutorial_dag.py for tasks to queue
[2025-06-12T18:48:19.193+0000] {logging_mixin.py:188} INFO - [2025-06-12T18:48:19.192+0000] {dagbag.py:538} INFO - Filling up the DagBag from /home/airflow/.local/lib/python3.8/site-packages/airflow/example_dags/tutorial_dag.py
[2025-06-12T18:48:19.207+0000] {processor.py:840} INFO - DAG(s) 'tutorial_dag' retrieved from /home/airflow/.local/lib/python3.8/site-packages/airflow/example_dags/tutorial_dag.py
[2025-06-12T18:48:19.251+0000] {logging_mixin.py:188} INFO - [2025-06-12T18:48:19.251+0000] {dag.py:3036} INFO - Sync 1 DAGs
[2025-06-12T18:48:19.274+0000] {logging_mixin.py:188} INFO - [2025-06-12T18:48:19.274+0000] {dag.py:3823} INFO - Setting next_dagrun for tutorial_dag to None, run_after=None
[2025-06-12T18:48:19.316+0000] {processor.py:183} INFO - Processing /home/airflow/.local/lib/python3.8/site-packages/airflow/example_dags/tutorial_dag.py took 0.134 seconds
[2025-06-12T18:48:49.726+0000] {processor.py:161} INFO - Started process (PID=976) to work on /home/airflow/.local/lib/python3.8/site-packages/airflow/example_dags/tutorial_dag.py
[2025-06-12T18:48:49.729+0000] {processor.py:830} INFO - Processing file /home/airflow/.local/lib/python3.8/site-packages/airflow/example_dags/tutorial_dag.py for tasks to queue
[2025-06-12T18:48:49.731+0000] {logging_mixin.py:188} INFO - [2025-06-12T18:48:49.730+0000] {dagbag.py:538} INFO - Filling up the DagBag from /home/airflow/.local/lib/python3.8/site-packages/airflow/example_dags/tutorial_dag.py
[2025-06-12T18:48:49.740+0000] {processor.py:840} INFO - DAG(s) 'tutorial_dag' retrieved from /home/airflow/.local/lib/python3.8/site-packages/airflow/example_dags/tutorial_dag.py
[2025-06-12T18:48:49.777+0000] {logging_mixin.py:188} INFO - [2025-06-12T18:48:49.777+0000] {dag.py:3036} INFO - Sync 1 DAGs
[2025-06-12T18:48:49.795+0000] {logging_mixin.py:188} INFO - [2025-06-12T18:48:49.794+0000] {dag.py:3823} INFO - Setting next_dagrun for tutorial_dag to None, run_after=None
[2025-06-12T18:48:49.826+0000] {processor.py:183} INFO - Processing /home/airflow/.local/lib/python3.8/site-packages/airflow/example_dags/tutorial_dag.py took 0.105 seconds
[2025-06-12T18:49:20.166+0000] {processor.py:161} INFO - Started process (PID=1031) to work on /home/airflow/.local/lib/python3.8/site-packages/airflow/example_dags/tutorial_dag.py
[2025-06-12T18:49:20.168+0000] {processor.py:830} INFO - Processing file /home/airflow/.local/lib/python3.8/site-packages/airflow/example_dags/tutorial_dag.py for tasks to queue
[2025-06-12T18:49:20.171+0000] {logging_mixin.py:188} INFO - [2025-06-12T18:49:20.170+0000] {dagbag.py:538} INFO - Filling up the DagBag from /home/airflow/.local/lib/python3.8/site-packages/airflow/example_dags/tutorial_dag.py
[2025-06-12T18:49:20.181+0000] {processor.py:840} INFO - DAG(s) 'tutorial_dag' retrieved from /home/airflow/.local/lib/python3.8/site-packages/airflow/example_dags/tutorial_dag.py
[2025-06-12T18:49:20.228+0000] {logging_mixin.py:188} INFO - [2025-06-12T18:49:20.228+0000] {dag.py:3036} INFO - Sync 1 DAGs
[2025-06-12T18:49:20.246+0000] {logging_mixin.py:188} INFO - [2025-06-12T18:49:20.245+0000] {dag.py:3823} INFO - Setting next_dagrun for tutorial_dag to None, run_after=None
[2025-06-12T18:49:20.277+0000] {processor.py:183} INFO - Processing /home/airflow/.local/lib/python3.8/site-packages/airflow/example_dags/tutorial_dag.py took 0.117 seconds
[2025-06-12T18:49:51.228+0000] {processor.py:161} INFO - Started process (PID=1086) to work on /home/airflow/.local/lib/python3.8/site-packages/airflow/example_dags/tutorial_dag.py
[2025-06-12T18:49:51.230+0000] {processor.py:830} INFO - Processing file /home/airflow/.local/lib/python3.8/site-packages/airflow/example_dags/tutorial_dag.py for tasks to queue
[2025-06-12T18:49:51.233+0000] {logging_mixin.py:188} INFO - [2025-06-12T18:49:51.232+0000] {dagbag.py:538} INFO - Filling up the DagBag from /home/airflow/.local/lib/python3.8/site-packages/airflow/example_dags/tutorial_dag.py
[2025-06-12T18:49:51.245+0000] {processor.py:840} INFO - DAG(s) 'tutorial_dag' retrieved from /home/airflow/.local/lib/python3.8/site-packages/airflow/example_dags/tutorial_dag.py
[2025-06-12T18:49:51.285+0000] {logging_mixin.py:188} INFO - [2025-06-12T18:49:51.284+0000] {dag.py:3036} INFO - Sync 1 DAGs
[2025-06-12T18:49:51.308+0000] {logging_mixin.py:188} INFO - [2025-06-12T18:49:51.307+0000] {dag.py:3823} INFO - Setting next_dagrun for tutorial_dag to None, run_after=None
[2025-06-12T18:49:51.352+0000] {processor.py:183} INFO - Processing /home/airflow/.local/lib/python3.8/site-packages/airflow/example_dags/tutorial_dag.py took 0.131 seconds
[2025-06-12T18:50:21.587+0000] {processor.py:161} INFO - Started process (PID=1141) to work on /home/airflow/.local/lib/python3.8/site-packages/airflow/example_dags/tutorial_dag.py
[2025-06-12T18:50:21.589+0000] {processor.py:830} INFO - Processing file /home/airflow/.local/lib/python3.8/site-packages/airflow/example_dags/tutorial_dag.py for tasks to queue
[2025-06-12T18:50:21.591+0000] {logging_mixin.py:188} INFO - [2025-06-12T18:50:21.591+0000] {dagbag.py:538} INFO - Filling up the DagBag from /home/airflow/.local/lib/python3.8/site-packages/airflow/example_dags/tutorial_dag.py
[2025-06-12T18:50:21.602+0000] {processor.py:840} INFO - DAG(s) 'tutorial_dag' retrieved from /home/airflow/.local/lib/python3.8/site-packages/airflow/example_dags/tutorial_dag.py
[2025-06-12T18:50:21.642+0000] {logging_mixin.py:188} INFO - [2025-06-12T18:50:21.641+0000] {dag.py:3036} INFO - Sync 1 DAGs
[2025-06-12T18:50:21.665+0000] {logging_mixin.py:188} INFO - [2025-06-12T18:50:21.665+0000] {dag.py:3823} INFO - Setting next_dagrun for tutorial_dag to None, run_after=None
[2025-06-12T18:50:21.700+0000] {processor.py:183} INFO - Processing /home/airflow/.local/lib/python3.8/site-packages/airflow/example_dags/tutorial_dag.py took 0.119 seconds
[2025-06-12T18:50:51.800+0000] {processor.py:161} INFO - Started process (PID=1196) to work on /home/airflow/.local/lib/python3.8/site-packages/airflow/example_dags/tutorial_dag.py
[2025-06-12T18:50:51.802+0000] {processor.py:830} INFO - Processing file /home/airflow/.local/lib/python3.8/site-packages/airflow/example_dags/tutorial_dag.py for tasks to queue
[2025-06-12T18:50:51.804+0000] {logging_mixin.py:188} INFO - [2025-06-12T18:50:51.804+0000] {dagbag.py:538} INFO - Filling up the DagBag from /home/airflow/.local/lib/python3.8/site-packages/airflow/example_dags/tutorial_dag.py
[2025-06-12T18:50:51.815+0000] {processor.py:840} INFO - DAG(s) 'tutorial_dag' retrieved from /home/airflow/.local/lib/python3.8/site-packages/airflow/example_dags/tutorial_dag.py
[2025-06-12T18:50:51.854+0000] {logging_mixin.py:188} INFO - [2025-06-12T18:50:51.853+0000] {dag.py:3036} INFO - Sync 1 DAGs
[2025-06-12T18:50:51.873+0000] {logging_mixin.py:188} INFO - [2025-06-12T18:50:51.873+0000] {dag.py:3823} INFO - Setting next_dagrun for tutorial_dag to None, run_after=None
[2025-06-12T18:50:51.908+0000] {processor.py:183} INFO - Processing /home/airflow/.local/lib/python3.8/site-packages/airflow/example_dags/tutorial_dag.py took 0.113 seconds
[2025-06-12T18:51:21.977+0000] {processor.py:161} INFO - Started process (PID=1251) to work on /home/airflow/.local/lib/python3.8/site-packages/airflow/example_dags/tutorial_dag.py
[2025-06-12T18:51:21.979+0000] {processor.py:830} INFO - Processing file /home/airflow/.local/lib/python3.8/site-packages/airflow/example_dags/tutorial_dag.py for tasks to queue
[2025-06-12T18:51:21.981+0000] {logging_mixin.py:188} INFO - [2025-06-12T18:51:21.980+0000] {dagbag.py:538} INFO - Filling up the DagBag from /home/airflow/.local/lib/python3.8/site-packages/airflow/example_dags/tutorial_dag.py
[2025-06-12T18:51:21.989+0000] {processor.py:840} INFO - DAG(s) 'tutorial_dag' retrieved from /home/airflow/.local/lib/python3.8/site-packages/airflow/example_dags/tutorial_dag.py
[2025-06-12T18:51:22.026+0000] {logging_mixin.py:188} INFO - [2025-06-12T18:51:22.026+0000] {dag.py:3036} INFO - Sync 1 DAGs
[2025-06-12T18:51:22.043+0000] {logging_mixin.py:188} INFO - [2025-06-12T18:51:22.043+0000] {dag.py:3823} INFO - Setting next_dagrun for tutorial_dag to None, run_after=None
[2025-06-12T18:51:22.075+0000] {processor.py:183} INFO - Processing /home/airflow/.local/lib/python3.8/site-packages/airflow/example_dags/tutorial_dag.py took 0.103 seconds
[2025-06-12T18:51:52.534+0000] {processor.py:161} INFO - Started process (PID=1306) to work on /home/airflow/.local/lib/python3.8/site-packages/airflow/example_dags/tutorial_dag.py
[2025-06-12T18:51:52.536+0000] {processor.py:830} INFO - Processing file /home/airflow/.local/lib/python3.8/site-packages/airflow/example_dags/tutorial_dag.py for tasks to queue
[2025-06-12T18:51:52.541+0000] {logging_mixin.py:188} INFO - [2025-06-12T18:51:52.540+0000] {dagbag.py:538} INFO - Filling up the DagBag from /home/airflow/.local/lib/python3.8/site-packages/airflow/example_dags/tutorial_dag.py
[2025-06-12T18:51:52.553+0000] {processor.py:840} INFO - DAG(s) 'tutorial_dag' retrieved from /home/airflow/.local/lib/python3.8/site-packages/airflow/example_dags/tutorial_dag.py
[2025-06-12T18:51:52.590+0000] {logging_mixin.py:188} INFO - [2025-06-12T18:51:52.590+0000] {dag.py:3036} INFO - Sync 1 DAGs
[2025-06-12T18:51:52.607+0000] {logging_mixin.py:188} INFO - [2025-06-12T18:51:52.607+0000] {dag.py:3823} INFO - Setting next_dagrun for tutorial_dag to None, run_after=None
[2025-06-12T18:51:52.640+0000] {processor.py:183} INFO - Processing /home/airflow/.local/lib/python3.8/site-packages/airflow/example_dags/tutorial_dag.py took 0.113 seconds
[2025-06-12T18:52:24.236+0000] {processor.py:161} INFO - Started process (PID=1362) to work on /home/airflow/.local/lib/python3.8/site-packages/airflow/example_dags/tutorial_dag.py
[2025-06-12T18:52:24.239+0000] {processor.py:830} INFO - Processing file /home/airflow/.local/lib/python3.8/site-packages/airflow/example_dags/tutorial_dag.py for tasks to queue
[2025-06-12T18:52:24.242+0000] {logging_mixin.py:188} INFO - [2025-06-12T18:52:24.241+0000] {dagbag.py:538} INFO - Filling up the DagBag from /home/airflow/.local/lib/python3.8/site-packages/airflow/example_dags/tutorial_dag.py
[2025-06-12T18:52:24.263+0000] {processor.py:840} INFO - DAG(s) 'tutorial_dag' retrieved from /home/airflow/.local/lib/python3.8/site-packages/airflow/example_dags/tutorial_dag.py
[2025-06-12T18:52:24.316+0000] {logging_mixin.py:188} INFO - [2025-06-12T18:52:24.315+0000] {dag.py:3036} INFO - Sync 1 DAGs
[2025-06-12T18:52:24.337+0000] {logging_mixin.py:188} INFO - [2025-06-12T18:52:24.337+0000] {dag.py:3823} INFO - Setting next_dagrun for tutorial_dag to None, run_after=None
[2025-06-12T18:52:24.378+0000] {processor.py:183} INFO - Processing /home/airflow/.local/lib/python3.8/site-packages/airflow/example_dags/tutorial_dag.py took 0.154 seconds
[2025-06-12T18:52:55.341+0000] {processor.py:161} INFO - Started process (PID=1417) to work on /home/airflow/.local/lib/python3.8/site-packages/airflow/example_dags/tutorial_dag.py
[2025-06-12T18:52:55.343+0000] {processor.py:830} INFO - Processing file /home/airflow/.local/lib/python3.8/site-packages/airflow/example_dags/tutorial_dag.py for tasks to queue
[2025-06-12T18:52:55.345+0000] {logging_mixin.py:188} INFO - [2025-06-12T18:52:55.344+0000] {dagbag.py:538} INFO - Filling up the DagBag from /home/airflow/.local/lib/python3.8/site-packages/airflow/example_dags/tutorial_dag.py
[2025-06-12T18:52:55.355+0000] {processor.py:840} INFO - DAG(s) 'tutorial_dag' retrieved from /home/airflow/.local/lib/python3.8/site-packages/airflow/example_dags/tutorial_dag.py
[2025-06-12T18:52:55.403+0000] {logging_mixin.py:188} INFO - [2025-06-12T18:52:55.403+0000] {dag.py:3036} INFO - Sync 1 DAGs
[2025-06-12T18:52:55.421+0000] {logging_mixin.py:188} INFO - [2025-06-12T18:52:55.421+0000] {dag.py:3823} INFO - Setting next_dagrun for tutorial_dag to None, run_after=None
[2025-06-12T18:52:55.460+0000] {processor.py:183} INFO - Processing /home/airflow/.local/lib/python3.8/site-packages/airflow/example_dags/tutorial_dag.py took 0.124 seconds
[2025-06-12T18:53:26.156+0000] {processor.py:161} INFO - Started process (PID=1472) to work on /home/airflow/.local/lib/python3.8/site-packages/airflow/example_dags/tutorial_dag.py
[2025-06-12T18:53:26.159+0000] {processor.py:830} INFO - Processing file /home/airflow/.local/lib/python3.8/site-packages/airflow/example_dags/tutorial_dag.py for tasks to queue
[2025-06-12T18:53:26.162+0000] {logging_mixin.py:188} INFO - [2025-06-12T18:53:26.161+0000] {dagbag.py:538} INFO - Filling up the DagBag from /home/airflow/.local/lib/python3.8/site-packages/airflow/example_dags/tutorial_dag.py
[2025-06-12T18:53:26.174+0000] {processor.py:840} INFO - DAG(s) 'tutorial_dag' retrieved from /home/airflow/.local/lib/python3.8/site-packages/airflow/example_dags/tutorial_dag.py
[2025-06-12T18:53:26.220+0000] {logging_mixin.py:188} INFO - [2025-06-12T18:53:26.220+0000] {dag.py:3036} INFO - Sync 1 DAGs
[2025-06-12T18:53:26.245+0000] {logging_mixin.py:188} INFO - [2025-06-12T18:53:26.245+0000] {dag.py:3823} INFO - Setting next_dagrun for tutorial_dag to None, run_after=None
[2025-06-12T18:53:26.285+0000] {processor.py:183} INFO - Processing /home/airflow/.local/lib/python3.8/site-packages/airflow/example_dags/tutorial_dag.py took 0.135 seconds
[2025-06-12T18:53:56.463+0000] {processor.py:161} INFO - Started process (PID=1528) to work on /home/airflow/.local/lib/python3.8/site-packages/airflow/example_dags/tutorial_dag.py
[2025-06-12T18:53:56.466+0000] {processor.py:830} INFO - Processing file /home/airflow/.local/lib/python3.8/site-packages/airflow/example_dags/tutorial_dag.py for tasks to queue
[2025-06-12T18:53:56.467+0000] {logging_mixin.py:188} INFO - [2025-06-12T18:53:56.467+0000] {dagbag.py:538} INFO - Filling up the DagBag from /home/airflow/.local/lib/python3.8/site-packages/airflow/example_dags/tutorial_dag.py
[2025-06-12T18:53:56.478+0000] {processor.py:840} INFO - DAG(s) 'tutorial_dag' retrieved from /home/airflow/.local/lib/python3.8/site-packages/airflow/example_dags/tutorial_dag.py
[2025-06-12T18:53:56.512+0000] {logging_mixin.py:188} INFO - [2025-06-12T18:53:56.511+0000] {dag.py:3036} INFO - Sync 1 DAGs
[2025-06-12T18:53:56.531+0000] {logging_mixin.py:188} INFO - [2025-06-12T18:53:56.531+0000] {dag.py:3823} INFO - Setting next_dagrun for tutorial_dag to None, run_after=None
[2025-06-12T18:53:56.563+0000] {processor.py:183} INFO - Processing /home/airflow/.local/lib/python3.8/site-packages/airflow/example_dags/tutorial_dag.py took 0.105 seconds
[2025-06-12T18:54:27.154+0000] {processor.py:161} INFO - Started process (PID=1583) to work on /home/airflow/.local/lib/python3.8/site-packages/airflow/example_dags/tutorial_dag.py
[2025-06-12T18:54:27.156+0000] {processor.py:830} INFO - Processing file /home/airflow/.local/lib/python3.8/site-packages/airflow/example_dags/tutorial_dag.py for tasks to queue
[2025-06-12T18:54:27.158+0000] {logging_mixin.py:188} INFO - [2025-06-12T18:54:27.157+0000] {dagbag.py:538} INFO - Filling up the DagBag from /home/airflow/.local/lib/python3.8/site-packages/airflow/example_dags/tutorial_dag.py
[2025-06-12T18:54:27.170+0000] {processor.py:840} INFO - DAG(s) 'tutorial_dag' retrieved from /home/airflow/.local/lib/python3.8/site-packages/airflow/example_dags/tutorial_dag.py
[2025-06-12T18:54:27.215+0000] {logging_mixin.py:188} INFO - [2025-06-12T18:54:27.215+0000] {dag.py:3036} INFO - Sync 1 DAGs
[2025-06-12T18:54:27.232+0000] {logging_mixin.py:188} INFO - [2025-06-12T18:54:27.232+0000] {dag.py:3823} INFO - Setting next_dagrun for tutorial_dag to None, run_after=None
[2025-06-12T18:54:27.267+0000] {processor.py:183} INFO - Processing /home/airflow/.local/lib/python3.8/site-packages/airflow/example_dags/tutorial_dag.py took 0.121 seconds
[2025-06-12T18:54:58.183+0000] {processor.py:161} INFO - Started process (PID=1638) to work on /home/airflow/.local/lib/python3.8/site-packages/airflow/example_dags/tutorial_dag.py
[2025-06-12T18:54:58.186+0000] {processor.py:830} INFO - Processing file /home/airflow/.local/lib/python3.8/site-packages/airflow/example_dags/tutorial_dag.py for tasks to queue
[2025-06-12T18:54:58.191+0000] {logging_mixin.py:188} INFO - [2025-06-12T18:54:58.189+0000] {dagbag.py:538} INFO - Filling up the DagBag from /home/airflow/.local/lib/python3.8/site-packages/airflow/example_dags/tutorial_dag.py
[2025-06-12T18:54:58.206+0000] {processor.py:840} INFO - DAG(s) 'tutorial_dag' retrieved from /home/airflow/.local/lib/python3.8/site-packages/airflow/example_dags/tutorial_dag.py
[2025-06-12T18:54:58.269+0000] {logging_mixin.py:188} INFO - [2025-06-12T18:54:58.268+0000] {dag.py:3036} INFO - Sync 1 DAGs
[2025-06-12T18:54:58.299+0000] {logging_mixin.py:188} INFO - [2025-06-12T18:54:58.298+0000] {dag.py:3823} INFO - Setting next_dagrun for tutorial_dag to None, run_after=None
[2025-06-12T18:54:58.344+0000] {processor.py:183} INFO - Processing /home/airflow/.local/lib/python3.8/site-packages/airflow/example_dags/tutorial_dag.py took 0.169 seconds
[2025-06-12T18:55:28.501+0000] {processor.py:161} INFO - Started process (PID=1693) to work on /home/airflow/.local/lib/python3.8/site-packages/airflow/example_dags/tutorial_dag.py
[2025-06-12T18:55:28.503+0000] {processor.py:830} INFO - Processing file /home/airflow/.local/lib/python3.8/site-packages/airflow/example_dags/tutorial_dag.py for tasks to queue
[2025-06-12T18:55:28.504+0000] {logging_mixin.py:188} INFO - [2025-06-12T18:55:28.504+0000] {dagbag.py:538} INFO - Filling up the DagBag from /home/airflow/.local/lib/python3.8/site-packages/airflow/example_dags/tutorial_dag.py
[2025-06-12T18:55:28.515+0000] {processor.py:840} INFO - DAG(s) 'tutorial_dag' retrieved from /home/airflow/.local/lib/python3.8/site-packages/airflow/example_dags/tutorial_dag.py
[2025-06-12T18:55:28.572+0000] {logging_mixin.py:188} INFO - [2025-06-12T18:55:28.572+0000] {dag.py:3036} INFO - Sync 1 DAGs
[2025-06-12T18:55:28.589+0000] {logging_mixin.py:188} INFO - [2025-06-12T18:55:28.588+0000] {dag.py:3823} INFO - Setting next_dagrun for tutorial_dag to None, run_after=None
[2025-06-12T18:55:28.623+0000] {processor.py:183} INFO - Processing /home/airflow/.local/lib/python3.8/site-packages/airflow/example_dags/tutorial_dag.py took 0.128 seconds
[2025-06-12T18:55:58.839+0000] {processor.py:161} INFO - Started process (PID=1748) to work on /home/airflow/.local/lib/python3.8/site-packages/airflow/example_dags/tutorial_dag.py
[2025-06-12T18:55:58.841+0000] {processor.py:830} INFO - Processing file /home/airflow/.local/lib/python3.8/site-packages/airflow/example_dags/tutorial_dag.py for tasks to queue
[2025-06-12T18:55:58.843+0000] {logging_mixin.py:188} INFO - [2025-06-12T18:55:58.842+0000] {dagbag.py:538} INFO - Filling up the DagBag from /home/airflow/.local/lib/python3.8/site-packages/airflow/example_dags/tutorial_dag.py
[2025-06-12T18:55:58.852+0000] {processor.py:840} INFO - DAG(s) 'tutorial_dag' retrieved from /home/airflow/.local/lib/python3.8/site-packages/airflow/example_dags/tutorial_dag.py
[2025-06-12T18:55:58.888+0000] {logging_mixin.py:188} INFO - [2025-06-12T18:55:58.888+0000] {dag.py:3036} INFO - Sync 1 DAGs
[2025-06-12T18:55:58.906+0000] {logging_mixin.py:188} INFO - [2025-06-12T18:55:58.905+0000] {dag.py:3823} INFO - Setting next_dagrun for tutorial_dag to None, run_after=None
[2025-06-12T18:55:58.938+0000] {processor.py:183} INFO - Processing /home/airflow/.local/lib/python3.8/site-packages/airflow/example_dags/tutorial_dag.py took 0.105 seconds
[2025-06-12T18:56:29.484+0000] {processor.py:161} INFO - Started process (PID=1803) to work on /home/airflow/.local/lib/python3.8/site-packages/airflow/example_dags/tutorial_dag.py
[2025-06-12T18:56:29.485+0000] {processor.py:830} INFO - Processing file /home/airflow/.local/lib/python3.8/site-packages/airflow/example_dags/tutorial_dag.py for tasks to queue
[2025-06-12T18:56:29.487+0000] {logging_mixin.py:188} INFO - [2025-06-12T18:56:29.487+0000] {dagbag.py:538} INFO - Filling up the DagBag from /home/airflow/.local/lib/python3.8/site-packages/airflow/example_dags/tutorial_dag.py
[2025-06-12T18:56:29.497+0000] {processor.py:840} INFO - DAG(s) 'tutorial_dag' retrieved from /home/airflow/.local/lib/python3.8/site-packages/airflow/example_dags/tutorial_dag.py
[2025-06-12T18:56:29.554+0000] {logging_mixin.py:188} INFO - [2025-06-12T18:56:29.553+0000] {dag.py:3036} INFO - Sync 1 DAGs
[2025-06-12T18:56:29.601+0000] {logging_mixin.py:188} INFO - [2025-06-12T18:56:29.600+0000] {dag.py:3823} INFO - Setting next_dagrun for tutorial_dag to None, run_after=None
[2025-06-12T18:56:29.645+0000] {processor.py:183} INFO - Processing /home/airflow/.local/lib/python3.8/site-packages/airflow/example_dags/tutorial_dag.py took 0.166 seconds
[2025-06-12T18:57:00.112+0000] {processor.py:161} INFO - Started process (PID=1858) to work on /home/airflow/.local/lib/python3.8/site-packages/airflow/example_dags/tutorial_dag.py
[2025-06-12T18:57:00.115+0000] {processor.py:830} INFO - Processing file /home/airflow/.local/lib/python3.8/site-packages/airflow/example_dags/tutorial_dag.py for tasks to queue
[2025-06-12T18:57:00.119+0000] {logging_mixin.py:188} INFO - [2025-06-12T18:57:00.118+0000] {dagbag.py:538} INFO - Filling up the DagBag from /home/airflow/.local/lib/python3.8/site-packages/airflow/example_dags/tutorial_dag.py
[2025-06-12T18:57:00.130+0000] {processor.py:840} INFO - DAG(s) 'tutorial_dag' retrieved from /home/airflow/.local/lib/python3.8/site-packages/airflow/example_dags/tutorial_dag.py
[2025-06-12T18:57:00.178+0000] {logging_mixin.py:188} INFO - [2025-06-12T18:57:00.178+0000] {dag.py:3036} INFO - Sync 1 DAGs
[2025-06-12T18:57:00.198+0000] {logging_mixin.py:188} INFO - [2025-06-12T18:57:00.198+0000] {dag.py:3823} INFO - Setting next_dagrun for tutorial_dag to None, run_after=None
[2025-06-12T18:57:00.241+0000] {processor.py:183} INFO - Processing /home/airflow/.local/lib/python3.8/site-packages/airflow/example_dags/tutorial_dag.py took 0.136 seconds
[2025-06-12T18:57:41.845+0000] {processor.py:161} INFO - Started process (PID=1914) to work on /home/airflow/.local/lib/python3.8/site-packages/airflow/example_dags/tutorial_dag.py
[2025-06-12T18:57:41.850+0000] {processor.py:830} INFO - Processing file /home/airflow/.local/lib/python3.8/site-packages/airflow/example_dags/tutorial_dag.py for tasks to queue
[2025-06-12T18:57:41.858+0000] {logging_mixin.py:188} INFO - [2025-06-12T18:57:41.857+0000] {dagbag.py:538} INFO - Filling up the DagBag from /home/airflow/.local/lib/python3.8/site-packages/airflow/example_dags/tutorial_dag.py
[2025-06-12T18:57:41.878+0000] {processor.py:840} INFO - DAG(s) 'tutorial_dag' retrieved from /home/airflow/.local/lib/python3.8/site-packages/airflow/example_dags/tutorial_dag.py
[2025-06-12T18:57:41.950+0000] {logging_mixin.py:188} INFO - [2025-06-12T18:57:41.950+0000] {dag.py:3036} INFO - Sync 1 DAGs
[2025-06-12T18:57:42.009+0000] {logging_mixin.py:188} INFO - [2025-06-12T18:57:42.008+0000] {dag.py:3823} INFO - Setting next_dagrun for tutorial_dag to None, run_after=None
[2025-06-12T18:57:42.065+0000] {processor.py:183} INFO - Processing /home/airflow/.local/lib/python3.8/site-packages/airflow/example_dags/tutorial_dag.py took 0.231 seconds
[2025-06-12T18:58:12.706+0000] {processor.py:161} INFO - Started process (PID=1970) to work on /home/airflow/.local/lib/python3.8/site-packages/airflow/example_dags/tutorial_dag.py
[2025-06-12T18:58:12.708+0000] {processor.py:830} INFO - Processing file /home/airflow/.local/lib/python3.8/site-packages/airflow/example_dags/tutorial_dag.py for tasks to queue
[2025-06-12T18:58:12.711+0000] {logging_mixin.py:188} INFO - [2025-06-12T18:58:12.710+0000] {dagbag.py:538} INFO - Filling up the DagBag from /home/airflow/.local/lib/python3.8/site-packages/airflow/example_dags/tutorial_dag.py
[2025-06-12T18:58:12.721+0000] {processor.py:840} INFO - DAG(s) 'tutorial_dag' retrieved from /home/airflow/.local/lib/python3.8/site-packages/airflow/example_dags/tutorial_dag.py
[2025-06-12T18:58:12.760+0000] {logging_mixin.py:188} INFO - [2025-06-12T18:58:12.760+0000] {dag.py:3036} INFO - Sync 1 DAGs
[2025-06-12T18:58:12.782+0000] {logging_mixin.py:188} INFO - [2025-06-12T18:58:12.781+0000] {dag.py:3823} INFO - Setting next_dagrun for tutorial_dag to None, run_after=None
[2025-06-12T18:58:12.825+0000] {processor.py:183} INFO - Processing /home/airflow/.local/lib/python3.8/site-packages/airflow/example_dags/tutorial_dag.py took 0.125 seconds
[2025-06-12T18:58:43.871+0000] {processor.py:161} INFO - Started process (PID=2025) to work on /home/airflow/.local/lib/python3.8/site-packages/airflow/example_dags/tutorial_dag.py
[2025-06-12T18:58:43.874+0000] {processor.py:830} INFO - Processing file /home/airflow/.local/lib/python3.8/site-packages/airflow/example_dags/tutorial_dag.py for tasks to queue
[2025-06-12T18:58:43.875+0000] {logging_mixin.py:188} INFO - [2025-06-12T18:58:43.875+0000] {dagbag.py:538} INFO - Filling up the DagBag from /home/airflow/.local/lib/python3.8/site-packages/airflow/example_dags/tutorial_dag.py
[2025-06-12T18:58:43.887+0000] {processor.py:840} INFO - DAG(s) 'tutorial_dag' retrieved from /home/airflow/.local/lib/python3.8/site-packages/airflow/example_dags/tutorial_dag.py
[2025-06-12T18:58:43.925+0000] {logging_mixin.py:188} INFO - [2025-06-12T18:58:43.925+0000] {dag.py:3036} INFO - Sync 1 DAGs
[2025-06-12T18:58:43.943+0000] {logging_mixin.py:188} INFO - [2025-06-12T18:58:43.943+0000] {dag.py:3823} INFO - Setting next_dagrun for tutorial_dag to None, run_after=None
[2025-06-12T18:58:43.976+0000] {processor.py:183} INFO - Processing /home/airflow/.local/lib/python3.8/site-packages/airflow/example_dags/tutorial_dag.py took 0.111 seconds
[2025-06-12T18:59:16.204+0000] {processor.py:161} INFO - Started process (PID=2080) to work on /home/airflow/.local/lib/python3.8/site-packages/airflow/example_dags/tutorial_dag.py
[2025-06-12T18:59:16.208+0000] {processor.py:830} INFO - Processing file /home/airflow/.local/lib/python3.8/site-packages/airflow/example_dags/tutorial_dag.py for tasks to queue
[2025-06-12T18:59:16.211+0000] {logging_mixin.py:188} INFO - [2025-06-12T18:59:16.210+0000] {dagbag.py:538} INFO - Filling up the DagBag from /home/airflow/.local/lib/python3.8/site-packages/airflow/example_dags/tutorial_dag.py
[2025-06-12T18:59:16.227+0000] {processor.py:840} INFO - DAG(s) 'tutorial_dag' retrieved from /home/airflow/.local/lib/python3.8/site-packages/airflow/example_dags/tutorial_dag.py
[2025-06-12T18:59:16.286+0000] {logging_mixin.py:188} INFO - [2025-06-12T18:59:16.286+0000] {dag.py:3036} INFO - Sync 1 DAGs
[2025-06-12T18:59:16.319+0000] {logging_mixin.py:188} INFO - [2025-06-12T18:59:16.318+0000] {dag.py:3823} INFO - Setting next_dagrun for tutorial_dag to None, run_after=None
[2025-06-12T18:59:16.366+0000] {processor.py:183} INFO - Processing /home/airflow/.local/lib/python3.8/site-packages/airflow/example_dags/tutorial_dag.py took 0.170 seconds
[2025-06-12T18:59:47.944+0000] {processor.py:161} INFO - Started process (PID=2135) to work on /home/airflow/.local/lib/python3.8/site-packages/airflow/example_dags/tutorial_dag.py
[2025-06-12T18:59:47.948+0000] {processor.py:830} INFO - Processing file /home/airflow/.local/lib/python3.8/site-packages/airflow/example_dags/tutorial_dag.py for tasks to queue
[2025-06-12T18:59:47.951+0000] {logging_mixin.py:188} INFO - [2025-06-12T18:59:47.951+0000] {dagbag.py:538} INFO - Filling up the DagBag from /home/airflow/.local/lib/python3.8/site-packages/airflow/example_dags/tutorial_dag.py
[2025-06-12T18:59:47.976+0000] {processor.py:840} INFO - DAG(s) 'tutorial_dag' retrieved from /home/airflow/.local/lib/python3.8/site-packages/airflow/example_dags/tutorial_dag.py
[2025-06-12T18:59:48.043+0000] {logging_mixin.py:188} INFO - [2025-06-12T18:59:48.042+0000] {dag.py:3036} INFO - Sync 1 DAGs
[2025-06-12T18:59:48.078+0000] {logging_mixin.py:188} INFO - [2025-06-12T18:59:48.077+0000] {dag.py:3823} INFO - Setting next_dagrun for tutorial_dag to None, run_after=None
[2025-06-12T18:59:48.130+0000] {processor.py:183} INFO - Processing /home/airflow/.local/lib/python3.8/site-packages/airflow/example_dags/tutorial_dag.py took 0.198 seconds
[2025-06-12T19:00:18.507+0000] {processor.py:161} INFO - Started process (PID=2188) to work on /home/airflow/.local/lib/python3.8/site-packages/airflow/example_dags/tutorial_dag.py
[2025-06-12T19:00:18.511+0000] {processor.py:830} INFO - Processing file /home/airflow/.local/lib/python3.8/site-packages/airflow/example_dags/tutorial_dag.py for tasks to queue
[2025-06-12T19:00:18.514+0000] {logging_mixin.py:188} INFO - [2025-06-12T19:00:18.513+0000] {dagbag.py:538} INFO - Filling up the DagBag from /home/airflow/.local/lib/python3.8/site-packages/airflow/example_dags/tutorial_dag.py
[2025-06-12T19:00:18.532+0000] {processor.py:840} INFO - DAG(s) 'tutorial_dag' retrieved from /home/airflow/.local/lib/python3.8/site-packages/airflow/example_dags/tutorial_dag.py
[2025-06-12T19:00:18.599+0000] {logging_mixin.py:188} INFO - [2025-06-12T19:00:18.598+0000] {dag.py:3036} INFO - Sync 1 DAGs
[2025-06-12T19:00:18.632+0000] {logging_mixin.py:188} INFO - [2025-06-12T19:00:18.632+0000] {dag.py:3823} INFO - Setting next_dagrun for tutorial_dag to None, run_after=None
[2025-06-12T19:00:18.686+0000] {processor.py:183} INFO - Processing /home/airflow/.local/lib/python3.8/site-packages/airflow/example_dags/tutorial_dag.py took 0.189 seconds
[2025-06-12T19:00:48.976+0000] {processor.py:161} INFO - Started process (PID=2244) to work on /home/airflow/.local/lib/python3.8/site-packages/airflow/example_dags/tutorial_dag.py
[2025-06-12T19:00:48.979+0000] {processor.py:830} INFO - Processing file /home/airflow/.local/lib/python3.8/site-packages/airflow/example_dags/tutorial_dag.py for tasks to queue
[2025-06-12T19:00:48.982+0000] {logging_mixin.py:188} INFO - [2025-06-12T19:00:48.981+0000] {dagbag.py:538} INFO - Filling up the DagBag from /home/airflow/.local/lib/python3.8/site-packages/airflow/example_dags/tutorial_dag.py
[2025-06-12T19:00:49.000+0000] {processor.py:840} INFO - DAG(s) 'tutorial_dag' retrieved from /home/airflow/.local/lib/python3.8/site-packages/airflow/example_dags/tutorial_dag.py
[2025-06-12T19:00:49.077+0000] {logging_mixin.py:188} INFO - [2025-06-12T19:00:49.077+0000] {dag.py:3036} INFO - Sync 1 DAGs
[2025-06-12T19:00:49.116+0000] {logging_mixin.py:188} INFO - [2025-06-12T19:00:49.115+0000] {dag.py:3823} INFO - Setting next_dagrun for tutorial_dag to None, run_after=None
[2025-06-12T19:00:49.177+0000] {processor.py:183} INFO - Processing /home/airflow/.local/lib/python3.8/site-packages/airflow/example_dags/tutorial_dag.py took 0.211 seconds
[2025-06-12T19:01:19.430+0000] {processor.py:161} INFO - Started process (PID=2298) to work on /home/airflow/.local/lib/python3.8/site-packages/airflow/example_dags/tutorial_dag.py
[2025-06-12T19:01:19.434+0000] {processor.py:830} INFO - Processing file /home/airflow/.local/lib/python3.8/site-packages/airflow/example_dags/tutorial_dag.py for tasks to queue
[2025-06-12T19:01:19.437+0000] {logging_mixin.py:188} INFO - [2025-06-12T19:01:19.436+0000] {dagbag.py:538} INFO - Filling up the DagBag from /home/airflow/.local/lib/python3.8/site-packages/airflow/example_dags/tutorial_dag.py
[2025-06-12T19:01:19.453+0000] {processor.py:840} INFO - DAG(s) 'tutorial_dag' retrieved from /home/airflow/.local/lib/python3.8/site-packages/airflow/example_dags/tutorial_dag.py
[2025-06-12T19:01:19.541+0000] {logging_mixin.py:188} INFO - [2025-06-12T19:01:19.540+0000] {dag.py:3036} INFO - Sync 1 DAGs
[2025-06-12T19:01:19.573+0000] {logging_mixin.py:188} INFO - [2025-06-12T19:01:19.573+0000] {dag.py:3823} INFO - Setting next_dagrun for tutorial_dag to None, run_after=None
[2025-06-12T19:01:19.639+0000] {processor.py:183} INFO - Processing /home/airflow/.local/lib/python3.8/site-packages/airflow/example_dags/tutorial_dag.py took 0.220 seconds
[2025-06-12T19:01:50.008+0000] {processor.py:161} INFO - Started process (PID=2353) to work on /home/airflow/.local/lib/python3.8/site-packages/airflow/example_dags/tutorial_dag.py
[2025-06-12T19:01:50.013+0000] {processor.py:830} INFO - Processing file /home/airflow/.local/lib/python3.8/site-packages/airflow/example_dags/tutorial_dag.py for tasks to queue
[2025-06-12T19:01:50.017+0000] {logging_mixin.py:188} INFO - [2025-06-12T19:01:50.016+0000] {dagbag.py:538} INFO - Filling up the DagBag from /home/airflow/.local/lib/python3.8/site-packages/airflow/example_dags/tutorial_dag.py
[2025-06-12T19:01:50.037+0000] {processor.py:840} INFO - DAG(s) 'tutorial_dag' retrieved from /home/airflow/.local/lib/python3.8/site-packages/airflow/example_dags/tutorial_dag.py
[2025-06-12T19:01:50.113+0000] {logging_mixin.py:188} INFO - [2025-06-12T19:01:50.112+0000] {dag.py:3036} INFO - Sync 1 DAGs
[2025-06-12T19:01:50.145+0000] {logging_mixin.py:188} INFO - [2025-06-12T19:01:50.144+0000] {dag.py:3823} INFO - Setting next_dagrun for tutorial_dag to None, run_after=None
[2025-06-12T19:01:50.206+0000] {processor.py:183} INFO - Processing /home/airflow/.local/lib/python3.8/site-packages/airflow/example_dags/tutorial_dag.py took 0.211 seconds
[2025-06-12T19:02:20.371+0000] {processor.py:161} INFO - Started process (PID=2409) to work on /home/airflow/.local/lib/python3.8/site-packages/airflow/example_dags/tutorial_dag.py
[2025-06-12T19:02:20.375+0000] {processor.py:830} INFO - Processing file /home/airflow/.local/lib/python3.8/site-packages/airflow/example_dags/tutorial_dag.py for tasks to queue
[2025-06-12T19:02:20.379+0000] {logging_mixin.py:188} INFO - [2025-06-12T19:02:20.377+0000] {dagbag.py:538} INFO - Filling up the DagBag from /home/airflow/.local/lib/python3.8/site-packages/airflow/example_dags/tutorial_dag.py
[2025-06-12T19:02:20.401+0000] {processor.py:840} INFO - DAG(s) 'tutorial_dag' retrieved from /home/airflow/.local/lib/python3.8/site-packages/airflow/example_dags/tutorial_dag.py
[2025-06-12T19:02:20.465+0000] {logging_mixin.py:188} INFO - [2025-06-12T19:02:20.465+0000] {dag.py:3036} INFO - Sync 1 DAGs
[2025-06-12T19:02:20.496+0000] {logging_mixin.py:188} INFO - [2025-06-12T19:02:20.495+0000] {dag.py:3823} INFO - Setting next_dagrun for tutorial_dag to None, run_after=None
[2025-06-12T19:02:20.559+0000] {processor.py:183} INFO - Processing /home/airflow/.local/lib/python3.8/site-packages/airflow/example_dags/tutorial_dag.py took 0.199 seconds
[2025-06-12T19:02:50.842+0000] {processor.py:161} INFO - Started process (PID=2464) to work on /home/airflow/.local/lib/python3.8/site-packages/airflow/example_dags/tutorial_dag.py
[2025-06-12T19:02:50.847+0000] {processor.py:830} INFO - Processing file /home/airflow/.local/lib/python3.8/site-packages/airflow/example_dags/tutorial_dag.py for tasks to queue
[2025-06-12T19:02:50.852+0000] {logging_mixin.py:188} INFO - [2025-06-12T19:02:50.851+0000] {dagbag.py:538} INFO - Filling up the DagBag from /home/airflow/.local/lib/python3.8/site-packages/airflow/example_dags/tutorial_dag.py
[2025-06-12T19:02:50.875+0000] {processor.py:840} INFO - DAG(s) 'tutorial_dag' retrieved from /home/airflow/.local/lib/python3.8/site-packages/airflow/example_dags/tutorial_dag.py
[2025-06-12T19:02:50.943+0000] {logging_mixin.py:188} INFO - [2025-06-12T19:02:50.943+0000] {dag.py:3036} INFO - Sync 1 DAGs
[2025-06-12T19:02:50.986+0000] {logging_mixin.py:188} INFO - [2025-06-12T19:02:50.985+0000] {dag.py:3823} INFO - Setting next_dagrun for tutorial_dag to None, run_after=None
[2025-06-12T19:02:51.052+0000] {processor.py:183} INFO - Processing /home/airflow/.local/lib/python3.8/site-packages/airflow/example_dags/tutorial_dag.py took 0.222 seconds
[2025-06-12T19:03:22.248+0000] {processor.py:161} INFO - Started process (PID=2525) to work on /home/airflow/.local/lib/python3.8/site-packages/airflow/example_dags/tutorial_dag.py
[2025-06-12T19:03:22.251+0000] {processor.py:830} INFO - Processing file /home/airflow/.local/lib/python3.8/site-packages/airflow/example_dags/tutorial_dag.py for tasks to queue
[2025-06-12T19:03:22.254+0000] {logging_mixin.py:188} INFO - [2025-06-12T19:03:22.253+0000] {dagbag.py:538} INFO - Filling up the DagBag from /home/airflow/.local/lib/python3.8/site-packages/airflow/example_dags/tutorial_dag.py
[2025-06-12T19:03:22.271+0000] {processor.py:840} INFO - DAG(s) 'tutorial_dag' retrieved from /home/airflow/.local/lib/python3.8/site-packages/airflow/example_dags/tutorial_dag.py
[2025-06-12T19:03:22.340+0000] {logging_mixin.py:188} INFO - [2025-06-12T19:03:22.339+0000] {dag.py:3036} INFO - Sync 1 DAGs
[2025-06-12T19:03:22.369+0000] {logging_mixin.py:188} INFO - [2025-06-12T19:03:22.369+0000] {dag.py:3823} INFO - Setting next_dagrun for tutorial_dag to None, run_after=None
[2025-06-12T19:03:22.433+0000] {processor.py:183} INFO - Processing /home/airflow/.local/lib/python3.8/site-packages/airflow/example_dags/tutorial_dag.py took 0.193 seconds
[2025-06-12T19:03:52.910+0000] {processor.py:161} INFO - Started process (PID=2580) to work on /home/airflow/.local/lib/python3.8/site-packages/airflow/example_dags/tutorial_dag.py
[2025-06-12T19:03:52.914+0000] {processor.py:830} INFO - Processing file /home/airflow/.local/lib/python3.8/site-packages/airflow/example_dags/tutorial_dag.py for tasks to queue
[2025-06-12T19:03:52.917+0000] {logging_mixin.py:188} INFO - [2025-06-12T19:03:52.916+0000] {dagbag.py:538} INFO - Filling up the DagBag from /home/airflow/.local/lib/python3.8/site-packages/airflow/example_dags/tutorial_dag.py
[2025-06-12T19:03:52.935+0000] {processor.py:840} INFO - DAG(s) 'tutorial_dag' retrieved from /home/airflow/.local/lib/python3.8/site-packages/airflow/example_dags/tutorial_dag.py
[2025-06-12T19:03:53.004+0000] {logging_mixin.py:188} INFO - [2025-06-12T19:03:53.004+0000] {dag.py:3036} INFO - Sync 1 DAGs
[2025-06-12T19:03:53.041+0000] {logging_mixin.py:188} INFO - [2025-06-12T19:03:53.040+0000] {dag.py:3823} INFO - Setting next_dagrun for tutorial_dag to None, run_after=None
[2025-06-12T19:03:53.103+0000] {processor.py:183} INFO - Processing /home/airflow/.local/lib/python3.8/site-packages/airflow/example_dags/tutorial_dag.py took 0.202 seconds
[2025-06-12T19:04:23.279+0000] {processor.py:161} INFO - Started process (PID=2635) to work on /home/airflow/.local/lib/python3.8/site-packages/airflow/example_dags/tutorial_dag.py
[2025-06-12T19:04:23.283+0000] {processor.py:830} INFO - Processing file /home/airflow/.local/lib/python3.8/site-packages/airflow/example_dags/tutorial_dag.py for tasks to queue
[2025-06-12T19:04:23.286+0000] {logging_mixin.py:188} INFO - [2025-06-12T19:04:23.285+0000] {dagbag.py:538} INFO - Filling up the DagBag from /home/airflow/.local/lib/python3.8/site-packages/airflow/example_dags/tutorial_dag.py
[2025-06-12T19:04:23.307+0000] {processor.py:840} INFO - DAG(s) 'tutorial_dag' retrieved from /home/airflow/.local/lib/python3.8/site-packages/airflow/example_dags/tutorial_dag.py
[2025-06-12T19:04:23.374+0000] {logging_mixin.py:188} INFO - [2025-06-12T19:04:23.373+0000] {dag.py:3036} INFO - Sync 1 DAGs
[2025-06-12T19:04:23.406+0000] {logging_mixin.py:188} INFO - [2025-06-12T19:04:23.406+0000] {dag.py:3823} INFO - Setting next_dagrun for tutorial_dag to None, run_after=None
[2025-06-12T19:04:23.478+0000] {processor.py:183} INFO - Processing /home/airflow/.local/lib/python3.8/site-packages/airflow/example_dags/tutorial_dag.py took 0.211 seconds
[2025-06-12T19:04:53.696+0000] {processor.py:161} INFO - Started process (PID=2691) to work on /home/airflow/.local/lib/python3.8/site-packages/airflow/example_dags/tutorial_dag.py
[2025-06-12T19:04:53.704+0000] {processor.py:830} INFO - Processing file /home/airflow/.local/lib/python3.8/site-packages/airflow/example_dags/tutorial_dag.py for tasks to queue
[2025-06-12T19:04:53.708+0000] {logging_mixin.py:188} INFO - [2025-06-12T19:04:53.707+0000] {dagbag.py:538} INFO - Filling up the DagBag from /home/airflow/.local/lib/python3.8/site-packages/airflow/example_dags/tutorial_dag.py
[2025-06-12T19:04:53.730+0000] {processor.py:840} INFO - DAG(s) 'tutorial_dag' retrieved from /home/airflow/.local/lib/python3.8/site-packages/airflow/example_dags/tutorial_dag.py
[2025-06-12T19:04:53.811+0000] {logging_mixin.py:188} INFO - [2025-06-12T19:04:53.811+0000] {dag.py:3036} INFO - Sync 1 DAGs
[2025-06-12T19:04:53.855+0000] {logging_mixin.py:188} INFO - [2025-06-12T19:04:53.854+0000] {dag.py:3823} INFO - Setting next_dagrun for tutorial_dag to None, run_after=None
[2025-06-12T19:04:53.913+0000] {processor.py:183} INFO - Processing /home/airflow/.local/lib/python3.8/site-packages/airflow/example_dags/tutorial_dag.py took 0.227 seconds
[2025-06-12T19:05:24.797+0000] {processor.py:161} INFO - Started process (PID=2747) to work on /home/airflow/.local/lib/python3.8/site-packages/airflow/example_dags/tutorial_dag.py
[2025-06-12T19:05:24.801+0000] {processor.py:830} INFO - Processing file /home/airflow/.local/lib/python3.8/site-packages/airflow/example_dags/tutorial_dag.py for tasks to queue
[2025-06-12T19:05:24.805+0000] {logging_mixin.py:188} INFO - [2025-06-12T19:05:24.803+0000] {dagbag.py:538} INFO - Filling up the DagBag from /home/airflow/.local/lib/python3.8/site-packages/airflow/example_dags/tutorial_dag.py
[2025-06-12T19:05:24.831+0000] {processor.py:840} INFO - DAG(s) 'tutorial_dag' retrieved from /home/airflow/.local/lib/python3.8/site-packages/airflow/example_dags/tutorial_dag.py
[2025-06-12T19:05:24.900+0000] {logging_mixin.py:188} INFO - [2025-06-12T19:05:24.899+0000] {dag.py:3036} INFO - Sync 1 DAGs
[2025-06-12T19:05:25.379+0000] {logging_mixin.py:188} INFO - [2025-06-12T19:05:25.378+0000] {dag.py:3823} INFO - Setting next_dagrun for tutorial_dag to None, run_after=None
[2025-06-12T19:05:25.437+0000] {processor.py:183} INFO - Processing /home/airflow/.local/lib/python3.8/site-packages/airflow/example_dags/tutorial_dag.py took 0.649 seconds
[2025-06-12T19:05:56.058+0000] {processor.py:161} INFO - Started process (PID=2803) to work on /home/airflow/.local/lib/python3.8/site-packages/airflow/example_dags/tutorial_dag.py
[2025-06-12T19:05:56.062+0000] {processor.py:830} INFO - Processing file /home/airflow/.local/lib/python3.8/site-packages/airflow/example_dags/tutorial_dag.py for tasks to queue
[2025-06-12T19:05:56.066+0000] {logging_mixin.py:188} INFO - [2025-06-12T19:05:56.065+0000] {dagbag.py:538} INFO - Filling up the DagBag from /home/airflow/.local/lib/python3.8/site-packages/airflow/example_dags/tutorial_dag.py
[2025-06-12T19:05:56.086+0000] {processor.py:840} INFO - DAG(s) 'tutorial_dag' retrieved from /home/airflow/.local/lib/python3.8/site-packages/airflow/example_dags/tutorial_dag.py
[2025-06-12T19:05:56.159+0000] {logging_mixin.py:188} INFO - [2025-06-12T19:05:56.159+0000] {dag.py:3036} INFO - Sync 1 DAGs
[2025-06-12T19:05:56.540+0000] {logging_mixin.py:188} INFO - [2025-06-12T19:05:56.539+0000] {dag.py:3823} INFO - Setting next_dagrun for tutorial_dag to None, run_after=None
[2025-06-12T19:05:56.584+0000] {processor.py:183} INFO - Processing /home/airflow/.local/lib/python3.8/site-packages/airflow/example_dags/tutorial_dag.py took 0.541 seconds
[2025-06-12T19:06:26.774+0000] {processor.py:161} INFO - Started process (PID=2858) to work on /home/airflow/.local/lib/python3.8/site-packages/airflow/example_dags/tutorial_dag.py
[2025-06-12T19:06:26.776+0000] {processor.py:830} INFO - Processing file /home/airflow/.local/lib/python3.8/site-packages/airflow/example_dags/tutorial_dag.py for tasks to queue
[2025-06-12T19:06:26.779+0000] {logging_mixin.py:188} INFO - [2025-06-12T19:06:26.778+0000] {dagbag.py:538} INFO - Filling up the DagBag from /home/airflow/.local/lib/python3.8/site-packages/airflow/example_dags/tutorial_dag.py
[2025-06-12T19:06:26.794+0000] {processor.py:840} INFO - DAG(s) 'tutorial_dag' retrieved from /home/airflow/.local/lib/python3.8/site-packages/airflow/example_dags/tutorial_dag.py
[2025-06-12T19:06:26.851+0000] {logging_mixin.py:188} INFO - [2025-06-12T19:06:26.850+0000] {dag.py:3036} INFO - Sync 1 DAGs
[2025-06-12T19:06:26.881+0000] {logging_mixin.py:188} INFO - [2025-06-12T19:06:26.881+0000] {dag.py:3823} INFO - Setting next_dagrun for tutorial_dag to None, run_after=None
[2025-06-12T19:06:27.277+0000] {processor.py:183} INFO - Processing /home/airflow/.local/lib/python3.8/site-packages/airflow/example_dags/tutorial_dag.py took 0.514 seconds
[2025-06-12T19:14:20.037+0000] {processor.py:161} INFO - Started process (PID=2912) to work on /home/airflow/.local/lib/python3.8/site-packages/airflow/example_dags/tutorial_dag.py
[2025-06-12T19:14:20.058+0000] {processor.py:830} INFO - Processing file /home/airflow/.local/lib/python3.8/site-packages/airflow/example_dags/tutorial_dag.py for tasks to queue
[2025-06-12T19:14:20.076+0000] {logging_mixin.py:188} INFO - [2025-06-12T19:14:20.065+0000] {dagbag.py:538} INFO - Filling up the DagBag from /home/airflow/.local/lib/python3.8/site-packages/airflow/example_dags/tutorial_dag.py
[2025-06-12T19:14:20.391+0000] {processor.py:840} INFO - DAG(s) 'tutorial_dag' retrieved from /home/airflow/.local/lib/python3.8/site-packages/airflow/example_dags/tutorial_dag.py
[2025-06-12T19:14:22.147+0000] {logging_mixin.py:188} INFO - [2025-06-12T19:14:22.129+0000] {dag.py:3036} INFO - Sync 1 DAGs
[2025-06-12T19:14:22.334+0000] {logging_mixin.py:188} INFO - [2025-06-12T19:14:22.333+0000] {dag.py:3823} INFO - Setting next_dagrun for tutorial_dag to None, run_after=None
[2025-06-12T19:14:22.469+0000] {processor.py:183} INFO - Processing /home/airflow/.local/lib/python3.8/site-packages/airflow/example_dags/tutorial_dag.py took 2.535 seconds
