[2025-06-12T18:35:18.421+0000] {processor.py:161} INFO - Started process (PID=110) to work on /home/airflow/.local/lib/python3.8/site-packages/airflow/example_dags/tutorial.py
[2025-06-12T18:35:18.423+0000] {processor.py:830} INFO - Processing file /home/airflow/.local/lib/python3.8/site-packages/airflow/example_dags/tutorial.py for tasks to queue
[2025-06-12T18:35:18.428+0000] {logging_mixin.py:188} INFO - [2025-06-12T18:35:18.427+0000] {dagbag.py:538} INFO - Filling up the DagBag from /home/airflow/.local/lib/python3.8/site-packages/airflow/example_dags/tutorial.py
[2025-06-12T18:35:18.442+0000] {processor.py:840} INFO - DAG(s) 'tutorial' retrieved from /home/airflow/.local/lib/python3.8/site-packages/airflow/example_dags/tutorial.py
[2025-06-12T18:35:18.630+0000] {logging_mixin.py:188} INFO - [2025-06-12T18:35:18.630+0000] {dag.py:3036} INFO - Sync 1 DAGs
[2025-06-12T18:35:18.667+0000] {logging_mixin.py:188} INFO - [2025-06-12T18:35:18.666+0000] {dag.py:3823} INFO - Setting next_dagrun for tutorial to 2025-06-11 00:00:00+00:00, run_after=2025-06-12 00:00:00+00:00
[2025-06-12T18:35:18.727+0000] {processor.py:183} INFO - Processing /home/airflow/.local/lib/python3.8/site-packages/airflow/example_dags/tutorial.py took 0.311 seconds
[2025-06-12T18:35:49.705+0000] {processor.py:161} INFO - Started process (PID=165) to work on /home/airflow/.local/lib/python3.8/site-packages/airflow/example_dags/tutorial.py
[2025-06-12T18:35:49.707+0000] {processor.py:830} INFO - Processing file /home/airflow/.local/lib/python3.8/site-packages/airflow/example_dags/tutorial.py for tasks to queue
[2025-06-12T18:35:49.711+0000] {logging_mixin.py:188} INFO - [2025-06-12T18:35:49.710+0000] {dagbag.py:538} INFO - Filling up the DagBag from /home/airflow/.local/lib/python3.8/site-packages/airflow/example_dags/tutorial.py
[2025-06-12T18:35:49.731+0000] {processor.py:840} INFO - DAG(s) 'tutorial' retrieved from /home/airflow/.local/lib/python3.8/site-packages/airflow/example_dags/tutorial.py
[2025-06-12T18:35:50.148+0000] {logging_mixin.py:188} INFO - [2025-06-12T18:35:50.148+0000] {dag.py:3036} INFO - Sync 1 DAGs
[2025-06-12T18:35:50.276+0000] {logging_mixin.py:188} INFO - [2025-06-12T18:35:50.275+0000] {dag.py:3823} INFO - Setting next_dagrun for tutorial to 2025-06-11 00:00:00+00:00, run_after=2025-06-12 00:00:00+00:00
[2025-06-12T18:35:50.354+0000] {processor.py:183} INFO - Processing /home/airflow/.local/lib/python3.8/site-packages/airflow/example_dags/tutorial.py took 0.654 seconds
[2025-06-12T18:36:20.568+0000] {processor.py:161} INFO - Started process (PID=221) to work on /home/airflow/.local/lib/python3.8/site-packages/airflow/example_dags/tutorial.py
[2025-06-12T18:36:20.571+0000] {processor.py:830} INFO - Processing file /home/airflow/.local/lib/python3.8/site-packages/airflow/example_dags/tutorial.py for tasks to queue
[2025-06-12T18:36:20.575+0000] {logging_mixin.py:188} INFO - [2025-06-12T18:36:20.575+0000] {dagbag.py:538} INFO - Filling up the DagBag from /home/airflow/.local/lib/python3.8/site-packages/airflow/example_dags/tutorial.py
[2025-06-12T18:36:20.586+0000] {processor.py:840} INFO - DAG(s) 'tutorial' retrieved from /home/airflow/.local/lib/python3.8/site-packages/airflow/example_dags/tutorial.py
[2025-06-12T18:36:20.609+0000] {logging_mixin.py:188} INFO - [2025-06-12T18:36:20.609+0000] {dag.py:3036} INFO - Sync 1 DAGs
[2025-06-12T18:36:20.650+0000] {logging_mixin.py:188} INFO - [2025-06-12T18:36:20.650+0000] {dag.py:3823} INFO - Setting next_dagrun for tutorial to 2025-06-11 00:00:00+00:00, run_after=2025-06-12 00:00:00+00:00
[2025-06-12T18:36:20.688+0000] {processor.py:183} INFO - Processing /home/airflow/.local/lib/python3.8/site-packages/airflow/example_dags/tutorial.py took 0.124 seconds
[2025-06-12T18:36:50.954+0000] {processor.py:161} INFO - Started process (PID=275) to work on /home/airflow/.local/lib/python3.8/site-packages/airflow/example_dags/tutorial.py
[2025-06-12T18:36:50.956+0000] {processor.py:830} INFO - Processing file /home/airflow/.local/lib/python3.8/site-packages/airflow/example_dags/tutorial.py for tasks to queue
[2025-06-12T18:36:50.959+0000] {logging_mixin.py:188} INFO - [2025-06-12T18:36:50.959+0000] {dagbag.py:538} INFO - Filling up the DagBag from /home/airflow/.local/lib/python3.8/site-packages/airflow/example_dags/tutorial.py
[2025-06-12T18:36:50.972+0000] {processor.py:840} INFO - DAG(s) 'tutorial' retrieved from /home/airflow/.local/lib/python3.8/site-packages/airflow/example_dags/tutorial.py
[2025-06-12T18:36:51.152+0000] {logging_mixin.py:188} INFO - [2025-06-12T18:36:51.151+0000] {dag.py:3036} INFO - Sync 1 DAGs
[2025-06-12T18:36:51.181+0000] {logging_mixin.py:188} INFO - [2025-06-12T18:36:51.181+0000] {dag.py:3823} INFO - Setting next_dagrun for tutorial to 2025-06-11 00:00:00+00:00, run_after=2025-06-12 00:00:00+00:00
[2025-06-12T18:36:51.215+0000] {processor.py:183} INFO - Processing /home/airflow/.local/lib/python3.8/site-packages/airflow/example_dags/tutorial.py took 0.268 seconds
[2025-06-12T18:37:21.811+0000] {processor.py:161} INFO - Started process (PID=330) to work on /home/airflow/.local/lib/python3.8/site-packages/airflow/example_dags/tutorial.py
[2025-06-12T18:37:21.814+0000] {processor.py:830} INFO - Processing file /home/airflow/.local/lib/python3.8/site-packages/airflow/example_dags/tutorial.py for tasks to queue
[2025-06-12T18:37:21.818+0000] {logging_mixin.py:188} INFO - [2025-06-12T18:37:21.817+0000] {dagbag.py:538} INFO - Filling up the DagBag from /home/airflow/.local/lib/python3.8/site-packages/airflow/example_dags/tutorial.py
[2025-06-12T18:37:21.830+0000] {processor.py:840} INFO - DAG(s) 'tutorial' retrieved from /home/airflow/.local/lib/python3.8/site-packages/airflow/example_dags/tutorial.py
[2025-06-12T18:37:21.869+0000] {logging_mixin.py:188} INFO - [2025-06-12T18:37:21.868+0000] {dag.py:3036} INFO - Sync 1 DAGs
[2025-06-12T18:37:21.909+0000] {logging_mixin.py:188} INFO - [2025-06-12T18:37:21.909+0000] {dag.py:3823} INFO - Setting next_dagrun for tutorial to 2025-06-11 00:00:00+00:00, run_after=2025-06-12 00:00:00+00:00
[2025-06-12T18:37:21.941+0000] {processor.py:183} INFO - Processing /home/airflow/.local/lib/python3.8/site-packages/airflow/example_dags/tutorial.py took 0.136 seconds
[2025-06-12T18:37:52.621+0000] {processor.py:161} INFO - Started process (PID=385) to work on /home/airflow/.local/lib/python3.8/site-packages/airflow/example_dags/tutorial.py
[2025-06-12T18:37:52.624+0000] {processor.py:830} INFO - Processing file /home/airflow/.local/lib/python3.8/site-packages/airflow/example_dags/tutorial.py for tasks to queue
[2025-06-12T18:37:52.628+0000] {logging_mixin.py:188} INFO - [2025-06-12T18:37:52.627+0000] {dagbag.py:538} INFO - Filling up the DagBag from /home/airflow/.local/lib/python3.8/site-packages/airflow/example_dags/tutorial.py
[2025-06-12T18:37:52.642+0000] {processor.py:840} INFO - DAG(s) 'tutorial' retrieved from /home/airflow/.local/lib/python3.8/site-packages/airflow/example_dags/tutorial.py
[2025-06-12T18:37:52.697+0000] {logging_mixin.py:188} INFO - [2025-06-12T18:37:52.696+0000] {dag.py:3036} INFO - Sync 1 DAGs
[2025-06-12T18:37:52.744+0000] {logging_mixin.py:188} INFO - [2025-06-12T18:37:52.743+0000] {dag.py:3823} INFO - Setting next_dagrun for tutorial to 2025-06-11 00:00:00+00:00, run_after=2025-06-12 00:00:00+00:00
[2025-06-12T18:37:52.790+0000] {processor.py:183} INFO - Processing /home/airflow/.local/lib/python3.8/site-packages/airflow/example_dags/tutorial.py took 0.177 seconds
[2025-06-12T18:38:23.274+0000] {processor.py:161} INFO - Started process (PID=438) to work on /home/airflow/.local/lib/python3.8/site-packages/airflow/example_dags/tutorial.py
[2025-06-12T18:38:23.277+0000] {processor.py:830} INFO - Processing file /home/airflow/.local/lib/python3.8/site-packages/airflow/example_dags/tutorial.py for tasks to queue
[2025-06-12T18:38:23.281+0000] {logging_mixin.py:188} INFO - [2025-06-12T18:38:23.281+0000] {dagbag.py:538} INFO - Filling up the DagBag from /home/airflow/.local/lib/python3.8/site-packages/airflow/example_dags/tutorial.py
[2025-06-12T18:38:23.296+0000] {processor.py:840} INFO - DAG(s) 'tutorial' retrieved from /home/airflow/.local/lib/python3.8/site-packages/airflow/example_dags/tutorial.py
[2025-06-12T18:38:23.373+0000] {logging_mixin.py:188} INFO - [2025-06-12T18:38:23.372+0000] {dag.py:3036} INFO - Sync 1 DAGs
[2025-06-12T18:38:23.440+0000] {logging_mixin.py:188} INFO - [2025-06-12T18:38:23.440+0000] {dag.py:3823} INFO - Setting next_dagrun for tutorial to 2025-06-11 00:00:00+00:00, run_after=2025-06-12 00:00:00+00:00
[2025-06-12T18:38:23.574+0000] {processor.py:183} INFO - Processing /home/airflow/.local/lib/python3.8/site-packages/airflow/example_dags/tutorial.py took 0.308 seconds
[2025-06-12T18:38:54.520+0000] {processor.py:161} INFO - Started process (PID=493) to work on /home/airflow/.local/lib/python3.8/site-packages/airflow/example_dags/tutorial.py
[2025-06-12T18:38:54.523+0000] {processor.py:830} INFO - Processing file /home/airflow/.local/lib/python3.8/site-packages/airflow/example_dags/tutorial.py for tasks to queue
[2025-06-12T18:38:54.526+0000] {logging_mixin.py:188} INFO - [2025-06-12T18:38:54.525+0000] {dagbag.py:538} INFO - Filling up the DagBag from /home/airflow/.local/lib/python3.8/site-packages/airflow/example_dags/tutorial.py
[2025-06-12T18:38:54.539+0000] {processor.py:840} INFO - DAG(s) 'tutorial' retrieved from /home/airflow/.local/lib/python3.8/site-packages/airflow/example_dags/tutorial.py
[2025-06-12T18:38:54.578+0000] {logging_mixin.py:188} INFO - [2025-06-12T18:38:54.577+0000] {dag.py:3036} INFO - Sync 1 DAGs
[2025-06-12T18:38:54.619+0000] {logging_mixin.py:188} INFO - [2025-06-12T18:38:54.619+0000] {dag.py:3823} INFO - Setting next_dagrun for tutorial to 2025-06-11 00:00:00+00:00, run_after=2025-06-12 00:00:00+00:00
[2025-06-12T18:38:54.655+0000] {processor.py:183} INFO - Processing /home/airflow/.local/lib/python3.8/site-packages/airflow/example_dags/tutorial.py took 0.142 seconds
[2025-06-12T18:39:25.257+0000] {processor.py:161} INFO - Started process (PID=548) to work on /home/airflow/.local/lib/python3.8/site-packages/airflow/example_dags/tutorial.py
[2025-06-12T18:39:25.259+0000] {processor.py:830} INFO - Processing file /home/airflow/.local/lib/python3.8/site-packages/airflow/example_dags/tutorial.py for tasks to queue
[2025-06-12T18:39:25.263+0000] {logging_mixin.py:188} INFO - [2025-06-12T18:39:25.262+0000] {dagbag.py:538} INFO - Filling up the DagBag from /home/airflow/.local/lib/python3.8/site-packages/airflow/example_dags/tutorial.py
[2025-06-12T18:39:25.275+0000] {processor.py:840} INFO - DAG(s) 'tutorial' retrieved from /home/airflow/.local/lib/python3.8/site-packages/airflow/example_dags/tutorial.py
[2025-06-12T18:39:25.311+0000] {logging_mixin.py:188} INFO - [2025-06-12T18:39:25.311+0000] {dag.py:3036} INFO - Sync 1 DAGs
[2025-06-12T18:39:25.355+0000] {logging_mixin.py:188} INFO - [2025-06-12T18:39:25.354+0000] {dag.py:3823} INFO - Setting next_dagrun for tutorial to 2025-06-11 00:00:00+00:00, run_after=2025-06-12 00:00:00+00:00
[2025-06-12T18:39:25.400+0000] {processor.py:183} INFO - Processing /home/airflow/.local/lib/python3.8/site-packages/airflow/example_dags/tutorial.py took 0.150 seconds
[2025-06-12T18:39:56.276+0000] {processor.py:161} INFO - Started process (PID=603) to work on /home/airflow/.local/lib/python3.8/site-packages/airflow/example_dags/tutorial.py
[2025-06-12T18:39:56.279+0000] {processor.py:830} INFO - Processing file /home/airflow/.local/lib/python3.8/site-packages/airflow/example_dags/tutorial.py for tasks to queue
[2025-06-12T18:39:56.284+0000] {logging_mixin.py:188} INFO - [2025-06-12T18:39:56.283+0000] {dagbag.py:538} INFO - Filling up the DagBag from /home/airflow/.local/lib/python3.8/site-packages/airflow/example_dags/tutorial.py
[2025-06-12T18:39:56.300+0000] {processor.py:840} INFO - DAG(s) 'tutorial' retrieved from /home/airflow/.local/lib/python3.8/site-packages/airflow/example_dags/tutorial.py
[2025-06-12T18:39:56.480+0000] {logging_mixin.py:188} INFO - [2025-06-12T18:39:56.479+0000] {dag.py:3036} INFO - Sync 1 DAGs
[2025-06-12T18:39:56.518+0000] {logging_mixin.py:188} INFO - [2025-06-12T18:39:56.518+0000] {dag.py:3823} INFO - Setting next_dagrun for tutorial to 2025-06-11 00:00:00+00:00, run_after=2025-06-12 00:00:00+00:00
[2025-06-12T18:39:56.556+0000] {processor.py:183} INFO - Processing /home/airflow/.local/lib/python3.8/site-packages/airflow/example_dags/tutorial.py took 0.288 seconds
[2025-06-12T18:40:37.808+0000] {processor.py:161} INFO - Started process (PID=658) to work on /home/airflow/.local/lib/python3.8/site-packages/airflow/example_dags/tutorial.py
[2025-06-12T18:40:37.810+0000] {processor.py:830} INFO - Processing file /home/airflow/.local/lib/python3.8/site-packages/airflow/example_dags/tutorial.py for tasks to queue
[2025-06-12T18:40:37.814+0000] {logging_mixin.py:188} INFO - [2025-06-12T18:40:37.813+0000] {dagbag.py:538} INFO - Filling up the DagBag from /home/airflow/.local/lib/python3.8/site-packages/airflow/example_dags/tutorial.py
[2025-06-12T18:40:37.827+0000] {processor.py:840} INFO - DAG(s) 'tutorial' retrieved from /home/airflow/.local/lib/python3.8/site-packages/airflow/example_dags/tutorial.py
[2025-06-12T18:40:37.860+0000] {logging_mixin.py:188} INFO - [2025-06-12T18:40:37.860+0000] {dag.py:3036} INFO - Sync 1 DAGs
[2025-06-12T18:40:37.901+0000] {logging_mixin.py:188} INFO - [2025-06-12T18:40:37.901+0000] {dag.py:3823} INFO - Setting next_dagrun for tutorial to 2025-06-11 00:00:00+00:00, run_after=2025-06-12 00:00:00+00:00
[2025-06-12T18:40:37.939+0000] {processor.py:183} INFO - Processing /home/airflow/.local/lib/python3.8/site-packages/airflow/example_dags/tutorial.py took 0.138 seconds
[2025-06-12T18:46:17.148+0000] {processor.py:161} INFO - Started process (PID=717) to work on /home/airflow/.local/lib/python3.8/site-packages/airflow/example_dags/tutorial.py
[2025-06-12T18:46:17.150+0000] {processor.py:830} INFO - Processing file /home/airflow/.local/lib/python3.8/site-packages/airflow/example_dags/tutorial.py for tasks to queue
[2025-06-12T18:46:17.153+0000] {logging_mixin.py:188} INFO - [2025-06-12T18:46:17.152+0000] {dagbag.py:538} INFO - Filling up the DagBag from /home/airflow/.local/lib/python3.8/site-packages/airflow/example_dags/tutorial.py
[2025-06-12T18:46:17.168+0000] {processor.py:840} INFO - DAG(s) 'tutorial' retrieved from /home/airflow/.local/lib/python3.8/site-packages/airflow/example_dags/tutorial.py
[2025-06-12T18:46:17.376+0000] {logging_mixin.py:188} INFO - [2025-06-12T18:46:17.376+0000] {dag.py:3036} INFO - Sync 1 DAGs
[2025-06-12T18:46:17.409+0000] {logging_mixin.py:188} INFO - [2025-06-12T18:46:17.409+0000] {dag.py:3823} INFO - Setting next_dagrun for tutorial to 2025-06-11 00:00:00+00:00, run_after=2025-06-12 00:00:00+00:00
[2025-06-12T18:46:17.453+0000] {processor.py:183} INFO - Processing /home/airflow/.local/lib/python3.8/site-packages/airflow/example_dags/tutorial.py took 0.312 seconds
[2025-06-12T18:46:47.668+0000] {processor.py:161} INFO - Started process (PID=773) to work on /home/airflow/.local/lib/python3.8/site-packages/airflow/example_dags/tutorial.py
[2025-06-12T18:46:47.677+0000] {processor.py:830} INFO - Processing file /home/airflow/.local/lib/python3.8/site-packages/airflow/example_dags/tutorial.py for tasks to queue
[2025-06-12T18:46:47.681+0000] {logging_mixin.py:188} INFO - [2025-06-12T18:46:47.680+0000] {dagbag.py:538} INFO - Filling up the DagBag from /home/airflow/.local/lib/python3.8/site-packages/airflow/example_dags/tutorial.py
[2025-06-12T18:46:47.710+0000] {processor.py:840} INFO - DAG(s) 'tutorial' retrieved from /home/airflow/.local/lib/python3.8/site-packages/airflow/example_dags/tutorial.py
[2025-06-12T18:46:47.773+0000] {logging_mixin.py:188} INFO - [2025-06-12T18:46:47.772+0000] {dag.py:3036} INFO - Sync 1 DAGs
[2025-06-12T18:46:47.869+0000] {logging_mixin.py:188} INFO - [2025-06-12T18:46:47.868+0000] {dag.py:3823} INFO - Setting next_dagrun for tutorial to 2025-06-11 00:00:00+00:00, run_after=2025-06-12 00:00:00+00:00
[2025-06-12T18:46:47.946+0000] {processor.py:183} INFO - Processing /home/airflow/.local/lib/python3.8/site-packages/airflow/example_dags/tutorial.py took 0.286 seconds
[2025-06-12T18:47:18.772+0000] {processor.py:161} INFO - Started process (PID=828) to work on /home/airflow/.local/lib/python3.8/site-packages/airflow/example_dags/tutorial.py
[2025-06-12T18:47:18.774+0000] {processor.py:830} INFO - Processing file /home/airflow/.local/lib/python3.8/site-packages/airflow/example_dags/tutorial.py for tasks to queue
[2025-06-12T18:47:18.776+0000] {logging_mixin.py:188} INFO - [2025-06-12T18:47:18.775+0000] {dagbag.py:538} INFO - Filling up the DagBag from /home/airflow/.local/lib/python3.8/site-packages/airflow/example_dags/tutorial.py
[2025-06-12T18:47:18.787+0000] {processor.py:840} INFO - DAG(s) 'tutorial' retrieved from /home/airflow/.local/lib/python3.8/site-packages/airflow/example_dags/tutorial.py
[2025-06-12T18:47:18.825+0000] {logging_mixin.py:188} INFO - [2025-06-12T18:47:18.825+0000] {dag.py:3036} INFO - Sync 1 DAGs
[2025-06-12T18:47:18.859+0000] {logging_mixin.py:188} INFO - [2025-06-12T18:47:18.859+0000] {dag.py:3823} INFO - Setting next_dagrun for tutorial to 2025-06-11 00:00:00+00:00, run_after=2025-06-12 00:00:00+00:00
[2025-06-12T18:47:18.894+0000] {processor.py:183} INFO - Processing /home/airflow/.local/lib/python3.8/site-packages/airflow/example_dags/tutorial.py took 0.127 seconds
[2025-06-12T18:47:49.564+0000] {processor.py:161} INFO - Started process (PID=883) to work on /home/airflow/.local/lib/python3.8/site-packages/airflow/example_dags/tutorial.py
[2025-06-12T18:47:49.566+0000] {processor.py:830} INFO - Processing file /home/airflow/.local/lib/python3.8/site-packages/airflow/example_dags/tutorial.py for tasks to queue
[2025-06-12T18:47:49.567+0000] {logging_mixin.py:188} INFO - [2025-06-12T18:47:49.567+0000] {dagbag.py:538} INFO - Filling up the DagBag from /home/airflow/.local/lib/python3.8/site-packages/airflow/example_dags/tutorial.py
[2025-06-12T18:47:49.579+0000] {processor.py:840} INFO - DAG(s) 'tutorial' retrieved from /home/airflow/.local/lib/python3.8/site-packages/airflow/example_dags/tutorial.py
[2025-06-12T18:47:49.615+0000] {logging_mixin.py:188} INFO - [2025-06-12T18:47:49.615+0000] {dag.py:3036} INFO - Sync 1 DAGs
[2025-06-12T18:47:49.648+0000] {logging_mixin.py:188} INFO - [2025-06-12T18:47:49.648+0000] {dag.py:3823} INFO - Setting next_dagrun for tutorial to 2025-06-11 00:00:00+00:00, run_after=2025-06-12 00:00:00+00:00
[2025-06-12T18:47:49.682+0000] {processor.py:183} INFO - Processing /home/airflow/.local/lib/python3.8/site-packages/airflow/example_dags/tutorial.py took 0.125 seconds
[2025-06-12T18:48:21.146+0000] {processor.py:161} INFO - Started process (PID=937) to work on /home/airflow/.local/lib/python3.8/site-packages/airflow/example_dags/tutorial.py
[2025-06-12T18:48:21.148+0000] {processor.py:830} INFO - Processing file /home/airflow/.local/lib/python3.8/site-packages/airflow/example_dags/tutorial.py for tasks to queue
[2025-06-12T18:48:21.151+0000] {logging_mixin.py:188} INFO - [2025-06-12T18:48:21.151+0000] {dagbag.py:538} INFO - Filling up the DagBag from /home/airflow/.local/lib/python3.8/site-packages/airflow/example_dags/tutorial.py
[2025-06-12T18:48:21.162+0000] {processor.py:840} INFO - DAG(s) 'tutorial' retrieved from /home/airflow/.local/lib/python3.8/site-packages/airflow/example_dags/tutorial.py
[2025-06-12T18:48:21.201+0000] {logging_mixin.py:188} INFO - [2025-06-12T18:48:21.201+0000] {dag.py:3036} INFO - Sync 1 DAGs
[2025-06-12T18:48:21.237+0000] {logging_mixin.py:188} INFO - [2025-06-12T18:48:21.237+0000] {dag.py:3823} INFO - Setting next_dagrun for tutorial to 2025-06-11 00:00:00+00:00, run_after=2025-06-12 00:00:00+00:00
[2025-06-12T18:48:21.270+0000] {processor.py:183} INFO - Processing /home/airflow/.local/lib/python3.8/site-packages/airflow/example_dags/tutorial.py took 0.130 seconds
[2025-06-12T18:48:51.351+0000] {processor.py:161} INFO - Started process (PID=991) to work on /home/airflow/.local/lib/python3.8/site-packages/airflow/example_dags/tutorial.py
[2025-06-12T18:48:51.353+0000] {processor.py:830} INFO - Processing file /home/airflow/.local/lib/python3.8/site-packages/airflow/example_dags/tutorial.py for tasks to queue
[2025-06-12T18:48:51.355+0000] {logging_mixin.py:188} INFO - [2025-06-12T18:48:51.355+0000] {dagbag.py:538} INFO - Filling up the DagBag from /home/airflow/.local/lib/python3.8/site-packages/airflow/example_dags/tutorial.py
[2025-06-12T18:48:51.368+0000] {processor.py:840} INFO - DAG(s) 'tutorial' retrieved from /home/airflow/.local/lib/python3.8/site-packages/airflow/example_dags/tutorial.py
[2025-06-12T18:48:51.420+0000] {logging_mixin.py:188} INFO - [2025-06-12T18:48:51.420+0000] {dag.py:3036} INFO - Sync 1 DAGs
[2025-06-12T18:48:51.481+0000] {logging_mixin.py:188} INFO - [2025-06-12T18:48:51.481+0000] {dag.py:3823} INFO - Setting next_dagrun for tutorial to 2025-06-11 00:00:00+00:00, run_after=2025-06-12 00:00:00+00:00
[2025-06-12T18:48:51.533+0000] {processor.py:183} INFO - Processing /home/airflow/.local/lib/python3.8/site-packages/airflow/example_dags/tutorial.py took 0.187 seconds
[2025-06-12T18:49:21.770+0000] {processor.py:161} INFO - Started process (PID=1046) to work on /home/airflow/.local/lib/python3.8/site-packages/airflow/example_dags/tutorial.py
[2025-06-12T18:49:21.773+0000] {processor.py:830} INFO - Processing file /home/airflow/.local/lib/python3.8/site-packages/airflow/example_dags/tutorial.py for tasks to queue
[2025-06-12T18:49:21.777+0000] {logging_mixin.py:188} INFO - [2025-06-12T18:49:21.776+0000] {dagbag.py:538} INFO - Filling up the DagBag from /home/airflow/.local/lib/python3.8/site-packages/airflow/example_dags/tutorial.py
[2025-06-12T18:49:21.790+0000] {processor.py:840} INFO - DAG(s) 'tutorial' retrieved from /home/airflow/.local/lib/python3.8/site-packages/airflow/example_dags/tutorial.py
[2025-06-12T18:49:21.822+0000] {logging_mixin.py:188} INFO - [2025-06-12T18:49:21.822+0000] {dag.py:3036} INFO - Sync 1 DAGs
[2025-06-12T18:49:21.854+0000] {logging_mixin.py:188} INFO - [2025-06-12T18:49:21.854+0000] {dag.py:3823} INFO - Setting next_dagrun for tutorial to 2025-06-11 00:00:00+00:00, run_after=2025-06-12 00:00:00+00:00
[2025-06-12T18:49:21.885+0000] {processor.py:183} INFO - Processing /home/airflow/.local/lib/python3.8/site-packages/airflow/example_dags/tutorial.py took 0.124 seconds
[2025-06-12T18:49:53.249+0000] {processor.py:161} INFO - Started process (PID=1101) to work on /home/airflow/.local/lib/python3.8/site-packages/airflow/example_dags/tutorial.py
[2025-06-12T18:49:53.251+0000] {processor.py:830} INFO - Processing file /home/airflow/.local/lib/python3.8/site-packages/airflow/example_dags/tutorial.py for tasks to queue
[2025-06-12T18:49:53.253+0000] {logging_mixin.py:188} INFO - [2025-06-12T18:49:53.253+0000] {dagbag.py:538} INFO - Filling up the DagBag from /home/airflow/.local/lib/python3.8/site-packages/airflow/example_dags/tutorial.py
[2025-06-12T18:49:53.267+0000] {processor.py:840} INFO - DAG(s) 'tutorial' retrieved from /home/airflow/.local/lib/python3.8/site-packages/airflow/example_dags/tutorial.py
[2025-06-12T18:49:53.304+0000] {logging_mixin.py:188} INFO - [2025-06-12T18:49:53.303+0000] {dag.py:3036} INFO - Sync 1 DAGs
[2025-06-12T18:49:53.336+0000] {logging_mixin.py:188} INFO - [2025-06-12T18:49:53.336+0000] {dag.py:3823} INFO - Setting next_dagrun for tutorial to 2025-06-11 00:00:00+00:00, run_after=2025-06-12 00:00:00+00:00
[2025-06-12T18:49:53.371+0000] {processor.py:183} INFO - Processing /home/airflow/.local/lib/python3.8/site-packages/airflow/example_dags/tutorial.py took 0.129 seconds
[2025-06-12T18:50:24.311+0000] {processor.py:161} INFO - Started process (PID=1156) to work on /home/airflow/.local/lib/python3.8/site-packages/airflow/example_dags/tutorial.py
[2025-06-12T18:50:24.313+0000] {processor.py:830} INFO - Processing file /home/airflow/.local/lib/python3.8/site-packages/airflow/example_dags/tutorial.py for tasks to queue
[2025-06-12T18:50:24.315+0000] {logging_mixin.py:188} INFO - [2025-06-12T18:50:24.315+0000] {dagbag.py:538} INFO - Filling up the DagBag from /home/airflow/.local/lib/python3.8/site-packages/airflow/example_dags/tutorial.py
[2025-06-12T18:50:24.327+0000] {processor.py:840} INFO - DAG(s) 'tutorial' retrieved from /home/airflow/.local/lib/python3.8/site-packages/airflow/example_dags/tutorial.py
[2025-06-12T18:50:24.365+0000] {logging_mixin.py:188} INFO - [2025-06-12T18:50:24.365+0000] {dag.py:3036} INFO - Sync 1 DAGs
[2025-06-12T18:50:24.405+0000] {logging_mixin.py:188} INFO - [2025-06-12T18:50:24.404+0000] {dag.py:3823} INFO - Setting next_dagrun for tutorial to 2025-06-11 00:00:00+00:00, run_after=2025-06-12 00:00:00+00:00
[2025-06-12T18:50:24.440+0000] {processor.py:183} INFO - Processing /home/airflow/.local/lib/python3.8/site-packages/airflow/example_dags/tutorial.py took 0.136 seconds
[2025-06-12T18:50:54.968+0000] {processor.py:161} INFO - Started process (PID=1212) to work on /home/airflow/.local/lib/python3.8/site-packages/airflow/example_dags/tutorial.py
[2025-06-12T18:50:54.970+0000] {processor.py:830} INFO - Processing file /home/airflow/.local/lib/python3.8/site-packages/airflow/example_dags/tutorial.py for tasks to queue
[2025-06-12T18:50:54.972+0000] {logging_mixin.py:188} INFO - [2025-06-12T18:50:54.972+0000] {dagbag.py:538} INFO - Filling up the DagBag from /home/airflow/.local/lib/python3.8/site-packages/airflow/example_dags/tutorial.py
[2025-06-12T18:50:54.985+0000] {processor.py:840} INFO - DAG(s) 'tutorial' retrieved from /home/airflow/.local/lib/python3.8/site-packages/airflow/example_dags/tutorial.py
[2025-06-12T18:50:55.023+0000] {logging_mixin.py:188} INFO - [2025-06-12T18:50:55.023+0000] {dag.py:3036} INFO - Sync 1 DAGs
[2025-06-12T18:50:55.059+0000] {logging_mixin.py:188} INFO - [2025-06-12T18:50:55.059+0000] {dag.py:3823} INFO - Setting next_dagrun for tutorial to 2025-06-11 00:00:00+00:00, run_after=2025-06-12 00:00:00+00:00
[2025-06-12T18:50:55.097+0000] {processor.py:183} INFO - Processing /home/airflow/.local/lib/python3.8/site-packages/airflow/example_dags/tutorial.py took 0.135 seconds
[2025-06-12T18:51:25.624+0000] {processor.py:161} INFO - Started process (PID=1267) to work on /home/airflow/.local/lib/python3.8/site-packages/airflow/example_dags/tutorial.py
[2025-06-12T18:51:25.626+0000] {processor.py:830} INFO - Processing file /home/airflow/.local/lib/python3.8/site-packages/airflow/example_dags/tutorial.py for tasks to queue
[2025-06-12T18:51:25.628+0000] {logging_mixin.py:188} INFO - [2025-06-12T18:51:25.627+0000] {dagbag.py:538} INFO - Filling up the DagBag from /home/airflow/.local/lib/python3.8/site-packages/airflow/example_dags/tutorial.py
[2025-06-12T18:51:25.642+0000] {processor.py:840} INFO - DAG(s) 'tutorial' retrieved from /home/airflow/.local/lib/python3.8/site-packages/airflow/example_dags/tutorial.py
[2025-06-12T18:51:25.681+0000] {logging_mixin.py:188} INFO - [2025-06-12T18:51:25.681+0000] {dag.py:3036} INFO - Sync 1 DAGs
[2025-06-12T18:51:25.720+0000] {logging_mixin.py:188} INFO - [2025-06-12T18:51:25.720+0000] {dag.py:3823} INFO - Setting next_dagrun for tutorial to 2025-06-11 00:00:00+00:00, run_after=2025-06-12 00:00:00+00:00
[2025-06-12T18:51:25.754+0000] {processor.py:183} INFO - Processing /home/airflow/.local/lib/python3.8/site-packages/airflow/example_dags/tutorial.py took 0.137 seconds
[2025-06-12T18:51:56.441+0000] {processor.py:161} INFO - Started process (PID=1322) to work on /home/airflow/.local/lib/python3.8/site-packages/airflow/example_dags/tutorial.py
[2025-06-12T18:51:56.443+0000] {processor.py:830} INFO - Processing file /home/airflow/.local/lib/python3.8/site-packages/airflow/example_dags/tutorial.py for tasks to queue
[2025-06-12T18:51:56.445+0000] {logging_mixin.py:188} INFO - [2025-06-12T18:51:56.444+0000] {dagbag.py:538} INFO - Filling up the DagBag from /home/airflow/.local/lib/python3.8/site-packages/airflow/example_dags/tutorial.py
[2025-06-12T18:51:56.456+0000] {processor.py:840} INFO - DAG(s) 'tutorial' retrieved from /home/airflow/.local/lib/python3.8/site-packages/airflow/example_dags/tutorial.py
[2025-06-12T18:51:56.490+0000] {logging_mixin.py:188} INFO - [2025-06-12T18:51:56.489+0000] {dag.py:3036} INFO - Sync 1 DAGs
[2025-06-12T18:51:56.521+0000] {logging_mixin.py:188} INFO - [2025-06-12T18:51:56.520+0000] {dag.py:3823} INFO - Setting next_dagrun for tutorial to 2025-06-11 00:00:00+00:00, run_after=2025-06-12 00:00:00+00:00
[2025-06-12T18:51:56.556+0000] {processor.py:183} INFO - Processing /home/airflow/.local/lib/python3.8/site-packages/airflow/example_dags/tutorial.py took 0.121 seconds
[2025-06-12T18:52:27.081+0000] {processor.py:161} INFO - Started process (PID=1378) to work on /home/airflow/.local/lib/python3.8/site-packages/airflow/example_dags/tutorial.py
[2025-06-12T18:52:27.083+0000] {processor.py:830} INFO - Processing file /home/airflow/.local/lib/python3.8/site-packages/airflow/example_dags/tutorial.py for tasks to queue
[2025-06-12T18:52:27.084+0000] {logging_mixin.py:188} INFO - [2025-06-12T18:52:27.084+0000] {dagbag.py:538} INFO - Filling up the DagBag from /home/airflow/.local/lib/python3.8/site-packages/airflow/example_dags/tutorial.py
[2025-06-12T18:52:27.095+0000] {processor.py:840} INFO - DAG(s) 'tutorial' retrieved from /home/airflow/.local/lib/python3.8/site-packages/airflow/example_dags/tutorial.py
[2025-06-12T18:52:27.134+0000] {logging_mixin.py:188} INFO - [2025-06-12T18:52:27.134+0000] {dag.py:3036} INFO - Sync 1 DAGs
[2025-06-12T18:52:27.167+0000] {logging_mixin.py:188} INFO - [2025-06-12T18:52:27.167+0000] {dag.py:3823} INFO - Setting next_dagrun for tutorial to 2025-06-11 00:00:00+00:00, run_after=2025-06-12 00:00:00+00:00
[2025-06-12T18:52:27.199+0000] {processor.py:183} INFO - Processing /home/airflow/.local/lib/python3.8/site-packages/airflow/example_dags/tutorial.py took 0.124 seconds
[2025-06-12T18:52:58.372+0000] {processor.py:161} INFO - Started process (PID=1433) to work on /home/airflow/.local/lib/python3.8/site-packages/airflow/example_dags/tutorial.py
[2025-06-12T18:52:58.374+0000] {processor.py:830} INFO - Processing file /home/airflow/.local/lib/python3.8/site-packages/airflow/example_dags/tutorial.py for tasks to queue
[2025-06-12T18:52:58.376+0000] {logging_mixin.py:188} INFO - [2025-06-12T18:52:58.375+0000] {dagbag.py:538} INFO - Filling up the DagBag from /home/airflow/.local/lib/python3.8/site-packages/airflow/example_dags/tutorial.py
[2025-06-12T18:52:58.389+0000] {processor.py:840} INFO - DAG(s) 'tutorial' retrieved from /home/airflow/.local/lib/python3.8/site-packages/airflow/example_dags/tutorial.py
[2025-06-12T18:52:58.432+0000] {logging_mixin.py:188} INFO - [2025-06-12T18:52:58.432+0000] {dag.py:3036} INFO - Sync 1 DAGs
[2025-06-12T18:52:58.470+0000] {logging_mixin.py:188} INFO - [2025-06-12T18:52:58.470+0000] {dag.py:3823} INFO - Setting next_dagrun for tutorial to 2025-06-11 00:00:00+00:00, run_after=2025-06-12 00:00:00+00:00
[2025-06-12T18:52:58.510+0000] {processor.py:183} INFO - Processing /home/airflow/.local/lib/python3.8/site-packages/airflow/example_dags/tutorial.py took 0.145 seconds
[2025-06-12T18:53:29.026+0000] {processor.py:161} INFO - Started process (PID=1488) to work on /home/airflow/.local/lib/python3.8/site-packages/airflow/example_dags/tutorial.py
[2025-06-12T18:53:29.029+0000] {processor.py:830} INFO - Processing file /home/airflow/.local/lib/python3.8/site-packages/airflow/example_dags/tutorial.py for tasks to queue
[2025-06-12T18:53:29.031+0000] {logging_mixin.py:188} INFO - [2025-06-12T18:53:29.030+0000] {dagbag.py:538} INFO - Filling up the DagBag from /home/airflow/.local/lib/python3.8/site-packages/airflow/example_dags/tutorial.py
[2025-06-12T18:53:29.045+0000] {processor.py:840} INFO - DAG(s) 'tutorial' retrieved from /home/airflow/.local/lib/python3.8/site-packages/airflow/example_dags/tutorial.py
[2025-06-12T18:53:29.094+0000] {logging_mixin.py:188} INFO - [2025-06-12T18:53:29.093+0000] {dag.py:3036} INFO - Sync 1 DAGs
[2025-06-12T18:53:29.126+0000] {logging_mixin.py:188} INFO - [2025-06-12T18:53:29.125+0000] {dag.py:3823} INFO - Setting next_dagrun for tutorial to 2025-06-11 00:00:00+00:00, run_after=2025-06-12 00:00:00+00:00
[2025-06-12T18:53:29.166+0000] {processor.py:183} INFO - Processing /home/airflow/.local/lib/python3.8/site-packages/airflow/example_dags/tutorial.py took 0.145 seconds
[2025-06-12T18:54:00.233+0000] {processor.py:161} INFO - Started process (PID=1544) to work on /home/airflow/.local/lib/python3.8/site-packages/airflow/example_dags/tutorial.py
[2025-06-12T18:54:00.236+0000] {processor.py:830} INFO - Processing file /home/airflow/.local/lib/python3.8/site-packages/airflow/example_dags/tutorial.py for tasks to queue
[2025-06-12T18:54:00.238+0000] {logging_mixin.py:188} INFO - [2025-06-12T18:54:00.238+0000] {dagbag.py:538} INFO - Filling up the DagBag from /home/airflow/.local/lib/python3.8/site-packages/airflow/example_dags/tutorial.py
[2025-06-12T18:54:00.253+0000] {processor.py:840} INFO - DAG(s) 'tutorial' retrieved from /home/airflow/.local/lib/python3.8/site-packages/airflow/example_dags/tutorial.py
[2025-06-12T18:54:00.320+0000] {logging_mixin.py:188} INFO - [2025-06-12T18:54:00.319+0000] {dag.py:3036} INFO - Sync 1 DAGs
[2025-06-12T18:54:00.371+0000] {logging_mixin.py:188} INFO - [2025-06-12T18:54:00.371+0000] {dag.py:3823} INFO - Setting next_dagrun for tutorial to 2025-06-11 00:00:00+00:00, run_after=2025-06-12 00:00:00+00:00
[2025-06-12T18:54:00.409+0000] {processor.py:183} INFO - Processing /home/airflow/.local/lib/python3.8/site-packages/airflow/example_dags/tutorial.py took 0.182 seconds
[2025-06-12T18:54:31.254+0000] {processor.py:161} INFO - Started process (PID=1599) to work on /home/airflow/.local/lib/python3.8/site-packages/airflow/example_dags/tutorial.py
[2025-06-12T18:54:31.257+0000] {processor.py:830} INFO - Processing file /home/airflow/.local/lib/python3.8/site-packages/airflow/example_dags/tutorial.py for tasks to queue
[2025-06-12T18:54:31.259+0000] {logging_mixin.py:188} INFO - [2025-06-12T18:54:31.258+0000] {dagbag.py:538} INFO - Filling up the DagBag from /home/airflow/.local/lib/python3.8/site-packages/airflow/example_dags/tutorial.py
[2025-06-12T18:54:31.273+0000] {processor.py:840} INFO - DAG(s) 'tutorial' retrieved from /home/airflow/.local/lib/python3.8/site-packages/airflow/example_dags/tutorial.py
[2025-06-12T18:54:31.310+0000] {logging_mixin.py:188} INFO - [2025-06-12T18:54:31.310+0000] {dag.py:3036} INFO - Sync 1 DAGs
[2025-06-12T18:54:31.347+0000] {logging_mixin.py:188} INFO - [2025-06-12T18:54:31.347+0000] {dag.py:3823} INFO - Setting next_dagrun for tutorial to 2025-06-11 00:00:00+00:00, run_after=2025-06-12 00:00:00+00:00
[2025-06-12T18:54:31.381+0000] {processor.py:183} INFO - Processing /home/airflow/.local/lib/python3.8/site-packages/airflow/example_dags/tutorial.py took 0.133 seconds
[2025-06-12T18:55:02.545+0000] {processor.py:161} INFO - Started process (PID=1654) to work on /home/airflow/.local/lib/python3.8/site-packages/airflow/example_dags/tutorial.py
[2025-06-12T18:55:02.548+0000] {processor.py:830} INFO - Processing file /home/airflow/.local/lib/python3.8/site-packages/airflow/example_dags/tutorial.py for tasks to queue
[2025-06-12T18:55:02.551+0000] {logging_mixin.py:188} INFO - [2025-06-12T18:55:02.550+0000] {dagbag.py:538} INFO - Filling up the DagBag from /home/airflow/.local/lib/python3.8/site-packages/airflow/example_dags/tutorial.py
[2025-06-12T18:55:02.565+0000] {processor.py:840} INFO - DAG(s) 'tutorial' retrieved from /home/airflow/.local/lib/python3.8/site-packages/airflow/example_dags/tutorial.py
[2025-06-12T18:55:02.607+0000] {logging_mixin.py:188} INFO - [2025-06-12T18:55:02.607+0000] {dag.py:3036} INFO - Sync 1 DAGs
[2025-06-12T18:55:02.642+0000] {logging_mixin.py:188} INFO - [2025-06-12T18:55:02.642+0000] {dag.py:3823} INFO - Setting next_dagrun for tutorial to 2025-06-11 00:00:00+00:00, run_after=2025-06-12 00:00:00+00:00
[2025-06-12T18:55:02.678+0000] {processor.py:183} INFO - Processing /home/airflow/.local/lib/python3.8/site-packages/airflow/example_dags/tutorial.py took 0.139 seconds
[2025-06-12T18:55:33.614+0000] {processor.py:161} INFO - Started process (PID=1709) to work on /home/airflow/.local/lib/python3.8/site-packages/airflow/example_dags/tutorial.py
[2025-06-12T18:55:33.616+0000] {processor.py:830} INFO - Processing file /home/airflow/.local/lib/python3.8/site-packages/airflow/example_dags/tutorial.py for tasks to queue
[2025-06-12T18:55:33.618+0000] {logging_mixin.py:188} INFO - [2025-06-12T18:55:33.617+0000] {dagbag.py:538} INFO - Filling up the DagBag from /home/airflow/.local/lib/python3.8/site-packages/airflow/example_dags/tutorial.py
[2025-06-12T18:55:33.629+0000] {processor.py:840} INFO - DAG(s) 'tutorial' retrieved from /home/airflow/.local/lib/python3.8/site-packages/airflow/example_dags/tutorial.py
[2025-06-12T18:55:33.677+0000] {logging_mixin.py:188} INFO - [2025-06-12T18:55:33.677+0000] {dag.py:3036} INFO - Sync 1 DAGs
[2025-06-12T18:55:33.718+0000] {logging_mixin.py:188} INFO - [2025-06-12T18:55:33.718+0000] {dag.py:3823} INFO - Setting next_dagrun for tutorial to 2025-06-11 00:00:00+00:00, run_after=2025-06-12 00:00:00+00:00
[2025-06-12T18:55:33.756+0000] {processor.py:183} INFO - Processing /home/airflow/.local/lib/python3.8/site-packages/airflow/example_dags/tutorial.py took 0.148 seconds
[2025-06-12T18:56:04.730+0000] {processor.py:161} INFO - Started process (PID=1764) to work on /home/airflow/.local/lib/python3.8/site-packages/airflow/example_dags/tutorial.py
[2025-06-12T18:56:04.732+0000] {processor.py:830} INFO - Processing file /home/airflow/.local/lib/python3.8/site-packages/airflow/example_dags/tutorial.py for tasks to queue
[2025-06-12T18:56:04.734+0000] {logging_mixin.py:188} INFO - [2025-06-12T18:56:04.734+0000] {dagbag.py:538} INFO - Filling up the DagBag from /home/airflow/.local/lib/python3.8/site-packages/airflow/example_dags/tutorial.py
[2025-06-12T18:56:04.747+0000] {processor.py:840} INFO - DAG(s) 'tutorial' retrieved from /home/airflow/.local/lib/python3.8/site-packages/airflow/example_dags/tutorial.py
[2025-06-12T18:56:04.786+0000] {logging_mixin.py:188} INFO - [2025-06-12T18:56:04.785+0000] {dag.py:3036} INFO - Sync 1 DAGs
[2025-06-12T18:56:04.833+0000] {logging_mixin.py:188} INFO - [2025-06-12T18:56:04.832+0000] {dag.py:3823} INFO - Setting next_dagrun for tutorial to 2025-06-11 00:00:00+00:00, run_after=2025-06-12 00:00:00+00:00
[2025-06-12T18:56:04.868+0000] {processor.py:183} INFO - Processing /home/airflow/.local/lib/python3.8/site-packages/airflow/example_dags/tutorial.py took 0.145 seconds
[2025-06-12T18:56:35.232+0000] {processor.py:161} INFO - Started process (PID=1818) to work on /home/airflow/.local/lib/python3.8/site-packages/airflow/example_dags/tutorial.py
[2025-06-12T18:56:35.234+0000] {processor.py:830} INFO - Processing file /home/airflow/.local/lib/python3.8/site-packages/airflow/example_dags/tutorial.py for tasks to queue
[2025-06-12T18:56:35.236+0000] {logging_mixin.py:188} INFO - [2025-06-12T18:56:35.235+0000] {dagbag.py:538} INFO - Filling up the DagBag from /home/airflow/.local/lib/python3.8/site-packages/airflow/example_dags/tutorial.py
[2025-06-12T18:56:35.248+0000] {processor.py:840} INFO - DAG(s) 'tutorial' retrieved from /home/airflow/.local/lib/python3.8/site-packages/airflow/example_dags/tutorial.py
[2025-06-12T18:56:35.288+0000] {logging_mixin.py:188} INFO - [2025-06-12T18:56:35.288+0000] {dag.py:3036} INFO - Sync 1 DAGs
[2025-06-12T18:56:35.331+0000] {logging_mixin.py:188} INFO - [2025-06-12T18:56:35.331+0000] {dag.py:3823} INFO - Setting next_dagrun for tutorial to 2025-06-11 00:00:00+00:00, run_after=2025-06-12 00:00:00+00:00
[2025-06-12T18:56:35.369+0000] {processor.py:183} INFO - Processing /home/airflow/.local/lib/python3.8/site-packages/airflow/example_dags/tutorial.py took 0.142 seconds
[2025-06-12T18:57:05.788+0000] {processor.py:161} INFO - Started process (PID=1873) to work on /home/airflow/.local/lib/python3.8/site-packages/airflow/example_dags/tutorial.py
[2025-06-12T18:57:05.790+0000] {processor.py:830} INFO - Processing file /home/airflow/.local/lib/python3.8/site-packages/airflow/example_dags/tutorial.py for tasks to queue
[2025-06-12T18:57:05.793+0000] {logging_mixin.py:188} INFO - [2025-06-12T18:57:05.792+0000] {dagbag.py:538} INFO - Filling up the DagBag from /home/airflow/.local/lib/python3.8/site-packages/airflow/example_dags/tutorial.py
[2025-06-12T18:57:05.807+0000] {processor.py:840} INFO - DAG(s) 'tutorial' retrieved from /home/airflow/.local/lib/python3.8/site-packages/airflow/example_dags/tutorial.py
[2025-06-12T18:57:05.847+0000] {logging_mixin.py:188} INFO - [2025-06-12T18:57:05.846+0000] {dag.py:3036} INFO - Sync 1 DAGs
[2025-06-12T18:57:05.881+0000] {logging_mixin.py:188} INFO - [2025-06-12T18:57:05.881+0000] {dag.py:3823} INFO - Setting next_dagrun for tutorial to 2025-06-11 00:00:00+00:00, run_after=2025-06-12 00:00:00+00:00
[2025-06-12T18:57:05.914+0000] {processor.py:183} INFO - Processing /home/airflow/.local/lib/python3.8/site-packages/airflow/example_dags/tutorial.py took 0.132 seconds
[2025-06-12T18:57:44.150+0000] {processor.py:161} INFO - Started process (PID=1929) to work on /home/airflow/.local/lib/python3.8/site-packages/airflow/example_dags/tutorial.py
[2025-06-12T18:57:44.153+0000] {processor.py:830} INFO - Processing file /home/airflow/.local/lib/python3.8/site-packages/airflow/example_dags/tutorial.py for tasks to queue
[2025-06-12T18:57:44.155+0000] {logging_mixin.py:188} INFO - [2025-06-12T18:57:44.155+0000] {dagbag.py:538} INFO - Filling up the DagBag from /home/airflow/.local/lib/python3.8/site-packages/airflow/example_dags/tutorial.py
[2025-06-12T18:57:44.172+0000] {processor.py:840} INFO - DAG(s) 'tutorial' retrieved from /home/airflow/.local/lib/python3.8/site-packages/airflow/example_dags/tutorial.py
[2025-06-12T18:57:44.236+0000] {logging_mixin.py:188} INFO - [2025-06-12T18:57:44.235+0000] {dag.py:3036} INFO - Sync 1 DAGs
[2025-06-12T18:57:44.296+0000] {logging_mixin.py:188} INFO - [2025-06-12T18:57:44.295+0000] {dag.py:3823} INFO - Setting next_dagrun for tutorial to 2025-06-11 00:00:00+00:00, run_after=2025-06-12 00:00:00+00:00
[2025-06-12T18:57:44.357+0000] {processor.py:183} INFO - Processing /home/airflow/.local/lib/python3.8/site-packages/airflow/example_dags/tutorial.py took 0.216 seconds
[2025-06-12T18:58:15.043+0000] {processor.py:161} INFO - Started process (PID=1985) to work on /home/airflow/.local/lib/python3.8/site-packages/airflow/example_dags/tutorial.py
[2025-06-12T18:58:15.047+0000] {processor.py:830} INFO - Processing file /home/airflow/.local/lib/python3.8/site-packages/airflow/example_dags/tutorial.py for tasks to queue
[2025-06-12T18:58:15.051+0000] {logging_mixin.py:188} INFO - [2025-06-12T18:58:15.050+0000] {dagbag.py:538} INFO - Filling up the DagBag from /home/airflow/.local/lib/python3.8/site-packages/airflow/example_dags/tutorial.py
[2025-06-12T18:58:15.066+0000] {processor.py:840} INFO - DAG(s) 'tutorial' retrieved from /home/airflow/.local/lib/python3.8/site-packages/airflow/example_dags/tutorial.py
[2025-06-12T18:58:15.104+0000] {logging_mixin.py:188} INFO - [2025-06-12T18:58:15.104+0000] {dag.py:3036} INFO - Sync 1 DAGs
[2025-06-12T18:58:15.146+0000] {logging_mixin.py:188} INFO - [2025-06-12T18:58:15.146+0000] {dag.py:3823} INFO - Setting next_dagrun for tutorial to 2025-06-11 00:00:00+00:00, run_after=2025-06-12 00:00:00+00:00
[2025-06-12T18:58:15.195+0000] {processor.py:183} INFO - Processing /home/airflow/.local/lib/python3.8/site-packages/airflow/example_dags/tutorial.py took 0.159 seconds
[2025-06-12T18:58:45.687+0000] {processor.py:161} INFO - Started process (PID=2040) to work on /home/airflow/.local/lib/python3.8/site-packages/airflow/example_dags/tutorial.py
[2025-06-12T18:58:45.689+0000] {processor.py:830} INFO - Processing file /home/airflow/.local/lib/python3.8/site-packages/airflow/example_dags/tutorial.py for tasks to queue
[2025-06-12T18:58:45.694+0000] {logging_mixin.py:188} INFO - [2025-06-12T18:58:45.692+0000] {dagbag.py:538} INFO - Filling up the DagBag from /home/airflow/.local/lib/python3.8/site-packages/airflow/example_dags/tutorial.py
[2025-06-12T18:58:45.720+0000] {processor.py:840} INFO - DAG(s) 'tutorial' retrieved from /home/airflow/.local/lib/python3.8/site-packages/airflow/example_dags/tutorial.py
[2025-06-12T18:58:45.785+0000] {logging_mixin.py:188} INFO - [2025-06-12T18:58:45.784+0000] {dag.py:3036} INFO - Sync 1 DAGs
[2025-06-12T18:58:45.834+0000] {logging_mixin.py:188} INFO - [2025-06-12T18:58:45.834+0000] {dag.py:3823} INFO - Setting next_dagrun for tutorial to 2025-06-11 00:00:00+00:00, run_after=2025-06-12 00:00:00+00:00
[2025-06-12T18:58:45.882+0000] {processor.py:183} INFO - Processing /home/airflow/.local/lib/python3.8/site-packages/airflow/example_dags/tutorial.py took 0.203 seconds
[2025-06-12T18:59:19.165+0000] {processor.py:161} INFO - Started process (PID=2101) to work on /home/airflow/.local/lib/python3.8/site-packages/airflow/example_dags/tutorial.py
[2025-06-12T18:59:19.168+0000] {processor.py:830} INFO - Processing file /home/airflow/.local/lib/python3.8/site-packages/airflow/example_dags/tutorial.py for tasks to queue
[2025-06-12T18:59:19.172+0000] {logging_mixin.py:188} INFO - [2025-06-12T18:59:19.171+0000] {dagbag.py:538} INFO - Filling up the DagBag from /home/airflow/.local/lib/python3.8/site-packages/airflow/example_dags/tutorial.py
[2025-06-12T18:59:19.193+0000] {processor.py:840} INFO - DAG(s) 'tutorial' retrieved from /home/airflow/.local/lib/python3.8/site-packages/airflow/example_dags/tutorial.py
[2025-06-12T18:59:19.254+0000] {logging_mixin.py:188} INFO - [2025-06-12T18:59:19.254+0000] {dag.py:3036} INFO - Sync 1 DAGs
[2025-06-12T18:59:19.317+0000] {logging_mixin.py:188} INFO - [2025-06-12T18:59:19.317+0000] {dag.py:3823} INFO - Setting next_dagrun for tutorial to 2025-06-11 00:00:00+00:00, run_after=2025-06-12 00:00:00+00:00
[2025-06-12T18:59:19.376+0000] {processor.py:183} INFO - Processing /home/airflow/.local/lib/python3.8/site-packages/airflow/example_dags/tutorial.py took 0.222 seconds
[2025-06-12T18:59:51.576+0000] {processor.py:161} INFO - Started process (PID=2156) to work on /home/airflow/.local/lib/python3.8/site-packages/airflow/example_dags/tutorial.py
[2025-06-12T18:59:51.579+0000] {processor.py:830} INFO - Processing file /home/airflow/.local/lib/python3.8/site-packages/airflow/example_dags/tutorial.py for tasks to queue
[2025-06-12T18:59:51.583+0000] {logging_mixin.py:188} INFO - [2025-06-12T18:59:51.582+0000] {dagbag.py:538} INFO - Filling up the DagBag from /home/airflow/.local/lib/python3.8/site-packages/airflow/example_dags/tutorial.py
[2025-06-12T18:59:51.606+0000] {processor.py:840} INFO - DAG(s) 'tutorial' retrieved from /home/airflow/.local/lib/python3.8/site-packages/airflow/example_dags/tutorial.py
[2025-06-12T18:59:51.670+0000] {logging_mixin.py:188} INFO - [2025-06-12T18:59:51.669+0000] {dag.py:3036} INFO - Sync 1 DAGs
[2025-06-12T18:59:51.741+0000] {logging_mixin.py:188} INFO - [2025-06-12T18:59:51.741+0000] {dag.py:3823} INFO - Setting next_dagrun for tutorial to 2025-06-11 00:00:00+00:00, run_after=2025-06-12 00:00:00+00:00
[2025-06-12T18:59:51.794+0000] {processor.py:183} INFO - Processing /home/airflow/.local/lib/python3.8/site-packages/airflow/example_dags/tutorial.py took 0.228 seconds
[2025-06-12T19:00:22.869+0000] {processor.py:161} INFO - Started process (PID=2212) to work on /home/airflow/.local/lib/python3.8/site-packages/airflow/example_dags/tutorial.py
[2025-06-12T19:00:22.873+0000] {processor.py:830} INFO - Processing file /home/airflow/.local/lib/python3.8/site-packages/airflow/example_dags/tutorial.py for tasks to queue
[2025-06-12T19:00:22.876+0000] {logging_mixin.py:188} INFO - [2025-06-12T19:00:22.875+0000] {dagbag.py:538} INFO - Filling up the DagBag from /home/airflow/.local/lib/python3.8/site-packages/airflow/example_dags/tutorial.py
[2025-06-12T19:00:22.894+0000] {processor.py:840} INFO - DAG(s) 'tutorial' retrieved from /home/airflow/.local/lib/python3.8/site-packages/airflow/example_dags/tutorial.py
[2025-06-12T19:00:22.959+0000] {logging_mixin.py:188} INFO - [2025-06-12T19:00:22.959+0000] {dag.py:3036} INFO - Sync 1 DAGs
[2025-06-12T19:00:23.018+0000] {logging_mixin.py:188} INFO - [2025-06-12T19:00:23.017+0000] {dag.py:3823} INFO - Setting next_dagrun for tutorial to 2025-06-11 00:00:00+00:00, run_after=2025-06-12 00:00:00+00:00
[2025-06-12T19:00:23.071+0000] {processor.py:183} INFO - Processing /home/airflow/.local/lib/python3.8/site-packages/airflow/example_dags/tutorial.py took 0.211 seconds
[2025-06-12T19:00:55.434+0000] {processor.py:161} INFO - Started process (PID=2267) to work on /home/airflow/.local/lib/python3.8/site-packages/airflow/example_dags/tutorial.py
[2025-06-12T19:00:55.438+0000] {processor.py:830} INFO - Processing file /home/airflow/.local/lib/python3.8/site-packages/airflow/example_dags/tutorial.py for tasks to queue
[2025-06-12T19:00:55.442+0000] {logging_mixin.py:188} INFO - [2025-06-12T19:00:55.441+0000] {dagbag.py:538} INFO - Filling up the DagBag from /home/airflow/.local/lib/python3.8/site-packages/airflow/example_dags/tutorial.py
[2025-06-12T19:00:55.467+0000] {processor.py:840} INFO - DAG(s) 'tutorial' retrieved from /home/airflow/.local/lib/python3.8/site-packages/airflow/example_dags/tutorial.py
[2025-06-12T19:00:55.552+0000] {logging_mixin.py:188} INFO - [2025-06-12T19:00:55.550+0000] {dag.py:3036} INFO - Sync 1 DAGs
[2025-06-12T19:00:55.635+0000] {logging_mixin.py:188} INFO - [2025-06-12T19:00:55.635+0000] {dag.py:3823} INFO - Setting next_dagrun for tutorial to 2025-06-11 00:00:00+00:00, run_after=2025-06-12 00:00:00+00:00
[2025-06-12T19:00:55.713+0000] {processor.py:183} INFO - Processing /home/airflow/.local/lib/python3.8/site-packages/airflow/example_dags/tutorial.py took 0.297 seconds
[2025-06-12T19:01:27.188+0000] {processor.py:161} INFO - Started process (PID=2322) to work on /home/airflow/.local/lib/python3.8/site-packages/airflow/example_dags/tutorial.py
[2025-06-12T19:01:27.192+0000] {processor.py:830} INFO - Processing file /home/airflow/.local/lib/python3.8/site-packages/airflow/example_dags/tutorial.py for tasks to queue
[2025-06-12T19:01:27.196+0000] {logging_mixin.py:188} INFO - [2025-06-12T19:01:27.194+0000] {dagbag.py:538} INFO - Filling up the DagBag from /home/airflow/.local/lib/python3.8/site-packages/airflow/example_dags/tutorial.py
[2025-06-12T19:01:27.221+0000] {processor.py:840} INFO - DAG(s) 'tutorial' retrieved from /home/airflow/.local/lib/python3.8/site-packages/airflow/example_dags/tutorial.py
[2025-06-12T19:01:27.287+0000] {logging_mixin.py:188} INFO - [2025-06-12T19:01:27.287+0000] {dag.py:3036} INFO - Sync 1 DAGs
[2025-06-12T19:01:27.341+0000] {logging_mixin.py:188} INFO - [2025-06-12T19:01:27.341+0000] {dag.py:3823} INFO - Setting next_dagrun for tutorial to 2025-06-11 00:00:00+00:00, run_after=2025-06-12 00:00:00+00:00
[2025-06-12T19:01:27.778+0000] {processor.py:183} INFO - Processing /home/airflow/.local/lib/python3.8/site-packages/airflow/example_dags/tutorial.py took 0.603 seconds
[2025-06-12T19:01:58.768+0000] {processor.py:161} INFO - Started process (PID=2376) to work on /home/airflow/.local/lib/python3.8/site-packages/airflow/example_dags/tutorial.py
[2025-06-12T19:01:58.772+0000] {processor.py:830} INFO - Processing file /home/airflow/.local/lib/python3.8/site-packages/airflow/example_dags/tutorial.py for tasks to queue
[2025-06-12T19:01:58.775+0000] {logging_mixin.py:188} INFO - [2025-06-12T19:01:58.774+0000] {dagbag.py:538} INFO - Filling up the DagBag from /home/airflow/.local/lib/python3.8/site-packages/airflow/example_dags/tutorial.py
[2025-06-12T19:01:58.800+0000] {processor.py:840} INFO - DAG(s) 'tutorial' retrieved from /home/airflow/.local/lib/python3.8/site-packages/airflow/example_dags/tutorial.py
[2025-06-12T19:01:58.871+0000] {logging_mixin.py:188} INFO - [2025-06-12T19:01:58.870+0000] {dag.py:3036} INFO - Sync 1 DAGs
[2025-06-12T19:01:58.928+0000] {logging_mixin.py:188} INFO - [2025-06-12T19:01:58.928+0000] {dag.py:3823} INFO - Setting next_dagrun for tutorial to 2025-06-11 00:00:00+00:00, run_after=2025-06-12 00:00:00+00:00
[2025-06-12T19:01:59.017+0000] {processor.py:183} INFO - Processing /home/airflow/.local/lib/python3.8/site-packages/airflow/example_dags/tutorial.py took 0.262 seconds
[2025-06-12T19:02:29.586+0000] {processor.py:161} INFO - Started process (PID=2431) to work on /home/airflow/.local/lib/python3.8/site-packages/airflow/example_dags/tutorial.py
[2025-06-12T19:02:29.590+0000] {processor.py:830} INFO - Processing file /home/airflow/.local/lib/python3.8/site-packages/airflow/example_dags/tutorial.py for tasks to queue
[2025-06-12T19:02:29.595+0000] {logging_mixin.py:188} INFO - [2025-06-12T19:02:29.594+0000] {dagbag.py:538} INFO - Filling up the DagBag from /home/airflow/.local/lib/python3.8/site-packages/airflow/example_dags/tutorial.py
[2025-06-12T19:02:29.622+0000] {processor.py:840} INFO - DAG(s) 'tutorial' retrieved from /home/airflow/.local/lib/python3.8/site-packages/airflow/example_dags/tutorial.py
[2025-06-12T19:02:29.704+0000] {logging_mixin.py:188} INFO - [2025-06-12T19:02:29.704+0000] {dag.py:3036} INFO - Sync 1 DAGs
[2025-06-12T19:02:29.777+0000] {logging_mixin.py:188} INFO - [2025-06-12T19:02:29.777+0000] {dag.py:3823} INFO - Setting next_dagrun for tutorial to 2025-06-11 00:00:00+00:00, run_after=2025-06-12 00:00:00+00:00
[2025-06-12T19:02:29.836+0000] {processor.py:183} INFO - Processing /home/airflow/.local/lib/python3.8/site-packages/airflow/example_dags/tutorial.py took 0.262 seconds
[2025-06-12T19:03:00.344+0000] {processor.py:161} INFO - Started process (PID=2486) to work on /home/airflow/.local/lib/python3.8/site-packages/airflow/example_dags/tutorial.py
[2025-06-12T19:03:00.348+0000] {processor.py:830} INFO - Processing file /home/airflow/.local/lib/python3.8/site-packages/airflow/example_dags/tutorial.py for tasks to queue
[2025-06-12T19:03:00.352+0000] {logging_mixin.py:188} INFO - [2025-06-12T19:03:00.351+0000] {dagbag.py:538} INFO - Filling up the DagBag from /home/airflow/.local/lib/python3.8/site-packages/airflow/example_dags/tutorial.py
[2025-06-12T19:03:00.376+0000] {processor.py:840} INFO - DAG(s) 'tutorial' retrieved from /home/airflow/.local/lib/python3.8/site-packages/airflow/example_dags/tutorial.py
[2025-06-12T19:03:00.482+0000] {logging_mixin.py:188} INFO - [2025-06-12T19:03:00.481+0000] {dag.py:3036} INFO - Sync 1 DAGs
[2025-06-12T19:03:00.554+0000] {logging_mixin.py:188} INFO - [2025-06-12T19:03:00.553+0000] {dag.py:3823} INFO - Setting next_dagrun for tutorial to 2025-06-11 00:00:00+00:00, run_after=2025-06-12 00:00:00+00:00
[2025-06-12T19:03:00.612+0000] {processor.py:183} INFO - Processing /home/airflow/.local/lib/python3.8/site-packages/airflow/example_dags/tutorial.py took 0.278 seconds
[2025-06-12T19:03:30.936+0000] {processor.py:161} INFO - Started process (PID=2541) to work on /home/airflow/.local/lib/python3.8/site-packages/airflow/example_dags/tutorial.py
[2025-06-12T19:03:30.940+0000] {processor.py:830} INFO - Processing file /home/airflow/.local/lib/python3.8/site-packages/airflow/example_dags/tutorial.py for tasks to queue
[2025-06-12T19:03:30.943+0000] {logging_mixin.py:188} INFO - [2025-06-12T19:03:30.942+0000] {dagbag.py:538} INFO - Filling up the DagBag from /home/airflow/.local/lib/python3.8/site-packages/airflow/example_dags/tutorial.py
[2025-06-12T19:03:30.972+0000] {processor.py:840} INFO - DAG(s) 'tutorial' retrieved from /home/airflow/.local/lib/python3.8/site-packages/airflow/example_dags/tutorial.py
[2025-06-12T19:03:31.032+0000] {logging_mixin.py:188} INFO - [2025-06-12T19:03:31.031+0000] {dag.py:3036} INFO - Sync 1 DAGs
[2025-06-12T19:03:31.090+0000] {logging_mixin.py:188} INFO - [2025-06-12T19:03:31.089+0000] {dag.py:3823} INFO - Setting next_dagrun for tutorial to 2025-06-11 00:00:00+00:00, run_after=2025-06-12 00:00:00+00:00
[2025-06-12T19:03:31.145+0000] {processor.py:183} INFO - Processing /home/airflow/.local/lib/python3.8/site-packages/airflow/example_dags/tutorial.py took 0.218 seconds
[2025-06-12T19:04:01.530+0000] {processor.py:161} INFO - Started process (PID=2596) to work on /home/airflow/.local/lib/python3.8/site-packages/airflow/example_dags/tutorial.py
[2025-06-12T19:04:01.534+0000] {processor.py:830} INFO - Processing file /home/airflow/.local/lib/python3.8/site-packages/airflow/example_dags/tutorial.py for tasks to queue
[2025-06-12T19:04:01.538+0000] {logging_mixin.py:188} INFO - [2025-06-12T19:04:01.537+0000] {dagbag.py:538} INFO - Filling up the DagBag from /home/airflow/.local/lib/python3.8/site-packages/airflow/example_dags/tutorial.py
[2025-06-12T19:04:01.562+0000] {processor.py:840} INFO - DAG(s) 'tutorial' retrieved from /home/airflow/.local/lib/python3.8/site-packages/airflow/example_dags/tutorial.py
[2025-06-12T19:04:01.618+0000] {logging_mixin.py:188} INFO - [2025-06-12T19:04:01.618+0000] {dag.py:3036} INFO - Sync 1 DAGs
[2025-06-12T19:04:01.671+0000] {logging_mixin.py:188} INFO - [2025-06-12T19:04:01.671+0000] {dag.py:3823} INFO - Setting next_dagrun for tutorial to 2025-06-11 00:00:00+00:00, run_after=2025-06-12 00:00:00+00:00
[2025-06-12T19:04:02.070+0000] {processor.py:183} INFO - Processing /home/airflow/.local/lib/python3.8/site-packages/airflow/example_dags/tutorial.py took 0.551 seconds
[2025-06-12T19:04:32.841+0000] {processor.py:161} INFO - Started process (PID=2652) to work on /home/airflow/.local/lib/python3.8/site-packages/airflow/example_dags/tutorial.py
[2025-06-12T19:04:32.845+0000] {processor.py:830} INFO - Processing file /home/airflow/.local/lib/python3.8/site-packages/airflow/example_dags/tutorial.py for tasks to queue
[2025-06-12T19:04:32.848+0000] {logging_mixin.py:188} INFO - [2025-06-12T19:04:32.847+0000] {dagbag.py:538} INFO - Filling up the DagBag from /home/airflow/.local/lib/python3.8/site-packages/airflow/example_dags/tutorial.py
[2025-06-12T19:04:32.870+0000] {processor.py:840} INFO - DAG(s) 'tutorial' retrieved from /home/airflow/.local/lib/python3.8/site-packages/airflow/example_dags/tutorial.py
[2025-06-12T19:04:32.929+0000] {logging_mixin.py:188} INFO - [2025-06-12T19:04:32.925+0000] {dag.py:3036} INFO - Sync 1 DAGs
[2025-06-12T19:04:32.991+0000] {logging_mixin.py:188} INFO - [2025-06-12T19:04:32.990+0000] {dag.py:3823} INFO - Setting next_dagrun for tutorial to 2025-06-11 00:00:00+00:00, run_after=2025-06-12 00:00:00+00:00
[2025-06-12T19:04:33.055+0000] {processor.py:183} INFO - Processing /home/airflow/.local/lib/python3.8/site-packages/airflow/example_dags/tutorial.py took 0.225 seconds
[2025-06-12T19:05:03.885+0000] {processor.py:161} INFO - Started process (PID=2708) to work on /home/airflow/.local/lib/python3.8/site-packages/airflow/example_dags/tutorial.py
[2025-06-12T19:05:03.890+0000] {processor.py:830} INFO - Processing file /home/airflow/.local/lib/python3.8/site-packages/airflow/example_dags/tutorial.py for tasks to queue
[2025-06-12T19:05:03.893+0000] {logging_mixin.py:188} INFO - [2025-06-12T19:05:03.892+0000] {dagbag.py:538} INFO - Filling up the DagBag from /home/airflow/.local/lib/python3.8/site-packages/airflow/example_dags/tutorial.py
[2025-06-12T19:05:03.918+0000] {processor.py:840} INFO - DAG(s) 'tutorial' retrieved from /home/airflow/.local/lib/python3.8/site-packages/airflow/example_dags/tutorial.py
[2025-06-12T19:05:03.982+0000] {logging_mixin.py:188} INFO - [2025-06-12T19:05:03.982+0000] {dag.py:3036} INFO - Sync 1 DAGs
[2025-06-12T19:05:04.037+0000] {logging_mixin.py:188} INFO - [2025-06-12T19:05:04.037+0000] {dag.py:3823} INFO - Setting next_dagrun for tutorial to 2025-06-11 00:00:00+00:00, run_after=2025-06-12 00:00:00+00:00
[2025-06-12T19:05:04.091+0000] {processor.py:183} INFO - Processing /home/airflow/.local/lib/python3.8/site-packages/airflow/example_dags/tutorial.py took 0.219 seconds
[2025-06-12T19:05:34.399+0000] {processor.py:161} INFO - Started process (PID=2763) to work on /home/airflow/.local/lib/python3.8/site-packages/airflow/example_dags/tutorial.py
[2025-06-12T19:05:34.403+0000] {processor.py:830} INFO - Processing file /home/airflow/.local/lib/python3.8/site-packages/airflow/example_dags/tutorial.py for tasks to queue
[2025-06-12T19:05:34.407+0000] {logging_mixin.py:188} INFO - [2025-06-12T19:05:34.406+0000] {dagbag.py:538} INFO - Filling up the DagBag from /home/airflow/.local/lib/python3.8/site-packages/airflow/example_dags/tutorial.py
[2025-06-12T19:05:34.431+0000] {processor.py:840} INFO - DAG(s) 'tutorial' retrieved from /home/airflow/.local/lib/python3.8/site-packages/airflow/example_dags/tutorial.py
[2025-06-12T19:05:34.495+0000] {logging_mixin.py:188} INFO - [2025-06-12T19:05:34.495+0000] {dag.py:3036} INFO - Sync 1 DAGs
[2025-06-12T19:05:34.549+0000] {logging_mixin.py:188} INFO - [2025-06-12T19:05:34.548+0000] {dag.py:3823} INFO - Setting next_dagrun for tutorial to 2025-06-11 00:00:00+00:00, run_after=2025-06-12 00:00:00+00:00
[2025-06-12T19:05:34.599+0000] {processor.py:183} INFO - Processing /home/airflow/.local/lib/python3.8/site-packages/airflow/example_dags/tutorial.py took 0.210 seconds
[2025-06-12T19:06:05.530+0000] {processor.py:161} INFO - Started process (PID=2818) to work on /home/airflow/.local/lib/python3.8/site-packages/airflow/example_dags/tutorial.py
[2025-06-12T19:06:05.534+0000] {processor.py:830} INFO - Processing file /home/airflow/.local/lib/python3.8/site-packages/airflow/example_dags/tutorial.py for tasks to queue
[2025-06-12T19:06:05.538+0000] {logging_mixin.py:188} INFO - [2025-06-12T19:06:05.537+0000] {dagbag.py:538} INFO - Filling up the DagBag from /home/airflow/.local/lib/python3.8/site-packages/airflow/example_dags/tutorial.py
[2025-06-12T19:06:05.557+0000] {processor.py:840} INFO - DAG(s) 'tutorial' retrieved from /home/airflow/.local/lib/python3.8/site-packages/airflow/example_dags/tutorial.py
[2025-06-12T19:06:05.948+0000] {logging_mixin.py:188} INFO - [2025-06-12T19:06:05.947+0000] {dag.py:3036} INFO - Sync 1 DAGs
[2025-06-12T19:06:05.990+0000] {logging_mixin.py:188} INFO - [2025-06-12T19:06:05.989+0000] {dag.py:3823} INFO - Setting next_dagrun for tutorial to 2025-06-11 00:00:00+00:00, run_after=2025-06-12 00:00:00+00:00
[2025-06-12T19:06:06.039+0000] {processor.py:183} INFO - Processing /home/airflow/.local/lib/python3.8/site-packages/airflow/example_dags/tutorial.py took 0.519 seconds
[2025-06-12T19:06:37.484+0000] {processor.py:161} INFO - Started process (PID=2874) to work on /home/airflow/.local/lib/python3.8/site-packages/airflow/example_dags/tutorial.py
[2025-06-12T19:06:37.487+0000] {processor.py:830} INFO - Processing file /home/airflow/.local/lib/python3.8/site-packages/airflow/example_dags/tutorial.py for tasks to queue
[2025-06-12T19:06:37.491+0000] {logging_mixin.py:188} INFO - [2025-06-12T19:06:37.490+0000] {dagbag.py:538} INFO - Filling up the DagBag from /home/airflow/.local/lib/python3.8/site-packages/airflow/example_dags/tutorial.py
[2025-06-12T19:06:37.511+0000] {processor.py:840} INFO - DAG(s) 'tutorial' retrieved from /home/airflow/.local/lib/python3.8/site-packages/airflow/example_dags/tutorial.py
[2025-06-12T19:06:37.570+0000] {logging_mixin.py:188} INFO - [2025-06-12T19:06:37.570+0000] {dag.py:3036} INFO - Sync 1 DAGs
[2025-06-12T19:06:37.954+0000] {logging_mixin.py:188} INFO - [2025-06-12T19:06:37.954+0000] {dag.py:3823} INFO - Setting next_dagrun for tutorial to 2025-06-11 00:00:00+00:00, run_after=2025-06-12 00:00:00+00:00
[2025-06-12T19:06:37.998+0000] {processor.py:183} INFO - Processing /home/airflow/.local/lib/python3.8/site-packages/airflow/example_dags/tutorial.py took 0.528 seconds
